<?xml version="1.0" encoding="UTF-8"?>
<testsuite xmlns:xsi="http://www.w3.org/2001/XMLSchema-instance" xsi:noNamespaceSchemaLocation="https://maven.apache.org/surefire/maven-surefire-plugin/xsd/surefire-test-report.xsd" name="org.zlogic.vogon.web.TransactionsControllerWriteTest" time="58.943" tests="14" errors="14" skipped="0" failures="0">
  <properties>
    <property name="java.runtime.name" value="Java(TM) SE Runtime Environment"/>
    <property name="sun.boot.library.path" value="C:\Program Files\Java\jdk1.8.0_191\jre\bin"/>
    <property name="java.vm.version" value="25.191-b12"/>
    <property name="java.vm.vendor" value="Oracle Corporation"/>
    <property name="maven.multiModuleProjectDirectory" value="C:\Program Files (x86)\Jenkins\workspace\Maven_project"/>
    <property name="java.vendor.url" value="http://java.oracle.com/"/>
    <property name="path.separator" value=";"/>
    <property name="guice.disable.misplaced.annotation.check" value="true"/>
    <property name="java.vm.name" value="Java HotSpot(TM) 64-Bit Server VM"/>
    <property name="file.encoding.pkg" value="sun.io"/>
    <property name="user.script" value=""/>
    <property name="user.country" value="IN"/>
    <property name="sun.java.launcher" value="SUN_STANDARD"/>
    <property name="sun.os.patch.level" value=""/>
    <property name="java.vm.specification.name" value="Java Virtual Machine Specification"/>
    <property name="user.dir" value="C:\Program Files (x86)\Jenkins\workspace\Maven_project"/>
    <property name="java.runtime.version" value="1.8.0_191-b12"/>
    <property name="java.awt.graphicsenv" value="sun.awt.Win32GraphicsEnvironment"/>
    <property name="java.endorsed.dirs" value="C:\Program Files\Java\jdk1.8.0_191\jre\lib\endorsed"/>
    <property name="os.arch" value="amd64"/>
    <property name="java.io.tmpdir" value="C:\WINDOWS\TEMP\"/>
    <property name="line.separator" value="&#10;"/>
    <property name="java.vm.specification.vendor" value="Oracle Corporation"/>
    <property name="user.variant" value=""/>
    <property name="os.name" value="Windows 10"/>
    <property name="classworlds.conf" value="C:\apache-maven-3.5.4\bin\..\bin\m2.conf"/>
    <property name="sun.jnu.encoding" value="Cp1252"/>
    <property name="java.library.path" value="C:\Program Files\Java\jdk1.8.0_191\bin;C:\WINDOWS\Sun\Java\bin;C:\WINDOWS\system32;C:\WINDOWS;C:\apache-maven-3.5.4/bin;C:\Program Files\Java\jdk1.8.0_191/bin;C:\Program Files\Java\jdk1.8.0_191/bin;C:\Program Files\Java\jdk1.7.0_79\bin;C:\WINDOWSsystem32;C:\WINDOWS;C:\WINDOWS\system32;C:\WINDOWS\system32\config\systemprofile\AppData\Local\Microsoft\WindowsApps;."/>
    <property name="maven.conf" value="C:\apache-maven-3.5.4\bin\../conf"/>
    <property name="java.specification.name" value="Java Platform API Specification"/>
    <property name="java.class.version" value="52.0"/>
    <property name="sun.management.compiler" value="HotSpot 64-Bit Tiered Compilers"/>
    <property name="os.version" value="10.0"/>
    <property name="library.jansi.path" value="C:\apache-maven-3.5.4\bin\..\lib\jansi-native"/>
    <property name="user.home" value="C:\WINDOWS\system32\config\systemprofile"/>
    <property name="user.timezone" value="Asia/Calcutta"/>
    <property name="java.awt.printerjob" value="sun.awt.windows.WPrinterJob"/>
    <property name="java.specification.version" value="1.8"/>
    <property name="file.encoding" value="Cp1252"/>
    <property name="user.name" value="GOPAL$"/>
    <property name="java.class.path" value="C:\apache-maven-3.5.4\bin\..\boot\plexus-classworlds-2.5.2.jar"/>
    <property name="java.vm.specification.version" value="1.8"/>
    <property name="sun.arch.data.model" value="64"/>
    <property name="java.home" value="C:\Program Files\Java\jdk1.8.0_191\jre"/>
    <property name="sun.java.command" value="org.codehaus.plexus.classworlds.launcher.Launcher package"/>
    <property name="java.specification.vendor" value="Oracle Corporation"/>
    <property name="user.language" value="en"/>
    <property name="awt.toolkit" value="sun.awt.windows.WToolkit"/>
    <property name="java.vm.info" value="mixed mode"/>
    <property name="java.version" value="1.8.0_191"/>
    <property name="java.ext.dirs" value="C:\Program Files\Java\jdk1.8.0_191\jre\lib\ext;C:\WINDOWS\Sun\Java\lib\ext"/>
    <property name="sun.boot.class.path" value="C:\Program Files\Java\jdk1.8.0_191\jre\lib\resources.jar;C:\Program Files\Java\jdk1.8.0_191\jre\lib\rt.jar;C:\Program Files\Java\jdk1.8.0_191\jre\lib\sunrsasign.jar;C:\Program Files\Java\jdk1.8.0_191\jre\lib\jsse.jar;C:\Program Files\Java\jdk1.8.0_191\jre\lib\jce.jar;C:\Program Files\Java\jdk1.8.0_191\jre\lib\charsets.jar;C:\Program Files\Java\jdk1.8.0_191\jre\lib\jfr.jar;C:\Program Files\Java\jdk1.8.0_191\jre\classes"/>
    <property name="java.vendor" value="Oracle Corporation"/>
    <property name="maven.home" value="C:\apache-maven-3.5.4\bin\.."/>
    <property name="file.separator" value="\"/>
    <property name="java.vendor.url.bug" value="http://bugreport.sun.com/bugreport/"/>
    <property name="sun.cpu.endian" value="little"/>
    <property name="sun.io.unicode.encoding" value="UnicodeLittle"/>
    <property name="sun.desktop" value="windows"/>
    <property name="sun.cpu.isalist" value="amd64"/>
  </properties>
  <testcase name="testDeleteTransactionExistsConstraint" classname="org.zlogic.vogon.web.TransactionsControllerWriteTest" time="0">
    <error message="Failed to load ApplicationContext" type="java.lang.IllegalStateException">java.lang.IllegalStateException: Failed to load ApplicationContext
Caused by: org.springframework.boot.context.embedded.tomcat.ConnectorStartFailedException: Connector configured to listen on port 8080 failed to start
</error>
    <system-out><![CDATA[2018-12-22 13:23:24.667  INFO 11736 --- [           main] .b.t.c.SpringBootTestContextBootstrapper : Neither @ContextConfiguration nor @ContextHierarchy found for test class [org.zlogic.vogon.web.TransactionsControllerWriteTest], using SpringBootContextLoader
2018-12-22 13:23:24.683  INFO 11736 --- [           main] o.s.t.c.support.AbstractContextLoader    : Could not detect default resource locations for test class [org.zlogic.vogon.web.TransactionsControllerWriteTest]: no resource found for suffixes {-context.xml, Context.groovy}.
2018-12-22 13:23:24.683  INFO 11736 --- [           main] .b.t.c.SpringBootTestContextBootstrapper : Loaded default TestExecutionListener class names from location [META-INF/spring.factories]: [org.springframework.boot.test.mock.mockito.MockitoTestExecutionListener, org.springframework.boot.test.mock.mockito.ResetMocksTestExecutionListener, org.springframework.boot.test.autoconfigure.restdocs.RestDocsTestExecutionListener, org.springframework.boot.test.autoconfigure.web.client.MockRestServiceServerResetTestExecutionListener, org.springframework.boot.test.autoconfigure.web.servlet.MockMvcPrintOnlyOnFailureTestExecutionListener, org.springframework.boot.test.autoconfigure.web.servlet.WebDriverTestExecutionListener, org.springframework.test.context.web.ServletTestExecutionListener, org.springframework.test.context.support.DirtiesContextBeforeModesTestExecutionListener, org.springframework.test.context.support.DependencyInjectionTestExecutionListener, org.springframework.test.context.support.DirtiesContextTestExecutionListener, org.springframework.test.context.transaction.TransactionalTestExecutionListener, org.springframework.test.context.jdbc.SqlScriptsTestExecutionListener]
2018-12-22 13:23:24.683  INFO 11736 --- [           main] .b.t.c.SpringBootTestContextBootstrapper : Using TestExecutionListeners: [org.springframework.test.context.web.ServletTestExecutionListener@1689169b, org.springframework.test.context.support.DirtiesContextBeforeModesTestExecutionListener@400e9834, org.springframework.boot.test.autoconfigure.SpringBootDependencyInjectionTestExecutionListener@482cd077, org.springframework.test.context.support.DirtiesContextTestExecutionListener@53b3effb, org.springframework.test.context.transaction.TransactionalTestExecutionListener@dd006d8, org.springframework.test.context.jdbc.SqlScriptsTestExecutionListener@392be06e, org.springframework.boot.test.autoconfigure.restdocs.RestDocsTestExecutionListener@172a3054, org.springframework.boot.test.autoconfigure.web.servlet.MockMvcPrintOnlyOnFailureTestExecutionListener@5baac97d, org.springframework.boot.test.mock.mockito.MockitoTestExecutionListener@5641e216, org.springframework.boot.test.mock.mockito.ResetMocksTestExecutionListener@308f5020, org.springframework.boot.test.autoconfigure.web.client.MockRestServiceServerResetTestExecutionListener@76617ef5, org.springframework.boot.test.autoconfigure.web.servlet.WebDriverTestExecutionListener@7b8da065]

  .   ____          _            __ _ _
 /\\ / ___'_ __ _ _(_)_ __  __ _ \ \ \ \
( ( )\___ | '_ | '_| | '_ \/ _` | \ \ \ \
 \\/  ___)| |_)| | | | | || (_| |  ) ) ) )
  '  |____| .__|_| |_|_| |_\__, | / / / /
 =========|_|==============|___/=/_/_/_/
 :: Spring Boot ::        (v1.5.3.RELEASE)

2018-12-22 13:23:24.743  INFO 11736 --- [           main] o.z.v.w.TransactionsControllerWriteTest  : Starting TransactionsControllerWriteTest on GOPAL with PID 11736 (started by GOPAL$ in C:\Program Files (x86)\Jenkins\workspace\Maven_project\vogon-web)
2018-12-22 13:23:24.743  INFO 11736 --- [           main] o.z.v.w.TransactionsControllerWriteTest  : No active profile set, falling back to default profiles: default
2018-12-22 13:23:24.753  INFO 11736 --- [           main] ationConfigEmbeddedWebApplicationContext : Refreshing org.springframework.boot.context.embedded.AnnotationConfigEmbeddedWebApplicationContext@2fdf3061: startup date [Sat Dec 22 13:23:24 IST 2018]; root of context hierarchy
2018-12-22 13:23:25.096  INFO 11736 --- [           main] o.s.b.f.s.DefaultListableBeanFactory     : Overriding bean definition for bean 'entityManagerFactory' with a different definition: replacing [Root bean: class [null]; scope=; abstract=false; lazyInit=false; autowireMode=3; dependencyCheck=0; autowireCandidate=true; primary=false; factoryBeanName=persistenceConfiguration; factoryMethodName=entityManagerFactory; initMethodName=null; destroyMethodName=(inferred); defined in class path resource [org/zlogic/vogon/web/PersistenceConfiguration.class]] with [Root bean: class [null]; scope=; abstract=false; lazyInit=false; autowireMode=3; dependencyCheck=0; autowireCandidate=true; primary=false; factoryBeanName=databaseConfiguration; factoryMethodName=entityManagerFactory; initMethodName=null; destroyMethodName=(inferred); defined in org.zlogic.vogon.web.DatabaseConfiguration]
2018-12-22 13:23:25.316  INFO 11736 --- [           main] trationDelegate$BeanPostProcessorChecker : Bean 'org.springframework.security.config.annotation.configuration.ObjectPostProcessorConfiguration' of type [org.springframework.security.config.annotation.configuration.ObjectPostProcessorConfiguration$$EnhancerBySpringCGLIB$$be8c3acc] is not eligible for getting processed by all BeanPostProcessors (for example: not eligible for auto-proxying)
2018-12-22 13:23:25.319  INFO 11736 --- [           main] trationDelegate$BeanPostProcessorChecker : Bean 'objectPostProcessor' of type [org.springframework.security.config.annotation.configuration.AutowireBeanFactoryObjectPostProcessor] is not eligible for getting processed by all BeanPostProcessors (for example: not eligible for auto-proxying)
2018-12-22 13:23:25.320  INFO 11736 --- [           main] trationDelegate$BeanPostProcessorChecker : Bean 'org.springframework.security.access.expression.method.DefaultMethodSecurityExpressionHandler@44b73a6d' of type [org.springframework.security.oauth2.provider.expression.OAuth2MethodSecurityExpressionHandler] is not eligible for getting processed by all BeanPostProcessors (for example: not eligible for auto-proxying)
2018-12-22 13:23:25.327  INFO 11736 --- [           main] trationDelegate$BeanPostProcessorChecker : Bean 'org.springframework.security.config.annotation.method.configuration.GlobalMethodSecurityConfiguration' of type [org.springframework.security.config.annotation.method.configuration.GlobalMethodSecurityConfiguration$$EnhancerBySpringCGLIB$$e360dd7e] is not eligible for getting processed by all BeanPostProcessors (for example: not eligible for auto-proxying)
2018-12-22 13:23:25.330  INFO 11736 --- [           main] trationDelegate$BeanPostProcessorChecker : Bean 'methodSecurityMetadataSource' of type [org.springframework.security.access.method.DelegatingMethodSecurityMetadataSource] is not eligible for getting processed by all BeanPostProcessors (for example: not eligible for auto-proxying)
2018-12-22 13:23:25.337  INFO 11736 --- [           main] trationDelegate$BeanPostProcessorChecker : Bean 'org.springframework.transaction.annotation.ProxyTransactionManagementConfiguration' of type [org.springframework.transaction.annotation.ProxyTransactionManagementConfiguration$$EnhancerBySpringCGLIB$$25de7292] is not eligible for getting processed by all BeanPostProcessors (for example: not eligible for auto-proxying)
2018-12-22 13:23:25.354  INFO 11736 --- [           main] trationDelegate$BeanPostProcessorChecker : Bean 'security.oauth2.client-org.springframework.boot.autoconfigure.security.oauth2.OAuth2ClientProperties' of type [org.springframework.boot.autoconfigure.security.oauth2.OAuth2ClientProperties] is not eligible for getting processed by all BeanPostProcessors (for example: not eligible for auto-proxying)
2018-12-22 13:23:25.356  INFO 11736 --- [           main] trationDelegate$BeanPostProcessorChecker : Bean 'org.springframework.boot.autoconfigure.security.oauth2.OAuth2AutoConfiguration' of type [org.springframework.boot.autoconfigure.security.oauth2.OAuth2AutoConfiguration$$EnhancerBySpringCGLIB$$dd282e92] is not eligible for getting processed by all BeanPostProcessors (for example: not eligible for auto-proxying)
2018-12-22 13:23:25.361  INFO 11736 --- [           main] trationDelegate$BeanPostProcessorChecker : Bean 'resourceServerProperties' of type [org.springframework.boot.autoconfigure.security.oauth2.resource.ResourceServerProperties] is not eligible for getting processed by all BeanPostProcessors (for example: not eligible for auto-proxying)
2018-12-22 13:23:25.403  INFO 11736 --- [           main] org.zlogic.vogon.web.TomcatConfigurer    : Using keystore C:\Program Files (x86)\Jenkins\workspace\Maven_project\vogon-web\target/vogonweb.keystore with password ********
2018-12-22 13:23:25.412  INFO 11736 --- [           main] s.b.c.e.t.TomcatEmbeddedServletContainer : Tomcat initialized with port(s): 8080 (http) 8443 (https)
2018-12-22 13:23:25.412  INFO 11736 --- [           main] o.apache.catalina.core.StandardService   : Starting service Tomcat
2018-12-22 13:23:25.412  INFO 11736 --- [           main] org.apache.catalina.core.StandardEngine  : Starting Servlet Engine: Apache Tomcat/8.5.14
2018-12-22 13:23:25.459  INFO 11736 --- [ost-startStop-1] org.apache.jasper.servlet.TldScanner     : At least one JAR was scanned for TLDs yet contained no TLDs. Enable debug logging for this logger for a complete list of JARs that were scanned but no TLDs were found in them. Skipping unneeded JARs during scanning can improve startup time and JSP compilation time.
2018-12-22 13:23:25.459  INFO 11736 --- [ost-startStop-1] o.a.c.c.C.[Tomcat-130].[localhost].[/]   : Initializing Spring embedded WebApplicationContext
2018-12-22 13:23:25.459  INFO 11736 --- [ost-startStop-1] o.s.web.context.ContextLoader            : Root WebApplicationContext: initialization completed in 706 ms
2018-12-22 13:23:25.654  INFO 11736 --- [ost-startStop-1] o.s.b.w.servlet.FilterRegistrationBean   : Mapping filter: 'metricsFilter' to: [/*]
2018-12-22 13:23:25.654  INFO 11736 --- [ost-startStop-1] o.s.b.w.servlet.FilterRegistrationBean   : Mapping filter: 'characterEncodingFilter' to: [/*]
2018-12-22 13:23:25.655  INFO 11736 --- [ost-startStop-1] o.s.b.w.servlet.FilterRegistrationBean   : Mapping filter: 'hiddenHttpMethodFilter' to: [/*]
2018-12-22 13:23:25.655  INFO 11736 --- [ost-startStop-1] o.s.b.w.servlet.FilterRegistrationBean   : Mapping filter: 'httpPutFormContentFilter' to: [/*]
2018-12-22 13:23:25.655  INFO 11736 --- [ost-startStop-1] o.s.b.w.servlet.FilterRegistrationBean   : Mapping filter: 'requestContextFilter' to: [/*]
2018-12-22 13:23:25.655  INFO 11736 --- [ost-startStop-1] .s.DelegatingFilterProxyRegistrationBean : Mapping filter: 'springSecurityFilterChain' to: [/*]
2018-12-22 13:23:25.655  INFO 11736 --- [ost-startStop-1] o.s.b.w.servlet.FilterRegistrationBean   : Mapping filter: 'webRequestLoggingFilter' to: [/*]
2018-12-22 13:23:25.655  INFO 11736 --- [ost-startStop-1] o.s.b.w.servlet.FilterRegistrationBean   : Mapping filter: 'applicationContextIdFilter' to: [/*]
2018-12-22 13:23:25.655  INFO 11736 --- [ost-startStop-1] o.s.b.w.servlet.ServletRegistrationBean  : Mapping servlet: 'dispatcherServlet' to [/]
2018-12-22 13:23:25.670  INFO 11736 --- [           main] j.LocalContainerEntityManagerFactoryBean : Building JPA container EntityManagerFactory for persistence unit 'VogonPU'
2018-12-22 13:23:25.670  INFO 11736 --- [           main] o.hibernate.jpa.internal.util.LogHelper  : HHH000204: Processing PersistenceUnitInfo [
	name: VogonPU
	...]
2018-12-22 13:23:25.675  WARN 11736 --- [           main] org.hibernate.orm.connections.pooling    : HHH10001002: Using Hibernate built-in connection pool (not for production use!)
2018-12-22 13:23:25.675  INFO 11736 --- [           main] org.hibernate.orm.connections.pooling    : HHH10001005: using driver [org.h2.Driver] at URL [jdbc:h2:mem:test]
2018-12-22 13:23:25.675  INFO 11736 --- [           main] org.hibernate.orm.connections.pooling    : HHH10001001: Connection properties: {}
2018-12-22 13:23:25.675  INFO 11736 --- [           main] org.hibernate.orm.connections.pooling    : HHH10001003: Autocommit mode: false
2018-12-22 13:23:25.675  INFO 11736 --- [           main] .c.i.DriverManagerConnectionProviderImpl : HHH000115: Hibernate connection pool size: 20 (min=1)
2018-12-22 13:23:25.675  INFO 11736 --- [           main] org.hibernate.dialect.Dialect            : HHH000400: Using dialect: org.hibernate.dialect.H2Dialect
2018-12-22 13:23:25.690  INFO 11736 --- [           main] org.hibernate.orm.connections.access     : HHH10001501: Connection obtained from JdbcConnectionAccess [org.hibernate.engine.jdbc.env.internal.JdbcEnvironmentInitiator$ConnectionProviderJdbcConnectionAccess@108d6ed9] for (non-JTA) DDL execution was not in auto-commit mode; the Connection 'local transaction' will be committed and the Connection will be set into auto-commit mode.
2018-12-22 13:23:25.705  INFO 11736 --- [           main] j.LocalContainerEntityManagerFactoryBean : Initialized JPA EntityManagerFactory for persistence unit 'VogonPU'
2018-12-22 13:23:26.055  INFO 11736 --- [           main] .s.o.p.e.FrameworkEndpointHandlerMapping : Mapped "{[/oauth/authorize]}" onto public org.springframework.web.servlet.ModelAndView org.springframework.security.oauth2.provider.endpoint.AuthorizationEndpoint.authorize(java.util.Map<java.lang.String, java.lang.Object>,java.util.Map<java.lang.String, java.lang.String>,org.springframework.web.bind.support.SessionStatus,java.security.Principal)
2018-12-22 13:23:26.055  INFO 11736 --- [           main] .s.o.p.e.FrameworkEndpointHandlerMapping : Mapped "{[/oauth/authorize],methods=[POST],params=[user_oauth_approval]}" onto public org.springframework.web.servlet.View org.springframework.security.oauth2.provider.endpoint.AuthorizationEndpoint.approveOrDeny(java.util.Map<java.lang.String, java.lang.String>,java.util.Map<java.lang.String, ?>,org.springframework.web.bind.support.SessionStatus,java.security.Principal)
2018-12-22 13:23:26.055  INFO 11736 --- [           main] .s.o.p.e.FrameworkEndpointHandlerMapping : Mapped "{[/oauth/token],methods=[GET]}" onto public org.springframework.http.ResponseEntity<org.springframework.security.oauth2.common.OAuth2AccessToken> org.springframework.security.oauth2.provider.endpoint.TokenEndpoint.getAccessToken(java.security.Principal,java.util.Map<java.lang.String, java.lang.String>) throws org.springframework.web.HttpRequestMethodNotSupportedException
2018-12-22 13:23:26.055  INFO 11736 --- [           main] .s.o.p.e.FrameworkEndpointHandlerMapping : Mapped "{[/oauth/token],methods=[POST]}" onto public org.springframework.http.ResponseEntity<org.springframework.security.oauth2.common.OAuth2AccessToken> org.springframework.security.oauth2.provider.endpoint.TokenEndpoint.postAccessToken(java.security.Principal,java.util.Map<java.lang.String, java.lang.String>) throws org.springframework.web.HttpRequestMethodNotSupportedException
2018-12-22 13:23:26.055  INFO 11736 --- [           main] .s.o.p.e.FrameworkEndpointHandlerMapping : Mapped "{[/oauth/check_token]}" onto public java.util.Map<java.lang.String, ?> org.springframework.security.oauth2.provider.endpoint.CheckTokenEndpoint.checkToken(java.lang.String)
2018-12-22 13:23:26.055  INFO 11736 --- [           main] .s.o.p.e.FrameworkEndpointHandlerMapping : Mapped "{[/oauth/confirm_access]}" onto public org.springframework.web.servlet.ModelAndView org.springframework.security.oauth2.provider.endpoint.WhitelabelApprovalEndpoint.getAccessConfirmation(java.util.Map<java.lang.String, java.lang.Object>,javax.servlet.http.HttpServletRequest) throws java.lang.Exception
2018-12-22 13:23:26.055  INFO 11736 --- [           main] .s.o.p.e.FrameworkEndpointHandlerMapping : Mapped "{[/oauth/error]}" onto public org.springframework.web.servlet.ModelAndView org.springframework.security.oauth2.provider.endpoint.WhitelabelErrorEndpoint.handleError(javax.servlet.http.HttpServletRequest)
2018-12-22 13:23:26.267  INFO 11736 --- [           main] o.s.s.web.DefaultSecurityFilterChain     : Creating filter chain: OrRequestMatcher [requestMatchers=[Ant [pattern='/oauth/token'], Ant [pattern='/oauth/token_key'], Ant [pattern='/oauth/check_token']]], [org.springframework.security.web.context.request.async.WebAsyncManagerIntegrationFilter@95a2884, org.springframework.security.web.context.SecurityContextPersistenceFilter@321f9139, org.springframework.security.web.header.HeaderWriterFilter@74877456, org.springframework.security.web.authentication.logout.LogoutFilter@7480a831, org.springframework.security.oauth2.provider.client.ClientCredentialsTokenEndpointFilter@1236a9e1, org.springframework.security.web.authentication.www.BasicAuthenticationFilter@13c3a48a, org.springframework.security.web.savedrequest.RequestCacheAwareFilter@6915f616, org.springframework.security.web.servletapi.SecurityContextHolderAwareRequestFilter@267f1aa6, org.springframework.security.web.authentication.AnonymousAuthenticationFilter@656f27e0, org.springframework.security.web.session.SessionManagementFilter@4e3383c3, org.springframework.security.web.access.ExceptionTranslationFilter@45d3d05c, org.springframework.security.web.access.intercept.FilterSecurityInterceptor@5868f568]
2018-12-22 13:23:26.267  INFO 11736 --- [           main] o.s.s.web.DefaultSecurityFilterChain     : Creating filter chain: org.springframework.boot.actuate.autoconfigure.ManagementWebSecurityAutoConfiguration$LazyEndpointPathRequestMatcher@458ae5e3, [org.springframework.security.web.context.request.async.WebAsyncManagerIntegrationFilter@3b4f955f, org.springframework.security.web.context.SecurityContextPersistenceFilter@25039fb2, org.springframework.security.web.header.HeaderWriterFilter@93ff6dd, org.springframework.security.web.authentication.logout.LogoutFilter@62766e85, org.springframework.security.web.authentication.www.BasicAuthenticationFilter@1c4a3caa, org.springframework.security.web.savedrequest.RequestCacheAwareFilter@155cd172, org.springframework.security.web.servletapi.SecurityContextHolderAwareRequestFilter@63a3441a, org.springframework.security.web.authentication.AnonymousAuthenticationFilter@73be6498, org.springframework.security.web.session.SessionManagementFilter@20043a19, org.springframework.security.web.access.ExceptionTranslationFilter@38011dd5, org.springframework.security.web.access.intercept.FilterSecurityInterceptor@7e06d7f1]
2018-12-22 13:23:26.282  INFO 11736 --- [           main] o.s.s.w.a.c.ChannelProcessingFilter      : Validated configuration attributes
2018-12-22 13:23:26.282  INFO 11736 --- [           main] o.s.s.web.DefaultSecurityFilterChain     : Creating filter chain: org.springframework.security.oauth2.config.annotation.web.configuration.ResourceServerConfiguration$NotOAuthRequestMatcher@209e3b65, [org.springframework.security.web.access.channel.ChannelProcessingFilter@4b70dad8, org.springframework.security.web.context.request.async.WebAsyncManagerIntegrationFilter@14544cb8, org.springframework.security.web.context.SecurityContextPersistenceFilter@4baa71ec, org.springframework.security.web.header.HeaderWriterFilter@6381150b, org.springframework.security.web.authentication.logout.LogoutFilter@791e61b0, org.springframework.security.oauth2.provider.authentication.OAuth2AuthenticationProcessingFilter@84a3c5a, org.springframework.security.web.savedrequest.RequestCacheAwareFilter@1fa635d1, org.springframework.security.web.servletapi.SecurityContextHolderAwareRequestFilter@74e45263, org.springframework.security.web.authentication.AnonymousAuthenticationFilter@30b7eede, org.springframework.security.web.session.SessionManagementFilter@12e3e285, org.springframework.security.web.access.ExceptionTranslationFilter@43b2fd5d, org.springframework.security.web.access.intercept.FilterSecurityInterceptor@7e8cd4dc]
2018-12-22 13:23:26.401  INFO 11736 --- [           main] s.w.s.m.m.a.RequestMappingHandlerAdapter : Looking for @ControllerAdvice: org.springframework.boot.context.embedded.AnnotationConfigEmbeddedWebApplicationContext@2fdf3061: startup date [Sat Dec 22 13:23:24 IST 2018]; root of context hierarchy
2018-12-22 13:23:26.418  INFO 11736 --- [           main] s.w.s.m.m.a.RequestMappingHandlerMapping : Mapped "{[/service/accounts],methods=[GET],produces=[application/json]}" onto public java.util.Collection<org.zlogic.vogon.data.FinanceAccount> org.zlogic.vogon.web.controller.AccountsController.getAllAccounts(org.zlogic.vogon.web.security.VogonSecurityUser)
2018-12-22 13:23:26.418  INFO 11736 --- [           main] s.w.s.m.m.a.RequestMappingHandlerMapping : Mapped "{[/service/accounts],methods=[POST],produces=[application/json]}" onto public java.util.Collection<org.zlogic.vogon.data.FinanceAccount> org.zlogic.vogon.web.controller.AccountsController.updateAccounts(java.util.Collection<org.zlogic.vogon.data.FinanceAccount>,org.zlogic.vogon.web.security.VogonSecurityUser)
2018-12-22 13:23:26.418  INFO 11736 --- [           main] s.w.s.m.m.a.RequestMappingHandlerMapping : Mapped "{[/service/analytics/tags],methods=[GET],produces=[application/json]}" onto public java.util.Set<java.lang.String> org.zlogic.vogon.web.controller.AnalyticsController.getAllTags(org.zlogic.vogon.web.security.VogonSecurityUser)
2018-12-22 13:23:26.418  INFO 11736 --- [           main] s.w.s.m.m.a.RequestMappingHandlerMapping : Mapped "{[/service/analytics],methods=[POST],produces=[application/json]}" onto public java.util.Map<java.lang.String, org.zlogic.vogon.data.report.Report> org.zlogic.vogon.web.controller.AnalyticsController.getReport(org.zlogic.vogon.data.report.ReportFactory,org.zlogic.vogon.web.security.VogonSecurityUser)
2018-12-22 13:23:26.418  INFO 11736 --- [           main] s.w.s.m.m.a.RequestMappingHandlerMapping : Mapped "{[/service/currencies],methods=[GET],produces=[application/json]}" onto public java.util.Collection<org.zlogic.vogon.web.data.model.CurrencyDetails> org.zlogic.vogon.web.controller.CurrenciesController.getAllCurrencies()
2018-12-22 13:23:26.418  INFO 11736 --- [           main] s.w.s.m.m.a.RequestMappingHandlerMapping : Mapped "{[/service/export],methods=[GET || POST]}" onto public org.springframework.http.HttpEntity<byte[]> org.zlogic.vogon.web.controller.DataController.exportDataJSON(org.zlogic.vogon.web.security.VogonSecurityUser) throws java.lang.RuntimeException
2018-12-22 13:23:26.418  INFO 11736 --- [           main] s.w.s.m.m.a.RequestMappingHandlerMapping : Mapped "{[/service/import],methods=[POST],consumes=[multipart/form-data],produces=[application/json]}" onto public java.lang.Boolean org.zlogic.vogon.web.controller.DataController.importData(org.springframework.web.multipart.MultipartFile,org.zlogic.vogon.web.security.VogonSecurityUser) throws java.lang.RuntimeException
2018-12-22 13:23:26.419  INFO 11736 --- [           main] s.w.s.m.m.a.RequestMappingHandlerMapping : Mapped "{[/fragments/{fragment}.fragment]}" onto public org.springframework.web.servlet.ModelAndView org.zlogic.vogon.web.controller.JspController.fragmentModelAndView(java.lang.String)
2018-12-22 13:23:26.419  INFO 11736 --- [           main] s.w.s.m.m.a.RequestMappingHandlerMapping : Mapped "{[/]}" onto public org.springframework.web.servlet.ModelAndView org.zlogic.vogon.web.controller.JspController.indexModelAndView()
2018-12-22 13:23:26.419  INFO 11736 --- [           main] s.w.s.m.m.a.RequestMappingHandlerMapping : Mapped "{[/oauth/logout],methods=[POST]}" onto public void org.zlogic.vogon.web.controller.LogoutController.logout(org.springframework.security.oauth2.provider.OAuth2Authentication) throws org.zlogic.vogon.web.security.UsernameExistsException
2018-12-22 13:23:26.419  INFO 11736 --- [           main] s.w.s.m.m.a.RequestMappingHandlerMapping : Mapped "{[/register],methods=[POST],produces=[application/json]}" onto public org.zlogic.vogon.data.VogonUser org.zlogic.vogon.web.controller.RegistrationController.register(org.zlogic.vogon.data.VogonUser) throws org.zlogic.vogon.web.security.UsernameExistsException
2018-12-22 13:23:26.419  INFO 11736 --- [           main] s.w.s.m.m.a.RequestMappingHandlerMapping : Mapped "{[/service/transactions/transaction/{id}],methods=[GET],produces=[application/json]}" onto public org.zlogic.vogon.web.data.model.FinanceTransactionJson org.zlogic.vogon.web.controller.TransactionsController.getTransaction(long,org.zlogic.vogon.web.security.VogonSecurityUser)
2018-12-22 13:23:26.419  INFO 11736 --- [           main] s.w.s.m.m.a.RequestMappingHandlerMapping : Mapped "{[/service/transactions],methods=[GET],produces=[application/json]}" onto public java.util.Collection<org.zlogic.vogon.web.data.model.FinanceTransactionJson> org.zlogic.vogon.web.controller.TransactionsController.getTransactions(java.lang.Integer,org.zlogic.vogon.web.controller.TransactionsController$SortColumn,org.springframework.data.domain.Sort$Direction,java.lang.String,java.util.Date,java.util.Collection<java.lang.String>,org.zlogic.vogon.web.security.VogonSecurityUser)
2018-12-22 13:23:26.419  INFO 11736 --- [           main] s.w.s.m.m.a.RequestMappingHandlerMapping : Mapped "{[/service/transactions],methods=[POST],produces=[application/json]}" onto public org.zlogic.vogon.web.data.model.FinanceTransactionJson org.zlogic.vogon.web.controller.TransactionsController.submitTransaction(org.zlogic.vogon.web.data.model.FinanceTransactionJson,org.zlogic.vogon.web.security.VogonSecurityUser)
2018-12-22 13:23:26.419  INFO 11736 --- [           main] s.w.s.m.m.a.RequestMappingHandlerMapping : Mapped "{[/service/transactions/pages],methods=[GET],produces=[application/json]}" onto public long org.zlogic.vogon.web.controller.TransactionsController.getTransactionsCount(org.zlogic.vogon.web.security.VogonSecurityUser)
2018-12-22 13:23:26.419  INFO 11736 --- [           main] s.w.s.m.m.a.RequestMappingHandlerMapping : Mapped "{[/service/transactions/transaction/{id}],methods=[DELETE],produces=[application/json]}" onto public org.zlogic.vogon.web.data.model.FinanceTransactionJson org.zlogic.vogon.web.controller.TransactionsController.deleteTransaction(long,org.zlogic.vogon.web.security.VogonSecurityUser)
2018-12-22 13:23:26.419  INFO 11736 --- [           main] s.w.s.m.m.a.RequestMappingHandlerMapping : Mapped "{[/service/user],methods=[POST],produces=[application/json]}" onto public org.zlogic.vogon.data.VogonUser org.zlogic.vogon.web.controller.UsersController.submitUser(org.zlogic.vogon.data.VogonUser,org.zlogic.vogon.web.security.VogonSecurityUser) throws org.zlogic.vogon.web.security.UsernameExistsException
2018-12-22 13:23:26.419  INFO 11736 --- [           main] s.w.s.m.m.a.RequestMappingHandlerMapping : Mapped "{[/service/user],methods=[GET],produces=[application/json]}" onto public org.zlogic.vogon.data.VogonUser org.zlogic.vogon.web.controller.UsersController.getUserData(org.zlogic.vogon.web.security.VogonSecurityUser)
2018-12-22 13:23:26.420  INFO 11736 --- [           main] s.w.s.m.m.a.RequestMappingHandlerMapping : Mapped "{[/error]}" onto public org.springframework.http.ResponseEntity<java.util.Map<java.lang.String, java.lang.Object>> org.springframework.boot.autoconfigure.web.BasicErrorController.error(javax.servlet.http.HttpServletRequest)
2018-12-22 13:23:26.420  INFO 11736 --- [           main] s.w.s.m.m.a.RequestMappingHandlerMapping : Mapped "{[/error],produces=[text/html]}" onto public org.springframework.web.servlet.ModelAndView org.springframework.boot.autoconfigure.web.BasicErrorController.errorHtml(javax.servlet.http.HttpServletRequest,javax.servlet.http.HttpServletResponse)
2018-12-22 13:23:26.436  INFO 11736 --- [           main] o.s.w.s.handler.SimpleUrlHandlerMapping  : Root mapping to handler of type [class org.springframework.web.servlet.mvc.ParameterizableViewController]
2018-12-22 13:23:26.798  INFO 11736 --- [           main] o.s.w.s.handler.SimpleUrlHandlerMapping  : Mapped URL path [/webjars/**] onto handler of type [class org.springframework.web.servlet.resource.ResourceHttpRequestHandler]
2018-12-22 13:23:26.799  INFO 11736 --- [           main] o.s.w.s.handler.SimpleUrlHandlerMapping  : Mapped URL path [/**] onto handler of type [class org.springframework.web.servlet.resource.ResourceHttpRequestHandler]
2018-12-22 13:23:26.800  INFO 11736 --- [           main] o.s.w.s.handler.SimpleUrlHandlerMapping  : Mapped URL path [/**] onto handler of type [class org.springframework.web.servlet.resource.DefaultServletHttpRequestHandler]
2018-12-22 13:23:26.854  INFO 11736 --- [           main] o.s.w.s.handler.SimpleUrlHandlerMapping  : Mapped URL path [/**/favicon.ico] onto handler of type [class org.springframework.web.servlet.resource.ResourceHttpRequestHandler]
2018-12-22 13:23:27.391  INFO 11736 --- [           main] o.s.b.a.e.mvc.EndpointHandlerMapping     : Mapped "{[/env/{name:.*}],methods=[GET],produces=[application/vnd.spring-boot.actuator.v1+json || application/json]}" onto public java.lang.Object org.springframework.boot.actuate.endpoint.mvc.EnvironmentMvcEndpoint.value(java.lang.String)
2018-12-22 13:23:27.391  INFO 11736 --- [           main] o.s.b.a.e.mvc.EndpointHandlerMapping     : Mapped "{[/env || /env.json],methods=[GET],produces=[application/vnd.spring-boot.actuator.v1+json || application/json]}" onto public java.lang.Object org.springframework.boot.actuate.endpoint.mvc.EndpointMvcAdapter.invoke()
2018-12-22 13:23:27.392  INFO 11736 --- [           main] o.s.b.a.e.mvc.EndpointHandlerMapping     : Mapped "{[/heapdump || /heapdump.json],methods=[GET],produces=[application/octet-stream]}" onto public void org.springframework.boot.actuate.endpoint.mvc.HeapdumpMvcEndpoint.invoke(boolean,javax.servlet.http.HttpServletRequest,javax.servlet.http.HttpServletResponse) throws java.io.IOException,javax.servlet.ServletException
2018-12-22 13:23:27.392  INFO 11736 --- [           main] o.s.b.a.e.mvc.EndpointHandlerMapping     : Mapped "{[/mappings || /mappings.json],methods=[GET],produces=[application/vnd.spring-boot.actuator.v1+json || application/json]}" onto public java.lang.Object org.springframework.boot.actuate.endpoint.mvc.EndpointMvcAdapter.invoke()
2018-12-22 13:23:27.392  INFO 11736 --- [           main] o.s.b.a.e.mvc.EndpointHandlerMapping     : Mapped "{[/metrics/{name:.*}],methods=[GET],produces=[application/vnd.spring-boot.actuator.v1+json || application/json]}" onto public java.lang.Object org.springframework.boot.actuate.endpoint.mvc.MetricsMvcEndpoint.value(java.lang.String)
2018-12-22 13:23:27.392  INFO 11736 --- [           main] o.s.b.a.e.mvc.EndpointHandlerMapping     : Mapped "{[/metrics || /metrics.json],methods=[GET],produces=[application/vnd.spring-boot.actuator.v1+json || application/json]}" onto public java.lang.Object org.springframework.boot.actuate.endpoint.mvc.EndpointMvcAdapter.invoke()
2018-12-22 13:23:27.392  INFO 11736 --- [           main] o.s.b.a.e.mvc.EndpointHandlerMapping     : Mapped "{[/autoconfig || /autoconfig.json],methods=[GET],produces=[application/vnd.spring-boot.actuator.v1+json || application/json]}" onto public java.lang.Object org.springframework.boot.actuate.endpoint.mvc.EndpointMvcAdapter.invoke()
2018-12-22 13:23:27.393  INFO 11736 --- [           main] o.s.b.a.e.mvc.EndpointHandlerMapping     : Mapped "{[/auditevents || /auditevents.json],methods=[GET],produces=[application/vnd.spring-boot.actuator.v1+json || application/json]}" onto public org.springframework.http.ResponseEntity<?> org.springframework.boot.actuate.endpoint.mvc.AuditEventsMvcEndpoint.findByPrincipalAndAfterAndType(java.lang.String,java.util.Date,java.lang.String)
2018-12-22 13:23:27.393  INFO 11736 --- [           main] o.s.b.a.e.mvc.EndpointHandlerMapping     : Mapped "{[/trace || /trace.json],methods=[GET],produces=[application/vnd.spring-boot.actuator.v1+json || application/json]}" onto public java.lang.Object org.springframework.boot.actuate.endpoint.mvc.EndpointMvcAdapter.invoke()
2018-12-22 13:23:27.393  INFO 11736 --- [           main] o.s.b.a.e.mvc.EndpointHandlerMapping     : Mapped "{[/loggers/{name:.*}],methods=[GET],produces=[application/vnd.spring-boot.actuator.v1+json || application/json]}" onto public java.lang.Object org.springframework.boot.actuate.endpoint.mvc.LoggersMvcEndpoint.get(java.lang.String)
2018-12-22 13:23:27.393  INFO 11736 --- [           main] o.s.b.a.e.mvc.EndpointHandlerMapping     : Mapped "{[/loggers/{name:.*}],methods=[POST],consumes=[application/vnd.spring-boot.actuator.v1+json || application/json],produces=[application/vnd.spring-boot.actuator.v1+json || application/json]}" onto public java.lang.Object org.springframework.boot.actuate.endpoint.mvc.LoggersMvcEndpoint.set(java.lang.String,java.util.Map<java.lang.String, java.lang.String>)
2018-12-22 13:23:27.393  INFO 11736 --- [           main] o.s.b.a.e.mvc.EndpointHandlerMapping     : Mapped "{[/loggers || /loggers.json],methods=[GET],produces=[application/vnd.spring-boot.actuator.v1+json || application/json]}" onto public java.lang.Object org.springframework.boot.actuate.endpoint.mvc.EndpointMvcAdapter.invoke()
2018-12-22 13:23:27.394  INFO 11736 --- [           main] o.s.b.a.e.mvc.EndpointHandlerMapping     : Mapped "{[/health || /health.json],methods=[GET],produces=[application/vnd.spring-boot.actuator.v1+json || application/json]}" onto public java.lang.Object org.springframework.boot.actuate.endpoint.mvc.HealthMvcEndpoint.invoke(javax.servlet.http.HttpServletRequest,java.security.Principal)
2018-12-22 13:23:27.394  INFO 11736 --- [           main] o.s.b.a.e.mvc.EndpointHandlerMapping     : Mapped "{[/dump || /dump.json],methods=[GET],produces=[application/vnd.spring-boot.actuator.v1+json || application/json]}" onto public java.lang.Object org.springframework.boot.actuate.endpoint.mvc.EndpointMvcAdapter.invoke()
2018-12-22 13:23:27.394  INFO 11736 --- [           main] o.s.b.a.e.mvc.EndpointHandlerMapping     : Mapped "{[/configprops || /configprops.json],methods=[GET],produces=[application/vnd.spring-boot.actuator.v1+json || application/json]}" onto public java.lang.Object org.springframework.boot.actuate.endpoint.mvc.EndpointMvcAdapter.invoke()
2018-12-22 13:23:27.394  INFO 11736 --- [           main] o.s.b.a.e.mvc.EndpointHandlerMapping     : Mapped "{[/info || /info.json],methods=[GET],produces=[application/vnd.spring-boot.actuator.v1+json || application/json]}" onto public java.lang.Object org.springframework.boot.actuate.endpoint.mvc.EndpointMvcAdapter.invoke()
2018-12-22 13:23:27.394  INFO 11736 --- [           main] o.s.b.a.e.mvc.EndpointHandlerMapping     : Mapped "{[/beans || /beans.json],methods=[GET],produces=[application/vnd.spring-boot.actuator.v1+json || application/json]}" onto public java.lang.Object org.springframework.boot.actuate.endpoint.mvc.EndpointMvcAdapter.invoke()
2018-12-22 13:23:27.674 ERROR 11736 --- [           main] o.a.coyote.http11.Http11NioProtocol      : Failed to start end point associated with ProtocolHandler ["http-nio-8080"]

java.net.BindException: Address already in use: bind
	at sun.nio.ch.Net.bind0(Native Method) ~[na:1.8.0_191]
	at sun.nio.ch.Net.bind(Net.java:433) ~[na:1.8.0_191]
	at sun.nio.ch.Net.bind(Net.java:425) ~[na:1.8.0_191]
	at sun.nio.ch.ServerSocketChannelImpl.bind(ServerSocketChannelImpl.java:223) ~[na:1.8.0_191]
	at sun.nio.ch.ServerSocketAdaptor.bind(ServerSocketAdaptor.java:74) ~[na:1.8.0_191]
	at org.apache.tomcat.util.net.NioEndpoint.bind(NioEndpoint.java:210) ~[tomcat-embed-core-8.5.14.jar:8.5.14]
	at org.apache.tomcat.util.net.AbstractEndpoint.start(AbstractEndpoint.java:978) ~[tomcat-embed-core-8.5.14.jar:8.5.14]
	at org.apache.coyote.AbstractProtocol.start(AbstractProtocol.java:628) ~[tomcat-embed-core-8.5.14.jar:8.5.14]
	at org.apache.catalina.connector.Connector.startInternal(Connector.java:993) [tomcat-embed-core-8.5.14.jar:8.5.14]
	at org.apache.catalina.util.LifecycleBase.start(LifecycleBase.java:150) [tomcat-embed-core-8.5.14.jar:8.5.14]
	at org.apache.catalina.core.StandardService.addConnector(StandardService.java:225) [tomcat-embed-core-8.5.14.jar:8.5.14]
	at org.springframework.boot.context.embedded.tomcat.TomcatEmbeddedServletContainer.addPreviouslyRemovedConnectors(TomcatEmbeddedServletContainer.java:247) [spring-boot-1.5.3.RELEASE.jar:1.5.3.RELEASE]
	at org.springframework.boot.context.embedded.tomcat.TomcatEmbeddedServletContainer.start(TomcatEmbeddedServletContainer.java:190) [spring-boot-1.5.3.RELEASE.jar:1.5.3.RELEASE]
	at org.springframework.boot.context.embedded.EmbeddedWebApplicationContext.startEmbeddedServletContainer(EmbeddedWebApplicationContext.java:297) [spring-boot-1.5.3.RELEASE.jar:1.5.3.RELEASE]
	at org.springframework.boot.context.embedded.EmbeddedWebApplicationContext.finishRefresh(EmbeddedWebApplicationContext.java:145) [spring-boot-1.5.3.RELEASE.jar:1.5.3.RELEASE]
	at org.springframework.context.support.AbstractApplicationContext.refresh(AbstractApplicationContext.java:545) [spring-context-4.3.8.RELEASE.jar:4.3.8.RELEASE]
	at org.springframework.boot.context.embedded.EmbeddedWebApplicationContext.refresh(EmbeddedWebApplicationContext.java:122) [spring-boot-1.5.3.RELEASE.jar:1.5.3.RELEASE]
	at org.springframework.boot.SpringApplication.refresh(SpringApplication.java:737) [spring-boot-1.5.3.RELEASE.jar:1.5.3.RELEASE]
	at org.springframework.boot.SpringApplication.refreshContext(SpringApplication.java:370) [spring-boot-1.5.3.RELEASE.jar:1.5.3.RELEASE]
	at org.springframework.boot.SpringApplication.run(SpringApplication.java:314) [spring-boot-1.5.3.RELEASE.jar:1.5.3.RELEASE]
	at org.springframework.boot.test.context.SpringBootContextLoader.loadContext(SpringBootContextLoader.java:120) [spring-boot-test-1.5.3.RELEASE.jar:1.5.3.RELEASE]
	at org.springframework.test.context.cache.DefaultCacheAwareContextLoaderDelegate.loadContextInternal(DefaultCacheAwareContextLoaderDelegate.java:98) [spring-test-4.3.8.RELEASE.jar:4.3.8.RELEASE]
	at org.springframework.test.context.cache.DefaultCacheAwareContextLoaderDelegate.loadContext(DefaultCacheAwareContextLoaderDelegate.java:116) [spring-test-4.3.8.RELEASE.jar:4.3.8.RELEASE]
	at org.springframework.test.context.support.DefaultTestContext.getApplicationContext(DefaultTestContext.java:83) [spring-test-4.3.8.RELEASE.jar:4.3.8.RELEASE]
	at org.springframework.test.context.support.DependencyInjectionTestExecutionListener.injectDependencies(DependencyInjectionTestExecutionListener.java:117) [spring-test-4.3.8.RELEASE.jar:4.3.8.RELEASE]
	at org.springframework.test.context.support.DependencyInjectionTestExecutionListener.prepareTestInstance(DependencyInjectionTestExecutionListener.java:83) [spring-test-4.3.8.RELEASE.jar:4.3.8.RELEASE]
	at org.springframework.boot.test.autoconfigure.SpringBootDependencyInjectionTestExecutionListener.prepareTestInstance(SpringBootDependencyInjectionTestExecutionListener.java:44) [spring-boot-test-autoconfigure-1.5.3.RELEASE.jar:1.5.3.RELEASE]
	at org.springframework.test.context.TestContextManager.prepareTestInstance(TestContextManager.java:230) [spring-test-4.3.8.RELEASE.jar:4.3.8.RELEASE]
	at org.springframework.test.context.junit4.SpringJUnit4ClassRunner.createTest(SpringJUnit4ClassRunner.java:228) [spring-test-4.3.8.RELEASE.jar:4.3.8.RELEASE]
	at org.springframework.test.context.junit4.SpringJUnit4ClassRunner$1.runReflectiveCall(SpringJUnit4ClassRunner.java:287) [spring-test-4.3.8.RELEASE.jar:4.3.8.RELEASE]
	at org.junit.internal.runners.model.ReflectiveCallable.run(ReflectiveCallable.java:12) [junit-4.12.jar:4.12]
	at org.springframework.test.context.junit4.SpringJUnit4ClassRunner.methodBlock(SpringJUnit4ClassRunner.java:289) [spring-test-4.3.8.RELEASE.jar:4.3.8.RELEASE]
	at org.springframework.test.context.junit4.SpringJUnit4ClassRunner.runChild(SpringJUnit4ClassRunner.java:247) [spring-test-4.3.8.RELEASE.jar:4.3.8.RELEASE]
	at org.springframework.test.context.junit4.SpringJUnit4ClassRunner.runChild(SpringJUnit4ClassRunner.java:94) [spring-test-4.3.8.RELEASE.jar:4.3.8.RELEASE]
	at org.junit.runners.ParentRunner$3.run(ParentRunner.java:290) [junit-4.12.jar:4.12]
	at org.junit.runners.ParentRunner$1.schedule(ParentRunner.java:71) [junit-4.12.jar:4.12]
	at org.junit.runners.ParentRunner.runChildren(ParentRunner.java:288) [junit-4.12.jar:4.12]
	at org.junit.runners.ParentRunner.access$000(ParentRunner.java:58) [junit-4.12.jar:4.12]
	at org.junit.runners.ParentRunner$2.evaluate(ParentRunner.java:268) [junit-4.12.jar:4.12]
	at org.springframework.test.context.junit4.statements.RunBeforeTestClassCallbacks.evaluate(RunBeforeTestClassCallbacks.java:61) [spring-test-4.3.8.RELEASE.jar:4.3.8.RELEASE]
	at org.springframework.test.context.junit4.statements.RunAfterTestClassCallbacks.evaluate(RunAfterTestClassCallbacks.java:70) [spring-test-4.3.8.RELEASE.jar:4.3.8.RELEASE]
	at org.junit.runners.ParentRunner.run(ParentRunner.java:363) [junit-4.12.jar:4.12]
	at org.springframework.test.context.junit4.SpringJUnit4ClassRunner.run(SpringJUnit4ClassRunner.java:191) [spring-test-4.3.8.RELEASE.jar:4.3.8.RELEASE]
	at org.apache.maven.surefire.junit4.JUnit4Provider.execute(JUnit4Provider.java:365) [surefire-junit4-2.20.jar:2.20]
	at org.apache.maven.surefire.junit4.JUnit4Provider.executeWithRerun(JUnit4Provider.java:272) [surefire-junit4-2.20.jar:2.20]
	at org.apache.maven.surefire.junit4.JUnit4Provider.executeTestSet(JUnit4Provider.java:236) [surefire-junit4-2.20.jar:2.20]
	at org.apache.maven.surefire.junit4.JUnit4Provider.invoke(JUnit4Provider.java:159) [surefire-junit4-2.20.jar:2.20]
	at org.apache.maven.surefire.booter.ForkedBooter.invokeProviderInSameClassLoader(ForkedBooter.java:386) [surefire-booter-2.20.jar:2.20]
	at org.apache.maven.surefire.booter.ForkedBooter.runSuitesInProcess(ForkedBooter.java:323) [surefire-booter-2.20.jar:2.20]
	at org.apache.maven.surefire.booter.ForkedBooter.main(ForkedBooter.java:143) [surefire-booter-2.20.jar:2.20]

2018-12-22 13:23:27.676 ERROR 11736 --- [           main] o.apache.catalina.core.StandardService   : Failed to start connector [Connector[HTTP/1.1-8080]]

org.apache.catalina.LifecycleException: Failed to start component [Connector[HTTP/1.1-8080]]
	at org.apache.catalina.util.LifecycleBase.start(LifecycleBase.java:167) ~[tomcat-embed-core-8.5.14.jar:8.5.14]
	at org.apache.catalina.core.StandardService.addConnector(StandardService.java:225) ~[tomcat-embed-core-8.5.14.jar:8.5.14]
	at org.springframework.boot.context.embedded.tomcat.TomcatEmbeddedServletContainer.addPreviouslyRemovedConnectors(TomcatEmbeddedServletContainer.java:247) [spring-boot-1.5.3.RELEASE.jar:1.5.3.RELEASE]
	at org.springframework.boot.context.embedded.tomcat.TomcatEmbeddedServletContainer.start(TomcatEmbeddedServletContainer.java:190) [spring-boot-1.5.3.RELEASE.jar:1.5.3.RELEASE]
	at org.springframework.boot.context.embedded.EmbeddedWebApplicationContext.startEmbeddedServletContainer(EmbeddedWebApplicationContext.java:297) [spring-boot-1.5.3.RELEASE.jar:1.5.3.RELEASE]
	at org.springframework.boot.context.embedded.EmbeddedWebApplicationContext.finishRefresh(EmbeddedWebApplicationContext.java:145) [spring-boot-1.5.3.RELEASE.jar:1.5.3.RELEASE]
	at org.springframework.context.support.AbstractApplicationContext.refresh(AbstractApplicationContext.java:545) [spring-context-4.3.8.RELEASE.jar:4.3.8.RELEASE]
	at org.springframework.boot.context.embedded.EmbeddedWebApplicationContext.refresh(EmbeddedWebApplicationContext.java:122) [spring-boot-1.5.3.RELEASE.jar:1.5.3.RELEASE]
	at org.springframework.boot.SpringApplication.refresh(SpringApplication.java:737) [spring-boot-1.5.3.RELEASE.jar:1.5.3.RELEASE]
	at org.springframework.boot.SpringApplication.refreshContext(SpringApplication.java:370) [spring-boot-1.5.3.RELEASE.jar:1.5.3.RELEASE]
	at org.springframework.boot.SpringApplication.run(SpringApplication.java:314) [spring-boot-1.5.3.RELEASE.jar:1.5.3.RELEASE]
	at org.springframework.boot.test.context.SpringBootContextLoader.loadContext(SpringBootContextLoader.java:120) [spring-boot-test-1.5.3.RELEASE.jar:1.5.3.RELEASE]
	at org.springframework.test.context.cache.DefaultCacheAwareContextLoaderDelegate.loadContextInternal(DefaultCacheAwareContextLoaderDelegate.java:98) [spring-test-4.3.8.RELEASE.jar:4.3.8.RELEASE]
	at org.springframework.test.context.cache.DefaultCacheAwareContextLoaderDelegate.loadContext(DefaultCacheAwareContextLoaderDelegate.java:116) [spring-test-4.3.8.RELEASE.jar:4.3.8.RELEASE]
	at org.springframework.test.context.support.DefaultTestContext.getApplicationContext(DefaultTestContext.java:83) [spring-test-4.3.8.RELEASE.jar:4.3.8.RELEASE]
	at org.springframework.test.context.support.DependencyInjectionTestExecutionListener.injectDependencies(DependencyInjectionTestExecutionListener.java:117) [spring-test-4.3.8.RELEASE.jar:4.3.8.RELEASE]
	at org.springframework.test.context.support.DependencyInjectionTestExecutionListener.prepareTestInstance(DependencyInjectionTestExecutionListener.java:83) [spring-test-4.3.8.RELEASE.jar:4.3.8.RELEASE]
	at org.springframework.boot.test.autoconfigure.SpringBootDependencyInjectionTestExecutionListener.prepareTestInstance(SpringBootDependencyInjectionTestExecutionListener.java:44) [spring-boot-test-autoconfigure-1.5.3.RELEASE.jar:1.5.3.RELEASE]
	at org.springframework.test.context.TestContextManager.prepareTestInstance(TestContextManager.java:230) [spring-test-4.3.8.RELEASE.jar:4.3.8.RELEASE]
	at org.springframework.test.context.junit4.SpringJUnit4ClassRunner.createTest(SpringJUnit4ClassRunner.java:228) [spring-test-4.3.8.RELEASE.jar:4.3.8.RELEASE]
	at org.springframework.test.context.junit4.SpringJUnit4ClassRunner$1.runReflectiveCall(SpringJUnit4ClassRunner.java:287) [spring-test-4.3.8.RELEASE.jar:4.3.8.RELEASE]
	at org.junit.internal.runners.model.ReflectiveCallable.run(ReflectiveCallable.java:12) [junit-4.12.jar:4.12]
	at org.springframework.test.context.junit4.SpringJUnit4ClassRunner.methodBlock(SpringJUnit4ClassRunner.java:289) [spring-test-4.3.8.RELEASE.jar:4.3.8.RELEASE]
	at org.springframework.test.context.junit4.SpringJUnit4ClassRunner.runChild(SpringJUnit4ClassRunner.java:247) [spring-test-4.3.8.RELEASE.jar:4.3.8.RELEASE]
	at org.springframework.test.context.junit4.SpringJUnit4ClassRunner.runChild(SpringJUnit4ClassRunner.java:94) [spring-test-4.3.8.RELEASE.jar:4.3.8.RELEASE]
	at org.junit.runners.ParentRunner$3.run(ParentRunner.java:290) [junit-4.12.jar:4.12]
	at org.junit.runners.ParentRunner$1.schedule(ParentRunner.java:71) [junit-4.12.jar:4.12]
	at org.junit.runners.ParentRunner.runChildren(ParentRunner.java:288) [junit-4.12.jar:4.12]
	at org.junit.runners.ParentRunner.access$000(ParentRunner.java:58) [junit-4.12.jar:4.12]
	at org.junit.runners.ParentRunner$2.evaluate(ParentRunner.java:268) [junit-4.12.jar:4.12]
	at org.springframework.test.context.junit4.statements.RunBeforeTestClassCallbacks.evaluate(RunBeforeTestClassCallbacks.java:61) [spring-test-4.3.8.RELEASE.jar:4.3.8.RELEASE]
	at org.springframework.test.context.junit4.statements.RunAfterTestClassCallbacks.evaluate(RunAfterTestClassCallbacks.java:70) [spring-test-4.3.8.RELEASE.jar:4.3.8.RELEASE]
	at org.junit.runners.ParentRunner.run(ParentRunner.java:363) [junit-4.12.jar:4.12]
	at org.springframework.test.context.junit4.SpringJUnit4ClassRunner.run(SpringJUnit4ClassRunner.java:191) [spring-test-4.3.8.RELEASE.jar:4.3.8.RELEASE]
	at org.apache.maven.surefire.junit4.JUnit4Provider.execute(JUnit4Provider.java:365) [surefire-junit4-2.20.jar:2.20]
	at org.apache.maven.surefire.junit4.JUnit4Provider.executeWithRerun(JUnit4Provider.java:272) [surefire-junit4-2.20.jar:2.20]
	at org.apache.maven.surefire.junit4.JUnit4Provider.executeTestSet(JUnit4Provider.java:236) [surefire-junit4-2.20.jar:2.20]
	at org.apache.maven.surefire.junit4.JUnit4Provider.invoke(JUnit4Provider.java:159) [surefire-junit4-2.20.jar:2.20]
	at org.apache.maven.surefire.booter.ForkedBooter.invokeProviderInSameClassLoader(ForkedBooter.java:386) [surefire-booter-2.20.jar:2.20]
	at org.apache.maven.surefire.booter.ForkedBooter.runSuitesInProcess(ForkedBooter.java:323) [surefire-booter-2.20.jar:2.20]
	at org.apache.maven.surefire.booter.ForkedBooter.main(ForkedBooter.java:143) [surefire-booter-2.20.jar:2.20]
Caused by: org.apache.catalina.LifecycleException: service.getName(): "Tomcat";  Protocol handler start failed
	at org.apache.catalina.connector.Connector.startInternal(Connector.java:1000) ~[tomcat-embed-core-8.5.14.jar:8.5.14]
	at org.apache.catalina.util.LifecycleBase.start(LifecycleBase.java:150) ~[tomcat-embed-core-8.5.14.jar:8.5.14]
	... 40 common frames omitted
Caused by: java.net.BindException: Address already in use: bind
	at sun.nio.ch.Net.bind0(Native Method) ~[na:1.8.0_191]
	at sun.nio.ch.Net.bind(Net.java:433) ~[na:1.8.0_191]
	at sun.nio.ch.Net.bind(Net.java:425) ~[na:1.8.0_191]
	at sun.nio.ch.ServerSocketChannelImpl.bind(ServerSocketChannelImpl.java:223) ~[na:1.8.0_191]
	at sun.nio.ch.ServerSocketAdaptor.bind(ServerSocketAdaptor.java:74) ~[na:1.8.0_191]
	at org.apache.tomcat.util.net.NioEndpoint.bind(NioEndpoint.java:210) ~[tomcat-embed-core-8.5.14.jar:8.5.14]
	at org.apache.tomcat.util.net.AbstractEndpoint.start(AbstractEndpoint.java:978) ~[tomcat-embed-core-8.5.14.jar:8.5.14]
	at org.apache.coyote.AbstractProtocol.start(AbstractProtocol.java:628) ~[tomcat-embed-core-8.5.14.jar:8.5.14]
	at org.apache.catalina.connector.Connector.startInternal(Connector.java:993) ~[tomcat-embed-core-8.5.14.jar:8.5.14]
	... 41 common frames omitted

2018-12-22 13:23:28.097  INFO 11736 --- [           main] o.apache.catalina.core.StandardService   : Stopping service Tomcat
2018-12-22 13:23:28.101  INFO 11736 --- [           main] utoConfigurationReportLoggingInitializer : 

Error starting ApplicationContext. To display the auto-configuration report re-run your application with 'debug' enabled.
2018-12-22 13:23:28.102 ERROR 11736 --- [           main] o.s.b.d.LoggingFailureAnalysisReporter   : 

***************************
APPLICATION FAILED TO START
***************************

Description:

The Tomcat connector configured to listen on port 8080 failed to start. The port may already be in use or the connector may be misconfigured.

Action:

Verify the connector's configuration, identify and stop any process that's listening on port 8080, or configure this application to listen on another port.

2018-12-22 13:23:28.103  INFO 11736 --- [           main] ationConfigEmbeddedWebApplicationContext : Closing org.springframework.boot.context.embedded.AnnotationConfigEmbeddedWebApplicationContext@2fdf3061: startup date [Sat Dec 22 13:23:24 IST 2018]; root of context hierarchy
2018-12-22 13:23:28.104  INFO 11736 --- [           main] o.z.vogon.web.PersistenceConfiguration   : Unloading JDBC drivers
2018-12-22 13:23:28.105  INFO 11736 --- [           main] j.LocalContainerEntityManagerFactoryBean : Closing JPA EntityManagerFactory for persistence unit 'VogonPU'
2018-12-22 13:23:28.105  INFO 11736 --- [           main] org.hibernate.orm.connections.pooling    : HHH10001008: Cleaning up connection pool [jdbc:h2:mem:test]

  .   ____          _            __ _ _
 /\\ / ___'_ __ _ _(_)_ __  __ _ \ \ \ \
( ( )\___ | '_ | '_| | '_ \/ _` | \ \ \ \
 \\/  ___)| |_)| | | | | || (_| |  ) ) ) )
  '  |____| .__|_| |_|_| |_\__, | / / / /
 =========|_|==============|___/=/_/_/_/
 :: Spring Boot ::        (v1.5.3.RELEASE)

2018-12-22 13:23:28.140  INFO 11736 --- [           main] o.z.v.w.TransactionsControllerWriteTest  : Starting TransactionsControllerWriteTest on GOPAL with PID 11736 (started by GOPAL$ in C:\Program Files (x86)\Jenkins\workspace\Maven_project\vogon-web)
2018-12-22 13:23:28.140  INFO 11736 --- [           main] o.z.v.w.TransactionsControllerWriteTest  : No active profile set, falling back to default profiles: default
2018-12-22 13:23:28.142  INFO 11736 --- [           main] ationConfigEmbeddedWebApplicationContext : Refreshing org.springframework.boot.context.embedded.AnnotationConfigEmbeddedWebApplicationContext@3b2b8aa6: startup date [Sat Dec 22 13:23:28 IST 2018]; root of context hierarchy
2018-12-22 13:23:28.554  INFO 11736 --- [           main] o.s.b.f.s.DefaultListableBeanFactory     : Overriding bean definition for bean 'entityManagerFactory' with a different definition: replacing [Root bean: class [null]; scope=; abstract=false; lazyInit=false; autowireMode=3; dependencyCheck=0; autowireCandidate=true; primary=false; factoryBeanName=persistenceConfiguration; factoryMethodName=entityManagerFactory; initMethodName=null; destroyMethodName=(inferred); defined in class path resource [org/zlogic/vogon/web/PersistenceConfiguration.class]] with [Root bean: class [null]; scope=; abstract=false; lazyInit=false; autowireMode=3; dependencyCheck=0; autowireCandidate=true; primary=false; factoryBeanName=databaseConfiguration; factoryMethodName=entityManagerFactory; initMethodName=null; destroyMethodName=(inferred); defined in org.zlogic.vogon.web.DatabaseConfiguration]
2018-12-22 13:23:28.743  INFO 11736 --- [           main] trationDelegate$BeanPostProcessorChecker : Bean 'org.springframework.security.config.annotation.configuration.ObjectPostProcessorConfiguration' of type [org.springframework.security.config.annotation.configuration.ObjectPostProcessorConfiguration$$EnhancerBySpringCGLIB$$be8c3acc] is not eligible for getting processed by all BeanPostProcessors (for example: not eligible for auto-proxying)
2018-12-22 13:23:28.747  INFO 11736 --- [           main] trationDelegate$BeanPostProcessorChecker : Bean 'objectPostProcessor' of type [org.springframework.security.config.annotation.configuration.AutowireBeanFactoryObjectPostProcessor] is not eligible for getting processed by all BeanPostProcessors (for example: not eligible for auto-proxying)
2018-12-22 13:23:28.748  INFO 11736 --- [           main] trationDelegate$BeanPostProcessorChecker : Bean 'org.springframework.security.access.expression.method.DefaultMethodSecurityExpressionHandler@6bb0bb70' of type [org.springframework.security.oauth2.provider.expression.OAuth2MethodSecurityExpressionHandler] is not eligible for getting processed by all BeanPostProcessors (for example: not eligible for auto-proxying)
2018-12-22 13:23:28.753  INFO 11736 --- [           main] trationDelegate$BeanPostProcessorChecker : Bean 'org.springframework.security.config.annotation.method.configuration.GlobalMethodSecurityConfiguration' of type [org.springframework.security.config.annotation.method.configuration.GlobalMethodSecurityConfiguration$$EnhancerBySpringCGLIB$$e360dd7e] is not eligible for getting processed by all BeanPostProcessors (for example: not eligible for auto-proxying)
2018-12-22 13:23:28.756  INFO 11736 --- [           main] trationDelegate$BeanPostProcessorChecker : Bean 'methodSecurityMetadataSource' of type [org.springframework.security.access.method.DelegatingMethodSecurityMetadataSource] is not eligible for getting processed by all BeanPostProcessors (for example: not eligible for auto-proxying)
2018-12-22 13:23:28.771  INFO 11736 --- [           main] trationDelegate$BeanPostProcessorChecker : Bean 'org.springframework.transaction.annotation.ProxyTransactionManagementConfiguration' of type [org.springframework.transaction.annotation.ProxyTransactionManagementConfiguration$$EnhancerBySpringCGLIB$$25de7292] is not eligible for getting processed by all BeanPostProcessors (for example: not eligible for auto-proxying)
2018-12-22 13:23:28.796  INFO 11736 --- [           main] trationDelegate$BeanPostProcessorChecker : Bean 'security.oauth2.client-org.springframework.boot.autoconfigure.security.oauth2.OAuth2ClientProperties' of type [org.springframework.boot.autoconfigure.security.oauth2.OAuth2ClientProperties] is not eligible for getting processed by all BeanPostProcessors (for example: not eligible for auto-proxying)
2018-12-22 13:23:28.798  INFO 11736 --- [           main] trationDelegate$BeanPostProcessorChecker : Bean 'org.springframework.boot.autoconfigure.security.oauth2.OAuth2AutoConfiguration' of type [org.springframework.boot.autoconfigure.security.oauth2.OAuth2AutoConfiguration$$EnhancerBySpringCGLIB$$dd282e92] is not eligible for getting processed by all BeanPostProcessors (for example: not eligible for auto-proxying)
2018-12-22 13:23:28.805  INFO 11736 --- [           main] trationDelegate$BeanPostProcessorChecker : Bean 'resourceServerProperties' of type [org.springframework.boot.autoconfigure.security.oauth2.resource.ResourceServerProperties] is not eligible for getting processed by all BeanPostProcessors (for example: not eligible for auto-proxying)
2018-12-22 13:23:28.850  INFO 11736 --- [           main] org.zlogic.vogon.web.TomcatConfigurer    : Using keystore C:\Program Files (x86)\Jenkins\workspace\Maven_project\vogon-web\target/vogonweb.keystore with password ********
2018-12-22 13:23:28.866  INFO 11736 --- [           main] s.b.c.e.t.TomcatEmbeddedServletContainer : Tomcat initialized with port(s): 8080 (http) 8443 (https)
2018-12-22 13:23:28.882  INFO 11736 --- [           main] o.apache.catalina.core.StandardService   : Starting service Tomcat
2018-12-22 13:23:28.882  INFO 11736 --- [           main] org.apache.catalina.core.StandardEngine  : Starting Servlet Engine: Apache Tomcat/8.5.14
2018-12-22 13:23:28.918  INFO 11736 --- [ost-startStop-1] org.apache.jasper.servlet.TldScanner     : At least one JAR was scanned for TLDs yet contained no TLDs. Enable debug logging for this logger for a complete list of JARs that were scanned but no TLDs were found in them. Skipping unneeded JARs during scanning can improve startup time and JSP compilation time.
2018-12-22 13:23:28.918  INFO 11736 --- [ost-startStop-1] o.a.c.c.C.[Tomcat-131].[localhost].[/]   : Initializing Spring embedded WebApplicationContext
2018-12-22 13:23:28.918  INFO 11736 --- [ost-startStop-1] o.s.web.context.ContextLoader            : Root WebApplicationContext: initialization completed in 776 ms
2018-12-22 13:23:29.080  INFO 11736 --- [ost-startStop-1] o.s.b.w.servlet.FilterRegistrationBean   : Mapping filter: 'metricsFilter' to: [/*]
2018-12-22 13:23:29.080  INFO 11736 --- [ost-startStop-1] o.s.b.w.servlet.FilterRegistrationBean   : Mapping filter: 'characterEncodingFilter' to: [/*]
2018-12-22 13:23:29.080  INFO 11736 --- [ost-startStop-1] o.s.b.w.servlet.FilterRegistrationBean   : Mapping filter: 'hiddenHttpMethodFilter' to: [/*]
2018-12-22 13:23:29.081  INFO 11736 --- [ost-startStop-1] o.s.b.w.servlet.FilterRegistrationBean   : Mapping filter: 'httpPutFormContentFilter' to: [/*]
2018-12-22 13:23:29.081  INFO 11736 --- [ost-startStop-1] o.s.b.w.servlet.FilterRegistrationBean   : Mapping filter: 'requestContextFilter' to: [/*]
2018-12-22 13:23:29.081  INFO 11736 --- [ost-startStop-1] .s.DelegatingFilterProxyRegistrationBean : Mapping filter: 'springSecurityFilterChain' to: [/*]
2018-12-22 13:23:29.081  INFO 11736 --- [ost-startStop-1] o.s.b.w.servlet.FilterRegistrationBean   : Mapping filter: 'webRequestLoggingFilter' to: [/*]
2018-12-22 13:23:29.081  INFO 11736 --- [ost-startStop-1] o.s.b.w.servlet.FilterRegistrationBean   : Mapping filter: 'applicationContextIdFilter' to: [/*]
2018-12-22 13:23:29.081  INFO 11736 --- [ost-startStop-1] o.s.b.w.servlet.ServletRegistrationBean  : Mapping servlet: 'dispatcherServlet' to [/]
2018-12-22 13:23:29.088  INFO 11736 --- [           main] j.LocalContainerEntityManagerFactoryBean : Building JPA container EntityManagerFactory for persistence unit 'VogonPU'
2018-12-22 13:23:29.088  INFO 11736 --- [           main] o.hibernate.jpa.internal.util.LogHelper  : HHH000204: Processing PersistenceUnitInfo [
	name: VogonPU
	...]
2018-12-22 13:23:29.088  WARN 11736 --- [           main] org.hibernate.orm.connections.pooling    : HHH10001002: Using Hibernate built-in connection pool (not for production use!)
2018-12-22 13:23:29.088  INFO 11736 --- [           main] org.hibernate.orm.connections.pooling    : HHH10001005: using driver [org.h2.Driver] at URL [jdbc:h2:mem:test]
2018-12-22 13:23:29.088  INFO 11736 --- [           main] org.hibernate.orm.connections.pooling    : HHH10001001: Connection properties: {}
2018-12-22 13:23:29.088  INFO 11736 --- [           main] org.hibernate.orm.connections.pooling    : HHH10001003: Autocommit mode: false
2018-12-22 13:23:29.088  INFO 11736 --- [           main] .c.i.DriverManagerConnectionProviderImpl : HHH000115: Hibernate connection pool size: 20 (min=1)
2018-12-22 13:23:29.088  INFO 11736 --- [           main] org.hibernate.dialect.Dialect            : HHH000400: Using dialect: org.hibernate.dialect.H2Dialect
2018-12-22 13:23:29.104  INFO 11736 --- [           main] org.hibernate.orm.connections.access     : HHH10001501: Connection obtained from JdbcConnectionAccess [org.hibernate.engine.jdbc.env.internal.JdbcEnvironmentInitiator$ConnectionProviderJdbcConnectionAccess@d037de4] for (non-JTA) DDL execution was not in auto-commit mode; the Connection 'local transaction' will be committed and the Connection will be set into auto-commit mode.
2018-12-22 13:23:29.104  INFO 11736 --- [           main] j.LocalContainerEntityManagerFactoryBean : Initialized JPA EntityManagerFactory for persistence unit 'VogonPU'
2018-12-22 13:23:29.539  INFO 11736 --- [           main] .s.o.p.e.FrameworkEndpointHandlerMapping : Mapped "{[/oauth/authorize]}" onto public org.springframework.web.servlet.ModelAndView org.springframework.security.oauth2.provider.endpoint.AuthorizationEndpoint.authorize(java.util.Map<java.lang.String, java.lang.Object>,java.util.Map<java.lang.String, java.lang.String>,org.springframework.web.bind.support.SessionStatus,java.security.Principal)
2018-12-22 13:23:29.539  INFO 11736 --- [           main] .s.o.p.e.FrameworkEndpointHandlerMapping : Mapped "{[/oauth/authorize],methods=[POST],params=[user_oauth_approval]}" onto public org.springframework.web.servlet.View org.springframework.security.oauth2.provider.endpoint.AuthorizationEndpoint.approveOrDeny(java.util.Map<java.lang.String, java.lang.String>,java.util.Map<java.lang.String, ?>,org.springframework.web.bind.support.SessionStatus,java.security.Principal)
2018-12-22 13:23:29.539  INFO 11736 --- [           main] .s.o.p.e.FrameworkEndpointHandlerMapping : Mapped "{[/oauth/token],methods=[GET]}" onto public org.springframework.http.ResponseEntity<org.springframework.security.oauth2.common.OAuth2AccessToken> org.springframework.security.oauth2.provider.endpoint.TokenEndpoint.getAccessToken(java.security.Principal,java.util.Map<java.lang.String, java.lang.String>) throws org.springframework.web.HttpRequestMethodNotSupportedException
2018-12-22 13:23:29.539  INFO 11736 --- [           main] .s.o.p.e.FrameworkEndpointHandlerMapping : Mapped "{[/oauth/token],methods=[POST]}" onto public org.springframework.http.ResponseEntity<org.springframework.security.oauth2.common.OAuth2AccessToken> org.springframework.security.oauth2.provider.endpoint.TokenEndpoint.postAccessToken(java.security.Principal,java.util.Map<java.lang.String, java.lang.String>) throws org.springframework.web.HttpRequestMethodNotSupportedException
2018-12-22 13:23:29.539  INFO 11736 --- [           main] .s.o.p.e.FrameworkEndpointHandlerMapping : Mapped "{[/oauth/check_token]}" onto public java.util.Map<java.lang.String, ?> org.springframework.security.oauth2.provider.endpoint.CheckTokenEndpoint.checkToken(java.lang.String)
2018-12-22 13:23:29.539  INFO 11736 --- [           main] .s.o.p.e.FrameworkEndpointHandlerMapping : Mapped "{[/oauth/confirm_access]}" onto public org.springframework.web.servlet.ModelAndView org.springframework.security.oauth2.provider.endpoint.WhitelabelApprovalEndpoint.getAccessConfirmation(java.util.Map<java.lang.String, java.lang.Object>,javax.servlet.http.HttpServletRequest) throws java.lang.Exception
2018-12-22 13:23:29.539  INFO 11736 --- [           main] .s.o.p.e.FrameworkEndpointHandlerMapping : Mapped "{[/oauth/error]}" onto public org.springframework.web.servlet.ModelAndView org.springframework.security.oauth2.provider.endpoint.WhitelabelErrorEndpoint.handleError(javax.servlet.http.HttpServletRequest)
2018-12-22 13:23:29.742  INFO 11736 --- [           main] o.s.s.web.DefaultSecurityFilterChain     : Creating filter chain: OrRequestMatcher [requestMatchers=[Ant [pattern='/oauth/token'], Ant [pattern='/oauth/token_key'], Ant [pattern='/oauth/check_token']]], [org.springframework.security.web.context.request.async.WebAsyncManagerIntegrationFilter@2ada4fad, org.springframework.security.web.context.SecurityContextPersistenceFilter@706957c, org.springframework.security.web.header.HeaderWriterFilter@74d20d05, org.springframework.security.web.authentication.logout.LogoutFilter@2942b934, org.springframework.security.oauth2.provider.client.ClientCredentialsTokenEndpointFilter@1053e5f4, org.springframework.security.web.authentication.www.BasicAuthenticationFilter@7ac8324a, org.springframework.security.web.savedrequest.RequestCacheAwareFilter@38ebde43, org.springframework.security.web.servletapi.SecurityContextHolderAwareRequestFilter@5c35467e, org.springframework.security.web.authentication.AnonymousAuthenticationFilter@1f279d73, org.springframework.security.web.session.SessionManagementFilter@48b7a6ba, org.springframework.security.web.access.ExceptionTranslationFilter@5a9cb9d6, org.springframework.security.web.access.intercept.FilterSecurityInterceptor@3c9f08fc]
2018-12-22 13:23:29.742  INFO 11736 --- [           main] o.s.s.web.DefaultSecurityFilterChain     : Creating filter chain: org.springframework.boot.actuate.autoconfigure.ManagementWebSecurityAutoConfiguration$LazyEndpointPathRequestMatcher@73263b7b, [org.springframework.security.web.context.request.async.WebAsyncManagerIntegrationFilter@2bc9ad7e, org.springframework.security.web.context.SecurityContextPersistenceFilter@6284b99b, org.springframework.security.web.header.HeaderWriterFilter@5442abed, org.springframework.security.web.authentication.logout.LogoutFilter@7e31a7f3, org.springframework.security.web.authentication.www.BasicAuthenticationFilter@cbe60db, org.springframework.security.web.savedrequest.RequestCacheAwareFilter@3f266691, org.springframework.security.web.servletapi.SecurityContextHolderAwareRequestFilter@7e7abf5b, org.springframework.security.web.authentication.AnonymousAuthenticationFilter@3c693ad9, org.springframework.security.web.session.SessionManagementFilter@70ee04bb, org.springframework.security.web.access.ExceptionTranslationFilter@391c9c76, org.springframework.security.web.access.intercept.FilterSecurityInterceptor@54d86deb]
2018-12-22 13:23:29.758  INFO 11736 --- [           main] o.s.s.w.a.c.ChannelProcessingFilter      : Validated configuration attributes
2018-12-22 13:23:29.758  INFO 11736 --- [           main] o.s.s.web.DefaultSecurityFilterChain     : Creating filter chain: org.springframework.security.oauth2.config.annotation.web.configuration.ResourceServerConfiguration$NotOAuthRequestMatcher@2edfa818, [org.springframework.security.web.access.channel.ChannelProcessingFilter@76689022, org.springframework.security.web.context.request.async.WebAsyncManagerIntegrationFilter@27fc9286, org.springframework.security.web.context.SecurityContextPersistenceFilter@7df928f7, org.springframework.security.web.header.HeaderWriterFilter@61979f85, org.springframework.security.web.authentication.logout.LogoutFilter@1fb2de0f, org.springframework.security.oauth2.provider.authentication.OAuth2AuthenticationProcessingFilter@d490128, org.springframework.security.web.savedrequest.RequestCacheAwareFilter@3e3d7d52, org.springframework.security.web.servletapi.SecurityContextHolderAwareRequestFilter@630bb6a7, org.springframework.security.web.authentication.AnonymousAuthenticationFilter@47096ad2, org.springframework.security.web.session.SessionManagementFilter@f4e7178, org.springframework.security.web.access.ExceptionTranslationFilter@282d6547, org.springframework.security.web.access.intercept.FilterSecurityInterceptor@239d0b13]
2018-12-22 13:23:29.836  INFO 11736 --- [           main] s.w.s.m.m.a.RequestMappingHandlerAdapter : Looking for @ControllerAdvice: org.springframework.boot.context.embedded.AnnotationConfigEmbeddedWebApplicationContext@3b2b8aa6: startup date [Sat Dec 22 13:23:28 IST 2018]; root of context hierarchy
2018-12-22 13:23:29.851  INFO 11736 --- [           main] s.w.s.m.m.a.RequestMappingHandlerMapping : Mapped "{[/service/accounts],methods=[GET],produces=[application/json]}" onto public java.util.Collection<org.zlogic.vogon.data.FinanceAccount> org.zlogic.vogon.web.controller.AccountsController.getAllAccounts(org.zlogic.vogon.web.security.VogonSecurityUser)
2018-12-22 13:23:29.851  INFO 11736 --- [           main] s.w.s.m.m.a.RequestMappingHandlerMapping : Mapped "{[/service/accounts],methods=[POST],produces=[application/json]}" onto public java.util.Collection<org.zlogic.vogon.data.FinanceAccount> org.zlogic.vogon.web.controller.AccountsController.updateAccounts(java.util.Collection<org.zlogic.vogon.data.FinanceAccount>,org.zlogic.vogon.web.security.VogonSecurityUser)
2018-12-22 13:23:29.851  INFO 11736 --- [           main] s.w.s.m.m.a.RequestMappingHandlerMapping : Mapped "{[/service/analytics/tags],methods=[GET],produces=[application/json]}" onto public java.util.Set<java.lang.String> org.zlogic.vogon.web.controller.AnalyticsController.getAllTags(org.zlogic.vogon.web.security.VogonSecurityUser)
2018-12-22 13:23:29.851  INFO 11736 --- [           main] s.w.s.m.m.a.RequestMappingHandlerMapping : Mapped "{[/service/analytics],methods=[POST],produces=[application/json]}" onto public java.util.Map<java.lang.String, org.zlogic.vogon.data.report.Report> org.zlogic.vogon.web.controller.AnalyticsController.getReport(org.zlogic.vogon.data.report.ReportFactory,org.zlogic.vogon.web.security.VogonSecurityUser)
2018-12-22 13:23:29.851  INFO 11736 --- [           main] s.w.s.m.m.a.RequestMappingHandlerMapping : Mapped "{[/service/currencies],methods=[GET],produces=[application/json]}" onto public java.util.Collection<org.zlogic.vogon.web.data.model.CurrencyDetails> org.zlogic.vogon.web.controller.CurrenciesController.getAllCurrencies()
2018-12-22 13:23:29.851  INFO 11736 --- [           main] s.w.s.m.m.a.RequestMappingHandlerMapping : Mapped "{[/service/export],methods=[GET || POST]}" onto public org.springframework.http.HttpEntity<byte[]> org.zlogic.vogon.web.controller.DataController.exportDataJSON(org.zlogic.vogon.web.security.VogonSecurityUser) throws java.lang.RuntimeException
2018-12-22 13:23:29.851  INFO 11736 --- [           main] s.w.s.m.m.a.RequestMappingHandlerMapping : Mapped "{[/service/import],methods=[POST],consumes=[multipart/form-data],produces=[application/json]}" onto public java.lang.Boolean org.zlogic.vogon.web.controller.DataController.importData(org.springframework.web.multipart.MultipartFile,org.zlogic.vogon.web.security.VogonSecurityUser) throws java.lang.RuntimeException
2018-12-22 13:23:29.851  INFO 11736 --- [           main] s.w.s.m.m.a.RequestMappingHandlerMapping : Mapped "{[/fragments/{fragment}.fragment]}" onto public org.springframework.web.servlet.ModelAndView org.zlogic.vogon.web.controller.JspController.fragmentModelAndView(java.lang.String)
2018-12-22 13:23:29.851  INFO 11736 --- [           main] s.w.s.m.m.a.RequestMappingHandlerMapping : Mapped "{[/]}" onto public org.springframework.web.servlet.ModelAndView org.zlogic.vogon.web.controller.JspController.indexModelAndView()
2018-12-22 13:23:29.851  INFO 11736 --- [           main] s.w.s.m.m.a.RequestMappingHandlerMapping : Mapped "{[/oauth/logout],methods=[POST]}" onto public void org.zlogic.vogon.web.controller.LogoutController.logout(org.springframework.security.oauth2.provider.OAuth2Authentication) throws org.zlogic.vogon.web.security.UsernameExistsException
2018-12-22 13:23:29.851  INFO 11736 --- [           main] s.w.s.m.m.a.RequestMappingHandlerMapping : Mapped "{[/register],methods=[POST],produces=[application/json]}" onto public org.zlogic.vogon.data.VogonUser org.zlogic.vogon.web.controller.RegistrationController.register(org.zlogic.vogon.data.VogonUser) throws org.zlogic.vogon.web.security.UsernameExistsException
2018-12-22 13:23:29.851  INFO 11736 --- [           main] s.w.s.m.m.a.RequestMappingHandlerMapping : Mapped "{[/service/transactions/transaction/{id}],methods=[GET],produces=[application/json]}" onto public org.zlogic.vogon.web.data.model.FinanceTransactionJson org.zlogic.vogon.web.controller.TransactionsController.getTransaction(long,org.zlogic.vogon.web.security.VogonSecurityUser)
2018-12-22 13:23:29.851  INFO 11736 --- [           main] s.w.s.m.m.a.RequestMappingHandlerMapping : Mapped "{[/service/transactions],methods=[GET],produces=[application/json]}" onto public java.util.Collection<org.zlogic.vogon.web.data.model.FinanceTransactionJson> org.zlogic.vogon.web.controller.TransactionsController.getTransactions(java.lang.Integer,org.zlogic.vogon.web.controller.TransactionsController$SortColumn,org.springframework.data.domain.Sort$Direction,java.lang.String,java.util.Date,java.util.Collection<java.lang.String>,org.zlogic.vogon.web.security.VogonSecurityUser)
2018-12-22 13:23:29.851  INFO 11736 --- [           main] s.w.s.m.m.a.RequestMappingHandlerMapping : Mapped "{[/service/transactions],methods=[POST],produces=[application/json]}" onto public org.zlogic.vogon.web.data.model.FinanceTransactionJson org.zlogic.vogon.web.controller.TransactionsController.submitTransaction(org.zlogic.vogon.web.data.model.FinanceTransactionJson,org.zlogic.vogon.web.security.VogonSecurityUser)
2018-12-22 13:23:29.851  INFO 11736 --- [           main] s.w.s.m.m.a.RequestMappingHandlerMapping : Mapped "{[/service/transactions/pages],methods=[GET],produces=[application/json]}" onto public long org.zlogic.vogon.web.controller.TransactionsController.getTransactionsCount(org.zlogic.vogon.web.security.VogonSecurityUser)
2018-12-22 13:23:29.851  INFO 11736 --- [           main] s.w.s.m.m.a.RequestMappingHandlerMapping : Mapped "{[/service/transactions/transaction/{id}],methods=[DELETE],produces=[application/json]}" onto public org.zlogic.vogon.web.data.model.FinanceTransactionJson org.zlogic.vogon.web.controller.TransactionsController.deleteTransaction(long,org.zlogic.vogon.web.security.VogonSecurityUser)
2018-12-22 13:23:29.851  INFO 11736 --- [           main] s.w.s.m.m.a.RequestMappingHandlerMapping : Mapped "{[/service/user],methods=[POST],produces=[application/json]}" onto public org.zlogic.vogon.data.VogonUser org.zlogic.vogon.web.controller.UsersController.submitUser(org.zlogic.vogon.data.VogonUser,org.zlogic.vogon.web.security.VogonSecurityUser) throws org.zlogic.vogon.web.security.UsernameExistsException
2018-12-22 13:23:29.851  INFO 11736 --- [           main] s.w.s.m.m.a.RequestMappingHandlerMapping : Mapped "{[/service/user],methods=[GET],produces=[application/json]}" onto public org.zlogic.vogon.data.VogonUser org.zlogic.vogon.web.controller.UsersController.getUserData(org.zlogic.vogon.web.security.VogonSecurityUser)
2018-12-22 13:23:29.851  INFO 11736 --- [           main] s.w.s.m.m.a.RequestMappingHandlerMapping : Mapped "{[/error]}" onto public org.springframework.http.ResponseEntity<java.util.Map<java.lang.String, java.lang.Object>> org.springframework.boot.autoconfigure.web.BasicErrorController.error(javax.servlet.http.HttpServletRequest)
2018-12-22 13:23:29.851  INFO 11736 --- [           main] s.w.s.m.m.a.RequestMappingHandlerMapping : Mapped "{[/error],produces=[text/html]}" onto public org.springframework.web.servlet.ModelAndView org.springframework.boot.autoconfigure.web.BasicErrorController.errorHtml(javax.servlet.http.HttpServletRequest,javax.servlet.http.HttpServletResponse)
2018-12-22 13:23:29.867  INFO 11736 --- [           main] o.s.w.s.handler.SimpleUrlHandlerMapping  : Root mapping to handler of type [class org.springframework.web.servlet.mvc.ParameterizableViewController]
2018-12-22 13:23:30.054  INFO 11736 --- [           main] o.s.w.s.handler.SimpleUrlHandlerMapping  : Mapped URL path [/webjars/**] onto handler of type [class org.springframework.web.servlet.resource.ResourceHttpRequestHandler]
2018-12-22 13:23:30.054  INFO 11736 --- [           main] o.s.w.s.handler.SimpleUrlHandlerMapping  : Mapped URL path [/**] onto handler of type [class org.springframework.web.servlet.resource.ResourceHttpRequestHandler]
2018-12-22 13:23:30.054  INFO 11736 --- [           main] o.s.w.s.handler.SimpleUrlHandlerMapping  : Mapped URL path [/**] onto handler of type [class org.springframework.web.servlet.resource.DefaultServletHttpRequestHandler]
2018-12-22 13:23:30.076  INFO 11736 --- [           main] o.s.w.s.handler.SimpleUrlHandlerMapping  : Mapped URL path [/**/favicon.ico] onto handler of type [class org.springframework.web.servlet.resource.ResourceHttpRequestHandler]
2018-12-22 13:23:30.292  INFO 11736 --- [           main] o.s.b.a.e.mvc.EndpointHandlerMapping     : Mapped "{[/beans || /beans.json],methods=[GET],produces=[application/vnd.spring-boot.actuator.v1+json || application/json]}" onto public java.lang.Object org.springframework.boot.actuate.endpoint.mvc.EndpointMvcAdapter.invoke()
2018-12-22 13:23:30.292  INFO 11736 --- [           main] o.s.b.a.e.mvc.EndpointHandlerMapping     : Mapped "{[/metrics/{name:.*}],methods=[GET],produces=[application/vnd.spring-boot.actuator.v1+json || application/json]}" onto public java.lang.Object org.springframework.boot.actuate.endpoint.mvc.MetricsMvcEndpoint.value(java.lang.String)
2018-12-22 13:23:30.292  INFO 11736 --- [           main] o.s.b.a.e.mvc.EndpointHandlerMapping     : Mapped "{[/metrics || /metrics.json],methods=[GET],produces=[application/vnd.spring-boot.actuator.v1+json || application/json]}" onto public java.lang.Object org.springframework.boot.actuate.endpoint.mvc.EndpointMvcAdapter.invoke()
2018-12-22 13:23:30.292  INFO 11736 --- [           main] o.s.b.a.e.mvc.EndpointHandlerMapping     : Mapped "{[/health || /health.json],methods=[GET],produces=[application/vnd.spring-boot.actuator.v1+json || application/json]}" onto public java.lang.Object org.springframework.boot.actuate.endpoint.mvc.HealthMvcEndpoint.invoke(javax.servlet.http.HttpServletRequest,java.security.Principal)
2018-12-22 13:23:30.292  INFO 11736 --- [           main] o.s.b.a.e.mvc.EndpointHandlerMapping     : Mapped "{[/autoconfig || /autoconfig.json],methods=[GET],produces=[application/vnd.spring-boot.actuator.v1+json || application/json]}" onto public java.lang.Object org.springframework.boot.actuate.endpoint.mvc.EndpointMvcAdapter.invoke()
2018-12-22 13:23:30.292  INFO 11736 --- [           main] o.s.b.a.e.mvc.EndpointHandlerMapping     : Mapped "{[/env/{name:.*}],methods=[GET],produces=[application/vnd.spring-boot.actuator.v1+json || application/json]}" onto public java.lang.Object org.springframework.boot.actuate.endpoint.mvc.EnvironmentMvcEndpoint.value(java.lang.String)
2018-12-22 13:23:30.292  INFO 11736 --- [           main] o.s.b.a.e.mvc.EndpointHandlerMapping     : Mapped "{[/env || /env.json],methods=[GET],produces=[application/vnd.spring-boot.actuator.v1+json || application/json]}" onto public java.lang.Object org.springframework.boot.actuate.endpoint.mvc.EndpointMvcAdapter.invoke()
2018-12-22 13:23:30.292  INFO 11736 --- [           main] o.s.b.a.e.mvc.EndpointHandlerMapping     : Mapped "{[/loggers/{name:.*}],methods=[GET],produces=[application/vnd.spring-boot.actuator.v1+json || application/json]}" onto public java.lang.Object org.springframework.boot.actuate.endpoint.mvc.LoggersMvcEndpoint.get(java.lang.String)
2018-12-22 13:23:30.292  INFO 11736 --- [           main] o.s.b.a.e.mvc.EndpointHandlerMapping     : Mapped "{[/loggers/{name:.*}],methods=[POST],consumes=[application/vnd.spring-boot.actuator.v1+json || application/json],produces=[application/vnd.spring-boot.actuator.v1+json || application/json]}" onto public java.lang.Object org.springframework.boot.actuate.endpoint.mvc.LoggersMvcEndpoint.set(java.lang.String,java.util.Map<java.lang.String, java.lang.String>)
2018-12-22 13:23:30.292  INFO 11736 --- [           main] o.s.b.a.e.mvc.EndpointHandlerMapping     : Mapped "{[/loggers || /loggers.json],methods=[GET],produces=[application/vnd.spring-boot.actuator.v1+json || application/json]}" onto public java.lang.Object org.springframework.boot.actuate.endpoint.mvc.EndpointMvcAdapter.invoke()
2018-12-22 13:23:30.292  INFO 11736 --- [           main] o.s.b.a.e.mvc.EndpointHandlerMapping     : Mapped "{[/heapdump || /heapdump.json],methods=[GET],produces=[application/octet-stream]}" onto public void org.springframework.boot.actuate.endpoint.mvc.HeapdumpMvcEndpoint.invoke(boolean,javax.servlet.http.HttpServletRequest,javax.servlet.http.HttpServletResponse) throws java.io.IOException,javax.servlet.ServletException
2018-12-22 13:23:30.292  INFO 11736 --- [           main] o.s.b.a.e.mvc.EndpointHandlerMapping     : Mapped "{[/auditevents || /auditevents.json],methods=[GET],produces=[application/vnd.spring-boot.actuator.v1+json || application/json]}" onto public org.springframework.http.ResponseEntity<?> org.springframework.boot.actuate.endpoint.mvc.AuditEventsMvcEndpoint.findByPrincipalAndAfterAndType(java.lang.String,java.util.Date,java.lang.String)
2018-12-22 13:23:30.292  INFO 11736 --- [           main] o.s.b.a.e.mvc.EndpointHandlerMapping     : Mapped "{[/configprops || /configprops.json],methods=[GET],produces=[application/vnd.spring-boot.actuator.v1+json || application/json]}" onto public java.lang.Object org.springframework.boot.actuate.endpoint.mvc.EndpointMvcAdapter.invoke()
2018-12-22 13:23:30.292  INFO 11736 --- [           main] o.s.b.a.e.mvc.EndpointHandlerMapping     : Mapped "{[/info || /info.json],methods=[GET],produces=[application/vnd.spring-boot.actuator.v1+json || application/json]}" onto public java.lang.Object org.springframework.boot.actuate.endpoint.mvc.EndpointMvcAdapter.invoke()
2018-12-22 13:23:30.292  INFO 11736 --- [           main] o.s.b.a.e.mvc.EndpointHandlerMapping     : Mapped "{[/dump || /dump.json],methods=[GET],produces=[application/vnd.spring-boot.actuator.v1+json || application/json]}" onto public java.lang.Object org.springframework.boot.actuate.endpoint.mvc.EndpointMvcAdapter.invoke()
2018-12-22 13:23:30.292  INFO 11736 --- [           main] o.s.b.a.e.mvc.EndpointHandlerMapping     : Mapped "{[/trace || /trace.json],methods=[GET],produces=[application/vnd.spring-boot.actuator.v1+json || application/json]}" onto public java.lang.Object org.springframework.boot.actuate.endpoint.mvc.EndpointMvcAdapter.invoke()
2018-12-22 13:23:30.292  INFO 11736 --- [           main] o.s.b.a.e.mvc.EndpointHandlerMapping     : Mapped "{[/mappings || /mappings.json],methods=[GET],produces=[application/vnd.spring-boot.actuator.v1+json || application/json]}" onto public java.lang.Object org.springframework.boot.actuate.endpoint.mvc.EndpointMvcAdapter.invoke()
2018-12-22 13:23:30.402 ERROR 11736 --- [           main] o.a.coyote.http11.Http11NioProtocol      : Failed to start end point associated with ProtocolHandler ["http-nio-8080"]

java.net.BindException: Address already in use: bind
	at sun.nio.ch.Net.bind0(Native Method) ~[na:1.8.0_191]
	at sun.nio.ch.Net.bind(Net.java:433) ~[na:1.8.0_191]
	at sun.nio.ch.Net.bind(Net.java:425) ~[na:1.8.0_191]
	at sun.nio.ch.ServerSocketChannelImpl.bind(ServerSocketChannelImpl.java:223) ~[na:1.8.0_191]
	at sun.nio.ch.ServerSocketAdaptor.bind(ServerSocketAdaptor.java:74) ~[na:1.8.0_191]
	at org.apache.tomcat.util.net.NioEndpoint.bind(NioEndpoint.java:210) ~[tomcat-embed-core-8.5.14.jar:8.5.14]
	at org.apache.tomcat.util.net.AbstractEndpoint.start(AbstractEndpoint.java:978) ~[tomcat-embed-core-8.5.14.jar:8.5.14]
	at org.apache.coyote.AbstractProtocol.start(AbstractProtocol.java:628) ~[tomcat-embed-core-8.5.14.jar:8.5.14]
	at org.apache.catalina.connector.Connector.startInternal(Connector.java:993) [tomcat-embed-core-8.5.14.jar:8.5.14]
	at org.apache.catalina.util.LifecycleBase.start(LifecycleBase.java:150) [tomcat-embed-core-8.5.14.jar:8.5.14]
	at org.apache.catalina.core.StandardService.addConnector(StandardService.java:225) [tomcat-embed-core-8.5.14.jar:8.5.14]
	at org.springframework.boot.context.embedded.tomcat.TomcatEmbeddedServletContainer.addPreviouslyRemovedConnectors(TomcatEmbeddedServletContainer.java:247) [spring-boot-1.5.3.RELEASE.jar:1.5.3.RELEASE]
	at org.springframework.boot.context.embedded.tomcat.TomcatEmbeddedServletContainer.start(TomcatEmbeddedServletContainer.java:190) [spring-boot-1.5.3.RELEASE.jar:1.5.3.RELEASE]
	at org.springframework.boot.context.embedded.EmbeddedWebApplicationContext.startEmbeddedServletContainer(EmbeddedWebApplicationContext.java:297) [spring-boot-1.5.3.RELEASE.jar:1.5.3.RELEASE]
	at org.springframework.boot.context.embedded.EmbeddedWebApplicationContext.finishRefresh(EmbeddedWebApplicationContext.java:145) [spring-boot-1.5.3.RELEASE.jar:1.5.3.RELEASE]
	at org.springframework.context.support.AbstractApplicationContext.refresh(AbstractApplicationContext.java:545) [spring-context-4.3.8.RELEASE.jar:4.3.8.RELEASE]
	at org.springframework.boot.context.embedded.EmbeddedWebApplicationContext.refresh(EmbeddedWebApplicationContext.java:122) [spring-boot-1.5.3.RELEASE.jar:1.5.3.RELEASE]
	at org.springframework.boot.SpringApplication.refresh(SpringApplication.java:737) [spring-boot-1.5.3.RELEASE.jar:1.5.3.RELEASE]
	at org.springframework.boot.SpringApplication.refreshContext(SpringApplication.java:370) [spring-boot-1.5.3.RELEASE.jar:1.5.3.RELEASE]
	at org.springframework.boot.SpringApplication.run(SpringApplication.java:314) [spring-boot-1.5.3.RELEASE.jar:1.5.3.RELEASE]
	at org.springframework.boot.test.context.SpringBootContextLoader.loadContext(SpringBootContextLoader.java:120) [spring-boot-test-1.5.3.RELEASE.jar:1.5.3.RELEASE]
	at org.springframework.test.context.cache.DefaultCacheAwareContextLoaderDelegate.loadContextInternal(DefaultCacheAwareContextLoaderDelegate.java:98) [spring-test-4.3.8.RELEASE.jar:4.3.8.RELEASE]
	at org.springframework.test.context.cache.DefaultCacheAwareContextLoaderDelegate.loadContext(DefaultCacheAwareContextLoaderDelegate.java:116) [spring-test-4.3.8.RELEASE.jar:4.3.8.RELEASE]
	at org.springframework.test.context.support.DefaultTestContext.getApplicationContext(DefaultTestContext.java:83) [spring-test-4.3.8.RELEASE.jar:4.3.8.RELEASE]
	at org.springframework.boot.test.autoconfigure.SpringBootDependencyInjectionTestExecutionListener.prepareTestInstance(SpringBootDependencyInjectionTestExecutionListener.java:47) [spring-boot-test-autoconfigure-1.5.3.RELEASE.jar:1.5.3.RELEASE]
	at org.springframework.test.context.TestContextManager.prepareTestInstance(TestContextManager.java:230) [spring-test-4.3.8.RELEASE.jar:4.3.8.RELEASE]
	at org.springframework.test.context.junit4.SpringJUnit4ClassRunner.createTest(SpringJUnit4ClassRunner.java:228) [spring-test-4.3.8.RELEASE.jar:4.3.8.RELEASE]
	at org.springframework.test.context.junit4.SpringJUnit4ClassRunner$1.runReflectiveCall(SpringJUnit4ClassRunner.java:287) [spring-test-4.3.8.RELEASE.jar:4.3.8.RELEASE]
	at org.junit.internal.runners.model.ReflectiveCallable.run(ReflectiveCallable.java:12) [junit-4.12.jar:4.12]
	at org.springframework.test.context.junit4.SpringJUnit4ClassRunner.methodBlock(SpringJUnit4ClassRunner.java:289) [spring-test-4.3.8.RELEASE.jar:4.3.8.RELEASE]
	at org.springframework.test.context.junit4.SpringJUnit4ClassRunner.runChild(SpringJUnit4ClassRunner.java:247) [spring-test-4.3.8.RELEASE.jar:4.3.8.RELEASE]
	at org.springframework.test.context.junit4.SpringJUnit4ClassRunner.runChild(SpringJUnit4ClassRunner.java:94) [spring-test-4.3.8.RELEASE.jar:4.3.8.RELEASE]
	at org.junit.runners.ParentRunner$3.run(ParentRunner.java:290) [junit-4.12.jar:4.12]
	at org.junit.runners.ParentRunner$1.schedule(ParentRunner.java:71) [junit-4.12.jar:4.12]
	at org.junit.runners.ParentRunner.runChildren(ParentRunner.java:288) [junit-4.12.jar:4.12]
	at org.junit.runners.ParentRunner.access$000(ParentRunner.java:58) [junit-4.12.jar:4.12]
	at org.junit.runners.ParentRunner$2.evaluate(ParentRunner.java:268) [junit-4.12.jar:4.12]
	at org.springframework.test.context.junit4.statements.RunBeforeTestClassCallbacks.evaluate(RunBeforeTestClassCallbacks.java:61) [spring-test-4.3.8.RELEASE.jar:4.3.8.RELEASE]
	at org.springframework.test.context.junit4.statements.RunAfterTestClassCallbacks.evaluate(RunAfterTestClassCallbacks.java:70) [spring-test-4.3.8.RELEASE.jar:4.3.8.RELEASE]
	at org.junit.runners.ParentRunner.run(ParentRunner.java:363) [junit-4.12.jar:4.12]
	at org.springframework.test.context.junit4.SpringJUnit4ClassRunner.run(SpringJUnit4ClassRunner.java:191) [spring-test-4.3.8.RELEASE.jar:4.3.8.RELEASE]
	at org.apache.maven.surefire.junit4.JUnit4Provider.execute(JUnit4Provider.java:365) [surefire-junit4-2.20.jar:2.20]
	at org.apache.maven.surefire.junit4.JUnit4Provider.executeWithRerun(JUnit4Provider.java:272) [surefire-junit4-2.20.jar:2.20]
	at org.apache.maven.surefire.junit4.JUnit4Provider.executeTestSet(JUnit4Provider.java:236) [surefire-junit4-2.20.jar:2.20]
	at org.apache.maven.surefire.junit4.JUnit4Provider.invoke(JUnit4Provider.java:159) [surefire-junit4-2.20.jar:2.20]
	at org.apache.maven.surefire.booter.ForkedBooter.invokeProviderInSameClassLoader(ForkedBooter.java:386) [surefire-booter-2.20.jar:2.20]
	at org.apache.maven.surefire.booter.ForkedBooter.runSuitesInProcess(ForkedBooter.java:323) [surefire-booter-2.20.jar:2.20]
	at org.apache.maven.surefire.booter.ForkedBooter.main(ForkedBooter.java:143) [surefire-booter-2.20.jar:2.20]

2018-12-22 13:23:30.402 ERROR 11736 --- [           main] o.apache.catalina.core.StandardService   : Failed to start connector [Connector[HTTP/1.1-8080]]

org.apache.catalina.LifecycleException: Failed to start component [Connector[HTTP/1.1-8080]]
	at org.apache.catalina.util.LifecycleBase.start(LifecycleBase.java:167) ~[tomcat-embed-core-8.5.14.jar:8.5.14]
	at org.apache.catalina.core.StandardService.addConnector(StandardService.java:225) ~[tomcat-embed-core-8.5.14.jar:8.5.14]
	at org.springframework.boot.context.embedded.tomcat.TomcatEmbeddedServletContainer.addPreviouslyRemovedConnectors(TomcatEmbeddedServletContainer.java:247) [spring-boot-1.5.3.RELEASE.jar:1.5.3.RELEASE]
	at org.springframework.boot.context.embedded.tomcat.TomcatEmbeddedServletContainer.start(TomcatEmbeddedServletContainer.java:190) [spring-boot-1.5.3.RELEASE.jar:1.5.3.RELEASE]
	at org.springframework.boot.context.embedded.EmbeddedWebApplicationContext.startEmbeddedServletContainer(EmbeddedWebApplicationContext.java:297) [spring-boot-1.5.3.RELEASE.jar:1.5.3.RELEASE]
	at org.springframework.boot.context.embedded.EmbeddedWebApplicationContext.finishRefresh(EmbeddedWebApplicationContext.java:145) [spring-boot-1.5.3.RELEASE.jar:1.5.3.RELEASE]
	at org.springframework.context.support.AbstractApplicationContext.refresh(AbstractApplicationContext.java:545) [spring-context-4.3.8.RELEASE.jar:4.3.8.RELEASE]
	at org.springframework.boot.context.embedded.EmbeddedWebApplicationContext.refresh(EmbeddedWebApplicationContext.java:122) [spring-boot-1.5.3.RELEASE.jar:1.5.3.RELEASE]
	at org.springframework.boot.SpringApplication.refresh(SpringApplication.java:737) [spring-boot-1.5.3.RELEASE.jar:1.5.3.RELEASE]
	at org.springframework.boot.SpringApplication.refreshContext(SpringApplication.java:370) [spring-boot-1.5.3.RELEASE.jar:1.5.3.RELEASE]
	at org.springframework.boot.SpringApplication.run(SpringApplication.java:314) [spring-boot-1.5.3.RELEASE.jar:1.5.3.RELEASE]
	at org.springframework.boot.test.context.SpringBootContextLoader.loadContext(SpringBootContextLoader.java:120) [spring-boot-test-1.5.3.RELEASE.jar:1.5.3.RELEASE]
	at org.springframework.test.context.cache.DefaultCacheAwareContextLoaderDelegate.loadContextInternal(DefaultCacheAwareContextLoaderDelegate.java:98) [spring-test-4.3.8.RELEASE.jar:4.3.8.RELEASE]
	at org.springframework.test.context.cache.DefaultCacheAwareContextLoaderDelegate.loadContext(DefaultCacheAwareContextLoaderDelegate.java:116) [spring-test-4.3.8.RELEASE.jar:4.3.8.RELEASE]
	at org.springframework.test.context.support.DefaultTestContext.getApplicationContext(DefaultTestContext.java:83) [spring-test-4.3.8.RELEASE.jar:4.3.8.RELEASE]
	at org.springframework.boot.test.autoconfigure.SpringBootDependencyInjectionTestExecutionListener.prepareTestInstance(SpringBootDependencyInjectionTestExecutionListener.java:47) [spring-boot-test-autoconfigure-1.5.3.RELEASE.jar:1.5.3.RELEASE]
	at org.springframework.test.context.TestContextManager.prepareTestInstance(TestContextManager.java:230) [spring-test-4.3.8.RELEASE.jar:4.3.8.RELEASE]
	at org.springframework.test.context.junit4.SpringJUnit4ClassRunner.createTest(SpringJUnit4ClassRunner.java:228) [spring-test-4.3.8.RELEASE.jar:4.3.8.RELEASE]
	at org.springframework.test.context.junit4.SpringJUnit4ClassRunner$1.runReflectiveCall(SpringJUnit4ClassRunner.java:287) [spring-test-4.3.8.RELEASE.jar:4.3.8.RELEASE]
	at org.junit.internal.runners.model.ReflectiveCallable.run(ReflectiveCallable.java:12) [junit-4.12.jar:4.12]
	at org.springframework.test.context.junit4.SpringJUnit4ClassRunner.methodBlock(SpringJUnit4ClassRunner.java:289) [spring-test-4.3.8.RELEASE.jar:4.3.8.RELEASE]
	at org.springframework.test.context.junit4.SpringJUnit4ClassRunner.runChild(SpringJUnit4ClassRunner.java:247) [spring-test-4.3.8.RELEASE.jar:4.3.8.RELEASE]
	at org.springframework.test.context.junit4.SpringJUnit4ClassRunner.runChild(SpringJUnit4ClassRunner.java:94) [spring-test-4.3.8.RELEASE.jar:4.3.8.RELEASE]
	at org.junit.runners.ParentRunner$3.run(ParentRunner.java:290) [junit-4.12.jar:4.12]
	at org.junit.runners.ParentRunner$1.schedule(ParentRunner.java:71) [junit-4.12.jar:4.12]
	at org.junit.runners.ParentRunner.runChildren(ParentRunner.java:288) [junit-4.12.jar:4.12]
	at org.junit.runners.ParentRunner.access$000(ParentRunner.java:58) [junit-4.12.jar:4.12]
	at org.junit.runners.ParentRunner$2.evaluate(ParentRunner.java:268) [junit-4.12.jar:4.12]
	at org.springframework.test.context.junit4.statements.RunBeforeTestClassCallbacks.evaluate(RunBeforeTestClassCallbacks.java:61) [spring-test-4.3.8.RELEASE.jar:4.3.8.RELEASE]
	at org.springframework.test.context.junit4.statements.RunAfterTestClassCallbacks.evaluate(RunAfterTestClassCallbacks.java:70) [spring-test-4.3.8.RELEASE.jar:4.3.8.RELEASE]
	at org.junit.runners.ParentRunner.run(ParentRunner.java:363) [junit-4.12.jar:4.12]
	at org.springframework.test.context.junit4.SpringJUnit4ClassRunner.run(SpringJUnit4ClassRunner.java:191) [spring-test-4.3.8.RELEASE.jar:4.3.8.RELEASE]
	at org.apache.maven.surefire.junit4.JUnit4Provider.execute(JUnit4Provider.java:365) [surefire-junit4-2.20.jar:2.20]
	at org.apache.maven.surefire.junit4.JUnit4Provider.executeWithRerun(JUnit4Provider.java:272) [surefire-junit4-2.20.jar:2.20]
	at org.apache.maven.surefire.junit4.JUnit4Provider.executeTestSet(JUnit4Provider.java:236) [surefire-junit4-2.20.jar:2.20]
	at org.apache.maven.surefire.junit4.JUnit4Provider.invoke(JUnit4Provider.java:159) [surefire-junit4-2.20.jar:2.20]
	at org.apache.maven.surefire.booter.ForkedBooter.invokeProviderInSameClassLoader(ForkedBooter.java:386) [surefire-booter-2.20.jar:2.20]
	at org.apache.maven.surefire.booter.ForkedBooter.runSuitesInProcess(ForkedBooter.java:323) [surefire-booter-2.20.jar:2.20]
	at org.apache.maven.surefire.booter.ForkedBooter.main(ForkedBooter.java:143) [surefire-booter-2.20.jar:2.20]
Caused by: org.apache.catalina.LifecycleException: service.getName(): "Tomcat";  Protocol handler start failed
	at org.apache.catalina.connector.Connector.startInternal(Connector.java:1000) ~[tomcat-embed-core-8.5.14.jar:8.5.14]
	at org.apache.catalina.util.LifecycleBase.start(LifecycleBase.java:150) ~[tomcat-embed-core-8.5.14.jar:8.5.14]
	... 38 common frames omitted
Caused by: java.net.BindException: Address already in use: bind
	at sun.nio.ch.Net.bind0(Native Method) ~[na:1.8.0_191]
	at sun.nio.ch.Net.bind(Net.java:433) ~[na:1.8.0_191]
	at sun.nio.ch.Net.bind(Net.java:425) ~[na:1.8.0_191]
	at sun.nio.ch.ServerSocketChannelImpl.bind(ServerSocketChannelImpl.java:223) ~[na:1.8.0_191]
	at sun.nio.ch.ServerSocketAdaptor.bind(ServerSocketAdaptor.java:74) ~[na:1.8.0_191]
	at org.apache.tomcat.util.net.NioEndpoint.bind(NioEndpoint.java:210) ~[tomcat-embed-core-8.5.14.jar:8.5.14]
	at org.apache.tomcat.util.net.AbstractEndpoint.start(AbstractEndpoint.java:978) ~[tomcat-embed-core-8.5.14.jar:8.5.14]
	at org.apache.coyote.AbstractProtocol.start(AbstractProtocol.java:628) ~[tomcat-embed-core-8.5.14.jar:8.5.14]
	at org.apache.catalina.connector.Connector.startInternal(Connector.java:993) ~[tomcat-embed-core-8.5.14.jar:8.5.14]
	... 39 common frames omitted

2018-12-22 13:23:30.592  INFO 11736 --- [           main] o.apache.catalina.core.StandardService   : Stopping service Tomcat
2018-12-22 13:23:30.597  INFO 11736 --- [           main] utoConfigurationReportLoggingInitializer : 

Error starting ApplicationContext. To display the auto-configuration report re-run your application with 'debug' enabled.
2018-12-22 13:23:30.599 ERROR 11736 --- [           main] o.s.b.d.LoggingFailureAnalysisReporter   : 

***************************
APPLICATION FAILED TO START
***************************

Description:

The Tomcat connector configured to listen on port 8080 failed to start. The port may already be in use or the connector may be misconfigured.

Action:

Verify the connector's configuration, identify and stop any process that's listening on port 8080, or configure this application to listen on another port.

2018-12-22 13:23:30.599  INFO 11736 --- [           main] ationConfigEmbeddedWebApplicationContext : Closing org.springframework.boot.context.embedded.AnnotationConfigEmbeddedWebApplicationContext@3b2b8aa6: startup date [Sat Dec 22 13:23:28 IST 2018]; root of context hierarchy
2018-12-22 13:23:30.600  INFO 11736 --- [           main] o.z.vogon.web.PersistenceConfiguration   : Unloading JDBC drivers
2018-12-22 13:23:30.600  INFO 11736 --- [           main] j.LocalContainerEntityManagerFactoryBean : Closing JPA EntityManagerFactory for persistence unit 'VogonPU'
2018-12-22 13:23:30.600  INFO 11736 --- [           main] org.hibernate.orm.connections.pooling    : HHH10001008: Cleaning up connection pool [jdbc:h2:mem:test]
2018-12-22 13:23:30.601 ERROR 11736 --- [           main] o.s.test.context.TestContextManager      : Caught exception while allowing TestExecutionListener [org.springframework.boot.test.autoconfigure.SpringBootDependencyInjectionTestExecutionListener@482cd077] to prepare test instance [org.zlogic.vogon.web.TransactionsControllerWriteTest@67ecdc4d]

java.lang.IllegalStateException: Failed to load ApplicationContext
	at org.springframework.test.context.cache.DefaultCacheAwareContextLoaderDelegate.loadContext(DefaultCacheAwareContextLoaderDelegate.java:124) ~[spring-test-4.3.8.RELEASE.jar:4.3.8.RELEASE]
	at org.springframework.test.context.support.DefaultTestContext.getApplicationContext(DefaultTestContext.java:83) ~[spring-test-4.3.8.RELEASE.jar:4.3.8.RELEASE]
	at org.springframework.boot.test.autoconfigure.SpringBootDependencyInjectionTestExecutionListener.prepareTestInstance(SpringBootDependencyInjectionTestExecutionListener.java:47) ~[spring-boot-test-autoconfigure-1.5.3.RELEASE.jar:1.5.3.RELEASE]
	at org.springframework.test.context.TestContextManager.prepareTestInstance(TestContextManager.java:230) ~[spring-test-4.3.8.RELEASE.jar:4.3.8.RELEASE]
	at org.springframework.test.context.junit4.SpringJUnit4ClassRunner.createTest(SpringJUnit4ClassRunner.java:228) [spring-test-4.3.8.RELEASE.jar:4.3.8.RELEASE]
	at org.springframework.test.context.junit4.SpringJUnit4ClassRunner$1.runReflectiveCall(SpringJUnit4ClassRunner.java:287) [spring-test-4.3.8.RELEASE.jar:4.3.8.RELEASE]
	at org.junit.internal.runners.model.ReflectiveCallable.run(ReflectiveCallable.java:12) [junit-4.12.jar:4.12]
	at org.springframework.test.context.junit4.SpringJUnit4ClassRunner.methodBlock(SpringJUnit4ClassRunner.java:289) [spring-test-4.3.8.RELEASE.jar:4.3.8.RELEASE]
	at org.springframework.test.context.junit4.SpringJUnit4ClassRunner.runChild(SpringJUnit4ClassRunner.java:247) [spring-test-4.3.8.RELEASE.jar:4.3.8.RELEASE]
	at org.springframework.test.context.junit4.SpringJUnit4ClassRunner.runChild(SpringJUnit4ClassRunner.java:94) [spring-test-4.3.8.RELEASE.jar:4.3.8.RELEASE]
	at org.junit.runners.ParentRunner$3.run(ParentRunner.java:290) [junit-4.12.jar:4.12]
	at org.junit.runners.ParentRunner$1.schedule(ParentRunner.java:71) [junit-4.12.jar:4.12]
	at org.junit.runners.ParentRunner.runChildren(ParentRunner.java:288) [junit-4.12.jar:4.12]
	at org.junit.runners.ParentRunner.access$000(ParentRunner.java:58) [junit-4.12.jar:4.12]
	at org.junit.runners.ParentRunner$2.evaluate(ParentRunner.java:268) [junit-4.12.jar:4.12]
	at org.springframework.test.context.junit4.statements.RunBeforeTestClassCallbacks.evaluate(RunBeforeTestClassCallbacks.java:61) [spring-test-4.3.8.RELEASE.jar:4.3.8.RELEASE]
	at org.springframework.test.context.junit4.statements.RunAfterTestClassCallbacks.evaluate(RunAfterTestClassCallbacks.java:70) [spring-test-4.3.8.RELEASE.jar:4.3.8.RELEASE]
	at org.junit.runners.ParentRunner.run(ParentRunner.java:363) [junit-4.12.jar:4.12]
	at org.springframework.test.context.junit4.SpringJUnit4ClassRunner.run(SpringJUnit4ClassRunner.java:191) [spring-test-4.3.8.RELEASE.jar:4.3.8.RELEASE]
	at org.apache.maven.surefire.junit4.JUnit4Provider.execute(JUnit4Provider.java:365) [surefire-junit4-2.20.jar:2.20]
	at org.apache.maven.surefire.junit4.JUnit4Provider.executeWithRerun(JUnit4Provider.java:272) [surefire-junit4-2.20.jar:2.20]
	at org.apache.maven.surefire.junit4.JUnit4Provider.executeTestSet(JUnit4Provider.java:236) [surefire-junit4-2.20.jar:2.20]
	at org.apache.maven.surefire.junit4.JUnit4Provider.invoke(JUnit4Provider.java:159) [surefire-junit4-2.20.jar:2.20]
	at org.apache.maven.surefire.booter.ForkedBooter.invokeProviderInSameClassLoader(ForkedBooter.java:386) [surefire-booter-2.20.jar:2.20]
	at org.apache.maven.surefire.booter.ForkedBooter.runSuitesInProcess(ForkedBooter.java:323) [surefire-booter-2.20.jar:2.20]
	at org.apache.maven.surefire.booter.ForkedBooter.main(ForkedBooter.java:143) [surefire-booter-2.20.jar:2.20]
Caused by: org.springframework.boot.context.embedded.tomcat.ConnectorStartFailedException: Connector configured to listen on port 8080 failed to start
	at org.springframework.boot.context.embedded.tomcat.TomcatEmbeddedServletContainer.checkThatConnectorsHaveStarted(TomcatEmbeddedServletContainer.java:219) ~[spring-boot-1.5.3.RELEASE.jar:1.5.3.RELEASE]
	at org.springframework.boot.context.embedded.tomcat.TomcatEmbeddedServletContainer.start(TomcatEmbeddedServletContainer.java:195) ~[spring-boot-1.5.3.RELEASE.jar:1.5.3.RELEASE]
	at org.springframework.boot.context.embedded.EmbeddedWebApplicationContext.startEmbeddedServletContainer(EmbeddedWebApplicationContext.java:297) ~[spring-boot-1.5.3.RELEASE.jar:1.5.3.RELEASE]
	at org.springframework.boot.context.embedded.EmbeddedWebApplicationContext.finishRefresh(EmbeddedWebApplicationContext.java:145) ~[spring-boot-1.5.3.RELEASE.jar:1.5.3.RELEASE]
	at org.springframework.context.support.AbstractApplicationContext.refresh(AbstractApplicationContext.java:545) ~[spring-context-4.3.8.RELEASE.jar:4.3.8.RELEASE]
	at org.springframework.boot.context.embedded.EmbeddedWebApplicationContext.refresh(EmbeddedWebApplicationContext.java:122) ~[spring-boot-1.5.3.RELEASE.jar:1.5.3.RELEASE]
	at org.springframework.boot.SpringApplication.refresh(SpringApplication.java:737) ~[spring-boot-1.5.3.RELEASE.jar:1.5.3.RELEASE]
	at org.springframework.boot.SpringApplication.refreshContext(SpringApplication.java:370) ~[spring-boot-1.5.3.RELEASE.jar:1.5.3.RELEASE]
	at org.springframework.boot.SpringApplication.run(SpringApplication.java:314) ~[spring-boot-1.5.3.RELEASE.jar:1.5.3.RELEASE]
	at org.springframework.boot.test.context.SpringBootContextLoader.loadContext(SpringBootContextLoader.java:120) ~[spring-boot-test-1.5.3.RELEASE.jar:1.5.3.RELEASE]
	at org.springframework.test.context.cache.DefaultCacheAwareContextLoaderDelegate.loadContextInternal(DefaultCacheAwareContextLoaderDelegate.java:98) ~[spring-test-4.3.8.RELEASE.jar:4.3.8.RELEASE]
	at org.springframework.test.context.cache.DefaultCacheAwareContextLoaderDelegate.loadContext(DefaultCacheAwareContextLoaderDelegate.java:116) ~[spring-test-4.3.8.RELEASE.jar:4.3.8.RELEASE]
	... 25 common frames omitted

]]></system-out>
  </testcase>
  <testcase name="testUpdateAccountExistsConstraint" classname="org.zlogic.vogon.web.TransactionsControllerWriteTest" time="0">
    <error message="Failed to load ApplicationContext" type="java.lang.IllegalStateException">java.lang.IllegalStateException: Failed to load ApplicationContext
Caused by: org.springframework.boot.context.embedded.tomcat.ConnectorStartFailedException: Connector configured to listen on port 8080 failed to start
</error>
    <system-out><![CDATA[
  .   ____          _            __ _ _
 /\\ / ___'_ __ _ _(_)_ __  __ _ \ \ \ \
( ( )\___ | '_ | '_| | '_ \/ _` | \ \ \ \
 \\/  ___)| |_)| | | | | || (_| |  ) ) ) )
  '  |____| .__|_| |_|_| |_\__, | / / / /
 =========|_|==============|___/=/_/_/_/
 :: Spring Boot ::        (v1.5.3.RELEASE)

2018-12-22 13:23:30.634  INFO 11736 --- [           main] o.z.v.w.TransactionsControllerWriteTest  : Starting TransactionsControllerWriteTest on GOPAL with PID 11736 (started by GOPAL$ in C:\Program Files (x86)\Jenkins\workspace\Maven_project\vogon-web)
2018-12-22 13:23:30.634  INFO 11736 --- [           main] o.z.v.w.TransactionsControllerWriteTest  : No active profile set, falling back to default profiles: default
2018-12-22 13:23:30.636  INFO 11736 --- [           main] ationConfigEmbeddedWebApplicationContext : Refreshing org.springframework.boot.context.embedded.AnnotationConfigEmbeddedWebApplicationContext@23bb0dbc: startup date [Sat Dec 22 13:23:30 IST 2018]; root of context hierarchy
2018-12-22 13:23:30.969  INFO 11736 --- [           main] o.s.b.f.s.DefaultListableBeanFactory     : Overriding bean definition for bean 'entityManagerFactory' with a different definition: replacing [Root bean: class [null]; scope=; abstract=false; lazyInit=false; autowireMode=3; dependencyCheck=0; autowireCandidate=true; primary=false; factoryBeanName=persistenceConfiguration; factoryMethodName=entityManagerFactory; initMethodName=null; destroyMethodName=(inferred); defined in class path resource [org/zlogic/vogon/web/PersistenceConfiguration.class]] with [Root bean: class [null]; scope=; abstract=false; lazyInit=false; autowireMode=3; dependencyCheck=0; autowireCandidate=true; primary=false; factoryBeanName=databaseConfiguration; factoryMethodName=entityManagerFactory; initMethodName=null; destroyMethodName=(inferred); defined in org.zlogic.vogon.web.DatabaseConfiguration]
2018-12-22 13:23:31.164  INFO 11736 --- [           main] trationDelegate$BeanPostProcessorChecker : Bean 'org.springframework.security.config.annotation.configuration.ObjectPostProcessorConfiguration' of type [org.springframework.security.config.annotation.configuration.ObjectPostProcessorConfiguration$$EnhancerBySpringCGLIB$$be8c3acc] is not eligible for getting processed by all BeanPostProcessors (for example: not eligible for auto-proxying)
2018-12-22 13:23:31.169  INFO 11736 --- [           main] trationDelegate$BeanPostProcessorChecker : Bean 'objectPostProcessor' of type [org.springframework.security.config.annotation.configuration.AutowireBeanFactoryObjectPostProcessor] is not eligible for getting processed by all BeanPostProcessors (for example: not eligible for auto-proxying)
2018-12-22 13:23:31.171  INFO 11736 --- [           main] trationDelegate$BeanPostProcessorChecker : Bean 'org.springframework.security.access.expression.method.DefaultMethodSecurityExpressionHandler@24bd716f' of type [org.springframework.security.oauth2.provider.expression.OAuth2MethodSecurityExpressionHandler] is not eligible for getting processed by all BeanPostProcessors (for example: not eligible for auto-proxying)
2018-12-22 13:23:31.178  INFO 11736 --- [           main] trationDelegate$BeanPostProcessorChecker : Bean 'org.springframework.security.config.annotation.method.configuration.GlobalMethodSecurityConfiguration' of type [org.springframework.security.config.annotation.method.configuration.GlobalMethodSecurityConfiguration$$EnhancerBySpringCGLIB$$e360dd7e] is not eligible for getting processed by all BeanPostProcessors (for example: not eligible for auto-proxying)
2018-12-22 13:23:31.183  INFO 11736 --- [           main] trationDelegate$BeanPostProcessorChecker : Bean 'methodSecurityMetadataSource' of type [org.springframework.security.access.method.DelegatingMethodSecurityMetadataSource] is not eligible for getting processed by all BeanPostProcessors (for example: not eligible for auto-proxying)
2018-12-22 13:23:31.189  INFO 11736 --- [           main] trationDelegate$BeanPostProcessorChecker : Bean 'org.springframework.transaction.annotation.ProxyTransactionManagementConfiguration' of type [org.springframework.transaction.annotation.ProxyTransactionManagementConfiguration$$EnhancerBySpringCGLIB$$25de7292] is not eligible for getting processed by all BeanPostProcessors (for example: not eligible for auto-proxying)
2018-12-22 13:23:31.210  INFO 11736 --- [           main] trationDelegate$BeanPostProcessorChecker : Bean 'security.oauth2.client-org.springframework.boot.autoconfigure.security.oauth2.OAuth2ClientProperties' of type [org.springframework.boot.autoconfigure.security.oauth2.OAuth2ClientProperties] is not eligible for getting processed by all BeanPostProcessors (for example: not eligible for auto-proxying)
2018-12-22 13:23:31.213  INFO 11736 --- [           main] trationDelegate$BeanPostProcessorChecker : Bean 'org.springframework.boot.autoconfigure.security.oauth2.OAuth2AutoConfiguration' of type [org.springframework.boot.autoconfigure.security.oauth2.OAuth2AutoConfiguration$$EnhancerBySpringCGLIB$$dd282e92] is not eligible for getting processed by all BeanPostProcessors (for example: not eligible for auto-proxying)
2018-12-22 13:23:31.219  INFO 11736 --- [           main] trationDelegate$BeanPostProcessorChecker : Bean 'resourceServerProperties' of type [org.springframework.boot.autoconfigure.security.oauth2.resource.ResourceServerProperties] is not eligible for getting processed by all BeanPostProcessors (for example: not eligible for auto-proxying)
2018-12-22 13:23:31.264  INFO 11736 --- [           main] org.zlogic.vogon.web.TomcatConfigurer    : Using keystore C:\Program Files (x86)\Jenkins\workspace\Maven_project\vogon-web\target/vogonweb.keystore with password ********
2018-12-22 13:23:31.294  INFO 11736 --- [           main] s.b.c.e.t.TomcatEmbeddedServletContainer : Tomcat initialized with port(s): 8080 (http) 8443 (https)
2018-12-22 13:23:31.295  INFO 11736 --- [           main] o.apache.catalina.core.StandardService   : Starting service Tomcat
2018-12-22 13:23:31.295  INFO 11736 --- [           main] org.apache.catalina.core.StandardEngine  : Starting Servlet Engine: Apache Tomcat/8.5.14
2018-12-22 13:23:31.339  INFO 11736 --- [ost-startStop-1] org.apache.jasper.servlet.TldScanner     : At least one JAR was scanned for TLDs yet contained no TLDs. Enable debug logging for this logger for a complete list of JARs that were scanned but no TLDs were found in them. Skipping unneeded JARs during scanning can improve startup time and JSP compilation time.
2018-12-22 13:23:31.341  INFO 11736 --- [ost-startStop-1] o.a.c.c.C.[Tomcat-132].[localhost].[/]   : Initializing Spring embedded WebApplicationContext
2018-12-22 13:23:31.341  INFO 11736 --- [ost-startStop-1] o.s.web.context.ContextLoader            : Root WebApplicationContext: initialization completed in 705 ms
2018-12-22 13:23:31.546  INFO 11736 --- [ost-startStop-1] o.s.b.w.servlet.FilterRegistrationBean   : Mapping filter: 'metricsFilter' to: [/*]
2018-12-22 13:23:31.546  INFO 11736 --- [ost-startStop-1] o.s.b.w.servlet.FilterRegistrationBean   : Mapping filter: 'characterEncodingFilter' to: [/*]
2018-12-22 13:23:31.547  INFO 11736 --- [ost-startStop-1] o.s.b.w.servlet.FilterRegistrationBean   : Mapping filter: 'hiddenHttpMethodFilter' to: [/*]
2018-12-22 13:23:31.547  INFO 11736 --- [ost-startStop-1] o.s.b.w.servlet.FilterRegistrationBean   : Mapping filter: 'httpPutFormContentFilter' to: [/*]
2018-12-22 13:23:31.547  INFO 11736 --- [ost-startStop-1] o.s.b.w.servlet.FilterRegistrationBean   : Mapping filter: 'requestContextFilter' to: [/*]
2018-12-22 13:23:31.547  INFO 11736 --- [ost-startStop-1] .s.DelegatingFilterProxyRegistrationBean : Mapping filter: 'springSecurityFilterChain' to: [/*]
2018-12-22 13:23:31.547  INFO 11736 --- [ost-startStop-1] o.s.b.w.servlet.FilterRegistrationBean   : Mapping filter: 'webRequestLoggingFilter' to: [/*]
2018-12-22 13:23:31.547  INFO 11736 --- [ost-startStop-1] o.s.b.w.servlet.FilterRegistrationBean   : Mapping filter: 'applicationContextIdFilter' to: [/*]
2018-12-22 13:23:31.547  INFO 11736 --- [ost-startStop-1] o.s.b.w.servlet.ServletRegistrationBean  : Mapping servlet: 'dispatcherServlet' to [/]
2018-12-22 13:23:31.563  INFO 11736 --- [           main] j.LocalContainerEntityManagerFactoryBean : Building JPA container EntityManagerFactory for persistence unit 'VogonPU'
2018-12-22 13:23:31.563  INFO 11736 --- [           main] o.hibernate.jpa.internal.util.LogHelper  : HHH000204: Processing PersistenceUnitInfo [
	name: VogonPU
	...]
2018-12-22 13:23:31.567  WARN 11736 --- [           main] org.hibernate.orm.connections.pooling    : HHH10001002: Using Hibernate built-in connection pool (not for production use!)
2018-12-22 13:23:31.567  INFO 11736 --- [           main] org.hibernate.orm.connections.pooling    : HHH10001005: using driver [org.h2.Driver] at URL [jdbc:h2:mem:test]
2018-12-22 13:23:31.567  INFO 11736 --- [           main] org.hibernate.orm.connections.pooling    : HHH10001001: Connection properties: {}
2018-12-22 13:23:31.568  INFO 11736 --- [           main] org.hibernate.orm.connections.pooling    : HHH10001003: Autocommit mode: false
2018-12-22 13:23:31.568  INFO 11736 --- [           main] .c.i.DriverManagerConnectionProviderImpl : HHH000115: Hibernate connection pool size: 20 (min=1)
2018-12-22 13:23:31.568  INFO 11736 --- [           main] org.hibernate.dialect.Dialect            : HHH000400: Using dialect: org.hibernate.dialect.H2Dialect
2018-12-22 13:23:31.581  INFO 11736 --- [           main] org.hibernate.orm.connections.access     : HHH10001501: Connection obtained from JdbcConnectionAccess [org.hibernate.engine.jdbc.env.internal.JdbcEnvironmentInitiator$ConnectionProviderJdbcConnectionAccess@1fd21336] for (non-JTA) DDL execution was not in auto-commit mode; the Connection 'local transaction' will be committed and the Connection will be set into auto-commit mode.
2018-12-22 13:23:31.590  INFO 11736 --- [           main] j.LocalContainerEntityManagerFactoryBean : Initialized JPA EntityManagerFactory for persistence unit 'VogonPU'
2018-12-22 13:23:31.965  INFO 11736 --- [           main] .s.o.p.e.FrameworkEndpointHandlerMapping : Mapped "{[/oauth/authorize]}" onto public org.springframework.web.servlet.ModelAndView org.springframework.security.oauth2.provider.endpoint.AuthorizationEndpoint.authorize(java.util.Map<java.lang.String, java.lang.Object>,java.util.Map<java.lang.String, java.lang.String>,org.springframework.web.bind.support.SessionStatus,java.security.Principal)
2018-12-22 13:23:31.965  INFO 11736 --- [           main] .s.o.p.e.FrameworkEndpointHandlerMapping : Mapped "{[/oauth/authorize],methods=[POST],params=[user_oauth_approval]}" onto public org.springframework.web.servlet.View org.springframework.security.oauth2.provider.endpoint.AuthorizationEndpoint.approveOrDeny(java.util.Map<java.lang.String, java.lang.String>,java.util.Map<java.lang.String, ?>,org.springframework.web.bind.support.SessionStatus,java.security.Principal)
2018-12-22 13:23:31.965  INFO 11736 --- [           main] .s.o.p.e.FrameworkEndpointHandlerMapping : Mapped "{[/oauth/token],methods=[GET]}" onto public org.springframework.http.ResponseEntity<org.springframework.security.oauth2.common.OAuth2AccessToken> org.springframework.security.oauth2.provider.endpoint.TokenEndpoint.getAccessToken(java.security.Principal,java.util.Map<java.lang.String, java.lang.String>) throws org.springframework.web.HttpRequestMethodNotSupportedException
2018-12-22 13:23:31.965  INFO 11736 --- [           main] .s.o.p.e.FrameworkEndpointHandlerMapping : Mapped "{[/oauth/token],methods=[POST]}" onto public org.springframework.http.ResponseEntity<org.springframework.security.oauth2.common.OAuth2AccessToken> org.springframework.security.oauth2.provider.endpoint.TokenEndpoint.postAccessToken(java.security.Principal,java.util.Map<java.lang.String, java.lang.String>) throws org.springframework.web.HttpRequestMethodNotSupportedException
2018-12-22 13:23:31.965  INFO 11736 --- [           main] .s.o.p.e.FrameworkEndpointHandlerMapping : Mapped "{[/oauth/check_token]}" onto public java.util.Map<java.lang.String, ?> org.springframework.security.oauth2.provider.endpoint.CheckTokenEndpoint.checkToken(java.lang.String)
2018-12-22 13:23:31.965  INFO 11736 --- [           main] .s.o.p.e.FrameworkEndpointHandlerMapping : Mapped "{[/oauth/confirm_access]}" onto public org.springframework.web.servlet.ModelAndView org.springframework.security.oauth2.provider.endpoint.WhitelabelApprovalEndpoint.getAccessConfirmation(java.util.Map<java.lang.String, java.lang.Object>,javax.servlet.http.HttpServletRequest) throws java.lang.Exception
2018-12-22 13:23:31.965  INFO 11736 --- [           main] .s.o.p.e.FrameworkEndpointHandlerMapping : Mapped "{[/oauth/error]}" onto public org.springframework.web.servlet.ModelAndView org.springframework.security.oauth2.provider.endpoint.WhitelabelErrorEndpoint.handleError(javax.servlet.http.HttpServletRequest)
2018-12-22 13:23:32.253  INFO 11736 --- [           main] o.s.s.web.DefaultSecurityFilterChain     : Creating filter chain: OrRequestMatcher [requestMatchers=[Ant [pattern='/oauth/token'], Ant [pattern='/oauth/token_key'], Ant [pattern='/oauth/check_token']]], [org.springframework.security.web.context.request.async.WebAsyncManagerIntegrationFilter@7e64aff7, org.springframework.security.web.context.SecurityContextPersistenceFilter@74557228, org.springframework.security.web.header.HeaderWriterFilter@54a51a94, org.springframework.security.web.authentication.logout.LogoutFilter@6d5f5dd1, org.springframework.security.oauth2.provider.client.ClientCredentialsTokenEndpointFilter@d70da2f, org.springframework.security.web.authentication.www.BasicAuthenticationFilter@39f5656f, org.springframework.security.web.savedrequest.RequestCacheAwareFilter@13995d84, org.springframework.security.web.servletapi.SecurityContextHolderAwareRequestFilter@6f9484d9, org.springframework.security.web.authentication.AnonymousAuthenticationFilter@782de78d, org.springframework.security.web.session.SessionManagementFilter@3766b5f7, org.springframework.security.web.access.ExceptionTranslationFilter@147e7abc, org.springframework.security.web.access.intercept.FilterSecurityInterceptor@251e8482]
2018-12-22 13:23:32.254  INFO 11736 --- [           main] o.s.s.web.DefaultSecurityFilterChain     : Creating filter chain: org.springframework.boot.actuate.autoconfigure.ManagementWebSecurityAutoConfiguration$LazyEndpointPathRequestMatcher@6c2ee01a, [org.springframework.security.web.context.request.async.WebAsyncManagerIntegrationFilter@2cbce84, org.springframework.security.web.context.SecurityContextPersistenceFilter@52e979b4, org.springframework.security.web.header.HeaderWriterFilter@20f3a82a, org.springframework.security.web.authentication.logout.LogoutFilter@6df5d89c, org.springframework.security.web.authentication.www.BasicAuthenticationFilter@48512462, org.springframework.security.web.savedrequest.RequestCacheAwareFilter@77a1d751, org.springframework.security.web.servletapi.SecurityContextHolderAwareRequestFilter@4a2e9377, org.springframework.security.web.authentication.AnonymousAuthenticationFilter@7532ee65, org.springframework.security.web.session.SessionManagementFilter@6288be90, org.springframework.security.web.access.ExceptionTranslationFilter@376251e1, org.springframework.security.web.access.intercept.FilterSecurityInterceptor@277a0e86]
2018-12-22 13:23:32.269  INFO 11736 --- [           main] o.s.s.w.a.c.ChannelProcessingFilter      : Validated configuration attributes
2018-12-22 13:23:32.273  INFO 11736 --- [           main] o.s.s.web.DefaultSecurityFilterChain     : Creating filter chain: org.springframework.security.oauth2.config.annotation.web.configuration.ResourceServerConfiguration$NotOAuthRequestMatcher@3ec5f46, [org.springframework.security.web.access.channel.ChannelProcessingFilter@30bc538a, org.springframework.security.web.context.request.async.WebAsyncManagerIntegrationFilter@74bbb871, org.springframework.security.web.context.SecurityContextPersistenceFilter@36e07ed1, org.springframework.security.web.header.HeaderWriterFilter@6ef9b8be, org.springframework.security.web.authentication.logout.LogoutFilter@76a71e34, org.springframework.security.oauth2.provider.authentication.OAuth2AuthenticationProcessingFilter@29e52175, org.springframework.security.web.savedrequest.RequestCacheAwareFilter@2eaaae30, org.springframework.security.web.servletapi.SecurityContextHolderAwareRequestFilter@d35df13, org.springframework.security.web.authentication.AnonymousAuthenticationFilter@40772c4b, org.springframework.security.web.session.SessionManagementFilter@5c24f9b8, org.springframework.security.web.access.ExceptionTranslationFilter@22374cb9, org.springframework.security.web.access.intercept.FilterSecurityInterceptor@55701132]
2018-12-22 13:23:32.393  INFO 11736 --- [           main] s.w.s.m.m.a.RequestMappingHandlerAdapter : Looking for @ControllerAdvice: org.springframework.boot.context.embedded.AnnotationConfigEmbeddedWebApplicationContext@23bb0dbc: startup date [Sat Dec 22 13:23:30 IST 2018]; root of context hierarchy
2018-12-22 13:23:32.413  INFO 11736 --- [           main] s.w.s.m.m.a.RequestMappingHandlerMapping : Mapped "{[/service/accounts],methods=[GET],produces=[application/json]}" onto public java.util.Collection<org.zlogic.vogon.data.FinanceAccount> org.zlogic.vogon.web.controller.AccountsController.getAllAccounts(org.zlogic.vogon.web.security.VogonSecurityUser)
2018-12-22 13:23:32.413  INFO 11736 --- [           main] s.w.s.m.m.a.RequestMappingHandlerMapping : Mapped "{[/service/accounts],methods=[POST],produces=[application/json]}" onto public java.util.Collection<org.zlogic.vogon.data.FinanceAccount> org.zlogic.vogon.web.controller.AccountsController.updateAccounts(java.util.Collection<org.zlogic.vogon.data.FinanceAccount>,org.zlogic.vogon.web.security.VogonSecurityUser)
2018-12-22 13:23:32.413  INFO 11736 --- [           main] s.w.s.m.m.a.RequestMappingHandlerMapping : Mapped "{[/service/analytics/tags],methods=[GET],produces=[application/json]}" onto public java.util.Set<java.lang.String> org.zlogic.vogon.web.controller.AnalyticsController.getAllTags(org.zlogic.vogon.web.security.VogonSecurityUser)
2018-12-22 13:23:32.413  INFO 11736 --- [           main] s.w.s.m.m.a.RequestMappingHandlerMapping : Mapped "{[/service/analytics],methods=[POST],produces=[application/json]}" onto public java.util.Map<java.lang.String, org.zlogic.vogon.data.report.Report> org.zlogic.vogon.web.controller.AnalyticsController.getReport(org.zlogic.vogon.data.report.ReportFactory,org.zlogic.vogon.web.security.VogonSecurityUser)
2018-12-22 13:23:32.413  INFO 11736 --- [           main] s.w.s.m.m.a.RequestMappingHandlerMapping : Mapped "{[/service/currencies],methods=[GET],produces=[application/json]}" onto public java.util.Collection<org.zlogic.vogon.web.data.model.CurrencyDetails> org.zlogic.vogon.web.controller.CurrenciesController.getAllCurrencies()
2018-12-22 13:23:32.414  INFO 11736 --- [           main] s.w.s.m.m.a.RequestMappingHandlerMapping : Mapped "{[/service/export],methods=[GET || POST]}" onto public org.springframework.http.HttpEntity<byte[]> org.zlogic.vogon.web.controller.DataController.exportDataJSON(org.zlogic.vogon.web.security.VogonSecurityUser) throws java.lang.RuntimeException
2018-12-22 13:23:32.414  INFO 11736 --- [           main] s.w.s.m.m.a.RequestMappingHandlerMapping : Mapped "{[/service/import],methods=[POST],consumes=[multipart/form-data],produces=[application/json]}" onto public java.lang.Boolean org.zlogic.vogon.web.controller.DataController.importData(org.springframework.web.multipart.MultipartFile,org.zlogic.vogon.web.security.VogonSecurityUser) throws java.lang.RuntimeException
2018-12-22 13:23:32.414  INFO 11736 --- [           main] s.w.s.m.m.a.RequestMappingHandlerMapping : Mapped "{[/fragments/{fragment}.fragment]}" onto public org.springframework.web.servlet.ModelAndView org.zlogic.vogon.web.controller.JspController.fragmentModelAndView(java.lang.String)
2018-12-22 13:23:32.414  INFO 11736 --- [           main] s.w.s.m.m.a.RequestMappingHandlerMapping : Mapped "{[/]}" onto public org.springframework.web.servlet.ModelAndView org.zlogic.vogon.web.controller.JspController.indexModelAndView()
2018-12-22 13:23:32.414  INFO 11736 --- [           main] s.w.s.m.m.a.RequestMappingHandlerMapping : Mapped "{[/oauth/logout],methods=[POST]}" onto public void org.zlogic.vogon.web.controller.LogoutController.logout(org.springframework.security.oauth2.provider.OAuth2Authentication) throws org.zlogic.vogon.web.security.UsernameExistsException
2018-12-22 13:23:32.414  INFO 11736 --- [           main] s.w.s.m.m.a.RequestMappingHandlerMapping : Mapped "{[/register],methods=[POST],produces=[application/json]}" onto public org.zlogic.vogon.data.VogonUser org.zlogic.vogon.web.controller.RegistrationController.register(org.zlogic.vogon.data.VogonUser) throws org.zlogic.vogon.web.security.UsernameExistsException
2018-12-22 13:23:32.414  INFO 11736 --- [           main] s.w.s.m.m.a.RequestMappingHandlerMapping : Mapped "{[/service/transactions/transaction/{id}],methods=[GET],produces=[application/json]}" onto public org.zlogic.vogon.web.data.model.FinanceTransactionJson org.zlogic.vogon.web.controller.TransactionsController.getTransaction(long,org.zlogic.vogon.web.security.VogonSecurityUser)
2018-12-22 13:23:32.414  INFO 11736 --- [           main] s.w.s.m.m.a.RequestMappingHandlerMapping : Mapped "{[/service/transactions],methods=[GET],produces=[application/json]}" onto public java.util.Collection<org.zlogic.vogon.web.data.model.FinanceTransactionJson> org.zlogic.vogon.web.controller.TransactionsController.getTransactions(java.lang.Integer,org.zlogic.vogon.web.controller.TransactionsController$SortColumn,org.springframework.data.domain.Sort$Direction,java.lang.String,java.util.Date,java.util.Collection<java.lang.String>,org.zlogic.vogon.web.security.VogonSecurityUser)
2018-12-22 13:23:32.414  INFO 11736 --- [           main] s.w.s.m.m.a.RequestMappingHandlerMapping : Mapped "{[/service/transactions],methods=[POST],produces=[application/json]}" onto public org.zlogic.vogon.web.data.model.FinanceTransactionJson org.zlogic.vogon.web.controller.TransactionsController.submitTransaction(org.zlogic.vogon.web.data.model.FinanceTransactionJson,org.zlogic.vogon.web.security.VogonSecurityUser)
2018-12-22 13:23:32.414  INFO 11736 --- [           main] s.w.s.m.m.a.RequestMappingHandlerMapping : Mapped "{[/service/transactions/pages],methods=[GET],produces=[application/json]}" onto public long org.zlogic.vogon.web.controller.TransactionsController.getTransactionsCount(org.zlogic.vogon.web.security.VogonSecurityUser)
2018-12-22 13:23:32.414  INFO 11736 --- [           main] s.w.s.m.m.a.RequestMappingHandlerMapping : Mapped "{[/service/transactions/transaction/{id}],methods=[DELETE],produces=[application/json]}" onto public org.zlogic.vogon.web.data.model.FinanceTransactionJson org.zlogic.vogon.web.controller.TransactionsController.deleteTransaction(long,org.zlogic.vogon.web.security.VogonSecurityUser)
2018-12-22 13:23:32.414  INFO 11736 --- [           main] s.w.s.m.m.a.RequestMappingHandlerMapping : Mapped "{[/service/user],methods=[POST],produces=[application/json]}" onto public org.zlogic.vogon.data.VogonUser org.zlogic.vogon.web.controller.UsersController.submitUser(org.zlogic.vogon.data.VogonUser,org.zlogic.vogon.web.security.VogonSecurityUser) throws org.zlogic.vogon.web.security.UsernameExistsException
2018-12-22 13:23:32.414  INFO 11736 --- [           main] s.w.s.m.m.a.RequestMappingHandlerMapping : Mapped "{[/service/user],methods=[GET],produces=[application/json]}" onto public org.zlogic.vogon.data.VogonUser org.zlogic.vogon.web.controller.UsersController.getUserData(org.zlogic.vogon.web.security.VogonSecurityUser)
2018-12-22 13:23:32.415  INFO 11736 --- [           main] s.w.s.m.m.a.RequestMappingHandlerMapping : Mapped "{[/error]}" onto public org.springframework.http.ResponseEntity<java.util.Map<java.lang.String, java.lang.Object>> org.springframework.boot.autoconfigure.web.BasicErrorController.error(javax.servlet.http.HttpServletRequest)
2018-12-22 13:23:32.415  INFO 11736 --- [           main] s.w.s.m.m.a.RequestMappingHandlerMapping : Mapped "{[/error],produces=[text/html]}" onto public org.springframework.web.servlet.ModelAndView org.springframework.boot.autoconfigure.web.BasicErrorController.errorHtml(javax.servlet.http.HttpServletRequest,javax.servlet.http.HttpServletResponse)
2018-12-22 13:23:32.425  INFO 11736 --- [           main] o.s.w.s.handler.SimpleUrlHandlerMapping  : Root mapping to handler of type [class org.springframework.web.servlet.mvc.ParameterizableViewController]
2018-12-22 13:23:32.657  INFO 11736 --- [           main] o.s.w.s.handler.SimpleUrlHandlerMapping  : Mapped URL path [/webjars/**] onto handler of type [class org.springframework.web.servlet.resource.ResourceHttpRequestHandler]
2018-12-22 13:23:32.657  INFO 11736 --- [           main] o.s.w.s.handler.SimpleUrlHandlerMapping  : Mapped URL path [/**] onto handler of type [class org.springframework.web.servlet.resource.ResourceHttpRequestHandler]
2018-12-22 13:23:32.658  INFO 11736 --- [           main] o.s.w.s.handler.SimpleUrlHandlerMapping  : Mapped URL path [/**] onto handler of type [class org.springframework.web.servlet.resource.DefaultServletHttpRequestHandler]
2018-12-22 13:23:32.694  INFO 11736 --- [           main] o.s.w.s.handler.SimpleUrlHandlerMapping  : Mapped URL path [/**/favicon.ico] onto handler of type [class org.springframework.web.servlet.resource.ResourceHttpRequestHandler]
2018-12-22 13:23:32.960  INFO 11736 --- [           main] o.s.b.a.e.mvc.EndpointHandlerMapping     : Mapped "{[/metrics/{name:.*}],methods=[GET],produces=[application/vnd.spring-boot.actuator.v1+json || application/json]}" onto public java.lang.Object org.springframework.boot.actuate.endpoint.mvc.MetricsMvcEndpoint.value(java.lang.String)
2018-12-22 13:23:32.960  INFO 11736 --- [           main] o.s.b.a.e.mvc.EndpointHandlerMapping     : Mapped "{[/metrics || /metrics.json],methods=[GET],produces=[application/vnd.spring-boot.actuator.v1+json || application/json]}" onto public java.lang.Object org.springframework.boot.actuate.endpoint.mvc.EndpointMvcAdapter.invoke()
2018-12-22 13:23:32.960  INFO 11736 --- [           main] o.s.b.a.e.mvc.EndpointHandlerMapping     : Mapped "{[/health || /health.json],methods=[GET],produces=[application/vnd.spring-boot.actuator.v1+json || application/json]}" onto public java.lang.Object org.springframework.boot.actuate.endpoint.mvc.HealthMvcEndpoint.invoke(javax.servlet.http.HttpServletRequest,java.security.Principal)
2018-12-22 13:23:32.960  INFO 11736 --- [           main] o.s.b.a.e.mvc.EndpointHandlerMapping     : Mapped "{[/env/{name:.*}],methods=[GET],produces=[application/vnd.spring-boot.actuator.v1+json || application/json]}" onto public java.lang.Object org.springframework.boot.actuate.endpoint.mvc.EnvironmentMvcEndpoint.value(java.lang.String)
2018-12-22 13:23:32.960  INFO 11736 --- [           main] o.s.b.a.e.mvc.EndpointHandlerMapping     : Mapped "{[/env || /env.json],methods=[GET],produces=[application/vnd.spring-boot.actuator.v1+json || application/json]}" onto public java.lang.Object org.springframework.boot.actuate.endpoint.mvc.EndpointMvcAdapter.invoke()
2018-12-22 13:23:32.960  INFO 11736 --- [           main] o.s.b.a.e.mvc.EndpointHandlerMapping     : Mapped "{[/autoconfig || /autoconfig.json],methods=[GET],produces=[application/vnd.spring-boot.actuator.v1+json || application/json]}" onto public java.lang.Object org.springframework.boot.actuate.endpoint.mvc.EndpointMvcAdapter.invoke()
2018-12-22 13:23:32.960  INFO 11736 --- [           main] o.s.b.a.e.mvc.EndpointHandlerMapping     : Mapped "{[/configprops || /configprops.json],methods=[GET],produces=[application/vnd.spring-boot.actuator.v1+json || application/json]}" onto public java.lang.Object org.springframework.boot.actuate.endpoint.mvc.EndpointMvcAdapter.invoke()
2018-12-22 13:23:32.960  INFO 11736 --- [           main] o.s.b.a.e.mvc.EndpointHandlerMapping     : Mapped "{[/loggers/{name:.*}],methods=[GET],produces=[application/vnd.spring-boot.actuator.v1+json || application/json]}" onto public java.lang.Object org.springframework.boot.actuate.endpoint.mvc.LoggersMvcEndpoint.get(java.lang.String)
2018-12-22 13:23:32.960  INFO 11736 --- [           main] o.s.b.a.e.mvc.EndpointHandlerMapping     : Mapped "{[/loggers/{name:.*}],methods=[POST],consumes=[application/vnd.spring-boot.actuator.v1+json || application/json],produces=[application/vnd.spring-boot.actuator.v1+json || application/json]}" onto public java.lang.Object org.springframework.boot.actuate.endpoint.mvc.LoggersMvcEndpoint.set(java.lang.String,java.util.Map<java.lang.String, java.lang.String>)
2018-12-22 13:23:32.960  INFO 11736 --- [           main] o.s.b.a.e.mvc.EndpointHandlerMapping     : Mapped "{[/loggers || /loggers.json],methods=[GET],produces=[application/vnd.spring-boot.actuator.v1+json || application/json]}" onto public java.lang.Object org.springframework.boot.actuate.endpoint.mvc.EndpointMvcAdapter.invoke()
2018-12-22 13:23:32.960  INFO 11736 --- [           main] o.s.b.a.e.mvc.EndpointHandlerMapping     : Mapped "{[/heapdump || /heapdump.json],methods=[GET],produces=[application/octet-stream]}" onto public void org.springframework.boot.actuate.endpoint.mvc.HeapdumpMvcEndpoint.invoke(boolean,javax.servlet.http.HttpServletRequest,javax.servlet.http.HttpServletResponse) throws java.io.IOException,javax.servlet.ServletException
2018-12-22 13:23:32.960  INFO 11736 --- [           main] o.s.b.a.e.mvc.EndpointHandlerMapping     : Mapped "{[/dump || /dump.json],methods=[GET],produces=[application/vnd.spring-boot.actuator.v1+json || application/json]}" onto public java.lang.Object org.springframework.boot.actuate.endpoint.mvc.EndpointMvcAdapter.invoke()
2018-12-22 13:23:32.960  INFO 11736 --- [           main] o.s.b.a.e.mvc.EndpointHandlerMapping     : Mapped "{[/auditevents || /auditevents.json],methods=[GET],produces=[application/vnd.spring-boot.actuator.v1+json || application/json]}" onto public org.springframework.http.ResponseEntity<?> org.springframework.boot.actuate.endpoint.mvc.AuditEventsMvcEndpoint.findByPrincipalAndAfterAndType(java.lang.String,java.util.Date,java.lang.String)
2018-12-22 13:23:32.960  INFO 11736 --- [           main] o.s.b.a.e.mvc.EndpointHandlerMapping     : Mapped "{[/beans || /beans.json],methods=[GET],produces=[application/vnd.spring-boot.actuator.v1+json || application/json]}" onto public java.lang.Object org.springframework.boot.actuate.endpoint.mvc.EndpointMvcAdapter.invoke()
2018-12-22 13:23:32.960  INFO 11736 --- [           main] o.s.b.a.e.mvc.EndpointHandlerMapping     : Mapped "{[/mappings || /mappings.json],methods=[GET],produces=[application/vnd.spring-boot.actuator.v1+json || application/json]}" onto public java.lang.Object org.springframework.boot.actuate.endpoint.mvc.EndpointMvcAdapter.invoke()
2018-12-22 13:23:32.960  INFO 11736 --- [           main] o.s.b.a.e.mvc.EndpointHandlerMapping     : Mapped "{[/trace || /trace.json],methods=[GET],produces=[application/vnd.spring-boot.actuator.v1+json || application/json]}" onto public java.lang.Object org.springframework.boot.actuate.endpoint.mvc.EndpointMvcAdapter.invoke()
2018-12-22 13:23:32.960  INFO 11736 --- [           main] o.s.b.a.e.mvc.EndpointHandlerMapping     : Mapped "{[/info || /info.json],methods=[GET],produces=[application/vnd.spring-boot.actuator.v1+json || application/json]}" onto public java.lang.Object org.springframework.boot.actuate.endpoint.mvc.EndpointMvcAdapter.invoke()
2018-12-22 13:23:33.107 ERROR 11736 --- [           main] o.a.coyote.http11.Http11NioProtocol      : Failed to start end point associated with ProtocolHandler ["http-nio-8080"]

java.net.BindException: Address already in use: bind
	at sun.nio.ch.Net.bind0(Native Method) ~[na:1.8.0_191]
	at sun.nio.ch.Net.bind(Net.java:433) ~[na:1.8.0_191]
	at sun.nio.ch.Net.bind(Net.java:425) ~[na:1.8.0_191]
	at sun.nio.ch.ServerSocketChannelImpl.bind(ServerSocketChannelImpl.java:223) ~[na:1.8.0_191]
	at sun.nio.ch.ServerSocketAdaptor.bind(ServerSocketAdaptor.java:74) ~[na:1.8.0_191]
	at org.apache.tomcat.util.net.NioEndpoint.bind(NioEndpoint.java:210) ~[tomcat-embed-core-8.5.14.jar:8.5.14]
	at org.apache.tomcat.util.net.AbstractEndpoint.start(AbstractEndpoint.java:978) ~[tomcat-embed-core-8.5.14.jar:8.5.14]
	at org.apache.coyote.AbstractProtocol.start(AbstractProtocol.java:628) ~[tomcat-embed-core-8.5.14.jar:8.5.14]
	at org.apache.catalina.connector.Connector.startInternal(Connector.java:993) [tomcat-embed-core-8.5.14.jar:8.5.14]
	at org.apache.catalina.util.LifecycleBase.start(LifecycleBase.java:150) [tomcat-embed-core-8.5.14.jar:8.5.14]
	at org.apache.catalina.core.StandardService.addConnector(StandardService.java:225) [tomcat-embed-core-8.5.14.jar:8.5.14]
	at org.springframework.boot.context.embedded.tomcat.TomcatEmbeddedServletContainer.addPreviouslyRemovedConnectors(TomcatEmbeddedServletContainer.java:247) [spring-boot-1.5.3.RELEASE.jar:1.5.3.RELEASE]
	at org.springframework.boot.context.embedded.tomcat.TomcatEmbeddedServletContainer.start(TomcatEmbeddedServletContainer.java:190) [spring-boot-1.5.3.RELEASE.jar:1.5.3.RELEASE]
	at org.springframework.boot.context.embedded.EmbeddedWebApplicationContext.startEmbeddedServletContainer(EmbeddedWebApplicationContext.java:297) [spring-boot-1.5.3.RELEASE.jar:1.5.3.RELEASE]
	at org.springframework.boot.context.embedded.EmbeddedWebApplicationContext.finishRefresh(EmbeddedWebApplicationContext.java:145) [spring-boot-1.5.3.RELEASE.jar:1.5.3.RELEASE]
	at org.springframework.context.support.AbstractApplicationContext.refresh(AbstractApplicationContext.java:545) [spring-context-4.3.8.RELEASE.jar:4.3.8.RELEASE]
	at org.springframework.boot.context.embedded.EmbeddedWebApplicationContext.refresh(EmbeddedWebApplicationContext.java:122) [spring-boot-1.5.3.RELEASE.jar:1.5.3.RELEASE]
	at org.springframework.boot.SpringApplication.refresh(SpringApplication.java:737) [spring-boot-1.5.3.RELEASE.jar:1.5.3.RELEASE]
	at org.springframework.boot.SpringApplication.refreshContext(SpringApplication.java:370) [spring-boot-1.5.3.RELEASE.jar:1.5.3.RELEASE]
	at org.springframework.boot.SpringApplication.run(SpringApplication.java:314) [spring-boot-1.5.3.RELEASE.jar:1.5.3.RELEASE]
	at org.springframework.boot.test.context.SpringBootContextLoader.loadContext(SpringBootContextLoader.java:120) [spring-boot-test-1.5.3.RELEASE.jar:1.5.3.RELEASE]
	at org.springframework.test.context.cache.DefaultCacheAwareContextLoaderDelegate.loadContextInternal(DefaultCacheAwareContextLoaderDelegate.java:98) [spring-test-4.3.8.RELEASE.jar:4.3.8.RELEASE]
	at org.springframework.test.context.cache.DefaultCacheAwareContextLoaderDelegate.loadContext(DefaultCacheAwareContextLoaderDelegate.java:116) [spring-test-4.3.8.RELEASE.jar:4.3.8.RELEASE]
	at org.springframework.test.context.support.DefaultTestContext.getApplicationContext(DefaultTestContext.java:83) [spring-test-4.3.8.RELEASE.jar:4.3.8.RELEASE]
	at org.springframework.test.context.support.DependencyInjectionTestExecutionListener.injectDependencies(DependencyInjectionTestExecutionListener.java:117) [spring-test-4.3.8.RELEASE.jar:4.3.8.RELEASE]
	at org.springframework.test.context.support.DependencyInjectionTestExecutionListener.prepareTestInstance(DependencyInjectionTestExecutionListener.java:83) [spring-test-4.3.8.RELEASE.jar:4.3.8.RELEASE]
	at org.springframework.boot.test.autoconfigure.SpringBootDependencyInjectionTestExecutionListener.prepareTestInstance(SpringBootDependencyInjectionTestExecutionListener.java:44) [spring-boot-test-autoconfigure-1.5.3.RELEASE.jar:1.5.3.RELEASE]
	at org.springframework.test.context.TestContextManager.prepareTestInstance(TestContextManager.java:230) [spring-test-4.3.8.RELEASE.jar:4.3.8.RELEASE]
	at org.springframework.test.context.junit4.SpringJUnit4ClassRunner.createTest(SpringJUnit4ClassRunner.java:228) [spring-test-4.3.8.RELEASE.jar:4.3.8.RELEASE]
	at org.springframework.test.context.junit4.SpringJUnit4ClassRunner$1.runReflectiveCall(SpringJUnit4ClassRunner.java:287) [spring-test-4.3.8.RELEASE.jar:4.3.8.RELEASE]
	at org.junit.internal.runners.model.ReflectiveCallable.run(ReflectiveCallable.java:12) [junit-4.12.jar:4.12]
	at org.springframework.test.context.junit4.SpringJUnit4ClassRunner.methodBlock(SpringJUnit4ClassRunner.java:289) [spring-test-4.3.8.RELEASE.jar:4.3.8.RELEASE]
	at org.springframework.test.context.junit4.SpringJUnit4ClassRunner.runChild(SpringJUnit4ClassRunner.java:247) [spring-test-4.3.8.RELEASE.jar:4.3.8.RELEASE]
	at org.springframework.test.context.junit4.SpringJUnit4ClassRunner.runChild(SpringJUnit4ClassRunner.java:94) [spring-test-4.3.8.RELEASE.jar:4.3.8.RELEASE]
	at org.junit.runners.ParentRunner$3.run(ParentRunner.java:290) [junit-4.12.jar:4.12]
	at org.junit.runners.ParentRunner$1.schedule(ParentRunner.java:71) [junit-4.12.jar:4.12]
	at org.junit.runners.ParentRunner.runChildren(ParentRunner.java:288) [junit-4.12.jar:4.12]
	at org.junit.runners.ParentRunner.access$000(ParentRunner.java:58) [junit-4.12.jar:4.12]
	at org.junit.runners.ParentRunner$2.evaluate(ParentRunner.java:268) [junit-4.12.jar:4.12]
	at org.springframework.test.context.junit4.statements.RunBeforeTestClassCallbacks.evaluate(RunBeforeTestClassCallbacks.java:61) [spring-test-4.3.8.RELEASE.jar:4.3.8.RELEASE]
	at org.springframework.test.context.junit4.statements.RunAfterTestClassCallbacks.evaluate(RunAfterTestClassCallbacks.java:70) [spring-test-4.3.8.RELEASE.jar:4.3.8.RELEASE]
	at org.junit.runners.ParentRunner.run(ParentRunner.java:363) [junit-4.12.jar:4.12]
	at org.springframework.test.context.junit4.SpringJUnit4ClassRunner.run(SpringJUnit4ClassRunner.java:191) [spring-test-4.3.8.RELEASE.jar:4.3.8.RELEASE]
	at org.apache.maven.surefire.junit4.JUnit4Provider.execute(JUnit4Provider.java:365) [surefire-junit4-2.20.jar:2.20]
	at org.apache.maven.surefire.junit4.JUnit4Provider.executeWithRerun(JUnit4Provider.java:272) [surefire-junit4-2.20.jar:2.20]
	at org.apache.maven.surefire.junit4.JUnit4Provider.executeTestSet(JUnit4Provider.java:236) [surefire-junit4-2.20.jar:2.20]
	at org.apache.maven.surefire.junit4.JUnit4Provider.invoke(JUnit4Provider.java:159) [surefire-junit4-2.20.jar:2.20]
	at org.apache.maven.surefire.booter.ForkedBooter.invokeProviderInSameClassLoader(ForkedBooter.java:386) [surefire-booter-2.20.jar:2.20]
	at org.apache.maven.surefire.booter.ForkedBooter.runSuitesInProcess(ForkedBooter.java:323) [surefire-booter-2.20.jar:2.20]
	at org.apache.maven.surefire.booter.ForkedBooter.main(ForkedBooter.java:143) [surefire-booter-2.20.jar:2.20]

2018-12-22 13:23:33.108 ERROR 11736 --- [           main] o.apache.catalina.core.StandardService   : Failed to start connector [Connector[HTTP/1.1-8080]]

org.apache.catalina.LifecycleException: Failed to start component [Connector[HTTP/1.1-8080]]
	at org.apache.catalina.util.LifecycleBase.start(LifecycleBase.java:167) ~[tomcat-embed-core-8.5.14.jar:8.5.14]
	at org.apache.catalina.core.StandardService.addConnector(StandardService.java:225) ~[tomcat-embed-core-8.5.14.jar:8.5.14]
	at org.springframework.boot.context.embedded.tomcat.TomcatEmbeddedServletContainer.addPreviouslyRemovedConnectors(TomcatEmbeddedServletContainer.java:247) [spring-boot-1.5.3.RELEASE.jar:1.5.3.RELEASE]
	at org.springframework.boot.context.embedded.tomcat.TomcatEmbeddedServletContainer.start(TomcatEmbeddedServletContainer.java:190) [spring-boot-1.5.3.RELEASE.jar:1.5.3.RELEASE]
	at org.springframework.boot.context.embedded.EmbeddedWebApplicationContext.startEmbeddedServletContainer(EmbeddedWebApplicationContext.java:297) [spring-boot-1.5.3.RELEASE.jar:1.5.3.RELEASE]
	at org.springframework.boot.context.embedded.EmbeddedWebApplicationContext.finishRefresh(EmbeddedWebApplicationContext.java:145) [spring-boot-1.5.3.RELEASE.jar:1.5.3.RELEASE]
	at org.springframework.context.support.AbstractApplicationContext.refresh(AbstractApplicationContext.java:545) [spring-context-4.3.8.RELEASE.jar:4.3.8.RELEASE]
	at org.springframework.boot.context.embedded.EmbeddedWebApplicationContext.refresh(EmbeddedWebApplicationContext.java:122) [spring-boot-1.5.3.RELEASE.jar:1.5.3.RELEASE]
	at org.springframework.boot.SpringApplication.refresh(SpringApplication.java:737) [spring-boot-1.5.3.RELEASE.jar:1.5.3.RELEASE]
	at org.springframework.boot.SpringApplication.refreshContext(SpringApplication.java:370) [spring-boot-1.5.3.RELEASE.jar:1.5.3.RELEASE]
	at org.springframework.boot.SpringApplication.run(SpringApplication.java:314) [spring-boot-1.5.3.RELEASE.jar:1.5.3.RELEASE]
	at org.springframework.boot.test.context.SpringBootContextLoader.loadContext(SpringBootContextLoader.java:120) [spring-boot-test-1.5.3.RELEASE.jar:1.5.3.RELEASE]
	at org.springframework.test.context.cache.DefaultCacheAwareContextLoaderDelegate.loadContextInternal(DefaultCacheAwareContextLoaderDelegate.java:98) [spring-test-4.3.8.RELEASE.jar:4.3.8.RELEASE]
	at org.springframework.test.context.cache.DefaultCacheAwareContextLoaderDelegate.loadContext(DefaultCacheAwareContextLoaderDelegate.java:116) [spring-test-4.3.8.RELEASE.jar:4.3.8.RELEASE]
	at org.springframework.test.context.support.DefaultTestContext.getApplicationContext(DefaultTestContext.java:83) [spring-test-4.3.8.RELEASE.jar:4.3.8.RELEASE]
	at org.springframework.test.context.support.DependencyInjectionTestExecutionListener.injectDependencies(DependencyInjectionTestExecutionListener.java:117) [spring-test-4.3.8.RELEASE.jar:4.3.8.RELEASE]
	at org.springframework.test.context.support.DependencyInjectionTestExecutionListener.prepareTestInstance(DependencyInjectionTestExecutionListener.java:83) [spring-test-4.3.8.RELEASE.jar:4.3.8.RELEASE]
	at org.springframework.boot.test.autoconfigure.SpringBootDependencyInjectionTestExecutionListener.prepareTestInstance(SpringBootDependencyInjectionTestExecutionListener.java:44) [spring-boot-test-autoconfigure-1.5.3.RELEASE.jar:1.5.3.RELEASE]
	at org.springframework.test.context.TestContextManager.prepareTestInstance(TestContextManager.java:230) [spring-test-4.3.8.RELEASE.jar:4.3.8.RELEASE]
	at org.springframework.test.context.junit4.SpringJUnit4ClassRunner.createTest(SpringJUnit4ClassRunner.java:228) [spring-test-4.3.8.RELEASE.jar:4.3.8.RELEASE]
	at org.springframework.test.context.junit4.SpringJUnit4ClassRunner$1.runReflectiveCall(SpringJUnit4ClassRunner.java:287) [spring-test-4.3.8.RELEASE.jar:4.3.8.RELEASE]
	at org.junit.internal.runners.model.ReflectiveCallable.run(ReflectiveCallable.java:12) [junit-4.12.jar:4.12]
	at org.springframework.test.context.junit4.SpringJUnit4ClassRunner.methodBlock(SpringJUnit4ClassRunner.java:289) [spring-test-4.3.8.RELEASE.jar:4.3.8.RELEASE]
	at org.springframework.test.context.junit4.SpringJUnit4ClassRunner.runChild(SpringJUnit4ClassRunner.java:247) [spring-test-4.3.8.RELEASE.jar:4.3.8.RELEASE]
	at org.springframework.test.context.junit4.SpringJUnit4ClassRunner.runChild(SpringJUnit4ClassRunner.java:94) [spring-test-4.3.8.RELEASE.jar:4.3.8.RELEASE]
	at org.junit.runners.ParentRunner$3.run(ParentRunner.java:290) [junit-4.12.jar:4.12]
	at org.junit.runners.ParentRunner$1.schedule(ParentRunner.java:71) [junit-4.12.jar:4.12]
	at org.junit.runners.ParentRunner.runChildren(ParentRunner.java:288) [junit-4.12.jar:4.12]
	at org.junit.runners.ParentRunner.access$000(ParentRunner.java:58) [junit-4.12.jar:4.12]
	at org.junit.runners.ParentRunner$2.evaluate(ParentRunner.java:268) [junit-4.12.jar:4.12]
	at org.springframework.test.context.junit4.statements.RunBeforeTestClassCallbacks.evaluate(RunBeforeTestClassCallbacks.java:61) [spring-test-4.3.8.RELEASE.jar:4.3.8.RELEASE]
	at org.springframework.test.context.junit4.statements.RunAfterTestClassCallbacks.evaluate(RunAfterTestClassCallbacks.java:70) [spring-test-4.3.8.RELEASE.jar:4.3.8.RELEASE]
	at org.junit.runners.ParentRunner.run(ParentRunner.java:363) [junit-4.12.jar:4.12]
	at org.springframework.test.context.junit4.SpringJUnit4ClassRunner.run(SpringJUnit4ClassRunner.java:191) [spring-test-4.3.8.RELEASE.jar:4.3.8.RELEASE]
	at org.apache.maven.surefire.junit4.JUnit4Provider.execute(JUnit4Provider.java:365) [surefire-junit4-2.20.jar:2.20]
	at org.apache.maven.surefire.junit4.JUnit4Provider.executeWithRerun(JUnit4Provider.java:272) [surefire-junit4-2.20.jar:2.20]
	at org.apache.maven.surefire.junit4.JUnit4Provider.executeTestSet(JUnit4Provider.java:236) [surefire-junit4-2.20.jar:2.20]
	at org.apache.maven.surefire.junit4.JUnit4Provider.invoke(JUnit4Provider.java:159) [surefire-junit4-2.20.jar:2.20]
	at org.apache.maven.surefire.booter.ForkedBooter.invokeProviderInSameClassLoader(ForkedBooter.java:386) [surefire-booter-2.20.jar:2.20]
	at org.apache.maven.surefire.booter.ForkedBooter.runSuitesInProcess(ForkedBooter.java:323) [surefire-booter-2.20.jar:2.20]
	at org.apache.maven.surefire.booter.ForkedBooter.main(ForkedBooter.java:143) [surefire-booter-2.20.jar:2.20]
Caused by: org.apache.catalina.LifecycleException: service.getName(): "Tomcat";  Protocol handler start failed
	at org.apache.catalina.connector.Connector.startInternal(Connector.java:1000) ~[tomcat-embed-core-8.5.14.jar:8.5.14]
	at org.apache.catalina.util.LifecycleBase.start(LifecycleBase.java:150) ~[tomcat-embed-core-8.5.14.jar:8.5.14]
	... 40 common frames omitted
Caused by: java.net.BindException: Address already in use: bind
	at sun.nio.ch.Net.bind0(Native Method) ~[na:1.8.0_191]
	at sun.nio.ch.Net.bind(Net.java:433) ~[na:1.8.0_191]
	at sun.nio.ch.Net.bind(Net.java:425) ~[na:1.8.0_191]
	at sun.nio.ch.ServerSocketChannelImpl.bind(ServerSocketChannelImpl.java:223) ~[na:1.8.0_191]
	at sun.nio.ch.ServerSocketAdaptor.bind(ServerSocketAdaptor.java:74) ~[na:1.8.0_191]
	at org.apache.tomcat.util.net.NioEndpoint.bind(NioEndpoint.java:210) ~[tomcat-embed-core-8.5.14.jar:8.5.14]
	at org.apache.tomcat.util.net.AbstractEndpoint.start(AbstractEndpoint.java:978) ~[tomcat-embed-core-8.5.14.jar:8.5.14]
	at org.apache.coyote.AbstractProtocol.start(AbstractProtocol.java:628) ~[tomcat-embed-core-8.5.14.jar:8.5.14]
	at org.apache.catalina.connector.Connector.startInternal(Connector.java:993) ~[tomcat-embed-core-8.5.14.jar:8.5.14]
	... 41 common frames omitted

2018-12-22 13:23:33.380  INFO 11736 --- [           main] o.apache.catalina.core.StandardService   : Stopping service Tomcat
2018-12-22 13:23:33.388  INFO 11736 --- [           main] utoConfigurationReportLoggingInitializer : 

Error starting ApplicationContext. To display the auto-configuration report re-run your application with 'debug' enabled.
2018-12-22 13:23:33.390 ERROR 11736 --- [           main] o.s.b.d.LoggingFailureAnalysisReporter   : 

***************************
APPLICATION FAILED TO START
***************************

Description:

The Tomcat connector configured to listen on port 8080 failed to start. The port may already be in use or the connector may be misconfigured.

Action:

Verify the connector's configuration, identify and stop any process that's listening on port 8080, or configure this application to listen on another port.

2018-12-22 13:23:33.391  INFO 11736 --- [           main] ationConfigEmbeddedWebApplicationContext : Closing org.springframework.boot.context.embedded.AnnotationConfigEmbeddedWebApplicationContext@23bb0dbc: startup date [Sat Dec 22 13:23:30 IST 2018]; root of context hierarchy
2018-12-22 13:23:33.392  INFO 11736 --- [           main] o.z.vogon.web.PersistenceConfiguration   : Unloading JDBC drivers
2018-12-22 13:23:33.393  INFO 11736 --- [           main] j.LocalContainerEntityManagerFactoryBean : Closing JPA EntityManagerFactory for persistence unit 'VogonPU'
2018-12-22 13:23:33.393  INFO 11736 --- [           main] org.hibernate.orm.connections.pooling    : HHH10001008: Cleaning up connection pool [jdbc:h2:mem:test]

  .   ____          _            __ _ _
 /\\ / ___'_ __ _ _(_)_ __  __ _ \ \ \ \
( ( )\___ | '_ | '_| | '_ \/ _` | \ \ \ \
 \\/  ___)| |_)| | | | | || (_| |  ) ) ) )
  '  |____| .__|_| |_|_| |_\__, | / / / /
 =========|_|==============|___/=/_/_/_/
 :: Spring Boot ::        (v1.5.3.RELEASE)

2018-12-22 13:23:33.453  INFO 11736 --- [           main] o.z.v.w.TransactionsControllerWriteTest  : Starting TransactionsControllerWriteTest on GOPAL with PID 11736 (started by GOPAL$ in C:\Program Files (x86)\Jenkins\workspace\Maven_project\vogon-web)
2018-12-22 13:23:33.455  INFO 11736 --- [           main] o.z.v.w.TransactionsControllerWriteTest  : No active profile set, falling back to default profiles: default
2018-12-22 13:23:33.458  INFO 11736 --- [           main] ationConfigEmbeddedWebApplicationContext : Refreshing org.springframework.boot.context.embedded.AnnotationConfigEmbeddedWebApplicationContext@72995501: startup date [Sat Dec 22 13:23:33 IST 2018]; root of context hierarchy
2018-12-22 13:23:33.841  INFO 11736 --- [           main] o.s.b.f.s.DefaultListableBeanFactory     : Overriding bean definition for bean 'entityManagerFactory' with a different definition: replacing [Root bean: class [null]; scope=; abstract=false; lazyInit=false; autowireMode=3; dependencyCheck=0; autowireCandidate=true; primary=false; factoryBeanName=persistenceConfiguration; factoryMethodName=entityManagerFactory; initMethodName=null; destroyMethodName=(inferred); defined in class path resource [org/zlogic/vogon/web/PersistenceConfiguration.class]] with [Root bean: class [null]; scope=; abstract=false; lazyInit=false; autowireMode=3; dependencyCheck=0; autowireCandidate=true; primary=false; factoryBeanName=databaseConfiguration; factoryMethodName=entityManagerFactory; initMethodName=null; destroyMethodName=(inferred); defined in org.zlogic.vogon.web.DatabaseConfiguration]
2018-12-22 13:23:33.985  INFO 11736 --- [           main] trationDelegate$BeanPostProcessorChecker : Bean 'org.springframework.security.config.annotation.configuration.ObjectPostProcessorConfiguration' of type [org.springframework.security.config.annotation.configuration.ObjectPostProcessorConfiguration$$EnhancerBySpringCGLIB$$be8c3acc] is not eligible for getting processed by all BeanPostProcessors (for example: not eligible for auto-proxying)
2018-12-22 13:23:33.988  INFO 11736 --- [           main] trationDelegate$BeanPostProcessorChecker : Bean 'objectPostProcessor' of type [org.springframework.security.config.annotation.configuration.AutowireBeanFactoryObjectPostProcessor] is not eligible for getting processed by all BeanPostProcessors (for example: not eligible for auto-proxying)
2018-12-22 13:23:33.989  INFO 11736 --- [           main] trationDelegate$BeanPostProcessorChecker : Bean 'org.springframework.security.access.expression.method.DefaultMethodSecurityExpressionHandler@36c9ac9e' of type [org.springframework.security.oauth2.provider.expression.OAuth2MethodSecurityExpressionHandler] is not eligible for getting processed by all BeanPostProcessors (for example: not eligible for auto-proxying)
2018-12-22 13:23:33.994  INFO 11736 --- [           main] trationDelegate$BeanPostProcessorChecker : Bean 'org.springframework.security.config.annotation.method.configuration.GlobalMethodSecurityConfiguration' of type [org.springframework.security.config.annotation.method.configuration.GlobalMethodSecurityConfiguration$$EnhancerBySpringCGLIB$$e360dd7e] is not eligible for getting processed by all BeanPostProcessors (for example: not eligible for auto-proxying)
2018-12-22 13:23:33.997  INFO 11736 --- [           main] trationDelegate$BeanPostProcessorChecker : Bean 'methodSecurityMetadataSource' of type [org.springframework.security.access.method.DelegatingMethodSecurityMetadataSource] is not eligible for getting processed by all BeanPostProcessors (for example: not eligible for auto-proxying)
2018-12-22 13:23:34.004  INFO 11736 --- [           main] trationDelegate$BeanPostProcessorChecker : Bean 'org.springframework.transaction.annotation.ProxyTransactionManagementConfiguration' of type [org.springframework.transaction.annotation.ProxyTransactionManagementConfiguration$$EnhancerBySpringCGLIB$$25de7292] is not eligible for getting processed by all BeanPostProcessors (for example: not eligible for auto-proxying)
2018-12-22 13:23:34.009  INFO 11736 --- [           main] trationDelegate$BeanPostProcessorChecker : Bean 'security.oauth2.client-org.springframework.boot.autoconfigure.security.oauth2.OAuth2ClientProperties' of type [org.springframework.boot.autoconfigure.security.oauth2.OAuth2ClientProperties] is not eligible for getting processed by all BeanPostProcessors (for example: not eligible for auto-proxying)
2018-12-22 13:23:34.009  INFO 11736 --- [           main] trationDelegate$BeanPostProcessorChecker : Bean 'org.springframework.boot.autoconfigure.security.oauth2.OAuth2AutoConfiguration' of type [org.springframework.boot.autoconfigure.security.oauth2.OAuth2AutoConfiguration$$EnhancerBySpringCGLIB$$dd282e92] is not eligible for getting processed by all BeanPostProcessors (for example: not eligible for auto-proxying)
2018-12-22 13:23:34.024  INFO 11736 --- [           main] trationDelegate$BeanPostProcessorChecker : Bean 'resourceServerProperties' of type [org.springframework.boot.autoconfigure.security.oauth2.resource.ResourceServerProperties] is not eligible for getting processed by all BeanPostProcessors (for example: not eligible for auto-proxying)
2018-12-22 13:23:34.067  INFO 11736 --- [           main] org.zlogic.vogon.web.TomcatConfigurer    : Using keystore C:\Program Files (x86)\Jenkins\workspace\Maven_project\vogon-web\target/vogonweb.keystore with password ********
2018-12-22 13:23:34.088  INFO 11736 --- [           main] s.b.c.e.t.TomcatEmbeddedServletContainer : Tomcat initialized with port(s): 8080 (http) 8443 (https)
2018-12-22 13:23:34.088  INFO 11736 --- [           main] o.apache.catalina.core.StandardService   : Starting service Tomcat
2018-12-22 13:23:34.088  INFO 11736 --- [           main] org.apache.catalina.core.StandardEngine  : Starting Servlet Engine: Apache Tomcat/8.5.14
2018-12-22 13:23:34.108  INFO 11736 --- [ost-startStop-1] org.apache.jasper.servlet.TldScanner     : At least one JAR was scanned for TLDs yet contained no TLDs. Enable debug logging for this logger for a complete list of JARs that were scanned but no TLDs were found in them. Skipping unneeded JARs during scanning can improve startup time and JSP compilation time.
2018-12-22 13:23:34.108  INFO 11736 --- [ost-startStop-1] o.a.c.c.C.[Tomcat-133].[localhost].[/]   : Initializing Spring embedded WebApplicationContext
2018-12-22 13:23:34.108  INFO 11736 --- [ost-startStop-1] o.s.web.context.ContextLoader            : Root WebApplicationContext: initialization completed in 650 ms
2018-12-22 13:23:34.296  INFO 11736 --- [ost-startStop-1] o.s.b.w.servlet.FilterRegistrationBean   : Mapping filter: 'metricsFilter' to: [/*]
2018-12-22 13:23:34.296  INFO 11736 --- [ost-startStop-1] o.s.b.w.servlet.FilterRegistrationBean   : Mapping filter: 'characterEncodingFilter' to: [/*]
2018-12-22 13:23:34.296  INFO 11736 --- [ost-startStop-1] o.s.b.w.servlet.FilterRegistrationBean   : Mapping filter: 'hiddenHttpMethodFilter' to: [/*]
2018-12-22 13:23:34.296  INFO 11736 --- [ost-startStop-1] o.s.b.w.servlet.FilterRegistrationBean   : Mapping filter: 'httpPutFormContentFilter' to: [/*]
2018-12-22 13:23:34.296  INFO 11736 --- [ost-startStop-1] o.s.b.w.servlet.FilterRegistrationBean   : Mapping filter: 'requestContextFilter' to: [/*]
2018-12-22 13:23:34.296  INFO 11736 --- [ost-startStop-1] .s.DelegatingFilterProxyRegistrationBean : Mapping filter: 'springSecurityFilterChain' to: [/*]
2018-12-22 13:23:34.296  INFO 11736 --- [ost-startStop-1] o.s.b.w.servlet.FilterRegistrationBean   : Mapping filter: 'webRequestLoggingFilter' to: [/*]
2018-12-22 13:23:34.296  INFO 11736 --- [ost-startStop-1] o.s.b.w.servlet.FilterRegistrationBean   : Mapping filter: 'applicationContextIdFilter' to: [/*]
2018-12-22 13:23:34.296  INFO 11736 --- [ost-startStop-1] o.s.b.w.servlet.ServletRegistrationBean  : Mapping servlet: 'dispatcherServlet' to [/]
2018-12-22 13:23:34.309  INFO 11736 --- [           main] j.LocalContainerEntityManagerFactoryBean : Building JPA container EntityManagerFactory for persistence unit 'VogonPU'
2018-12-22 13:23:34.309  INFO 11736 --- [           main] o.hibernate.jpa.internal.util.LogHelper  : HHH000204: Processing PersistenceUnitInfo [
	name: VogonPU
	...]
2018-12-22 13:23:34.314  WARN 11736 --- [           main] org.hibernate.orm.connections.pooling    : HHH10001002: Using Hibernate built-in connection pool (not for production use!)
2018-12-22 13:23:34.314  INFO 11736 --- [           main] org.hibernate.orm.connections.pooling    : HHH10001005: using driver [org.h2.Driver] at URL [jdbc:h2:mem:test]
2018-12-22 13:23:34.314  INFO 11736 --- [           main] org.hibernate.orm.connections.pooling    : HHH10001001: Connection properties: {}
2018-12-22 13:23:34.314  INFO 11736 --- [           main] org.hibernate.orm.connections.pooling    : HHH10001003: Autocommit mode: false
2018-12-22 13:23:34.314  INFO 11736 --- [           main] .c.i.DriverManagerConnectionProviderImpl : HHH000115: Hibernate connection pool size: 20 (min=1)
2018-12-22 13:23:34.317  INFO 11736 --- [           main] org.hibernate.dialect.Dialect            : HHH000400: Using dialect: org.hibernate.dialect.H2Dialect
2018-12-22 13:23:34.330  INFO 11736 --- [           main] org.hibernate.orm.connections.access     : HHH10001501: Connection obtained from JdbcConnectionAccess [org.hibernate.engine.jdbc.env.internal.JdbcEnvironmentInitiator$ConnectionProviderJdbcConnectionAccess@5b3cb2f] for (non-JTA) DDL execution was not in auto-commit mode; the Connection 'local transaction' will be committed and the Connection will be set into auto-commit mode.
2018-12-22 13:23:34.340  INFO 11736 --- [           main] j.LocalContainerEntityManagerFactoryBean : Initialized JPA EntityManagerFactory for persistence unit 'VogonPU'
2018-12-22 13:23:34.678  INFO 11736 --- [           main] .s.o.p.e.FrameworkEndpointHandlerMapping : Mapped "{[/oauth/authorize]}" onto public org.springframework.web.servlet.ModelAndView org.springframework.security.oauth2.provider.endpoint.AuthorizationEndpoint.authorize(java.util.Map<java.lang.String, java.lang.Object>,java.util.Map<java.lang.String, java.lang.String>,org.springframework.web.bind.support.SessionStatus,java.security.Principal)
2018-12-22 13:23:34.678  INFO 11736 --- [           main] .s.o.p.e.FrameworkEndpointHandlerMapping : Mapped "{[/oauth/authorize],methods=[POST],params=[user_oauth_approval]}" onto public org.springframework.web.servlet.View org.springframework.security.oauth2.provider.endpoint.AuthorizationEndpoint.approveOrDeny(java.util.Map<java.lang.String, java.lang.String>,java.util.Map<java.lang.String, ?>,org.springframework.web.bind.support.SessionStatus,java.security.Principal)
2018-12-22 13:23:34.679  INFO 11736 --- [           main] .s.o.p.e.FrameworkEndpointHandlerMapping : Mapped "{[/oauth/token],methods=[GET]}" onto public org.springframework.http.ResponseEntity<org.springframework.security.oauth2.common.OAuth2AccessToken> org.springframework.security.oauth2.provider.endpoint.TokenEndpoint.getAccessToken(java.security.Principal,java.util.Map<java.lang.String, java.lang.String>) throws org.springframework.web.HttpRequestMethodNotSupportedException
2018-12-22 13:23:34.679  INFO 11736 --- [           main] .s.o.p.e.FrameworkEndpointHandlerMapping : Mapped "{[/oauth/token],methods=[POST]}" onto public org.springframework.http.ResponseEntity<org.springframework.security.oauth2.common.OAuth2AccessToken> org.springframework.security.oauth2.provider.endpoint.TokenEndpoint.postAccessToken(java.security.Principal,java.util.Map<java.lang.String, java.lang.String>) throws org.springframework.web.HttpRequestMethodNotSupportedException
2018-12-22 13:23:34.679  INFO 11736 --- [           main] .s.o.p.e.FrameworkEndpointHandlerMapping : Mapped "{[/oauth/check_token]}" onto public java.util.Map<java.lang.String, ?> org.springframework.security.oauth2.provider.endpoint.CheckTokenEndpoint.checkToken(java.lang.String)
2018-12-22 13:23:34.679  INFO 11736 --- [           main] .s.o.p.e.FrameworkEndpointHandlerMapping : Mapped "{[/oauth/confirm_access]}" onto public org.springframework.web.servlet.ModelAndView org.springframework.security.oauth2.provider.endpoint.WhitelabelApprovalEndpoint.getAccessConfirmation(java.util.Map<java.lang.String, java.lang.Object>,javax.servlet.http.HttpServletRequest) throws java.lang.Exception
2018-12-22 13:23:34.679  INFO 11736 --- [           main] .s.o.p.e.FrameworkEndpointHandlerMapping : Mapped "{[/oauth/error]}" onto public org.springframework.web.servlet.ModelAndView org.springframework.security.oauth2.provider.endpoint.WhitelabelErrorEndpoint.handleError(javax.servlet.http.HttpServletRequest)
2018-12-22 13:23:34.889  INFO 11736 --- [           main] o.s.s.web.DefaultSecurityFilterChain     : Creating filter chain: OrRequestMatcher [requestMatchers=[Ant [pattern='/oauth/token'], Ant [pattern='/oauth/token_key'], Ant [pattern='/oauth/check_token']]], [org.springframework.security.web.context.request.async.WebAsyncManagerIntegrationFilter@b8b7322, org.springframework.security.web.context.SecurityContextPersistenceFilter@119ebf3a, org.springframework.security.web.header.HeaderWriterFilter@1c22416, org.springframework.security.web.authentication.logout.LogoutFilter@23795f2b, org.springframework.security.oauth2.provider.client.ClientCredentialsTokenEndpointFilter@267c9895, org.springframework.security.web.authentication.www.BasicAuthenticationFilter@7e02f0dc, org.springframework.security.web.savedrequest.RequestCacheAwareFilter@55fd1ce2, org.springframework.security.web.servletapi.SecurityContextHolderAwareRequestFilter@450f70df, org.springframework.security.web.authentication.AnonymousAuthenticationFilter@41a31dc0, org.springframework.security.web.session.SessionManagementFilter@3babb772, org.springframework.security.web.access.ExceptionTranslationFilter@67d47e7d, org.springframework.security.web.access.intercept.FilterSecurityInterceptor@1dc18fa3]
2018-12-22 13:23:34.889  INFO 11736 --- [           main] o.s.s.web.DefaultSecurityFilterChain     : Creating filter chain: org.springframework.boot.actuate.autoconfigure.ManagementWebSecurityAutoConfiguration$LazyEndpointPathRequestMatcher@4547d3, [org.springframework.security.web.context.request.async.WebAsyncManagerIntegrationFilter@4e2b9b1f, org.springframework.security.web.context.SecurityContextPersistenceFilter@53be7f72, org.springframework.security.web.header.HeaderWriterFilter@4eab901b, org.springframework.security.web.authentication.logout.LogoutFilter@2438339a, org.springframework.security.web.authentication.www.BasicAuthenticationFilter@80d476b, org.springframework.security.web.savedrequest.RequestCacheAwareFilter@7447dbff, org.springframework.security.web.servletapi.SecurityContextHolderAwareRequestFilter@667ea624, org.springframework.security.web.authentication.AnonymousAuthenticationFilter@636266f8, org.springframework.security.web.session.SessionManagementFilter@3defed7c, org.springframework.security.web.access.ExceptionTranslationFilter@525ea00a, org.springframework.security.web.access.intercept.FilterSecurityInterceptor@256100b2]
2018-12-22 13:23:34.939  INFO 11736 --- [           main] o.s.s.w.a.c.ChannelProcessingFilter      : Validated configuration attributes
2018-12-22 13:23:34.948  INFO 11736 --- [           main] o.s.s.web.DefaultSecurityFilterChain     : Creating filter chain: org.springframework.security.oauth2.config.annotation.web.configuration.ResourceServerConfiguration$NotOAuthRequestMatcher@1b216d38, [org.springframework.security.web.access.channel.ChannelProcessingFilter@5c3949cf, org.springframework.security.web.context.request.async.WebAsyncManagerIntegrationFilter@2150618d, org.springframework.security.web.context.SecurityContextPersistenceFilter@408fc4b, org.springframework.security.web.header.HeaderWriterFilter@646eab3f, org.springframework.security.web.authentication.logout.LogoutFilter@2f91170, org.springframework.security.oauth2.provider.authentication.OAuth2AuthenticationProcessingFilter@9dbe5f6, org.springframework.security.web.savedrequest.RequestCacheAwareFilter@4e16f48f, org.springframework.security.web.servletapi.SecurityContextHolderAwareRequestFilter@5f309921, org.springframework.security.web.authentication.AnonymousAuthenticationFilter@78acfbf, org.springframework.security.web.session.SessionManagementFilter@31ad9720, org.springframework.security.web.access.ExceptionTranslationFilter@6ef49419, org.springframework.security.web.access.intercept.FilterSecurityInterceptor@4a15d88d]
2018-12-22 13:23:35.130  INFO 11736 --- [           main] s.w.s.m.m.a.RequestMappingHandlerAdapter : Looking for @ControllerAdvice: org.springframework.boot.context.embedded.AnnotationConfigEmbeddedWebApplicationContext@72995501: startup date [Sat Dec 22 13:23:33 IST 2018]; root of context hierarchy
2018-12-22 13:23:35.161  INFO 11736 --- [           main] s.w.s.m.m.a.RequestMappingHandlerMapping : Mapped "{[/service/accounts],methods=[GET],produces=[application/json]}" onto public java.util.Collection<org.zlogic.vogon.data.FinanceAccount> org.zlogic.vogon.web.controller.AccountsController.getAllAccounts(org.zlogic.vogon.web.security.VogonSecurityUser)
2018-12-22 13:23:35.161  INFO 11736 --- [           main] s.w.s.m.m.a.RequestMappingHandlerMapping : Mapped "{[/service/accounts],methods=[POST],produces=[application/json]}" onto public java.util.Collection<org.zlogic.vogon.data.FinanceAccount> org.zlogic.vogon.web.controller.AccountsController.updateAccounts(java.util.Collection<org.zlogic.vogon.data.FinanceAccount>,org.zlogic.vogon.web.security.VogonSecurityUser)
2018-12-22 13:23:35.161  INFO 11736 --- [           main] s.w.s.m.m.a.RequestMappingHandlerMapping : Mapped "{[/service/analytics/tags],methods=[GET],produces=[application/json]}" onto public java.util.Set<java.lang.String> org.zlogic.vogon.web.controller.AnalyticsController.getAllTags(org.zlogic.vogon.web.security.VogonSecurityUser)
2018-12-22 13:23:35.161  INFO 11736 --- [           main] s.w.s.m.m.a.RequestMappingHandlerMapping : Mapped "{[/service/analytics],methods=[POST],produces=[application/json]}" onto public java.util.Map<java.lang.String, org.zlogic.vogon.data.report.Report> org.zlogic.vogon.web.controller.AnalyticsController.getReport(org.zlogic.vogon.data.report.ReportFactory,org.zlogic.vogon.web.security.VogonSecurityUser)
2018-12-22 13:23:35.161  INFO 11736 --- [           main] s.w.s.m.m.a.RequestMappingHandlerMapping : Mapped "{[/service/currencies],methods=[GET],produces=[application/json]}" onto public java.util.Collection<org.zlogic.vogon.web.data.model.CurrencyDetails> org.zlogic.vogon.web.controller.CurrenciesController.getAllCurrencies()
2018-12-22 13:23:35.161  INFO 11736 --- [           main] s.w.s.m.m.a.RequestMappingHandlerMapping : Mapped "{[/service/export],methods=[GET || POST]}" onto public org.springframework.http.HttpEntity<byte[]> org.zlogic.vogon.web.controller.DataController.exportDataJSON(org.zlogic.vogon.web.security.VogonSecurityUser) throws java.lang.RuntimeException
2018-12-22 13:23:35.161  INFO 11736 --- [           main] s.w.s.m.m.a.RequestMappingHandlerMapping : Mapped "{[/service/import],methods=[POST],consumes=[multipart/form-data],produces=[application/json]}" onto public java.lang.Boolean org.zlogic.vogon.web.controller.DataController.importData(org.springframework.web.multipart.MultipartFile,org.zlogic.vogon.web.security.VogonSecurityUser) throws java.lang.RuntimeException
2018-12-22 13:23:35.161  INFO 11736 --- [           main] s.w.s.m.m.a.RequestMappingHandlerMapping : Mapped "{[/fragments/{fragment}.fragment]}" onto public org.springframework.web.servlet.ModelAndView org.zlogic.vogon.web.controller.JspController.fragmentModelAndView(java.lang.String)
2018-12-22 13:23:35.161  INFO 11736 --- [           main] s.w.s.m.m.a.RequestMappingHandlerMapping : Mapped "{[/]}" onto public org.springframework.web.servlet.ModelAndView org.zlogic.vogon.web.controller.JspController.indexModelAndView()
2018-12-22 13:23:35.162  INFO 11736 --- [           main] s.w.s.m.m.a.RequestMappingHandlerMapping : Mapped "{[/oauth/logout],methods=[POST]}" onto public void org.zlogic.vogon.web.controller.LogoutController.logout(org.springframework.security.oauth2.provider.OAuth2Authentication) throws org.zlogic.vogon.web.security.UsernameExistsException
2018-12-22 13:23:35.162  INFO 11736 --- [           main] s.w.s.m.m.a.RequestMappingHandlerMapping : Mapped "{[/register],methods=[POST],produces=[application/json]}" onto public org.zlogic.vogon.data.VogonUser org.zlogic.vogon.web.controller.RegistrationController.register(org.zlogic.vogon.data.VogonUser) throws org.zlogic.vogon.web.security.UsernameExistsException
2018-12-22 13:23:35.162  INFO 11736 --- [           main] s.w.s.m.m.a.RequestMappingHandlerMapping : Mapped "{[/service/transactions/transaction/{id}],methods=[GET],produces=[application/json]}" onto public org.zlogic.vogon.web.data.model.FinanceTransactionJson org.zlogic.vogon.web.controller.TransactionsController.getTransaction(long,org.zlogic.vogon.web.security.VogonSecurityUser)
2018-12-22 13:23:35.162  INFO 11736 --- [           main] s.w.s.m.m.a.RequestMappingHandlerMapping : Mapped "{[/service/transactions],methods=[GET],produces=[application/json]}" onto public java.util.Collection<org.zlogic.vogon.web.data.model.FinanceTransactionJson> org.zlogic.vogon.web.controller.TransactionsController.getTransactions(java.lang.Integer,org.zlogic.vogon.web.controller.TransactionsController$SortColumn,org.springframework.data.domain.Sort$Direction,java.lang.String,java.util.Date,java.util.Collection<java.lang.String>,org.zlogic.vogon.web.security.VogonSecurityUser)
2018-12-22 13:23:35.162  INFO 11736 --- [           main] s.w.s.m.m.a.RequestMappingHandlerMapping : Mapped "{[/service/transactions],methods=[POST],produces=[application/json]}" onto public org.zlogic.vogon.web.data.model.FinanceTransactionJson org.zlogic.vogon.web.controller.TransactionsController.submitTransaction(org.zlogic.vogon.web.data.model.FinanceTransactionJson,org.zlogic.vogon.web.security.VogonSecurityUser)
2018-12-22 13:23:35.162  INFO 11736 --- [           main] s.w.s.m.m.a.RequestMappingHandlerMapping : Mapped "{[/service/transactions/pages],methods=[GET],produces=[application/json]}" onto public long org.zlogic.vogon.web.controller.TransactionsController.getTransactionsCount(org.zlogic.vogon.web.security.VogonSecurityUser)
2018-12-22 13:23:35.162  INFO 11736 --- [           main] s.w.s.m.m.a.RequestMappingHandlerMapping : Mapped "{[/service/transactions/transaction/{id}],methods=[DELETE],produces=[application/json]}" onto public org.zlogic.vogon.web.data.model.FinanceTransactionJson org.zlogic.vogon.web.controller.TransactionsController.deleteTransaction(long,org.zlogic.vogon.web.security.VogonSecurityUser)
2018-12-22 13:23:35.162  INFO 11736 --- [           main] s.w.s.m.m.a.RequestMappingHandlerMapping : Mapped "{[/service/user],methods=[POST],produces=[application/json]}" onto public org.zlogic.vogon.data.VogonUser org.zlogic.vogon.web.controller.UsersController.submitUser(org.zlogic.vogon.data.VogonUser,org.zlogic.vogon.web.security.VogonSecurityUser) throws org.zlogic.vogon.web.security.UsernameExistsException
2018-12-22 13:23:35.162  INFO 11736 --- [           main] s.w.s.m.m.a.RequestMappingHandlerMapping : Mapped "{[/service/user],methods=[GET],produces=[application/json]}" onto public org.zlogic.vogon.data.VogonUser org.zlogic.vogon.web.controller.UsersController.getUserData(org.zlogic.vogon.web.security.VogonSecurityUser)
2018-12-22 13:23:35.163  INFO 11736 --- [           main] s.w.s.m.m.a.RequestMappingHandlerMapping : Mapped "{[/error]}" onto public org.springframework.http.ResponseEntity<java.util.Map<java.lang.String, java.lang.Object>> org.springframework.boot.autoconfigure.web.BasicErrorController.error(javax.servlet.http.HttpServletRequest)
2018-12-22 13:23:35.163  INFO 11736 --- [           main] s.w.s.m.m.a.RequestMappingHandlerMapping : Mapped "{[/error],produces=[text/html]}" onto public org.springframework.web.servlet.ModelAndView org.springframework.boot.autoconfigure.web.BasicErrorController.errorHtml(javax.servlet.http.HttpServletRequest,javax.servlet.http.HttpServletResponse)
2018-12-22 13:23:35.189  INFO 11736 --- [           main] o.s.w.s.handler.SimpleUrlHandlerMapping  : Root mapping to handler of type [class org.springframework.web.servlet.mvc.ParameterizableViewController]
2018-12-22 13:23:35.425  INFO 11736 --- [           main] o.s.w.s.handler.SimpleUrlHandlerMapping  : Mapped URL path [/webjars/**] onto handler of type [class org.springframework.web.servlet.resource.ResourceHttpRequestHandler]
2018-12-22 13:23:35.425  INFO 11736 --- [           main] o.s.w.s.handler.SimpleUrlHandlerMapping  : Mapped URL path [/**] onto handler of type [class org.springframework.web.servlet.resource.ResourceHttpRequestHandler]
2018-12-22 13:23:35.425  INFO 11736 --- [           main] o.s.w.s.handler.SimpleUrlHandlerMapping  : Mapped URL path [/**] onto handler of type [class org.springframework.web.servlet.resource.DefaultServletHttpRequestHandler]
2018-12-22 13:23:35.441  INFO 11736 --- [           main] o.s.w.s.handler.SimpleUrlHandlerMapping  : Mapped URL path [/**/favicon.ico] onto handler of type [class org.springframework.web.servlet.resource.ResourceHttpRequestHandler]
2018-12-22 13:23:35.690  INFO 11736 --- [           main] o.s.b.a.e.mvc.EndpointHandlerMapping     : Mapped "{[/health || /health.json],methods=[GET],produces=[application/vnd.spring-boot.actuator.v1+json || application/json]}" onto public java.lang.Object org.springframework.boot.actuate.endpoint.mvc.HealthMvcEndpoint.invoke(javax.servlet.http.HttpServletRequest,java.security.Principal)
2018-12-22 13:23:35.690  INFO 11736 --- [           main] o.s.b.a.e.mvc.EndpointHandlerMapping     : Mapped "{[/dump || /dump.json],methods=[GET],produces=[application/vnd.spring-boot.actuator.v1+json || application/json]}" onto public java.lang.Object org.springframework.boot.actuate.endpoint.mvc.EndpointMvcAdapter.invoke()
2018-12-22 13:23:35.690  INFO 11736 --- [           main] o.s.b.a.e.mvc.EndpointHandlerMapping     : Mapped "{[/env/{name:.*}],methods=[GET],produces=[application/vnd.spring-boot.actuator.v1+json || application/json]}" onto public java.lang.Object org.springframework.boot.actuate.endpoint.mvc.EnvironmentMvcEndpoint.value(java.lang.String)
2018-12-22 13:23:35.690  INFO 11736 --- [           main] o.s.b.a.e.mvc.EndpointHandlerMapping     : Mapped "{[/env || /env.json],methods=[GET],produces=[application/vnd.spring-boot.actuator.v1+json || application/json]}" onto public java.lang.Object org.springframework.boot.actuate.endpoint.mvc.EndpointMvcAdapter.invoke()
2018-12-22 13:23:35.690  INFO 11736 --- [           main] o.s.b.a.e.mvc.EndpointHandlerMapping     : Mapped "{[/trace || /trace.json],methods=[GET],produces=[application/vnd.spring-boot.actuator.v1+json || application/json]}" onto public java.lang.Object org.springframework.boot.actuate.endpoint.mvc.EndpointMvcAdapter.invoke()
2018-12-22 13:23:35.690  INFO 11736 --- [           main] o.s.b.a.e.mvc.EndpointHandlerMapping     : Mapped "{[/configprops || /configprops.json],methods=[GET],produces=[application/vnd.spring-boot.actuator.v1+json || application/json]}" onto public java.lang.Object org.springframework.boot.actuate.endpoint.mvc.EndpointMvcAdapter.invoke()
2018-12-22 13:23:35.691  INFO 11736 --- [           main] o.s.b.a.e.mvc.EndpointHandlerMapping     : Mapped "{[/metrics/{name:.*}],methods=[GET],produces=[application/vnd.spring-boot.actuator.v1+json || application/json]}" onto public java.lang.Object org.springframework.boot.actuate.endpoint.mvc.MetricsMvcEndpoint.value(java.lang.String)
2018-12-22 13:23:35.691  INFO 11736 --- [           main] o.s.b.a.e.mvc.EndpointHandlerMapping     : Mapped "{[/metrics || /metrics.json],methods=[GET],produces=[application/vnd.spring-boot.actuator.v1+json || application/json]}" onto public java.lang.Object org.springframework.boot.actuate.endpoint.mvc.EndpointMvcAdapter.invoke()
2018-12-22 13:23:35.691  INFO 11736 --- [           main] o.s.b.a.e.mvc.EndpointHandlerMapping     : Mapped "{[/autoconfig || /autoconfig.json],methods=[GET],produces=[application/vnd.spring-boot.actuator.v1+json || application/json]}" onto public java.lang.Object org.springframework.boot.actuate.endpoint.mvc.EndpointMvcAdapter.invoke()
2018-12-22 13:23:35.691  INFO 11736 --- [           main] o.s.b.a.e.mvc.EndpointHandlerMapping     : Mapped "{[/heapdump || /heapdump.json],methods=[GET],produces=[application/octet-stream]}" onto public void org.springframework.boot.actuate.endpoint.mvc.HeapdumpMvcEndpoint.invoke(boolean,javax.servlet.http.HttpServletRequest,javax.servlet.http.HttpServletResponse) throws java.io.IOException,javax.servlet.ServletException
2018-12-22 13:23:35.692  INFO 11736 --- [           main] o.s.b.a.e.mvc.EndpointHandlerMapping     : Mapped "{[/mappings || /mappings.json],methods=[GET],produces=[application/vnd.spring-boot.actuator.v1+json || application/json]}" onto public java.lang.Object org.springframework.boot.actuate.endpoint.mvc.EndpointMvcAdapter.invoke()
2018-12-22 13:23:35.692  INFO 11736 --- [           main] o.s.b.a.e.mvc.EndpointHandlerMapping     : Mapped "{[/info || /info.json],methods=[GET],produces=[application/vnd.spring-boot.actuator.v1+json || application/json]}" onto public java.lang.Object org.springframework.boot.actuate.endpoint.mvc.EndpointMvcAdapter.invoke()
2018-12-22 13:23:35.692  INFO 11736 --- [           main] o.s.b.a.e.mvc.EndpointHandlerMapping     : Mapped "{[/auditevents || /auditevents.json],methods=[GET],produces=[application/vnd.spring-boot.actuator.v1+json || application/json]}" onto public org.springframework.http.ResponseEntity<?> org.springframework.boot.actuate.endpoint.mvc.AuditEventsMvcEndpoint.findByPrincipalAndAfterAndType(java.lang.String,java.util.Date,java.lang.String)
2018-12-22 13:23:35.693  INFO 11736 --- [           main] o.s.b.a.e.mvc.EndpointHandlerMapping     : Mapped "{[/beans || /beans.json],methods=[GET],produces=[application/vnd.spring-boot.actuator.v1+json || application/json]}" onto public java.lang.Object org.springframework.boot.actuate.endpoint.mvc.EndpointMvcAdapter.invoke()
2018-12-22 13:23:35.693  INFO 11736 --- [           main] o.s.b.a.e.mvc.EndpointHandlerMapping     : Mapped "{[/loggers/{name:.*}],methods=[GET],produces=[application/vnd.spring-boot.actuator.v1+json || application/json]}" onto public java.lang.Object org.springframework.boot.actuate.endpoint.mvc.LoggersMvcEndpoint.get(java.lang.String)
2018-12-22 13:23:35.693  INFO 11736 --- [           main] o.s.b.a.e.mvc.EndpointHandlerMapping     : Mapped "{[/loggers/{name:.*}],methods=[POST],consumes=[application/vnd.spring-boot.actuator.v1+json || application/json],produces=[application/vnd.spring-boot.actuator.v1+json || application/json]}" onto public java.lang.Object org.springframework.boot.actuate.endpoint.mvc.LoggersMvcEndpoint.set(java.lang.String,java.util.Map<java.lang.String, java.lang.String>)
2018-12-22 13:23:35.693  INFO 11736 --- [           main] o.s.b.a.e.mvc.EndpointHandlerMapping     : Mapped "{[/loggers || /loggers.json],methods=[GET],produces=[application/vnd.spring-boot.actuator.v1+json || application/json]}" onto public java.lang.Object org.springframework.boot.actuate.endpoint.mvc.EndpointMvcAdapter.invoke()
2018-12-22 13:23:35.791 ERROR 11736 --- [           main] o.a.coyote.http11.Http11NioProtocol      : Failed to start end point associated with ProtocolHandler ["http-nio-8080"]

java.net.BindException: Address already in use: bind
	at sun.nio.ch.Net.bind0(Native Method) ~[na:1.8.0_191]
	at sun.nio.ch.Net.bind(Net.java:433) ~[na:1.8.0_191]
	at sun.nio.ch.Net.bind(Net.java:425) ~[na:1.8.0_191]
	at sun.nio.ch.ServerSocketChannelImpl.bind(ServerSocketChannelImpl.java:223) ~[na:1.8.0_191]
	at sun.nio.ch.ServerSocketAdaptor.bind(ServerSocketAdaptor.java:74) ~[na:1.8.0_191]
	at org.apache.tomcat.util.net.NioEndpoint.bind(NioEndpoint.java:210) ~[tomcat-embed-core-8.5.14.jar:8.5.14]
	at org.apache.tomcat.util.net.AbstractEndpoint.start(AbstractEndpoint.java:978) ~[tomcat-embed-core-8.5.14.jar:8.5.14]
	at org.apache.coyote.AbstractProtocol.start(AbstractProtocol.java:628) ~[tomcat-embed-core-8.5.14.jar:8.5.14]
	at org.apache.catalina.connector.Connector.startInternal(Connector.java:993) [tomcat-embed-core-8.5.14.jar:8.5.14]
	at org.apache.catalina.util.LifecycleBase.start(LifecycleBase.java:150) [tomcat-embed-core-8.5.14.jar:8.5.14]
	at org.apache.catalina.core.StandardService.addConnector(StandardService.java:225) [tomcat-embed-core-8.5.14.jar:8.5.14]
	at org.springframework.boot.context.embedded.tomcat.TomcatEmbeddedServletContainer.addPreviouslyRemovedConnectors(TomcatEmbeddedServletContainer.java:247) [spring-boot-1.5.3.RELEASE.jar:1.5.3.RELEASE]
	at org.springframework.boot.context.embedded.tomcat.TomcatEmbeddedServletContainer.start(TomcatEmbeddedServletContainer.java:190) [spring-boot-1.5.3.RELEASE.jar:1.5.3.RELEASE]
	at org.springframework.boot.context.embedded.EmbeddedWebApplicationContext.startEmbeddedServletContainer(EmbeddedWebApplicationContext.java:297) [spring-boot-1.5.3.RELEASE.jar:1.5.3.RELEASE]
	at org.springframework.boot.context.embedded.EmbeddedWebApplicationContext.finishRefresh(EmbeddedWebApplicationContext.java:145) [spring-boot-1.5.3.RELEASE.jar:1.5.3.RELEASE]
	at org.springframework.context.support.AbstractApplicationContext.refresh(AbstractApplicationContext.java:545) [spring-context-4.3.8.RELEASE.jar:4.3.8.RELEASE]
	at org.springframework.boot.context.embedded.EmbeddedWebApplicationContext.refresh(EmbeddedWebApplicationContext.java:122) [spring-boot-1.5.3.RELEASE.jar:1.5.3.RELEASE]
	at org.springframework.boot.SpringApplication.refresh(SpringApplication.java:737) [spring-boot-1.5.3.RELEASE.jar:1.5.3.RELEASE]
	at org.springframework.boot.SpringApplication.refreshContext(SpringApplication.java:370) [spring-boot-1.5.3.RELEASE.jar:1.5.3.RELEASE]
	at org.springframework.boot.SpringApplication.run(SpringApplication.java:314) [spring-boot-1.5.3.RELEASE.jar:1.5.3.RELEASE]
	at org.springframework.boot.test.context.SpringBootContextLoader.loadContext(SpringBootContextLoader.java:120) [spring-boot-test-1.5.3.RELEASE.jar:1.5.3.RELEASE]
	at org.springframework.test.context.cache.DefaultCacheAwareContextLoaderDelegate.loadContextInternal(DefaultCacheAwareContextLoaderDelegate.java:98) [spring-test-4.3.8.RELEASE.jar:4.3.8.RELEASE]
	at org.springframework.test.context.cache.DefaultCacheAwareContextLoaderDelegate.loadContext(DefaultCacheAwareContextLoaderDelegate.java:116) [spring-test-4.3.8.RELEASE.jar:4.3.8.RELEASE]
	at org.springframework.test.context.support.DefaultTestContext.getApplicationContext(DefaultTestContext.java:83) [spring-test-4.3.8.RELEASE.jar:4.3.8.RELEASE]
	at org.springframework.boot.test.autoconfigure.SpringBootDependencyInjectionTestExecutionListener.prepareTestInstance(SpringBootDependencyInjectionTestExecutionListener.java:47) [spring-boot-test-autoconfigure-1.5.3.RELEASE.jar:1.5.3.RELEASE]
	at org.springframework.test.context.TestContextManager.prepareTestInstance(TestContextManager.java:230) [spring-test-4.3.8.RELEASE.jar:4.3.8.RELEASE]
	at org.springframework.test.context.junit4.SpringJUnit4ClassRunner.createTest(SpringJUnit4ClassRunner.java:228) [spring-test-4.3.8.RELEASE.jar:4.3.8.RELEASE]
	at org.springframework.test.context.junit4.SpringJUnit4ClassRunner$1.runReflectiveCall(SpringJUnit4ClassRunner.java:287) [spring-test-4.3.8.RELEASE.jar:4.3.8.RELEASE]
	at org.junit.internal.runners.model.ReflectiveCallable.run(ReflectiveCallable.java:12) [junit-4.12.jar:4.12]
	at org.springframework.test.context.junit4.SpringJUnit4ClassRunner.methodBlock(SpringJUnit4ClassRunner.java:289) [spring-test-4.3.8.RELEASE.jar:4.3.8.RELEASE]
	at org.springframework.test.context.junit4.SpringJUnit4ClassRunner.runChild(SpringJUnit4ClassRunner.java:247) [spring-test-4.3.8.RELEASE.jar:4.3.8.RELEASE]
	at org.springframework.test.context.junit4.SpringJUnit4ClassRunner.runChild(SpringJUnit4ClassRunner.java:94) [spring-test-4.3.8.RELEASE.jar:4.3.8.RELEASE]
	at org.junit.runners.ParentRunner$3.run(ParentRunner.java:290) [junit-4.12.jar:4.12]
	at org.junit.runners.ParentRunner$1.schedule(ParentRunner.java:71) [junit-4.12.jar:4.12]
	at org.junit.runners.ParentRunner.runChildren(ParentRunner.java:288) [junit-4.12.jar:4.12]
	at org.junit.runners.ParentRunner.access$000(ParentRunner.java:58) [junit-4.12.jar:4.12]
	at org.junit.runners.ParentRunner$2.evaluate(ParentRunner.java:268) [junit-4.12.jar:4.12]
	at org.springframework.test.context.junit4.statements.RunBeforeTestClassCallbacks.evaluate(RunBeforeTestClassCallbacks.java:61) [spring-test-4.3.8.RELEASE.jar:4.3.8.RELEASE]
	at org.springframework.test.context.junit4.statements.RunAfterTestClassCallbacks.evaluate(RunAfterTestClassCallbacks.java:70) [spring-test-4.3.8.RELEASE.jar:4.3.8.RELEASE]
	at org.junit.runners.ParentRunner.run(ParentRunner.java:363) [junit-4.12.jar:4.12]
	at org.springframework.test.context.junit4.SpringJUnit4ClassRunner.run(SpringJUnit4ClassRunner.java:191) [spring-test-4.3.8.RELEASE.jar:4.3.8.RELEASE]
	at org.apache.maven.surefire.junit4.JUnit4Provider.execute(JUnit4Provider.java:365) [surefire-junit4-2.20.jar:2.20]
	at org.apache.maven.surefire.junit4.JUnit4Provider.executeWithRerun(JUnit4Provider.java:272) [surefire-junit4-2.20.jar:2.20]
	at org.apache.maven.surefire.junit4.JUnit4Provider.executeTestSet(JUnit4Provider.java:236) [surefire-junit4-2.20.jar:2.20]
	at org.apache.maven.surefire.junit4.JUnit4Provider.invoke(JUnit4Provider.java:159) [surefire-junit4-2.20.jar:2.20]
	at org.apache.maven.surefire.booter.ForkedBooter.invokeProviderInSameClassLoader(ForkedBooter.java:386) [surefire-booter-2.20.jar:2.20]
	at org.apache.maven.surefire.booter.ForkedBooter.runSuitesInProcess(ForkedBooter.java:323) [surefire-booter-2.20.jar:2.20]
	at org.apache.maven.surefire.booter.ForkedBooter.main(ForkedBooter.java:143) [surefire-booter-2.20.jar:2.20]

2018-12-22 13:23:35.791 ERROR 11736 --- [           main] o.apache.catalina.core.StandardService   : Failed to start connector [Connector[HTTP/1.1-8080]]

org.apache.catalina.LifecycleException: Failed to start component [Connector[HTTP/1.1-8080]]
	at org.apache.catalina.util.LifecycleBase.start(LifecycleBase.java:167) ~[tomcat-embed-core-8.5.14.jar:8.5.14]
	at org.apache.catalina.core.StandardService.addConnector(StandardService.java:225) ~[tomcat-embed-core-8.5.14.jar:8.5.14]
	at org.springframework.boot.context.embedded.tomcat.TomcatEmbeddedServletContainer.addPreviouslyRemovedConnectors(TomcatEmbeddedServletContainer.java:247) [spring-boot-1.5.3.RELEASE.jar:1.5.3.RELEASE]
	at org.springframework.boot.context.embedded.tomcat.TomcatEmbeddedServletContainer.start(TomcatEmbeddedServletContainer.java:190) [spring-boot-1.5.3.RELEASE.jar:1.5.3.RELEASE]
	at org.springframework.boot.context.embedded.EmbeddedWebApplicationContext.startEmbeddedServletContainer(EmbeddedWebApplicationContext.java:297) [spring-boot-1.5.3.RELEASE.jar:1.5.3.RELEASE]
	at org.springframework.boot.context.embedded.EmbeddedWebApplicationContext.finishRefresh(EmbeddedWebApplicationContext.java:145) [spring-boot-1.5.3.RELEASE.jar:1.5.3.RELEASE]
	at org.springframework.context.support.AbstractApplicationContext.refresh(AbstractApplicationContext.java:545) [spring-context-4.3.8.RELEASE.jar:4.3.8.RELEASE]
	at org.springframework.boot.context.embedded.EmbeddedWebApplicationContext.refresh(EmbeddedWebApplicationContext.java:122) [spring-boot-1.5.3.RELEASE.jar:1.5.3.RELEASE]
	at org.springframework.boot.SpringApplication.refresh(SpringApplication.java:737) [spring-boot-1.5.3.RELEASE.jar:1.5.3.RELEASE]
	at org.springframework.boot.SpringApplication.refreshContext(SpringApplication.java:370) [spring-boot-1.5.3.RELEASE.jar:1.5.3.RELEASE]
	at org.springframework.boot.SpringApplication.run(SpringApplication.java:314) [spring-boot-1.5.3.RELEASE.jar:1.5.3.RELEASE]
	at org.springframework.boot.test.context.SpringBootContextLoader.loadContext(SpringBootContextLoader.java:120) [spring-boot-test-1.5.3.RELEASE.jar:1.5.3.RELEASE]
	at org.springframework.test.context.cache.DefaultCacheAwareContextLoaderDelegate.loadContextInternal(DefaultCacheAwareContextLoaderDelegate.java:98) [spring-test-4.3.8.RELEASE.jar:4.3.8.RELEASE]
	at org.springframework.test.context.cache.DefaultCacheAwareContextLoaderDelegate.loadContext(DefaultCacheAwareContextLoaderDelegate.java:116) [spring-test-4.3.8.RELEASE.jar:4.3.8.RELEASE]
	at org.springframework.test.context.support.DefaultTestContext.getApplicationContext(DefaultTestContext.java:83) [spring-test-4.3.8.RELEASE.jar:4.3.8.RELEASE]
	at org.springframework.boot.test.autoconfigure.SpringBootDependencyInjectionTestExecutionListener.prepareTestInstance(SpringBootDependencyInjectionTestExecutionListener.java:47) [spring-boot-test-autoconfigure-1.5.3.RELEASE.jar:1.5.3.RELEASE]
	at org.springframework.test.context.TestContextManager.prepareTestInstance(TestContextManager.java:230) [spring-test-4.3.8.RELEASE.jar:4.3.8.RELEASE]
	at org.springframework.test.context.junit4.SpringJUnit4ClassRunner.createTest(SpringJUnit4ClassRunner.java:228) [spring-test-4.3.8.RELEASE.jar:4.3.8.RELEASE]
	at org.springframework.test.context.junit4.SpringJUnit4ClassRunner$1.runReflectiveCall(SpringJUnit4ClassRunner.java:287) [spring-test-4.3.8.RELEASE.jar:4.3.8.RELEASE]
	at org.junit.internal.runners.model.ReflectiveCallable.run(ReflectiveCallable.java:12) [junit-4.12.jar:4.12]
	at org.springframework.test.context.junit4.SpringJUnit4ClassRunner.methodBlock(SpringJUnit4ClassRunner.java:289) [spring-test-4.3.8.RELEASE.jar:4.3.8.RELEASE]
	at org.springframework.test.context.junit4.SpringJUnit4ClassRunner.runChild(SpringJUnit4ClassRunner.java:247) [spring-test-4.3.8.RELEASE.jar:4.3.8.RELEASE]
	at org.springframework.test.context.junit4.SpringJUnit4ClassRunner.runChild(SpringJUnit4ClassRunner.java:94) [spring-test-4.3.8.RELEASE.jar:4.3.8.RELEASE]
	at org.junit.runners.ParentRunner$3.run(ParentRunner.java:290) [junit-4.12.jar:4.12]
	at org.junit.runners.ParentRunner$1.schedule(ParentRunner.java:71) [junit-4.12.jar:4.12]
	at org.junit.runners.ParentRunner.runChildren(ParentRunner.java:288) [junit-4.12.jar:4.12]
	at org.junit.runners.ParentRunner.access$000(ParentRunner.java:58) [junit-4.12.jar:4.12]
	at org.junit.runners.ParentRunner$2.evaluate(ParentRunner.java:268) [junit-4.12.jar:4.12]
	at org.springframework.test.context.junit4.statements.RunBeforeTestClassCallbacks.evaluate(RunBeforeTestClassCallbacks.java:61) [spring-test-4.3.8.RELEASE.jar:4.3.8.RELEASE]
	at org.springframework.test.context.junit4.statements.RunAfterTestClassCallbacks.evaluate(RunAfterTestClassCallbacks.java:70) [spring-test-4.3.8.RELEASE.jar:4.3.8.RELEASE]
	at org.junit.runners.ParentRunner.run(ParentRunner.java:363) [junit-4.12.jar:4.12]
	at org.springframework.test.context.junit4.SpringJUnit4ClassRunner.run(SpringJUnit4ClassRunner.java:191) [spring-test-4.3.8.RELEASE.jar:4.3.8.RELEASE]
	at org.apache.maven.surefire.junit4.JUnit4Provider.execute(JUnit4Provider.java:365) [surefire-junit4-2.20.jar:2.20]
	at org.apache.maven.surefire.junit4.JUnit4Provider.executeWithRerun(JUnit4Provider.java:272) [surefire-junit4-2.20.jar:2.20]
	at org.apache.maven.surefire.junit4.JUnit4Provider.executeTestSet(JUnit4Provider.java:236) [surefire-junit4-2.20.jar:2.20]
	at org.apache.maven.surefire.junit4.JUnit4Provider.invoke(JUnit4Provider.java:159) [surefire-junit4-2.20.jar:2.20]
	at org.apache.maven.surefire.booter.ForkedBooter.invokeProviderInSameClassLoader(ForkedBooter.java:386) [surefire-booter-2.20.jar:2.20]
	at org.apache.maven.surefire.booter.ForkedBooter.runSuitesInProcess(ForkedBooter.java:323) [surefire-booter-2.20.jar:2.20]
	at org.apache.maven.surefire.booter.ForkedBooter.main(ForkedBooter.java:143) [surefire-booter-2.20.jar:2.20]
Caused by: org.apache.catalina.LifecycleException: service.getName(): "Tomcat";  Protocol handler start failed
	at org.apache.catalina.connector.Connector.startInternal(Connector.java:1000) ~[tomcat-embed-core-8.5.14.jar:8.5.14]
	at org.apache.catalina.util.LifecycleBase.start(LifecycleBase.java:150) ~[tomcat-embed-core-8.5.14.jar:8.5.14]
	... 38 common frames omitted
Caused by: java.net.BindException: Address already in use: bind
	at sun.nio.ch.Net.bind0(Native Method) ~[na:1.8.0_191]
	at sun.nio.ch.Net.bind(Net.java:433) ~[na:1.8.0_191]
	at sun.nio.ch.Net.bind(Net.java:425) ~[na:1.8.0_191]
	at sun.nio.ch.ServerSocketChannelImpl.bind(ServerSocketChannelImpl.java:223) ~[na:1.8.0_191]
	at sun.nio.ch.ServerSocketAdaptor.bind(ServerSocketAdaptor.java:74) ~[na:1.8.0_191]
	at org.apache.tomcat.util.net.NioEndpoint.bind(NioEndpoint.java:210) ~[tomcat-embed-core-8.5.14.jar:8.5.14]
	at org.apache.tomcat.util.net.AbstractEndpoint.start(AbstractEndpoint.java:978) ~[tomcat-embed-core-8.5.14.jar:8.5.14]
	at org.apache.coyote.AbstractProtocol.start(AbstractProtocol.java:628) ~[tomcat-embed-core-8.5.14.jar:8.5.14]
	at org.apache.catalina.connector.Connector.startInternal(Connector.java:993) ~[tomcat-embed-core-8.5.14.jar:8.5.14]
	... 39 common frames omitted

2018-12-22 13:23:36.000  INFO 11736 --- [           main] o.apache.catalina.core.StandardService   : Stopping service Tomcat
2018-12-22 13:23:36.005  INFO 11736 --- [           main] utoConfigurationReportLoggingInitializer : 

Error starting ApplicationContext. To display the auto-configuration report re-run your application with 'debug' enabled.
2018-12-22 13:23:36.006 ERROR 11736 --- [           main] o.s.b.d.LoggingFailureAnalysisReporter   : 

***************************
APPLICATION FAILED TO START
***************************

Description:

The Tomcat connector configured to listen on port 8080 failed to start. The port may already be in use or the connector may be misconfigured.

Action:

Verify the connector's configuration, identify and stop any process that's listening on port 8080, or configure this application to listen on another port.

2018-12-22 13:23:36.007  INFO 11736 --- [           main] ationConfigEmbeddedWebApplicationContext : Closing org.springframework.boot.context.embedded.AnnotationConfigEmbeddedWebApplicationContext@72995501: startup date [Sat Dec 22 13:23:33 IST 2018]; root of context hierarchy
2018-12-22 13:23:36.008  INFO 11736 --- [           main] o.z.vogon.web.PersistenceConfiguration   : Unloading JDBC drivers
2018-12-22 13:23:36.009  INFO 11736 --- [           main] j.LocalContainerEntityManagerFactoryBean : Closing JPA EntityManagerFactory for persistence unit 'VogonPU'
2018-12-22 13:23:36.009  INFO 11736 --- [           main] org.hibernate.orm.connections.pooling    : HHH10001008: Cleaning up connection pool [jdbc:h2:mem:test]
2018-12-22 13:23:36.010 ERROR 11736 --- [           main] o.s.test.context.TestContextManager      : Caught exception while allowing TestExecutionListener [org.springframework.boot.test.autoconfigure.SpringBootDependencyInjectionTestExecutionListener@482cd077] to prepare test instance [org.zlogic.vogon.web.TransactionsControllerWriteTest@4e616615]

java.lang.IllegalStateException: Failed to load ApplicationContext
	at org.springframework.test.context.cache.DefaultCacheAwareContextLoaderDelegate.loadContext(DefaultCacheAwareContextLoaderDelegate.java:124) ~[spring-test-4.3.8.RELEASE.jar:4.3.8.RELEASE]
	at org.springframework.test.context.support.DefaultTestContext.getApplicationContext(DefaultTestContext.java:83) ~[spring-test-4.3.8.RELEASE.jar:4.3.8.RELEASE]
	at org.springframework.boot.test.autoconfigure.SpringBootDependencyInjectionTestExecutionListener.prepareTestInstance(SpringBootDependencyInjectionTestExecutionListener.java:47) ~[spring-boot-test-autoconfigure-1.5.3.RELEASE.jar:1.5.3.RELEASE]
	at org.springframework.test.context.TestContextManager.prepareTestInstance(TestContextManager.java:230) ~[spring-test-4.3.8.RELEASE.jar:4.3.8.RELEASE]
	at org.springframework.test.context.junit4.SpringJUnit4ClassRunner.createTest(SpringJUnit4ClassRunner.java:228) [spring-test-4.3.8.RELEASE.jar:4.3.8.RELEASE]
	at org.springframework.test.context.junit4.SpringJUnit4ClassRunner$1.runReflectiveCall(SpringJUnit4ClassRunner.java:287) [spring-test-4.3.8.RELEASE.jar:4.3.8.RELEASE]
	at org.junit.internal.runners.model.ReflectiveCallable.run(ReflectiveCallable.java:12) [junit-4.12.jar:4.12]
	at org.springframework.test.context.junit4.SpringJUnit4ClassRunner.methodBlock(SpringJUnit4ClassRunner.java:289) [spring-test-4.3.8.RELEASE.jar:4.3.8.RELEASE]
	at org.springframework.test.context.junit4.SpringJUnit4ClassRunner.runChild(SpringJUnit4ClassRunner.java:247) [spring-test-4.3.8.RELEASE.jar:4.3.8.RELEASE]
	at org.springframework.test.context.junit4.SpringJUnit4ClassRunner.runChild(SpringJUnit4ClassRunner.java:94) [spring-test-4.3.8.RELEASE.jar:4.3.8.RELEASE]
	at org.junit.runners.ParentRunner$3.run(ParentRunner.java:290) [junit-4.12.jar:4.12]
	at org.junit.runners.ParentRunner$1.schedule(ParentRunner.java:71) [junit-4.12.jar:4.12]
	at org.junit.runners.ParentRunner.runChildren(ParentRunner.java:288) [junit-4.12.jar:4.12]
	at org.junit.runners.ParentRunner.access$000(ParentRunner.java:58) [junit-4.12.jar:4.12]
	at org.junit.runners.ParentRunner$2.evaluate(ParentRunner.java:268) [junit-4.12.jar:4.12]
	at org.springframework.test.context.junit4.statements.RunBeforeTestClassCallbacks.evaluate(RunBeforeTestClassCallbacks.java:61) [spring-test-4.3.8.RELEASE.jar:4.3.8.RELEASE]
	at org.springframework.test.context.junit4.statements.RunAfterTestClassCallbacks.evaluate(RunAfterTestClassCallbacks.java:70) [spring-test-4.3.8.RELEASE.jar:4.3.8.RELEASE]
	at org.junit.runners.ParentRunner.run(ParentRunner.java:363) [junit-4.12.jar:4.12]
	at org.springframework.test.context.junit4.SpringJUnit4ClassRunner.run(SpringJUnit4ClassRunner.java:191) [spring-test-4.3.8.RELEASE.jar:4.3.8.RELEASE]
	at org.apache.maven.surefire.junit4.JUnit4Provider.execute(JUnit4Provider.java:365) [surefire-junit4-2.20.jar:2.20]
	at org.apache.maven.surefire.junit4.JUnit4Provider.executeWithRerun(JUnit4Provider.java:272) [surefire-junit4-2.20.jar:2.20]
	at org.apache.maven.surefire.junit4.JUnit4Provider.executeTestSet(JUnit4Provider.java:236) [surefire-junit4-2.20.jar:2.20]
	at org.apache.maven.surefire.junit4.JUnit4Provider.invoke(JUnit4Provider.java:159) [surefire-junit4-2.20.jar:2.20]
	at org.apache.maven.surefire.booter.ForkedBooter.invokeProviderInSameClassLoader(ForkedBooter.java:386) [surefire-booter-2.20.jar:2.20]
	at org.apache.maven.surefire.booter.ForkedBooter.runSuitesInProcess(ForkedBooter.java:323) [surefire-booter-2.20.jar:2.20]
	at org.apache.maven.surefire.booter.ForkedBooter.main(ForkedBooter.java:143) [surefire-booter-2.20.jar:2.20]
Caused by: org.springframework.boot.context.embedded.tomcat.ConnectorStartFailedException: Connector configured to listen on port 8080 failed to start
	at org.springframework.boot.context.embedded.tomcat.TomcatEmbeddedServletContainer.checkThatConnectorsHaveStarted(TomcatEmbeddedServletContainer.java:219) ~[spring-boot-1.5.3.RELEASE.jar:1.5.3.RELEASE]
	at org.springframework.boot.context.embedded.tomcat.TomcatEmbeddedServletContainer.start(TomcatEmbeddedServletContainer.java:195) ~[spring-boot-1.5.3.RELEASE.jar:1.5.3.RELEASE]
	at org.springframework.boot.context.embedded.EmbeddedWebApplicationContext.startEmbeddedServletContainer(EmbeddedWebApplicationContext.java:297) ~[spring-boot-1.5.3.RELEASE.jar:1.5.3.RELEASE]
	at org.springframework.boot.context.embedded.EmbeddedWebApplicationContext.finishRefresh(EmbeddedWebApplicationContext.java:145) ~[spring-boot-1.5.3.RELEASE.jar:1.5.3.RELEASE]
	at org.springframework.context.support.AbstractApplicationContext.refresh(AbstractApplicationContext.java:545) ~[spring-context-4.3.8.RELEASE.jar:4.3.8.RELEASE]
	at org.springframework.boot.context.embedded.EmbeddedWebApplicationContext.refresh(EmbeddedWebApplicationContext.java:122) ~[spring-boot-1.5.3.RELEASE.jar:1.5.3.RELEASE]
	at org.springframework.boot.SpringApplication.refresh(SpringApplication.java:737) ~[spring-boot-1.5.3.RELEASE.jar:1.5.3.RELEASE]
	at org.springframework.boot.SpringApplication.refreshContext(SpringApplication.java:370) ~[spring-boot-1.5.3.RELEASE.jar:1.5.3.RELEASE]
	at org.springframework.boot.SpringApplication.run(SpringApplication.java:314) ~[spring-boot-1.5.3.RELEASE.jar:1.5.3.RELEASE]
	at org.springframework.boot.test.context.SpringBootContextLoader.loadContext(SpringBootContextLoader.java:120) ~[spring-boot-test-1.5.3.RELEASE.jar:1.5.3.RELEASE]
	at org.springframework.test.context.cache.DefaultCacheAwareContextLoaderDelegate.loadContextInternal(DefaultCacheAwareContextLoaderDelegate.java:98) ~[spring-test-4.3.8.RELEASE.jar:4.3.8.RELEASE]
	at org.springframework.test.context.cache.DefaultCacheAwareContextLoaderDelegate.loadContext(DefaultCacheAwareContextLoaderDelegate.java:116) ~[spring-test-4.3.8.RELEASE.jar:4.3.8.RELEASE]
	... 25 common frames omitted

]]></system-out>
  </testcase>
  <testcase name="testUpdateTransactionVersionConstraint" classname="org.zlogic.vogon.web.TransactionsControllerWriteTest" time="0">
    <error message="Failed to load ApplicationContext" type="java.lang.IllegalStateException">java.lang.IllegalStateException: Failed to load ApplicationContext
Caused by: org.springframework.boot.context.embedded.tomcat.ConnectorStartFailedException: Connector configured to listen on port 8080 failed to start
</error>
    <system-out><![CDATA[
  .   ____          _            __ _ _
 /\\ / ___'_ __ _ _(_)_ __  __ _ \ \ \ \
( ( )\___ | '_ | '_| | '_ \/ _` | \ \ \ \
 \\/  ___)| |_)| | | | | || (_| |  ) ) ) )
  '  |____| .__|_| |_|_| |_\__, | / / / /
 =========|_|==============|___/=/_/_/_/
 :: Spring Boot ::        (v1.5.3.RELEASE)

2018-12-22 13:23:36.043  INFO 11736 --- [           main] o.z.v.w.TransactionsControllerWriteTest  : Starting TransactionsControllerWriteTest on GOPAL with PID 11736 (started by GOPAL$ in C:\Program Files (x86)\Jenkins\workspace\Maven_project\vogon-web)
2018-12-22 13:23:36.043  INFO 11736 --- [           main] o.z.v.w.TransactionsControllerWriteTest  : No active profile set, falling back to default profiles: default
2018-12-22 13:23:36.045  INFO 11736 --- [           main] ationConfigEmbeddedWebApplicationContext : Refreshing org.springframework.boot.context.embedded.AnnotationConfigEmbeddedWebApplicationContext@14c31fb6: startup date [Sat Dec 22 13:23:36 IST 2018]; root of context hierarchy
2018-12-22 13:23:36.341  INFO 11736 --- [           main] o.s.b.f.s.DefaultListableBeanFactory     : Overriding bean definition for bean 'entityManagerFactory' with a different definition: replacing [Root bean: class [null]; scope=; abstract=false; lazyInit=false; autowireMode=3; dependencyCheck=0; autowireCandidate=true; primary=false; factoryBeanName=persistenceConfiguration; factoryMethodName=entityManagerFactory; initMethodName=null; destroyMethodName=(inferred); defined in class path resource [org/zlogic/vogon/web/PersistenceConfiguration.class]] with [Root bean: class [null]; scope=; abstract=false; lazyInit=false; autowireMode=3; dependencyCheck=0; autowireCandidate=true; primary=false; factoryBeanName=databaseConfiguration; factoryMethodName=entityManagerFactory; initMethodName=null; destroyMethodName=(inferred); defined in org.zlogic.vogon.web.DatabaseConfiguration]
2018-12-22 13:23:36.490  INFO 11736 --- [           main] trationDelegate$BeanPostProcessorChecker : Bean 'org.springframework.security.config.annotation.configuration.ObjectPostProcessorConfiguration' of type [org.springframework.security.config.annotation.configuration.ObjectPostProcessorConfiguration$$EnhancerBySpringCGLIB$$be8c3acc] is not eligible for getting processed by all BeanPostProcessors (for example: not eligible for auto-proxying)
2018-12-22 13:23:36.490  INFO 11736 --- [           main] trationDelegate$BeanPostProcessorChecker : Bean 'objectPostProcessor' of type [org.springframework.security.config.annotation.configuration.AutowireBeanFactoryObjectPostProcessor] is not eligible for getting processed by all BeanPostProcessors (for example: not eligible for auto-proxying)
2018-12-22 13:23:36.490  INFO 11736 --- [           main] trationDelegate$BeanPostProcessorChecker : Bean 'org.springframework.security.access.expression.method.DefaultMethodSecurityExpressionHandler@bde9a5f' of type [org.springframework.security.oauth2.provider.expression.OAuth2MethodSecurityExpressionHandler] is not eligible for getting processed by all BeanPostProcessors (for example: not eligible for auto-proxying)
2018-12-22 13:23:36.508  INFO 11736 --- [           main] trationDelegate$BeanPostProcessorChecker : Bean 'org.springframework.security.config.annotation.method.configuration.GlobalMethodSecurityConfiguration' of type [org.springframework.security.config.annotation.method.configuration.GlobalMethodSecurityConfiguration$$EnhancerBySpringCGLIB$$e360dd7e] is not eligible for getting processed by all BeanPostProcessors (for example: not eligible for auto-proxying)
2018-12-22 13:23:36.511  INFO 11736 --- [           main] trationDelegate$BeanPostProcessorChecker : Bean 'methodSecurityMetadataSource' of type [org.springframework.security.access.method.DelegatingMethodSecurityMetadataSource] is not eligible for getting processed by all BeanPostProcessors (for example: not eligible for auto-proxying)
2018-12-22 13:23:36.517  INFO 11736 --- [           main] trationDelegate$BeanPostProcessorChecker : Bean 'org.springframework.transaction.annotation.ProxyTransactionManagementConfiguration' of type [org.springframework.transaction.annotation.ProxyTransactionManagementConfiguration$$EnhancerBySpringCGLIB$$25de7292] is not eligible for getting processed by all BeanPostProcessors (for example: not eligible for auto-proxying)
2018-12-22 13:23:36.525  INFO 11736 --- [           main] trationDelegate$BeanPostProcessorChecker : Bean 'security.oauth2.client-org.springframework.boot.autoconfigure.security.oauth2.OAuth2ClientProperties' of type [org.springframework.boot.autoconfigure.security.oauth2.OAuth2ClientProperties] is not eligible for getting processed by all BeanPostProcessors (for example: not eligible for auto-proxying)
2018-12-22 13:23:36.525  INFO 11736 --- [           main] trationDelegate$BeanPostProcessorChecker : Bean 'org.springframework.boot.autoconfigure.security.oauth2.OAuth2AutoConfiguration' of type [org.springframework.boot.autoconfigure.security.oauth2.OAuth2AutoConfiguration$$EnhancerBySpringCGLIB$$dd282e92] is not eligible for getting processed by all BeanPostProcessors (for example: not eligible for auto-proxying)
2018-12-22 13:23:36.525  INFO 11736 --- [           main] trationDelegate$BeanPostProcessorChecker : Bean 'resourceServerProperties' of type [org.springframework.boot.autoconfigure.security.oauth2.resource.ResourceServerProperties] is not eligible for getting processed by all BeanPostProcessors (for example: not eligible for auto-proxying)
2018-12-22 13:23:36.572  INFO 11736 --- [           main] org.zlogic.vogon.web.TomcatConfigurer    : Using keystore C:\Program Files (x86)\Jenkins\workspace\Maven_project\vogon-web\target/vogonweb.keystore with password ********
2018-12-22 13:23:36.597  INFO 11736 --- [           main] s.b.c.e.t.TomcatEmbeddedServletContainer : Tomcat initialized with port(s): 8080 (http) 8443 (https)
2018-12-22 13:23:36.597  INFO 11736 --- [           main] o.apache.catalina.core.StandardService   : Starting service Tomcat
2018-12-22 13:23:36.597  INFO 11736 --- [           main] org.apache.catalina.core.StandardEngine  : Starting Servlet Engine: Apache Tomcat/8.5.14
2018-12-22 13:23:36.635  INFO 11736 --- [ost-startStop-1] org.apache.jasper.servlet.TldScanner     : At least one JAR was scanned for TLDs yet contained no TLDs. Enable debug logging for this logger for a complete list of JARs that were scanned but no TLDs were found in them. Skipping unneeded JARs during scanning can improve startup time and JSP compilation time.
2018-12-22 13:23:36.637  INFO 11736 --- [ost-startStop-1] o.a.c.c.C.[Tomcat-134].[localhost].[/]   : Initializing Spring embedded WebApplicationContext
2018-12-22 13:23:36.637  INFO 11736 --- [ost-startStop-1] o.s.web.context.ContextLoader            : Root WebApplicationContext: initialization completed in 592 ms
2018-12-22 13:23:36.825  INFO 11736 --- [ost-startStop-1] o.s.b.w.servlet.FilterRegistrationBean   : Mapping filter: 'metricsFilter' to: [/*]
2018-12-22 13:23:36.825  INFO 11736 --- [ost-startStop-1] o.s.b.w.servlet.FilterRegistrationBean   : Mapping filter: 'characterEncodingFilter' to: [/*]
2018-12-22 13:23:36.825  INFO 11736 --- [ost-startStop-1] o.s.b.w.servlet.FilterRegistrationBean   : Mapping filter: 'hiddenHttpMethodFilter' to: [/*]
2018-12-22 13:23:36.825  INFO 11736 --- [ost-startStop-1] o.s.b.w.servlet.FilterRegistrationBean   : Mapping filter: 'httpPutFormContentFilter' to: [/*]
2018-12-22 13:23:36.825  INFO 11736 --- [ost-startStop-1] o.s.b.w.servlet.FilterRegistrationBean   : Mapping filter: 'requestContextFilter' to: [/*]
2018-12-22 13:23:36.825  INFO 11736 --- [ost-startStop-1] .s.DelegatingFilterProxyRegistrationBean : Mapping filter: 'springSecurityFilterChain' to: [/*]
2018-12-22 13:23:36.825  INFO 11736 --- [ost-startStop-1] o.s.b.w.servlet.FilterRegistrationBean   : Mapping filter: 'webRequestLoggingFilter' to: [/*]
2018-12-22 13:23:36.825  INFO 11736 --- [ost-startStop-1] o.s.b.w.servlet.FilterRegistrationBean   : Mapping filter: 'applicationContextIdFilter' to: [/*]
2018-12-22 13:23:36.825  INFO 11736 --- [ost-startStop-1] o.s.b.w.servlet.ServletRegistrationBean  : Mapping servlet: 'dispatcherServlet' to [/]
2018-12-22 13:23:36.825  INFO 11736 --- [           main] j.LocalContainerEntityManagerFactoryBean : Building JPA container EntityManagerFactory for persistence unit 'VogonPU'
2018-12-22 13:23:36.825  INFO 11736 --- [           main] o.hibernate.jpa.internal.util.LogHelper  : HHH000204: Processing PersistenceUnitInfo [
	name: VogonPU
	...]
2018-12-22 13:23:36.841  WARN 11736 --- [           main] org.hibernate.orm.connections.pooling    : HHH10001002: Using Hibernate built-in connection pool (not for production use!)
2018-12-22 13:23:36.841  INFO 11736 --- [           main] org.hibernate.orm.connections.pooling    : HHH10001005: using driver [org.h2.Driver] at URL [jdbc:h2:mem:test]
2018-12-22 13:23:36.841  INFO 11736 --- [           main] org.hibernate.orm.connections.pooling    : HHH10001001: Connection properties: {}
2018-12-22 13:23:36.841  INFO 11736 --- [           main] org.hibernate.orm.connections.pooling    : HHH10001003: Autocommit mode: false
2018-12-22 13:23:36.841  INFO 11736 --- [           main] .c.i.DriverManagerConnectionProviderImpl : HHH000115: Hibernate connection pool size: 20 (min=1)
2018-12-22 13:23:36.841  INFO 11736 --- [           main] org.hibernate.dialect.Dialect            : HHH000400: Using dialect: org.hibernate.dialect.H2Dialect
2018-12-22 13:23:36.867  INFO 11736 --- [           main] org.hibernate.orm.connections.access     : HHH10001501: Connection obtained from JdbcConnectionAccess [org.hibernate.engine.jdbc.env.internal.JdbcEnvironmentInitiator$ConnectionProviderJdbcConnectionAccess@1546b14] for (non-JTA) DDL execution was not in auto-commit mode; the Connection 'local transaction' will be committed and the Connection will be set into auto-commit mode.
2018-12-22 13:23:36.876  INFO 11736 --- [           main] j.LocalContainerEntityManagerFactoryBean : Initialized JPA EntityManagerFactory for persistence unit 'VogonPU'
2018-12-22 13:23:37.225  INFO 11736 --- [           main] .s.o.p.e.FrameworkEndpointHandlerMapping : Mapped "{[/oauth/authorize]}" onto public org.springframework.web.servlet.ModelAndView org.springframework.security.oauth2.provider.endpoint.AuthorizationEndpoint.authorize(java.util.Map<java.lang.String, java.lang.Object>,java.util.Map<java.lang.String, java.lang.String>,org.springframework.web.bind.support.SessionStatus,java.security.Principal)
2018-12-22 13:23:37.225  INFO 11736 --- [           main] .s.o.p.e.FrameworkEndpointHandlerMapping : Mapped "{[/oauth/authorize],methods=[POST],params=[user_oauth_approval]}" onto public org.springframework.web.servlet.View org.springframework.security.oauth2.provider.endpoint.AuthorizationEndpoint.approveOrDeny(java.util.Map<java.lang.String, java.lang.String>,java.util.Map<java.lang.String, ?>,org.springframework.web.bind.support.SessionStatus,java.security.Principal)
2018-12-22 13:23:37.225  INFO 11736 --- [           main] .s.o.p.e.FrameworkEndpointHandlerMapping : Mapped "{[/oauth/token],methods=[GET]}" onto public org.springframework.http.ResponseEntity<org.springframework.security.oauth2.common.OAuth2AccessToken> org.springframework.security.oauth2.provider.endpoint.TokenEndpoint.getAccessToken(java.security.Principal,java.util.Map<java.lang.String, java.lang.String>) throws org.springframework.web.HttpRequestMethodNotSupportedException
2018-12-22 13:23:37.225  INFO 11736 --- [           main] .s.o.p.e.FrameworkEndpointHandlerMapping : Mapped "{[/oauth/token],methods=[POST]}" onto public org.springframework.http.ResponseEntity<org.springframework.security.oauth2.common.OAuth2AccessToken> org.springframework.security.oauth2.provider.endpoint.TokenEndpoint.postAccessToken(java.security.Principal,java.util.Map<java.lang.String, java.lang.String>) throws org.springframework.web.HttpRequestMethodNotSupportedException
2018-12-22 13:23:37.225  INFO 11736 --- [           main] .s.o.p.e.FrameworkEndpointHandlerMapping : Mapped "{[/oauth/check_token]}" onto public java.util.Map<java.lang.String, ?> org.springframework.security.oauth2.provider.endpoint.CheckTokenEndpoint.checkToken(java.lang.String)
2018-12-22 13:23:37.225  INFO 11736 --- [           main] .s.o.p.e.FrameworkEndpointHandlerMapping : Mapped "{[/oauth/confirm_access]}" onto public org.springframework.web.servlet.ModelAndView org.springframework.security.oauth2.provider.endpoint.WhitelabelApprovalEndpoint.getAccessConfirmation(java.util.Map<java.lang.String, java.lang.Object>,javax.servlet.http.HttpServletRequest) throws java.lang.Exception
2018-12-22 13:23:37.225  INFO 11736 --- [           main] .s.o.p.e.FrameworkEndpointHandlerMapping : Mapped "{[/oauth/error]}" onto public org.springframework.web.servlet.ModelAndView org.springframework.security.oauth2.provider.endpoint.WhitelabelErrorEndpoint.handleError(javax.servlet.http.HttpServletRequest)
2018-12-22 13:23:37.428  INFO 11736 --- [           main] o.s.s.web.DefaultSecurityFilterChain     : Creating filter chain: OrRequestMatcher [requestMatchers=[Ant [pattern='/oauth/token'], Ant [pattern='/oauth/token_key'], Ant [pattern='/oauth/check_token']]], [org.springframework.security.web.context.request.async.WebAsyncManagerIntegrationFilter@7afa5d03, org.springframework.security.web.context.SecurityContextPersistenceFilter@4da38b51, org.springframework.security.web.header.HeaderWriterFilter@44d5f454, org.springframework.security.web.authentication.logout.LogoutFilter@2a9bb9fe, org.springframework.security.oauth2.provider.client.ClientCredentialsTokenEndpointFilter@16a8ae9, org.springframework.security.web.authentication.www.BasicAuthenticationFilter@48175d46, org.springframework.security.web.savedrequest.RequestCacheAwareFilter@33f89ae6, org.springframework.security.web.servletapi.SecurityContextHolderAwareRequestFilter@5864af99, org.springframework.security.web.authentication.AnonymousAuthenticationFilter@5a9c51bc, org.springframework.security.web.session.SessionManagementFilter@20ca48fb, org.springframework.security.web.access.ExceptionTranslationFilter@1ccc5d2e, org.springframework.security.web.access.intercept.FilterSecurityInterceptor@6844156a]
2018-12-22 13:23:37.429  INFO 11736 --- [           main] o.s.s.web.DefaultSecurityFilterChain     : Creating filter chain: org.springframework.boot.actuate.autoconfigure.ManagementWebSecurityAutoConfiguration$LazyEndpointPathRequestMatcher@50cafb7d, [org.springframework.security.web.context.request.async.WebAsyncManagerIntegrationFilter@61213497, org.springframework.security.web.context.SecurityContextPersistenceFilter@59310ed3, org.springframework.security.web.header.HeaderWriterFilter@ba1d8aa, org.springframework.security.web.authentication.logout.LogoutFilter@7b70662, org.springframework.security.web.authentication.www.BasicAuthenticationFilter@7d32ef67, org.springframework.security.web.savedrequest.RequestCacheAwareFilter@7555a52e, org.springframework.security.web.servletapi.SecurityContextHolderAwareRequestFilter@703447a6, org.springframework.security.web.authentication.AnonymousAuthenticationFilter@17aafbb9, org.springframework.security.web.session.SessionManagementFilter@c6f7379, org.springframework.security.web.access.ExceptionTranslationFilter@47cd60a3, org.springframework.security.web.access.intercept.FilterSecurityInterceptor@32088ea4]
2018-12-22 13:23:37.444  INFO 11736 --- [           main] o.s.s.w.a.c.ChannelProcessingFilter      : Validated configuration attributes
2018-12-22 13:23:37.448  INFO 11736 --- [           main] o.s.s.web.DefaultSecurityFilterChain     : Creating filter chain: org.springframework.security.oauth2.config.annotation.web.configuration.ResourceServerConfiguration$NotOAuthRequestMatcher@3ce9f983, [org.springframework.security.web.access.channel.ChannelProcessingFilter@7624e82c, org.springframework.security.web.context.request.async.WebAsyncManagerIntegrationFilter@720fe209, org.springframework.security.web.context.SecurityContextPersistenceFilter@57f0fd46, org.springframework.security.web.header.HeaderWriterFilter@649a88bb, org.springframework.security.web.authentication.logout.LogoutFilter@46fdca39, org.springframework.security.oauth2.provider.authentication.OAuth2AuthenticationProcessingFilter@87ad220, org.springframework.security.web.savedrequest.RequestCacheAwareFilter@63c0fae4, org.springframework.security.web.servletapi.SecurityContextHolderAwareRequestFilter@532f6977, org.springframework.security.web.authentication.AnonymousAuthenticationFilter@4ac12b87, org.springframework.security.web.session.SessionManagementFilter@1ff156d5, org.springframework.security.web.access.ExceptionTranslationFilter@658a21d5, org.springframework.security.web.access.intercept.FilterSecurityInterceptor@580a4ec9]
2018-12-22 13:23:37.523  INFO 11736 --- [           main] s.w.s.m.m.a.RequestMappingHandlerAdapter : Looking for @ControllerAdvice: org.springframework.boot.context.embedded.AnnotationConfigEmbeddedWebApplicationContext@14c31fb6: startup date [Sat Dec 22 13:23:36 IST 2018]; root of context hierarchy
2018-12-22 13:23:37.539  INFO 11736 --- [           main] s.w.s.m.m.a.RequestMappingHandlerMapping : Mapped "{[/service/accounts],methods=[GET],produces=[application/json]}" onto public java.util.Collection<org.zlogic.vogon.data.FinanceAccount> org.zlogic.vogon.web.controller.AccountsController.getAllAccounts(org.zlogic.vogon.web.security.VogonSecurityUser)
2018-12-22 13:23:37.539  INFO 11736 --- [           main] s.w.s.m.m.a.RequestMappingHandlerMapping : Mapped "{[/service/accounts],methods=[POST],produces=[application/json]}" onto public java.util.Collection<org.zlogic.vogon.data.FinanceAccount> org.zlogic.vogon.web.controller.AccountsController.updateAccounts(java.util.Collection<org.zlogic.vogon.data.FinanceAccount>,org.zlogic.vogon.web.security.VogonSecurityUser)
2018-12-22 13:23:37.539  INFO 11736 --- [           main] s.w.s.m.m.a.RequestMappingHandlerMapping : Mapped "{[/service/analytics/tags],methods=[GET],produces=[application/json]}" onto public java.util.Set<java.lang.String> org.zlogic.vogon.web.controller.AnalyticsController.getAllTags(org.zlogic.vogon.web.security.VogonSecurityUser)
2018-12-22 13:23:37.539  INFO 11736 --- [           main] s.w.s.m.m.a.RequestMappingHandlerMapping : Mapped "{[/service/analytics],methods=[POST],produces=[application/json]}" onto public java.util.Map<java.lang.String, org.zlogic.vogon.data.report.Report> org.zlogic.vogon.web.controller.AnalyticsController.getReport(org.zlogic.vogon.data.report.ReportFactory,org.zlogic.vogon.web.security.VogonSecurityUser)
2018-12-22 13:23:37.539  INFO 11736 --- [           main] s.w.s.m.m.a.RequestMappingHandlerMapping : Mapped "{[/service/currencies],methods=[GET],produces=[application/json]}" onto public java.util.Collection<org.zlogic.vogon.web.data.model.CurrencyDetails> org.zlogic.vogon.web.controller.CurrenciesController.getAllCurrencies()
2018-12-22 13:23:37.539  INFO 11736 --- [           main] s.w.s.m.m.a.RequestMappingHandlerMapping : Mapped "{[/service/export],methods=[GET || POST]}" onto public org.springframework.http.HttpEntity<byte[]> org.zlogic.vogon.web.controller.DataController.exportDataJSON(org.zlogic.vogon.web.security.VogonSecurityUser) throws java.lang.RuntimeException
2018-12-22 13:23:37.539  INFO 11736 --- [           main] s.w.s.m.m.a.RequestMappingHandlerMapping : Mapped "{[/service/import],methods=[POST],consumes=[multipart/form-data],produces=[application/json]}" onto public java.lang.Boolean org.zlogic.vogon.web.controller.DataController.importData(org.springframework.web.multipart.MultipartFile,org.zlogic.vogon.web.security.VogonSecurityUser) throws java.lang.RuntimeException
2018-12-22 13:23:37.539  INFO 11736 --- [           main] s.w.s.m.m.a.RequestMappingHandlerMapping : Mapped "{[/fragments/{fragment}.fragment]}" onto public org.springframework.web.servlet.ModelAndView org.zlogic.vogon.web.controller.JspController.fragmentModelAndView(java.lang.String)
2018-12-22 13:23:37.539  INFO 11736 --- [           main] s.w.s.m.m.a.RequestMappingHandlerMapping : Mapped "{[/]}" onto public org.springframework.web.servlet.ModelAndView org.zlogic.vogon.web.controller.JspController.indexModelAndView()
2018-12-22 13:23:37.539  INFO 11736 --- [           main] s.w.s.m.m.a.RequestMappingHandlerMapping : Mapped "{[/oauth/logout],methods=[POST]}" onto public void org.zlogic.vogon.web.controller.LogoutController.logout(org.springframework.security.oauth2.provider.OAuth2Authentication) throws org.zlogic.vogon.web.security.UsernameExistsException
2018-12-22 13:23:37.539  INFO 11736 --- [           main] s.w.s.m.m.a.RequestMappingHandlerMapping : Mapped "{[/register],methods=[POST],produces=[application/json]}" onto public org.zlogic.vogon.data.VogonUser org.zlogic.vogon.web.controller.RegistrationController.register(org.zlogic.vogon.data.VogonUser) throws org.zlogic.vogon.web.security.UsernameExistsException
2018-12-22 13:23:37.539  INFO 11736 --- [           main] s.w.s.m.m.a.RequestMappingHandlerMapping : Mapped "{[/service/transactions/transaction/{id}],methods=[GET],produces=[application/json]}" onto public org.zlogic.vogon.web.data.model.FinanceTransactionJson org.zlogic.vogon.web.controller.TransactionsController.getTransaction(long,org.zlogic.vogon.web.security.VogonSecurityUser)
2018-12-22 13:23:37.539  INFO 11736 --- [           main] s.w.s.m.m.a.RequestMappingHandlerMapping : Mapped "{[/service/transactions],methods=[GET],produces=[application/json]}" onto public java.util.Collection<org.zlogic.vogon.web.data.model.FinanceTransactionJson> org.zlogic.vogon.web.controller.TransactionsController.getTransactions(java.lang.Integer,org.zlogic.vogon.web.controller.TransactionsController$SortColumn,org.springframework.data.domain.Sort$Direction,java.lang.String,java.util.Date,java.util.Collection<java.lang.String>,org.zlogic.vogon.web.security.VogonSecurityUser)
2018-12-22 13:23:37.539  INFO 11736 --- [           main] s.w.s.m.m.a.RequestMappingHandlerMapping : Mapped "{[/service/transactions],methods=[POST],produces=[application/json]}" onto public org.zlogic.vogon.web.data.model.FinanceTransactionJson org.zlogic.vogon.web.controller.TransactionsController.submitTransaction(org.zlogic.vogon.web.data.model.FinanceTransactionJson,org.zlogic.vogon.web.security.VogonSecurityUser)
2018-12-22 13:23:37.539  INFO 11736 --- [           main] s.w.s.m.m.a.RequestMappingHandlerMapping : Mapped "{[/service/transactions/pages],methods=[GET],produces=[application/json]}" onto public long org.zlogic.vogon.web.controller.TransactionsController.getTransactionsCount(org.zlogic.vogon.web.security.VogonSecurityUser)
2018-12-22 13:23:37.539  INFO 11736 --- [           main] s.w.s.m.m.a.RequestMappingHandlerMapping : Mapped "{[/service/transactions/transaction/{id}],methods=[DELETE],produces=[application/json]}" onto public org.zlogic.vogon.web.data.model.FinanceTransactionJson org.zlogic.vogon.web.controller.TransactionsController.deleteTransaction(long,org.zlogic.vogon.web.security.VogonSecurityUser)
2018-12-22 13:23:37.539  INFO 11736 --- [           main] s.w.s.m.m.a.RequestMappingHandlerMapping : Mapped "{[/service/user],methods=[POST],produces=[application/json]}" onto public org.zlogic.vogon.data.VogonUser org.zlogic.vogon.web.controller.UsersController.submitUser(org.zlogic.vogon.data.VogonUser,org.zlogic.vogon.web.security.VogonSecurityUser) throws org.zlogic.vogon.web.security.UsernameExistsException
2018-12-22 13:23:37.539  INFO 11736 --- [           main] s.w.s.m.m.a.RequestMappingHandlerMapping : Mapped "{[/service/user],methods=[GET],produces=[application/json]}" onto public org.zlogic.vogon.data.VogonUser org.zlogic.vogon.web.controller.UsersController.getUserData(org.zlogic.vogon.web.security.VogonSecurityUser)
2018-12-22 13:23:37.539  INFO 11736 --- [           main] s.w.s.m.m.a.RequestMappingHandlerMapping : Mapped "{[/error]}" onto public org.springframework.http.ResponseEntity<java.util.Map<java.lang.String, java.lang.Object>> org.springframework.boot.autoconfigure.web.BasicErrorController.error(javax.servlet.http.HttpServletRequest)
2018-12-22 13:23:37.539  INFO 11736 --- [           main] s.w.s.m.m.a.RequestMappingHandlerMapping : Mapped "{[/error],produces=[text/html]}" onto public org.springframework.web.servlet.ModelAndView org.springframework.boot.autoconfigure.web.BasicErrorController.errorHtml(javax.servlet.http.HttpServletRequest,javax.servlet.http.HttpServletResponse)
2018-12-22 13:23:37.561  INFO 11736 --- [           main] o.s.w.s.handler.SimpleUrlHandlerMapping  : Root mapping to handler of type [class org.springframework.web.servlet.mvc.ParameterizableViewController]
2018-12-22 13:23:37.736  INFO 11736 --- [           main] o.s.w.s.handler.SimpleUrlHandlerMapping  : Mapped URL path [/webjars/**] onto handler of type [class org.springframework.web.servlet.resource.ResourceHttpRequestHandler]
2018-12-22 13:23:37.736  INFO 11736 --- [           main] o.s.w.s.handler.SimpleUrlHandlerMapping  : Mapped URL path [/**] onto handler of type [class org.springframework.web.servlet.resource.ResourceHttpRequestHandler]
2018-12-22 13:23:37.738  INFO 11736 --- [           main] o.s.w.s.handler.SimpleUrlHandlerMapping  : Mapped URL path [/**] onto handler of type [class org.springframework.web.servlet.resource.DefaultServletHttpRequestHandler]
2018-12-22 13:23:37.778  INFO 11736 --- [           main] o.s.w.s.handler.SimpleUrlHandlerMapping  : Mapped URL path [/**/favicon.ico] onto handler of type [class org.springframework.web.servlet.resource.ResourceHttpRequestHandler]
2018-12-22 13:23:38.236  INFO 11736 --- [           main] o.s.b.a.e.mvc.EndpointHandlerMapping     : Mapped "{[/dump || /dump.json],methods=[GET],produces=[application/vnd.spring-boot.actuator.v1+json || application/json]}" onto public java.lang.Object org.springframework.boot.actuate.endpoint.mvc.EndpointMvcAdapter.invoke()
2018-12-22 13:23:38.236  INFO 11736 --- [           main] o.s.b.a.e.mvc.EndpointHandlerMapping     : Mapped "{[/trace || /trace.json],methods=[GET],produces=[application/vnd.spring-boot.actuator.v1+json || application/json]}" onto public java.lang.Object org.springframework.boot.actuate.endpoint.mvc.EndpointMvcAdapter.invoke()
2018-12-22 13:23:38.236  INFO 11736 --- [           main] o.s.b.a.e.mvc.EndpointHandlerMapping     : Mapped "{[/metrics/{name:.*}],methods=[GET],produces=[application/vnd.spring-boot.actuator.v1+json || application/json]}" onto public java.lang.Object org.springframework.boot.actuate.endpoint.mvc.MetricsMvcEndpoint.value(java.lang.String)
2018-12-22 13:23:38.236  INFO 11736 --- [           main] o.s.b.a.e.mvc.EndpointHandlerMapping     : Mapped "{[/metrics || /metrics.json],methods=[GET],produces=[application/vnd.spring-boot.actuator.v1+json || application/json]}" onto public java.lang.Object org.springframework.boot.actuate.endpoint.mvc.EndpointMvcAdapter.invoke()
2018-12-22 13:23:38.236  INFO 11736 --- [           main] o.s.b.a.e.mvc.EndpointHandlerMapping     : Mapped "{[/env/{name:.*}],methods=[GET],produces=[application/vnd.spring-boot.actuator.v1+json || application/json]}" onto public java.lang.Object org.springframework.boot.actuate.endpoint.mvc.EnvironmentMvcEndpoint.value(java.lang.String)
2018-12-22 13:23:38.236  INFO 11736 --- [           main] o.s.b.a.e.mvc.EndpointHandlerMapping     : Mapped "{[/env || /env.json],methods=[GET],produces=[application/vnd.spring-boot.actuator.v1+json || application/json]}" onto public java.lang.Object org.springframework.boot.actuate.endpoint.mvc.EndpointMvcAdapter.invoke()
2018-12-22 13:23:38.237  INFO 11736 --- [           main] o.s.b.a.e.mvc.EndpointHandlerMapping     : Mapped "{[/heapdump || /heapdump.json],methods=[GET],produces=[application/octet-stream]}" onto public void org.springframework.boot.actuate.endpoint.mvc.HeapdumpMvcEndpoint.invoke(boolean,javax.servlet.http.HttpServletRequest,javax.servlet.http.HttpServletResponse) throws java.io.IOException,javax.servlet.ServletException
2018-12-22 13:23:38.237  INFO 11736 --- [           main] o.s.b.a.e.mvc.EndpointHandlerMapping     : Mapped "{[/loggers/{name:.*}],methods=[GET],produces=[application/vnd.spring-boot.actuator.v1+json || application/json]}" onto public java.lang.Object org.springframework.boot.actuate.endpoint.mvc.LoggersMvcEndpoint.get(java.lang.String)
2018-12-22 13:23:38.237  INFO 11736 --- [           main] o.s.b.a.e.mvc.EndpointHandlerMapping     : Mapped "{[/loggers/{name:.*}],methods=[POST],consumes=[application/vnd.spring-boot.actuator.v1+json || application/json],produces=[application/vnd.spring-boot.actuator.v1+json || application/json]}" onto public java.lang.Object org.springframework.boot.actuate.endpoint.mvc.LoggersMvcEndpoint.set(java.lang.String,java.util.Map<java.lang.String, java.lang.String>)
2018-12-22 13:23:38.237  INFO 11736 --- [           main] o.s.b.a.e.mvc.EndpointHandlerMapping     : Mapped "{[/loggers || /loggers.json],methods=[GET],produces=[application/vnd.spring-boot.actuator.v1+json || application/json]}" onto public java.lang.Object org.springframework.boot.actuate.endpoint.mvc.EndpointMvcAdapter.invoke()
2018-12-22 13:23:38.237  INFO 11736 --- [           main] o.s.b.a.e.mvc.EndpointHandlerMapping     : Mapped "{[/mappings || /mappings.json],methods=[GET],produces=[application/vnd.spring-boot.actuator.v1+json || application/json]}" onto public java.lang.Object org.springframework.boot.actuate.endpoint.mvc.EndpointMvcAdapter.invoke()
2018-12-22 13:23:38.237  INFO 11736 --- [           main] o.s.b.a.e.mvc.EndpointHandlerMapping     : Mapped "{[/autoconfig || /autoconfig.json],methods=[GET],produces=[application/vnd.spring-boot.actuator.v1+json || application/json]}" onto public java.lang.Object org.springframework.boot.actuate.endpoint.mvc.EndpointMvcAdapter.invoke()
2018-12-22 13:23:38.238  INFO 11736 --- [           main] o.s.b.a.e.mvc.EndpointHandlerMapping     : Mapped "{[/beans || /beans.json],methods=[GET],produces=[application/vnd.spring-boot.actuator.v1+json || application/json]}" onto public java.lang.Object org.springframework.boot.actuate.endpoint.mvc.EndpointMvcAdapter.invoke()
2018-12-22 13:23:38.238  INFO 11736 --- [           main] o.s.b.a.e.mvc.EndpointHandlerMapping     : Mapped "{[/info || /info.json],methods=[GET],produces=[application/vnd.spring-boot.actuator.v1+json || application/json]}" onto public java.lang.Object org.springframework.boot.actuate.endpoint.mvc.EndpointMvcAdapter.invoke()
2018-12-22 13:23:38.238  INFO 11736 --- [           main] o.s.b.a.e.mvc.EndpointHandlerMapping     : Mapped "{[/health || /health.json],methods=[GET],produces=[application/vnd.spring-boot.actuator.v1+json || application/json]}" onto public java.lang.Object org.springframework.boot.actuate.endpoint.mvc.HealthMvcEndpoint.invoke(javax.servlet.http.HttpServletRequest,java.security.Principal)
2018-12-22 13:23:38.238  INFO 11736 --- [           main] o.s.b.a.e.mvc.EndpointHandlerMapping     : Mapped "{[/auditevents || /auditevents.json],methods=[GET],produces=[application/vnd.spring-boot.actuator.v1+json || application/json]}" onto public org.springframework.http.ResponseEntity<?> org.springframework.boot.actuate.endpoint.mvc.AuditEventsMvcEndpoint.findByPrincipalAndAfterAndType(java.lang.String,java.util.Date,java.lang.String)
2018-12-22 13:23:38.238  INFO 11736 --- [           main] o.s.b.a.e.mvc.EndpointHandlerMapping     : Mapped "{[/configprops || /configprops.json],methods=[GET],produces=[application/vnd.spring-boot.actuator.v1+json || application/json]}" onto public java.lang.Object org.springframework.boot.actuate.endpoint.mvc.EndpointMvcAdapter.invoke()
2018-12-22 13:23:38.502 ERROR 11736 --- [           main] o.a.coyote.http11.Http11NioProtocol      : Failed to start end point associated with ProtocolHandler ["http-nio-8080"]

java.net.BindException: Address already in use: bind
	at sun.nio.ch.Net.bind0(Native Method) ~[na:1.8.0_191]
	at sun.nio.ch.Net.bind(Net.java:433) ~[na:1.8.0_191]
	at sun.nio.ch.Net.bind(Net.java:425) ~[na:1.8.0_191]
	at sun.nio.ch.ServerSocketChannelImpl.bind(ServerSocketChannelImpl.java:223) ~[na:1.8.0_191]
	at sun.nio.ch.ServerSocketAdaptor.bind(ServerSocketAdaptor.java:74) ~[na:1.8.0_191]
	at org.apache.tomcat.util.net.NioEndpoint.bind(NioEndpoint.java:210) ~[tomcat-embed-core-8.5.14.jar:8.5.14]
	at org.apache.tomcat.util.net.AbstractEndpoint.start(AbstractEndpoint.java:978) ~[tomcat-embed-core-8.5.14.jar:8.5.14]
	at org.apache.coyote.AbstractProtocol.start(AbstractProtocol.java:628) ~[tomcat-embed-core-8.5.14.jar:8.5.14]
	at org.apache.catalina.connector.Connector.startInternal(Connector.java:993) [tomcat-embed-core-8.5.14.jar:8.5.14]
	at org.apache.catalina.util.LifecycleBase.start(LifecycleBase.java:150) [tomcat-embed-core-8.5.14.jar:8.5.14]
	at org.apache.catalina.core.StandardService.addConnector(StandardService.java:225) [tomcat-embed-core-8.5.14.jar:8.5.14]
	at org.springframework.boot.context.embedded.tomcat.TomcatEmbeddedServletContainer.addPreviouslyRemovedConnectors(TomcatEmbeddedServletContainer.java:247) [spring-boot-1.5.3.RELEASE.jar:1.5.3.RELEASE]
	at org.springframework.boot.context.embedded.tomcat.TomcatEmbeddedServletContainer.start(TomcatEmbeddedServletContainer.java:190) [spring-boot-1.5.3.RELEASE.jar:1.5.3.RELEASE]
	at org.springframework.boot.context.embedded.EmbeddedWebApplicationContext.startEmbeddedServletContainer(EmbeddedWebApplicationContext.java:297) [spring-boot-1.5.3.RELEASE.jar:1.5.3.RELEASE]
	at org.springframework.boot.context.embedded.EmbeddedWebApplicationContext.finishRefresh(EmbeddedWebApplicationContext.java:145) [spring-boot-1.5.3.RELEASE.jar:1.5.3.RELEASE]
	at org.springframework.context.support.AbstractApplicationContext.refresh(AbstractApplicationContext.java:545) [spring-context-4.3.8.RELEASE.jar:4.3.8.RELEASE]
	at org.springframework.boot.context.embedded.EmbeddedWebApplicationContext.refresh(EmbeddedWebApplicationContext.java:122) [spring-boot-1.5.3.RELEASE.jar:1.5.3.RELEASE]
	at org.springframework.boot.SpringApplication.refresh(SpringApplication.java:737) [spring-boot-1.5.3.RELEASE.jar:1.5.3.RELEASE]
	at org.springframework.boot.SpringApplication.refreshContext(SpringApplication.java:370) [spring-boot-1.5.3.RELEASE.jar:1.5.3.RELEASE]
	at org.springframework.boot.SpringApplication.run(SpringApplication.java:314) [spring-boot-1.5.3.RELEASE.jar:1.5.3.RELEASE]
	at org.springframework.boot.test.context.SpringBootContextLoader.loadContext(SpringBootContextLoader.java:120) [spring-boot-test-1.5.3.RELEASE.jar:1.5.3.RELEASE]
	at org.springframework.test.context.cache.DefaultCacheAwareContextLoaderDelegate.loadContextInternal(DefaultCacheAwareContextLoaderDelegate.java:98) [spring-test-4.3.8.RELEASE.jar:4.3.8.RELEASE]
	at org.springframework.test.context.cache.DefaultCacheAwareContextLoaderDelegate.loadContext(DefaultCacheAwareContextLoaderDelegate.java:116) [spring-test-4.3.8.RELEASE.jar:4.3.8.RELEASE]
	at org.springframework.test.context.support.DefaultTestContext.getApplicationContext(DefaultTestContext.java:83) [spring-test-4.3.8.RELEASE.jar:4.3.8.RELEASE]
	at org.springframework.test.context.support.DependencyInjectionTestExecutionListener.injectDependencies(DependencyInjectionTestExecutionListener.java:117) [spring-test-4.3.8.RELEASE.jar:4.3.8.RELEASE]
	at org.springframework.test.context.support.DependencyInjectionTestExecutionListener.prepareTestInstance(DependencyInjectionTestExecutionListener.java:83) [spring-test-4.3.8.RELEASE.jar:4.3.8.RELEASE]
	at org.springframework.boot.test.autoconfigure.SpringBootDependencyInjectionTestExecutionListener.prepareTestInstance(SpringBootDependencyInjectionTestExecutionListener.java:44) [spring-boot-test-autoconfigure-1.5.3.RELEASE.jar:1.5.3.RELEASE]
	at org.springframework.test.context.TestContextManager.prepareTestInstance(TestContextManager.java:230) [spring-test-4.3.8.RELEASE.jar:4.3.8.RELEASE]
	at org.springframework.test.context.junit4.SpringJUnit4ClassRunner.createTest(SpringJUnit4ClassRunner.java:228) [spring-test-4.3.8.RELEASE.jar:4.3.8.RELEASE]
	at org.springframework.test.context.junit4.SpringJUnit4ClassRunner$1.runReflectiveCall(SpringJUnit4ClassRunner.java:287) [spring-test-4.3.8.RELEASE.jar:4.3.8.RELEASE]
	at org.junit.internal.runners.model.ReflectiveCallable.run(ReflectiveCallable.java:12) [junit-4.12.jar:4.12]
	at org.springframework.test.context.junit4.SpringJUnit4ClassRunner.methodBlock(SpringJUnit4ClassRunner.java:289) [spring-test-4.3.8.RELEASE.jar:4.3.8.RELEASE]
	at org.springframework.test.context.junit4.SpringJUnit4ClassRunner.runChild(SpringJUnit4ClassRunner.java:247) [spring-test-4.3.8.RELEASE.jar:4.3.8.RELEASE]
	at org.springframework.test.context.junit4.SpringJUnit4ClassRunner.runChild(SpringJUnit4ClassRunner.java:94) [spring-test-4.3.8.RELEASE.jar:4.3.8.RELEASE]
	at org.junit.runners.ParentRunner$3.run(ParentRunner.java:290) [junit-4.12.jar:4.12]
	at org.junit.runners.ParentRunner$1.schedule(ParentRunner.java:71) [junit-4.12.jar:4.12]
	at org.junit.runners.ParentRunner.runChildren(ParentRunner.java:288) [junit-4.12.jar:4.12]
	at org.junit.runners.ParentRunner.access$000(ParentRunner.java:58) [junit-4.12.jar:4.12]
	at org.junit.runners.ParentRunner$2.evaluate(ParentRunner.java:268) [junit-4.12.jar:4.12]
	at org.springframework.test.context.junit4.statements.RunBeforeTestClassCallbacks.evaluate(RunBeforeTestClassCallbacks.java:61) [spring-test-4.3.8.RELEASE.jar:4.3.8.RELEASE]
	at org.springframework.test.context.junit4.statements.RunAfterTestClassCallbacks.evaluate(RunAfterTestClassCallbacks.java:70) [spring-test-4.3.8.RELEASE.jar:4.3.8.RELEASE]
	at org.junit.runners.ParentRunner.run(ParentRunner.java:363) [junit-4.12.jar:4.12]
	at org.springframework.test.context.junit4.SpringJUnit4ClassRunner.run(SpringJUnit4ClassRunner.java:191) [spring-test-4.3.8.RELEASE.jar:4.3.8.RELEASE]
	at org.apache.maven.surefire.junit4.JUnit4Provider.execute(JUnit4Provider.java:365) [surefire-junit4-2.20.jar:2.20]
	at org.apache.maven.surefire.junit4.JUnit4Provider.executeWithRerun(JUnit4Provider.java:272) [surefire-junit4-2.20.jar:2.20]
	at org.apache.maven.surefire.junit4.JUnit4Provider.executeTestSet(JUnit4Provider.java:236) [surefire-junit4-2.20.jar:2.20]
	at org.apache.maven.surefire.junit4.JUnit4Provider.invoke(JUnit4Provider.java:159) [surefire-junit4-2.20.jar:2.20]
	at org.apache.maven.surefire.booter.ForkedBooter.invokeProviderInSameClassLoader(ForkedBooter.java:386) [surefire-booter-2.20.jar:2.20]
	at org.apache.maven.surefire.booter.ForkedBooter.runSuitesInProcess(ForkedBooter.java:323) [surefire-booter-2.20.jar:2.20]
	at org.apache.maven.surefire.booter.ForkedBooter.main(ForkedBooter.java:143) [surefire-booter-2.20.jar:2.20]

2018-12-22 13:23:38.512 ERROR 11736 --- [           main] o.apache.catalina.core.StandardService   : Failed to start connector [Connector[HTTP/1.1-8080]]

org.apache.catalina.LifecycleException: Failed to start component [Connector[HTTP/1.1-8080]]
	at org.apache.catalina.util.LifecycleBase.start(LifecycleBase.java:167) ~[tomcat-embed-core-8.5.14.jar:8.5.14]
	at org.apache.catalina.core.StandardService.addConnector(StandardService.java:225) ~[tomcat-embed-core-8.5.14.jar:8.5.14]
	at org.springframework.boot.context.embedded.tomcat.TomcatEmbeddedServletContainer.addPreviouslyRemovedConnectors(TomcatEmbeddedServletContainer.java:247) [spring-boot-1.5.3.RELEASE.jar:1.5.3.RELEASE]
	at org.springframework.boot.context.embedded.tomcat.TomcatEmbeddedServletContainer.start(TomcatEmbeddedServletContainer.java:190) [spring-boot-1.5.3.RELEASE.jar:1.5.3.RELEASE]
	at org.springframework.boot.context.embedded.EmbeddedWebApplicationContext.startEmbeddedServletContainer(EmbeddedWebApplicationContext.java:297) [spring-boot-1.5.3.RELEASE.jar:1.5.3.RELEASE]
	at org.springframework.boot.context.embedded.EmbeddedWebApplicationContext.finishRefresh(EmbeddedWebApplicationContext.java:145) [spring-boot-1.5.3.RELEASE.jar:1.5.3.RELEASE]
	at org.springframework.context.support.AbstractApplicationContext.refresh(AbstractApplicationContext.java:545) [spring-context-4.3.8.RELEASE.jar:4.3.8.RELEASE]
	at org.springframework.boot.context.embedded.EmbeddedWebApplicationContext.refresh(EmbeddedWebApplicationContext.java:122) [spring-boot-1.5.3.RELEASE.jar:1.5.3.RELEASE]
	at org.springframework.boot.SpringApplication.refresh(SpringApplication.java:737) [spring-boot-1.5.3.RELEASE.jar:1.5.3.RELEASE]
	at org.springframework.boot.SpringApplication.refreshContext(SpringApplication.java:370) [spring-boot-1.5.3.RELEASE.jar:1.5.3.RELEASE]
	at org.springframework.boot.SpringApplication.run(SpringApplication.java:314) [spring-boot-1.5.3.RELEASE.jar:1.5.3.RELEASE]
	at org.springframework.boot.test.context.SpringBootContextLoader.loadContext(SpringBootContextLoader.java:120) [spring-boot-test-1.5.3.RELEASE.jar:1.5.3.RELEASE]
	at org.springframework.test.context.cache.DefaultCacheAwareContextLoaderDelegate.loadContextInternal(DefaultCacheAwareContextLoaderDelegate.java:98) [spring-test-4.3.8.RELEASE.jar:4.3.8.RELEASE]
	at org.springframework.test.context.cache.DefaultCacheAwareContextLoaderDelegate.loadContext(DefaultCacheAwareContextLoaderDelegate.java:116) [spring-test-4.3.8.RELEASE.jar:4.3.8.RELEASE]
	at org.springframework.test.context.support.DefaultTestContext.getApplicationContext(DefaultTestContext.java:83) [spring-test-4.3.8.RELEASE.jar:4.3.8.RELEASE]
	at org.springframework.test.context.support.DependencyInjectionTestExecutionListener.injectDependencies(DependencyInjectionTestExecutionListener.java:117) [spring-test-4.3.8.RELEASE.jar:4.3.8.RELEASE]
	at org.springframework.test.context.support.DependencyInjectionTestExecutionListener.prepareTestInstance(DependencyInjectionTestExecutionListener.java:83) [spring-test-4.3.8.RELEASE.jar:4.3.8.RELEASE]
	at org.springframework.boot.test.autoconfigure.SpringBootDependencyInjectionTestExecutionListener.prepareTestInstance(SpringBootDependencyInjectionTestExecutionListener.java:44) [spring-boot-test-autoconfigure-1.5.3.RELEASE.jar:1.5.3.RELEASE]
	at org.springframework.test.context.TestContextManager.prepareTestInstance(TestContextManager.java:230) [spring-test-4.3.8.RELEASE.jar:4.3.8.RELEASE]
	at org.springframework.test.context.junit4.SpringJUnit4ClassRunner.createTest(SpringJUnit4ClassRunner.java:228) [spring-test-4.3.8.RELEASE.jar:4.3.8.RELEASE]
	at org.springframework.test.context.junit4.SpringJUnit4ClassRunner$1.runReflectiveCall(SpringJUnit4ClassRunner.java:287) [spring-test-4.3.8.RELEASE.jar:4.3.8.RELEASE]
	at org.junit.internal.runners.model.ReflectiveCallable.run(ReflectiveCallable.java:12) [junit-4.12.jar:4.12]
	at org.springframework.test.context.junit4.SpringJUnit4ClassRunner.methodBlock(SpringJUnit4ClassRunner.java:289) [spring-test-4.3.8.RELEASE.jar:4.3.8.RELEASE]
	at org.springframework.test.context.junit4.SpringJUnit4ClassRunner.runChild(SpringJUnit4ClassRunner.java:247) [spring-test-4.3.8.RELEASE.jar:4.3.8.RELEASE]
	at org.springframework.test.context.junit4.SpringJUnit4ClassRunner.runChild(SpringJUnit4ClassRunner.java:94) [spring-test-4.3.8.RELEASE.jar:4.3.8.RELEASE]
	at org.junit.runners.ParentRunner$3.run(ParentRunner.java:290) [junit-4.12.jar:4.12]
	at org.junit.runners.ParentRunner$1.schedule(ParentRunner.java:71) [junit-4.12.jar:4.12]
	at org.junit.runners.ParentRunner.runChildren(ParentRunner.java:288) [junit-4.12.jar:4.12]
	at org.junit.runners.ParentRunner.access$000(ParentRunner.java:58) [junit-4.12.jar:4.12]
	at org.junit.runners.ParentRunner$2.evaluate(ParentRunner.java:268) [junit-4.12.jar:4.12]
	at org.springframework.test.context.junit4.statements.RunBeforeTestClassCallbacks.evaluate(RunBeforeTestClassCallbacks.java:61) [spring-test-4.3.8.RELEASE.jar:4.3.8.RELEASE]
	at org.springframework.test.context.junit4.statements.RunAfterTestClassCallbacks.evaluate(RunAfterTestClassCallbacks.java:70) [spring-test-4.3.8.RELEASE.jar:4.3.8.RELEASE]
	at org.junit.runners.ParentRunner.run(ParentRunner.java:363) [junit-4.12.jar:4.12]
	at org.springframework.test.context.junit4.SpringJUnit4ClassRunner.run(SpringJUnit4ClassRunner.java:191) [spring-test-4.3.8.RELEASE.jar:4.3.8.RELEASE]
	at org.apache.maven.surefire.junit4.JUnit4Provider.execute(JUnit4Provider.java:365) [surefire-junit4-2.20.jar:2.20]
	at org.apache.maven.surefire.junit4.JUnit4Provider.executeWithRerun(JUnit4Provider.java:272) [surefire-junit4-2.20.jar:2.20]
	at org.apache.maven.surefire.junit4.JUnit4Provider.executeTestSet(JUnit4Provider.java:236) [surefire-junit4-2.20.jar:2.20]
	at org.apache.maven.surefire.junit4.JUnit4Provider.invoke(JUnit4Provider.java:159) [surefire-junit4-2.20.jar:2.20]
	at org.apache.maven.surefire.booter.ForkedBooter.invokeProviderInSameClassLoader(ForkedBooter.java:386) [surefire-booter-2.20.jar:2.20]
	at org.apache.maven.surefire.booter.ForkedBooter.runSuitesInProcess(ForkedBooter.java:323) [surefire-booter-2.20.jar:2.20]
	at org.apache.maven.surefire.booter.ForkedBooter.main(ForkedBooter.java:143) [surefire-booter-2.20.jar:2.20]
Caused by: org.apache.catalina.LifecycleException: service.getName(): "Tomcat";  Protocol handler start failed
	at org.apache.catalina.connector.Connector.startInternal(Connector.java:1000) ~[tomcat-embed-core-8.5.14.jar:8.5.14]
	at org.apache.catalina.util.LifecycleBase.start(LifecycleBase.java:150) ~[tomcat-embed-core-8.5.14.jar:8.5.14]
	... 40 common frames omitted
Caused by: java.net.BindException: Address already in use: bind
	at sun.nio.ch.Net.bind0(Native Method) ~[na:1.8.0_191]
	at sun.nio.ch.Net.bind(Net.java:433) ~[na:1.8.0_191]
	at sun.nio.ch.Net.bind(Net.java:425) ~[na:1.8.0_191]
	at sun.nio.ch.ServerSocketChannelImpl.bind(ServerSocketChannelImpl.java:223) ~[na:1.8.0_191]
	at sun.nio.ch.ServerSocketAdaptor.bind(ServerSocketAdaptor.java:74) ~[na:1.8.0_191]
	at org.apache.tomcat.util.net.NioEndpoint.bind(NioEndpoint.java:210) ~[tomcat-embed-core-8.5.14.jar:8.5.14]
	at org.apache.tomcat.util.net.AbstractEndpoint.start(AbstractEndpoint.java:978) ~[tomcat-embed-core-8.5.14.jar:8.5.14]
	at org.apache.coyote.AbstractProtocol.start(AbstractProtocol.java:628) ~[tomcat-embed-core-8.5.14.jar:8.5.14]
	at org.apache.catalina.connector.Connector.startInternal(Connector.java:993) ~[tomcat-embed-core-8.5.14.jar:8.5.14]
	... 41 common frames omitted

2018-12-22 13:23:38.798  INFO 11736 --- [           main] o.apache.catalina.core.StandardService   : Stopping service Tomcat
2018-12-22 13:23:38.803  INFO 11736 --- [           main] utoConfigurationReportLoggingInitializer : 

Error starting ApplicationContext. To display the auto-configuration report re-run your application with 'debug' enabled.
2018-12-22 13:23:38.806 ERROR 11736 --- [           main] o.s.b.d.LoggingFailureAnalysisReporter   : 

***************************
APPLICATION FAILED TO START
***************************

Description:

The Tomcat connector configured to listen on port 8080 failed to start. The port may already be in use or the connector may be misconfigured.

Action:

Verify the connector's configuration, identify and stop any process that's listening on port 8080, or configure this application to listen on another port.

2018-12-22 13:23:38.806  INFO 11736 --- [           main] ationConfigEmbeddedWebApplicationContext : Closing org.springframework.boot.context.embedded.AnnotationConfigEmbeddedWebApplicationContext@14c31fb6: startup date [Sat Dec 22 13:23:36 IST 2018]; root of context hierarchy
2018-12-22 13:23:38.808  INFO 11736 --- [           main] o.z.vogon.web.PersistenceConfiguration   : Unloading JDBC drivers
2018-12-22 13:23:38.808  INFO 11736 --- [           main] j.LocalContainerEntityManagerFactoryBean : Closing JPA EntityManagerFactory for persistence unit 'VogonPU'
2018-12-22 13:23:38.808  INFO 11736 --- [           main] org.hibernate.orm.connections.pooling    : HHH10001008: Cleaning up connection pool [jdbc:h2:mem:test]

  .   ____          _            __ _ _
 /\\ / ___'_ __ _ _(_)_ __  __ _ \ \ \ \
( ( )\___ | '_ | '_| | '_ \/ _` | \ \ \ \
 \\/  ___)| |_)| | | | | || (_| |  ) ) ) )
  '  |____| .__|_| |_|_| |_\__, | / / / /
 =========|_|==============|___/=/_/_/_/
 :: Spring Boot ::        (v1.5.3.RELEASE)

2018-12-22 13:23:38.841  INFO 11736 --- [           main] o.z.v.w.TransactionsControllerWriteTest  : Starting TransactionsControllerWriteTest on GOPAL with PID 11736 (started by GOPAL$ in C:\Program Files (x86)\Jenkins\workspace\Maven_project\vogon-web)
2018-12-22 13:23:38.841  INFO 11736 --- [           main] o.z.v.w.TransactionsControllerWriteTest  : No active profile set, falling back to default profiles: default
2018-12-22 13:23:38.841  INFO 11736 --- [           main] ationConfigEmbeddedWebApplicationContext : Refreshing org.springframework.boot.context.embedded.AnnotationConfigEmbeddedWebApplicationContext@6f54123: startup date [Sat Dec 22 13:23:38 IST 2018]; root of context hierarchy
2018-12-22 13:23:39.157  INFO 11736 --- [           main] o.s.b.f.s.DefaultListableBeanFactory     : Overriding bean definition for bean 'entityManagerFactory' with a different definition: replacing [Root bean: class [null]; scope=; abstract=false; lazyInit=false; autowireMode=3; dependencyCheck=0; autowireCandidate=true; primary=false; factoryBeanName=persistenceConfiguration; factoryMethodName=entityManagerFactory; initMethodName=null; destroyMethodName=(inferred); defined in class path resource [org/zlogic/vogon/web/PersistenceConfiguration.class]] with [Root bean: class [null]; scope=; abstract=false; lazyInit=false; autowireMode=3; dependencyCheck=0; autowireCandidate=true; primary=false; factoryBeanName=databaseConfiguration; factoryMethodName=entityManagerFactory; initMethodName=null; destroyMethodName=(inferred); defined in org.zlogic.vogon.web.DatabaseConfiguration]
2018-12-22 13:23:39.289  INFO 11736 --- [           main] trationDelegate$BeanPostProcessorChecker : Bean 'org.springframework.security.config.annotation.configuration.ObjectPostProcessorConfiguration' of type [org.springframework.security.config.annotation.configuration.ObjectPostProcessorConfiguration$$EnhancerBySpringCGLIB$$be8c3acc] is not eligible for getting processed by all BeanPostProcessors (for example: not eligible for auto-proxying)
2018-12-22 13:23:39.310  INFO 11736 --- [           main] trationDelegate$BeanPostProcessorChecker : Bean 'objectPostProcessor' of type [org.springframework.security.config.annotation.configuration.AutowireBeanFactoryObjectPostProcessor] is not eligible for getting processed by all BeanPostProcessors (for example: not eligible for auto-proxying)
2018-12-22 13:23:39.311  INFO 11736 --- [           main] trationDelegate$BeanPostProcessorChecker : Bean 'org.springframework.security.access.expression.method.DefaultMethodSecurityExpressionHandler@7fc7327b' of type [org.springframework.security.oauth2.provider.expression.OAuth2MethodSecurityExpressionHandler] is not eligible for getting processed by all BeanPostProcessors (for example: not eligible for auto-proxying)
2018-12-22 13:23:39.317  INFO 11736 --- [           main] trationDelegate$BeanPostProcessorChecker : Bean 'org.springframework.security.config.annotation.method.configuration.GlobalMethodSecurityConfiguration' of type [org.springframework.security.config.annotation.method.configuration.GlobalMethodSecurityConfiguration$$EnhancerBySpringCGLIB$$e360dd7e] is not eligible for getting processed by all BeanPostProcessors (for example: not eligible for auto-proxying)
2018-12-22 13:23:39.319  INFO 11736 --- [           main] trationDelegate$BeanPostProcessorChecker : Bean 'methodSecurityMetadataSource' of type [org.springframework.security.access.method.DelegatingMethodSecurityMetadataSource] is not eligible for getting processed by all BeanPostProcessors (for example: not eligible for auto-proxying)
2018-12-22 13:23:39.327  INFO 11736 --- [           main] trationDelegate$BeanPostProcessorChecker : Bean 'org.springframework.transaction.annotation.ProxyTransactionManagementConfiguration' of type [org.springframework.transaction.annotation.ProxyTransactionManagementConfiguration$$EnhancerBySpringCGLIB$$25de7292] is not eligible for getting processed by all BeanPostProcessors (for example: not eligible for auto-proxying)
2018-12-22 13:23:39.357  INFO 11736 --- [           main] trationDelegate$BeanPostProcessorChecker : Bean 'security.oauth2.client-org.springframework.boot.autoconfigure.security.oauth2.OAuth2ClientProperties' of type [org.springframework.boot.autoconfigure.security.oauth2.OAuth2ClientProperties] is not eligible for getting processed by all BeanPostProcessors (for example: not eligible for auto-proxying)
2018-12-22 13:23:39.357  INFO 11736 --- [           main] trationDelegate$BeanPostProcessorChecker : Bean 'org.springframework.boot.autoconfigure.security.oauth2.OAuth2AutoConfiguration' of type [org.springframework.boot.autoconfigure.security.oauth2.OAuth2AutoConfiguration$$EnhancerBySpringCGLIB$$dd282e92] is not eligible for getting processed by all BeanPostProcessors (for example: not eligible for auto-proxying)
2018-12-22 13:23:39.372  INFO 11736 --- [           main] trationDelegate$BeanPostProcessorChecker : Bean 'resourceServerProperties' of type [org.springframework.boot.autoconfigure.security.oauth2.resource.ResourceServerProperties] is not eligible for getting processed by all BeanPostProcessors (for example: not eligible for auto-proxying)
2018-12-22 13:23:39.424  INFO 11736 --- [           main] org.zlogic.vogon.web.TomcatConfigurer    : Using keystore C:\Program Files (x86)\Jenkins\workspace\Maven_project\vogon-web\target/vogonweb.keystore with password ********
2018-12-22 13:23:39.469  INFO 11736 --- [           main] s.b.c.e.t.TomcatEmbeddedServletContainer : Tomcat initialized with port(s): 8080 (http) 8443 (https)
2018-12-22 13:23:39.470  INFO 11736 --- [           main] o.apache.catalina.core.StandardService   : Starting service Tomcat
2018-12-22 13:23:39.470  INFO 11736 --- [           main] org.apache.catalina.core.StandardEngine  : Starting Servlet Engine: Apache Tomcat/8.5.14
2018-12-22 13:23:39.508  INFO 11736 --- [ost-startStop-1] org.apache.jasper.servlet.TldScanner     : At least one JAR was scanned for TLDs yet contained no TLDs. Enable debug logging for this logger for a complete list of JARs that were scanned but no TLDs were found in them. Skipping unneeded JARs during scanning can improve startup time and JSP compilation time.
2018-12-22 13:23:39.508  INFO 11736 --- [ost-startStop-1] o.a.c.c.C.[Tomcat-135].[localhost].[/]   : Initializing Spring embedded WebApplicationContext
2018-12-22 13:23:39.508  INFO 11736 --- [ost-startStop-1] o.s.web.context.ContextLoader            : Root WebApplicationContext: initialization completed in 667 ms
2018-12-22 13:23:39.840  INFO 11736 --- [ost-startStop-1] o.s.b.w.servlet.FilterRegistrationBean   : Mapping filter: 'metricsFilter' to: [/*]
2018-12-22 13:23:39.840  INFO 11736 --- [ost-startStop-1] o.s.b.w.servlet.FilterRegistrationBean   : Mapping filter: 'characterEncodingFilter' to: [/*]
2018-12-22 13:23:39.840  INFO 11736 --- [ost-startStop-1] o.s.b.w.servlet.FilterRegistrationBean   : Mapping filter: 'hiddenHttpMethodFilter' to: [/*]
2018-12-22 13:23:39.840  INFO 11736 --- [ost-startStop-1] o.s.b.w.servlet.FilterRegistrationBean   : Mapping filter: 'httpPutFormContentFilter' to: [/*]
2018-12-22 13:23:39.840  INFO 11736 --- [ost-startStop-1] o.s.b.w.servlet.FilterRegistrationBean   : Mapping filter: 'requestContextFilter' to: [/*]
2018-12-22 13:23:39.840  INFO 11736 --- [ost-startStop-1] .s.DelegatingFilterProxyRegistrationBean : Mapping filter: 'springSecurityFilterChain' to: [/*]
2018-12-22 13:23:39.840  INFO 11736 --- [ost-startStop-1] o.s.b.w.servlet.FilterRegistrationBean   : Mapping filter: 'webRequestLoggingFilter' to: [/*]
2018-12-22 13:23:39.840  INFO 11736 --- [ost-startStop-1] o.s.b.w.servlet.FilterRegistrationBean   : Mapping filter: 'applicationContextIdFilter' to: [/*]
2018-12-22 13:23:39.840  INFO 11736 --- [ost-startStop-1] o.s.b.w.servlet.ServletRegistrationBean  : Mapping servlet: 'dispatcherServlet' to [/]
2018-12-22 13:23:39.851  INFO 11736 --- [           main] j.LocalContainerEntityManagerFactoryBean : Building JPA container EntityManagerFactory for persistence unit 'VogonPU'
2018-12-22 13:23:39.851  INFO 11736 --- [           main] o.hibernate.jpa.internal.util.LogHelper  : HHH000204: Processing PersistenceUnitInfo [
	name: VogonPU
	...]
2018-12-22 13:23:39.856  WARN 11736 --- [           main] org.hibernate.orm.connections.pooling    : HHH10001002: Using Hibernate built-in connection pool (not for production use!)
2018-12-22 13:23:39.856  INFO 11736 --- [           main] org.hibernate.orm.connections.pooling    : HHH10001005: using driver [org.h2.Driver] at URL [jdbc:h2:mem:test]
2018-12-22 13:23:39.856  INFO 11736 --- [           main] org.hibernate.orm.connections.pooling    : HHH10001001: Connection properties: {}
2018-12-22 13:23:39.856  INFO 11736 --- [           main] org.hibernate.orm.connections.pooling    : HHH10001003: Autocommit mode: false
2018-12-22 13:23:39.856  INFO 11736 --- [           main] .c.i.DriverManagerConnectionProviderImpl : HHH000115: Hibernate connection pool size: 20 (min=1)
2018-12-22 13:23:39.857  INFO 11736 --- [           main] org.hibernate.dialect.Dialect            : HHH000400: Using dialect: org.hibernate.dialect.H2Dialect
2018-12-22 13:23:39.869  INFO 11736 --- [           main] org.hibernate.orm.connections.access     : HHH10001501: Connection obtained from JdbcConnectionAccess [org.hibernate.engine.jdbc.env.internal.JdbcEnvironmentInitiator$ConnectionProviderJdbcConnectionAccess@147dcd14] for (non-JTA) DDL execution was not in auto-commit mode; the Connection 'local transaction' will be committed and the Connection will be set into auto-commit mode.
2018-12-22 13:23:39.877  INFO 11736 --- [           main] j.LocalContainerEntityManagerFactoryBean : Initialized JPA EntityManagerFactory for persistence unit 'VogonPU'
2018-12-22 13:23:40.215  INFO 11736 --- [           main] .s.o.p.e.FrameworkEndpointHandlerMapping : Mapped "{[/oauth/authorize]}" onto public org.springframework.web.servlet.ModelAndView org.springframework.security.oauth2.provider.endpoint.AuthorizationEndpoint.authorize(java.util.Map<java.lang.String, java.lang.Object>,java.util.Map<java.lang.String, java.lang.String>,org.springframework.web.bind.support.SessionStatus,java.security.Principal)
2018-12-22 13:23:40.215  INFO 11736 --- [           main] .s.o.p.e.FrameworkEndpointHandlerMapping : Mapped "{[/oauth/authorize],methods=[POST],params=[user_oauth_approval]}" onto public org.springframework.web.servlet.View org.springframework.security.oauth2.provider.endpoint.AuthorizationEndpoint.approveOrDeny(java.util.Map<java.lang.String, java.lang.String>,java.util.Map<java.lang.String, ?>,org.springframework.web.bind.support.SessionStatus,java.security.Principal)
2018-12-22 13:23:40.216  INFO 11736 --- [           main] .s.o.p.e.FrameworkEndpointHandlerMapping : Mapped "{[/oauth/token],methods=[GET]}" onto public org.springframework.http.ResponseEntity<org.springframework.security.oauth2.common.OAuth2AccessToken> org.springframework.security.oauth2.provider.endpoint.TokenEndpoint.getAccessToken(java.security.Principal,java.util.Map<java.lang.String, java.lang.String>) throws org.springframework.web.HttpRequestMethodNotSupportedException
2018-12-22 13:23:40.216  INFO 11736 --- [           main] .s.o.p.e.FrameworkEndpointHandlerMapping : Mapped "{[/oauth/token],methods=[POST]}" onto public org.springframework.http.ResponseEntity<org.springframework.security.oauth2.common.OAuth2AccessToken> org.springframework.security.oauth2.provider.endpoint.TokenEndpoint.postAccessToken(java.security.Principal,java.util.Map<java.lang.String, java.lang.String>) throws org.springframework.web.HttpRequestMethodNotSupportedException
2018-12-22 13:23:40.216  INFO 11736 --- [           main] .s.o.p.e.FrameworkEndpointHandlerMapping : Mapped "{[/oauth/check_token]}" onto public java.util.Map<java.lang.String, ?> org.springframework.security.oauth2.provider.endpoint.CheckTokenEndpoint.checkToken(java.lang.String)
2018-12-22 13:23:40.216  INFO 11736 --- [           main] .s.o.p.e.FrameworkEndpointHandlerMapping : Mapped "{[/oauth/confirm_access]}" onto public org.springframework.web.servlet.ModelAndView org.springframework.security.oauth2.provider.endpoint.WhitelabelApprovalEndpoint.getAccessConfirmation(java.util.Map<java.lang.String, java.lang.Object>,javax.servlet.http.HttpServletRequest) throws java.lang.Exception
2018-12-22 13:23:40.216  INFO 11736 --- [           main] .s.o.p.e.FrameworkEndpointHandlerMapping : Mapped "{[/oauth/error]}" onto public org.springframework.web.servlet.ModelAndView org.springframework.security.oauth2.provider.endpoint.WhitelabelErrorEndpoint.handleError(javax.servlet.http.HttpServletRequest)
2018-12-22 13:23:40.406  INFO 11736 --- [           main] o.s.s.web.DefaultSecurityFilterChain     : Creating filter chain: OrRequestMatcher [requestMatchers=[Ant [pattern='/oauth/token'], Ant [pattern='/oauth/token_key'], Ant [pattern='/oauth/check_token']]], [org.springframework.security.web.context.request.async.WebAsyncManagerIntegrationFilter@108724d9, org.springframework.security.web.context.SecurityContextPersistenceFilter@d333e25, org.springframework.security.web.header.HeaderWriterFilter@5c54bf0d, org.springframework.security.web.authentication.logout.LogoutFilter@3aec8170, org.springframework.security.oauth2.provider.client.ClientCredentialsTokenEndpointFilter@f64f274, org.springframework.security.web.authentication.www.BasicAuthenticationFilter@6f2d9cab, org.springframework.security.web.savedrequest.RequestCacheAwareFilter@6cd28426, org.springframework.security.web.servletapi.SecurityContextHolderAwareRequestFilter@1507f266, org.springframework.security.web.authentication.AnonymousAuthenticationFilter@4650891a, org.springframework.security.web.session.SessionManagementFilter@6e282d83, org.springframework.security.web.access.ExceptionTranslationFilter@7dccb9e, org.springframework.security.web.access.intercept.FilterSecurityInterceptor@4545675a]
2018-12-22 13:23:40.406  INFO 11736 --- [           main] o.s.s.web.DefaultSecurityFilterChain     : Creating filter chain: org.springframework.boot.actuate.autoconfigure.ManagementWebSecurityAutoConfiguration$LazyEndpointPathRequestMatcher@1027f19a, [org.springframework.security.web.context.request.async.WebAsyncManagerIntegrationFilter@731f03b0, org.springframework.security.web.context.SecurityContextPersistenceFilter@7ee10a06, org.springframework.security.web.header.HeaderWriterFilter@bc1f58e, org.springframework.security.web.authentication.logout.LogoutFilter@4d90d5f, org.springframework.security.web.authentication.www.BasicAuthenticationFilter@6d02f74b, org.springframework.security.web.savedrequest.RequestCacheAwareFilter@6d09eb47, org.springframework.security.web.servletapi.SecurityContextHolderAwareRequestFilter@69e00eed, org.springframework.security.web.authentication.AnonymousAuthenticationFilter@7719d87b, org.springframework.security.web.session.SessionManagementFilter@7e026ac4, org.springframework.security.web.access.ExceptionTranslationFilter@9534518, org.springframework.security.web.access.intercept.FilterSecurityInterceptor@6d7d3fef]
2018-12-22 13:23:40.421  INFO 11736 --- [           main] o.s.s.w.a.c.ChannelProcessingFilter      : Validated configuration attributes
2018-12-22 13:23:40.421  INFO 11736 --- [           main] o.s.s.web.DefaultSecurityFilterChain     : Creating filter chain: org.springframework.security.oauth2.config.annotation.web.configuration.ResourceServerConfiguration$NotOAuthRequestMatcher@4b1a3b5d, [org.springframework.security.web.access.channel.ChannelProcessingFilter@5e42628, org.springframework.security.web.context.request.async.WebAsyncManagerIntegrationFilter@2cd248f0, org.springframework.security.web.context.SecurityContextPersistenceFilter@4c02bac8, org.springframework.security.web.header.HeaderWriterFilter@4531f29, org.springframework.security.web.authentication.logout.LogoutFilter@134519d, org.springframework.security.oauth2.provider.authentication.OAuth2AuthenticationProcessingFilter@6a043821, org.springframework.security.web.savedrequest.RequestCacheAwareFilter@410415db, org.springframework.security.web.servletapi.SecurityContextHolderAwareRequestFilter@5db2f085, org.springframework.security.web.authentication.AnonymousAuthenticationFilter@62830f0a, org.springframework.security.web.session.SessionManagementFilter@3c5c10ce, org.springframework.security.web.access.ExceptionTranslationFilter@1b62cd2e, org.springframework.security.web.access.intercept.FilterSecurityInterceptor@1ebad7f9]
2018-12-22 13:23:40.515  INFO 11736 --- [           main] s.w.s.m.m.a.RequestMappingHandlerAdapter : Looking for @ControllerAdvice: org.springframework.boot.context.embedded.AnnotationConfigEmbeddedWebApplicationContext@6f54123: startup date [Sat Dec 22 13:23:38 IST 2018]; root of context hierarchy
2018-12-22 13:23:40.530  INFO 11736 --- [           main] s.w.s.m.m.a.RequestMappingHandlerMapping : Mapped "{[/service/accounts],methods=[GET],produces=[application/json]}" onto public java.util.Collection<org.zlogic.vogon.data.FinanceAccount> org.zlogic.vogon.web.controller.AccountsController.getAllAccounts(org.zlogic.vogon.web.security.VogonSecurityUser)
2018-12-22 13:23:40.531  INFO 11736 --- [           main] s.w.s.m.m.a.RequestMappingHandlerMapping : Mapped "{[/service/accounts],methods=[POST],produces=[application/json]}" onto public java.util.Collection<org.zlogic.vogon.data.FinanceAccount> org.zlogic.vogon.web.controller.AccountsController.updateAccounts(java.util.Collection<org.zlogic.vogon.data.FinanceAccount>,org.zlogic.vogon.web.security.VogonSecurityUser)
2018-12-22 13:23:40.531  INFO 11736 --- [           main] s.w.s.m.m.a.RequestMappingHandlerMapping : Mapped "{[/service/analytics/tags],methods=[GET],produces=[application/json]}" onto public java.util.Set<java.lang.String> org.zlogic.vogon.web.controller.AnalyticsController.getAllTags(org.zlogic.vogon.web.security.VogonSecurityUser)
2018-12-22 13:23:40.531  INFO 11736 --- [           main] s.w.s.m.m.a.RequestMappingHandlerMapping : Mapped "{[/service/analytics],methods=[POST],produces=[application/json]}" onto public java.util.Map<java.lang.String, org.zlogic.vogon.data.report.Report> org.zlogic.vogon.web.controller.AnalyticsController.getReport(org.zlogic.vogon.data.report.ReportFactory,org.zlogic.vogon.web.security.VogonSecurityUser)
2018-12-22 13:23:40.531  INFO 11736 --- [           main] s.w.s.m.m.a.RequestMappingHandlerMapping : Mapped "{[/service/currencies],methods=[GET],produces=[application/json]}" onto public java.util.Collection<org.zlogic.vogon.web.data.model.CurrencyDetails> org.zlogic.vogon.web.controller.CurrenciesController.getAllCurrencies()
2018-12-22 13:23:40.531  INFO 11736 --- [           main] s.w.s.m.m.a.RequestMappingHandlerMapping : Mapped "{[/service/export],methods=[GET || POST]}" onto public org.springframework.http.HttpEntity<byte[]> org.zlogic.vogon.web.controller.DataController.exportDataJSON(org.zlogic.vogon.web.security.VogonSecurityUser) throws java.lang.RuntimeException
2018-12-22 13:23:40.531  INFO 11736 --- [           main] s.w.s.m.m.a.RequestMappingHandlerMapping : Mapped "{[/service/import],methods=[POST],consumes=[multipart/form-data],produces=[application/json]}" onto public java.lang.Boolean org.zlogic.vogon.web.controller.DataController.importData(org.springframework.web.multipart.MultipartFile,org.zlogic.vogon.web.security.VogonSecurityUser) throws java.lang.RuntimeException
2018-12-22 13:23:40.531  INFO 11736 --- [           main] s.w.s.m.m.a.RequestMappingHandlerMapping : Mapped "{[/fragments/{fragment}.fragment]}" onto public org.springframework.web.servlet.ModelAndView org.zlogic.vogon.web.controller.JspController.fragmentModelAndView(java.lang.String)
2018-12-22 13:23:40.531  INFO 11736 --- [           main] s.w.s.m.m.a.RequestMappingHandlerMapping : Mapped "{[/]}" onto public org.springframework.web.servlet.ModelAndView org.zlogic.vogon.web.controller.JspController.indexModelAndView()
2018-12-22 13:23:40.531  INFO 11736 --- [           main] s.w.s.m.m.a.RequestMappingHandlerMapping : Mapped "{[/oauth/logout],methods=[POST]}" onto public void org.zlogic.vogon.web.controller.LogoutController.logout(org.springframework.security.oauth2.provider.OAuth2Authentication) throws org.zlogic.vogon.web.security.UsernameExistsException
2018-12-22 13:23:40.531  INFO 11736 --- [           main] s.w.s.m.m.a.RequestMappingHandlerMapping : Mapped "{[/register],methods=[POST],produces=[application/json]}" onto public org.zlogic.vogon.data.VogonUser org.zlogic.vogon.web.controller.RegistrationController.register(org.zlogic.vogon.data.VogonUser) throws org.zlogic.vogon.web.security.UsernameExistsException
2018-12-22 13:23:40.532  INFO 11736 --- [           main] s.w.s.m.m.a.RequestMappingHandlerMapping : Mapped "{[/service/transactions/transaction/{id}],methods=[GET],produces=[application/json]}" onto public org.zlogic.vogon.web.data.model.FinanceTransactionJson org.zlogic.vogon.web.controller.TransactionsController.getTransaction(long,org.zlogic.vogon.web.security.VogonSecurityUser)
2018-12-22 13:23:40.532  INFO 11736 --- [           main] s.w.s.m.m.a.RequestMappingHandlerMapping : Mapped "{[/service/transactions],methods=[GET],produces=[application/json]}" onto public java.util.Collection<org.zlogic.vogon.web.data.model.FinanceTransactionJson> org.zlogic.vogon.web.controller.TransactionsController.getTransactions(java.lang.Integer,org.zlogic.vogon.web.controller.TransactionsController$SortColumn,org.springframework.data.domain.Sort$Direction,java.lang.String,java.util.Date,java.util.Collection<java.lang.String>,org.zlogic.vogon.web.security.VogonSecurityUser)
2018-12-22 13:23:40.532  INFO 11736 --- [           main] s.w.s.m.m.a.RequestMappingHandlerMapping : Mapped "{[/service/transactions],methods=[POST],produces=[application/json]}" onto public org.zlogic.vogon.web.data.model.FinanceTransactionJson org.zlogic.vogon.web.controller.TransactionsController.submitTransaction(org.zlogic.vogon.web.data.model.FinanceTransactionJson,org.zlogic.vogon.web.security.VogonSecurityUser)
2018-12-22 13:23:40.532  INFO 11736 --- [           main] s.w.s.m.m.a.RequestMappingHandlerMapping : Mapped "{[/service/transactions/pages],methods=[GET],produces=[application/json]}" onto public long org.zlogic.vogon.web.controller.TransactionsController.getTransactionsCount(org.zlogic.vogon.web.security.VogonSecurityUser)
2018-12-22 13:23:40.532  INFO 11736 --- [           main] s.w.s.m.m.a.RequestMappingHandlerMapping : Mapped "{[/service/transactions/transaction/{id}],methods=[DELETE],produces=[application/json]}" onto public org.zlogic.vogon.web.data.model.FinanceTransactionJson org.zlogic.vogon.web.controller.TransactionsController.deleteTransaction(long,org.zlogic.vogon.web.security.VogonSecurityUser)
2018-12-22 13:23:40.532  INFO 11736 --- [           main] s.w.s.m.m.a.RequestMappingHandlerMapping : Mapped "{[/service/user],methods=[POST],produces=[application/json]}" onto public org.zlogic.vogon.data.VogonUser org.zlogic.vogon.web.controller.UsersController.submitUser(org.zlogic.vogon.data.VogonUser,org.zlogic.vogon.web.security.VogonSecurityUser) throws org.zlogic.vogon.web.security.UsernameExistsException
2018-12-22 13:23:40.532  INFO 11736 --- [           main] s.w.s.m.m.a.RequestMappingHandlerMapping : Mapped "{[/service/user],methods=[GET],produces=[application/json]}" onto public org.zlogic.vogon.data.VogonUser org.zlogic.vogon.web.controller.UsersController.getUserData(org.zlogic.vogon.web.security.VogonSecurityUser)
2018-12-22 13:23:40.533  INFO 11736 --- [           main] s.w.s.m.m.a.RequestMappingHandlerMapping : Mapped "{[/error]}" onto public org.springframework.http.ResponseEntity<java.util.Map<java.lang.String, java.lang.Object>> org.springframework.boot.autoconfigure.web.BasicErrorController.error(javax.servlet.http.HttpServletRequest)
2018-12-22 13:23:40.533  INFO 11736 --- [           main] s.w.s.m.m.a.RequestMappingHandlerMapping : Mapped "{[/error],produces=[text/html]}" onto public org.springframework.web.servlet.ModelAndView org.springframework.boot.autoconfigure.web.BasicErrorController.errorHtml(javax.servlet.http.HttpServletRequest,javax.servlet.http.HttpServletResponse)
2018-12-22 13:23:40.541  INFO 11736 --- [           main] o.s.w.s.handler.SimpleUrlHandlerMapping  : Root mapping to handler of type [class org.springframework.web.servlet.mvc.ParameterizableViewController]
2018-12-22 13:23:40.739  INFO 11736 --- [           main] o.s.w.s.handler.SimpleUrlHandlerMapping  : Mapped URL path [/webjars/**] onto handler of type [class org.springframework.web.servlet.resource.ResourceHttpRequestHandler]
2018-12-22 13:23:40.739  INFO 11736 --- [           main] o.s.w.s.handler.SimpleUrlHandlerMapping  : Mapped URL path [/**] onto handler of type [class org.springframework.web.servlet.resource.ResourceHttpRequestHandler]
2018-12-22 13:23:40.755  INFO 11736 --- [           main] o.s.w.s.handler.SimpleUrlHandlerMapping  : Mapped URL path [/**] onto handler of type [class org.springframework.web.servlet.resource.DefaultServletHttpRequestHandler]
2018-12-22 13:23:40.800  INFO 11736 --- [           main] o.s.w.s.handler.SimpleUrlHandlerMapping  : Mapped URL path [/**/favicon.ico] onto handler of type [class org.springframework.web.servlet.resource.ResourceHttpRequestHandler]
2018-12-22 13:23:41.107  INFO 11736 --- [           main] o.s.b.a.e.mvc.EndpointHandlerMapping     : Mapped "{[/trace || /trace.json],methods=[GET],produces=[application/vnd.spring-boot.actuator.v1+json || application/json]}" onto public java.lang.Object org.springframework.boot.actuate.endpoint.mvc.EndpointMvcAdapter.invoke()
2018-12-22 13:23:41.107  INFO 11736 --- [           main] o.s.b.a.e.mvc.EndpointHandlerMapping     : Mapped "{[/heapdump || /heapdump.json],methods=[GET],produces=[application/octet-stream]}" onto public void org.springframework.boot.actuate.endpoint.mvc.HeapdumpMvcEndpoint.invoke(boolean,javax.servlet.http.HttpServletRequest,javax.servlet.http.HttpServletResponse) throws java.io.IOException,javax.servlet.ServletException
2018-12-22 13:23:41.107  INFO 11736 --- [           main] o.s.b.a.e.mvc.EndpointHandlerMapping     : Mapped "{[/auditevents || /auditevents.json],methods=[GET],produces=[application/vnd.spring-boot.actuator.v1+json || application/json]}" onto public org.springframework.http.ResponseEntity<?> org.springframework.boot.actuate.endpoint.mvc.AuditEventsMvcEndpoint.findByPrincipalAndAfterAndType(java.lang.String,java.util.Date,java.lang.String)
2018-12-22 13:23:41.107  INFO 11736 --- [           main] o.s.b.a.e.mvc.EndpointHandlerMapping     : Mapped "{[/configprops || /configprops.json],methods=[GET],produces=[application/vnd.spring-boot.actuator.v1+json || application/json]}" onto public java.lang.Object org.springframework.boot.actuate.endpoint.mvc.EndpointMvcAdapter.invoke()
2018-12-22 13:23:41.107  INFO 11736 --- [           main] o.s.b.a.e.mvc.EndpointHandlerMapping     : Mapped "{[/mappings || /mappings.json],methods=[GET],produces=[application/vnd.spring-boot.actuator.v1+json || application/json]}" onto public java.lang.Object org.springframework.boot.actuate.endpoint.mvc.EndpointMvcAdapter.invoke()
2018-12-22 13:23:41.107  INFO 11736 --- [           main] o.s.b.a.e.mvc.EndpointHandlerMapping     : Mapped "{[/autoconfig || /autoconfig.json],methods=[GET],produces=[application/vnd.spring-boot.actuator.v1+json || application/json]}" onto public java.lang.Object org.springframework.boot.actuate.endpoint.mvc.EndpointMvcAdapter.invoke()
2018-12-22 13:23:41.107  INFO 11736 --- [           main] o.s.b.a.e.mvc.EndpointHandlerMapping     : Mapped "{[/info || /info.json],methods=[GET],produces=[application/vnd.spring-boot.actuator.v1+json || application/json]}" onto public java.lang.Object org.springframework.boot.actuate.endpoint.mvc.EndpointMvcAdapter.invoke()
2018-12-22 13:23:41.107  INFO 11736 --- [           main] o.s.b.a.e.mvc.EndpointHandlerMapping     : Mapped "{[/env/{name:.*}],methods=[GET],produces=[application/vnd.spring-boot.actuator.v1+json || application/json]}" onto public java.lang.Object org.springframework.boot.actuate.endpoint.mvc.EnvironmentMvcEndpoint.value(java.lang.String)
2018-12-22 13:23:41.107  INFO 11736 --- [           main] o.s.b.a.e.mvc.EndpointHandlerMapping     : Mapped "{[/env || /env.json],methods=[GET],produces=[application/vnd.spring-boot.actuator.v1+json || application/json]}" onto public java.lang.Object org.springframework.boot.actuate.endpoint.mvc.EndpointMvcAdapter.invoke()
2018-12-22 13:23:41.107  INFO 11736 --- [           main] o.s.b.a.e.mvc.EndpointHandlerMapping     : Mapped "{[/loggers/{name:.*}],methods=[GET],produces=[application/vnd.spring-boot.actuator.v1+json || application/json]}" onto public java.lang.Object org.springframework.boot.actuate.endpoint.mvc.LoggersMvcEndpoint.get(java.lang.String)
2018-12-22 13:23:41.107  INFO 11736 --- [           main] o.s.b.a.e.mvc.EndpointHandlerMapping     : Mapped "{[/loggers/{name:.*}],methods=[POST],consumes=[application/vnd.spring-boot.actuator.v1+json || application/json],produces=[application/vnd.spring-boot.actuator.v1+json || application/json]}" onto public java.lang.Object org.springframework.boot.actuate.endpoint.mvc.LoggersMvcEndpoint.set(java.lang.String,java.util.Map<java.lang.String, java.lang.String>)
2018-12-22 13:23:41.107  INFO 11736 --- [           main] o.s.b.a.e.mvc.EndpointHandlerMapping     : Mapped "{[/loggers || /loggers.json],methods=[GET],produces=[application/vnd.spring-boot.actuator.v1+json || application/json]}" onto public java.lang.Object org.springframework.boot.actuate.endpoint.mvc.EndpointMvcAdapter.invoke()
2018-12-22 13:23:41.107  INFO 11736 --- [           main] o.s.b.a.e.mvc.EndpointHandlerMapping     : Mapped "{[/metrics/{name:.*}],methods=[GET],produces=[application/vnd.spring-boot.actuator.v1+json || application/json]}" onto public java.lang.Object org.springframework.boot.actuate.endpoint.mvc.MetricsMvcEndpoint.value(java.lang.String)
2018-12-22 13:23:41.107  INFO 11736 --- [           main] o.s.b.a.e.mvc.EndpointHandlerMapping     : Mapped "{[/metrics || /metrics.json],methods=[GET],produces=[application/vnd.spring-boot.actuator.v1+json || application/json]}" onto public java.lang.Object org.springframework.boot.actuate.endpoint.mvc.EndpointMvcAdapter.invoke()
2018-12-22 13:23:41.107  INFO 11736 --- [           main] o.s.b.a.e.mvc.EndpointHandlerMapping     : Mapped "{[/beans || /beans.json],methods=[GET],produces=[application/vnd.spring-boot.actuator.v1+json || application/json]}" onto public java.lang.Object org.springframework.boot.actuate.endpoint.mvc.EndpointMvcAdapter.invoke()
2018-12-22 13:23:41.107  INFO 11736 --- [           main] o.s.b.a.e.mvc.EndpointHandlerMapping     : Mapped "{[/health || /health.json],methods=[GET],produces=[application/vnd.spring-boot.actuator.v1+json || application/json]}" onto public java.lang.Object org.springframework.boot.actuate.endpoint.mvc.HealthMvcEndpoint.invoke(javax.servlet.http.HttpServletRequest,java.security.Principal)
2018-12-22 13:23:41.107  INFO 11736 --- [           main] o.s.b.a.e.mvc.EndpointHandlerMapping     : Mapped "{[/dump || /dump.json],methods=[GET],produces=[application/vnd.spring-boot.actuator.v1+json || application/json]}" onto public java.lang.Object org.springframework.boot.actuate.endpoint.mvc.EndpointMvcAdapter.invoke()
2018-12-22 13:23:41.297 ERROR 11736 --- [           main] o.a.coyote.http11.Http11NioProtocol      : Failed to start end point associated with ProtocolHandler ["http-nio-8080"]

java.net.BindException: Address already in use: bind
	at sun.nio.ch.Net.bind0(Native Method) ~[na:1.8.0_191]
	at sun.nio.ch.Net.bind(Net.java:433) ~[na:1.8.0_191]
	at sun.nio.ch.Net.bind(Net.java:425) ~[na:1.8.0_191]
	at sun.nio.ch.ServerSocketChannelImpl.bind(ServerSocketChannelImpl.java:223) ~[na:1.8.0_191]
	at sun.nio.ch.ServerSocketAdaptor.bind(ServerSocketAdaptor.java:74) ~[na:1.8.0_191]
	at org.apache.tomcat.util.net.NioEndpoint.bind(NioEndpoint.java:210) ~[tomcat-embed-core-8.5.14.jar:8.5.14]
	at org.apache.tomcat.util.net.AbstractEndpoint.start(AbstractEndpoint.java:978) ~[tomcat-embed-core-8.5.14.jar:8.5.14]
	at org.apache.coyote.AbstractProtocol.start(AbstractProtocol.java:628) ~[tomcat-embed-core-8.5.14.jar:8.5.14]
	at org.apache.catalina.connector.Connector.startInternal(Connector.java:993) [tomcat-embed-core-8.5.14.jar:8.5.14]
	at org.apache.catalina.util.LifecycleBase.start(LifecycleBase.java:150) [tomcat-embed-core-8.5.14.jar:8.5.14]
	at org.apache.catalina.core.StandardService.addConnector(StandardService.java:225) [tomcat-embed-core-8.5.14.jar:8.5.14]
	at org.springframework.boot.context.embedded.tomcat.TomcatEmbeddedServletContainer.addPreviouslyRemovedConnectors(TomcatEmbeddedServletContainer.java:247) [spring-boot-1.5.3.RELEASE.jar:1.5.3.RELEASE]
	at org.springframework.boot.context.embedded.tomcat.TomcatEmbeddedServletContainer.start(TomcatEmbeddedServletContainer.java:190) [spring-boot-1.5.3.RELEASE.jar:1.5.3.RELEASE]
	at org.springframework.boot.context.embedded.EmbeddedWebApplicationContext.startEmbeddedServletContainer(EmbeddedWebApplicationContext.java:297) [spring-boot-1.5.3.RELEASE.jar:1.5.3.RELEASE]
	at org.springframework.boot.context.embedded.EmbeddedWebApplicationContext.finishRefresh(EmbeddedWebApplicationContext.java:145) [spring-boot-1.5.3.RELEASE.jar:1.5.3.RELEASE]
	at org.springframework.context.support.AbstractApplicationContext.refresh(AbstractApplicationContext.java:545) [spring-context-4.3.8.RELEASE.jar:4.3.8.RELEASE]
	at org.springframework.boot.context.embedded.EmbeddedWebApplicationContext.refresh(EmbeddedWebApplicationContext.java:122) [spring-boot-1.5.3.RELEASE.jar:1.5.3.RELEASE]
	at org.springframework.boot.SpringApplication.refresh(SpringApplication.java:737) [spring-boot-1.5.3.RELEASE.jar:1.5.3.RELEASE]
	at org.springframework.boot.SpringApplication.refreshContext(SpringApplication.java:370) [spring-boot-1.5.3.RELEASE.jar:1.5.3.RELEASE]
	at org.springframework.boot.SpringApplication.run(SpringApplication.java:314) [spring-boot-1.5.3.RELEASE.jar:1.5.3.RELEASE]
	at org.springframework.boot.test.context.SpringBootContextLoader.loadContext(SpringBootContextLoader.java:120) [spring-boot-test-1.5.3.RELEASE.jar:1.5.3.RELEASE]
	at org.springframework.test.context.cache.DefaultCacheAwareContextLoaderDelegate.loadContextInternal(DefaultCacheAwareContextLoaderDelegate.java:98) [spring-test-4.3.8.RELEASE.jar:4.3.8.RELEASE]
	at org.springframework.test.context.cache.DefaultCacheAwareContextLoaderDelegate.loadContext(DefaultCacheAwareContextLoaderDelegate.java:116) [spring-test-4.3.8.RELEASE.jar:4.3.8.RELEASE]
	at org.springframework.test.context.support.DefaultTestContext.getApplicationContext(DefaultTestContext.java:83) [spring-test-4.3.8.RELEASE.jar:4.3.8.RELEASE]
	at org.springframework.boot.test.autoconfigure.SpringBootDependencyInjectionTestExecutionListener.prepareTestInstance(SpringBootDependencyInjectionTestExecutionListener.java:47) [spring-boot-test-autoconfigure-1.5.3.RELEASE.jar:1.5.3.RELEASE]
	at org.springframework.test.context.TestContextManager.prepareTestInstance(TestContextManager.java:230) [spring-test-4.3.8.RELEASE.jar:4.3.8.RELEASE]
	at org.springframework.test.context.junit4.SpringJUnit4ClassRunner.createTest(SpringJUnit4ClassRunner.java:228) [spring-test-4.3.8.RELEASE.jar:4.3.8.RELEASE]
	at org.springframework.test.context.junit4.SpringJUnit4ClassRunner$1.runReflectiveCall(SpringJUnit4ClassRunner.java:287) [spring-test-4.3.8.RELEASE.jar:4.3.8.RELEASE]
	at org.junit.internal.runners.model.ReflectiveCallable.run(ReflectiveCallable.java:12) [junit-4.12.jar:4.12]
	at org.springframework.test.context.junit4.SpringJUnit4ClassRunner.methodBlock(SpringJUnit4ClassRunner.java:289) [spring-test-4.3.8.RELEASE.jar:4.3.8.RELEASE]
	at org.springframework.test.context.junit4.SpringJUnit4ClassRunner.runChild(SpringJUnit4ClassRunner.java:247) [spring-test-4.3.8.RELEASE.jar:4.3.8.RELEASE]
	at org.springframework.test.context.junit4.SpringJUnit4ClassRunner.runChild(SpringJUnit4ClassRunner.java:94) [spring-test-4.3.8.RELEASE.jar:4.3.8.RELEASE]
	at org.junit.runners.ParentRunner$3.run(ParentRunner.java:290) [junit-4.12.jar:4.12]
	at org.junit.runners.ParentRunner$1.schedule(ParentRunner.java:71) [junit-4.12.jar:4.12]
	at org.junit.runners.ParentRunner.runChildren(ParentRunner.java:288) [junit-4.12.jar:4.12]
	at org.junit.runners.ParentRunner.access$000(ParentRunner.java:58) [junit-4.12.jar:4.12]
	at org.junit.runners.ParentRunner$2.evaluate(ParentRunner.java:268) [junit-4.12.jar:4.12]
	at org.springframework.test.context.junit4.statements.RunBeforeTestClassCallbacks.evaluate(RunBeforeTestClassCallbacks.java:61) [spring-test-4.3.8.RELEASE.jar:4.3.8.RELEASE]
	at org.springframework.test.context.junit4.statements.RunAfterTestClassCallbacks.evaluate(RunAfterTestClassCallbacks.java:70) [spring-test-4.3.8.RELEASE.jar:4.3.8.RELEASE]
	at org.junit.runners.ParentRunner.run(ParentRunner.java:363) [junit-4.12.jar:4.12]
	at org.springframework.test.context.junit4.SpringJUnit4ClassRunner.run(SpringJUnit4ClassRunner.java:191) [spring-test-4.3.8.RELEASE.jar:4.3.8.RELEASE]
	at org.apache.maven.surefire.junit4.JUnit4Provider.execute(JUnit4Provider.java:365) [surefire-junit4-2.20.jar:2.20]
	at org.apache.maven.surefire.junit4.JUnit4Provider.executeWithRerun(JUnit4Provider.java:272) [surefire-junit4-2.20.jar:2.20]
	at org.apache.maven.surefire.junit4.JUnit4Provider.executeTestSet(JUnit4Provider.java:236) [surefire-junit4-2.20.jar:2.20]
	at org.apache.maven.surefire.junit4.JUnit4Provider.invoke(JUnit4Provider.java:159) [surefire-junit4-2.20.jar:2.20]
	at org.apache.maven.surefire.booter.ForkedBooter.invokeProviderInSameClassLoader(ForkedBooter.java:386) [surefire-booter-2.20.jar:2.20]
	at org.apache.maven.surefire.booter.ForkedBooter.runSuitesInProcess(ForkedBooter.java:323) [surefire-booter-2.20.jar:2.20]
	at org.apache.maven.surefire.booter.ForkedBooter.main(ForkedBooter.java:143) [surefire-booter-2.20.jar:2.20]

2018-12-22 13:23:41.299 ERROR 11736 --- [           main] o.apache.catalina.core.StandardService   : Failed to start connector [Connector[HTTP/1.1-8080]]

org.apache.catalina.LifecycleException: Failed to start component [Connector[HTTP/1.1-8080]]
	at org.apache.catalina.util.LifecycleBase.start(LifecycleBase.java:167) ~[tomcat-embed-core-8.5.14.jar:8.5.14]
	at org.apache.catalina.core.StandardService.addConnector(StandardService.java:225) ~[tomcat-embed-core-8.5.14.jar:8.5.14]
	at org.springframework.boot.context.embedded.tomcat.TomcatEmbeddedServletContainer.addPreviouslyRemovedConnectors(TomcatEmbeddedServletContainer.java:247) [spring-boot-1.5.3.RELEASE.jar:1.5.3.RELEASE]
	at org.springframework.boot.context.embedded.tomcat.TomcatEmbeddedServletContainer.start(TomcatEmbeddedServletContainer.java:190) [spring-boot-1.5.3.RELEASE.jar:1.5.3.RELEASE]
	at org.springframework.boot.context.embedded.EmbeddedWebApplicationContext.startEmbeddedServletContainer(EmbeddedWebApplicationContext.java:297) [spring-boot-1.5.3.RELEASE.jar:1.5.3.RELEASE]
	at org.springframework.boot.context.embedded.EmbeddedWebApplicationContext.finishRefresh(EmbeddedWebApplicationContext.java:145) [spring-boot-1.5.3.RELEASE.jar:1.5.3.RELEASE]
	at org.springframework.context.support.AbstractApplicationContext.refresh(AbstractApplicationContext.java:545) [spring-context-4.3.8.RELEASE.jar:4.3.8.RELEASE]
	at org.springframework.boot.context.embedded.EmbeddedWebApplicationContext.refresh(EmbeddedWebApplicationContext.java:122) [spring-boot-1.5.3.RELEASE.jar:1.5.3.RELEASE]
	at org.springframework.boot.SpringApplication.refresh(SpringApplication.java:737) [spring-boot-1.5.3.RELEASE.jar:1.5.3.RELEASE]
	at org.springframework.boot.SpringApplication.refreshContext(SpringApplication.java:370) [spring-boot-1.5.3.RELEASE.jar:1.5.3.RELEASE]
	at org.springframework.boot.SpringApplication.run(SpringApplication.java:314) [spring-boot-1.5.3.RELEASE.jar:1.5.3.RELEASE]
	at org.springframework.boot.test.context.SpringBootContextLoader.loadContext(SpringBootContextLoader.java:120) [spring-boot-test-1.5.3.RELEASE.jar:1.5.3.RELEASE]
	at org.springframework.test.context.cache.DefaultCacheAwareContextLoaderDelegate.loadContextInternal(DefaultCacheAwareContextLoaderDelegate.java:98) [spring-test-4.3.8.RELEASE.jar:4.3.8.RELEASE]
	at org.springframework.test.context.cache.DefaultCacheAwareContextLoaderDelegate.loadContext(DefaultCacheAwareContextLoaderDelegate.java:116) [spring-test-4.3.8.RELEASE.jar:4.3.8.RELEASE]
	at org.springframework.test.context.support.DefaultTestContext.getApplicationContext(DefaultTestContext.java:83) [spring-test-4.3.8.RELEASE.jar:4.3.8.RELEASE]
	at org.springframework.boot.test.autoconfigure.SpringBootDependencyInjectionTestExecutionListener.prepareTestInstance(SpringBootDependencyInjectionTestExecutionListener.java:47) [spring-boot-test-autoconfigure-1.5.3.RELEASE.jar:1.5.3.RELEASE]
	at org.springframework.test.context.TestContextManager.prepareTestInstance(TestContextManager.java:230) [spring-test-4.3.8.RELEASE.jar:4.3.8.RELEASE]
	at org.springframework.test.context.junit4.SpringJUnit4ClassRunner.createTest(SpringJUnit4ClassRunner.java:228) [spring-test-4.3.8.RELEASE.jar:4.3.8.RELEASE]
	at org.springframework.test.context.junit4.SpringJUnit4ClassRunner$1.runReflectiveCall(SpringJUnit4ClassRunner.java:287) [spring-test-4.3.8.RELEASE.jar:4.3.8.RELEASE]
	at org.junit.internal.runners.model.ReflectiveCallable.run(ReflectiveCallable.java:12) [junit-4.12.jar:4.12]
	at org.springframework.test.context.junit4.SpringJUnit4ClassRunner.methodBlock(SpringJUnit4ClassRunner.java:289) [spring-test-4.3.8.RELEASE.jar:4.3.8.RELEASE]
	at org.springframework.test.context.junit4.SpringJUnit4ClassRunner.runChild(SpringJUnit4ClassRunner.java:247) [spring-test-4.3.8.RELEASE.jar:4.3.8.RELEASE]
	at org.springframework.test.context.junit4.SpringJUnit4ClassRunner.runChild(SpringJUnit4ClassRunner.java:94) [spring-test-4.3.8.RELEASE.jar:4.3.8.RELEASE]
	at org.junit.runners.ParentRunner$3.run(ParentRunner.java:290) [junit-4.12.jar:4.12]
	at org.junit.runners.ParentRunner$1.schedule(ParentRunner.java:71) [junit-4.12.jar:4.12]
	at org.junit.runners.ParentRunner.runChildren(ParentRunner.java:288) [junit-4.12.jar:4.12]
	at org.junit.runners.ParentRunner.access$000(ParentRunner.java:58) [junit-4.12.jar:4.12]
	at org.junit.runners.ParentRunner$2.evaluate(ParentRunner.java:268) [junit-4.12.jar:4.12]
	at org.springframework.test.context.junit4.statements.RunBeforeTestClassCallbacks.evaluate(RunBeforeTestClassCallbacks.java:61) [spring-test-4.3.8.RELEASE.jar:4.3.8.RELEASE]
	at org.springframework.test.context.junit4.statements.RunAfterTestClassCallbacks.evaluate(RunAfterTestClassCallbacks.java:70) [spring-test-4.3.8.RELEASE.jar:4.3.8.RELEASE]
	at org.junit.runners.ParentRunner.run(ParentRunner.java:363) [junit-4.12.jar:4.12]
	at org.springframework.test.context.junit4.SpringJUnit4ClassRunner.run(SpringJUnit4ClassRunner.java:191) [spring-test-4.3.8.RELEASE.jar:4.3.8.RELEASE]
	at org.apache.maven.surefire.junit4.JUnit4Provider.execute(JUnit4Provider.java:365) [surefire-junit4-2.20.jar:2.20]
	at org.apache.maven.surefire.junit4.JUnit4Provider.executeWithRerun(JUnit4Provider.java:272) [surefire-junit4-2.20.jar:2.20]
	at org.apache.maven.surefire.junit4.JUnit4Provider.executeTestSet(JUnit4Provider.java:236) [surefire-junit4-2.20.jar:2.20]
	at org.apache.maven.surefire.junit4.JUnit4Provider.invoke(JUnit4Provider.java:159) [surefire-junit4-2.20.jar:2.20]
	at org.apache.maven.surefire.booter.ForkedBooter.invokeProviderInSameClassLoader(ForkedBooter.java:386) [surefire-booter-2.20.jar:2.20]
	at org.apache.maven.surefire.booter.ForkedBooter.runSuitesInProcess(ForkedBooter.java:323) [surefire-booter-2.20.jar:2.20]
	at org.apache.maven.surefire.booter.ForkedBooter.main(ForkedBooter.java:143) [surefire-booter-2.20.jar:2.20]
Caused by: org.apache.catalina.LifecycleException: service.getName(): "Tomcat";  Protocol handler start failed
	at org.apache.catalina.connector.Connector.startInternal(Connector.java:1000) ~[tomcat-embed-core-8.5.14.jar:8.5.14]
	at org.apache.catalina.util.LifecycleBase.start(LifecycleBase.java:150) ~[tomcat-embed-core-8.5.14.jar:8.5.14]
	... 38 common frames omitted
Caused by: java.net.BindException: Address already in use: bind
	at sun.nio.ch.Net.bind0(Native Method) ~[na:1.8.0_191]
	at sun.nio.ch.Net.bind(Net.java:433) ~[na:1.8.0_191]
	at sun.nio.ch.Net.bind(Net.java:425) ~[na:1.8.0_191]
	at sun.nio.ch.ServerSocketChannelImpl.bind(ServerSocketChannelImpl.java:223) ~[na:1.8.0_191]
	at sun.nio.ch.ServerSocketAdaptor.bind(ServerSocketAdaptor.java:74) ~[na:1.8.0_191]
	at org.apache.tomcat.util.net.NioEndpoint.bind(NioEndpoint.java:210) ~[tomcat-embed-core-8.5.14.jar:8.5.14]
	at org.apache.tomcat.util.net.AbstractEndpoint.start(AbstractEndpoint.java:978) ~[tomcat-embed-core-8.5.14.jar:8.5.14]
	at org.apache.coyote.AbstractProtocol.start(AbstractProtocol.java:628) ~[tomcat-embed-core-8.5.14.jar:8.5.14]
	at org.apache.catalina.connector.Connector.startInternal(Connector.java:993) ~[tomcat-embed-core-8.5.14.jar:8.5.14]
	... 39 common frames omitted

2018-12-22 13:23:41.522  INFO 11736 --- [           main] o.apache.catalina.core.StandardService   : Stopping service Tomcat
2018-12-22 13:23:41.527  INFO 11736 --- [           main] utoConfigurationReportLoggingInitializer : 

Error starting ApplicationContext. To display the auto-configuration report re-run your application with 'debug' enabled.
2018-12-22 13:23:41.529 ERROR 11736 --- [           main] o.s.b.d.LoggingFailureAnalysisReporter   : 

***************************
APPLICATION FAILED TO START
***************************

Description:

The Tomcat connector configured to listen on port 8080 failed to start. The port may already be in use or the connector may be misconfigured.

Action:

Verify the connector's configuration, identify and stop any process that's listening on port 8080, or configure this application to listen on another port.

2018-12-22 13:23:41.529  INFO 11736 --- [           main] ationConfigEmbeddedWebApplicationContext : Closing org.springframework.boot.context.embedded.AnnotationConfigEmbeddedWebApplicationContext@6f54123: startup date [Sat Dec 22 13:23:38 IST 2018]; root of context hierarchy
2018-12-22 13:23:41.530  INFO 11736 --- [           main] o.z.vogon.web.PersistenceConfiguration   : Unloading JDBC drivers
2018-12-22 13:23:41.532  INFO 11736 --- [           main] j.LocalContainerEntityManagerFactoryBean : Closing JPA EntityManagerFactory for persistence unit 'VogonPU'
2018-12-22 13:23:41.532  INFO 11736 --- [           main] org.hibernate.orm.connections.pooling    : HHH10001008: Cleaning up connection pool [jdbc:h2:mem:test]
2018-12-22 13:23:41.533 ERROR 11736 --- [           main] o.s.test.context.TestContextManager      : Caught exception while allowing TestExecutionListener [org.springframework.boot.test.autoconfigure.SpringBootDependencyInjectionTestExecutionListener@482cd077] to prepare test instance [org.zlogic.vogon.web.TransactionsControllerWriteTest@7631aedd]

java.lang.IllegalStateException: Failed to load ApplicationContext
	at org.springframework.test.context.cache.DefaultCacheAwareContextLoaderDelegate.loadContext(DefaultCacheAwareContextLoaderDelegate.java:124) ~[spring-test-4.3.8.RELEASE.jar:4.3.8.RELEASE]
	at org.springframework.test.context.support.DefaultTestContext.getApplicationContext(DefaultTestContext.java:83) ~[spring-test-4.3.8.RELEASE.jar:4.3.8.RELEASE]
	at org.springframework.boot.test.autoconfigure.SpringBootDependencyInjectionTestExecutionListener.prepareTestInstance(SpringBootDependencyInjectionTestExecutionListener.java:47) ~[spring-boot-test-autoconfigure-1.5.3.RELEASE.jar:1.5.3.RELEASE]
	at org.springframework.test.context.TestContextManager.prepareTestInstance(TestContextManager.java:230) ~[spring-test-4.3.8.RELEASE.jar:4.3.8.RELEASE]
	at org.springframework.test.context.junit4.SpringJUnit4ClassRunner.createTest(SpringJUnit4ClassRunner.java:228) [spring-test-4.3.8.RELEASE.jar:4.3.8.RELEASE]
	at org.springframework.test.context.junit4.SpringJUnit4ClassRunner$1.runReflectiveCall(SpringJUnit4ClassRunner.java:287) [spring-test-4.3.8.RELEASE.jar:4.3.8.RELEASE]
	at org.junit.internal.runners.model.ReflectiveCallable.run(ReflectiveCallable.java:12) [junit-4.12.jar:4.12]
	at org.springframework.test.context.junit4.SpringJUnit4ClassRunner.methodBlock(SpringJUnit4ClassRunner.java:289) [spring-test-4.3.8.RELEASE.jar:4.3.8.RELEASE]
	at org.springframework.test.context.junit4.SpringJUnit4ClassRunner.runChild(SpringJUnit4ClassRunner.java:247) [spring-test-4.3.8.RELEASE.jar:4.3.8.RELEASE]
	at org.springframework.test.context.junit4.SpringJUnit4ClassRunner.runChild(SpringJUnit4ClassRunner.java:94) [spring-test-4.3.8.RELEASE.jar:4.3.8.RELEASE]
	at org.junit.runners.ParentRunner$3.run(ParentRunner.java:290) [junit-4.12.jar:4.12]
	at org.junit.runners.ParentRunner$1.schedule(ParentRunner.java:71) [junit-4.12.jar:4.12]
	at org.junit.runners.ParentRunner.runChildren(ParentRunner.java:288) [junit-4.12.jar:4.12]
	at org.junit.runners.ParentRunner.access$000(ParentRunner.java:58) [junit-4.12.jar:4.12]
	at org.junit.runners.ParentRunner$2.evaluate(ParentRunner.java:268) [junit-4.12.jar:4.12]
	at org.springframework.test.context.junit4.statements.RunBeforeTestClassCallbacks.evaluate(RunBeforeTestClassCallbacks.java:61) [spring-test-4.3.8.RELEASE.jar:4.3.8.RELEASE]
	at org.springframework.test.context.junit4.statements.RunAfterTestClassCallbacks.evaluate(RunAfterTestClassCallbacks.java:70) [spring-test-4.3.8.RELEASE.jar:4.3.8.RELEASE]
	at org.junit.runners.ParentRunner.run(ParentRunner.java:363) [junit-4.12.jar:4.12]
	at org.springframework.test.context.junit4.SpringJUnit4ClassRunner.run(SpringJUnit4ClassRunner.java:191) [spring-test-4.3.8.RELEASE.jar:4.3.8.RELEASE]
	at org.apache.maven.surefire.junit4.JUnit4Provider.execute(JUnit4Provider.java:365) [surefire-junit4-2.20.jar:2.20]
	at org.apache.maven.surefire.junit4.JUnit4Provider.executeWithRerun(JUnit4Provider.java:272) [surefire-junit4-2.20.jar:2.20]
	at org.apache.maven.surefire.junit4.JUnit4Provider.executeTestSet(JUnit4Provider.java:236) [surefire-junit4-2.20.jar:2.20]
	at org.apache.maven.surefire.junit4.JUnit4Provider.invoke(JUnit4Provider.java:159) [surefire-junit4-2.20.jar:2.20]
	at org.apache.maven.surefire.booter.ForkedBooter.invokeProviderInSameClassLoader(ForkedBooter.java:386) [surefire-booter-2.20.jar:2.20]
	at org.apache.maven.surefire.booter.ForkedBooter.runSuitesInProcess(ForkedBooter.java:323) [surefire-booter-2.20.jar:2.20]
	at org.apache.maven.surefire.booter.ForkedBooter.main(ForkedBooter.java:143) [surefire-booter-2.20.jar:2.20]
Caused by: org.springframework.boot.context.embedded.tomcat.ConnectorStartFailedException: Connector configured to listen on port 8080 failed to start
	at org.springframework.boot.context.embedded.tomcat.TomcatEmbeddedServletContainer.checkThatConnectorsHaveStarted(TomcatEmbeddedServletContainer.java:219) ~[spring-boot-1.5.3.RELEASE.jar:1.5.3.RELEASE]
	at org.springframework.boot.context.embedded.tomcat.TomcatEmbeddedServletContainer.start(TomcatEmbeddedServletContainer.java:195) ~[spring-boot-1.5.3.RELEASE.jar:1.5.3.RELEASE]
	at org.springframework.boot.context.embedded.EmbeddedWebApplicationContext.startEmbeddedServletContainer(EmbeddedWebApplicationContext.java:297) ~[spring-boot-1.5.3.RELEASE.jar:1.5.3.RELEASE]
	at org.springframework.boot.context.embedded.EmbeddedWebApplicationContext.finishRefresh(EmbeddedWebApplicationContext.java:145) ~[spring-boot-1.5.3.RELEASE.jar:1.5.3.RELEASE]
	at org.springframework.context.support.AbstractApplicationContext.refresh(AbstractApplicationContext.java:545) ~[spring-context-4.3.8.RELEASE.jar:4.3.8.RELEASE]
	at org.springframework.boot.context.embedded.EmbeddedWebApplicationContext.refresh(EmbeddedWebApplicationContext.java:122) ~[spring-boot-1.5.3.RELEASE.jar:1.5.3.RELEASE]
	at org.springframework.boot.SpringApplication.refresh(SpringApplication.java:737) ~[spring-boot-1.5.3.RELEASE.jar:1.5.3.RELEASE]
	at org.springframework.boot.SpringApplication.refreshContext(SpringApplication.java:370) ~[spring-boot-1.5.3.RELEASE.jar:1.5.3.RELEASE]
	at org.springframework.boot.SpringApplication.run(SpringApplication.java:314) ~[spring-boot-1.5.3.RELEASE.jar:1.5.3.RELEASE]
	at org.springframework.boot.test.context.SpringBootContextLoader.loadContext(SpringBootContextLoader.java:120) ~[spring-boot-test-1.5.3.RELEASE.jar:1.5.3.RELEASE]
	at org.springframework.test.context.cache.DefaultCacheAwareContextLoaderDelegate.loadContextInternal(DefaultCacheAwareContextLoaderDelegate.java:98) ~[spring-test-4.3.8.RELEASE.jar:4.3.8.RELEASE]
	at org.springframework.test.context.cache.DefaultCacheAwareContextLoaderDelegate.loadContext(DefaultCacheAwareContextLoaderDelegate.java:116) ~[spring-test-4.3.8.RELEASE.jar:4.3.8.RELEASE]
	... 25 common frames omitted

]]></system-out>
  </testcase>
  <testcase name="testUpdateTransaction" classname="org.zlogic.vogon.web.TransactionsControllerWriteTest" time="0">
    <error message="Failed to load ApplicationContext" type="java.lang.IllegalStateException">java.lang.IllegalStateException: Failed to load ApplicationContext
Caused by: org.springframework.boot.context.embedded.tomcat.ConnectorStartFailedException: Connector configured to listen on port 8080 failed to start
</error>
    <system-out><![CDATA[
  .   ____          _            __ _ _
 /\\ / ___'_ __ _ _(_)_ __  __ _ \ \ \ \
( ( )\___ | '_ | '_| | '_ \/ _` | \ \ \ \
 \\/  ___)| |_)| | | | | || (_| |  ) ) ) )
  '  |____| .__|_| |_|_| |_\__, | / / / /
 =========|_|==============|___/=/_/_/_/
 :: Spring Boot ::        (v1.5.3.RELEASE)

2018-12-22 13:23:41.573  INFO 11736 --- [           main] o.z.v.w.TransactionsControllerWriteTest  : Starting TransactionsControllerWriteTest on GOPAL with PID 11736 (started by GOPAL$ in C:\Program Files (x86)\Jenkins\workspace\Maven_project\vogon-web)
2018-12-22 13:23:41.574  INFO 11736 --- [           main] o.z.v.w.TransactionsControllerWriteTest  : No active profile set, falling back to default profiles: default
2018-12-22 13:23:41.577  INFO 11736 --- [           main] ationConfigEmbeddedWebApplicationContext : Refreshing org.springframework.boot.context.embedded.AnnotationConfigEmbeddedWebApplicationContext@544c6b44: startup date [Sat Dec 22 13:23:41 IST 2018]; root of context hierarchy
2018-12-22 13:23:41.986  INFO 11736 --- [           main] o.s.b.f.s.DefaultListableBeanFactory     : Overriding bean definition for bean 'entityManagerFactory' with a different definition: replacing [Root bean: class [null]; scope=; abstract=false; lazyInit=false; autowireMode=3; dependencyCheck=0; autowireCandidate=true; primary=false; factoryBeanName=persistenceConfiguration; factoryMethodName=entityManagerFactory; initMethodName=null; destroyMethodName=(inferred); defined in class path resource [org/zlogic/vogon/web/PersistenceConfiguration.class]] with [Root bean: class [null]; scope=; abstract=false; lazyInit=false; autowireMode=3; dependencyCheck=0; autowireCandidate=true; primary=false; factoryBeanName=databaseConfiguration; factoryMethodName=entityManagerFactory; initMethodName=null; destroyMethodName=(inferred); defined in org.zlogic.vogon.web.DatabaseConfiguration]
2018-12-22 13:23:42.170  INFO 11736 --- [           main] trationDelegate$BeanPostProcessorChecker : Bean 'org.springframework.security.config.annotation.configuration.ObjectPostProcessorConfiguration' of type [org.springframework.security.config.annotation.configuration.ObjectPostProcessorConfiguration$$EnhancerBySpringCGLIB$$be8c3acc] is not eligible for getting processed by all BeanPostProcessors (for example: not eligible for auto-proxying)
2018-12-22 13:23:42.173  INFO 11736 --- [           main] trationDelegate$BeanPostProcessorChecker : Bean 'objectPostProcessor' of type [org.springframework.security.config.annotation.configuration.AutowireBeanFactoryObjectPostProcessor] is not eligible for getting processed by all BeanPostProcessors (for example: not eligible for auto-proxying)
2018-12-22 13:23:42.176  INFO 11736 --- [           main] trationDelegate$BeanPostProcessorChecker : Bean 'org.springframework.security.access.expression.method.DefaultMethodSecurityExpressionHandler@3a2c83b' of type [org.springframework.security.oauth2.provider.expression.OAuth2MethodSecurityExpressionHandler] is not eligible for getting processed by all BeanPostProcessors (for example: not eligible for auto-proxying)
2018-12-22 13:23:42.181  INFO 11736 --- [           main] trationDelegate$BeanPostProcessorChecker : Bean 'org.springframework.security.config.annotation.method.configuration.GlobalMethodSecurityConfiguration' of type [org.springframework.security.config.annotation.method.configuration.GlobalMethodSecurityConfiguration$$EnhancerBySpringCGLIB$$e360dd7e] is not eligible for getting processed by all BeanPostProcessors (for example: not eligible for auto-proxying)
2018-12-22 13:23:42.183  INFO 11736 --- [           main] trationDelegate$BeanPostProcessorChecker : Bean 'methodSecurityMetadataSource' of type [org.springframework.security.access.method.DelegatingMethodSecurityMetadataSource] is not eligible for getting processed by all BeanPostProcessors (for example: not eligible for auto-proxying)
2018-12-22 13:23:42.189  INFO 11736 --- [           main] trationDelegate$BeanPostProcessorChecker : Bean 'org.springframework.transaction.annotation.ProxyTransactionManagementConfiguration' of type [org.springframework.transaction.annotation.ProxyTransactionManagementConfiguration$$EnhancerBySpringCGLIB$$25de7292] is not eligible for getting processed by all BeanPostProcessors (for example: not eligible for auto-proxying)
2018-12-22 13:23:42.205  INFO 11736 --- [           main] trationDelegate$BeanPostProcessorChecker : Bean 'security.oauth2.client-org.springframework.boot.autoconfigure.security.oauth2.OAuth2ClientProperties' of type [org.springframework.boot.autoconfigure.security.oauth2.OAuth2ClientProperties] is not eligible for getting processed by all BeanPostProcessors (for example: not eligible for auto-proxying)
2018-12-22 13:23:42.207  INFO 11736 --- [           main] trationDelegate$BeanPostProcessorChecker : Bean 'org.springframework.boot.autoconfigure.security.oauth2.OAuth2AutoConfiguration' of type [org.springframework.boot.autoconfigure.security.oauth2.OAuth2AutoConfiguration$$EnhancerBySpringCGLIB$$dd282e92] is not eligible for getting processed by all BeanPostProcessors (for example: not eligible for auto-proxying)
2018-12-22 13:23:42.211  INFO 11736 --- [           main] trationDelegate$BeanPostProcessorChecker : Bean 'resourceServerProperties' of type [org.springframework.boot.autoconfigure.security.oauth2.resource.ResourceServerProperties] is not eligible for getting processed by all BeanPostProcessors (for example: not eligible for auto-proxying)
2018-12-22 13:23:42.247  INFO 11736 --- [           main] org.zlogic.vogon.web.TomcatConfigurer    : Using keystore C:\Program Files (x86)\Jenkins\workspace\Maven_project\vogon-web\target/vogonweb.keystore with password ********
2018-12-22 13:23:42.270  INFO 11736 --- [           main] s.b.c.e.t.TomcatEmbeddedServletContainer : Tomcat initialized with port(s): 8080 (http) 8443 (https)
2018-12-22 13:23:42.271  INFO 11736 --- [           main] o.apache.catalina.core.StandardService   : Starting service Tomcat
2018-12-22 13:23:42.271  INFO 11736 --- [           main] org.apache.catalina.core.StandardEngine  : Starting Servlet Engine: Apache Tomcat/8.5.14
2018-12-22 13:23:42.302  INFO 11736 --- [ost-startStop-1] org.apache.jasper.servlet.TldScanner     : At least one JAR was scanned for TLDs yet contained no TLDs. Enable debug logging for this logger for a complete list of JARs that were scanned but no TLDs were found in them. Skipping unneeded JARs during scanning can improve startup time and JSP compilation time.
2018-12-22 13:23:42.303  INFO 11736 --- [ost-startStop-1] o.a.c.c.C.[Tomcat-136].[localhost].[/]   : Initializing Spring embedded WebApplicationContext
2018-12-22 13:23:42.303  INFO 11736 --- [ost-startStop-1] o.s.web.context.ContextLoader            : Root WebApplicationContext: initialization completed in 726 ms
2018-12-22 13:23:42.505  INFO 11736 --- [ost-startStop-1] o.s.b.w.servlet.FilterRegistrationBean   : Mapping filter: 'metricsFilter' to: [/*]
2018-12-22 13:23:42.505  INFO 11736 --- [ost-startStop-1] o.s.b.w.servlet.FilterRegistrationBean   : Mapping filter: 'characterEncodingFilter' to: [/*]
2018-12-22 13:23:42.505  INFO 11736 --- [ost-startStop-1] o.s.b.w.servlet.FilterRegistrationBean   : Mapping filter: 'hiddenHttpMethodFilter' to: [/*]
2018-12-22 13:23:42.505  INFO 11736 --- [ost-startStop-1] o.s.b.w.servlet.FilterRegistrationBean   : Mapping filter: 'httpPutFormContentFilter' to: [/*]
2018-12-22 13:23:42.505  INFO 11736 --- [ost-startStop-1] o.s.b.w.servlet.FilterRegistrationBean   : Mapping filter: 'requestContextFilter' to: [/*]
2018-12-22 13:23:42.505  INFO 11736 --- [ost-startStop-1] .s.DelegatingFilterProxyRegistrationBean : Mapping filter: 'springSecurityFilterChain' to: [/*]
2018-12-22 13:23:42.505  INFO 11736 --- [ost-startStop-1] o.s.b.w.servlet.FilterRegistrationBean   : Mapping filter: 'webRequestLoggingFilter' to: [/*]
2018-12-22 13:23:42.505  INFO 11736 --- [ost-startStop-1] o.s.b.w.servlet.FilterRegistrationBean   : Mapping filter: 'applicationContextIdFilter' to: [/*]
2018-12-22 13:23:42.505  INFO 11736 --- [ost-startStop-1] o.s.b.w.servlet.ServletRegistrationBean  : Mapping servlet: 'dispatcherServlet' to [/]
2018-12-22 13:23:42.529  INFO 11736 --- [           main] j.LocalContainerEntityManagerFactoryBean : Building JPA container EntityManagerFactory for persistence unit 'VogonPU'
2018-12-22 13:23:42.529  INFO 11736 --- [           main] o.hibernate.jpa.internal.util.LogHelper  : HHH000204: Processing PersistenceUnitInfo [
	name: VogonPU
	...]
2018-12-22 13:23:42.534  WARN 11736 --- [           main] org.hibernate.orm.connections.pooling    : HHH10001002: Using Hibernate built-in connection pool (not for production use!)
2018-12-22 13:23:42.534  INFO 11736 --- [           main] org.hibernate.orm.connections.pooling    : HHH10001005: using driver [org.h2.Driver] at URL [jdbc:h2:mem:test]
2018-12-22 13:23:42.534  INFO 11736 --- [           main] org.hibernate.orm.connections.pooling    : HHH10001001: Connection properties: {}
2018-12-22 13:23:42.534  INFO 11736 --- [           main] org.hibernate.orm.connections.pooling    : HHH10001003: Autocommit mode: false
2018-12-22 13:23:42.535  INFO 11736 --- [           main] .c.i.DriverManagerConnectionProviderImpl : HHH000115: Hibernate connection pool size: 20 (min=1)
2018-12-22 13:23:42.536  INFO 11736 --- [           main] org.hibernate.dialect.Dialect            : HHH000400: Using dialect: org.hibernate.dialect.H2Dialect
2018-12-22 13:23:42.565  INFO 11736 --- [           main] org.hibernate.orm.connections.access     : HHH10001501: Connection obtained from JdbcConnectionAccess [org.hibernate.engine.jdbc.env.internal.JdbcEnvironmentInitiator$ConnectionProviderJdbcConnectionAccess@143271ef] for (non-JTA) DDL execution was not in auto-commit mode; the Connection 'local transaction' will be committed and the Connection will be set into auto-commit mode.
2018-12-22 13:23:42.574  INFO 11736 --- [           main] j.LocalContainerEntityManagerFactoryBean : Initialized JPA EntityManagerFactory for persistence unit 'VogonPU'
2018-12-22 13:23:42.888  INFO 11736 --- [           main] .s.o.p.e.FrameworkEndpointHandlerMapping : Mapped "{[/oauth/authorize]}" onto public org.springframework.web.servlet.ModelAndView org.springframework.security.oauth2.provider.endpoint.AuthorizationEndpoint.authorize(java.util.Map<java.lang.String, java.lang.Object>,java.util.Map<java.lang.String, java.lang.String>,org.springframework.web.bind.support.SessionStatus,java.security.Principal)
2018-12-22 13:23:42.888  INFO 11736 --- [           main] .s.o.p.e.FrameworkEndpointHandlerMapping : Mapped "{[/oauth/authorize],methods=[POST],params=[user_oauth_approval]}" onto public org.springframework.web.servlet.View org.springframework.security.oauth2.provider.endpoint.AuthorizationEndpoint.approveOrDeny(java.util.Map<java.lang.String, java.lang.String>,java.util.Map<java.lang.String, ?>,org.springframework.web.bind.support.SessionStatus,java.security.Principal)
2018-12-22 13:23:42.888  INFO 11736 --- [           main] .s.o.p.e.FrameworkEndpointHandlerMapping : Mapped "{[/oauth/token],methods=[GET]}" onto public org.springframework.http.ResponseEntity<org.springframework.security.oauth2.common.OAuth2AccessToken> org.springframework.security.oauth2.provider.endpoint.TokenEndpoint.getAccessToken(java.security.Principal,java.util.Map<java.lang.String, java.lang.String>) throws org.springframework.web.HttpRequestMethodNotSupportedException
2018-12-22 13:23:42.888  INFO 11736 --- [           main] .s.o.p.e.FrameworkEndpointHandlerMapping : Mapped "{[/oauth/token],methods=[POST]}" onto public org.springframework.http.ResponseEntity<org.springframework.security.oauth2.common.OAuth2AccessToken> org.springframework.security.oauth2.provider.endpoint.TokenEndpoint.postAccessToken(java.security.Principal,java.util.Map<java.lang.String, java.lang.String>) throws org.springframework.web.HttpRequestMethodNotSupportedException
2018-12-22 13:23:42.888  INFO 11736 --- [           main] .s.o.p.e.FrameworkEndpointHandlerMapping : Mapped "{[/oauth/check_token]}" onto public java.util.Map<java.lang.String, ?> org.springframework.security.oauth2.provider.endpoint.CheckTokenEndpoint.checkToken(java.lang.String)
2018-12-22 13:23:42.889  INFO 11736 --- [           main] .s.o.p.e.FrameworkEndpointHandlerMapping : Mapped "{[/oauth/confirm_access]}" onto public org.springframework.web.servlet.ModelAndView org.springframework.security.oauth2.provider.endpoint.WhitelabelApprovalEndpoint.getAccessConfirmation(java.util.Map<java.lang.String, java.lang.Object>,javax.servlet.http.HttpServletRequest) throws java.lang.Exception
2018-12-22 13:23:42.889  INFO 11736 --- [           main] .s.o.p.e.FrameworkEndpointHandlerMapping : Mapped "{[/oauth/error]}" onto public org.springframework.web.servlet.ModelAndView org.springframework.security.oauth2.provider.endpoint.WhitelabelErrorEndpoint.handleError(javax.servlet.http.HttpServletRequest)
2018-12-22 13:23:43.124  INFO 11736 --- [           main] o.s.s.web.DefaultSecurityFilterChain     : Creating filter chain: OrRequestMatcher [requestMatchers=[Ant [pattern='/oauth/token'], Ant [pattern='/oauth/token_key'], Ant [pattern='/oauth/check_token']]], [org.springframework.security.web.context.request.async.WebAsyncManagerIntegrationFilter@255ce8d3, org.springframework.security.web.context.SecurityContextPersistenceFilter@4dfdc7ce, org.springframework.security.web.header.HeaderWriterFilter@72316a0d, org.springframework.security.web.authentication.logout.LogoutFilter@5ee00da8, org.springframework.security.oauth2.provider.client.ClientCredentialsTokenEndpointFilter@60781a24, org.springframework.security.web.authentication.www.BasicAuthenticationFilter@7ce5d17f, org.springframework.security.web.savedrequest.RequestCacheAwareFilter@339dadeb, org.springframework.security.web.servletapi.SecurityContextHolderAwareRequestFilter@4a05d897, org.springframework.security.web.authentication.AnonymousAuthenticationFilter@489d7990, org.springframework.security.web.session.SessionManagementFilter@6d9f3dd2, org.springframework.security.web.access.ExceptionTranslationFilter@70b1d5f7, org.springframework.security.web.access.intercept.FilterSecurityInterceptor@49c3ba05]
2018-12-22 13:23:43.140  INFO 11736 --- [           main] o.s.s.web.DefaultSecurityFilterChain     : Creating filter chain: org.springframework.boot.actuate.autoconfigure.ManagementWebSecurityAutoConfiguration$LazyEndpointPathRequestMatcher@39264240, [org.springframework.security.web.context.request.async.WebAsyncManagerIntegrationFilter@42ef1ce5, org.springframework.security.web.context.SecurityContextPersistenceFilter@4b75812e, org.springframework.security.web.header.HeaderWriterFilter@296dab33, org.springframework.security.web.authentication.logout.LogoutFilter@76494970, org.springframework.security.web.authentication.www.BasicAuthenticationFilter@7c954b52, org.springframework.security.web.savedrequest.RequestCacheAwareFilter@13c97238, org.springframework.security.web.servletapi.SecurityContextHolderAwareRequestFilter@57b96741, org.springframework.security.web.authentication.AnonymousAuthenticationFilter@43067513, org.springframework.security.web.session.SessionManagementFilter@6638fd23, org.springframework.security.web.access.ExceptionTranslationFilter@6517be76, org.springframework.security.web.access.intercept.FilterSecurityInterceptor@d219922]
2018-12-22 13:23:43.203  INFO 11736 --- [           main] o.s.s.w.a.c.ChannelProcessingFilter      : Validated configuration attributes
2018-12-22 13:23:43.216  INFO 11736 --- [           main] o.s.s.web.DefaultSecurityFilterChain     : Creating filter chain: org.springframework.security.oauth2.config.annotation.web.configuration.ResourceServerConfiguration$NotOAuthRequestMatcher@644f83bd, [org.springframework.security.web.access.channel.ChannelProcessingFilter@39b2fbdf, org.springframework.security.web.context.request.async.WebAsyncManagerIntegrationFilter@18431ab4, org.springframework.security.web.context.SecurityContextPersistenceFilter@82acda3, org.springframework.security.web.header.HeaderWriterFilter@111358a0, org.springframework.security.web.authentication.logout.LogoutFilter@3f8fbbe4, org.springframework.security.oauth2.provider.authentication.OAuth2AuthenticationProcessingFilter@3eef84d5, org.springframework.security.web.savedrequest.RequestCacheAwareFilter@1c694550, org.springframework.security.web.servletapi.SecurityContextHolderAwareRequestFilter@1734d825, org.springframework.security.web.authentication.AnonymousAuthenticationFilter@59ec1120, org.springframework.security.web.session.SessionManagementFilter@26c1da55, org.springframework.security.web.access.ExceptionTranslationFilter@24260e38, org.springframework.security.web.access.intercept.FilterSecurityInterceptor@2ab6a4f0]
2018-12-22 13:23:43.408  INFO 11736 --- [           main] s.w.s.m.m.a.RequestMappingHandlerAdapter : Looking for @ControllerAdvice: org.springframework.boot.context.embedded.AnnotationConfigEmbeddedWebApplicationContext@544c6b44: startup date [Sat Dec 22 13:23:41 IST 2018]; root of context hierarchy
2018-12-22 13:23:43.450  INFO 11736 --- [           main] s.w.s.m.m.a.RequestMappingHandlerMapping : Mapped "{[/service/accounts],methods=[GET],produces=[application/json]}" onto public java.util.Collection<org.zlogic.vogon.data.FinanceAccount> org.zlogic.vogon.web.controller.AccountsController.getAllAccounts(org.zlogic.vogon.web.security.VogonSecurityUser)
2018-12-22 13:23:43.450  INFO 11736 --- [           main] s.w.s.m.m.a.RequestMappingHandlerMapping : Mapped "{[/service/accounts],methods=[POST],produces=[application/json]}" onto public java.util.Collection<org.zlogic.vogon.data.FinanceAccount> org.zlogic.vogon.web.controller.AccountsController.updateAccounts(java.util.Collection<org.zlogic.vogon.data.FinanceAccount>,org.zlogic.vogon.web.security.VogonSecurityUser)
2018-12-22 13:23:43.450  INFO 11736 --- [           main] s.w.s.m.m.a.RequestMappingHandlerMapping : Mapped "{[/service/analytics/tags],methods=[GET],produces=[application/json]}" onto public java.util.Set<java.lang.String> org.zlogic.vogon.web.controller.AnalyticsController.getAllTags(org.zlogic.vogon.web.security.VogonSecurityUser)
2018-12-22 13:23:43.450  INFO 11736 --- [           main] s.w.s.m.m.a.RequestMappingHandlerMapping : Mapped "{[/service/analytics],methods=[POST],produces=[application/json]}" onto public java.util.Map<java.lang.String, org.zlogic.vogon.data.report.Report> org.zlogic.vogon.web.controller.AnalyticsController.getReport(org.zlogic.vogon.data.report.ReportFactory,org.zlogic.vogon.web.security.VogonSecurityUser)
2018-12-22 13:23:43.450  INFO 11736 --- [           main] s.w.s.m.m.a.RequestMappingHandlerMapping : Mapped "{[/service/currencies],methods=[GET],produces=[application/json]}" onto public java.util.Collection<org.zlogic.vogon.web.data.model.CurrencyDetails> org.zlogic.vogon.web.controller.CurrenciesController.getAllCurrencies()
2018-12-22 13:23:43.451  INFO 11736 --- [           main] s.w.s.m.m.a.RequestMappingHandlerMapping : Mapped "{[/service/export],methods=[GET || POST]}" onto public org.springframework.http.HttpEntity<byte[]> org.zlogic.vogon.web.controller.DataController.exportDataJSON(org.zlogic.vogon.web.security.VogonSecurityUser) throws java.lang.RuntimeException
2018-12-22 13:23:43.451  INFO 11736 --- [           main] s.w.s.m.m.a.RequestMappingHandlerMapping : Mapped "{[/service/import],methods=[POST],consumes=[multipart/form-data],produces=[application/json]}" onto public java.lang.Boolean org.zlogic.vogon.web.controller.DataController.importData(org.springframework.web.multipart.MultipartFile,org.zlogic.vogon.web.security.VogonSecurityUser) throws java.lang.RuntimeException
2018-12-22 13:23:43.451  INFO 11736 --- [           main] s.w.s.m.m.a.RequestMappingHandlerMapping : Mapped "{[/fragments/{fragment}.fragment]}" onto public org.springframework.web.servlet.ModelAndView org.zlogic.vogon.web.controller.JspController.fragmentModelAndView(java.lang.String)
2018-12-22 13:23:43.451  INFO 11736 --- [           main] s.w.s.m.m.a.RequestMappingHandlerMapping : Mapped "{[/]}" onto public org.springframework.web.servlet.ModelAndView org.zlogic.vogon.web.controller.JspController.indexModelAndView()
2018-12-22 13:23:43.451  INFO 11736 --- [           main] s.w.s.m.m.a.RequestMappingHandlerMapping : Mapped "{[/oauth/logout],methods=[POST]}" onto public void org.zlogic.vogon.web.controller.LogoutController.logout(org.springframework.security.oauth2.provider.OAuth2Authentication) throws org.zlogic.vogon.web.security.UsernameExistsException
2018-12-22 13:23:43.451  INFO 11736 --- [           main] s.w.s.m.m.a.RequestMappingHandlerMapping : Mapped "{[/register],methods=[POST],produces=[application/json]}" onto public org.zlogic.vogon.data.VogonUser org.zlogic.vogon.web.controller.RegistrationController.register(org.zlogic.vogon.data.VogonUser) throws org.zlogic.vogon.web.security.UsernameExistsException
2018-12-22 13:23:43.451  INFO 11736 --- [           main] s.w.s.m.m.a.RequestMappingHandlerMapping : Mapped "{[/service/transactions/transaction/{id}],methods=[GET],produces=[application/json]}" onto public org.zlogic.vogon.web.data.model.FinanceTransactionJson org.zlogic.vogon.web.controller.TransactionsController.getTransaction(long,org.zlogic.vogon.web.security.VogonSecurityUser)
2018-12-22 13:23:43.451  INFO 11736 --- [           main] s.w.s.m.m.a.RequestMappingHandlerMapping : Mapped "{[/service/transactions],methods=[GET],produces=[application/json]}" onto public java.util.Collection<org.zlogic.vogon.web.data.model.FinanceTransactionJson> org.zlogic.vogon.web.controller.TransactionsController.getTransactions(java.lang.Integer,org.zlogic.vogon.web.controller.TransactionsController$SortColumn,org.springframework.data.domain.Sort$Direction,java.lang.String,java.util.Date,java.util.Collection<java.lang.String>,org.zlogic.vogon.web.security.VogonSecurityUser)
2018-12-22 13:23:43.451  INFO 11736 --- [           main] s.w.s.m.m.a.RequestMappingHandlerMapping : Mapped "{[/service/transactions],methods=[POST],produces=[application/json]}" onto public org.zlogic.vogon.web.data.model.FinanceTransactionJson org.zlogic.vogon.web.controller.TransactionsController.submitTransaction(org.zlogic.vogon.web.data.model.FinanceTransactionJson,org.zlogic.vogon.web.security.VogonSecurityUser)
2018-12-22 13:23:43.451  INFO 11736 --- [           main] s.w.s.m.m.a.RequestMappingHandlerMapping : Mapped "{[/service/transactions/pages],methods=[GET],produces=[application/json]}" onto public long org.zlogic.vogon.web.controller.TransactionsController.getTransactionsCount(org.zlogic.vogon.web.security.VogonSecurityUser)
2018-12-22 13:23:43.451  INFO 11736 --- [           main] s.w.s.m.m.a.RequestMappingHandlerMapping : Mapped "{[/service/transactions/transaction/{id}],methods=[DELETE],produces=[application/json]}" onto public org.zlogic.vogon.web.data.model.FinanceTransactionJson org.zlogic.vogon.web.controller.TransactionsController.deleteTransaction(long,org.zlogic.vogon.web.security.VogonSecurityUser)
2018-12-22 13:23:43.451  INFO 11736 --- [           main] s.w.s.m.m.a.RequestMappingHandlerMapping : Mapped "{[/service/user],methods=[POST],produces=[application/json]}" onto public org.zlogic.vogon.data.VogonUser org.zlogic.vogon.web.controller.UsersController.submitUser(org.zlogic.vogon.data.VogonUser,org.zlogic.vogon.web.security.VogonSecurityUser) throws org.zlogic.vogon.web.security.UsernameExistsException
2018-12-22 13:23:43.451  INFO 11736 --- [           main] s.w.s.m.m.a.RequestMappingHandlerMapping : Mapped "{[/service/user],methods=[GET],produces=[application/json]}" onto public org.zlogic.vogon.data.VogonUser org.zlogic.vogon.web.controller.UsersController.getUserData(org.zlogic.vogon.web.security.VogonSecurityUser)
2018-12-22 13:23:43.452  INFO 11736 --- [           main] s.w.s.m.m.a.RequestMappingHandlerMapping : Mapped "{[/error]}" onto public org.springframework.http.ResponseEntity<java.util.Map<java.lang.String, java.lang.Object>> org.springframework.boot.autoconfigure.web.BasicErrorController.error(javax.servlet.http.HttpServletRequest)
2018-12-22 13:23:43.452  INFO 11736 --- [           main] s.w.s.m.m.a.RequestMappingHandlerMapping : Mapped "{[/error],produces=[text/html]}" onto public org.springframework.web.servlet.ModelAndView org.springframework.boot.autoconfigure.web.BasicErrorController.errorHtml(javax.servlet.http.HttpServletRequest,javax.servlet.http.HttpServletResponse)
2018-12-22 13:23:43.483  INFO 11736 --- [           main] o.s.w.s.handler.SimpleUrlHandlerMapping  : Root mapping to handler of type [class org.springframework.web.servlet.mvc.ParameterizableViewController]
2018-12-22 13:23:43.663  INFO 11736 --- [           main] o.s.w.s.handler.SimpleUrlHandlerMapping  : Mapped URL path [/webjars/**] onto handler of type [class org.springframework.web.servlet.resource.ResourceHttpRequestHandler]
2018-12-22 13:23:43.663  INFO 11736 --- [           main] o.s.w.s.handler.SimpleUrlHandlerMapping  : Mapped URL path [/**] onto handler of type [class org.springframework.web.servlet.resource.ResourceHttpRequestHandler]
2018-12-22 13:23:43.664  INFO 11736 --- [           main] o.s.w.s.handler.SimpleUrlHandlerMapping  : Mapped URL path [/**] onto handler of type [class org.springframework.web.servlet.resource.DefaultServletHttpRequestHandler]
2018-12-22 13:23:43.688  INFO 11736 --- [           main] o.s.w.s.handler.SimpleUrlHandlerMapping  : Mapped URL path [/**/favicon.ico] onto handler of type [class org.springframework.web.servlet.resource.ResourceHttpRequestHandler]
2018-12-22 13:23:43.896  INFO 11736 --- [           main] o.s.b.a.e.mvc.EndpointHandlerMapping     : Mapped "{[/heapdump || /heapdump.json],methods=[GET],produces=[application/octet-stream]}" onto public void org.springframework.boot.actuate.endpoint.mvc.HeapdumpMvcEndpoint.invoke(boolean,javax.servlet.http.HttpServletRequest,javax.servlet.http.HttpServletResponse) throws java.io.IOException,javax.servlet.ServletException
2018-12-22 13:23:43.896  INFO 11736 --- [           main] o.s.b.a.e.mvc.EndpointHandlerMapping     : Mapped "{[/health || /health.json],methods=[GET],produces=[application/vnd.spring-boot.actuator.v1+json || application/json]}" onto public java.lang.Object org.springframework.boot.actuate.endpoint.mvc.HealthMvcEndpoint.invoke(javax.servlet.http.HttpServletRequest,java.security.Principal)
2018-12-22 13:23:43.896  INFO 11736 --- [           main] o.s.b.a.e.mvc.EndpointHandlerMapping     : Mapped "{[/trace || /trace.json],methods=[GET],produces=[application/vnd.spring-boot.actuator.v1+json || application/json]}" onto public java.lang.Object org.springframework.boot.actuate.endpoint.mvc.EndpointMvcAdapter.invoke()
2018-12-22 13:23:43.896  INFO 11736 --- [           main] o.s.b.a.e.mvc.EndpointHandlerMapping     : Mapped "{[/mappings || /mappings.json],methods=[GET],produces=[application/vnd.spring-boot.actuator.v1+json || application/json]}" onto public java.lang.Object org.springframework.boot.actuate.endpoint.mvc.EndpointMvcAdapter.invoke()
2018-12-22 13:23:43.896  INFO 11736 --- [           main] o.s.b.a.e.mvc.EndpointHandlerMapping     : Mapped "{[/autoconfig || /autoconfig.json],methods=[GET],produces=[application/vnd.spring-boot.actuator.v1+json || application/json]}" onto public java.lang.Object org.springframework.boot.actuate.endpoint.mvc.EndpointMvcAdapter.invoke()
2018-12-22 13:23:43.896  INFO 11736 --- [           main] o.s.b.a.e.mvc.EndpointHandlerMapping     : Mapped "{[/metrics/{name:.*}],methods=[GET],produces=[application/vnd.spring-boot.actuator.v1+json || application/json]}" onto public java.lang.Object org.springframework.boot.actuate.endpoint.mvc.MetricsMvcEndpoint.value(java.lang.String)
2018-12-22 13:23:43.896  INFO 11736 --- [           main] o.s.b.a.e.mvc.EndpointHandlerMapping     : Mapped "{[/metrics || /metrics.json],methods=[GET],produces=[application/vnd.spring-boot.actuator.v1+json || application/json]}" onto public java.lang.Object org.springframework.boot.actuate.endpoint.mvc.EndpointMvcAdapter.invoke()
2018-12-22 13:23:43.897  INFO 11736 --- [           main] o.s.b.a.e.mvc.EndpointHandlerMapping     : Mapped "{[/auditevents || /auditevents.json],methods=[GET],produces=[application/vnd.spring-boot.actuator.v1+json || application/json]}" onto public org.springframework.http.ResponseEntity<?> org.springframework.boot.actuate.endpoint.mvc.AuditEventsMvcEndpoint.findByPrincipalAndAfterAndType(java.lang.String,java.util.Date,java.lang.String)
2018-12-22 13:23:43.897  INFO 11736 --- [           main] o.s.b.a.e.mvc.EndpointHandlerMapping     : Mapped "{[/info || /info.json],methods=[GET],produces=[application/vnd.spring-boot.actuator.v1+json || application/json]}" onto public java.lang.Object org.springframework.boot.actuate.endpoint.mvc.EndpointMvcAdapter.invoke()
2018-12-22 13:23:43.897  INFO 11736 --- [           main] o.s.b.a.e.mvc.EndpointHandlerMapping     : Mapped "{[/env/{name:.*}],methods=[GET],produces=[application/vnd.spring-boot.actuator.v1+json || application/json]}" onto public java.lang.Object org.springframework.boot.actuate.endpoint.mvc.EnvironmentMvcEndpoint.value(java.lang.String)
2018-12-22 13:23:43.897  INFO 11736 --- [           main] o.s.b.a.e.mvc.EndpointHandlerMapping     : Mapped "{[/env || /env.json],methods=[GET],produces=[application/vnd.spring-boot.actuator.v1+json || application/json]}" onto public java.lang.Object org.springframework.boot.actuate.endpoint.mvc.EndpointMvcAdapter.invoke()
2018-12-22 13:23:43.897  INFO 11736 --- [           main] o.s.b.a.e.mvc.EndpointHandlerMapping     : Mapped "{[/configprops || /configprops.json],methods=[GET],produces=[application/vnd.spring-boot.actuator.v1+json || application/json]}" onto public java.lang.Object org.springframework.boot.actuate.endpoint.mvc.EndpointMvcAdapter.invoke()
2018-12-22 13:23:43.897  INFO 11736 --- [           main] o.s.b.a.e.mvc.EndpointHandlerMapping     : Mapped "{[/beans || /beans.json],methods=[GET],produces=[application/vnd.spring-boot.actuator.v1+json || application/json]}" onto public java.lang.Object org.springframework.boot.actuate.endpoint.mvc.EndpointMvcAdapter.invoke()
2018-12-22 13:23:43.897  INFO 11736 --- [           main] o.s.b.a.e.mvc.EndpointHandlerMapping     : Mapped "{[/dump || /dump.json],methods=[GET],produces=[application/vnd.spring-boot.actuator.v1+json || application/json]}" onto public java.lang.Object org.springframework.boot.actuate.endpoint.mvc.EndpointMvcAdapter.invoke()
2018-12-22 13:23:43.898  INFO 11736 --- [           main] o.s.b.a.e.mvc.EndpointHandlerMapping     : Mapped "{[/loggers/{name:.*}],methods=[GET],produces=[application/vnd.spring-boot.actuator.v1+json || application/json]}" onto public java.lang.Object org.springframework.boot.actuate.endpoint.mvc.LoggersMvcEndpoint.get(java.lang.String)
2018-12-22 13:23:43.898  INFO 11736 --- [           main] o.s.b.a.e.mvc.EndpointHandlerMapping     : Mapped "{[/loggers/{name:.*}],methods=[POST],consumes=[application/vnd.spring-boot.actuator.v1+json || application/json],produces=[application/vnd.spring-boot.actuator.v1+json || application/json]}" onto public java.lang.Object org.springframework.boot.actuate.endpoint.mvc.LoggersMvcEndpoint.set(java.lang.String,java.util.Map<java.lang.String, java.lang.String>)
2018-12-22 13:23:43.898  INFO 11736 --- [           main] o.s.b.a.e.mvc.EndpointHandlerMapping     : Mapped "{[/loggers || /loggers.json],methods=[GET],produces=[application/vnd.spring-boot.actuator.v1+json || application/json]}" onto public java.lang.Object org.springframework.boot.actuate.endpoint.mvc.EndpointMvcAdapter.invoke()
2018-12-22 13:23:44.011 ERROR 11736 --- [           main] o.a.coyote.http11.Http11NioProtocol      : Failed to start end point associated with ProtocolHandler ["http-nio-8080"]

java.net.BindException: Address already in use: bind
	at sun.nio.ch.Net.bind0(Native Method) ~[na:1.8.0_191]
	at sun.nio.ch.Net.bind(Net.java:433) ~[na:1.8.0_191]
	at sun.nio.ch.Net.bind(Net.java:425) ~[na:1.8.0_191]
	at sun.nio.ch.ServerSocketChannelImpl.bind(ServerSocketChannelImpl.java:223) ~[na:1.8.0_191]
	at sun.nio.ch.ServerSocketAdaptor.bind(ServerSocketAdaptor.java:74) ~[na:1.8.0_191]
	at org.apache.tomcat.util.net.NioEndpoint.bind(NioEndpoint.java:210) ~[tomcat-embed-core-8.5.14.jar:8.5.14]
	at org.apache.tomcat.util.net.AbstractEndpoint.start(AbstractEndpoint.java:978) ~[tomcat-embed-core-8.5.14.jar:8.5.14]
	at org.apache.coyote.AbstractProtocol.start(AbstractProtocol.java:628) ~[tomcat-embed-core-8.5.14.jar:8.5.14]
	at org.apache.catalina.connector.Connector.startInternal(Connector.java:993) [tomcat-embed-core-8.5.14.jar:8.5.14]
	at org.apache.catalina.util.LifecycleBase.start(LifecycleBase.java:150) [tomcat-embed-core-8.5.14.jar:8.5.14]
	at org.apache.catalina.core.StandardService.addConnector(StandardService.java:225) [tomcat-embed-core-8.5.14.jar:8.5.14]
	at org.springframework.boot.context.embedded.tomcat.TomcatEmbeddedServletContainer.addPreviouslyRemovedConnectors(TomcatEmbeddedServletContainer.java:247) [spring-boot-1.5.3.RELEASE.jar:1.5.3.RELEASE]
	at org.springframework.boot.context.embedded.tomcat.TomcatEmbeddedServletContainer.start(TomcatEmbeddedServletContainer.java:190) [spring-boot-1.5.3.RELEASE.jar:1.5.3.RELEASE]
	at org.springframework.boot.context.embedded.EmbeddedWebApplicationContext.startEmbeddedServletContainer(EmbeddedWebApplicationContext.java:297) [spring-boot-1.5.3.RELEASE.jar:1.5.3.RELEASE]
	at org.springframework.boot.context.embedded.EmbeddedWebApplicationContext.finishRefresh(EmbeddedWebApplicationContext.java:145) [spring-boot-1.5.3.RELEASE.jar:1.5.3.RELEASE]
	at org.springframework.context.support.AbstractApplicationContext.refresh(AbstractApplicationContext.java:545) [spring-context-4.3.8.RELEASE.jar:4.3.8.RELEASE]
	at org.springframework.boot.context.embedded.EmbeddedWebApplicationContext.refresh(EmbeddedWebApplicationContext.java:122) [spring-boot-1.5.3.RELEASE.jar:1.5.3.RELEASE]
	at org.springframework.boot.SpringApplication.refresh(SpringApplication.java:737) [spring-boot-1.5.3.RELEASE.jar:1.5.3.RELEASE]
	at org.springframework.boot.SpringApplication.refreshContext(SpringApplication.java:370) [spring-boot-1.5.3.RELEASE.jar:1.5.3.RELEASE]
	at org.springframework.boot.SpringApplication.run(SpringApplication.java:314) [spring-boot-1.5.3.RELEASE.jar:1.5.3.RELEASE]
	at org.springframework.boot.test.context.SpringBootContextLoader.loadContext(SpringBootContextLoader.java:120) [spring-boot-test-1.5.3.RELEASE.jar:1.5.3.RELEASE]
	at org.springframework.test.context.cache.DefaultCacheAwareContextLoaderDelegate.loadContextInternal(DefaultCacheAwareContextLoaderDelegate.java:98) [spring-test-4.3.8.RELEASE.jar:4.3.8.RELEASE]
	at org.springframework.test.context.cache.DefaultCacheAwareContextLoaderDelegate.loadContext(DefaultCacheAwareContextLoaderDelegate.java:116) [spring-test-4.3.8.RELEASE.jar:4.3.8.RELEASE]
	at org.springframework.test.context.support.DefaultTestContext.getApplicationContext(DefaultTestContext.java:83) [spring-test-4.3.8.RELEASE.jar:4.3.8.RELEASE]
	at org.springframework.test.context.support.DependencyInjectionTestExecutionListener.injectDependencies(DependencyInjectionTestExecutionListener.java:117) [spring-test-4.3.8.RELEASE.jar:4.3.8.RELEASE]
	at org.springframework.test.context.support.DependencyInjectionTestExecutionListener.prepareTestInstance(DependencyInjectionTestExecutionListener.java:83) [spring-test-4.3.8.RELEASE.jar:4.3.8.RELEASE]
	at org.springframework.boot.test.autoconfigure.SpringBootDependencyInjectionTestExecutionListener.prepareTestInstance(SpringBootDependencyInjectionTestExecutionListener.java:44) [spring-boot-test-autoconfigure-1.5.3.RELEASE.jar:1.5.3.RELEASE]
	at org.springframework.test.context.TestContextManager.prepareTestInstance(TestContextManager.java:230) [spring-test-4.3.8.RELEASE.jar:4.3.8.RELEASE]
	at org.springframework.test.context.junit4.SpringJUnit4ClassRunner.createTest(SpringJUnit4ClassRunner.java:228) [spring-test-4.3.8.RELEASE.jar:4.3.8.RELEASE]
	at org.springframework.test.context.junit4.SpringJUnit4ClassRunner$1.runReflectiveCall(SpringJUnit4ClassRunner.java:287) [spring-test-4.3.8.RELEASE.jar:4.3.8.RELEASE]
	at org.junit.internal.runners.model.ReflectiveCallable.run(ReflectiveCallable.java:12) [junit-4.12.jar:4.12]
	at org.springframework.test.context.junit4.SpringJUnit4ClassRunner.methodBlock(SpringJUnit4ClassRunner.java:289) [spring-test-4.3.8.RELEASE.jar:4.3.8.RELEASE]
	at org.springframework.test.context.junit4.SpringJUnit4ClassRunner.runChild(SpringJUnit4ClassRunner.java:247) [spring-test-4.3.8.RELEASE.jar:4.3.8.RELEASE]
	at org.springframework.test.context.junit4.SpringJUnit4ClassRunner.runChild(SpringJUnit4ClassRunner.java:94) [spring-test-4.3.8.RELEASE.jar:4.3.8.RELEASE]
	at org.junit.runners.ParentRunner$3.run(ParentRunner.java:290) [junit-4.12.jar:4.12]
	at org.junit.runners.ParentRunner$1.schedule(ParentRunner.java:71) [junit-4.12.jar:4.12]
	at org.junit.runners.ParentRunner.runChildren(ParentRunner.java:288) [junit-4.12.jar:4.12]
	at org.junit.runners.ParentRunner.access$000(ParentRunner.java:58) [junit-4.12.jar:4.12]
	at org.junit.runners.ParentRunner$2.evaluate(ParentRunner.java:268) [junit-4.12.jar:4.12]
	at org.springframework.test.context.junit4.statements.RunBeforeTestClassCallbacks.evaluate(RunBeforeTestClassCallbacks.java:61) [spring-test-4.3.8.RELEASE.jar:4.3.8.RELEASE]
	at org.springframework.test.context.junit4.statements.RunAfterTestClassCallbacks.evaluate(RunAfterTestClassCallbacks.java:70) [spring-test-4.3.8.RELEASE.jar:4.3.8.RELEASE]
	at org.junit.runners.ParentRunner.run(ParentRunner.java:363) [junit-4.12.jar:4.12]
	at org.springframework.test.context.junit4.SpringJUnit4ClassRunner.run(SpringJUnit4ClassRunner.java:191) [spring-test-4.3.8.RELEASE.jar:4.3.8.RELEASE]
	at org.apache.maven.surefire.junit4.JUnit4Provider.execute(JUnit4Provider.java:365) [surefire-junit4-2.20.jar:2.20]
	at org.apache.maven.surefire.junit4.JUnit4Provider.executeWithRerun(JUnit4Provider.java:272) [surefire-junit4-2.20.jar:2.20]
	at org.apache.maven.surefire.junit4.JUnit4Provider.executeTestSet(JUnit4Provider.java:236) [surefire-junit4-2.20.jar:2.20]
	at org.apache.maven.surefire.junit4.JUnit4Provider.invoke(JUnit4Provider.java:159) [surefire-junit4-2.20.jar:2.20]
	at org.apache.maven.surefire.booter.ForkedBooter.invokeProviderInSameClassLoader(ForkedBooter.java:386) [surefire-booter-2.20.jar:2.20]
	at org.apache.maven.surefire.booter.ForkedBooter.runSuitesInProcess(ForkedBooter.java:323) [surefire-booter-2.20.jar:2.20]
	at org.apache.maven.surefire.booter.ForkedBooter.main(ForkedBooter.java:143) [surefire-booter-2.20.jar:2.20]

2018-12-22 13:23:44.012 ERROR 11736 --- [           main] o.apache.catalina.core.StandardService   : Failed to start connector [Connector[HTTP/1.1-8080]]

org.apache.catalina.LifecycleException: Failed to start component [Connector[HTTP/1.1-8080]]
	at org.apache.catalina.util.LifecycleBase.start(LifecycleBase.java:167) ~[tomcat-embed-core-8.5.14.jar:8.5.14]
	at org.apache.catalina.core.StandardService.addConnector(StandardService.java:225) ~[tomcat-embed-core-8.5.14.jar:8.5.14]
	at org.springframework.boot.context.embedded.tomcat.TomcatEmbeddedServletContainer.addPreviouslyRemovedConnectors(TomcatEmbeddedServletContainer.java:247) [spring-boot-1.5.3.RELEASE.jar:1.5.3.RELEASE]
	at org.springframework.boot.context.embedded.tomcat.TomcatEmbeddedServletContainer.start(TomcatEmbeddedServletContainer.java:190) [spring-boot-1.5.3.RELEASE.jar:1.5.3.RELEASE]
	at org.springframework.boot.context.embedded.EmbeddedWebApplicationContext.startEmbeddedServletContainer(EmbeddedWebApplicationContext.java:297) [spring-boot-1.5.3.RELEASE.jar:1.5.3.RELEASE]
	at org.springframework.boot.context.embedded.EmbeddedWebApplicationContext.finishRefresh(EmbeddedWebApplicationContext.java:145) [spring-boot-1.5.3.RELEASE.jar:1.5.3.RELEASE]
	at org.springframework.context.support.AbstractApplicationContext.refresh(AbstractApplicationContext.java:545) [spring-context-4.3.8.RELEASE.jar:4.3.8.RELEASE]
	at org.springframework.boot.context.embedded.EmbeddedWebApplicationContext.refresh(EmbeddedWebApplicationContext.java:122) [spring-boot-1.5.3.RELEASE.jar:1.5.3.RELEASE]
	at org.springframework.boot.SpringApplication.refresh(SpringApplication.java:737) [spring-boot-1.5.3.RELEASE.jar:1.5.3.RELEASE]
	at org.springframework.boot.SpringApplication.refreshContext(SpringApplication.java:370) [spring-boot-1.5.3.RELEASE.jar:1.5.3.RELEASE]
	at org.springframework.boot.SpringApplication.run(SpringApplication.java:314) [spring-boot-1.5.3.RELEASE.jar:1.5.3.RELEASE]
	at org.springframework.boot.test.context.SpringBootContextLoader.loadContext(SpringBootContextLoader.java:120) [spring-boot-test-1.5.3.RELEASE.jar:1.5.3.RELEASE]
	at org.springframework.test.context.cache.DefaultCacheAwareContextLoaderDelegate.loadContextInternal(DefaultCacheAwareContextLoaderDelegate.java:98) [spring-test-4.3.8.RELEASE.jar:4.3.8.RELEASE]
	at org.springframework.test.context.cache.DefaultCacheAwareContextLoaderDelegate.loadContext(DefaultCacheAwareContextLoaderDelegate.java:116) [spring-test-4.3.8.RELEASE.jar:4.3.8.RELEASE]
	at org.springframework.test.context.support.DefaultTestContext.getApplicationContext(DefaultTestContext.java:83) [spring-test-4.3.8.RELEASE.jar:4.3.8.RELEASE]
	at org.springframework.test.context.support.DependencyInjectionTestExecutionListener.injectDependencies(DependencyInjectionTestExecutionListener.java:117) [spring-test-4.3.8.RELEASE.jar:4.3.8.RELEASE]
	at org.springframework.test.context.support.DependencyInjectionTestExecutionListener.prepareTestInstance(DependencyInjectionTestExecutionListener.java:83) [spring-test-4.3.8.RELEASE.jar:4.3.8.RELEASE]
	at org.springframework.boot.test.autoconfigure.SpringBootDependencyInjectionTestExecutionListener.prepareTestInstance(SpringBootDependencyInjectionTestExecutionListener.java:44) [spring-boot-test-autoconfigure-1.5.3.RELEASE.jar:1.5.3.RELEASE]
	at org.springframework.test.context.TestContextManager.prepareTestInstance(TestContextManager.java:230) [spring-test-4.3.8.RELEASE.jar:4.3.8.RELEASE]
	at org.springframework.test.context.junit4.SpringJUnit4ClassRunner.createTest(SpringJUnit4ClassRunner.java:228) [spring-test-4.3.8.RELEASE.jar:4.3.8.RELEASE]
	at org.springframework.test.context.junit4.SpringJUnit4ClassRunner$1.runReflectiveCall(SpringJUnit4ClassRunner.java:287) [spring-test-4.3.8.RELEASE.jar:4.3.8.RELEASE]
	at org.junit.internal.runners.model.ReflectiveCallable.run(ReflectiveCallable.java:12) [junit-4.12.jar:4.12]
	at org.springframework.test.context.junit4.SpringJUnit4ClassRunner.methodBlock(SpringJUnit4ClassRunner.java:289) [spring-test-4.3.8.RELEASE.jar:4.3.8.RELEASE]
	at org.springframework.test.context.junit4.SpringJUnit4ClassRunner.runChild(SpringJUnit4ClassRunner.java:247) [spring-test-4.3.8.RELEASE.jar:4.3.8.RELEASE]
	at org.springframework.test.context.junit4.SpringJUnit4ClassRunner.runChild(SpringJUnit4ClassRunner.java:94) [spring-test-4.3.8.RELEASE.jar:4.3.8.RELEASE]
	at org.junit.runners.ParentRunner$3.run(ParentRunner.java:290) [junit-4.12.jar:4.12]
	at org.junit.runners.ParentRunner$1.schedule(ParentRunner.java:71) [junit-4.12.jar:4.12]
	at org.junit.runners.ParentRunner.runChildren(ParentRunner.java:288) [junit-4.12.jar:4.12]
	at org.junit.runners.ParentRunner.access$000(ParentRunner.java:58) [junit-4.12.jar:4.12]
	at org.junit.runners.ParentRunner$2.evaluate(ParentRunner.java:268) [junit-4.12.jar:4.12]
	at org.springframework.test.context.junit4.statements.RunBeforeTestClassCallbacks.evaluate(RunBeforeTestClassCallbacks.java:61) [spring-test-4.3.8.RELEASE.jar:4.3.8.RELEASE]
	at org.springframework.test.context.junit4.statements.RunAfterTestClassCallbacks.evaluate(RunAfterTestClassCallbacks.java:70) [spring-test-4.3.8.RELEASE.jar:4.3.8.RELEASE]
	at org.junit.runners.ParentRunner.run(ParentRunner.java:363) [junit-4.12.jar:4.12]
	at org.springframework.test.context.junit4.SpringJUnit4ClassRunner.run(SpringJUnit4ClassRunner.java:191) [spring-test-4.3.8.RELEASE.jar:4.3.8.RELEASE]
	at org.apache.maven.surefire.junit4.JUnit4Provider.execute(JUnit4Provider.java:365) [surefire-junit4-2.20.jar:2.20]
	at org.apache.maven.surefire.junit4.JUnit4Provider.executeWithRerun(JUnit4Provider.java:272) [surefire-junit4-2.20.jar:2.20]
	at org.apache.maven.surefire.junit4.JUnit4Provider.executeTestSet(JUnit4Provider.java:236) [surefire-junit4-2.20.jar:2.20]
	at org.apache.maven.surefire.junit4.JUnit4Provider.invoke(JUnit4Provider.java:159) [surefire-junit4-2.20.jar:2.20]
	at org.apache.maven.surefire.booter.ForkedBooter.invokeProviderInSameClassLoader(ForkedBooter.java:386) [surefire-booter-2.20.jar:2.20]
	at org.apache.maven.surefire.booter.ForkedBooter.runSuitesInProcess(ForkedBooter.java:323) [surefire-booter-2.20.jar:2.20]
	at org.apache.maven.surefire.booter.ForkedBooter.main(ForkedBooter.java:143) [surefire-booter-2.20.jar:2.20]
Caused by: org.apache.catalina.LifecycleException: service.getName(): "Tomcat";  Protocol handler start failed
	at org.apache.catalina.connector.Connector.startInternal(Connector.java:1000) ~[tomcat-embed-core-8.5.14.jar:8.5.14]
	at org.apache.catalina.util.LifecycleBase.start(LifecycleBase.java:150) ~[tomcat-embed-core-8.5.14.jar:8.5.14]
	... 40 common frames omitted
Caused by: java.net.BindException: Address already in use: bind
	at sun.nio.ch.Net.bind0(Native Method) ~[na:1.8.0_191]
	at sun.nio.ch.Net.bind(Net.java:433) ~[na:1.8.0_191]
	at sun.nio.ch.Net.bind(Net.java:425) ~[na:1.8.0_191]
	at sun.nio.ch.ServerSocketChannelImpl.bind(ServerSocketChannelImpl.java:223) ~[na:1.8.0_191]
	at sun.nio.ch.ServerSocketAdaptor.bind(ServerSocketAdaptor.java:74) ~[na:1.8.0_191]
	at org.apache.tomcat.util.net.NioEndpoint.bind(NioEndpoint.java:210) ~[tomcat-embed-core-8.5.14.jar:8.5.14]
	at org.apache.tomcat.util.net.AbstractEndpoint.start(AbstractEndpoint.java:978) ~[tomcat-embed-core-8.5.14.jar:8.5.14]
	at org.apache.coyote.AbstractProtocol.start(AbstractProtocol.java:628) ~[tomcat-embed-core-8.5.14.jar:8.5.14]
	at org.apache.catalina.connector.Connector.startInternal(Connector.java:993) ~[tomcat-embed-core-8.5.14.jar:8.5.14]
	... 41 common frames omitted

2018-12-22 13:23:44.205  INFO 11736 --- [           main] o.apache.catalina.core.StandardService   : Stopping service Tomcat
2018-12-22 13:23:44.213  INFO 11736 --- [           main] utoConfigurationReportLoggingInitializer : 

Error starting ApplicationContext. To display the auto-configuration report re-run your application with 'debug' enabled.
2018-12-22 13:23:44.215 ERROR 11736 --- [           main] o.s.b.d.LoggingFailureAnalysisReporter   : 

***************************
APPLICATION FAILED TO START
***************************

Description:

The Tomcat connector configured to listen on port 8080 failed to start. The port may already be in use or the connector may be misconfigured.

Action:

Verify the connector's configuration, identify and stop any process that's listening on port 8080, or configure this application to listen on another port.

2018-12-22 13:23:44.216  INFO 11736 --- [           main] ationConfigEmbeddedWebApplicationContext : Closing org.springframework.boot.context.embedded.AnnotationConfigEmbeddedWebApplicationContext@544c6b44: startup date [Sat Dec 22 13:23:41 IST 2018]; root of context hierarchy
2018-12-22 13:23:44.217  INFO 11736 --- [           main] o.z.vogon.web.PersistenceConfiguration   : Unloading JDBC drivers
2018-12-22 13:23:44.218  INFO 11736 --- [           main] j.LocalContainerEntityManagerFactoryBean : Closing JPA EntityManagerFactory for persistence unit 'VogonPU'
2018-12-22 13:23:44.218  INFO 11736 --- [           main] org.hibernate.orm.connections.pooling    : HHH10001008: Cleaning up connection pool [jdbc:h2:mem:test]

  .   ____          _            __ _ _
 /\\ / ___'_ __ _ _(_)_ __  __ _ \ \ \ \
( ( )\___ | '_ | '_| | '_ \/ _` | \ \ \ \
 \\/  ___)| |_)| | | | | || (_| |  ) ) ) )
  '  |____| .__|_| |_|_| |_\__, | / / / /
 =========|_|==============|___/=/_/_/_/
 :: Spring Boot ::        (v1.5.3.RELEASE)

2018-12-22 13:23:44.245  INFO 11736 --- [           main] o.z.v.w.TransactionsControllerWriteTest  : Starting TransactionsControllerWriteTest on GOPAL with PID 11736 (started by GOPAL$ in C:\Program Files (x86)\Jenkins\workspace\Maven_project\vogon-web)
2018-12-22 13:23:44.245  INFO 11736 --- [           main] o.z.v.w.TransactionsControllerWriteTest  : No active profile set, falling back to default profiles: default
2018-12-22 13:23:44.247  INFO 11736 --- [           main] ationConfigEmbeddedWebApplicationContext : Refreshing org.springframework.boot.context.embedded.AnnotationConfigEmbeddedWebApplicationContext@7cdef206: startup date [Sat Dec 22 13:23:44 IST 2018]; root of context hierarchy
2018-12-22 13:23:44.544  INFO 11736 --- [           main] o.s.b.f.s.DefaultListableBeanFactory     : Overriding bean definition for bean 'entityManagerFactory' with a different definition: replacing [Root bean: class [null]; scope=; abstract=false; lazyInit=false; autowireMode=3; dependencyCheck=0; autowireCandidate=true; primary=false; factoryBeanName=persistenceConfiguration; factoryMethodName=entityManagerFactory; initMethodName=null; destroyMethodName=(inferred); defined in class path resource [org/zlogic/vogon/web/PersistenceConfiguration.class]] with [Root bean: class [null]; scope=; abstract=false; lazyInit=false; autowireMode=3; dependencyCheck=0; autowireCandidate=true; primary=false; factoryBeanName=databaseConfiguration; factoryMethodName=entityManagerFactory; initMethodName=null; destroyMethodName=(inferred); defined in org.zlogic.vogon.web.DatabaseConfiguration]
2018-12-22 13:23:44.699  INFO 11736 --- [           main] trationDelegate$BeanPostProcessorChecker : Bean 'org.springframework.security.config.annotation.configuration.ObjectPostProcessorConfiguration' of type [org.springframework.security.config.annotation.configuration.ObjectPostProcessorConfiguration$$EnhancerBySpringCGLIB$$be8c3acc] is not eligible for getting processed by all BeanPostProcessors (for example: not eligible for auto-proxying)
2018-12-22 13:23:44.703  INFO 11736 --- [           main] trationDelegate$BeanPostProcessorChecker : Bean 'objectPostProcessor' of type [org.springframework.security.config.annotation.configuration.AutowireBeanFactoryObjectPostProcessor] is not eligible for getting processed by all BeanPostProcessors (for example: not eligible for auto-proxying)
2018-12-22 13:23:44.704  INFO 11736 --- [           main] trationDelegate$BeanPostProcessorChecker : Bean 'org.springframework.security.access.expression.method.DefaultMethodSecurityExpressionHandler@2f0059de' of type [org.springframework.security.oauth2.provider.expression.OAuth2MethodSecurityExpressionHandler] is not eligible for getting processed by all BeanPostProcessors (for example: not eligible for auto-proxying)
2018-12-22 13:23:44.709  INFO 11736 --- [           main] trationDelegate$BeanPostProcessorChecker : Bean 'org.springframework.security.config.annotation.method.configuration.GlobalMethodSecurityConfiguration' of type [org.springframework.security.config.annotation.method.configuration.GlobalMethodSecurityConfiguration$$EnhancerBySpringCGLIB$$e360dd7e] is not eligible for getting processed by all BeanPostProcessors (for example: not eligible for auto-proxying)
2018-12-22 13:23:44.711  INFO 11736 --- [           main] trationDelegate$BeanPostProcessorChecker : Bean 'methodSecurityMetadataSource' of type [org.springframework.security.access.method.DelegatingMethodSecurityMetadataSource] is not eligible for getting processed by all BeanPostProcessors (for example: not eligible for auto-proxying)
2018-12-22 13:23:44.718  INFO 11736 --- [           main] trationDelegate$BeanPostProcessorChecker : Bean 'org.springframework.transaction.annotation.ProxyTransactionManagementConfiguration' of type [org.springframework.transaction.annotation.ProxyTransactionManagementConfiguration$$EnhancerBySpringCGLIB$$25de7292] is not eligible for getting processed by all BeanPostProcessors (for example: not eligible for auto-proxying)
2018-12-22 13:23:44.732  INFO 11736 --- [           main] trationDelegate$BeanPostProcessorChecker : Bean 'security.oauth2.client-org.springframework.boot.autoconfigure.security.oauth2.OAuth2ClientProperties' of type [org.springframework.boot.autoconfigure.security.oauth2.OAuth2ClientProperties] is not eligible for getting processed by all BeanPostProcessors (for example: not eligible for auto-proxying)
2018-12-22 13:23:44.734  INFO 11736 --- [           main] trationDelegate$BeanPostProcessorChecker : Bean 'org.springframework.boot.autoconfigure.security.oauth2.OAuth2AutoConfiguration' of type [org.springframework.boot.autoconfigure.security.oauth2.OAuth2AutoConfiguration$$EnhancerBySpringCGLIB$$dd282e92] is not eligible for getting processed by all BeanPostProcessors (for example: not eligible for auto-proxying)
2018-12-22 13:23:44.739  INFO 11736 --- [           main] trationDelegate$BeanPostProcessorChecker : Bean 'resourceServerProperties' of type [org.springframework.boot.autoconfigure.security.oauth2.resource.ResourceServerProperties] is not eligible for getting processed by all BeanPostProcessors (for example: not eligible for auto-proxying)
2018-12-22 13:23:44.777  INFO 11736 --- [           main] org.zlogic.vogon.web.TomcatConfigurer    : Using keystore C:\Program Files (x86)\Jenkins\workspace\Maven_project\vogon-web\target/vogonweb.keystore with password ********
2018-12-22 13:23:44.798  INFO 11736 --- [           main] s.b.c.e.t.TomcatEmbeddedServletContainer : Tomcat initialized with port(s): 8080 (http) 8443 (https)
2018-12-22 13:23:44.798  INFO 11736 --- [           main] o.apache.catalina.core.StandardService   : Starting service Tomcat
2018-12-22 13:23:44.798  INFO 11736 --- [           main] org.apache.catalina.core.StandardEngine  : Starting Servlet Engine: Apache Tomcat/8.5.14
2018-12-22 13:23:44.839  INFO 11736 --- [ost-startStop-1] org.apache.jasper.servlet.TldScanner     : At least one JAR was scanned for TLDs yet contained no TLDs. Enable debug logging for this logger for a complete list of JARs that were scanned but no TLDs were found in them. Skipping unneeded JARs during scanning can improve startup time and JSP compilation time.
2018-12-22 13:23:44.841  INFO 11736 --- [ost-startStop-1] o.a.c.c.C.[Tomcat-137].[localhost].[/]   : Initializing Spring embedded WebApplicationContext
2018-12-22 13:23:44.841  INFO 11736 --- [ost-startStop-1] o.s.web.context.ContextLoader            : Root WebApplicationContext: initialization completed in 594 ms
2018-12-22 13:23:45.035  INFO 11736 --- [ost-startStop-1] o.s.b.w.servlet.FilterRegistrationBean   : Mapping filter: 'metricsFilter' to: [/*]
2018-12-22 13:23:45.035  INFO 11736 --- [ost-startStop-1] o.s.b.w.servlet.FilterRegistrationBean   : Mapping filter: 'characterEncodingFilter' to: [/*]
2018-12-22 13:23:45.035  INFO 11736 --- [ost-startStop-1] o.s.b.w.servlet.FilterRegistrationBean   : Mapping filter: 'hiddenHttpMethodFilter' to: [/*]
2018-12-22 13:23:45.035  INFO 11736 --- [ost-startStop-1] o.s.b.w.servlet.FilterRegistrationBean   : Mapping filter: 'httpPutFormContentFilter' to: [/*]
2018-12-22 13:23:45.035  INFO 11736 --- [ost-startStop-1] o.s.b.w.servlet.FilterRegistrationBean   : Mapping filter: 'requestContextFilter' to: [/*]
2018-12-22 13:23:45.036  INFO 11736 --- [ost-startStop-1] .s.DelegatingFilterProxyRegistrationBean : Mapping filter: 'springSecurityFilterChain' to: [/*]
2018-12-22 13:23:45.036  INFO 11736 --- [ost-startStop-1] o.s.b.w.servlet.FilterRegistrationBean   : Mapping filter: 'webRequestLoggingFilter' to: [/*]
2018-12-22 13:23:45.036  INFO 11736 --- [ost-startStop-1] o.s.b.w.servlet.FilterRegistrationBean   : Mapping filter: 'applicationContextIdFilter' to: [/*]
2018-12-22 13:23:45.036  INFO 11736 --- [ost-startStop-1] o.s.b.w.servlet.ServletRegistrationBean  : Mapping servlet: 'dispatcherServlet' to [/]
2018-12-22 13:23:45.052  INFO 11736 --- [           main] j.LocalContainerEntityManagerFactoryBean : Building JPA container EntityManagerFactory for persistence unit 'VogonPU'
2018-12-22 13:23:45.052  INFO 11736 --- [           main] o.hibernate.jpa.internal.util.LogHelper  : HHH000204: Processing PersistenceUnitInfo [
	name: VogonPU
	...]
2018-12-22 13:23:45.057  WARN 11736 --- [           main] org.hibernate.orm.connections.pooling    : HHH10001002: Using Hibernate built-in connection pool (not for production use!)
2018-12-22 13:23:45.057  INFO 11736 --- [           main] org.hibernate.orm.connections.pooling    : HHH10001005: using driver [org.h2.Driver] at URL [jdbc:h2:mem:test]
2018-12-22 13:23:45.057  INFO 11736 --- [           main] org.hibernate.orm.connections.pooling    : HHH10001001: Connection properties: {}
2018-12-22 13:23:45.057  INFO 11736 --- [           main] org.hibernate.orm.connections.pooling    : HHH10001003: Autocommit mode: false
2018-12-22 13:23:45.057  INFO 11736 --- [           main] .c.i.DriverManagerConnectionProviderImpl : HHH000115: Hibernate connection pool size: 20 (min=1)
2018-12-22 13:23:45.058  INFO 11736 --- [           main] org.hibernate.dialect.Dialect            : HHH000400: Using dialect: org.hibernate.dialect.H2Dialect
2018-12-22 13:23:45.078  INFO 11736 --- [           main] org.hibernate.orm.connections.access     : HHH10001501: Connection obtained from JdbcConnectionAccess [org.hibernate.engine.jdbc.env.internal.JdbcEnvironmentInitiator$ConnectionProviderJdbcConnectionAccess@46acfcd2] for (non-JTA) DDL execution was not in auto-commit mode; the Connection 'local transaction' will be committed and the Connection will be set into auto-commit mode.
2018-12-22 13:23:45.088  INFO 11736 --- [           main] j.LocalContainerEntityManagerFactoryBean : Initialized JPA EntityManagerFactory for persistence unit 'VogonPU'
2018-12-22 13:23:45.424  INFO 11736 --- [           main] .s.o.p.e.FrameworkEndpointHandlerMapping : Mapped "{[/oauth/authorize]}" onto public org.springframework.web.servlet.ModelAndView org.springframework.security.oauth2.provider.endpoint.AuthorizationEndpoint.authorize(java.util.Map<java.lang.String, java.lang.Object>,java.util.Map<java.lang.String, java.lang.String>,org.springframework.web.bind.support.SessionStatus,java.security.Principal)
2018-12-22 13:23:45.424  INFO 11736 --- [           main] .s.o.p.e.FrameworkEndpointHandlerMapping : Mapped "{[/oauth/authorize],methods=[POST],params=[user_oauth_approval]}" onto public org.springframework.web.servlet.View org.springframework.security.oauth2.provider.endpoint.AuthorizationEndpoint.approveOrDeny(java.util.Map<java.lang.String, java.lang.String>,java.util.Map<java.lang.String, ?>,org.springframework.web.bind.support.SessionStatus,java.security.Principal)
2018-12-22 13:23:45.424  INFO 11736 --- [           main] .s.o.p.e.FrameworkEndpointHandlerMapping : Mapped "{[/oauth/token],methods=[GET]}" onto public org.springframework.http.ResponseEntity<org.springframework.security.oauth2.common.OAuth2AccessToken> org.springframework.security.oauth2.provider.endpoint.TokenEndpoint.getAccessToken(java.security.Principal,java.util.Map<java.lang.String, java.lang.String>) throws org.springframework.web.HttpRequestMethodNotSupportedException
2018-12-22 13:23:45.424  INFO 11736 --- [           main] .s.o.p.e.FrameworkEndpointHandlerMapping : Mapped "{[/oauth/token],methods=[POST]}" onto public org.springframework.http.ResponseEntity<org.springframework.security.oauth2.common.OAuth2AccessToken> org.springframework.security.oauth2.provider.endpoint.TokenEndpoint.postAccessToken(java.security.Principal,java.util.Map<java.lang.String, java.lang.String>) throws org.springframework.web.HttpRequestMethodNotSupportedException
2018-12-22 13:23:45.424  INFO 11736 --- [           main] .s.o.p.e.FrameworkEndpointHandlerMapping : Mapped "{[/oauth/check_token]}" onto public java.util.Map<java.lang.String, ?> org.springframework.security.oauth2.provider.endpoint.CheckTokenEndpoint.checkToken(java.lang.String)
2018-12-22 13:23:45.424  INFO 11736 --- [           main] .s.o.p.e.FrameworkEndpointHandlerMapping : Mapped "{[/oauth/confirm_access]}" onto public org.springframework.web.servlet.ModelAndView org.springframework.security.oauth2.provider.endpoint.WhitelabelApprovalEndpoint.getAccessConfirmation(java.util.Map<java.lang.String, java.lang.Object>,javax.servlet.http.HttpServletRequest) throws java.lang.Exception
2018-12-22 13:23:45.424  INFO 11736 --- [           main] .s.o.p.e.FrameworkEndpointHandlerMapping : Mapped "{[/oauth/error]}" onto public org.springframework.web.servlet.ModelAndView org.springframework.security.oauth2.provider.endpoint.WhitelabelErrorEndpoint.handleError(javax.servlet.http.HttpServletRequest)
2018-12-22 13:23:45.622  INFO 11736 --- [           main] o.s.s.web.DefaultSecurityFilterChain     : Creating filter chain: OrRequestMatcher [requestMatchers=[Ant [pattern='/oauth/token'], Ant [pattern='/oauth/token_key'], Ant [pattern='/oauth/check_token']]], [org.springframework.security.web.context.request.async.WebAsyncManagerIntegrationFilter@18109459, org.springframework.security.web.context.SecurityContextPersistenceFilter@1f966480, org.springframework.security.web.header.HeaderWriterFilter@1f220223, org.springframework.security.web.authentication.logout.LogoutFilter@7cc6ef48, org.springframework.security.oauth2.provider.client.ClientCredentialsTokenEndpointFilter@281294eb, org.springframework.security.web.authentication.www.BasicAuthenticationFilter@139ffb89, org.springframework.security.web.savedrequest.RequestCacheAwareFilter@68274785, org.springframework.security.web.servletapi.SecurityContextHolderAwareRequestFilter@679b63b8, org.springframework.security.web.authentication.AnonymousAuthenticationFilter@4335e01b, org.springframework.security.web.session.SessionManagementFilter@18b07ed5, org.springframework.security.web.access.ExceptionTranslationFilter@64b27e81, org.springframework.security.web.access.intercept.FilterSecurityInterceptor@6f619420]
2018-12-22 13:23:45.622  INFO 11736 --- [           main] o.s.s.web.DefaultSecurityFilterChain     : Creating filter chain: org.springframework.boot.actuate.autoconfigure.ManagementWebSecurityAutoConfiguration$LazyEndpointPathRequestMatcher@267d9bfd, [org.springframework.security.web.context.request.async.WebAsyncManagerIntegrationFilter@66186b7a, org.springframework.security.web.context.SecurityContextPersistenceFilter@4c7047e3, org.springframework.security.web.header.HeaderWriterFilter@b1762fc, org.springframework.security.web.authentication.logout.LogoutFilter@6b83b400, org.springframework.security.web.authentication.www.BasicAuthenticationFilter@764e56ff, org.springframework.security.web.savedrequest.RequestCacheAwareFilter@1c00d00f, org.springframework.security.web.servletapi.SecurityContextHolderAwareRequestFilter@2cb051f1, org.springframework.security.web.authentication.AnonymousAuthenticationFilter@62092398, org.springframework.security.web.session.SessionManagementFilter@7f171c63, org.springframework.security.web.access.ExceptionTranslationFilter@42d24e4c, org.springframework.security.web.access.intercept.FilterSecurityInterceptor@761e4160]
2018-12-22 13:23:45.638  INFO 11736 --- [           main] o.s.s.w.a.c.ChannelProcessingFilter      : Validated configuration attributes
2018-12-22 13:23:45.638  INFO 11736 --- [           main] o.s.s.web.DefaultSecurityFilterChain     : Creating filter chain: org.springframework.security.oauth2.config.annotation.web.configuration.ResourceServerConfiguration$NotOAuthRequestMatcher@14b82010, [org.springframework.security.web.access.channel.ChannelProcessingFilter@305ea886, org.springframework.security.web.context.request.async.WebAsyncManagerIntegrationFilter@2a24b973, org.springframework.security.web.context.SecurityContextPersistenceFilter@1c5495e5, org.springframework.security.web.header.HeaderWriterFilter@752fdb36, org.springframework.security.web.authentication.logout.LogoutFilter@dacb502, org.springframework.security.oauth2.provider.authentication.OAuth2AuthenticationProcessingFilter@358d26b3, org.springframework.security.web.savedrequest.RequestCacheAwareFilter@65a49f82, org.springframework.security.web.servletapi.SecurityContextHolderAwareRequestFilter@6ed90e6b, org.springframework.security.web.authentication.AnonymousAuthenticationFilter@2db2411d, org.springframework.security.web.session.SessionManagementFilter@72922082, org.springframework.security.web.access.ExceptionTranslationFilter@2ecae86d, org.springframework.security.web.access.intercept.FilterSecurityInterceptor@4c16d7be]
2018-12-22 13:23:45.745  INFO 11736 --- [           main] s.w.s.m.m.a.RequestMappingHandlerAdapter : Looking for @ControllerAdvice: org.springframework.boot.context.embedded.AnnotationConfigEmbeddedWebApplicationContext@7cdef206: startup date [Sat Dec 22 13:23:44 IST 2018]; root of context hierarchy
2018-12-22 13:23:45.760  INFO 11736 --- [           main] s.w.s.m.m.a.RequestMappingHandlerMapping : Mapped "{[/service/accounts],methods=[GET],produces=[application/json]}" onto public java.util.Collection<org.zlogic.vogon.data.FinanceAccount> org.zlogic.vogon.web.controller.AccountsController.getAllAccounts(org.zlogic.vogon.web.security.VogonSecurityUser)
2018-12-22 13:23:45.760  INFO 11736 --- [           main] s.w.s.m.m.a.RequestMappingHandlerMapping : Mapped "{[/service/accounts],methods=[POST],produces=[application/json]}" onto public java.util.Collection<org.zlogic.vogon.data.FinanceAccount> org.zlogic.vogon.web.controller.AccountsController.updateAccounts(java.util.Collection<org.zlogic.vogon.data.FinanceAccount>,org.zlogic.vogon.web.security.VogonSecurityUser)
2018-12-22 13:23:45.760  INFO 11736 --- [           main] s.w.s.m.m.a.RequestMappingHandlerMapping : Mapped "{[/service/analytics/tags],methods=[GET],produces=[application/json]}" onto public java.util.Set<java.lang.String> org.zlogic.vogon.web.controller.AnalyticsController.getAllTags(org.zlogic.vogon.web.security.VogonSecurityUser)
2018-12-22 13:23:45.761  INFO 11736 --- [           main] s.w.s.m.m.a.RequestMappingHandlerMapping : Mapped "{[/service/analytics],methods=[POST],produces=[application/json]}" onto public java.util.Map<java.lang.String, org.zlogic.vogon.data.report.Report> org.zlogic.vogon.web.controller.AnalyticsController.getReport(org.zlogic.vogon.data.report.ReportFactory,org.zlogic.vogon.web.security.VogonSecurityUser)
2018-12-22 13:23:45.761  INFO 11736 --- [           main] s.w.s.m.m.a.RequestMappingHandlerMapping : Mapped "{[/service/currencies],methods=[GET],produces=[application/json]}" onto public java.util.Collection<org.zlogic.vogon.web.data.model.CurrencyDetails> org.zlogic.vogon.web.controller.CurrenciesController.getAllCurrencies()
2018-12-22 13:23:45.761  INFO 11736 --- [           main] s.w.s.m.m.a.RequestMappingHandlerMapping : Mapped "{[/service/export],methods=[GET || POST]}" onto public org.springframework.http.HttpEntity<byte[]> org.zlogic.vogon.web.controller.DataController.exportDataJSON(org.zlogic.vogon.web.security.VogonSecurityUser) throws java.lang.RuntimeException
2018-12-22 13:23:45.761  INFO 11736 --- [           main] s.w.s.m.m.a.RequestMappingHandlerMapping : Mapped "{[/service/import],methods=[POST],consumes=[multipart/form-data],produces=[application/json]}" onto public java.lang.Boolean org.zlogic.vogon.web.controller.DataController.importData(org.springframework.web.multipart.MultipartFile,org.zlogic.vogon.web.security.VogonSecurityUser) throws java.lang.RuntimeException
2018-12-22 13:23:45.761  INFO 11736 --- [           main] s.w.s.m.m.a.RequestMappingHandlerMapping : Mapped "{[/fragments/{fragment}.fragment]}" onto public org.springframework.web.servlet.ModelAndView org.zlogic.vogon.web.controller.JspController.fragmentModelAndView(java.lang.String)
2018-12-22 13:23:45.761  INFO 11736 --- [           main] s.w.s.m.m.a.RequestMappingHandlerMapping : Mapped "{[/]}" onto public org.springframework.web.servlet.ModelAndView org.zlogic.vogon.web.controller.JspController.indexModelAndView()
2018-12-22 13:23:45.761  INFO 11736 --- [           main] s.w.s.m.m.a.RequestMappingHandlerMapping : Mapped "{[/oauth/logout],methods=[POST]}" onto public void org.zlogic.vogon.web.controller.LogoutController.logout(org.springframework.security.oauth2.provider.OAuth2Authentication) throws org.zlogic.vogon.web.security.UsernameExistsException
2018-12-22 13:23:45.761  INFO 11736 --- [           main] s.w.s.m.m.a.RequestMappingHandlerMapping : Mapped "{[/register],methods=[POST],produces=[application/json]}" onto public org.zlogic.vogon.data.VogonUser org.zlogic.vogon.web.controller.RegistrationController.register(org.zlogic.vogon.data.VogonUser) throws org.zlogic.vogon.web.security.UsernameExistsException
2018-12-22 13:23:45.761  INFO 11736 --- [           main] s.w.s.m.m.a.RequestMappingHandlerMapping : Mapped "{[/service/transactions/transaction/{id}],methods=[GET],produces=[application/json]}" onto public org.zlogic.vogon.web.data.model.FinanceTransactionJson org.zlogic.vogon.web.controller.TransactionsController.getTransaction(long,org.zlogic.vogon.web.security.VogonSecurityUser)
2018-12-22 13:23:45.761  INFO 11736 --- [           main] s.w.s.m.m.a.RequestMappingHandlerMapping : Mapped "{[/service/transactions],methods=[GET],produces=[application/json]}" onto public java.util.Collection<org.zlogic.vogon.web.data.model.FinanceTransactionJson> org.zlogic.vogon.web.controller.TransactionsController.getTransactions(java.lang.Integer,org.zlogic.vogon.web.controller.TransactionsController$SortColumn,org.springframework.data.domain.Sort$Direction,java.lang.String,java.util.Date,java.util.Collection<java.lang.String>,org.zlogic.vogon.web.security.VogonSecurityUser)
2018-12-22 13:23:45.761  INFO 11736 --- [           main] s.w.s.m.m.a.RequestMappingHandlerMapping : Mapped "{[/service/transactions],methods=[POST],produces=[application/json]}" onto public org.zlogic.vogon.web.data.model.FinanceTransactionJson org.zlogic.vogon.web.controller.TransactionsController.submitTransaction(org.zlogic.vogon.web.data.model.FinanceTransactionJson,org.zlogic.vogon.web.security.VogonSecurityUser)
2018-12-22 13:23:45.762  INFO 11736 --- [           main] s.w.s.m.m.a.RequestMappingHandlerMapping : Mapped "{[/service/transactions/pages],methods=[GET],produces=[application/json]}" onto public long org.zlogic.vogon.web.controller.TransactionsController.getTransactionsCount(org.zlogic.vogon.web.security.VogonSecurityUser)
2018-12-22 13:23:45.762  INFO 11736 --- [           main] s.w.s.m.m.a.RequestMappingHandlerMapping : Mapped "{[/service/transactions/transaction/{id}],methods=[DELETE],produces=[application/json]}" onto public org.zlogic.vogon.web.data.model.FinanceTransactionJson org.zlogic.vogon.web.controller.TransactionsController.deleteTransaction(long,org.zlogic.vogon.web.security.VogonSecurityUser)
2018-12-22 13:23:45.762  INFO 11736 --- [           main] s.w.s.m.m.a.RequestMappingHandlerMapping : Mapped "{[/service/user],methods=[POST],produces=[application/json]}" onto public org.zlogic.vogon.data.VogonUser org.zlogic.vogon.web.controller.UsersController.submitUser(org.zlogic.vogon.data.VogonUser,org.zlogic.vogon.web.security.VogonSecurityUser) throws org.zlogic.vogon.web.security.UsernameExistsException
2018-12-22 13:23:45.762  INFO 11736 --- [           main] s.w.s.m.m.a.RequestMappingHandlerMapping : Mapped "{[/service/user],methods=[GET],produces=[application/json]}" onto public org.zlogic.vogon.data.VogonUser org.zlogic.vogon.web.controller.UsersController.getUserData(org.zlogic.vogon.web.security.VogonSecurityUser)
2018-12-22 13:23:45.763  INFO 11736 --- [           main] s.w.s.m.m.a.RequestMappingHandlerMapping : Mapped "{[/error]}" onto public org.springframework.http.ResponseEntity<java.util.Map<java.lang.String, java.lang.Object>> org.springframework.boot.autoconfigure.web.BasicErrorController.error(javax.servlet.http.HttpServletRequest)
2018-12-22 13:23:45.763  INFO 11736 --- [           main] s.w.s.m.m.a.RequestMappingHandlerMapping : Mapped "{[/error],produces=[text/html]}" onto public org.springframework.web.servlet.ModelAndView org.springframework.boot.autoconfigure.web.BasicErrorController.errorHtml(javax.servlet.http.HttpServletRequest,javax.servlet.http.HttpServletResponse)
2018-12-22 13:23:45.780  INFO 11736 --- [           main] o.s.w.s.handler.SimpleUrlHandlerMapping  : Root mapping to handler of type [class org.springframework.web.servlet.mvc.ParameterizableViewController]
2018-12-22 13:23:45.964  INFO 11736 --- [           main] o.s.w.s.handler.SimpleUrlHandlerMapping  : Mapped URL path [/webjars/**] onto handler of type [class org.springframework.web.servlet.resource.ResourceHttpRequestHandler]
2018-12-22 13:23:45.964  INFO 11736 --- [           main] o.s.w.s.handler.SimpleUrlHandlerMapping  : Mapped URL path [/**] onto handler of type [class org.springframework.web.servlet.resource.ResourceHttpRequestHandler]
2018-12-22 13:23:45.966  INFO 11736 --- [           main] o.s.w.s.handler.SimpleUrlHandlerMapping  : Mapped URL path [/**] onto handler of type [class org.springframework.web.servlet.resource.DefaultServletHttpRequestHandler]
2018-12-22 13:23:45.987  INFO 11736 --- [           main] o.s.w.s.handler.SimpleUrlHandlerMapping  : Mapped URL path [/**/favicon.ico] onto handler of type [class org.springframework.web.servlet.resource.ResourceHttpRequestHandler]
2018-12-22 13:23:46.221  INFO 11736 --- [           main] o.s.b.a.e.mvc.EndpointHandlerMapping     : Mapped "{[/auditevents || /auditevents.json],methods=[GET],produces=[application/vnd.spring-boot.actuator.v1+json || application/json]}" onto public org.springframework.http.ResponseEntity<?> org.springframework.boot.actuate.endpoint.mvc.AuditEventsMvcEndpoint.findByPrincipalAndAfterAndType(java.lang.String,java.util.Date,java.lang.String)
2018-12-22 13:23:46.221  INFO 11736 --- [           main] o.s.b.a.e.mvc.EndpointHandlerMapping     : Mapped "{[/mappings || /mappings.json],methods=[GET],produces=[application/vnd.spring-boot.actuator.v1+json || application/json]}" onto public java.lang.Object org.springframework.boot.actuate.endpoint.mvc.EndpointMvcAdapter.invoke()
2018-12-22 13:23:46.221  INFO 11736 --- [           main] o.s.b.a.e.mvc.EndpointHandlerMapping     : Mapped "{[/dump || /dump.json],methods=[GET],produces=[application/vnd.spring-boot.actuator.v1+json || application/json]}" onto public java.lang.Object org.springframework.boot.actuate.endpoint.mvc.EndpointMvcAdapter.invoke()
2018-12-22 13:23:46.221  INFO 11736 --- [           main] o.s.b.a.e.mvc.EndpointHandlerMapping     : Mapped "{[/trace || /trace.json],methods=[GET],produces=[application/vnd.spring-boot.actuator.v1+json || application/json]}" onto public java.lang.Object org.springframework.boot.actuate.endpoint.mvc.EndpointMvcAdapter.invoke()
2018-12-22 13:23:46.221  INFO 11736 --- [           main] o.s.b.a.e.mvc.EndpointHandlerMapping     : Mapped "{[/env/{name:.*}],methods=[GET],produces=[application/vnd.spring-boot.actuator.v1+json || application/json]}" onto public java.lang.Object org.springframework.boot.actuate.endpoint.mvc.EnvironmentMvcEndpoint.value(java.lang.String)
2018-12-22 13:23:46.221  INFO 11736 --- [           main] o.s.b.a.e.mvc.EndpointHandlerMapping     : Mapped "{[/env || /env.json],methods=[GET],produces=[application/vnd.spring-boot.actuator.v1+json || application/json]}" onto public java.lang.Object org.springframework.boot.actuate.endpoint.mvc.EndpointMvcAdapter.invoke()
2018-12-22 13:23:46.221  INFO 11736 --- [           main] o.s.b.a.e.mvc.EndpointHandlerMapping     : Mapped "{[/configprops || /configprops.json],methods=[GET],produces=[application/vnd.spring-boot.actuator.v1+json || application/json]}" onto public java.lang.Object org.springframework.boot.actuate.endpoint.mvc.EndpointMvcAdapter.invoke()
2018-12-22 13:23:46.221  INFO 11736 --- [           main] o.s.b.a.e.mvc.EndpointHandlerMapping     : Mapped "{[/metrics/{name:.*}],methods=[GET],produces=[application/vnd.spring-boot.actuator.v1+json || application/json]}" onto public java.lang.Object org.springframework.boot.actuate.endpoint.mvc.MetricsMvcEndpoint.value(java.lang.String)
2018-12-22 13:23:46.221  INFO 11736 --- [           main] o.s.b.a.e.mvc.EndpointHandlerMapping     : Mapped "{[/metrics || /metrics.json],methods=[GET],produces=[application/vnd.spring-boot.actuator.v1+json || application/json]}" onto public java.lang.Object org.springframework.boot.actuate.endpoint.mvc.EndpointMvcAdapter.invoke()
2018-12-22 13:23:46.221  INFO 11736 --- [           main] o.s.b.a.e.mvc.EndpointHandlerMapping     : Mapped "{[/autoconfig || /autoconfig.json],methods=[GET],produces=[application/vnd.spring-boot.actuator.v1+json || application/json]}" onto public java.lang.Object org.springframework.boot.actuate.endpoint.mvc.EndpointMvcAdapter.invoke()
2018-12-22 13:23:46.221  INFO 11736 --- [           main] o.s.b.a.e.mvc.EndpointHandlerMapping     : Mapped "{[/heapdump || /heapdump.json],methods=[GET],produces=[application/octet-stream]}" onto public void org.springframework.boot.actuate.endpoint.mvc.HeapdumpMvcEndpoint.invoke(boolean,javax.servlet.http.HttpServletRequest,javax.servlet.http.HttpServletResponse) throws java.io.IOException,javax.servlet.ServletException
2018-12-22 13:23:46.221  INFO 11736 --- [           main] o.s.b.a.e.mvc.EndpointHandlerMapping     : Mapped "{[/info || /info.json],methods=[GET],produces=[application/vnd.spring-boot.actuator.v1+json || application/json]}" onto public java.lang.Object org.springframework.boot.actuate.endpoint.mvc.EndpointMvcAdapter.invoke()
2018-12-22 13:23:46.221  INFO 11736 --- [           main] o.s.b.a.e.mvc.EndpointHandlerMapping     : Mapped "{[/loggers/{name:.*}],methods=[GET],produces=[application/vnd.spring-boot.actuator.v1+json || application/json]}" onto public java.lang.Object org.springframework.boot.actuate.endpoint.mvc.LoggersMvcEndpoint.get(java.lang.String)
2018-12-22 13:23:46.221  INFO 11736 --- [           main] o.s.b.a.e.mvc.EndpointHandlerMapping     : Mapped "{[/loggers/{name:.*}],methods=[POST],consumes=[application/vnd.spring-boot.actuator.v1+json || application/json],produces=[application/vnd.spring-boot.actuator.v1+json || application/json]}" onto public java.lang.Object org.springframework.boot.actuate.endpoint.mvc.LoggersMvcEndpoint.set(java.lang.String,java.util.Map<java.lang.String, java.lang.String>)
2018-12-22 13:23:46.221  INFO 11736 --- [           main] o.s.b.a.e.mvc.EndpointHandlerMapping     : Mapped "{[/loggers || /loggers.json],methods=[GET],produces=[application/vnd.spring-boot.actuator.v1+json || application/json]}" onto public java.lang.Object org.springframework.boot.actuate.endpoint.mvc.EndpointMvcAdapter.invoke()
2018-12-22 13:23:46.221  INFO 11736 --- [           main] o.s.b.a.e.mvc.EndpointHandlerMapping     : Mapped "{[/health || /health.json],methods=[GET],produces=[application/vnd.spring-boot.actuator.v1+json || application/json]}" onto public java.lang.Object org.springframework.boot.actuate.endpoint.mvc.HealthMvcEndpoint.invoke(javax.servlet.http.HttpServletRequest,java.security.Principal)
2018-12-22 13:23:46.221  INFO 11736 --- [           main] o.s.b.a.e.mvc.EndpointHandlerMapping     : Mapped "{[/beans || /beans.json],methods=[GET],produces=[application/vnd.spring-boot.actuator.v1+json || application/json]}" onto public java.lang.Object org.springframework.boot.actuate.endpoint.mvc.EndpointMvcAdapter.invoke()
2018-12-22 13:23:46.340 ERROR 11736 --- [           main] o.a.coyote.http11.Http11NioProtocol      : Failed to start end point associated with ProtocolHandler ["http-nio-8080"]

java.net.BindException: Address already in use: bind
	at sun.nio.ch.Net.bind0(Native Method) ~[na:1.8.0_191]
	at sun.nio.ch.Net.bind(Net.java:433) ~[na:1.8.0_191]
	at sun.nio.ch.Net.bind(Net.java:425) ~[na:1.8.0_191]
	at sun.nio.ch.ServerSocketChannelImpl.bind(ServerSocketChannelImpl.java:223) ~[na:1.8.0_191]
	at sun.nio.ch.ServerSocketAdaptor.bind(ServerSocketAdaptor.java:74) ~[na:1.8.0_191]
	at org.apache.tomcat.util.net.NioEndpoint.bind(NioEndpoint.java:210) ~[tomcat-embed-core-8.5.14.jar:8.5.14]
	at org.apache.tomcat.util.net.AbstractEndpoint.start(AbstractEndpoint.java:978) ~[tomcat-embed-core-8.5.14.jar:8.5.14]
	at org.apache.coyote.AbstractProtocol.start(AbstractProtocol.java:628) ~[tomcat-embed-core-8.5.14.jar:8.5.14]
	at org.apache.catalina.connector.Connector.startInternal(Connector.java:993) [tomcat-embed-core-8.5.14.jar:8.5.14]
	at org.apache.catalina.util.LifecycleBase.start(LifecycleBase.java:150) [tomcat-embed-core-8.5.14.jar:8.5.14]
	at org.apache.catalina.core.StandardService.addConnector(StandardService.java:225) [tomcat-embed-core-8.5.14.jar:8.5.14]
	at org.springframework.boot.context.embedded.tomcat.TomcatEmbeddedServletContainer.addPreviouslyRemovedConnectors(TomcatEmbeddedServletContainer.java:247) [spring-boot-1.5.3.RELEASE.jar:1.5.3.RELEASE]
	at org.springframework.boot.context.embedded.tomcat.TomcatEmbeddedServletContainer.start(TomcatEmbeddedServletContainer.java:190) [spring-boot-1.5.3.RELEASE.jar:1.5.3.RELEASE]
	at org.springframework.boot.context.embedded.EmbeddedWebApplicationContext.startEmbeddedServletContainer(EmbeddedWebApplicationContext.java:297) [spring-boot-1.5.3.RELEASE.jar:1.5.3.RELEASE]
	at org.springframework.boot.context.embedded.EmbeddedWebApplicationContext.finishRefresh(EmbeddedWebApplicationContext.java:145) [spring-boot-1.5.3.RELEASE.jar:1.5.3.RELEASE]
	at org.springframework.context.support.AbstractApplicationContext.refresh(AbstractApplicationContext.java:545) [spring-context-4.3.8.RELEASE.jar:4.3.8.RELEASE]
	at org.springframework.boot.context.embedded.EmbeddedWebApplicationContext.refresh(EmbeddedWebApplicationContext.java:122) [spring-boot-1.5.3.RELEASE.jar:1.5.3.RELEASE]
	at org.springframework.boot.SpringApplication.refresh(SpringApplication.java:737) [spring-boot-1.5.3.RELEASE.jar:1.5.3.RELEASE]
	at org.springframework.boot.SpringApplication.refreshContext(SpringApplication.java:370) [spring-boot-1.5.3.RELEASE.jar:1.5.3.RELEASE]
	at org.springframework.boot.SpringApplication.run(SpringApplication.java:314) [spring-boot-1.5.3.RELEASE.jar:1.5.3.RELEASE]
	at org.springframework.boot.test.context.SpringBootContextLoader.loadContext(SpringBootContextLoader.java:120) [spring-boot-test-1.5.3.RELEASE.jar:1.5.3.RELEASE]
	at org.springframework.test.context.cache.DefaultCacheAwareContextLoaderDelegate.loadContextInternal(DefaultCacheAwareContextLoaderDelegate.java:98) [spring-test-4.3.8.RELEASE.jar:4.3.8.RELEASE]
	at org.springframework.test.context.cache.DefaultCacheAwareContextLoaderDelegate.loadContext(DefaultCacheAwareContextLoaderDelegate.java:116) [spring-test-4.3.8.RELEASE.jar:4.3.8.RELEASE]
	at org.springframework.test.context.support.DefaultTestContext.getApplicationContext(DefaultTestContext.java:83) [spring-test-4.3.8.RELEASE.jar:4.3.8.RELEASE]
	at org.springframework.boot.test.autoconfigure.SpringBootDependencyInjectionTestExecutionListener.prepareTestInstance(SpringBootDependencyInjectionTestExecutionListener.java:47) [spring-boot-test-autoconfigure-1.5.3.RELEASE.jar:1.5.3.RELEASE]
	at org.springframework.test.context.TestContextManager.prepareTestInstance(TestContextManager.java:230) [spring-test-4.3.8.RELEASE.jar:4.3.8.RELEASE]
	at org.springframework.test.context.junit4.SpringJUnit4ClassRunner.createTest(SpringJUnit4ClassRunner.java:228) [spring-test-4.3.8.RELEASE.jar:4.3.8.RELEASE]
	at org.springframework.test.context.junit4.SpringJUnit4ClassRunner$1.runReflectiveCall(SpringJUnit4ClassRunner.java:287) [spring-test-4.3.8.RELEASE.jar:4.3.8.RELEASE]
	at org.junit.internal.runners.model.ReflectiveCallable.run(ReflectiveCallable.java:12) [junit-4.12.jar:4.12]
	at org.springframework.test.context.junit4.SpringJUnit4ClassRunner.methodBlock(SpringJUnit4ClassRunner.java:289) [spring-test-4.3.8.RELEASE.jar:4.3.8.RELEASE]
	at org.springframework.test.context.junit4.SpringJUnit4ClassRunner.runChild(SpringJUnit4ClassRunner.java:247) [spring-test-4.3.8.RELEASE.jar:4.3.8.RELEASE]
	at org.springframework.test.context.junit4.SpringJUnit4ClassRunner.runChild(SpringJUnit4ClassRunner.java:94) [spring-test-4.3.8.RELEASE.jar:4.3.8.RELEASE]
	at org.junit.runners.ParentRunner$3.run(ParentRunner.java:290) [junit-4.12.jar:4.12]
	at org.junit.runners.ParentRunner$1.schedule(ParentRunner.java:71) [junit-4.12.jar:4.12]
	at org.junit.runners.ParentRunner.runChildren(ParentRunner.java:288) [junit-4.12.jar:4.12]
	at org.junit.runners.ParentRunner.access$000(ParentRunner.java:58) [junit-4.12.jar:4.12]
	at org.junit.runners.ParentRunner$2.evaluate(ParentRunner.java:268) [junit-4.12.jar:4.12]
	at org.springframework.test.context.junit4.statements.RunBeforeTestClassCallbacks.evaluate(RunBeforeTestClassCallbacks.java:61) [spring-test-4.3.8.RELEASE.jar:4.3.8.RELEASE]
	at org.springframework.test.context.junit4.statements.RunAfterTestClassCallbacks.evaluate(RunAfterTestClassCallbacks.java:70) [spring-test-4.3.8.RELEASE.jar:4.3.8.RELEASE]
	at org.junit.runners.ParentRunner.run(ParentRunner.java:363) [junit-4.12.jar:4.12]
	at org.springframework.test.context.junit4.SpringJUnit4ClassRunner.run(SpringJUnit4ClassRunner.java:191) [spring-test-4.3.8.RELEASE.jar:4.3.8.RELEASE]
	at org.apache.maven.surefire.junit4.JUnit4Provider.execute(JUnit4Provider.java:365) [surefire-junit4-2.20.jar:2.20]
	at org.apache.maven.surefire.junit4.JUnit4Provider.executeWithRerun(JUnit4Provider.java:272) [surefire-junit4-2.20.jar:2.20]
	at org.apache.maven.surefire.junit4.JUnit4Provider.executeTestSet(JUnit4Provider.java:236) [surefire-junit4-2.20.jar:2.20]
	at org.apache.maven.surefire.junit4.JUnit4Provider.invoke(JUnit4Provider.java:159) [surefire-junit4-2.20.jar:2.20]
	at org.apache.maven.surefire.booter.ForkedBooter.invokeProviderInSameClassLoader(ForkedBooter.java:386) [surefire-booter-2.20.jar:2.20]
	at org.apache.maven.surefire.booter.ForkedBooter.runSuitesInProcess(ForkedBooter.java:323) [surefire-booter-2.20.jar:2.20]
	at org.apache.maven.surefire.booter.ForkedBooter.main(ForkedBooter.java:143) [surefire-booter-2.20.jar:2.20]

2018-12-22 13:23:46.340 ERROR 11736 --- [           main] o.apache.catalina.core.StandardService   : Failed to start connector [Connector[HTTP/1.1-8080]]

org.apache.catalina.LifecycleException: Failed to start component [Connector[HTTP/1.1-8080]]
	at org.apache.catalina.util.LifecycleBase.start(LifecycleBase.java:167) ~[tomcat-embed-core-8.5.14.jar:8.5.14]
	at org.apache.catalina.core.StandardService.addConnector(StandardService.java:225) ~[tomcat-embed-core-8.5.14.jar:8.5.14]
	at org.springframework.boot.context.embedded.tomcat.TomcatEmbeddedServletContainer.addPreviouslyRemovedConnectors(TomcatEmbeddedServletContainer.java:247) [spring-boot-1.5.3.RELEASE.jar:1.5.3.RELEASE]
	at org.springframework.boot.context.embedded.tomcat.TomcatEmbeddedServletContainer.start(TomcatEmbeddedServletContainer.java:190) [spring-boot-1.5.3.RELEASE.jar:1.5.3.RELEASE]
	at org.springframework.boot.context.embedded.EmbeddedWebApplicationContext.startEmbeddedServletContainer(EmbeddedWebApplicationContext.java:297) [spring-boot-1.5.3.RELEASE.jar:1.5.3.RELEASE]
	at org.springframework.boot.context.embedded.EmbeddedWebApplicationContext.finishRefresh(EmbeddedWebApplicationContext.java:145) [spring-boot-1.5.3.RELEASE.jar:1.5.3.RELEASE]
	at org.springframework.context.support.AbstractApplicationContext.refresh(AbstractApplicationContext.java:545) [spring-context-4.3.8.RELEASE.jar:4.3.8.RELEASE]
	at org.springframework.boot.context.embedded.EmbeddedWebApplicationContext.refresh(EmbeddedWebApplicationContext.java:122) [spring-boot-1.5.3.RELEASE.jar:1.5.3.RELEASE]
	at org.springframework.boot.SpringApplication.refresh(SpringApplication.java:737) [spring-boot-1.5.3.RELEASE.jar:1.5.3.RELEASE]
	at org.springframework.boot.SpringApplication.refreshContext(SpringApplication.java:370) [spring-boot-1.5.3.RELEASE.jar:1.5.3.RELEASE]
	at org.springframework.boot.SpringApplication.run(SpringApplication.java:314) [spring-boot-1.5.3.RELEASE.jar:1.5.3.RELEASE]
	at org.springframework.boot.test.context.SpringBootContextLoader.loadContext(SpringBootContextLoader.java:120) [spring-boot-test-1.5.3.RELEASE.jar:1.5.3.RELEASE]
	at org.springframework.test.context.cache.DefaultCacheAwareContextLoaderDelegate.loadContextInternal(DefaultCacheAwareContextLoaderDelegate.java:98) [spring-test-4.3.8.RELEASE.jar:4.3.8.RELEASE]
	at org.springframework.test.context.cache.DefaultCacheAwareContextLoaderDelegate.loadContext(DefaultCacheAwareContextLoaderDelegate.java:116) [spring-test-4.3.8.RELEASE.jar:4.3.8.RELEASE]
	at org.springframework.test.context.support.DefaultTestContext.getApplicationContext(DefaultTestContext.java:83) [spring-test-4.3.8.RELEASE.jar:4.3.8.RELEASE]
	at org.springframework.boot.test.autoconfigure.SpringBootDependencyInjectionTestExecutionListener.prepareTestInstance(SpringBootDependencyInjectionTestExecutionListener.java:47) [spring-boot-test-autoconfigure-1.5.3.RELEASE.jar:1.5.3.RELEASE]
	at org.springframework.test.context.TestContextManager.prepareTestInstance(TestContextManager.java:230) [spring-test-4.3.8.RELEASE.jar:4.3.8.RELEASE]
	at org.springframework.test.context.junit4.SpringJUnit4ClassRunner.createTest(SpringJUnit4ClassRunner.java:228) [spring-test-4.3.8.RELEASE.jar:4.3.8.RELEASE]
	at org.springframework.test.context.junit4.SpringJUnit4ClassRunner$1.runReflectiveCall(SpringJUnit4ClassRunner.java:287) [spring-test-4.3.8.RELEASE.jar:4.3.8.RELEASE]
	at org.junit.internal.runners.model.ReflectiveCallable.run(ReflectiveCallable.java:12) [junit-4.12.jar:4.12]
	at org.springframework.test.context.junit4.SpringJUnit4ClassRunner.methodBlock(SpringJUnit4ClassRunner.java:289) [spring-test-4.3.8.RELEASE.jar:4.3.8.RELEASE]
	at org.springframework.test.context.junit4.SpringJUnit4ClassRunner.runChild(SpringJUnit4ClassRunner.java:247) [spring-test-4.3.8.RELEASE.jar:4.3.8.RELEASE]
	at org.springframework.test.context.junit4.SpringJUnit4ClassRunner.runChild(SpringJUnit4ClassRunner.java:94) [spring-test-4.3.8.RELEASE.jar:4.3.8.RELEASE]
	at org.junit.runners.ParentRunner$3.run(ParentRunner.java:290) [junit-4.12.jar:4.12]
	at org.junit.runners.ParentRunner$1.schedule(ParentRunner.java:71) [junit-4.12.jar:4.12]
	at org.junit.runners.ParentRunner.runChildren(ParentRunner.java:288) [junit-4.12.jar:4.12]
	at org.junit.runners.ParentRunner.access$000(ParentRunner.java:58) [junit-4.12.jar:4.12]
	at org.junit.runners.ParentRunner$2.evaluate(ParentRunner.java:268) [junit-4.12.jar:4.12]
	at org.springframework.test.context.junit4.statements.RunBeforeTestClassCallbacks.evaluate(RunBeforeTestClassCallbacks.java:61) [spring-test-4.3.8.RELEASE.jar:4.3.8.RELEASE]
	at org.springframework.test.context.junit4.statements.RunAfterTestClassCallbacks.evaluate(RunAfterTestClassCallbacks.java:70) [spring-test-4.3.8.RELEASE.jar:4.3.8.RELEASE]
	at org.junit.runners.ParentRunner.run(ParentRunner.java:363) [junit-4.12.jar:4.12]
	at org.springframework.test.context.junit4.SpringJUnit4ClassRunner.run(SpringJUnit4ClassRunner.java:191) [spring-test-4.3.8.RELEASE.jar:4.3.8.RELEASE]
	at org.apache.maven.surefire.junit4.JUnit4Provider.execute(JUnit4Provider.java:365) [surefire-junit4-2.20.jar:2.20]
	at org.apache.maven.surefire.junit4.JUnit4Provider.executeWithRerun(JUnit4Provider.java:272) [surefire-junit4-2.20.jar:2.20]
	at org.apache.maven.surefire.junit4.JUnit4Provider.executeTestSet(JUnit4Provider.java:236) [surefire-junit4-2.20.jar:2.20]
	at org.apache.maven.surefire.junit4.JUnit4Provider.invoke(JUnit4Provider.java:159) [surefire-junit4-2.20.jar:2.20]
	at org.apache.maven.surefire.booter.ForkedBooter.invokeProviderInSameClassLoader(ForkedBooter.java:386) [surefire-booter-2.20.jar:2.20]
	at org.apache.maven.surefire.booter.ForkedBooter.runSuitesInProcess(ForkedBooter.java:323) [surefire-booter-2.20.jar:2.20]
	at org.apache.maven.surefire.booter.ForkedBooter.main(ForkedBooter.java:143) [surefire-booter-2.20.jar:2.20]
Caused by: org.apache.catalina.LifecycleException: service.getName(): "Tomcat";  Protocol handler start failed
	at org.apache.catalina.connector.Connector.startInternal(Connector.java:1000) ~[tomcat-embed-core-8.5.14.jar:8.5.14]
	at org.apache.catalina.util.LifecycleBase.start(LifecycleBase.java:150) ~[tomcat-embed-core-8.5.14.jar:8.5.14]
	... 38 common frames omitted
Caused by: java.net.BindException: Address already in use: bind
	at sun.nio.ch.Net.bind0(Native Method) ~[na:1.8.0_191]
	at sun.nio.ch.Net.bind(Net.java:433) ~[na:1.8.0_191]
	at sun.nio.ch.Net.bind(Net.java:425) ~[na:1.8.0_191]
	at sun.nio.ch.ServerSocketChannelImpl.bind(ServerSocketChannelImpl.java:223) ~[na:1.8.0_191]
	at sun.nio.ch.ServerSocketAdaptor.bind(ServerSocketAdaptor.java:74) ~[na:1.8.0_191]
	at org.apache.tomcat.util.net.NioEndpoint.bind(NioEndpoint.java:210) ~[tomcat-embed-core-8.5.14.jar:8.5.14]
	at org.apache.tomcat.util.net.AbstractEndpoint.start(AbstractEndpoint.java:978) ~[tomcat-embed-core-8.5.14.jar:8.5.14]
	at org.apache.coyote.AbstractProtocol.start(AbstractProtocol.java:628) ~[tomcat-embed-core-8.5.14.jar:8.5.14]
	at org.apache.catalina.connector.Connector.startInternal(Connector.java:993) ~[tomcat-embed-core-8.5.14.jar:8.5.14]
	... 39 common frames omitted

2018-12-22 13:23:46.610  INFO 11736 --- [           main] o.apache.catalina.core.StandardService   : Stopping service Tomcat
2018-12-22 13:23:46.617  INFO 11736 --- [           main] utoConfigurationReportLoggingInitializer : 

Error starting ApplicationContext. To display the auto-configuration report re-run your application with 'debug' enabled.
2018-12-22 13:23:46.619 ERROR 11736 --- [           main] o.s.b.d.LoggingFailureAnalysisReporter   : 

***************************
APPLICATION FAILED TO START
***************************

Description:

The Tomcat connector configured to listen on port 8080 failed to start. The port may already be in use or the connector may be misconfigured.

Action:

Verify the connector's configuration, identify and stop any process that's listening on port 8080, or configure this application to listen on another port.

2018-12-22 13:23:46.619  INFO 11736 --- [           main] ationConfigEmbeddedWebApplicationContext : Closing org.springframework.boot.context.embedded.AnnotationConfigEmbeddedWebApplicationContext@7cdef206: startup date [Sat Dec 22 13:23:44 IST 2018]; root of context hierarchy
2018-12-22 13:23:46.620  INFO 11736 --- [           main] o.z.vogon.web.PersistenceConfiguration   : Unloading JDBC drivers
2018-12-22 13:23:46.621  INFO 11736 --- [           main] j.LocalContainerEntityManagerFactoryBean : Closing JPA EntityManagerFactory for persistence unit 'VogonPU'
2018-12-22 13:23:46.621  INFO 11736 --- [           main] org.hibernate.orm.connections.pooling    : HHH10001008: Cleaning up connection pool [jdbc:h2:mem:test]
2018-12-22 13:23:46.621 ERROR 11736 --- [           main] o.s.test.context.TestContextManager      : Caught exception while allowing TestExecutionListener [org.springframework.boot.test.autoconfigure.SpringBootDependencyInjectionTestExecutionListener@482cd077] to prepare test instance [org.zlogic.vogon.web.TransactionsControllerWriteTest@19527aeb]

java.lang.IllegalStateException: Failed to load ApplicationContext
	at org.springframework.test.context.cache.DefaultCacheAwareContextLoaderDelegate.loadContext(DefaultCacheAwareContextLoaderDelegate.java:124) ~[spring-test-4.3.8.RELEASE.jar:4.3.8.RELEASE]
	at org.springframework.test.context.support.DefaultTestContext.getApplicationContext(DefaultTestContext.java:83) ~[spring-test-4.3.8.RELEASE.jar:4.3.8.RELEASE]
	at org.springframework.boot.test.autoconfigure.SpringBootDependencyInjectionTestExecutionListener.prepareTestInstance(SpringBootDependencyInjectionTestExecutionListener.java:47) ~[spring-boot-test-autoconfigure-1.5.3.RELEASE.jar:1.5.3.RELEASE]
	at org.springframework.test.context.TestContextManager.prepareTestInstance(TestContextManager.java:230) ~[spring-test-4.3.8.RELEASE.jar:4.3.8.RELEASE]
	at org.springframework.test.context.junit4.SpringJUnit4ClassRunner.createTest(SpringJUnit4ClassRunner.java:228) [spring-test-4.3.8.RELEASE.jar:4.3.8.RELEASE]
	at org.springframework.test.context.junit4.SpringJUnit4ClassRunner$1.runReflectiveCall(SpringJUnit4ClassRunner.java:287) [spring-test-4.3.8.RELEASE.jar:4.3.8.RELEASE]
	at org.junit.internal.runners.model.ReflectiveCallable.run(ReflectiveCallable.java:12) [junit-4.12.jar:4.12]
	at org.springframework.test.context.junit4.SpringJUnit4ClassRunner.methodBlock(SpringJUnit4ClassRunner.java:289) [spring-test-4.3.8.RELEASE.jar:4.3.8.RELEASE]
	at org.springframework.test.context.junit4.SpringJUnit4ClassRunner.runChild(SpringJUnit4ClassRunner.java:247) [spring-test-4.3.8.RELEASE.jar:4.3.8.RELEASE]
	at org.springframework.test.context.junit4.SpringJUnit4ClassRunner.runChild(SpringJUnit4ClassRunner.java:94) [spring-test-4.3.8.RELEASE.jar:4.3.8.RELEASE]
	at org.junit.runners.ParentRunner$3.run(ParentRunner.java:290) [junit-4.12.jar:4.12]
	at org.junit.runners.ParentRunner$1.schedule(ParentRunner.java:71) [junit-4.12.jar:4.12]
	at org.junit.runners.ParentRunner.runChildren(ParentRunner.java:288) [junit-4.12.jar:4.12]
	at org.junit.runners.ParentRunner.access$000(ParentRunner.java:58) [junit-4.12.jar:4.12]
	at org.junit.runners.ParentRunner$2.evaluate(ParentRunner.java:268) [junit-4.12.jar:4.12]
	at org.springframework.test.context.junit4.statements.RunBeforeTestClassCallbacks.evaluate(RunBeforeTestClassCallbacks.java:61) [spring-test-4.3.8.RELEASE.jar:4.3.8.RELEASE]
	at org.springframework.test.context.junit4.statements.RunAfterTestClassCallbacks.evaluate(RunAfterTestClassCallbacks.java:70) [spring-test-4.3.8.RELEASE.jar:4.3.8.RELEASE]
	at org.junit.runners.ParentRunner.run(ParentRunner.java:363) [junit-4.12.jar:4.12]
	at org.springframework.test.context.junit4.SpringJUnit4ClassRunner.run(SpringJUnit4ClassRunner.java:191) [spring-test-4.3.8.RELEASE.jar:4.3.8.RELEASE]
	at org.apache.maven.surefire.junit4.JUnit4Provider.execute(JUnit4Provider.java:365) [surefire-junit4-2.20.jar:2.20]
	at org.apache.maven.surefire.junit4.JUnit4Provider.executeWithRerun(JUnit4Provider.java:272) [surefire-junit4-2.20.jar:2.20]
	at org.apache.maven.surefire.junit4.JUnit4Provider.executeTestSet(JUnit4Provider.java:236) [surefire-junit4-2.20.jar:2.20]
	at org.apache.maven.surefire.junit4.JUnit4Provider.invoke(JUnit4Provider.java:159) [surefire-junit4-2.20.jar:2.20]
	at org.apache.maven.surefire.booter.ForkedBooter.invokeProviderInSameClassLoader(ForkedBooter.java:386) [surefire-booter-2.20.jar:2.20]
	at org.apache.maven.surefire.booter.ForkedBooter.runSuitesInProcess(ForkedBooter.java:323) [surefire-booter-2.20.jar:2.20]
	at org.apache.maven.surefire.booter.ForkedBooter.main(ForkedBooter.java:143) [surefire-booter-2.20.jar:2.20]
Caused by: org.springframework.boot.context.embedded.tomcat.ConnectorStartFailedException: Connector configured to listen on port 8080 failed to start
	at org.springframework.boot.context.embedded.tomcat.TomcatEmbeddedServletContainer.checkThatConnectorsHaveStarted(TomcatEmbeddedServletContainer.java:219) ~[spring-boot-1.5.3.RELEASE.jar:1.5.3.RELEASE]
	at org.springframework.boot.context.embedded.tomcat.TomcatEmbeddedServletContainer.start(TomcatEmbeddedServletContainer.java:195) ~[spring-boot-1.5.3.RELEASE.jar:1.5.3.RELEASE]
	at org.springframework.boot.context.embedded.EmbeddedWebApplicationContext.startEmbeddedServletContainer(EmbeddedWebApplicationContext.java:297) ~[spring-boot-1.5.3.RELEASE.jar:1.5.3.RELEASE]
	at org.springframework.boot.context.embedded.EmbeddedWebApplicationContext.finishRefresh(EmbeddedWebApplicationContext.java:145) ~[spring-boot-1.5.3.RELEASE.jar:1.5.3.RELEASE]
	at org.springframework.context.support.AbstractApplicationContext.refresh(AbstractApplicationContext.java:545) ~[spring-context-4.3.8.RELEASE.jar:4.3.8.RELEASE]
	at org.springframework.boot.context.embedded.EmbeddedWebApplicationContext.refresh(EmbeddedWebApplicationContext.java:122) ~[spring-boot-1.5.3.RELEASE.jar:1.5.3.RELEASE]
	at org.springframework.boot.SpringApplication.refresh(SpringApplication.java:737) ~[spring-boot-1.5.3.RELEASE.jar:1.5.3.RELEASE]
	at org.springframework.boot.SpringApplication.refreshContext(SpringApplication.java:370) ~[spring-boot-1.5.3.RELEASE.jar:1.5.3.RELEASE]
	at org.springframework.boot.SpringApplication.run(SpringApplication.java:314) ~[spring-boot-1.5.3.RELEASE.jar:1.5.3.RELEASE]
	at org.springframework.boot.test.context.SpringBootContextLoader.loadContext(SpringBootContextLoader.java:120) ~[spring-boot-test-1.5.3.RELEASE.jar:1.5.3.RELEASE]
	at org.springframework.test.context.cache.DefaultCacheAwareContextLoaderDelegate.loadContextInternal(DefaultCacheAwareContextLoaderDelegate.java:98) ~[spring-test-4.3.8.RELEASE.jar:4.3.8.RELEASE]
	at org.springframework.test.context.cache.DefaultCacheAwareContextLoaderDelegate.loadContext(DefaultCacheAwareContextLoaderDelegate.java:116) ~[spring-test-4.3.8.RELEASE.jar:4.3.8.RELEASE]
	... 25 common frames omitted

]]></system-out>
  </testcase>
  <testcase name="testDeleteTransactionBadToken" classname="org.zlogic.vogon.web.TransactionsControllerWriteTest" time="0">
    <error message="Failed to load ApplicationContext" type="java.lang.IllegalStateException">java.lang.IllegalStateException: Failed to load ApplicationContext
Caused by: org.springframework.boot.context.embedded.tomcat.ConnectorStartFailedException: Connector configured to listen on port 8080 failed to start
</error>
    <system-out><![CDATA[
  .   ____          _            __ _ _
 /\\ / ___'_ __ _ _(_)_ __  __ _ \ \ \ \
( ( )\___ | '_ | '_| | '_ \/ _` | \ \ \ \
 \\/  ___)| |_)| | | | | || (_| |  ) ) ) )
  '  |____| .__|_| |_|_| |_\__, | / / / /
 =========|_|==============|___/=/_/_/_/
 :: Spring Boot ::        (v1.5.3.RELEASE)

2018-12-22 13:23:46.659  INFO 11736 --- [           main] o.z.v.w.TransactionsControllerWriteTest  : Starting TransactionsControllerWriteTest on GOPAL with PID 11736 (started by GOPAL$ in C:\Program Files (x86)\Jenkins\workspace\Maven_project\vogon-web)
2018-12-22 13:23:46.659  INFO 11736 --- [           main] o.z.v.w.TransactionsControllerWriteTest  : No active profile set, falling back to default profiles: default
2018-12-22 13:23:46.661  INFO 11736 --- [           main] ationConfigEmbeddedWebApplicationContext : Refreshing org.springframework.boot.context.embedded.AnnotationConfigEmbeddedWebApplicationContext@5f403df2: startup date [Sat Dec 22 13:23:46 IST 2018]; root of context hierarchy
2018-12-22 13:23:46.950  INFO 11736 --- [           main] o.s.b.f.s.DefaultListableBeanFactory     : Overriding bean definition for bean 'entityManagerFactory' with a different definition: replacing [Root bean: class [null]; scope=; abstract=false; lazyInit=false; autowireMode=3; dependencyCheck=0; autowireCandidate=true; primary=false; factoryBeanName=persistenceConfiguration; factoryMethodName=entityManagerFactory; initMethodName=null; destroyMethodName=(inferred); defined in class path resource [org/zlogic/vogon/web/PersistenceConfiguration.class]] with [Root bean: class [null]; scope=; abstract=false; lazyInit=false; autowireMode=3; dependencyCheck=0; autowireCandidate=true; primary=false; factoryBeanName=databaseConfiguration; factoryMethodName=entityManagerFactory; initMethodName=null; destroyMethodName=(inferred); defined in org.zlogic.vogon.web.DatabaseConfiguration]
2018-12-22 13:23:47.115  INFO 11736 --- [           main] trationDelegate$BeanPostProcessorChecker : Bean 'org.springframework.security.config.annotation.configuration.ObjectPostProcessorConfiguration' of type [org.springframework.security.config.annotation.configuration.ObjectPostProcessorConfiguration$$EnhancerBySpringCGLIB$$be8c3acc] is not eligible for getting processed by all BeanPostProcessors (for example: not eligible for auto-proxying)
2018-12-22 13:23:47.119  INFO 11736 --- [           main] trationDelegate$BeanPostProcessorChecker : Bean 'objectPostProcessor' of type [org.springframework.security.config.annotation.configuration.AutowireBeanFactoryObjectPostProcessor] is not eligible for getting processed by all BeanPostProcessors (for example: not eligible for auto-proxying)
2018-12-22 13:23:47.121  INFO 11736 --- [           main] trationDelegate$BeanPostProcessorChecker : Bean 'org.springframework.security.access.expression.method.DefaultMethodSecurityExpressionHandler@641ed0b4' of type [org.springframework.security.oauth2.provider.expression.OAuth2MethodSecurityExpressionHandler] is not eligible for getting processed by all BeanPostProcessors (for example: not eligible for auto-proxying)
2018-12-22 13:23:47.128  INFO 11736 --- [           main] trationDelegate$BeanPostProcessorChecker : Bean 'org.springframework.security.config.annotation.method.configuration.GlobalMethodSecurityConfiguration' of type [org.springframework.security.config.annotation.method.configuration.GlobalMethodSecurityConfiguration$$EnhancerBySpringCGLIB$$e360dd7e] is not eligible for getting processed by all BeanPostProcessors (for example: not eligible for auto-proxying)
2018-12-22 13:23:47.137  INFO 11736 --- [           main] trationDelegate$BeanPostProcessorChecker : Bean 'methodSecurityMetadataSource' of type [org.springframework.security.access.method.DelegatingMethodSecurityMetadataSource] is not eligible for getting processed by all BeanPostProcessors (for example: not eligible for auto-proxying)
2018-12-22 13:23:47.149  INFO 11736 --- [           main] trationDelegate$BeanPostProcessorChecker : Bean 'org.springframework.transaction.annotation.ProxyTransactionManagementConfiguration' of type [org.springframework.transaction.annotation.ProxyTransactionManagementConfiguration$$EnhancerBySpringCGLIB$$25de7292] is not eligible for getting processed by all BeanPostProcessors (for example: not eligible for auto-proxying)
2018-12-22 13:23:47.166  INFO 11736 --- [           main] trationDelegate$BeanPostProcessorChecker : Bean 'security.oauth2.client-org.springframework.boot.autoconfigure.security.oauth2.OAuth2ClientProperties' of type [org.springframework.boot.autoconfigure.security.oauth2.OAuth2ClientProperties] is not eligible for getting processed by all BeanPostProcessors (for example: not eligible for auto-proxying)
2018-12-22 13:23:47.167  INFO 11736 --- [           main] trationDelegate$BeanPostProcessorChecker : Bean 'org.springframework.boot.autoconfigure.security.oauth2.OAuth2AutoConfiguration' of type [org.springframework.boot.autoconfigure.security.oauth2.OAuth2AutoConfiguration$$EnhancerBySpringCGLIB$$dd282e92] is not eligible for getting processed by all BeanPostProcessors (for example: not eligible for auto-proxying)
2018-12-22 13:23:47.172  INFO 11736 --- [           main] trationDelegate$BeanPostProcessorChecker : Bean 'resourceServerProperties' of type [org.springframework.boot.autoconfigure.security.oauth2.resource.ResourceServerProperties] is not eligible for getting processed by all BeanPostProcessors (for example: not eligible for auto-proxying)
2018-12-22 13:23:47.216  INFO 11736 --- [           main] org.zlogic.vogon.web.TomcatConfigurer    : Using keystore C:\Program Files (x86)\Jenkins\workspace\Maven_project\vogon-web\target/vogonweb.keystore with password ********
2018-12-22 13:23:47.238  INFO 11736 --- [           main] s.b.c.e.t.TomcatEmbeddedServletContainer : Tomcat initialized with port(s): 8080 (http) 8443 (https)
2018-12-22 13:23:47.239  INFO 11736 --- [           main] o.apache.catalina.core.StandardService   : Starting service Tomcat
2018-12-22 13:23:47.239  INFO 11736 --- [           main] org.apache.catalina.core.StandardEngine  : Starting Servlet Engine: Apache Tomcat/8.5.14
2018-12-22 13:23:47.255  INFO 11736 --- [ost-startStop-1] org.apache.jasper.servlet.TldScanner     : At least one JAR was scanned for TLDs yet contained no TLDs. Enable debug logging for this logger for a complete list of JARs that were scanned but no TLDs were found in them. Skipping unneeded JARs during scanning can improve startup time and JSP compilation time.
2018-12-22 13:23:47.270  INFO 11736 --- [ost-startStop-1] o.a.c.c.C.[Tomcat-138].[localhost].[/]   : Initializing Spring embedded WebApplicationContext
2018-12-22 13:23:47.270  INFO 11736 --- [ost-startStop-1] o.s.web.context.ContextLoader            : Root WebApplicationContext: initialization completed in 609 ms
2018-12-22 13:23:47.420  INFO 11736 --- [ost-startStop-1] o.s.b.w.servlet.FilterRegistrationBean   : Mapping filter: 'metricsFilter' to: [/*]
2018-12-22 13:23:47.420  INFO 11736 --- [ost-startStop-1] o.s.b.w.servlet.FilterRegistrationBean   : Mapping filter: 'characterEncodingFilter' to: [/*]
2018-12-22 13:23:47.420  INFO 11736 --- [ost-startStop-1] o.s.b.w.servlet.FilterRegistrationBean   : Mapping filter: 'hiddenHttpMethodFilter' to: [/*]
2018-12-22 13:23:47.420  INFO 11736 --- [ost-startStop-1] o.s.b.w.servlet.FilterRegistrationBean   : Mapping filter: 'httpPutFormContentFilter' to: [/*]
2018-12-22 13:23:47.420  INFO 11736 --- [ost-startStop-1] o.s.b.w.servlet.FilterRegistrationBean   : Mapping filter: 'requestContextFilter' to: [/*]
2018-12-22 13:23:47.420  INFO 11736 --- [ost-startStop-1] .s.DelegatingFilterProxyRegistrationBean : Mapping filter: 'springSecurityFilterChain' to: [/*]
2018-12-22 13:23:47.420  INFO 11736 --- [ost-startStop-1] o.s.b.w.servlet.FilterRegistrationBean   : Mapping filter: 'webRequestLoggingFilter' to: [/*]
2018-12-22 13:23:47.420  INFO 11736 --- [ost-startStop-1] o.s.b.w.servlet.FilterRegistrationBean   : Mapping filter: 'applicationContextIdFilter' to: [/*]
2018-12-22 13:23:47.420  INFO 11736 --- [ost-startStop-1] o.s.b.w.servlet.ServletRegistrationBean  : Mapping servlet: 'dispatcherServlet' to [/]
2018-12-22 13:23:47.436  INFO 11736 --- [           main] j.LocalContainerEntityManagerFactoryBean : Building JPA container EntityManagerFactory for persistence unit 'VogonPU'
2018-12-22 13:23:47.436  INFO 11736 --- [           main] o.hibernate.jpa.internal.util.LogHelper  : HHH000204: Processing PersistenceUnitInfo [
	name: VogonPU
	...]
2018-12-22 13:23:47.436  WARN 11736 --- [           main] org.hibernate.orm.connections.pooling    : HHH10001002: Using Hibernate built-in connection pool (not for production use!)
2018-12-22 13:23:47.436  INFO 11736 --- [           main] org.hibernate.orm.connections.pooling    : HHH10001005: using driver [org.h2.Driver] at URL [jdbc:h2:mem:test]
2018-12-22 13:23:47.436  INFO 11736 --- [           main] org.hibernate.orm.connections.pooling    : HHH10001001: Connection properties: {}
2018-12-22 13:23:47.436  INFO 11736 --- [           main] org.hibernate.orm.connections.pooling    : HHH10001003: Autocommit mode: false
2018-12-22 13:23:47.436  INFO 11736 --- [           main] .c.i.DriverManagerConnectionProviderImpl : HHH000115: Hibernate connection pool size: 20 (min=1)
2018-12-22 13:23:47.443  INFO 11736 --- [           main] org.hibernate.dialect.Dialect            : HHH000400: Using dialect: org.hibernate.dialect.H2Dialect
2018-12-22 13:23:47.454  INFO 11736 --- [           main] org.hibernate.orm.connections.access     : HHH10001501: Connection obtained from JdbcConnectionAccess [org.hibernate.engine.jdbc.env.internal.JdbcEnvironmentInitiator$ConnectionProviderJdbcConnectionAccess@64e915f3] for (non-JTA) DDL execution was not in auto-commit mode; the Connection 'local transaction' will be committed and the Connection will be set into auto-commit mode.
2018-12-22 13:23:47.461  INFO 11736 --- [           main] j.LocalContainerEntityManagerFactoryBean : Initialized JPA EntityManagerFactory for persistence unit 'VogonPU'
2018-12-22 13:23:47.756  INFO 11736 --- [           main] .s.o.p.e.FrameworkEndpointHandlerMapping : Mapped "{[/oauth/authorize]}" onto public org.springframework.web.servlet.ModelAndView org.springframework.security.oauth2.provider.endpoint.AuthorizationEndpoint.authorize(java.util.Map<java.lang.String, java.lang.Object>,java.util.Map<java.lang.String, java.lang.String>,org.springframework.web.bind.support.SessionStatus,java.security.Principal)
2018-12-22 13:23:47.756  INFO 11736 --- [           main] .s.o.p.e.FrameworkEndpointHandlerMapping : Mapped "{[/oauth/authorize],methods=[POST],params=[user_oauth_approval]}" onto public org.springframework.web.servlet.View org.springframework.security.oauth2.provider.endpoint.AuthorizationEndpoint.approveOrDeny(java.util.Map<java.lang.String, java.lang.String>,java.util.Map<java.lang.String, ?>,org.springframework.web.bind.support.SessionStatus,java.security.Principal)
2018-12-22 13:23:47.756  INFO 11736 --- [           main] .s.o.p.e.FrameworkEndpointHandlerMapping : Mapped "{[/oauth/token],methods=[GET]}" onto public org.springframework.http.ResponseEntity<org.springframework.security.oauth2.common.OAuth2AccessToken> org.springframework.security.oauth2.provider.endpoint.TokenEndpoint.getAccessToken(java.security.Principal,java.util.Map<java.lang.String, java.lang.String>) throws org.springframework.web.HttpRequestMethodNotSupportedException
2018-12-22 13:23:47.756  INFO 11736 --- [           main] .s.o.p.e.FrameworkEndpointHandlerMapping : Mapped "{[/oauth/token],methods=[POST]}" onto public org.springframework.http.ResponseEntity<org.springframework.security.oauth2.common.OAuth2AccessToken> org.springframework.security.oauth2.provider.endpoint.TokenEndpoint.postAccessToken(java.security.Principal,java.util.Map<java.lang.String, java.lang.String>) throws org.springframework.web.HttpRequestMethodNotSupportedException
2018-12-22 13:23:47.756  INFO 11736 --- [           main] .s.o.p.e.FrameworkEndpointHandlerMapping : Mapped "{[/oauth/check_token]}" onto public java.util.Map<java.lang.String, ?> org.springframework.security.oauth2.provider.endpoint.CheckTokenEndpoint.checkToken(java.lang.String)
2018-12-22 13:23:47.756  INFO 11736 --- [           main] .s.o.p.e.FrameworkEndpointHandlerMapping : Mapped "{[/oauth/confirm_access]}" onto public org.springframework.web.servlet.ModelAndView org.springframework.security.oauth2.provider.endpoint.WhitelabelApprovalEndpoint.getAccessConfirmation(java.util.Map<java.lang.String, java.lang.Object>,javax.servlet.http.HttpServletRequest) throws java.lang.Exception
2018-12-22 13:23:47.756  INFO 11736 --- [           main] .s.o.p.e.FrameworkEndpointHandlerMapping : Mapped "{[/oauth/error]}" onto public org.springframework.web.servlet.ModelAndView org.springframework.security.oauth2.provider.endpoint.WhitelabelErrorEndpoint.handleError(javax.servlet.http.HttpServletRequest)
2018-12-22 13:23:47.963  INFO 11736 --- [           main] o.s.s.web.DefaultSecurityFilterChain     : Creating filter chain: OrRequestMatcher [requestMatchers=[Ant [pattern='/oauth/token'], Ant [pattern='/oauth/token_key'], Ant [pattern='/oauth/check_token']]], [org.springframework.security.web.context.request.async.WebAsyncManagerIntegrationFilter@50c7c65f, org.springframework.security.web.context.SecurityContextPersistenceFilter@14ec4f75, org.springframework.security.web.header.HeaderWriterFilter@45e9ec66, org.springframework.security.web.authentication.logout.LogoutFilter@26b02977, org.springframework.security.oauth2.provider.client.ClientCredentialsTokenEndpointFilter@49040e98, org.springframework.security.web.authentication.www.BasicAuthenticationFilter@f774b99, org.springframework.security.web.savedrequest.RequestCacheAwareFilter@39dc19c1, org.springframework.security.web.servletapi.SecurityContextHolderAwareRequestFilter@33dc4840, org.springframework.security.web.authentication.AnonymousAuthenticationFilter@73625c3a, org.springframework.security.web.session.SessionManagementFilter@690f9ec2, org.springframework.security.web.access.ExceptionTranslationFilter@3f5259f0, org.springframework.security.web.access.intercept.FilterSecurityInterceptor@74333835]
2018-12-22 13:23:47.965  INFO 11736 --- [           main] o.s.s.web.DefaultSecurityFilterChain     : Creating filter chain: org.springframework.boot.actuate.autoconfigure.ManagementWebSecurityAutoConfiguration$LazyEndpointPathRequestMatcher@689540f4, [org.springframework.security.web.context.request.async.WebAsyncManagerIntegrationFilter@3b688d6a, org.springframework.security.web.context.SecurityContextPersistenceFilter@4e3c325e, org.springframework.security.web.header.HeaderWriterFilter@15319ab9, org.springframework.security.web.authentication.logout.LogoutFilter@7f570b77, org.springframework.security.web.authentication.www.BasicAuthenticationFilter@2d2d38d, org.springframework.security.web.savedrequest.RequestCacheAwareFilter@4b88d566, org.springframework.security.web.servletapi.SecurityContextHolderAwareRequestFilter@52757afc, org.springframework.security.web.authentication.AnonymousAuthenticationFilter@582efcf3, org.springframework.security.web.session.SessionManagementFilter@7e6a6ca1, org.springframework.security.web.access.ExceptionTranslationFilter@63cccfb0, org.springframework.security.web.access.intercept.FilterSecurityInterceptor@20786ba7]
2018-12-22 13:23:47.979  INFO 11736 --- [           main] o.s.s.w.a.c.ChannelProcessingFilter      : Validated configuration attributes
2018-12-22 13:23:47.983  INFO 11736 --- [           main] o.s.s.web.DefaultSecurityFilterChain     : Creating filter chain: org.springframework.security.oauth2.config.annotation.web.configuration.ResourceServerConfiguration$NotOAuthRequestMatcher@7417b73a, [org.springframework.security.web.access.channel.ChannelProcessingFilter@67fcf125, org.springframework.security.web.context.request.async.WebAsyncManagerIntegrationFilter@6cbd3014, org.springframework.security.web.context.SecurityContextPersistenceFilter@3467bb1d, org.springframework.security.web.header.HeaderWriterFilter@2bae3b0c, org.springframework.security.web.authentication.logout.LogoutFilter@7dca1769, org.springframework.security.oauth2.provider.authentication.OAuth2AuthenticationProcessingFilter@234f4ece, org.springframework.security.web.savedrequest.RequestCacheAwareFilter@32eba033, org.springframework.security.web.servletapi.SecurityContextHolderAwareRequestFilter@68478b39, org.springframework.security.web.authentication.AnonymousAuthenticationFilter@59c0a7bf, org.springframework.security.web.session.SessionManagementFilter@5121141, org.springframework.security.web.access.ExceptionTranslationFilter@1f733f35, org.springframework.security.web.access.intercept.FilterSecurityInterceptor@5b5c689d]
2018-12-22 13:23:48.052  INFO 11736 --- [           main] s.w.s.m.m.a.RequestMappingHandlerAdapter : Looking for @ControllerAdvice: org.springframework.boot.context.embedded.AnnotationConfigEmbeddedWebApplicationContext@5f403df2: startup date [Sat Dec 22 13:23:46 IST 2018]; root of context hierarchy
2018-12-22 13:23:48.082  INFO 11736 --- [           main] s.w.s.m.m.a.RequestMappingHandlerMapping : Mapped "{[/service/accounts],methods=[GET],produces=[application/json]}" onto public java.util.Collection<org.zlogic.vogon.data.FinanceAccount> org.zlogic.vogon.web.controller.AccountsController.getAllAccounts(org.zlogic.vogon.web.security.VogonSecurityUser)
2018-12-22 13:23:48.082  INFO 11736 --- [           main] s.w.s.m.m.a.RequestMappingHandlerMapping : Mapped "{[/service/accounts],methods=[POST],produces=[application/json]}" onto public java.util.Collection<org.zlogic.vogon.data.FinanceAccount> org.zlogic.vogon.web.controller.AccountsController.updateAccounts(java.util.Collection<org.zlogic.vogon.data.FinanceAccount>,org.zlogic.vogon.web.security.VogonSecurityUser)
2018-12-22 13:23:48.082  INFO 11736 --- [           main] s.w.s.m.m.a.RequestMappingHandlerMapping : Mapped "{[/service/analytics/tags],methods=[GET],produces=[application/json]}" onto public java.util.Set<java.lang.String> org.zlogic.vogon.web.controller.AnalyticsController.getAllTags(org.zlogic.vogon.web.security.VogonSecurityUser)
2018-12-22 13:23:48.083  INFO 11736 --- [           main] s.w.s.m.m.a.RequestMappingHandlerMapping : Mapped "{[/service/analytics],methods=[POST],produces=[application/json]}" onto public java.util.Map<java.lang.String, org.zlogic.vogon.data.report.Report> org.zlogic.vogon.web.controller.AnalyticsController.getReport(org.zlogic.vogon.data.report.ReportFactory,org.zlogic.vogon.web.security.VogonSecurityUser)
2018-12-22 13:23:48.083  INFO 11736 --- [           main] s.w.s.m.m.a.RequestMappingHandlerMapping : Mapped "{[/service/currencies],methods=[GET],produces=[application/json]}" onto public java.util.Collection<org.zlogic.vogon.web.data.model.CurrencyDetails> org.zlogic.vogon.web.controller.CurrenciesController.getAllCurrencies()
2018-12-22 13:23:48.083  INFO 11736 --- [           main] s.w.s.m.m.a.RequestMappingHandlerMapping : Mapped "{[/service/export],methods=[GET || POST]}" onto public org.springframework.http.HttpEntity<byte[]> org.zlogic.vogon.web.controller.DataController.exportDataJSON(org.zlogic.vogon.web.security.VogonSecurityUser) throws java.lang.RuntimeException
2018-12-22 13:23:48.083  INFO 11736 --- [           main] s.w.s.m.m.a.RequestMappingHandlerMapping : Mapped "{[/service/import],methods=[POST],consumes=[multipart/form-data],produces=[application/json]}" onto public java.lang.Boolean org.zlogic.vogon.web.controller.DataController.importData(org.springframework.web.multipart.MultipartFile,org.zlogic.vogon.web.security.VogonSecurityUser) throws java.lang.RuntimeException
2018-12-22 13:23:48.083  INFO 11736 --- [           main] s.w.s.m.m.a.RequestMappingHandlerMapping : Mapped "{[/fragments/{fragment}.fragment]}" onto public org.springframework.web.servlet.ModelAndView org.zlogic.vogon.web.controller.JspController.fragmentModelAndView(java.lang.String)
2018-12-22 13:23:48.083  INFO 11736 --- [           main] s.w.s.m.m.a.RequestMappingHandlerMapping : Mapped "{[/]}" onto public org.springframework.web.servlet.ModelAndView org.zlogic.vogon.web.controller.JspController.indexModelAndView()
2018-12-22 13:23:48.083  INFO 11736 --- [           main] s.w.s.m.m.a.RequestMappingHandlerMapping : Mapped "{[/oauth/logout],methods=[POST]}" onto public void org.zlogic.vogon.web.controller.LogoutController.logout(org.springframework.security.oauth2.provider.OAuth2Authentication) throws org.zlogic.vogon.web.security.UsernameExistsException
2018-12-22 13:23:48.083  INFO 11736 --- [           main] s.w.s.m.m.a.RequestMappingHandlerMapping : Mapped "{[/register],methods=[POST],produces=[application/json]}" onto public org.zlogic.vogon.data.VogonUser org.zlogic.vogon.web.controller.RegistrationController.register(org.zlogic.vogon.data.VogonUser) throws org.zlogic.vogon.web.security.UsernameExistsException
2018-12-22 13:23:48.083  INFO 11736 --- [           main] s.w.s.m.m.a.RequestMappingHandlerMapping : Mapped "{[/service/transactions/transaction/{id}],methods=[GET],produces=[application/json]}" onto public org.zlogic.vogon.web.data.model.FinanceTransactionJson org.zlogic.vogon.web.controller.TransactionsController.getTransaction(long,org.zlogic.vogon.web.security.VogonSecurityUser)
2018-12-22 13:23:48.083  INFO 11736 --- [           main] s.w.s.m.m.a.RequestMappingHandlerMapping : Mapped "{[/service/transactions],methods=[GET],produces=[application/json]}" onto public java.util.Collection<org.zlogic.vogon.web.data.model.FinanceTransactionJson> org.zlogic.vogon.web.controller.TransactionsController.getTransactions(java.lang.Integer,org.zlogic.vogon.web.controller.TransactionsController$SortColumn,org.springframework.data.domain.Sort$Direction,java.lang.String,java.util.Date,java.util.Collection<java.lang.String>,org.zlogic.vogon.web.security.VogonSecurityUser)
2018-12-22 13:23:48.083  INFO 11736 --- [           main] s.w.s.m.m.a.RequestMappingHandlerMapping : Mapped "{[/service/transactions],methods=[POST],produces=[application/json]}" onto public org.zlogic.vogon.web.data.model.FinanceTransactionJson org.zlogic.vogon.web.controller.TransactionsController.submitTransaction(org.zlogic.vogon.web.data.model.FinanceTransactionJson,org.zlogic.vogon.web.security.VogonSecurityUser)
2018-12-22 13:23:48.083  INFO 11736 --- [           main] s.w.s.m.m.a.RequestMappingHandlerMapping : Mapped "{[/service/transactions/pages],methods=[GET],produces=[application/json]}" onto public long org.zlogic.vogon.web.controller.TransactionsController.getTransactionsCount(org.zlogic.vogon.web.security.VogonSecurityUser)
2018-12-22 13:23:48.084  INFO 11736 --- [           main] s.w.s.m.m.a.RequestMappingHandlerMapping : Mapped "{[/service/transactions/transaction/{id}],methods=[DELETE],produces=[application/json]}" onto public org.zlogic.vogon.web.data.model.FinanceTransactionJson org.zlogic.vogon.web.controller.TransactionsController.deleteTransaction(long,org.zlogic.vogon.web.security.VogonSecurityUser)
2018-12-22 13:23:48.084  INFO 11736 --- [           main] s.w.s.m.m.a.RequestMappingHandlerMapping : Mapped "{[/service/user],methods=[POST],produces=[application/json]}" onto public org.zlogic.vogon.data.VogonUser org.zlogic.vogon.web.controller.UsersController.submitUser(org.zlogic.vogon.data.VogonUser,org.zlogic.vogon.web.security.VogonSecurityUser) throws org.zlogic.vogon.web.security.UsernameExistsException
2018-12-22 13:23:48.084  INFO 11736 --- [           main] s.w.s.m.m.a.RequestMappingHandlerMapping : Mapped "{[/service/user],methods=[GET],produces=[application/json]}" onto public org.zlogic.vogon.data.VogonUser org.zlogic.vogon.web.controller.UsersController.getUserData(org.zlogic.vogon.web.security.VogonSecurityUser)
2018-12-22 13:23:48.085  INFO 11736 --- [           main] s.w.s.m.m.a.RequestMappingHandlerMapping : Mapped "{[/error]}" onto public org.springframework.http.ResponseEntity<java.util.Map<java.lang.String, java.lang.Object>> org.springframework.boot.autoconfigure.web.BasicErrorController.error(javax.servlet.http.HttpServletRequest)
2018-12-22 13:23:48.085  INFO 11736 --- [           main] s.w.s.m.m.a.RequestMappingHandlerMapping : Mapped "{[/error],produces=[text/html]}" onto public org.springframework.web.servlet.ModelAndView org.springframework.boot.autoconfigure.web.BasicErrorController.errorHtml(javax.servlet.http.HttpServletRequest,javax.servlet.http.HttpServletResponse)
2018-12-22 13:23:48.104  INFO 11736 --- [           main] o.s.w.s.handler.SimpleUrlHandlerMapping  : Root mapping to handler of type [class org.springframework.web.servlet.mvc.ParameterizableViewController]
2018-12-22 13:23:48.306  INFO 11736 --- [           main] o.s.w.s.handler.SimpleUrlHandlerMapping  : Mapped URL path [/webjars/**] onto handler of type [class org.springframework.web.servlet.resource.ResourceHttpRequestHandler]
2018-12-22 13:23:48.306  INFO 11736 --- [           main] o.s.w.s.handler.SimpleUrlHandlerMapping  : Mapped URL path [/**] onto handler of type [class org.springframework.web.servlet.resource.ResourceHttpRequestHandler]
2018-12-22 13:23:48.306  INFO 11736 --- [           main] o.s.w.s.handler.SimpleUrlHandlerMapping  : Mapped URL path [/**] onto handler of type [class org.springframework.web.servlet.resource.DefaultServletHttpRequestHandler]
2018-12-22 13:23:48.322  INFO 11736 --- [           main] o.s.w.s.handler.SimpleUrlHandlerMapping  : Mapped URL path [/**/favicon.ico] onto handler of type [class org.springframework.web.servlet.resource.ResourceHttpRequestHandler]
2018-12-22 13:23:48.530  INFO 11736 --- [           main] o.s.b.a.e.mvc.EndpointHandlerMapping     : Mapped "{[/metrics/{name:.*}],methods=[GET],produces=[application/vnd.spring-boot.actuator.v1+json || application/json]}" onto public java.lang.Object org.springframework.boot.actuate.endpoint.mvc.MetricsMvcEndpoint.value(java.lang.String)
2018-12-22 13:23:48.530  INFO 11736 --- [           main] o.s.b.a.e.mvc.EndpointHandlerMapping     : Mapped "{[/metrics || /metrics.json],methods=[GET],produces=[application/vnd.spring-boot.actuator.v1+json || application/json]}" onto public java.lang.Object org.springframework.boot.actuate.endpoint.mvc.EndpointMvcAdapter.invoke()
2018-12-22 13:23:48.530  INFO 11736 --- [           main] o.s.b.a.e.mvc.EndpointHandlerMapping     : Mapped "{[/mappings || /mappings.json],methods=[GET],produces=[application/vnd.spring-boot.actuator.v1+json || application/json]}" onto public java.lang.Object org.springframework.boot.actuate.endpoint.mvc.EndpointMvcAdapter.invoke()
2018-12-22 13:23:48.531  INFO 11736 --- [           main] o.s.b.a.e.mvc.EndpointHandlerMapping     : Mapped "{[/loggers/{name:.*}],methods=[GET],produces=[application/vnd.spring-boot.actuator.v1+json || application/json]}" onto public java.lang.Object org.springframework.boot.actuate.endpoint.mvc.LoggersMvcEndpoint.get(java.lang.String)
2018-12-22 13:23:48.531  INFO 11736 --- [           main] o.s.b.a.e.mvc.EndpointHandlerMapping     : Mapped "{[/loggers/{name:.*}],methods=[POST],consumes=[application/vnd.spring-boot.actuator.v1+json || application/json],produces=[application/vnd.spring-boot.actuator.v1+json || application/json]}" onto public java.lang.Object org.springframework.boot.actuate.endpoint.mvc.LoggersMvcEndpoint.set(java.lang.String,java.util.Map<java.lang.String, java.lang.String>)
2018-12-22 13:23:48.531  INFO 11736 --- [           main] o.s.b.a.e.mvc.EndpointHandlerMapping     : Mapped "{[/loggers || /loggers.json],methods=[GET],produces=[application/vnd.spring-boot.actuator.v1+json || application/json]}" onto public java.lang.Object org.springframework.boot.actuate.endpoint.mvc.EndpointMvcAdapter.invoke()
2018-12-22 13:23:48.531  INFO 11736 --- [           main] o.s.b.a.e.mvc.EndpointHandlerMapping     : Mapped "{[/autoconfig || /autoconfig.json],methods=[GET],produces=[application/vnd.spring-boot.actuator.v1+json || application/json]}" onto public java.lang.Object org.springframework.boot.actuate.endpoint.mvc.EndpointMvcAdapter.invoke()
2018-12-22 13:23:48.531  INFO 11736 --- [           main] o.s.b.a.e.mvc.EndpointHandlerMapping     : Mapped "{[/auditevents || /auditevents.json],methods=[GET],produces=[application/vnd.spring-boot.actuator.v1+json || application/json]}" onto public org.springframework.http.ResponseEntity<?> org.springframework.boot.actuate.endpoint.mvc.AuditEventsMvcEndpoint.findByPrincipalAndAfterAndType(java.lang.String,java.util.Date,java.lang.String)
2018-12-22 13:23:48.531  INFO 11736 --- [           main] o.s.b.a.e.mvc.EndpointHandlerMapping     : Mapped "{[/beans || /beans.json],methods=[GET],produces=[application/vnd.spring-boot.actuator.v1+json || application/json]}" onto public java.lang.Object org.springframework.boot.actuate.endpoint.mvc.EndpointMvcAdapter.invoke()
2018-12-22 13:23:48.531  INFO 11736 --- [           main] o.s.b.a.e.mvc.EndpointHandlerMapping     : Mapped "{[/configprops || /configprops.json],methods=[GET],produces=[application/vnd.spring-boot.actuator.v1+json || application/json]}" onto public java.lang.Object org.springframework.boot.actuate.endpoint.mvc.EndpointMvcAdapter.invoke()
2018-12-22 13:23:48.531  INFO 11736 --- [           main] o.s.b.a.e.mvc.EndpointHandlerMapping     : Mapped "{[/dump || /dump.json],methods=[GET],produces=[application/vnd.spring-boot.actuator.v1+json || application/json]}" onto public java.lang.Object org.springframework.boot.actuate.endpoint.mvc.EndpointMvcAdapter.invoke()
2018-12-22 13:23:48.532  INFO 11736 --- [           main] o.s.b.a.e.mvc.EndpointHandlerMapping     : Mapped "{[/heapdump || /heapdump.json],methods=[GET],produces=[application/octet-stream]}" onto public void org.springframework.boot.actuate.endpoint.mvc.HeapdumpMvcEndpoint.invoke(boolean,javax.servlet.http.HttpServletRequest,javax.servlet.http.HttpServletResponse) throws java.io.IOException,javax.servlet.ServletException
2018-12-22 13:23:48.532  INFO 11736 --- [           main] o.s.b.a.e.mvc.EndpointHandlerMapping     : Mapped "{[/trace || /trace.json],methods=[GET],produces=[application/vnd.spring-boot.actuator.v1+json || application/json]}" onto public java.lang.Object org.springframework.boot.actuate.endpoint.mvc.EndpointMvcAdapter.invoke()
2018-12-22 13:23:48.532  INFO 11736 --- [           main] o.s.b.a.e.mvc.EndpointHandlerMapping     : Mapped "{[/info || /info.json],methods=[GET],produces=[application/vnd.spring-boot.actuator.v1+json || application/json]}" onto public java.lang.Object org.springframework.boot.actuate.endpoint.mvc.EndpointMvcAdapter.invoke()
2018-12-22 13:23:48.532  INFO 11736 --- [           main] o.s.b.a.e.mvc.EndpointHandlerMapping     : Mapped "{[/health || /health.json],methods=[GET],produces=[application/vnd.spring-boot.actuator.v1+json || application/json]}" onto public java.lang.Object org.springframework.boot.actuate.endpoint.mvc.HealthMvcEndpoint.invoke(javax.servlet.http.HttpServletRequest,java.security.Principal)
2018-12-22 13:23:48.533  INFO 11736 --- [           main] o.s.b.a.e.mvc.EndpointHandlerMapping     : Mapped "{[/env/{name:.*}],methods=[GET],produces=[application/vnd.spring-boot.actuator.v1+json || application/json]}" onto public java.lang.Object org.springframework.boot.actuate.endpoint.mvc.EnvironmentMvcEndpoint.value(java.lang.String)
2018-12-22 13:23:48.533  INFO 11736 --- [           main] o.s.b.a.e.mvc.EndpointHandlerMapping     : Mapped "{[/env || /env.json],methods=[GET],produces=[application/vnd.spring-boot.actuator.v1+json || application/json]}" onto public java.lang.Object org.springframework.boot.actuate.endpoint.mvc.EndpointMvcAdapter.invoke()
2018-12-22 13:23:48.638 ERROR 11736 --- [           main] o.a.coyote.http11.Http11NioProtocol      : Failed to start end point associated with ProtocolHandler ["http-nio-8080"]

java.net.BindException: Address already in use: bind
	at sun.nio.ch.Net.bind0(Native Method) ~[na:1.8.0_191]
	at sun.nio.ch.Net.bind(Net.java:433) ~[na:1.8.0_191]
	at sun.nio.ch.Net.bind(Net.java:425) ~[na:1.8.0_191]
	at sun.nio.ch.ServerSocketChannelImpl.bind(ServerSocketChannelImpl.java:223) ~[na:1.8.0_191]
	at sun.nio.ch.ServerSocketAdaptor.bind(ServerSocketAdaptor.java:74) ~[na:1.8.0_191]
	at org.apache.tomcat.util.net.NioEndpoint.bind(NioEndpoint.java:210) ~[tomcat-embed-core-8.5.14.jar:8.5.14]
	at org.apache.tomcat.util.net.AbstractEndpoint.start(AbstractEndpoint.java:978) ~[tomcat-embed-core-8.5.14.jar:8.5.14]
	at org.apache.coyote.AbstractProtocol.start(AbstractProtocol.java:628) ~[tomcat-embed-core-8.5.14.jar:8.5.14]
	at org.apache.catalina.connector.Connector.startInternal(Connector.java:993) [tomcat-embed-core-8.5.14.jar:8.5.14]
	at org.apache.catalina.util.LifecycleBase.start(LifecycleBase.java:150) [tomcat-embed-core-8.5.14.jar:8.5.14]
	at org.apache.catalina.core.StandardService.addConnector(StandardService.java:225) [tomcat-embed-core-8.5.14.jar:8.5.14]
	at org.springframework.boot.context.embedded.tomcat.TomcatEmbeddedServletContainer.addPreviouslyRemovedConnectors(TomcatEmbeddedServletContainer.java:247) [spring-boot-1.5.3.RELEASE.jar:1.5.3.RELEASE]
	at org.springframework.boot.context.embedded.tomcat.TomcatEmbeddedServletContainer.start(TomcatEmbeddedServletContainer.java:190) [spring-boot-1.5.3.RELEASE.jar:1.5.3.RELEASE]
	at org.springframework.boot.context.embedded.EmbeddedWebApplicationContext.startEmbeddedServletContainer(EmbeddedWebApplicationContext.java:297) [spring-boot-1.5.3.RELEASE.jar:1.5.3.RELEASE]
	at org.springframework.boot.context.embedded.EmbeddedWebApplicationContext.finishRefresh(EmbeddedWebApplicationContext.java:145) [spring-boot-1.5.3.RELEASE.jar:1.5.3.RELEASE]
	at org.springframework.context.support.AbstractApplicationContext.refresh(AbstractApplicationContext.java:545) [spring-context-4.3.8.RELEASE.jar:4.3.8.RELEASE]
	at org.springframework.boot.context.embedded.EmbeddedWebApplicationContext.refresh(EmbeddedWebApplicationContext.java:122) [spring-boot-1.5.3.RELEASE.jar:1.5.3.RELEASE]
	at org.springframework.boot.SpringApplication.refresh(SpringApplication.java:737) [spring-boot-1.5.3.RELEASE.jar:1.5.3.RELEASE]
	at org.springframework.boot.SpringApplication.refreshContext(SpringApplication.java:370) [spring-boot-1.5.3.RELEASE.jar:1.5.3.RELEASE]
	at org.springframework.boot.SpringApplication.run(SpringApplication.java:314) [spring-boot-1.5.3.RELEASE.jar:1.5.3.RELEASE]
	at org.springframework.boot.test.context.SpringBootContextLoader.loadContext(SpringBootContextLoader.java:120) [spring-boot-test-1.5.3.RELEASE.jar:1.5.3.RELEASE]
	at org.springframework.test.context.cache.DefaultCacheAwareContextLoaderDelegate.loadContextInternal(DefaultCacheAwareContextLoaderDelegate.java:98) [spring-test-4.3.8.RELEASE.jar:4.3.8.RELEASE]
	at org.springframework.test.context.cache.DefaultCacheAwareContextLoaderDelegate.loadContext(DefaultCacheAwareContextLoaderDelegate.java:116) [spring-test-4.3.8.RELEASE.jar:4.3.8.RELEASE]
	at org.springframework.test.context.support.DefaultTestContext.getApplicationContext(DefaultTestContext.java:83) [spring-test-4.3.8.RELEASE.jar:4.3.8.RELEASE]
	at org.springframework.test.context.support.DependencyInjectionTestExecutionListener.injectDependencies(DependencyInjectionTestExecutionListener.java:117) [spring-test-4.3.8.RELEASE.jar:4.3.8.RELEASE]
	at org.springframework.test.context.support.DependencyInjectionTestExecutionListener.prepareTestInstance(DependencyInjectionTestExecutionListener.java:83) [spring-test-4.3.8.RELEASE.jar:4.3.8.RELEASE]
	at org.springframework.boot.test.autoconfigure.SpringBootDependencyInjectionTestExecutionListener.prepareTestInstance(SpringBootDependencyInjectionTestExecutionListener.java:44) [spring-boot-test-autoconfigure-1.5.3.RELEASE.jar:1.5.3.RELEASE]
	at org.springframework.test.context.TestContextManager.prepareTestInstance(TestContextManager.java:230) [spring-test-4.3.8.RELEASE.jar:4.3.8.RELEASE]
	at org.springframework.test.context.junit4.SpringJUnit4ClassRunner.createTest(SpringJUnit4ClassRunner.java:228) [spring-test-4.3.8.RELEASE.jar:4.3.8.RELEASE]
	at org.springframework.test.context.junit4.SpringJUnit4ClassRunner$1.runReflectiveCall(SpringJUnit4ClassRunner.java:287) [spring-test-4.3.8.RELEASE.jar:4.3.8.RELEASE]
	at org.junit.internal.runners.model.ReflectiveCallable.run(ReflectiveCallable.java:12) [junit-4.12.jar:4.12]
	at org.springframework.test.context.junit4.SpringJUnit4ClassRunner.methodBlock(SpringJUnit4ClassRunner.java:289) [spring-test-4.3.8.RELEASE.jar:4.3.8.RELEASE]
	at org.springframework.test.context.junit4.SpringJUnit4ClassRunner.runChild(SpringJUnit4ClassRunner.java:247) [spring-test-4.3.8.RELEASE.jar:4.3.8.RELEASE]
	at org.springframework.test.context.junit4.SpringJUnit4ClassRunner.runChild(SpringJUnit4ClassRunner.java:94) [spring-test-4.3.8.RELEASE.jar:4.3.8.RELEASE]
	at org.junit.runners.ParentRunner$3.run(ParentRunner.java:290) [junit-4.12.jar:4.12]
	at org.junit.runners.ParentRunner$1.schedule(ParentRunner.java:71) [junit-4.12.jar:4.12]
	at org.junit.runners.ParentRunner.runChildren(ParentRunner.java:288) [junit-4.12.jar:4.12]
	at org.junit.runners.ParentRunner.access$000(ParentRunner.java:58) [junit-4.12.jar:4.12]
	at org.junit.runners.ParentRunner$2.evaluate(ParentRunner.java:268) [junit-4.12.jar:4.12]
	at org.springframework.test.context.junit4.statements.RunBeforeTestClassCallbacks.evaluate(RunBeforeTestClassCallbacks.java:61) [spring-test-4.3.8.RELEASE.jar:4.3.8.RELEASE]
	at org.springframework.test.context.junit4.statements.RunAfterTestClassCallbacks.evaluate(RunAfterTestClassCallbacks.java:70) [spring-test-4.3.8.RELEASE.jar:4.3.8.RELEASE]
	at org.junit.runners.ParentRunner.run(ParentRunner.java:363) [junit-4.12.jar:4.12]
	at org.springframework.test.context.junit4.SpringJUnit4ClassRunner.run(SpringJUnit4ClassRunner.java:191) [spring-test-4.3.8.RELEASE.jar:4.3.8.RELEASE]
	at org.apache.maven.surefire.junit4.JUnit4Provider.execute(JUnit4Provider.java:365) [surefire-junit4-2.20.jar:2.20]
	at org.apache.maven.surefire.junit4.JUnit4Provider.executeWithRerun(JUnit4Provider.java:272) [surefire-junit4-2.20.jar:2.20]
	at org.apache.maven.surefire.junit4.JUnit4Provider.executeTestSet(JUnit4Provider.java:236) [surefire-junit4-2.20.jar:2.20]
	at org.apache.maven.surefire.junit4.JUnit4Provider.invoke(JUnit4Provider.java:159) [surefire-junit4-2.20.jar:2.20]
	at org.apache.maven.surefire.booter.ForkedBooter.invokeProviderInSameClassLoader(ForkedBooter.java:386) [surefire-booter-2.20.jar:2.20]
	at org.apache.maven.surefire.booter.ForkedBooter.runSuitesInProcess(ForkedBooter.java:323) [surefire-booter-2.20.jar:2.20]
	at org.apache.maven.surefire.booter.ForkedBooter.main(ForkedBooter.java:143) [surefire-booter-2.20.jar:2.20]

2018-12-22 13:23:48.639 ERROR 11736 --- [           main] o.apache.catalina.core.StandardService   : Failed to start connector [Connector[HTTP/1.1-8080]]

org.apache.catalina.LifecycleException: Failed to start component [Connector[HTTP/1.1-8080]]
	at org.apache.catalina.util.LifecycleBase.start(LifecycleBase.java:167) ~[tomcat-embed-core-8.5.14.jar:8.5.14]
	at org.apache.catalina.core.StandardService.addConnector(StandardService.java:225) ~[tomcat-embed-core-8.5.14.jar:8.5.14]
	at org.springframework.boot.context.embedded.tomcat.TomcatEmbeddedServletContainer.addPreviouslyRemovedConnectors(TomcatEmbeddedServletContainer.java:247) [spring-boot-1.5.3.RELEASE.jar:1.5.3.RELEASE]
	at org.springframework.boot.context.embedded.tomcat.TomcatEmbeddedServletContainer.start(TomcatEmbeddedServletContainer.java:190) [spring-boot-1.5.3.RELEASE.jar:1.5.3.RELEASE]
	at org.springframework.boot.context.embedded.EmbeddedWebApplicationContext.startEmbeddedServletContainer(EmbeddedWebApplicationContext.java:297) [spring-boot-1.5.3.RELEASE.jar:1.5.3.RELEASE]
	at org.springframework.boot.context.embedded.EmbeddedWebApplicationContext.finishRefresh(EmbeddedWebApplicationContext.java:145) [spring-boot-1.5.3.RELEASE.jar:1.5.3.RELEASE]
	at org.springframework.context.support.AbstractApplicationContext.refresh(AbstractApplicationContext.java:545) [spring-context-4.3.8.RELEASE.jar:4.3.8.RELEASE]
	at org.springframework.boot.context.embedded.EmbeddedWebApplicationContext.refresh(EmbeddedWebApplicationContext.java:122) [spring-boot-1.5.3.RELEASE.jar:1.5.3.RELEASE]
	at org.springframework.boot.SpringApplication.refresh(SpringApplication.java:737) [spring-boot-1.5.3.RELEASE.jar:1.5.3.RELEASE]
	at org.springframework.boot.SpringApplication.refreshContext(SpringApplication.java:370) [spring-boot-1.5.3.RELEASE.jar:1.5.3.RELEASE]
	at org.springframework.boot.SpringApplication.run(SpringApplication.java:314) [spring-boot-1.5.3.RELEASE.jar:1.5.3.RELEASE]
	at org.springframework.boot.test.context.SpringBootContextLoader.loadContext(SpringBootContextLoader.java:120) [spring-boot-test-1.5.3.RELEASE.jar:1.5.3.RELEASE]
	at org.springframework.test.context.cache.DefaultCacheAwareContextLoaderDelegate.loadContextInternal(DefaultCacheAwareContextLoaderDelegate.java:98) [spring-test-4.3.8.RELEASE.jar:4.3.8.RELEASE]
	at org.springframework.test.context.cache.DefaultCacheAwareContextLoaderDelegate.loadContext(DefaultCacheAwareContextLoaderDelegate.java:116) [spring-test-4.3.8.RELEASE.jar:4.3.8.RELEASE]
	at org.springframework.test.context.support.DefaultTestContext.getApplicationContext(DefaultTestContext.java:83) [spring-test-4.3.8.RELEASE.jar:4.3.8.RELEASE]
	at org.springframework.test.context.support.DependencyInjectionTestExecutionListener.injectDependencies(DependencyInjectionTestExecutionListener.java:117) [spring-test-4.3.8.RELEASE.jar:4.3.8.RELEASE]
	at org.springframework.test.context.support.DependencyInjectionTestExecutionListener.prepareTestInstance(DependencyInjectionTestExecutionListener.java:83) [spring-test-4.3.8.RELEASE.jar:4.3.8.RELEASE]
	at org.springframework.boot.test.autoconfigure.SpringBootDependencyInjectionTestExecutionListener.prepareTestInstance(SpringBootDependencyInjectionTestExecutionListener.java:44) [spring-boot-test-autoconfigure-1.5.3.RELEASE.jar:1.5.3.RELEASE]
	at org.springframework.test.context.TestContextManager.prepareTestInstance(TestContextManager.java:230) [spring-test-4.3.8.RELEASE.jar:4.3.8.RELEASE]
	at org.springframework.test.context.junit4.SpringJUnit4ClassRunner.createTest(SpringJUnit4ClassRunner.java:228) [spring-test-4.3.8.RELEASE.jar:4.3.8.RELEASE]
	at org.springframework.test.context.junit4.SpringJUnit4ClassRunner$1.runReflectiveCall(SpringJUnit4ClassRunner.java:287) [spring-test-4.3.8.RELEASE.jar:4.3.8.RELEASE]
	at org.junit.internal.runners.model.ReflectiveCallable.run(ReflectiveCallable.java:12) [junit-4.12.jar:4.12]
	at org.springframework.test.context.junit4.SpringJUnit4ClassRunner.methodBlock(SpringJUnit4ClassRunner.java:289) [spring-test-4.3.8.RELEASE.jar:4.3.8.RELEASE]
	at org.springframework.test.context.junit4.SpringJUnit4ClassRunner.runChild(SpringJUnit4ClassRunner.java:247) [spring-test-4.3.8.RELEASE.jar:4.3.8.RELEASE]
	at org.springframework.test.context.junit4.SpringJUnit4ClassRunner.runChild(SpringJUnit4ClassRunner.java:94) [spring-test-4.3.8.RELEASE.jar:4.3.8.RELEASE]
	at org.junit.runners.ParentRunner$3.run(ParentRunner.java:290) [junit-4.12.jar:4.12]
	at org.junit.runners.ParentRunner$1.schedule(ParentRunner.java:71) [junit-4.12.jar:4.12]
	at org.junit.runners.ParentRunner.runChildren(ParentRunner.java:288) [junit-4.12.jar:4.12]
	at org.junit.runners.ParentRunner.access$000(ParentRunner.java:58) [junit-4.12.jar:4.12]
	at org.junit.runners.ParentRunner$2.evaluate(ParentRunner.java:268) [junit-4.12.jar:4.12]
	at org.springframework.test.context.junit4.statements.RunBeforeTestClassCallbacks.evaluate(RunBeforeTestClassCallbacks.java:61) [spring-test-4.3.8.RELEASE.jar:4.3.8.RELEASE]
	at org.springframework.test.context.junit4.statements.RunAfterTestClassCallbacks.evaluate(RunAfterTestClassCallbacks.java:70) [spring-test-4.3.8.RELEASE.jar:4.3.8.RELEASE]
	at org.junit.runners.ParentRunner.run(ParentRunner.java:363) [junit-4.12.jar:4.12]
	at org.springframework.test.context.junit4.SpringJUnit4ClassRunner.run(SpringJUnit4ClassRunner.java:191) [spring-test-4.3.8.RELEASE.jar:4.3.8.RELEASE]
	at org.apache.maven.surefire.junit4.JUnit4Provider.execute(JUnit4Provider.java:365) [surefire-junit4-2.20.jar:2.20]
	at org.apache.maven.surefire.junit4.JUnit4Provider.executeWithRerun(JUnit4Provider.java:272) [surefire-junit4-2.20.jar:2.20]
	at org.apache.maven.surefire.junit4.JUnit4Provider.executeTestSet(JUnit4Provider.java:236) [surefire-junit4-2.20.jar:2.20]
	at org.apache.maven.surefire.junit4.JUnit4Provider.invoke(JUnit4Provider.java:159) [surefire-junit4-2.20.jar:2.20]
	at org.apache.maven.surefire.booter.ForkedBooter.invokeProviderInSameClassLoader(ForkedBooter.java:386) [surefire-booter-2.20.jar:2.20]
	at org.apache.maven.surefire.booter.ForkedBooter.runSuitesInProcess(ForkedBooter.java:323) [surefire-booter-2.20.jar:2.20]
	at org.apache.maven.surefire.booter.ForkedBooter.main(ForkedBooter.java:143) [surefire-booter-2.20.jar:2.20]
Caused by: org.apache.catalina.LifecycleException: service.getName(): "Tomcat";  Protocol handler start failed
	at org.apache.catalina.connector.Connector.startInternal(Connector.java:1000) ~[tomcat-embed-core-8.5.14.jar:8.5.14]
	at org.apache.catalina.util.LifecycleBase.start(LifecycleBase.java:150) ~[tomcat-embed-core-8.5.14.jar:8.5.14]
	... 40 common frames omitted
Caused by: java.net.BindException: Address already in use: bind
	at sun.nio.ch.Net.bind0(Native Method) ~[na:1.8.0_191]
	at sun.nio.ch.Net.bind(Net.java:433) ~[na:1.8.0_191]
	at sun.nio.ch.Net.bind(Net.java:425) ~[na:1.8.0_191]
	at sun.nio.ch.ServerSocketChannelImpl.bind(ServerSocketChannelImpl.java:223) ~[na:1.8.0_191]
	at sun.nio.ch.ServerSocketAdaptor.bind(ServerSocketAdaptor.java:74) ~[na:1.8.0_191]
	at org.apache.tomcat.util.net.NioEndpoint.bind(NioEndpoint.java:210) ~[tomcat-embed-core-8.5.14.jar:8.5.14]
	at org.apache.tomcat.util.net.AbstractEndpoint.start(AbstractEndpoint.java:978) ~[tomcat-embed-core-8.5.14.jar:8.5.14]
	at org.apache.coyote.AbstractProtocol.start(AbstractProtocol.java:628) ~[tomcat-embed-core-8.5.14.jar:8.5.14]
	at org.apache.catalina.connector.Connector.startInternal(Connector.java:993) ~[tomcat-embed-core-8.5.14.jar:8.5.14]
	... 41 common frames omitted

2018-12-22 13:23:48.829  INFO 11736 --- [           main] o.apache.catalina.core.StandardService   : Stopping service Tomcat
2018-12-22 13:23:48.834  INFO 11736 --- [           main] utoConfigurationReportLoggingInitializer : 

Error starting ApplicationContext. To display the auto-configuration report re-run your application with 'debug' enabled.
2018-12-22 13:23:48.835 ERROR 11736 --- [           main] o.s.b.d.LoggingFailureAnalysisReporter   : 

***************************
APPLICATION FAILED TO START
***************************

Description:

The Tomcat connector configured to listen on port 8080 failed to start. The port may already be in use or the connector may be misconfigured.

Action:

Verify the connector's configuration, identify and stop any process that's listening on port 8080, or configure this application to listen on another port.

2018-12-22 13:23:48.835  INFO 11736 --- [           main] ationConfigEmbeddedWebApplicationContext : Closing org.springframework.boot.context.embedded.AnnotationConfigEmbeddedWebApplicationContext@5f403df2: startup date [Sat Dec 22 13:23:46 IST 2018]; root of context hierarchy
2018-12-22 13:23:48.837  INFO 11736 --- [           main] o.z.vogon.web.PersistenceConfiguration   : Unloading JDBC drivers
2018-12-22 13:23:48.837  INFO 11736 --- [           main] j.LocalContainerEntityManagerFactoryBean : Closing JPA EntityManagerFactory for persistence unit 'VogonPU'
2018-12-22 13:23:48.837  INFO 11736 --- [           main] org.hibernate.orm.connections.pooling    : HHH10001008: Cleaning up connection pool [jdbc:h2:mem:test]

  .   ____          _            __ _ _
 /\\ / ___'_ __ _ _(_)_ __  __ _ \ \ \ \
( ( )\___ | '_ | '_| | '_ \/ _` | \ \ \ \
 \\/  ___)| |_)| | | | | || (_| |  ) ) ) )
  '  |____| .__|_| |_|_| |_\__, | / / / /
 =========|_|==============|___/=/_/_/_/
 :: Spring Boot ::        (v1.5.3.RELEASE)

2018-12-22 13:23:48.877  INFO 11736 --- [           main] o.z.v.w.TransactionsControllerWriteTest  : Starting TransactionsControllerWriteTest on GOPAL with PID 11736 (started by GOPAL$ in C:\Program Files (x86)\Jenkins\workspace\Maven_project\vogon-web)
2018-12-22 13:23:48.878  INFO 11736 --- [           main] o.z.v.w.TransactionsControllerWriteTest  : No active profile set, falling back to default profiles: default
2018-12-22 13:23:48.880  INFO 11736 --- [           main] ationConfigEmbeddedWebApplicationContext : Refreshing org.springframework.boot.context.embedded.AnnotationConfigEmbeddedWebApplicationContext@6404452f: startup date [Sat Dec 22 13:23:48 IST 2018]; root of context hierarchy
2018-12-22 13:23:49.222  INFO 11736 --- [           main] o.s.b.f.s.DefaultListableBeanFactory     : Overriding bean definition for bean 'entityManagerFactory' with a different definition: replacing [Root bean: class [null]; scope=; abstract=false; lazyInit=false; autowireMode=3; dependencyCheck=0; autowireCandidate=true; primary=false; factoryBeanName=persistenceConfiguration; factoryMethodName=entityManagerFactory; initMethodName=null; destroyMethodName=(inferred); defined in class path resource [org/zlogic/vogon/web/PersistenceConfiguration.class]] with [Root bean: class [null]; scope=; abstract=false; lazyInit=false; autowireMode=3; dependencyCheck=0; autowireCandidate=true; primary=false; factoryBeanName=databaseConfiguration; factoryMethodName=entityManagerFactory; initMethodName=null; destroyMethodName=(inferred); defined in org.zlogic.vogon.web.DatabaseConfiguration]
2018-12-22 13:23:49.396  INFO 11736 --- [           main] trationDelegate$BeanPostProcessorChecker : Bean 'org.springframework.security.config.annotation.configuration.ObjectPostProcessorConfiguration' of type [org.springframework.security.config.annotation.configuration.ObjectPostProcessorConfiguration$$EnhancerBySpringCGLIB$$be8c3acc] is not eligible for getting processed by all BeanPostProcessors (for example: not eligible for auto-proxying)
2018-12-22 13:23:49.400  INFO 11736 --- [           main] trationDelegate$BeanPostProcessorChecker : Bean 'objectPostProcessor' of type [org.springframework.security.config.annotation.configuration.AutowireBeanFactoryObjectPostProcessor] is not eligible for getting processed by all BeanPostProcessors (for example: not eligible for auto-proxying)
2018-12-22 13:23:49.401  INFO 11736 --- [           main] trationDelegate$BeanPostProcessorChecker : Bean 'org.springframework.security.access.expression.method.DefaultMethodSecurityExpressionHandler@4d5567d1' of type [org.springframework.security.oauth2.provider.expression.OAuth2MethodSecurityExpressionHandler] is not eligible for getting processed by all BeanPostProcessors (for example: not eligible for auto-proxying)
2018-12-22 13:23:49.406  INFO 11736 --- [           main] trationDelegate$BeanPostProcessorChecker : Bean 'org.springframework.security.config.annotation.method.configuration.GlobalMethodSecurityConfiguration' of type [org.springframework.security.config.annotation.method.configuration.GlobalMethodSecurityConfiguration$$EnhancerBySpringCGLIB$$e360dd7e] is not eligible for getting processed by all BeanPostProcessors (for example: not eligible for auto-proxying)
2018-12-22 13:23:49.406  INFO 11736 --- [           main] trationDelegate$BeanPostProcessorChecker : Bean 'methodSecurityMetadataSource' of type [org.springframework.security.access.method.DelegatingMethodSecurityMetadataSource] is not eligible for getting processed by all BeanPostProcessors (for example: not eligible for auto-proxying)
2018-12-22 13:23:49.406  INFO 11736 --- [           main] trationDelegate$BeanPostProcessorChecker : Bean 'org.springframework.transaction.annotation.ProxyTransactionManagementConfiguration' of type [org.springframework.transaction.annotation.ProxyTransactionManagementConfiguration$$EnhancerBySpringCGLIB$$25de7292] is not eligible for getting processed by all BeanPostProcessors (for example: not eligible for auto-proxying)
2018-12-22 13:23:49.421  INFO 11736 --- [           main] trationDelegate$BeanPostProcessorChecker : Bean 'security.oauth2.client-org.springframework.boot.autoconfigure.security.oauth2.OAuth2ClientProperties' of type [org.springframework.boot.autoconfigure.security.oauth2.OAuth2ClientProperties] is not eligible for getting processed by all BeanPostProcessors (for example: not eligible for auto-proxying)
2018-12-22 13:23:49.421  INFO 11736 --- [           main] trationDelegate$BeanPostProcessorChecker : Bean 'org.springframework.boot.autoconfigure.security.oauth2.OAuth2AutoConfiguration' of type [org.springframework.boot.autoconfigure.security.oauth2.OAuth2AutoConfiguration$$EnhancerBySpringCGLIB$$dd282e92] is not eligible for getting processed by all BeanPostProcessors (for example: not eligible for auto-proxying)
2018-12-22 13:23:49.437  INFO 11736 --- [           main] trationDelegate$BeanPostProcessorChecker : Bean 'resourceServerProperties' of type [org.springframework.boot.autoconfigure.security.oauth2.resource.ResourceServerProperties] is not eligible for getting processed by all BeanPostProcessors (for example: not eligible for auto-proxying)
2018-12-22 13:23:49.486  INFO 11736 --- [           main] org.zlogic.vogon.web.TomcatConfigurer    : Using keystore C:\Program Files (x86)\Jenkins\workspace\Maven_project\vogon-web\target/vogonweb.keystore with password ********
2018-12-22 13:23:49.505  INFO 11736 --- [           main] s.b.c.e.t.TomcatEmbeddedServletContainer : Tomcat initialized with port(s): 8080 (http) 8443 (https)
2018-12-22 13:23:49.505  INFO 11736 --- [           main] o.apache.catalina.core.StandardService   : Starting service Tomcat
2018-12-22 13:23:49.505  INFO 11736 --- [           main] org.apache.catalina.core.StandardEngine  : Starting Servlet Engine: Apache Tomcat/8.5.14
2018-12-22 13:23:49.573  INFO 11736 --- [ost-startStop-1] org.apache.jasper.servlet.TldScanner     : At least one JAR was scanned for TLDs yet contained no TLDs. Enable debug logging for this logger for a complete list of JARs that were scanned but no TLDs were found in them. Skipping unneeded JARs during scanning can improve startup time and JSP compilation time.
2018-12-22 13:23:49.573  INFO 11736 --- [ost-startStop-1] o.a.c.c.C.[Tomcat-139].[localhost].[/]   : Initializing Spring embedded WebApplicationContext
2018-12-22 13:23:49.573  INFO 11736 --- [ost-startStop-1] o.s.web.context.ContextLoader            : Root WebApplicationContext: initialization completed in 693 ms
2018-12-22 13:23:49.785  INFO 11736 --- [ost-startStop-1] o.s.b.w.servlet.FilterRegistrationBean   : Mapping filter: 'metricsFilter' to: [/*]
2018-12-22 13:23:49.785  INFO 11736 --- [ost-startStop-1] o.s.b.w.servlet.FilterRegistrationBean   : Mapping filter: 'characterEncodingFilter' to: [/*]
2018-12-22 13:23:49.785  INFO 11736 --- [ost-startStop-1] o.s.b.w.servlet.FilterRegistrationBean   : Mapping filter: 'hiddenHttpMethodFilter' to: [/*]
2018-12-22 13:23:49.785  INFO 11736 --- [ost-startStop-1] o.s.b.w.servlet.FilterRegistrationBean   : Mapping filter: 'httpPutFormContentFilter' to: [/*]
2018-12-22 13:23:49.785  INFO 11736 --- [ost-startStop-1] o.s.b.w.servlet.FilterRegistrationBean   : Mapping filter: 'requestContextFilter' to: [/*]
2018-12-22 13:23:49.785  INFO 11736 --- [ost-startStop-1] .s.DelegatingFilterProxyRegistrationBean : Mapping filter: 'springSecurityFilterChain' to: [/*]
2018-12-22 13:23:49.785  INFO 11736 --- [ost-startStop-1] o.s.b.w.servlet.FilterRegistrationBean   : Mapping filter: 'webRequestLoggingFilter' to: [/*]
2018-12-22 13:23:49.785  INFO 11736 --- [ost-startStop-1] o.s.b.w.servlet.FilterRegistrationBean   : Mapping filter: 'applicationContextIdFilter' to: [/*]
2018-12-22 13:23:49.785  INFO 11736 --- [ost-startStop-1] o.s.b.w.servlet.ServletRegistrationBean  : Mapping servlet: 'dispatcherServlet' to [/]
2018-12-22 13:23:49.797  INFO 11736 --- [           main] j.LocalContainerEntityManagerFactoryBean : Building JPA container EntityManagerFactory for persistence unit 'VogonPU'
2018-12-22 13:23:49.797  INFO 11736 --- [           main] o.hibernate.jpa.internal.util.LogHelper  : HHH000204: Processing PersistenceUnitInfo [
	name: VogonPU
	...]
2018-12-22 13:23:49.801  WARN 11736 --- [           main] org.hibernate.orm.connections.pooling    : HHH10001002: Using Hibernate built-in connection pool (not for production use!)
2018-12-22 13:23:49.801  INFO 11736 --- [           main] org.hibernate.orm.connections.pooling    : HHH10001005: using driver [org.h2.Driver] at URL [jdbc:h2:mem:test]
2018-12-22 13:23:49.801  INFO 11736 --- [           main] org.hibernate.orm.connections.pooling    : HHH10001001: Connection properties: {}
2018-12-22 13:23:49.801  INFO 11736 --- [           main] org.hibernate.orm.connections.pooling    : HHH10001003: Autocommit mode: false
2018-12-22 13:23:49.801  INFO 11736 --- [           main] .c.i.DriverManagerConnectionProviderImpl : HHH000115: Hibernate connection pool size: 20 (min=1)
2018-12-22 13:23:49.802  INFO 11736 --- [           main] org.hibernate.dialect.Dialect            : HHH000400: Using dialect: org.hibernate.dialect.H2Dialect
2018-12-22 13:23:49.813  INFO 11736 --- [           main] org.hibernate.orm.connections.access     : HHH10001501: Connection obtained from JdbcConnectionAccess [org.hibernate.engine.jdbc.env.internal.JdbcEnvironmentInitiator$ConnectionProviderJdbcConnectionAccess@4e30b6a6] for (non-JTA) DDL execution was not in auto-commit mode; the Connection 'local transaction' will be committed and the Connection will be set into auto-commit mode.
2018-12-22 13:23:49.819  INFO 11736 --- [           main] j.LocalContainerEntityManagerFactoryBean : Initialized JPA EntityManagerFactory for persistence unit 'VogonPU'
2018-12-22 13:23:50.105  INFO 11736 --- [           main] .s.o.p.e.FrameworkEndpointHandlerMapping : Mapped "{[/oauth/authorize]}" onto public org.springframework.web.servlet.ModelAndView org.springframework.security.oauth2.provider.endpoint.AuthorizationEndpoint.authorize(java.util.Map<java.lang.String, java.lang.Object>,java.util.Map<java.lang.String, java.lang.String>,org.springframework.web.bind.support.SessionStatus,java.security.Principal)
2018-12-22 13:23:50.105  INFO 11736 --- [           main] .s.o.p.e.FrameworkEndpointHandlerMapping : Mapped "{[/oauth/authorize],methods=[POST],params=[user_oauth_approval]}" onto public org.springframework.web.servlet.View org.springframework.security.oauth2.provider.endpoint.AuthorizationEndpoint.approveOrDeny(java.util.Map<java.lang.String, java.lang.String>,java.util.Map<java.lang.String, ?>,org.springframework.web.bind.support.SessionStatus,java.security.Principal)
2018-12-22 13:23:50.105  INFO 11736 --- [           main] .s.o.p.e.FrameworkEndpointHandlerMapping : Mapped "{[/oauth/token],methods=[GET]}" onto public org.springframework.http.ResponseEntity<org.springframework.security.oauth2.common.OAuth2AccessToken> org.springframework.security.oauth2.provider.endpoint.TokenEndpoint.getAccessToken(java.security.Principal,java.util.Map<java.lang.String, java.lang.String>) throws org.springframework.web.HttpRequestMethodNotSupportedException
2018-12-22 13:23:50.105  INFO 11736 --- [           main] .s.o.p.e.FrameworkEndpointHandlerMapping : Mapped "{[/oauth/token],methods=[POST]}" onto public org.springframework.http.ResponseEntity<org.springframework.security.oauth2.common.OAuth2AccessToken> org.springframework.security.oauth2.provider.endpoint.TokenEndpoint.postAccessToken(java.security.Principal,java.util.Map<java.lang.String, java.lang.String>) throws org.springframework.web.HttpRequestMethodNotSupportedException
2018-12-22 13:23:50.105  INFO 11736 --- [           main] .s.o.p.e.FrameworkEndpointHandlerMapping : Mapped "{[/oauth/check_token]}" onto public java.util.Map<java.lang.String, ?> org.springframework.security.oauth2.provider.endpoint.CheckTokenEndpoint.checkToken(java.lang.String)
2018-12-22 13:23:50.105  INFO 11736 --- [           main] .s.o.p.e.FrameworkEndpointHandlerMapping : Mapped "{[/oauth/confirm_access]}" onto public org.springframework.web.servlet.ModelAndView org.springframework.security.oauth2.provider.endpoint.WhitelabelApprovalEndpoint.getAccessConfirmation(java.util.Map<java.lang.String, java.lang.Object>,javax.servlet.http.HttpServletRequest) throws java.lang.Exception
2018-12-22 13:23:50.105  INFO 11736 --- [           main] .s.o.p.e.FrameworkEndpointHandlerMapping : Mapped "{[/oauth/error]}" onto public org.springframework.web.servlet.ModelAndView org.springframework.security.oauth2.provider.endpoint.WhitelabelErrorEndpoint.handleError(javax.servlet.http.HttpServletRequest)
2018-12-22 13:23:50.309  INFO 11736 --- [           main] o.s.s.web.DefaultSecurityFilterChain     : Creating filter chain: OrRequestMatcher [requestMatchers=[Ant [pattern='/oauth/token'], Ant [pattern='/oauth/token_key'], Ant [pattern='/oauth/check_token']]], [org.springframework.security.web.context.request.async.WebAsyncManagerIntegrationFilter@4bc9af2f, org.springframework.security.web.context.SecurityContextPersistenceFilter@6cddc3b4, org.springframework.security.web.header.HeaderWriterFilter@39e3bef7, org.springframework.security.web.authentication.logout.LogoutFilter@1ce6f797, org.springframework.security.oauth2.provider.client.ClientCredentialsTokenEndpointFilter@75981432, org.springframework.security.web.authentication.www.BasicAuthenticationFilter@5b7d674e, org.springframework.security.web.savedrequest.RequestCacheAwareFilter@4e0652a4, org.springframework.security.web.servletapi.SecurityContextHolderAwareRequestFilter@6a364995, org.springframework.security.web.authentication.AnonymousAuthenticationFilter@58d7a410, org.springframework.security.web.session.SessionManagementFilter@36c81dd1, org.springframework.security.web.access.ExceptionTranslationFilter@125615ee, org.springframework.security.web.access.intercept.FilterSecurityInterceptor@1b20585e]
2018-12-22 13:23:50.310  INFO 11736 --- [           main] o.s.s.web.DefaultSecurityFilterChain     : Creating filter chain: org.springframework.boot.actuate.autoconfigure.ManagementWebSecurityAutoConfiguration$LazyEndpointPathRequestMatcher@6ffa860a, [org.springframework.security.web.context.request.async.WebAsyncManagerIntegrationFilter@2ed8670, org.springframework.security.web.context.SecurityContextPersistenceFilter@1f44a5ec, org.springframework.security.web.header.HeaderWriterFilter@6bcefb7c, org.springframework.security.web.authentication.logout.LogoutFilter@5c568eda, org.springframework.security.web.authentication.www.BasicAuthenticationFilter@6960340c, org.springframework.security.web.savedrequest.RequestCacheAwareFilter@22e254e0, org.springframework.security.web.servletapi.SecurityContextHolderAwareRequestFilter@3eeb4edb, org.springframework.security.web.authentication.AnonymousAuthenticationFilter@636af749, org.springframework.security.web.session.SessionManagementFilter@b1d2854, org.springframework.security.web.access.ExceptionTranslationFilter@117919d, org.springframework.security.web.access.intercept.FilterSecurityInterceptor@29990ff3]
2018-12-22 13:23:50.331  INFO 11736 --- [           main] o.s.s.w.a.c.ChannelProcessingFilter      : Validated configuration attributes
2018-12-22 13:23:50.335  INFO 11736 --- [           main] o.s.s.web.DefaultSecurityFilterChain     : Creating filter chain: org.springframework.security.oauth2.config.annotation.web.configuration.ResourceServerConfiguration$NotOAuthRequestMatcher@4a31a7d2, [org.springframework.security.web.access.channel.ChannelProcessingFilter@73917f9e, org.springframework.security.web.context.request.async.WebAsyncManagerIntegrationFilter@3a1d22c, org.springframework.security.web.context.SecurityContextPersistenceFilter@f845e1c, org.springframework.security.web.header.HeaderWriterFilter@1a6d6b7e, org.springframework.security.web.authentication.logout.LogoutFilter@7d5adf1e, org.springframework.security.oauth2.provider.authentication.OAuth2AuthenticationProcessingFilter@61cd2a51, org.springframework.security.web.savedrequest.RequestCacheAwareFilter@1502319d, org.springframework.security.web.servletapi.SecurityContextHolderAwareRequestFilter@64458ed8, org.springframework.security.web.authentication.AnonymousAuthenticationFilter@1d840a41, org.springframework.security.web.session.SessionManagementFilter@4e9ae385, org.springframework.security.web.access.ExceptionTranslationFilter@59487a93, org.springframework.security.web.access.intercept.FilterSecurityInterceptor@74821f9e]
2018-12-22 13:23:50.457  INFO 11736 --- [           main] s.w.s.m.m.a.RequestMappingHandlerAdapter : Looking for @ControllerAdvice: org.springframework.boot.context.embedded.AnnotationConfigEmbeddedWebApplicationContext@6404452f: startup date [Sat Dec 22 13:23:48 IST 2018]; root of context hierarchy
2018-12-22 13:23:50.471  INFO 11736 --- [           main] s.w.s.m.m.a.RequestMappingHandlerMapping : Mapped "{[/service/accounts],methods=[GET],produces=[application/json]}" onto public java.util.Collection<org.zlogic.vogon.data.FinanceAccount> org.zlogic.vogon.web.controller.AccountsController.getAllAccounts(org.zlogic.vogon.web.security.VogonSecurityUser)
2018-12-22 13:23:50.471  INFO 11736 --- [           main] s.w.s.m.m.a.RequestMappingHandlerMapping : Mapped "{[/service/accounts],methods=[POST],produces=[application/json]}" onto public java.util.Collection<org.zlogic.vogon.data.FinanceAccount> org.zlogic.vogon.web.controller.AccountsController.updateAccounts(java.util.Collection<org.zlogic.vogon.data.FinanceAccount>,org.zlogic.vogon.web.security.VogonSecurityUser)
2018-12-22 13:23:50.471  INFO 11736 --- [           main] s.w.s.m.m.a.RequestMappingHandlerMapping : Mapped "{[/service/analytics/tags],methods=[GET],produces=[application/json]}" onto public java.util.Set<java.lang.String> org.zlogic.vogon.web.controller.AnalyticsController.getAllTags(org.zlogic.vogon.web.security.VogonSecurityUser)
2018-12-22 13:23:50.471  INFO 11736 --- [           main] s.w.s.m.m.a.RequestMappingHandlerMapping : Mapped "{[/service/analytics],methods=[POST],produces=[application/json]}" onto public java.util.Map<java.lang.String, org.zlogic.vogon.data.report.Report> org.zlogic.vogon.web.controller.AnalyticsController.getReport(org.zlogic.vogon.data.report.ReportFactory,org.zlogic.vogon.web.security.VogonSecurityUser)
2018-12-22 13:23:50.471  INFO 11736 --- [           main] s.w.s.m.m.a.RequestMappingHandlerMapping : Mapped "{[/service/currencies],methods=[GET],produces=[application/json]}" onto public java.util.Collection<org.zlogic.vogon.web.data.model.CurrencyDetails> org.zlogic.vogon.web.controller.CurrenciesController.getAllCurrencies()
2018-12-22 13:23:50.471  INFO 11736 --- [           main] s.w.s.m.m.a.RequestMappingHandlerMapping : Mapped "{[/service/export],methods=[GET || POST]}" onto public org.springframework.http.HttpEntity<byte[]> org.zlogic.vogon.web.controller.DataController.exportDataJSON(org.zlogic.vogon.web.security.VogonSecurityUser) throws java.lang.RuntimeException
2018-12-22 13:23:50.471  INFO 11736 --- [           main] s.w.s.m.m.a.RequestMappingHandlerMapping : Mapped "{[/service/import],methods=[POST],consumes=[multipart/form-data],produces=[application/json]}" onto public java.lang.Boolean org.zlogic.vogon.web.controller.DataController.importData(org.springframework.web.multipart.MultipartFile,org.zlogic.vogon.web.security.VogonSecurityUser) throws java.lang.RuntimeException
2018-12-22 13:23:50.471  INFO 11736 --- [           main] s.w.s.m.m.a.RequestMappingHandlerMapping : Mapped "{[/fragments/{fragment}.fragment]}" onto public org.springframework.web.servlet.ModelAndView org.zlogic.vogon.web.controller.JspController.fragmentModelAndView(java.lang.String)
2018-12-22 13:23:50.471  INFO 11736 --- [           main] s.w.s.m.m.a.RequestMappingHandlerMapping : Mapped "{[/]}" onto public org.springframework.web.servlet.ModelAndView org.zlogic.vogon.web.controller.JspController.indexModelAndView()
2018-12-22 13:23:50.471  INFO 11736 --- [           main] s.w.s.m.m.a.RequestMappingHandlerMapping : Mapped "{[/oauth/logout],methods=[POST]}" onto public void org.zlogic.vogon.web.controller.LogoutController.logout(org.springframework.security.oauth2.provider.OAuth2Authentication) throws org.zlogic.vogon.web.security.UsernameExistsException
2018-12-22 13:23:50.471  INFO 11736 --- [           main] s.w.s.m.m.a.RequestMappingHandlerMapping : Mapped "{[/register],methods=[POST],produces=[application/json]}" onto public org.zlogic.vogon.data.VogonUser org.zlogic.vogon.web.controller.RegistrationController.register(org.zlogic.vogon.data.VogonUser) throws org.zlogic.vogon.web.security.UsernameExistsException
2018-12-22 13:23:50.471  INFO 11736 --- [           main] s.w.s.m.m.a.RequestMappingHandlerMapping : Mapped "{[/service/transactions/transaction/{id}],methods=[GET],produces=[application/json]}" onto public org.zlogic.vogon.web.data.model.FinanceTransactionJson org.zlogic.vogon.web.controller.TransactionsController.getTransaction(long,org.zlogic.vogon.web.security.VogonSecurityUser)
2018-12-22 13:23:50.471  INFO 11736 --- [           main] s.w.s.m.m.a.RequestMappingHandlerMapping : Mapped "{[/service/transactions],methods=[GET],produces=[application/json]}" onto public java.util.Collection<org.zlogic.vogon.web.data.model.FinanceTransactionJson> org.zlogic.vogon.web.controller.TransactionsController.getTransactions(java.lang.Integer,org.zlogic.vogon.web.controller.TransactionsController$SortColumn,org.springframework.data.domain.Sort$Direction,java.lang.String,java.util.Date,java.util.Collection<java.lang.String>,org.zlogic.vogon.web.security.VogonSecurityUser)
2018-12-22 13:23:50.471  INFO 11736 --- [           main] s.w.s.m.m.a.RequestMappingHandlerMapping : Mapped "{[/service/transactions],methods=[POST],produces=[application/json]}" onto public org.zlogic.vogon.web.data.model.FinanceTransactionJson org.zlogic.vogon.web.controller.TransactionsController.submitTransaction(org.zlogic.vogon.web.data.model.FinanceTransactionJson,org.zlogic.vogon.web.security.VogonSecurityUser)
2018-12-22 13:23:50.471  INFO 11736 --- [           main] s.w.s.m.m.a.RequestMappingHandlerMapping : Mapped "{[/service/transactions/pages],methods=[GET],produces=[application/json]}" onto public long org.zlogic.vogon.web.controller.TransactionsController.getTransactionsCount(org.zlogic.vogon.web.security.VogonSecurityUser)
2018-12-22 13:23:50.471  INFO 11736 --- [           main] s.w.s.m.m.a.RequestMappingHandlerMapping : Mapped "{[/service/transactions/transaction/{id}],methods=[DELETE],produces=[application/json]}" onto public org.zlogic.vogon.web.data.model.FinanceTransactionJson org.zlogic.vogon.web.controller.TransactionsController.deleteTransaction(long,org.zlogic.vogon.web.security.VogonSecurityUser)
2018-12-22 13:23:50.471  INFO 11736 --- [           main] s.w.s.m.m.a.RequestMappingHandlerMapping : Mapped "{[/service/user],methods=[POST],produces=[application/json]}" onto public org.zlogic.vogon.data.VogonUser org.zlogic.vogon.web.controller.UsersController.submitUser(org.zlogic.vogon.data.VogonUser,org.zlogic.vogon.web.security.VogonSecurityUser) throws org.zlogic.vogon.web.security.UsernameExistsException
2018-12-22 13:23:50.471  INFO 11736 --- [           main] s.w.s.m.m.a.RequestMappingHandlerMapping : Mapped "{[/service/user],methods=[GET],produces=[application/json]}" onto public org.zlogic.vogon.data.VogonUser org.zlogic.vogon.web.controller.UsersController.getUserData(org.zlogic.vogon.web.security.VogonSecurityUser)
2018-12-22 13:23:50.471  INFO 11736 --- [           main] s.w.s.m.m.a.RequestMappingHandlerMapping : Mapped "{[/error]}" onto public org.springframework.http.ResponseEntity<java.util.Map<java.lang.String, java.lang.Object>> org.springframework.boot.autoconfigure.web.BasicErrorController.error(javax.servlet.http.HttpServletRequest)
2018-12-22 13:23:50.471  INFO 11736 --- [           main] s.w.s.m.m.a.RequestMappingHandlerMapping : Mapped "{[/error],produces=[text/html]}" onto public org.springframework.web.servlet.ModelAndView org.springframework.boot.autoconfigure.web.BasicErrorController.errorHtml(javax.servlet.http.HttpServletRequest,javax.servlet.http.HttpServletResponse)
2018-12-22 13:23:50.487  INFO 11736 --- [           main] o.s.w.s.handler.SimpleUrlHandlerMapping  : Root mapping to handler of type [class org.springframework.web.servlet.mvc.ParameterizableViewController]
2018-12-22 13:23:50.669  INFO 11736 --- [           main] o.s.w.s.handler.SimpleUrlHandlerMapping  : Mapped URL path [/webjars/**] onto handler of type [class org.springframework.web.servlet.resource.ResourceHttpRequestHandler]
2018-12-22 13:23:50.669  INFO 11736 --- [           main] o.s.w.s.handler.SimpleUrlHandlerMapping  : Mapped URL path [/**] onto handler of type [class org.springframework.web.servlet.resource.ResourceHttpRequestHandler]
2018-12-22 13:23:50.670  INFO 11736 --- [           main] o.s.w.s.handler.SimpleUrlHandlerMapping  : Mapped URL path [/**] onto handler of type [class org.springframework.web.servlet.resource.DefaultServletHttpRequestHandler]
2018-12-22 13:23:50.687  INFO 11736 --- [           main] o.s.w.s.handler.SimpleUrlHandlerMapping  : Mapped URL path [/**/favicon.ico] onto handler of type [class org.springframework.web.servlet.resource.ResourceHttpRequestHandler]
2018-12-22 13:23:50.885  INFO 11736 --- [           main] o.s.b.a.e.mvc.EndpointHandlerMapping     : Mapped "{[/heapdump || /heapdump.json],methods=[GET],produces=[application/octet-stream]}" onto public void org.springframework.boot.actuate.endpoint.mvc.HeapdumpMvcEndpoint.invoke(boolean,javax.servlet.http.HttpServletRequest,javax.servlet.http.HttpServletResponse) throws java.io.IOException,javax.servlet.ServletException
2018-12-22 13:23:50.885  INFO 11736 --- [           main] o.s.b.a.e.mvc.EndpointHandlerMapping     : Mapped "{[/dump || /dump.json],methods=[GET],produces=[application/vnd.spring-boot.actuator.v1+json || application/json]}" onto public java.lang.Object org.springframework.boot.actuate.endpoint.mvc.EndpointMvcAdapter.invoke()
2018-12-22 13:23:50.886  INFO 11736 --- [           main] o.s.b.a.e.mvc.EndpointHandlerMapping     : Mapped "{[/autoconfig || /autoconfig.json],methods=[GET],produces=[application/vnd.spring-boot.actuator.v1+json || application/json]}" onto public java.lang.Object org.springframework.boot.actuate.endpoint.mvc.EndpointMvcAdapter.invoke()
2018-12-22 13:23:50.886  INFO 11736 --- [           main] o.s.b.a.e.mvc.EndpointHandlerMapping     : Mapped "{[/info || /info.json],methods=[GET],produces=[application/vnd.spring-boot.actuator.v1+json || application/json]}" onto public java.lang.Object org.springframework.boot.actuate.endpoint.mvc.EndpointMvcAdapter.invoke()
2018-12-22 13:23:50.886  INFO 11736 --- [           main] o.s.b.a.e.mvc.EndpointHandlerMapping     : Mapped "{[/env/{name:.*}],methods=[GET],produces=[application/vnd.spring-boot.actuator.v1+json || application/json]}" onto public java.lang.Object org.springframework.boot.actuate.endpoint.mvc.EnvironmentMvcEndpoint.value(java.lang.String)
2018-12-22 13:23:50.886  INFO 11736 --- [           main] o.s.b.a.e.mvc.EndpointHandlerMapping     : Mapped "{[/env || /env.json],methods=[GET],produces=[application/vnd.spring-boot.actuator.v1+json || application/json]}" onto public java.lang.Object org.springframework.boot.actuate.endpoint.mvc.EndpointMvcAdapter.invoke()
2018-12-22 13:23:50.886  INFO 11736 --- [           main] o.s.b.a.e.mvc.EndpointHandlerMapping     : Mapped "{[/health || /health.json],methods=[GET],produces=[application/vnd.spring-boot.actuator.v1+json || application/json]}" onto public java.lang.Object org.springframework.boot.actuate.endpoint.mvc.HealthMvcEndpoint.invoke(javax.servlet.http.HttpServletRequest,java.security.Principal)
2018-12-22 13:23:50.886  INFO 11736 --- [           main] o.s.b.a.e.mvc.EndpointHandlerMapping     : Mapped "{[/mappings || /mappings.json],methods=[GET],produces=[application/vnd.spring-boot.actuator.v1+json || application/json]}" onto public java.lang.Object org.springframework.boot.actuate.endpoint.mvc.EndpointMvcAdapter.invoke()
2018-12-22 13:23:50.887  INFO 11736 --- [           main] o.s.b.a.e.mvc.EndpointHandlerMapping     : Mapped "{[/auditevents || /auditevents.json],methods=[GET],produces=[application/vnd.spring-boot.actuator.v1+json || application/json]}" onto public org.springframework.http.ResponseEntity<?> org.springframework.boot.actuate.endpoint.mvc.AuditEventsMvcEndpoint.findByPrincipalAndAfterAndType(java.lang.String,java.util.Date,java.lang.String)
2018-12-22 13:23:50.887  INFO 11736 --- [           main] o.s.b.a.e.mvc.EndpointHandlerMapping     : Mapped "{[/configprops || /configprops.json],methods=[GET],produces=[application/vnd.spring-boot.actuator.v1+json || application/json]}" onto public java.lang.Object org.springframework.boot.actuate.endpoint.mvc.EndpointMvcAdapter.invoke()
2018-12-22 13:23:50.887  INFO 11736 --- [           main] o.s.b.a.e.mvc.EndpointHandlerMapping     : Mapped "{[/beans || /beans.json],methods=[GET],produces=[application/vnd.spring-boot.actuator.v1+json || application/json]}" onto public java.lang.Object org.springframework.boot.actuate.endpoint.mvc.EndpointMvcAdapter.invoke()
2018-12-22 13:23:50.887  INFO 11736 --- [           main] o.s.b.a.e.mvc.EndpointHandlerMapping     : Mapped "{[/loggers/{name:.*}],methods=[GET],produces=[application/vnd.spring-boot.actuator.v1+json || application/json]}" onto public java.lang.Object org.springframework.boot.actuate.endpoint.mvc.LoggersMvcEndpoint.get(java.lang.String)
2018-12-22 13:23:50.887  INFO 11736 --- [           main] o.s.b.a.e.mvc.EndpointHandlerMapping     : Mapped "{[/loggers/{name:.*}],methods=[POST],consumes=[application/vnd.spring-boot.actuator.v1+json || application/json],produces=[application/vnd.spring-boot.actuator.v1+json || application/json]}" onto public java.lang.Object org.springframework.boot.actuate.endpoint.mvc.LoggersMvcEndpoint.set(java.lang.String,java.util.Map<java.lang.String, java.lang.String>)
2018-12-22 13:23:50.887  INFO 11736 --- [           main] o.s.b.a.e.mvc.EndpointHandlerMapping     : Mapped "{[/loggers || /loggers.json],methods=[GET],produces=[application/vnd.spring-boot.actuator.v1+json || application/json]}" onto public java.lang.Object org.springframework.boot.actuate.endpoint.mvc.EndpointMvcAdapter.invoke()
2018-12-22 13:23:50.887  INFO 11736 --- [           main] o.s.b.a.e.mvc.EndpointHandlerMapping     : Mapped "{[/trace || /trace.json],methods=[GET],produces=[application/vnd.spring-boot.actuator.v1+json || application/json]}" onto public java.lang.Object org.springframework.boot.actuate.endpoint.mvc.EndpointMvcAdapter.invoke()
2018-12-22 13:23:50.887  INFO 11736 --- [           main] o.s.b.a.e.mvc.EndpointHandlerMapping     : Mapped "{[/metrics/{name:.*}],methods=[GET],produces=[application/vnd.spring-boot.actuator.v1+json || application/json]}" onto public java.lang.Object org.springframework.boot.actuate.endpoint.mvc.MetricsMvcEndpoint.value(java.lang.String)
2018-12-22 13:23:50.887  INFO 11736 --- [           main] o.s.b.a.e.mvc.EndpointHandlerMapping     : Mapped "{[/metrics || /metrics.json],methods=[GET],produces=[application/vnd.spring-boot.actuator.v1+json || application/json]}" onto public java.lang.Object org.springframework.boot.actuate.endpoint.mvc.EndpointMvcAdapter.invoke()
2018-12-22 13:23:50.981 ERROR 11736 --- [           main] o.a.coyote.http11.Http11NioProtocol      : Failed to start end point associated with ProtocolHandler ["http-nio-8080"]

java.net.BindException: Address already in use: bind
	at sun.nio.ch.Net.bind0(Native Method) ~[na:1.8.0_191]
	at sun.nio.ch.Net.bind(Net.java:433) ~[na:1.8.0_191]
	at sun.nio.ch.Net.bind(Net.java:425) ~[na:1.8.0_191]
	at sun.nio.ch.ServerSocketChannelImpl.bind(ServerSocketChannelImpl.java:223) ~[na:1.8.0_191]
	at sun.nio.ch.ServerSocketAdaptor.bind(ServerSocketAdaptor.java:74) ~[na:1.8.0_191]
	at org.apache.tomcat.util.net.NioEndpoint.bind(NioEndpoint.java:210) ~[tomcat-embed-core-8.5.14.jar:8.5.14]
	at org.apache.tomcat.util.net.AbstractEndpoint.start(AbstractEndpoint.java:978) ~[tomcat-embed-core-8.5.14.jar:8.5.14]
	at org.apache.coyote.AbstractProtocol.start(AbstractProtocol.java:628) ~[tomcat-embed-core-8.5.14.jar:8.5.14]
	at org.apache.catalina.connector.Connector.startInternal(Connector.java:993) [tomcat-embed-core-8.5.14.jar:8.5.14]
	at org.apache.catalina.util.LifecycleBase.start(LifecycleBase.java:150) [tomcat-embed-core-8.5.14.jar:8.5.14]
	at org.apache.catalina.core.StandardService.addConnector(StandardService.java:225) [tomcat-embed-core-8.5.14.jar:8.5.14]
	at org.springframework.boot.context.embedded.tomcat.TomcatEmbeddedServletContainer.addPreviouslyRemovedConnectors(TomcatEmbeddedServletContainer.java:247) [spring-boot-1.5.3.RELEASE.jar:1.5.3.RELEASE]
	at org.springframework.boot.context.embedded.tomcat.TomcatEmbeddedServletContainer.start(TomcatEmbeddedServletContainer.java:190) [spring-boot-1.5.3.RELEASE.jar:1.5.3.RELEASE]
	at org.springframework.boot.context.embedded.EmbeddedWebApplicationContext.startEmbeddedServletContainer(EmbeddedWebApplicationContext.java:297) [spring-boot-1.5.3.RELEASE.jar:1.5.3.RELEASE]
	at org.springframework.boot.context.embedded.EmbeddedWebApplicationContext.finishRefresh(EmbeddedWebApplicationContext.java:145) [spring-boot-1.5.3.RELEASE.jar:1.5.3.RELEASE]
	at org.springframework.context.support.AbstractApplicationContext.refresh(AbstractApplicationContext.java:545) [spring-context-4.3.8.RELEASE.jar:4.3.8.RELEASE]
	at org.springframework.boot.context.embedded.EmbeddedWebApplicationContext.refresh(EmbeddedWebApplicationContext.java:122) [spring-boot-1.5.3.RELEASE.jar:1.5.3.RELEASE]
	at org.springframework.boot.SpringApplication.refresh(SpringApplication.java:737) [spring-boot-1.5.3.RELEASE.jar:1.5.3.RELEASE]
	at org.springframework.boot.SpringApplication.refreshContext(SpringApplication.java:370) [spring-boot-1.5.3.RELEASE.jar:1.5.3.RELEASE]
	at org.springframework.boot.SpringApplication.run(SpringApplication.java:314) [spring-boot-1.5.3.RELEASE.jar:1.5.3.RELEASE]
	at org.springframework.boot.test.context.SpringBootContextLoader.loadContext(SpringBootContextLoader.java:120) [spring-boot-test-1.5.3.RELEASE.jar:1.5.3.RELEASE]
	at org.springframework.test.context.cache.DefaultCacheAwareContextLoaderDelegate.loadContextInternal(DefaultCacheAwareContextLoaderDelegate.java:98) [spring-test-4.3.8.RELEASE.jar:4.3.8.RELEASE]
	at org.springframework.test.context.cache.DefaultCacheAwareContextLoaderDelegate.loadContext(DefaultCacheAwareContextLoaderDelegate.java:116) [spring-test-4.3.8.RELEASE.jar:4.3.8.RELEASE]
	at org.springframework.test.context.support.DefaultTestContext.getApplicationContext(DefaultTestContext.java:83) [spring-test-4.3.8.RELEASE.jar:4.3.8.RELEASE]
	at org.springframework.boot.test.autoconfigure.SpringBootDependencyInjectionTestExecutionListener.prepareTestInstance(SpringBootDependencyInjectionTestExecutionListener.java:47) [spring-boot-test-autoconfigure-1.5.3.RELEASE.jar:1.5.3.RELEASE]
	at org.springframework.test.context.TestContextManager.prepareTestInstance(TestContextManager.java:230) [spring-test-4.3.8.RELEASE.jar:4.3.8.RELEASE]
	at org.springframework.test.context.junit4.SpringJUnit4ClassRunner.createTest(SpringJUnit4ClassRunner.java:228) [spring-test-4.3.8.RELEASE.jar:4.3.8.RELEASE]
	at org.springframework.test.context.junit4.SpringJUnit4ClassRunner$1.runReflectiveCall(SpringJUnit4ClassRunner.java:287) [spring-test-4.3.8.RELEASE.jar:4.3.8.RELEASE]
	at org.junit.internal.runners.model.ReflectiveCallable.run(ReflectiveCallable.java:12) [junit-4.12.jar:4.12]
	at org.springframework.test.context.junit4.SpringJUnit4ClassRunner.methodBlock(SpringJUnit4ClassRunner.java:289) [spring-test-4.3.8.RELEASE.jar:4.3.8.RELEASE]
	at org.springframework.test.context.junit4.SpringJUnit4ClassRunner.runChild(SpringJUnit4ClassRunner.java:247) [spring-test-4.3.8.RELEASE.jar:4.3.8.RELEASE]
	at org.springframework.test.context.junit4.SpringJUnit4ClassRunner.runChild(SpringJUnit4ClassRunner.java:94) [spring-test-4.3.8.RELEASE.jar:4.3.8.RELEASE]
	at org.junit.runners.ParentRunner$3.run(ParentRunner.java:290) [junit-4.12.jar:4.12]
	at org.junit.runners.ParentRunner$1.schedule(ParentRunner.java:71) [junit-4.12.jar:4.12]
	at org.junit.runners.ParentRunner.runChildren(ParentRunner.java:288) [junit-4.12.jar:4.12]
	at org.junit.runners.ParentRunner.access$000(ParentRunner.java:58) [junit-4.12.jar:4.12]
	at org.junit.runners.ParentRunner$2.evaluate(ParentRunner.java:268) [junit-4.12.jar:4.12]
	at org.springframework.test.context.junit4.statements.RunBeforeTestClassCallbacks.evaluate(RunBeforeTestClassCallbacks.java:61) [spring-test-4.3.8.RELEASE.jar:4.3.8.RELEASE]
	at org.springframework.test.context.junit4.statements.RunAfterTestClassCallbacks.evaluate(RunAfterTestClassCallbacks.java:70) [spring-test-4.3.8.RELEASE.jar:4.3.8.RELEASE]
	at org.junit.runners.ParentRunner.run(ParentRunner.java:363) [junit-4.12.jar:4.12]
	at org.springframework.test.context.junit4.SpringJUnit4ClassRunner.run(SpringJUnit4ClassRunner.java:191) [spring-test-4.3.8.RELEASE.jar:4.3.8.RELEASE]
	at org.apache.maven.surefire.junit4.JUnit4Provider.execute(JUnit4Provider.java:365) [surefire-junit4-2.20.jar:2.20]
	at org.apache.maven.surefire.junit4.JUnit4Provider.executeWithRerun(JUnit4Provider.java:272) [surefire-junit4-2.20.jar:2.20]
	at org.apache.maven.surefire.junit4.JUnit4Provider.executeTestSet(JUnit4Provider.java:236) [surefire-junit4-2.20.jar:2.20]
	at org.apache.maven.surefire.junit4.JUnit4Provider.invoke(JUnit4Provider.java:159) [surefire-junit4-2.20.jar:2.20]
	at org.apache.maven.surefire.booter.ForkedBooter.invokeProviderInSameClassLoader(ForkedBooter.java:386) [surefire-booter-2.20.jar:2.20]
	at org.apache.maven.surefire.booter.ForkedBooter.runSuitesInProcess(ForkedBooter.java:323) [surefire-booter-2.20.jar:2.20]
	at org.apache.maven.surefire.booter.ForkedBooter.main(ForkedBooter.java:143) [surefire-booter-2.20.jar:2.20]

2018-12-22 13:23:50.982 ERROR 11736 --- [           main] o.apache.catalina.core.StandardService   : Failed to start connector [Connector[HTTP/1.1-8080]]

org.apache.catalina.LifecycleException: Failed to start component [Connector[HTTP/1.1-8080]]
	at org.apache.catalina.util.LifecycleBase.start(LifecycleBase.java:167) ~[tomcat-embed-core-8.5.14.jar:8.5.14]
	at org.apache.catalina.core.StandardService.addConnector(StandardService.java:225) ~[tomcat-embed-core-8.5.14.jar:8.5.14]
	at org.springframework.boot.context.embedded.tomcat.TomcatEmbeddedServletContainer.addPreviouslyRemovedConnectors(TomcatEmbeddedServletContainer.java:247) [spring-boot-1.5.3.RELEASE.jar:1.5.3.RELEASE]
	at org.springframework.boot.context.embedded.tomcat.TomcatEmbeddedServletContainer.start(TomcatEmbeddedServletContainer.java:190) [spring-boot-1.5.3.RELEASE.jar:1.5.3.RELEASE]
	at org.springframework.boot.context.embedded.EmbeddedWebApplicationContext.startEmbeddedServletContainer(EmbeddedWebApplicationContext.java:297) [spring-boot-1.5.3.RELEASE.jar:1.5.3.RELEASE]
	at org.springframework.boot.context.embedded.EmbeddedWebApplicationContext.finishRefresh(EmbeddedWebApplicationContext.java:145) [spring-boot-1.5.3.RELEASE.jar:1.5.3.RELEASE]
	at org.springframework.context.support.AbstractApplicationContext.refresh(AbstractApplicationContext.java:545) [spring-context-4.3.8.RELEASE.jar:4.3.8.RELEASE]
	at org.springframework.boot.context.embedded.EmbeddedWebApplicationContext.refresh(EmbeddedWebApplicationContext.java:122) [spring-boot-1.5.3.RELEASE.jar:1.5.3.RELEASE]
	at org.springframework.boot.SpringApplication.refresh(SpringApplication.java:737) [spring-boot-1.5.3.RELEASE.jar:1.5.3.RELEASE]
	at org.springframework.boot.SpringApplication.refreshContext(SpringApplication.java:370) [spring-boot-1.5.3.RELEASE.jar:1.5.3.RELEASE]
	at org.springframework.boot.SpringApplication.run(SpringApplication.java:314) [spring-boot-1.5.3.RELEASE.jar:1.5.3.RELEASE]
	at org.springframework.boot.test.context.SpringBootContextLoader.loadContext(SpringBootContextLoader.java:120) [spring-boot-test-1.5.3.RELEASE.jar:1.5.3.RELEASE]
	at org.springframework.test.context.cache.DefaultCacheAwareContextLoaderDelegate.loadContextInternal(DefaultCacheAwareContextLoaderDelegate.java:98) [spring-test-4.3.8.RELEASE.jar:4.3.8.RELEASE]
	at org.springframework.test.context.cache.DefaultCacheAwareContextLoaderDelegate.loadContext(DefaultCacheAwareContextLoaderDelegate.java:116) [spring-test-4.3.8.RELEASE.jar:4.3.8.RELEASE]
	at org.springframework.test.context.support.DefaultTestContext.getApplicationContext(DefaultTestContext.java:83) [spring-test-4.3.8.RELEASE.jar:4.3.8.RELEASE]
	at org.springframework.boot.test.autoconfigure.SpringBootDependencyInjectionTestExecutionListener.prepareTestInstance(SpringBootDependencyInjectionTestExecutionListener.java:47) [spring-boot-test-autoconfigure-1.5.3.RELEASE.jar:1.5.3.RELEASE]
	at org.springframework.test.context.TestContextManager.prepareTestInstance(TestContextManager.java:230) [spring-test-4.3.8.RELEASE.jar:4.3.8.RELEASE]
	at org.springframework.test.context.junit4.SpringJUnit4ClassRunner.createTest(SpringJUnit4ClassRunner.java:228) [spring-test-4.3.8.RELEASE.jar:4.3.8.RELEASE]
	at org.springframework.test.context.junit4.SpringJUnit4ClassRunner$1.runReflectiveCall(SpringJUnit4ClassRunner.java:287) [spring-test-4.3.8.RELEASE.jar:4.3.8.RELEASE]
	at org.junit.internal.runners.model.ReflectiveCallable.run(ReflectiveCallable.java:12) [junit-4.12.jar:4.12]
	at org.springframework.test.context.junit4.SpringJUnit4ClassRunner.methodBlock(SpringJUnit4ClassRunner.java:289) [spring-test-4.3.8.RELEASE.jar:4.3.8.RELEASE]
	at org.springframework.test.context.junit4.SpringJUnit4ClassRunner.runChild(SpringJUnit4ClassRunner.java:247) [spring-test-4.3.8.RELEASE.jar:4.3.8.RELEASE]
	at org.springframework.test.context.junit4.SpringJUnit4ClassRunner.runChild(SpringJUnit4ClassRunner.java:94) [spring-test-4.3.8.RELEASE.jar:4.3.8.RELEASE]
	at org.junit.runners.ParentRunner$3.run(ParentRunner.java:290) [junit-4.12.jar:4.12]
	at org.junit.runners.ParentRunner$1.schedule(ParentRunner.java:71) [junit-4.12.jar:4.12]
	at org.junit.runners.ParentRunner.runChildren(ParentRunner.java:288) [junit-4.12.jar:4.12]
	at org.junit.runners.ParentRunner.access$000(ParentRunner.java:58) [junit-4.12.jar:4.12]
	at org.junit.runners.ParentRunner$2.evaluate(ParentRunner.java:268) [junit-4.12.jar:4.12]
	at org.springframework.test.context.junit4.statements.RunBeforeTestClassCallbacks.evaluate(RunBeforeTestClassCallbacks.java:61) [spring-test-4.3.8.RELEASE.jar:4.3.8.RELEASE]
	at org.springframework.test.context.junit4.statements.RunAfterTestClassCallbacks.evaluate(RunAfterTestClassCallbacks.java:70) [spring-test-4.3.8.RELEASE.jar:4.3.8.RELEASE]
	at org.junit.runners.ParentRunner.run(ParentRunner.java:363) [junit-4.12.jar:4.12]
	at org.springframework.test.context.junit4.SpringJUnit4ClassRunner.run(SpringJUnit4ClassRunner.java:191) [spring-test-4.3.8.RELEASE.jar:4.3.8.RELEASE]
	at org.apache.maven.surefire.junit4.JUnit4Provider.execute(JUnit4Provider.java:365) [surefire-junit4-2.20.jar:2.20]
	at org.apache.maven.surefire.junit4.JUnit4Provider.executeWithRerun(JUnit4Provider.java:272) [surefire-junit4-2.20.jar:2.20]
	at org.apache.maven.surefire.junit4.JUnit4Provider.executeTestSet(JUnit4Provider.java:236) [surefire-junit4-2.20.jar:2.20]
	at org.apache.maven.surefire.junit4.JUnit4Provider.invoke(JUnit4Provider.java:159) [surefire-junit4-2.20.jar:2.20]
	at org.apache.maven.surefire.booter.ForkedBooter.invokeProviderInSameClassLoader(ForkedBooter.java:386) [surefire-booter-2.20.jar:2.20]
	at org.apache.maven.surefire.booter.ForkedBooter.runSuitesInProcess(ForkedBooter.java:323) [surefire-booter-2.20.jar:2.20]
	at org.apache.maven.surefire.booter.ForkedBooter.main(ForkedBooter.java:143) [surefire-booter-2.20.jar:2.20]
Caused by: org.apache.catalina.LifecycleException: service.getName(): "Tomcat";  Protocol handler start failed
	at org.apache.catalina.connector.Connector.startInternal(Connector.java:1000) ~[tomcat-embed-core-8.5.14.jar:8.5.14]
	at org.apache.catalina.util.LifecycleBase.start(LifecycleBase.java:150) ~[tomcat-embed-core-8.5.14.jar:8.5.14]
	... 38 common frames omitted
Caused by: java.net.BindException: Address already in use: bind
	at sun.nio.ch.Net.bind0(Native Method) ~[na:1.8.0_191]
	at sun.nio.ch.Net.bind(Net.java:433) ~[na:1.8.0_191]
	at sun.nio.ch.Net.bind(Net.java:425) ~[na:1.8.0_191]
	at sun.nio.ch.ServerSocketChannelImpl.bind(ServerSocketChannelImpl.java:223) ~[na:1.8.0_191]
	at sun.nio.ch.ServerSocketAdaptor.bind(ServerSocketAdaptor.java:74) ~[na:1.8.0_191]
	at org.apache.tomcat.util.net.NioEndpoint.bind(NioEndpoint.java:210) ~[tomcat-embed-core-8.5.14.jar:8.5.14]
	at org.apache.tomcat.util.net.AbstractEndpoint.start(AbstractEndpoint.java:978) ~[tomcat-embed-core-8.5.14.jar:8.5.14]
	at org.apache.coyote.AbstractProtocol.start(AbstractProtocol.java:628) ~[tomcat-embed-core-8.5.14.jar:8.5.14]
	at org.apache.catalina.connector.Connector.startInternal(Connector.java:993) ~[tomcat-embed-core-8.5.14.jar:8.5.14]
	... 39 common frames omitted

2018-12-22 13:23:51.137  INFO 11736 --- [           main] o.apache.catalina.core.StandardService   : Stopping service Tomcat
2018-12-22 13:23:51.143  INFO 11736 --- [           main] utoConfigurationReportLoggingInitializer : 

Error starting ApplicationContext. To display the auto-configuration report re-run your application with 'debug' enabled.
2018-12-22 13:23:51.145 ERROR 11736 --- [           main] o.s.b.d.LoggingFailureAnalysisReporter   : 

***************************
APPLICATION FAILED TO START
***************************

Description:

The Tomcat connector configured to listen on port 8080 failed to start. The port may already be in use or the connector may be misconfigured.

Action:

Verify the connector's configuration, identify and stop any process that's listening on port 8080, or configure this application to listen on another port.

2018-12-22 13:23:51.145  INFO 11736 --- [           main] ationConfigEmbeddedWebApplicationContext : Closing org.springframework.boot.context.embedded.AnnotationConfigEmbeddedWebApplicationContext@6404452f: startup date [Sat Dec 22 13:23:48 IST 2018]; root of context hierarchy
2018-12-22 13:23:51.146  INFO 11736 --- [           main] o.z.vogon.web.PersistenceConfiguration   : Unloading JDBC drivers
2018-12-22 13:23:51.147  INFO 11736 --- [           main] j.LocalContainerEntityManagerFactoryBean : Closing JPA EntityManagerFactory for persistence unit 'VogonPU'
2018-12-22 13:23:51.147  INFO 11736 --- [           main] org.hibernate.orm.connections.pooling    : HHH10001008: Cleaning up connection pool [jdbc:h2:mem:test]
2018-12-22 13:23:51.147 ERROR 11736 --- [           main] o.s.test.context.TestContextManager      : Caught exception while allowing TestExecutionListener [org.springframework.boot.test.autoconfigure.SpringBootDependencyInjectionTestExecutionListener@482cd077] to prepare test instance [org.zlogic.vogon.web.TransactionsControllerWriteTest@7b5dcaaa]

java.lang.IllegalStateException: Failed to load ApplicationContext
	at org.springframework.test.context.cache.DefaultCacheAwareContextLoaderDelegate.loadContext(DefaultCacheAwareContextLoaderDelegate.java:124) ~[spring-test-4.3.8.RELEASE.jar:4.3.8.RELEASE]
	at org.springframework.test.context.support.DefaultTestContext.getApplicationContext(DefaultTestContext.java:83) ~[spring-test-4.3.8.RELEASE.jar:4.3.8.RELEASE]
	at org.springframework.boot.test.autoconfigure.SpringBootDependencyInjectionTestExecutionListener.prepareTestInstance(SpringBootDependencyInjectionTestExecutionListener.java:47) ~[spring-boot-test-autoconfigure-1.5.3.RELEASE.jar:1.5.3.RELEASE]
	at org.springframework.test.context.TestContextManager.prepareTestInstance(TestContextManager.java:230) ~[spring-test-4.3.8.RELEASE.jar:4.3.8.RELEASE]
	at org.springframework.test.context.junit4.SpringJUnit4ClassRunner.createTest(SpringJUnit4ClassRunner.java:228) [spring-test-4.3.8.RELEASE.jar:4.3.8.RELEASE]
	at org.springframework.test.context.junit4.SpringJUnit4ClassRunner$1.runReflectiveCall(SpringJUnit4ClassRunner.java:287) [spring-test-4.3.8.RELEASE.jar:4.3.8.RELEASE]
	at org.junit.internal.runners.model.ReflectiveCallable.run(ReflectiveCallable.java:12) [junit-4.12.jar:4.12]
	at org.springframework.test.context.junit4.SpringJUnit4ClassRunner.methodBlock(SpringJUnit4ClassRunner.java:289) [spring-test-4.3.8.RELEASE.jar:4.3.8.RELEASE]
	at org.springframework.test.context.junit4.SpringJUnit4ClassRunner.runChild(SpringJUnit4ClassRunner.java:247) [spring-test-4.3.8.RELEASE.jar:4.3.8.RELEASE]
	at org.springframework.test.context.junit4.SpringJUnit4ClassRunner.runChild(SpringJUnit4ClassRunner.java:94) [spring-test-4.3.8.RELEASE.jar:4.3.8.RELEASE]
	at org.junit.runners.ParentRunner$3.run(ParentRunner.java:290) [junit-4.12.jar:4.12]
	at org.junit.runners.ParentRunner$1.schedule(ParentRunner.java:71) [junit-4.12.jar:4.12]
	at org.junit.runners.ParentRunner.runChildren(ParentRunner.java:288) [junit-4.12.jar:4.12]
	at org.junit.runners.ParentRunner.access$000(ParentRunner.java:58) [junit-4.12.jar:4.12]
	at org.junit.runners.ParentRunner$2.evaluate(ParentRunner.java:268) [junit-4.12.jar:4.12]
	at org.springframework.test.context.junit4.statements.RunBeforeTestClassCallbacks.evaluate(RunBeforeTestClassCallbacks.java:61) [spring-test-4.3.8.RELEASE.jar:4.3.8.RELEASE]
	at org.springframework.test.context.junit4.statements.RunAfterTestClassCallbacks.evaluate(RunAfterTestClassCallbacks.java:70) [spring-test-4.3.8.RELEASE.jar:4.3.8.RELEASE]
	at org.junit.runners.ParentRunner.run(ParentRunner.java:363) [junit-4.12.jar:4.12]
	at org.springframework.test.context.junit4.SpringJUnit4ClassRunner.run(SpringJUnit4ClassRunner.java:191) [spring-test-4.3.8.RELEASE.jar:4.3.8.RELEASE]
	at org.apache.maven.surefire.junit4.JUnit4Provider.execute(JUnit4Provider.java:365) [surefire-junit4-2.20.jar:2.20]
	at org.apache.maven.surefire.junit4.JUnit4Provider.executeWithRerun(JUnit4Provider.java:272) [surefire-junit4-2.20.jar:2.20]
	at org.apache.maven.surefire.junit4.JUnit4Provider.executeTestSet(JUnit4Provider.java:236) [surefire-junit4-2.20.jar:2.20]
	at org.apache.maven.surefire.junit4.JUnit4Provider.invoke(JUnit4Provider.java:159) [surefire-junit4-2.20.jar:2.20]
	at org.apache.maven.surefire.booter.ForkedBooter.invokeProviderInSameClassLoader(ForkedBooter.java:386) [surefire-booter-2.20.jar:2.20]
	at org.apache.maven.surefire.booter.ForkedBooter.runSuitesInProcess(ForkedBooter.java:323) [surefire-booter-2.20.jar:2.20]
	at org.apache.maven.surefire.booter.ForkedBooter.main(ForkedBooter.java:143) [surefire-booter-2.20.jar:2.20]
Caused by: org.springframework.boot.context.embedded.tomcat.ConnectorStartFailedException: Connector configured to listen on port 8080 failed to start
	at org.springframework.boot.context.embedded.tomcat.TomcatEmbeddedServletContainer.checkThatConnectorsHaveStarted(TomcatEmbeddedServletContainer.java:219) ~[spring-boot-1.5.3.RELEASE.jar:1.5.3.RELEASE]
	at org.springframework.boot.context.embedded.tomcat.TomcatEmbeddedServletContainer.start(TomcatEmbeddedServletContainer.java:195) ~[spring-boot-1.5.3.RELEASE.jar:1.5.3.RELEASE]
	at org.springframework.boot.context.embedded.EmbeddedWebApplicationContext.startEmbeddedServletContainer(EmbeddedWebApplicationContext.java:297) ~[spring-boot-1.5.3.RELEASE.jar:1.5.3.RELEASE]
	at org.springframework.boot.context.embedded.EmbeddedWebApplicationContext.finishRefresh(EmbeddedWebApplicationContext.java:145) ~[spring-boot-1.5.3.RELEASE.jar:1.5.3.RELEASE]
	at org.springframework.context.support.AbstractApplicationContext.refresh(AbstractApplicationContext.java:545) ~[spring-context-4.3.8.RELEASE.jar:4.3.8.RELEASE]
	at org.springframework.boot.context.embedded.EmbeddedWebApplicationContext.refresh(EmbeddedWebApplicationContext.java:122) ~[spring-boot-1.5.3.RELEASE.jar:1.5.3.RELEASE]
	at org.springframework.boot.SpringApplication.refresh(SpringApplication.java:737) ~[spring-boot-1.5.3.RELEASE.jar:1.5.3.RELEASE]
	at org.springframework.boot.SpringApplication.refreshContext(SpringApplication.java:370) ~[spring-boot-1.5.3.RELEASE.jar:1.5.3.RELEASE]
	at org.springframework.boot.SpringApplication.run(SpringApplication.java:314) ~[spring-boot-1.5.3.RELEASE.jar:1.5.3.RELEASE]
	at org.springframework.boot.test.context.SpringBootContextLoader.loadContext(SpringBootContextLoader.java:120) ~[spring-boot-test-1.5.3.RELEASE.jar:1.5.3.RELEASE]
	at org.springframework.test.context.cache.DefaultCacheAwareContextLoaderDelegate.loadContextInternal(DefaultCacheAwareContextLoaderDelegate.java:98) ~[spring-test-4.3.8.RELEASE.jar:4.3.8.RELEASE]
	at org.springframework.test.context.cache.DefaultCacheAwareContextLoaderDelegate.loadContext(DefaultCacheAwareContextLoaderDelegate.java:116) ~[spring-test-4.3.8.RELEASE.jar:4.3.8.RELEASE]
	... 25 common frames omitted

]]></system-out>
  </testcase>
  <testcase name="testUpdateAccountOwnerConstraint" classname="org.zlogic.vogon.web.TransactionsControllerWriteTest" time="0">
    <error message="Failed to load ApplicationContext" type="java.lang.IllegalStateException">java.lang.IllegalStateException: Failed to load ApplicationContext
Caused by: org.springframework.boot.context.embedded.tomcat.ConnectorStartFailedException: Connector configured to listen on port 8080 failed to start
</error>
    <system-out><![CDATA[
  .   ____          _            __ _ _
 /\\ / ___'_ __ _ _(_)_ __  __ _ \ \ \ \
( ( )\___ | '_ | '_| | '_ \/ _` | \ \ \ \
 \\/  ___)| |_)| | | | | || (_| |  ) ) ) )
  '  |____| .__|_| |_|_| |_\__, | / / / /
 =========|_|==============|___/=/_/_/_/
 :: Spring Boot ::        (v1.5.3.RELEASE)

2018-12-22 13:23:51.171  INFO 11736 --- [           main] o.z.v.w.TransactionsControllerWriteTest  : Starting TransactionsControllerWriteTest on GOPAL with PID 11736 (started by GOPAL$ in C:\Program Files (x86)\Jenkins\workspace\Maven_project\vogon-web)
2018-12-22 13:23:51.171  INFO 11736 --- [           main] o.z.v.w.TransactionsControllerWriteTest  : No active profile set, falling back to default profiles: default
2018-12-22 13:23:51.171  INFO 11736 --- [           main] ationConfigEmbeddedWebApplicationContext : Refreshing org.springframework.boot.context.embedded.AnnotationConfigEmbeddedWebApplicationContext@5134e583: startup date [Sat Dec 22 13:23:51 IST 2018]; root of context hierarchy
2018-12-22 13:23:51.535  INFO 11736 --- [           main] o.s.b.f.s.DefaultListableBeanFactory     : Overriding bean definition for bean 'entityManagerFactory' with a different definition: replacing [Root bean: class [null]; scope=; abstract=false; lazyInit=false; autowireMode=3; dependencyCheck=0; autowireCandidate=true; primary=false; factoryBeanName=persistenceConfiguration; factoryMethodName=entityManagerFactory; initMethodName=null; destroyMethodName=(inferred); defined in class path resource [org/zlogic/vogon/web/PersistenceConfiguration.class]] with [Root bean: class [null]; scope=; abstract=false; lazyInit=false; autowireMode=3; dependencyCheck=0; autowireCandidate=true; primary=false; factoryBeanName=databaseConfiguration; factoryMethodName=entityManagerFactory; initMethodName=null; destroyMethodName=(inferred); defined in org.zlogic.vogon.web.DatabaseConfiguration]
2018-12-22 13:23:51.672  INFO 11736 --- [           main] trationDelegate$BeanPostProcessorChecker : Bean 'org.springframework.security.config.annotation.configuration.ObjectPostProcessorConfiguration' of type [org.springframework.security.config.annotation.configuration.ObjectPostProcessorConfiguration$$EnhancerBySpringCGLIB$$be8c3acc] is not eligible for getting processed by all BeanPostProcessors (for example: not eligible for auto-proxying)
2018-12-22 13:23:51.675  INFO 11736 --- [           main] trationDelegate$BeanPostProcessorChecker : Bean 'objectPostProcessor' of type [org.springframework.security.config.annotation.configuration.AutowireBeanFactoryObjectPostProcessor] is not eligible for getting processed by all BeanPostProcessors (for example: not eligible for auto-proxying)
2018-12-22 13:23:51.676  INFO 11736 --- [           main] trationDelegate$BeanPostProcessorChecker : Bean 'org.springframework.security.access.expression.method.DefaultMethodSecurityExpressionHandler@67b0f073' of type [org.springframework.security.oauth2.provider.expression.OAuth2MethodSecurityExpressionHandler] is not eligible for getting processed by all BeanPostProcessors (for example: not eligible for auto-proxying)
2018-12-22 13:23:51.681  INFO 11736 --- [           main] trationDelegate$BeanPostProcessorChecker : Bean 'org.springframework.security.config.annotation.method.configuration.GlobalMethodSecurityConfiguration' of type [org.springframework.security.config.annotation.method.configuration.GlobalMethodSecurityConfiguration$$EnhancerBySpringCGLIB$$e360dd7e] is not eligible for getting processed by all BeanPostProcessors (for example: not eligible for auto-proxying)
2018-12-22 13:23:51.683  INFO 11736 --- [           main] trationDelegate$BeanPostProcessorChecker : Bean 'methodSecurityMetadataSource' of type [org.springframework.security.access.method.DelegatingMethodSecurityMetadataSource] is not eligible for getting processed by all BeanPostProcessors (for example: not eligible for auto-proxying)
2018-12-22 13:23:51.690  INFO 11736 --- [           main] trationDelegate$BeanPostProcessorChecker : Bean 'org.springframework.transaction.annotation.ProxyTransactionManagementConfiguration' of type [org.springframework.transaction.annotation.ProxyTransactionManagementConfiguration$$EnhancerBySpringCGLIB$$25de7292] is not eligible for getting processed by all BeanPostProcessors (for example: not eligible for auto-proxying)
2018-12-22 13:23:51.705  INFO 11736 --- [           main] trationDelegate$BeanPostProcessorChecker : Bean 'security.oauth2.client-org.springframework.boot.autoconfigure.security.oauth2.OAuth2ClientProperties' of type [org.springframework.boot.autoconfigure.security.oauth2.OAuth2ClientProperties] is not eligible for getting processed by all BeanPostProcessors (for example: not eligible for auto-proxying)
2018-12-22 13:23:51.707  INFO 11736 --- [           main] trationDelegate$BeanPostProcessorChecker : Bean 'org.springframework.boot.autoconfigure.security.oauth2.OAuth2AutoConfiguration' of type [org.springframework.boot.autoconfigure.security.oauth2.OAuth2AutoConfiguration$$EnhancerBySpringCGLIB$$dd282e92] is not eligible for getting processed by all BeanPostProcessors (for example: not eligible for auto-proxying)
2018-12-22 13:23:51.711  INFO 11736 --- [           main] trationDelegate$BeanPostProcessorChecker : Bean 'resourceServerProperties' of type [org.springframework.boot.autoconfigure.security.oauth2.resource.ResourceServerProperties] is not eligible for getting processed by all BeanPostProcessors (for example: not eligible for auto-proxying)
2018-12-22 13:23:51.744  INFO 11736 --- [           main] org.zlogic.vogon.web.TomcatConfigurer    : Using keystore C:\Program Files (x86)\Jenkins\workspace\Maven_project\vogon-web\target/vogonweb.keystore with password ********
2018-12-22 13:23:51.763  INFO 11736 --- [           main] s.b.c.e.t.TomcatEmbeddedServletContainer : Tomcat initialized with port(s): 8080 (http) 8443 (https)
2018-12-22 13:23:51.764  INFO 11736 --- [           main] o.apache.catalina.core.StandardService   : Starting service Tomcat
2018-12-22 13:23:51.764  INFO 11736 --- [           main] org.apache.catalina.core.StandardEngine  : Starting Servlet Engine: Apache Tomcat/8.5.14
2018-12-22 13:23:51.788  INFO 11736 --- [ost-startStop-1] org.apache.jasper.servlet.TldScanner     : At least one JAR was scanned for TLDs yet contained no TLDs. Enable debug logging for this logger for a complete list of JARs that were scanned but no TLDs were found in them. Skipping unneeded JARs during scanning can improve startup time and JSP compilation time.
2018-12-22 13:23:51.788  INFO 11736 --- [ost-startStop-1] o.a.c.c.C.[Tomcat-140].[localhost].[/]   : Initializing Spring embedded WebApplicationContext
2018-12-22 13:23:51.788  INFO 11736 --- [ost-startStop-1] o.s.web.context.ContextLoader            : Root WebApplicationContext: initialization completed in 617 ms
2018-12-22 13:23:51.943  INFO 11736 --- [ost-startStop-1] o.s.b.w.servlet.FilterRegistrationBean   : Mapping filter: 'metricsFilter' to: [/*]
2018-12-22 13:23:51.943  INFO 11736 --- [ost-startStop-1] o.s.b.w.servlet.FilterRegistrationBean   : Mapping filter: 'characterEncodingFilter' to: [/*]
2018-12-22 13:23:51.943  INFO 11736 --- [ost-startStop-1] o.s.b.w.servlet.FilterRegistrationBean   : Mapping filter: 'hiddenHttpMethodFilter' to: [/*]
2018-12-22 13:23:51.943  INFO 11736 --- [ost-startStop-1] o.s.b.w.servlet.FilterRegistrationBean   : Mapping filter: 'httpPutFormContentFilter' to: [/*]
2018-12-22 13:23:51.943  INFO 11736 --- [ost-startStop-1] o.s.b.w.servlet.FilterRegistrationBean   : Mapping filter: 'requestContextFilter' to: [/*]
2018-12-22 13:23:51.943  INFO 11736 --- [ost-startStop-1] .s.DelegatingFilterProxyRegistrationBean : Mapping filter: 'springSecurityFilterChain' to: [/*]
2018-12-22 13:23:51.943  INFO 11736 --- [ost-startStop-1] o.s.b.w.servlet.FilterRegistrationBean   : Mapping filter: 'webRequestLoggingFilter' to: [/*]
2018-12-22 13:23:51.943  INFO 11736 --- [ost-startStop-1] o.s.b.w.servlet.FilterRegistrationBean   : Mapping filter: 'applicationContextIdFilter' to: [/*]
2018-12-22 13:23:51.943  INFO 11736 --- [ost-startStop-1] o.s.b.w.servlet.ServletRegistrationBean  : Mapping servlet: 'dispatcherServlet' to [/]
2018-12-22 13:23:51.954  INFO 11736 --- [           main] j.LocalContainerEntityManagerFactoryBean : Building JPA container EntityManagerFactory for persistence unit 'VogonPU'
2018-12-22 13:23:51.954  INFO 11736 --- [           main] o.hibernate.jpa.internal.util.LogHelper  : HHH000204: Processing PersistenceUnitInfo [
	name: VogonPU
	...]
2018-12-22 13:23:51.954  WARN 11736 --- [           main] org.hibernate.orm.connections.pooling    : HHH10001002: Using Hibernate built-in connection pool (not for production use!)
2018-12-22 13:23:51.954  INFO 11736 --- [           main] org.hibernate.orm.connections.pooling    : HHH10001005: using driver [org.h2.Driver] at URL [jdbc:h2:mem:test]
2018-12-22 13:23:51.954  INFO 11736 --- [           main] org.hibernate.orm.connections.pooling    : HHH10001001: Connection properties: {}
2018-12-22 13:23:51.954  INFO 11736 --- [           main] org.hibernate.orm.connections.pooling    : HHH10001003: Autocommit mode: false
2018-12-22 13:23:51.954  INFO 11736 --- [           main] .c.i.DriverManagerConnectionProviderImpl : HHH000115: Hibernate connection pool size: 20 (min=1)
2018-12-22 13:23:51.954  INFO 11736 --- [           main] org.hibernate.dialect.Dialect            : HHH000400: Using dialect: org.hibernate.dialect.H2Dialect
2018-12-22 13:23:51.954  INFO 11736 --- [           main] org.hibernate.orm.connections.access     : HHH10001501: Connection obtained from JdbcConnectionAccess [org.hibernate.engine.jdbc.env.internal.JdbcEnvironmentInitiator$ConnectionProviderJdbcConnectionAccess@1b431159] for (non-JTA) DDL execution was not in auto-commit mode; the Connection 'local transaction' will be committed and the Connection will be set into auto-commit mode.
2018-12-22 13:23:51.969  INFO 11736 --- [           main] j.LocalContainerEntityManagerFactoryBean : Initialized JPA EntityManagerFactory for persistence unit 'VogonPU'
2018-12-22 13:23:52.296  INFO 11736 --- [           main] .s.o.p.e.FrameworkEndpointHandlerMapping : Mapped "{[/oauth/authorize]}" onto public org.springframework.web.servlet.ModelAndView org.springframework.security.oauth2.provider.endpoint.AuthorizationEndpoint.authorize(java.util.Map<java.lang.String, java.lang.Object>,java.util.Map<java.lang.String, java.lang.String>,org.springframework.web.bind.support.SessionStatus,java.security.Principal)
2018-12-22 13:23:52.296  INFO 11736 --- [           main] .s.o.p.e.FrameworkEndpointHandlerMapping : Mapped "{[/oauth/authorize],methods=[POST],params=[user_oauth_approval]}" onto public org.springframework.web.servlet.View org.springframework.security.oauth2.provider.endpoint.AuthorizationEndpoint.approveOrDeny(java.util.Map<java.lang.String, java.lang.String>,java.util.Map<java.lang.String, ?>,org.springframework.web.bind.support.SessionStatus,java.security.Principal)
2018-12-22 13:23:52.296  INFO 11736 --- [           main] .s.o.p.e.FrameworkEndpointHandlerMapping : Mapped "{[/oauth/token],methods=[GET]}" onto public org.springframework.http.ResponseEntity<org.springframework.security.oauth2.common.OAuth2AccessToken> org.springframework.security.oauth2.provider.endpoint.TokenEndpoint.getAccessToken(java.security.Principal,java.util.Map<java.lang.String, java.lang.String>) throws org.springframework.web.HttpRequestMethodNotSupportedException
2018-12-22 13:23:52.296  INFO 11736 --- [           main] .s.o.p.e.FrameworkEndpointHandlerMapping : Mapped "{[/oauth/token],methods=[POST]}" onto public org.springframework.http.ResponseEntity<org.springframework.security.oauth2.common.OAuth2AccessToken> org.springframework.security.oauth2.provider.endpoint.TokenEndpoint.postAccessToken(java.security.Principal,java.util.Map<java.lang.String, java.lang.String>) throws org.springframework.web.HttpRequestMethodNotSupportedException
2018-12-22 13:23:52.297  INFO 11736 --- [           main] .s.o.p.e.FrameworkEndpointHandlerMapping : Mapped "{[/oauth/check_token]}" onto public java.util.Map<java.lang.String, ?> org.springframework.security.oauth2.provider.endpoint.CheckTokenEndpoint.checkToken(java.lang.String)
2018-12-22 13:23:52.297  INFO 11736 --- [           main] .s.o.p.e.FrameworkEndpointHandlerMapping : Mapped "{[/oauth/confirm_access]}" onto public org.springframework.web.servlet.ModelAndView org.springframework.security.oauth2.provider.endpoint.WhitelabelApprovalEndpoint.getAccessConfirmation(java.util.Map<java.lang.String, java.lang.Object>,javax.servlet.http.HttpServletRequest) throws java.lang.Exception
2018-12-22 13:23:52.297  INFO 11736 --- [           main] .s.o.p.e.FrameworkEndpointHandlerMapping : Mapped "{[/oauth/error]}" onto public org.springframework.web.servlet.ModelAndView org.springframework.security.oauth2.provider.endpoint.WhitelabelErrorEndpoint.handleError(javax.servlet.http.HttpServletRequest)
2018-12-22 13:23:52.488  INFO 11736 --- [           main] o.s.s.web.DefaultSecurityFilterChain     : Creating filter chain: OrRequestMatcher [requestMatchers=[Ant [pattern='/oauth/token'], Ant [pattern='/oauth/token_key'], Ant [pattern='/oauth/check_token']]], [org.springframework.security.web.context.request.async.WebAsyncManagerIntegrationFilter@4d7d47b6, org.springframework.security.web.context.SecurityContextPersistenceFilter@2e47d6f7, org.springframework.security.web.header.HeaderWriterFilter@345ad091, org.springframework.security.web.authentication.logout.LogoutFilter@408cb445, org.springframework.security.oauth2.provider.client.ClientCredentialsTokenEndpointFilter@35ab67ef, org.springframework.security.web.authentication.www.BasicAuthenticationFilter@5ae61659, org.springframework.security.web.savedrequest.RequestCacheAwareFilter@49421539, org.springframework.security.web.servletapi.SecurityContextHolderAwareRequestFilter@2bfe8ad8, org.springframework.security.web.authentication.AnonymousAuthenticationFilter@79c5bcf6, org.springframework.security.web.session.SessionManagementFilter@320b3250, org.springframework.security.web.access.ExceptionTranslationFilter@7e433422, org.springframework.security.web.access.intercept.FilterSecurityInterceptor@77e4eaad]
2018-12-22 13:23:52.488  INFO 11736 --- [           main] o.s.s.web.DefaultSecurityFilterChain     : Creating filter chain: org.springframework.boot.actuate.autoconfigure.ManagementWebSecurityAutoConfiguration$LazyEndpointPathRequestMatcher@4228d654, [org.springframework.security.web.context.request.async.WebAsyncManagerIntegrationFilter@7a08dbb2, org.springframework.security.web.context.SecurityContextPersistenceFilter@47ea2b95, org.springframework.security.web.header.HeaderWriterFilter@4bd6b9d5, org.springframework.security.web.authentication.logout.LogoutFilter@cac4d16, org.springframework.security.web.authentication.www.BasicAuthenticationFilter@cff3fa2, org.springframework.security.web.savedrequest.RequestCacheAwareFilter@68041e9a, org.springframework.security.web.servletapi.SecurityContextHolderAwareRequestFilter@16e20a5e, org.springframework.security.web.authentication.AnonymousAuthenticationFilter@2bbc5f2b, org.springframework.security.web.session.SessionManagementFilter@5b983985, org.springframework.security.web.access.ExceptionTranslationFilter@27211c1e, org.springframework.security.web.access.intercept.FilterSecurityInterceptor@7714ce26]
2018-12-22 13:23:52.503  INFO 11736 --- [           main] o.s.s.w.a.c.ChannelProcessingFilter      : Validated configuration attributes
2018-12-22 13:23:52.503  INFO 11736 --- [           main] o.s.s.web.DefaultSecurityFilterChain     : Creating filter chain: org.springframework.security.oauth2.config.annotation.web.configuration.ResourceServerConfiguration$NotOAuthRequestMatcher@5061c8bf, [org.springframework.security.web.access.channel.ChannelProcessingFilter@29358659, org.springframework.security.web.context.request.async.WebAsyncManagerIntegrationFilter@3980d8b1, org.springframework.security.web.context.SecurityContextPersistenceFilter@5f7f577f, org.springframework.security.web.header.HeaderWriterFilter@5af48340, org.springframework.security.web.authentication.logout.LogoutFilter@97a962b, org.springframework.security.oauth2.provider.authentication.OAuth2AuthenticationProcessingFilter@344254e7, org.springframework.security.web.savedrequest.RequestCacheAwareFilter@157b978d, org.springframework.security.web.servletapi.SecurityContextHolderAwareRequestFilter@6bebe8e1, org.springframework.security.web.authentication.AnonymousAuthenticationFilter@47b1fa5f, org.springframework.security.web.session.SessionManagementFilter@77b2a827, org.springframework.security.web.access.ExceptionTranslationFilter@5ce2d588, org.springframework.security.web.access.intercept.FilterSecurityInterceptor@41b8c5c3]
2018-12-22 13:23:52.570  INFO 11736 --- [           main] s.w.s.m.m.a.RequestMappingHandlerAdapter : Looking for @ControllerAdvice: org.springframework.boot.context.embedded.AnnotationConfigEmbeddedWebApplicationContext@5134e583: startup date [Sat Dec 22 13:23:51 IST 2018]; root of context hierarchy
2018-12-22 13:23:52.585  INFO 11736 --- [           main] s.w.s.m.m.a.RequestMappingHandlerMapping : Mapped "{[/service/accounts],methods=[GET],produces=[application/json]}" onto public java.util.Collection<org.zlogic.vogon.data.FinanceAccount> org.zlogic.vogon.web.controller.AccountsController.getAllAccounts(org.zlogic.vogon.web.security.VogonSecurityUser)
2018-12-22 13:23:52.585  INFO 11736 --- [           main] s.w.s.m.m.a.RequestMappingHandlerMapping : Mapped "{[/service/accounts],methods=[POST],produces=[application/json]}" onto public java.util.Collection<org.zlogic.vogon.data.FinanceAccount> org.zlogic.vogon.web.controller.AccountsController.updateAccounts(java.util.Collection<org.zlogic.vogon.data.FinanceAccount>,org.zlogic.vogon.web.security.VogonSecurityUser)
2018-12-22 13:23:52.585  INFO 11736 --- [           main] s.w.s.m.m.a.RequestMappingHandlerMapping : Mapped "{[/service/analytics/tags],methods=[GET],produces=[application/json]}" onto public java.util.Set<java.lang.String> org.zlogic.vogon.web.controller.AnalyticsController.getAllTags(org.zlogic.vogon.web.security.VogonSecurityUser)
2018-12-22 13:23:52.585  INFO 11736 --- [           main] s.w.s.m.m.a.RequestMappingHandlerMapping : Mapped "{[/service/analytics],methods=[POST],produces=[application/json]}" onto public java.util.Map<java.lang.String, org.zlogic.vogon.data.report.Report> org.zlogic.vogon.web.controller.AnalyticsController.getReport(org.zlogic.vogon.data.report.ReportFactory,org.zlogic.vogon.web.security.VogonSecurityUser)
2018-12-22 13:23:52.585  INFO 11736 --- [           main] s.w.s.m.m.a.RequestMappingHandlerMapping : Mapped "{[/service/currencies],methods=[GET],produces=[application/json]}" onto public java.util.Collection<org.zlogic.vogon.web.data.model.CurrencyDetails> org.zlogic.vogon.web.controller.CurrenciesController.getAllCurrencies()
2018-12-22 13:23:52.585  INFO 11736 --- [           main] s.w.s.m.m.a.RequestMappingHandlerMapping : Mapped "{[/service/export],methods=[GET || POST]}" onto public org.springframework.http.HttpEntity<byte[]> org.zlogic.vogon.web.controller.DataController.exportDataJSON(org.zlogic.vogon.web.security.VogonSecurityUser) throws java.lang.RuntimeException
2018-12-22 13:23:52.585  INFO 11736 --- [           main] s.w.s.m.m.a.RequestMappingHandlerMapping : Mapped "{[/service/import],methods=[POST],consumes=[multipart/form-data],produces=[application/json]}" onto public java.lang.Boolean org.zlogic.vogon.web.controller.DataController.importData(org.springframework.web.multipart.MultipartFile,org.zlogic.vogon.web.security.VogonSecurityUser) throws java.lang.RuntimeException
2018-12-22 13:23:52.585  INFO 11736 --- [           main] s.w.s.m.m.a.RequestMappingHandlerMapping : Mapped "{[/fragments/{fragment}.fragment]}" onto public org.springframework.web.servlet.ModelAndView org.zlogic.vogon.web.controller.JspController.fragmentModelAndView(java.lang.String)
2018-12-22 13:23:52.585  INFO 11736 --- [           main] s.w.s.m.m.a.RequestMappingHandlerMapping : Mapped "{[/]}" onto public org.springframework.web.servlet.ModelAndView org.zlogic.vogon.web.controller.JspController.indexModelAndView()
2018-12-22 13:23:52.585  INFO 11736 --- [           main] s.w.s.m.m.a.RequestMappingHandlerMapping : Mapped "{[/oauth/logout],methods=[POST]}" onto public void org.zlogic.vogon.web.controller.LogoutController.logout(org.springframework.security.oauth2.provider.OAuth2Authentication) throws org.zlogic.vogon.web.security.UsernameExistsException
2018-12-22 13:23:52.585  INFO 11736 --- [           main] s.w.s.m.m.a.RequestMappingHandlerMapping : Mapped "{[/register],methods=[POST],produces=[application/json]}" onto public org.zlogic.vogon.data.VogonUser org.zlogic.vogon.web.controller.RegistrationController.register(org.zlogic.vogon.data.VogonUser) throws org.zlogic.vogon.web.security.UsernameExistsException
2018-12-22 13:23:52.585  INFO 11736 --- [           main] s.w.s.m.m.a.RequestMappingHandlerMapping : Mapped "{[/service/transactions/transaction/{id}],methods=[GET],produces=[application/json]}" onto public org.zlogic.vogon.web.data.model.FinanceTransactionJson org.zlogic.vogon.web.controller.TransactionsController.getTransaction(long,org.zlogic.vogon.web.security.VogonSecurityUser)
2018-12-22 13:23:52.585  INFO 11736 --- [           main] s.w.s.m.m.a.RequestMappingHandlerMapping : Mapped "{[/service/transactions],methods=[GET],produces=[application/json]}" onto public java.util.Collection<org.zlogic.vogon.web.data.model.FinanceTransactionJson> org.zlogic.vogon.web.controller.TransactionsController.getTransactions(java.lang.Integer,org.zlogic.vogon.web.controller.TransactionsController$SortColumn,org.springframework.data.domain.Sort$Direction,java.lang.String,java.util.Date,java.util.Collection<java.lang.String>,org.zlogic.vogon.web.security.VogonSecurityUser)
2018-12-22 13:23:52.585  INFO 11736 --- [           main] s.w.s.m.m.a.RequestMappingHandlerMapping : Mapped "{[/service/transactions],methods=[POST],produces=[application/json]}" onto public org.zlogic.vogon.web.data.model.FinanceTransactionJson org.zlogic.vogon.web.controller.TransactionsController.submitTransaction(org.zlogic.vogon.web.data.model.FinanceTransactionJson,org.zlogic.vogon.web.security.VogonSecurityUser)
2018-12-22 13:23:52.585  INFO 11736 --- [           main] s.w.s.m.m.a.RequestMappingHandlerMapping : Mapped "{[/service/transactions/pages],methods=[GET],produces=[application/json]}" onto public long org.zlogic.vogon.web.controller.TransactionsController.getTransactionsCount(org.zlogic.vogon.web.security.VogonSecurityUser)
2018-12-22 13:23:52.585  INFO 11736 --- [           main] s.w.s.m.m.a.RequestMappingHandlerMapping : Mapped "{[/service/transactions/transaction/{id}],methods=[DELETE],produces=[application/json]}" onto public org.zlogic.vogon.web.data.model.FinanceTransactionJson org.zlogic.vogon.web.controller.TransactionsController.deleteTransaction(long,org.zlogic.vogon.web.security.VogonSecurityUser)
2018-12-22 13:23:52.585  INFO 11736 --- [           main] s.w.s.m.m.a.RequestMappingHandlerMapping : Mapped "{[/service/user],methods=[POST],produces=[application/json]}" onto public org.zlogic.vogon.data.VogonUser org.zlogic.vogon.web.controller.UsersController.submitUser(org.zlogic.vogon.data.VogonUser,org.zlogic.vogon.web.security.VogonSecurityUser) throws org.zlogic.vogon.web.security.UsernameExistsException
2018-12-22 13:23:52.585  INFO 11736 --- [           main] s.w.s.m.m.a.RequestMappingHandlerMapping : Mapped "{[/service/user],methods=[GET],produces=[application/json]}" onto public org.zlogic.vogon.data.VogonUser org.zlogic.vogon.web.controller.UsersController.getUserData(org.zlogic.vogon.web.security.VogonSecurityUser)
2018-12-22 13:23:52.585  INFO 11736 --- [           main] s.w.s.m.m.a.RequestMappingHandlerMapping : Mapped "{[/error]}" onto public org.springframework.http.ResponseEntity<java.util.Map<java.lang.String, java.lang.Object>> org.springframework.boot.autoconfigure.web.BasicErrorController.error(javax.servlet.http.HttpServletRequest)
2018-12-22 13:23:52.585  INFO 11736 --- [           main] s.w.s.m.m.a.RequestMappingHandlerMapping : Mapped "{[/error],produces=[text/html]}" onto public org.springframework.web.servlet.ModelAndView org.springframework.boot.autoconfigure.web.BasicErrorController.errorHtml(javax.servlet.http.HttpServletRequest,javax.servlet.http.HttpServletResponse)
2018-12-22 13:23:52.601  INFO 11736 --- [           main] o.s.w.s.handler.SimpleUrlHandlerMapping  : Root mapping to handler of type [class org.springframework.web.servlet.mvc.ParameterizableViewController]
2018-12-22 13:23:52.781  INFO 11736 --- [           main] o.s.w.s.handler.SimpleUrlHandlerMapping  : Mapped URL path [/webjars/**] onto handler of type [class org.springframework.web.servlet.resource.ResourceHttpRequestHandler]
2018-12-22 13:23:52.781  INFO 11736 --- [           main] o.s.w.s.handler.SimpleUrlHandlerMapping  : Mapped URL path [/**] onto handler of type [class org.springframework.web.servlet.resource.ResourceHttpRequestHandler]
2018-12-22 13:23:52.782  INFO 11736 --- [           main] o.s.w.s.handler.SimpleUrlHandlerMapping  : Mapped URL path [/**] onto handler of type [class org.springframework.web.servlet.resource.DefaultServletHttpRequestHandler]
2018-12-22 13:23:52.789  INFO 11736 --- [           main] o.s.w.s.handler.SimpleUrlHandlerMapping  : Mapped URL path [/**/favicon.ico] onto handler of type [class org.springframework.web.servlet.resource.ResourceHttpRequestHandler]
2018-12-22 13:23:52.981  INFO 11736 --- [           main] o.s.b.a.e.mvc.EndpointHandlerMapping     : Mapped "{[/env/{name:.*}],methods=[GET],produces=[application/vnd.spring-boot.actuator.v1+json || application/json]}" onto public java.lang.Object org.springframework.boot.actuate.endpoint.mvc.EnvironmentMvcEndpoint.value(java.lang.String)
2018-12-22 13:23:52.981  INFO 11736 --- [           main] o.s.b.a.e.mvc.EndpointHandlerMapping     : Mapped "{[/env || /env.json],methods=[GET],produces=[application/vnd.spring-boot.actuator.v1+json || application/json]}" onto public java.lang.Object org.springframework.boot.actuate.endpoint.mvc.EndpointMvcAdapter.invoke()
2018-12-22 13:23:52.981  INFO 11736 --- [           main] o.s.b.a.e.mvc.EndpointHandlerMapping     : Mapped "{[/mappings || /mappings.json],methods=[GET],produces=[application/vnd.spring-boot.actuator.v1+json || application/json]}" onto public java.lang.Object org.springframework.boot.actuate.endpoint.mvc.EndpointMvcAdapter.invoke()
2018-12-22 13:23:52.981  INFO 11736 --- [           main] o.s.b.a.e.mvc.EndpointHandlerMapping     : Mapped "{[/info || /info.json],methods=[GET],produces=[application/vnd.spring-boot.actuator.v1+json || application/json]}" onto public java.lang.Object org.springframework.boot.actuate.endpoint.mvc.EndpointMvcAdapter.invoke()
2018-12-22 13:23:52.981  INFO 11736 --- [           main] o.s.b.a.e.mvc.EndpointHandlerMapping     : Mapped "{[/dump || /dump.json],methods=[GET],produces=[application/vnd.spring-boot.actuator.v1+json || application/json]}" onto public java.lang.Object org.springframework.boot.actuate.endpoint.mvc.EndpointMvcAdapter.invoke()
2018-12-22 13:23:52.981  INFO 11736 --- [           main] o.s.b.a.e.mvc.EndpointHandlerMapping     : Mapped "{[/beans || /beans.json],methods=[GET],produces=[application/vnd.spring-boot.actuator.v1+json || application/json]}" onto public java.lang.Object org.springframework.boot.actuate.endpoint.mvc.EndpointMvcAdapter.invoke()
2018-12-22 13:23:52.981  INFO 11736 --- [           main] o.s.b.a.e.mvc.EndpointHandlerMapping     : Mapped "{[/autoconfig || /autoconfig.json],methods=[GET],produces=[application/vnd.spring-boot.actuator.v1+json || application/json]}" onto public java.lang.Object org.springframework.boot.actuate.endpoint.mvc.EndpointMvcAdapter.invoke()
2018-12-22 13:23:52.981  INFO 11736 --- [           main] o.s.b.a.e.mvc.EndpointHandlerMapping     : Mapped "{[/configprops || /configprops.json],methods=[GET],produces=[application/vnd.spring-boot.actuator.v1+json || application/json]}" onto public java.lang.Object org.springframework.boot.actuate.endpoint.mvc.EndpointMvcAdapter.invoke()
2018-12-22 13:23:52.981  INFO 11736 --- [           main] o.s.b.a.e.mvc.EndpointHandlerMapping     : Mapped "{[/trace || /trace.json],methods=[GET],produces=[application/vnd.spring-boot.actuator.v1+json || application/json]}" onto public java.lang.Object org.springframework.boot.actuate.endpoint.mvc.EndpointMvcAdapter.invoke()
2018-12-22 13:23:52.982  INFO 11736 --- [           main] o.s.b.a.e.mvc.EndpointHandlerMapping     : Mapped "{[/loggers/{name:.*}],methods=[GET],produces=[application/vnd.spring-boot.actuator.v1+json || application/json]}" onto public java.lang.Object org.springframework.boot.actuate.endpoint.mvc.LoggersMvcEndpoint.get(java.lang.String)
2018-12-22 13:23:52.982  INFO 11736 --- [           main] o.s.b.a.e.mvc.EndpointHandlerMapping     : Mapped "{[/loggers/{name:.*}],methods=[POST],consumes=[application/vnd.spring-boot.actuator.v1+json || application/json],produces=[application/vnd.spring-boot.actuator.v1+json || application/json]}" onto public java.lang.Object org.springframework.boot.actuate.endpoint.mvc.LoggersMvcEndpoint.set(java.lang.String,java.util.Map<java.lang.String, java.lang.String>)
2018-12-22 13:23:52.982  INFO 11736 --- [           main] o.s.b.a.e.mvc.EndpointHandlerMapping     : Mapped "{[/loggers || /loggers.json],methods=[GET],produces=[application/vnd.spring-boot.actuator.v1+json || application/json]}" onto public java.lang.Object org.springframework.boot.actuate.endpoint.mvc.EndpointMvcAdapter.invoke()
2018-12-22 13:23:52.982  INFO 11736 --- [           main] o.s.b.a.e.mvc.EndpointHandlerMapping     : Mapped "{[/health || /health.json],methods=[GET],produces=[application/vnd.spring-boot.actuator.v1+json || application/json]}" onto public java.lang.Object org.springframework.boot.actuate.endpoint.mvc.HealthMvcEndpoint.invoke(javax.servlet.http.HttpServletRequest,java.security.Principal)
2018-12-22 13:23:52.982  INFO 11736 --- [           main] o.s.b.a.e.mvc.EndpointHandlerMapping     : Mapped "{[/auditevents || /auditevents.json],methods=[GET],produces=[application/vnd.spring-boot.actuator.v1+json || application/json]}" onto public org.springframework.http.ResponseEntity<?> org.springframework.boot.actuate.endpoint.mvc.AuditEventsMvcEndpoint.findByPrincipalAndAfterAndType(java.lang.String,java.util.Date,java.lang.String)
2018-12-22 13:23:52.983  INFO 11736 --- [           main] o.s.b.a.e.mvc.EndpointHandlerMapping     : Mapped "{[/heapdump || /heapdump.json],methods=[GET],produces=[application/octet-stream]}" onto public void org.springframework.boot.actuate.endpoint.mvc.HeapdumpMvcEndpoint.invoke(boolean,javax.servlet.http.HttpServletRequest,javax.servlet.http.HttpServletResponse) throws java.io.IOException,javax.servlet.ServletException
2018-12-22 13:23:52.983  INFO 11736 --- [           main] o.s.b.a.e.mvc.EndpointHandlerMapping     : Mapped "{[/metrics/{name:.*}],methods=[GET],produces=[application/vnd.spring-boot.actuator.v1+json || application/json]}" onto public java.lang.Object org.springframework.boot.actuate.endpoint.mvc.MetricsMvcEndpoint.value(java.lang.String)
2018-12-22 13:23:52.983  INFO 11736 --- [           main] o.s.b.a.e.mvc.EndpointHandlerMapping     : Mapped "{[/metrics || /metrics.json],methods=[GET],produces=[application/vnd.spring-boot.actuator.v1+json || application/json]}" onto public java.lang.Object org.springframework.boot.actuate.endpoint.mvc.EndpointMvcAdapter.invoke()
2018-12-22 13:23:53.078 ERROR 11736 --- [           main] o.a.coyote.http11.Http11NioProtocol      : Failed to start end point associated with ProtocolHandler ["http-nio-8080"]

java.net.BindException: Address already in use: bind
	at sun.nio.ch.Net.bind0(Native Method) ~[na:1.8.0_191]
	at sun.nio.ch.Net.bind(Net.java:433) ~[na:1.8.0_191]
	at sun.nio.ch.Net.bind(Net.java:425) ~[na:1.8.0_191]
	at sun.nio.ch.ServerSocketChannelImpl.bind(ServerSocketChannelImpl.java:223) ~[na:1.8.0_191]
	at sun.nio.ch.ServerSocketAdaptor.bind(ServerSocketAdaptor.java:74) ~[na:1.8.0_191]
	at org.apache.tomcat.util.net.NioEndpoint.bind(NioEndpoint.java:210) ~[tomcat-embed-core-8.5.14.jar:8.5.14]
	at org.apache.tomcat.util.net.AbstractEndpoint.start(AbstractEndpoint.java:978) ~[tomcat-embed-core-8.5.14.jar:8.5.14]
	at org.apache.coyote.AbstractProtocol.start(AbstractProtocol.java:628) ~[tomcat-embed-core-8.5.14.jar:8.5.14]
	at org.apache.catalina.connector.Connector.startInternal(Connector.java:993) [tomcat-embed-core-8.5.14.jar:8.5.14]
	at org.apache.catalina.util.LifecycleBase.start(LifecycleBase.java:150) [tomcat-embed-core-8.5.14.jar:8.5.14]
	at org.apache.catalina.core.StandardService.addConnector(StandardService.java:225) [tomcat-embed-core-8.5.14.jar:8.5.14]
	at org.springframework.boot.context.embedded.tomcat.TomcatEmbeddedServletContainer.addPreviouslyRemovedConnectors(TomcatEmbeddedServletContainer.java:247) [spring-boot-1.5.3.RELEASE.jar:1.5.3.RELEASE]
	at org.springframework.boot.context.embedded.tomcat.TomcatEmbeddedServletContainer.start(TomcatEmbeddedServletContainer.java:190) [spring-boot-1.5.3.RELEASE.jar:1.5.3.RELEASE]
	at org.springframework.boot.context.embedded.EmbeddedWebApplicationContext.startEmbeddedServletContainer(EmbeddedWebApplicationContext.java:297) [spring-boot-1.5.3.RELEASE.jar:1.5.3.RELEASE]
	at org.springframework.boot.context.embedded.EmbeddedWebApplicationContext.finishRefresh(EmbeddedWebApplicationContext.java:145) [spring-boot-1.5.3.RELEASE.jar:1.5.3.RELEASE]
	at org.springframework.context.support.AbstractApplicationContext.refresh(AbstractApplicationContext.java:545) [spring-context-4.3.8.RELEASE.jar:4.3.8.RELEASE]
	at org.springframework.boot.context.embedded.EmbeddedWebApplicationContext.refresh(EmbeddedWebApplicationContext.java:122) [spring-boot-1.5.3.RELEASE.jar:1.5.3.RELEASE]
	at org.springframework.boot.SpringApplication.refresh(SpringApplication.java:737) [spring-boot-1.5.3.RELEASE.jar:1.5.3.RELEASE]
	at org.springframework.boot.SpringApplication.refreshContext(SpringApplication.java:370) [spring-boot-1.5.3.RELEASE.jar:1.5.3.RELEASE]
	at org.springframework.boot.SpringApplication.run(SpringApplication.java:314) [spring-boot-1.5.3.RELEASE.jar:1.5.3.RELEASE]
	at org.springframework.boot.test.context.SpringBootContextLoader.loadContext(SpringBootContextLoader.java:120) [spring-boot-test-1.5.3.RELEASE.jar:1.5.3.RELEASE]
	at org.springframework.test.context.cache.DefaultCacheAwareContextLoaderDelegate.loadContextInternal(DefaultCacheAwareContextLoaderDelegate.java:98) [spring-test-4.3.8.RELEASE.jar:4.3.8.RELEASE]
	at org.springframework.test.context.cache.DefaultCacheAwareContextLoaderDelegate.loadContext(DefaultCacheAwareContextLoaderDelegate.java:116) [spring-test-4.3.8.RELEASE.jar:4.3.8.RELEASE]
	at org.springframework.test.context.support.DefaultTestContext.getApplicationContext(DefaultTestContext.java:83) [spring-test-4.3.8.RELEASE.jar:4.3.8.RELEASE]
	at org.springframework.test.context.support.DependencyInjectionTestExecutionListener.injectDependencies(DependencyInjectionTestExecutionListener.java:117) [spring-test-4.3.8.RELEASE.jar:4.3.8.RELEASE]
	at org.springframework.test.context.support.DependencyInjectionTestExecutionListener.prepareTestInstance(DependencyInjectionTestExecutionListener.java:83) [spring-test-4.3.8.RELEASE.jar:4.3.8.RELEASE]
	at org.springframework.boot.test.autoconfigure.SpringBootDependencyInjectionTestExecutionListener.prepareTestInstance(SpringBootDependencyInjectionTestExecutionListener.java:44) [spring-boot-test-autoconfigure-1.5.3.RELEASE.jar:1.5.3.RELEASE]
	at org.springframework.test.context.TestContextManager.prepareTestInstance(TestContextManager.java:230) [spring-test-4.3.8.RELEASE.jar:4.3.8.RELEASE]
	at org.springframework.test.context.junit4.SpringJUnit4ClassRunner.createTest(SpringJUnit4ClassRunner.java:228) [spring-test-4.3.8.RELEASE.jar:4.3.8.RELEASE]
	at org.springframework.test.context.junit4.SpringJUnit4ClassRunner$1.runReflectiveCall(SpringJUnit4ClassRunner.java:287) [spring-test-4.3.8.RELEASE.jar:4.3.8.RELEASE]
	at org.junit.internal.runners.model.ReflectiveCallable.run(ReflectiveCallable.java:12) [junit-4.12.jar:4.12]
	at org.springframework.test.context.junit4.SpringJUnit4ClassRunner.methodBlock(SpringJUnit4ClassRunner.java:289) [spring-test-4.3.8.RELEASE.jar:4.3.8.RELEASE]
	at org.springframework.test.context.junit4.SpringJUnit4ClassRunner.runChild(SpringJUnit4ClassRunner.java:247) [spring-test-4.3.8.RELEASE.jar:4.3.8.RELEASE]
	at org.springframework.test.context.junit4.SpringJUnit4ClassRunner.runChild(SpringJUnit4ClassRunner.java:94) [spring-test-4.3.8.RELEASE.jar:4.3.8.RELEASE]
	at org.junit.runners.ParentRunner$3.run(ParentRunner.java:290) [junit-4.12.jar:4.12]
	at org.junit.runners.ParentRunner$1.schedule(ParentRunner.java:71) [junit-4.12.jar:4.12]
	at org.junit.runners.ParentRunner.runChildren(ParentRunner.java:288) [junit-4.12.jar:4.12]
	at org.junit.runners.ParentRunner.access$000(ParentRunner.java:58) [junit-4.12.jar:4.12]
	at org.junit.runners.ParentRunner$2.evaluate(ParentRunner.java:268) [junit-4.12.jar:4.12]
	at org.springframework.test.context.junit4.statements.RunBeforeTestClassCallbacks.evaluate(RunBeforeTestClassCallbacks.java:61) [spring-test-4.3.8.RELEASE.jar:4.3.8.RELEASE]
	at org.springframework.test.context.junit4.statements.RunAfterTestClassCallbacks.evaluate(RunAfterTestClassCallbacks.java:70) [spring-test-4.3.8.RELEASE.jar:4.3.8.RELEASE]
	at org.junit.runners.ParentRunner.run(ParentRunner.java:363) [junit-4.12.jar:4.12]
	at org.springframework.test.context.junit4.SpringJUnit4ClassRunner.run(SpringJUnit4ClassRunner.java:191) [spring-test-4.3.8.RELEASE.jar:4.3.8.RELEASE]
	at org.apache.maven.surefire.junit4.JUnit4Provider.execute(JUnit4Provider.java:365) [surefire-junit4-2.20.jar:2.20]
	at org.apache.maven.surefire.junit4.JUnit4Provider.executeWithRerun(JUnit4Provider.java:272) [surefire-junit4-2.20.jar:2.20]
	at org.apache.maven.surefire.junit4.JUnit4Provider.executeTestSet(JUnit4Provider.java:236) [surefire-junit4-2.20.jar:2.20]
	at org.apache.maven.surefire.junit4.JUnit4Provider.invoke(JUnit4Provider.java:159) [surefire-junit4-2.20.jar:2.20]
	at org.apache.maven.surefire.booter.ForkedBooter.invokeProviderInSameClassLoader(ForkedBooter.java:386) [surefire-booter-2.20.jar:2.20]
	at org.apache.maven.surefire.booter.ForkedBooter.runSuitesInProcess(ForkedBooter.java:323) [surefire-booter-2.20.jar:2.20]
	at org.apache.maven.surefire.booter.ForkedBooter.main(ForkedBooter.java:143) [surefire-booter-2.20.jar:2.20]

2018-12-22 13:23:53.079 ERROR 11736 --- [           main] o.apache.catalina.core.StandardService   : Failed to start connector [Connector[HTTP/1.1-8080]]

org.apache.catalina.LifecycleException: Failed to start component [Connector[HTTP/1.1-8080]]
	at org.apache.catalina.util.LifecycleBase.start(LifecycleBase.java:167) ~[tomcat-embed-core-8.5.14.jar:8.5.14]
	at org.apache.catalina.core.StandardService.addConnector(StandardService.java:225) ~[tomcat-embed-core-8.5.14.jar:8.5.14]
	at org.springframework.boot.context.embedded.tomcat.TomcatEmbeddedServletContainer.addPreviouslyRemovedConnectors(TomcatEmbeddedServletContainer.java:247) [spring-boot-1.5.3.RELEASE.jar:1.5.3.RELEASE]
	at org.springframework.boot.context.embedded.tomcat.TomcatEmbeddedServletContainer.start(TomcatEmbeddedServletContainer.java:190) [spring-boot-1.5.3.RELEASE.jar:1.5.3.RELEASE]
	at org.springframework.boot.context.embedded.EmbeddedWebApplicationContext.startEmbeddedServletContainer(EmbeddedWebApplicationContext.java:297) [spring-boot-1.5.3.RELEASE.jar:1.5.3.RELEASE]
	at org.springframework.boot.context.embedded.EmbeddedWebApplicationContext.finishRefresh(EmbeddedWebApplicationContext.java:145) [spring-boot-1.5.3.RELEASE.jar:1.5.3.RELEASE]
	at org.springframework.context.support.AbstractApplicationContext.refresh(AbstractApplicationContext.java:545) [spring-context-4.3.8.RELEASE.jar:4.3.8.RELEASE]
	at org.springframework.boot.context.embedded.EmbeddedWebApplicationContext.refresh(EmbeddedWebApplicationContext.java:122) [spring-boot-1.5.3.RELEASE.jar:1.5.3.RELEASE]
	at org.springframework.boot.SpringApplication.refresh(SpringApplication.java:737) [spring-boot-1.5.3.RELEASE.jar:1.5.3.RELEASE]
	at org.springframework.boot.SpringApplication.refreshContext(SpringApplication.java:370) [spring-boot-1.5.3.RELEASE.jar:1.5.3.RELEASE]
	at org.springframework.boot.SpringApplication.run(SpringApplication.java:314) [spring-boot-1.5.3.RELEASE.jar:1.5.3.RELEASE]
	at org.springframework.boot.test.context.SpringBootContextLoader.loadContext(SpringBootContextLoader.java:120) [spring-boot-test-1.5.3.RELEASE.jar:1.5.3.RELEASE]
	at org.springframework.test.context.cache.DefaultCacheAwareContextLoaderDelegate.loadContextInternal(DefaultCacheAwareContextLoaderDelegate.java:98) [spring-test-4.3.8.RELEASE.jar:4.3.8.RELEASE]
	at org.springframework.test.context.cache.DefaultCacheAwareContextLoaderDelegate.loadContext(DefaultCacheAwareContextLoaderDelegate.java:116) [spring-test-4.3.8.RELEASE.jar:4.3.8.RELEASE]
	at org.springframework.test.context.support.DefaultTestContext.getApplicationContext(DefaultTestContext.java:83) [spring-test-4.3.8.RELEASE.jar:4.3.8.RELEASE]
	at org.springframework.test.context.support.DependencyInjectionTestExecutionListener.injectDependencies(DependencyInjectionTestExecutionListener.java:117) [spring-test-4.3.8.RELEASE.jar:4.3.8.RELEASE]
	at org.springframework.test.context.support.DependencyInjectionTestExecutionListener.prepareTestInstance(DependencyInjectionTestExecutionListener.java:83) [spring-test-4.3.8.RELEASE.jar:4.3.8.RELEASE]
	at org.springframework.boot.test.autoconfigure.SpringBootDependencyInjectionTestExecutionListener.prepareTestInstance(SpringBootDependencyInjectionTestExecutionListener.java:44) [spring-boot-test-autoconfigure-1.5.3.RELEASE.jar:1.5.3.RELEASE]
	at org.springframework.test.context.TestContextManager.prepareTestInstance(TestContextManager.java:230) [spring-test-4.3.8.RELEASE.jar:4.3.8.RELEASE]
	at org.springframework.test.context.junit4.SpringJUnit4ClassRunner.createTest(SpringJUnit4ClassRunner.java:228) [spring-test-4.3.8.RELEASE.jar:4.3.8.RELEASE]
	at org.springframework.test.context.junit4.SpringJUnit4ClassRunner$1.runReflectiveCall(SpringJUnit4ClassRunner.java:287) [spring-test-4.3.8.RELEASE.jar:4.3.8.RELEASE]
	at org.junit.internal.runners.model.ReflectiveCallable.run(ReflectiveCallable.java:12) [junit-4.12.jar:4.12]
	at org.springframework.test.context.junit4.SpringJUnit4ClassRunner.methodBlock(SpringJUnit4ClassRunner.java:289) [spring-test-4.3.8.RELEASE.jar:4.3.8.RELEASE]
	at org.springframework.test.context.junit4.SpringJUnit4ClassRunner.runChild(SpringJUnit4ClassRunner.java:247) [spring-test-4.3.8.RELEASE.jar:4.3.8.RELEASE]
	at org.springframework.test.context.junit4.SpringJUnit4ClassRunner.runChild(SpringJUnit4ClassRunner.java:94) [spring-test-4.3.8.RELEASE.jar:4.3.8.RELEASE]
	at org.junit.runners.ParentRunner$3.run(ParentRunner.java:290) [junit-4.12.jar:4.12]
	at org.junit.runners.ParentRunner$1.schedule(ParentRunner.java:71) [junit-4.12.jar:4.12]
	at org.junit.runners.ParentRunner.runChildren(ParentRunner.java:288) [junit-4.12.jar:4.12]
	at org.junit.runners.ParentRunner.access$000(ParentRunner.java:58) [junit-4.12.jar:4.12]
	at org.junit.runners.ParentRunner$2.evaluate(ParentRunner.java:268) [junit-4.12.jar:4.12]
	at org.springframework.test.context.junit4.statements.RunBeforeTestClassCallbacks.evaluate(RunBeforeTestClassCallbacks.java:61) [spring-test-4.3.8.RELEASE.jar:4.3.8.RELEASE]
	at org.springframework.test.context.junit4.statements.RunAfterTestClassCallbacks.evaluate(RunAfterTestClassCallbacks.java:70) [spring-test-4.3.8.RELEASE.jar:4.3.8.RELEASE]
	at org.junit.runners.ParentRunner.run(ParentRunner.java:363) [junit-4.12.jar:4.12]
	at org.springframework.test.context.junit4.SpringJUnit4ClassRunner.run(SpringJUnit4ClassRunner.java:191) [spring-test-4.3.8.RELEASE.jar:4.3.8.RELEASE]
	at org.apache.maven.surefire.junit4.JUnit4Provider.execute(JUnit4Provider.java:365) [surefire-junit4-2.20.jar:2.20]
	at org.apache.maven.surefire.junit4.JUnit4Provider.executeWithRerun(JUnit4Provider.java:272) [surefire-junit4-2.20.jar:2.20]
	at org.apache.maven.surefire.junit4.JUnit4Provider.executeTestSet(JUnit4Provider.java:236) [surefire-junit4-2.20.jar:2.20]
	at org.apache.maven.surefire.junit4.JUnit4Provider.invoke(JUnit4Provider.java:159) [surefire-junit4-2.20.jar:2.20]
	at org.apache.maven.surefire.booter.ForkedBooter.invokeProviderInSameClassLoader(ForkedBooter.java:386) [surefire-booter-2.20.jar:2.20]
	at org.apache.maven.surefire.booter.ForkedBooter.runSuitesInProcess(ForkedBooter.java:323) [surefire-booter-2.20.jar:2.20]
	at org.apache.maven.surefire.booter.ForkedBooter.main(ForkedBooter.java:143) [surefire-booter-2.20.jar:2.20]
Caused by: org.apache.catalina.LifecycleException: service.getName(): "Tomcat";  Protocol handler start failed
	at org.apache.catalina.connector.Connector.startInternal(Connector.java:1000) ~[tomcat-embed-core-8.5.14.jar:8.5.14]
	at org.apache.catalina.util.LifecycleBase.start(LifecycleBase.java:150) ~[tomcat-embed-core-8.5.14.jar:8.5.14]
	... 40 common frames omitted
Caused by: java.net.BindException: Address already in use: bind
	at sun.nio.ch.Net.bind0(Native Method) ~[na:1.8.0_191]
	at sun.nio.ch.Net.bind(Net.java:433) ~[na:1.8.0_191]
	at sun.nio.ch.Net.bind(Net.java:425) ~[na:1.8.0_191]
	at sun.nio.ch.ServerSocketChannelImpl.bind(ServerSocketChannelImpl.java:223) ~[na:1.8.0_191]
	at sun.nio.ch.ServerSocketAdaptor.bind(ServerSocketAdaptor.java:74) ~[na:1.8.0_191]
	at org.apache.tomcat.util.net.NioEndpoint.bind(NioEndpoint.java:210) ~[tomcat-embed-core-8.5.14.jar:8.5.14]
	at org.apache.tomcat.util.net.AbstractEndpoint.start(AbstractEndpoint.java:978) ~[tomcat-embed-core-8.5.14.jar:8.5.14]
	at org.apache.coyote.AbstractProtocol.start(AbstractProtocol.java:628) ~[tomcat-embed-core-8.5.14.jar:8.5.14]
	at org.apache.catalina.connector.Connector.startInternal(Connector.java:993) ~[tomcat-embed-core-8.5.14.jar:8.5.14]
	... 41 common frames omitted

2018-12-22 13:23:53.219  INFO 11736 --- [           main] o.apache.catalina.core.StandardService   : Stopping service Tomcat
2018-12-22 13:23:53.219  INFO 11736 --- [           main] utoConfigurationReportLoggingInitializer : 

Error starting ApplicationContext. To display the auto-configuration report re-run your application with 'debug' enabled.
2018-12-22 13:23:53.219 ERROR 11736 --- [           main] o.s.b.d.LoggingFailureAnalysisReporter   : 

***************************
APPLICATION FAILED TO START
***************************

Description:

The Tomcat connector configured to listen on port 8080 failed to start. The port may already be in use or the connector may be misconfigured.

Action:

Verify the connector's configuration, identify and stop any process that's listening on port 8080, or configure this application to listen on another port.

2018-12-22 13:23:53.219  INFO 11736 --- [           main] ationConfigEmbeddedWebApplicationContext : Closing org.springframework.boot.context.embedded.AnnotationConfigEmbeddedWebApplicationContext@5134e583: startup date [Sat Dec 22 13:23:51 IST 2018]; root of context hierarchy
2018-12-22 13:23:53.219  INFO 11736 --- [           main] o.z.vogon.web.PersistenceConfiguration   : Unloading JDBC drivers
2018-12-22 13:23:53.219  INFO 11736 --- [           main] j.LocalContainerEntityManagerFactoryBean : Closing JPA EntityManagerFactory for persistence unit 'VogonPU'
2018-12-22 13:23:53.219  INFO 11736 --- [           main] org.hibernate.orm.connections.pooling    : HHH10001008: Cleaning up connection pool [jdbc:h2:mem:test]

  .   ____          _            __ _ _
 /\\ / ___'_ __ _ _(_)_ __  __ _ \ \ \ \
( ( )\___ | '_ | '_| | '_ \/ _` | \ \ \ \
 \\/  ___)| |_)| | | | | || (_| |  ) ) ) )
  '  |____| .__|_| |_|_| |_\__, | / / / /
 =========|_|==============|___/=/_/_/_/
 :: Spring Boot ::        (v1.5.3.RELEASE)

2018-12-22 13:23:53.253  INFO 11736 --- [           main] o.z.v.w.TransactionsControllerWriteTest  : Starting TransactionsControllerWriteTest on GOPAL with PID 11736 (started by GOPAL$ in C:\Program Files (x86)\Jenkins\workspace\Maven_project\vogon-web)
2018-12-22 13:23:53.253  INFO 11736 --- [           main] o.z.v.w.TransactionsControllerWriteTest  : No active profile set, falling back to default profiles: default
2018-12-22 13:23:53.254  INFO 11736 --- [           main] ationConfigEmbeddedWebApplicationContext : Refreshing org.springframework.boot.context.embedded.AnnotationConfigEmbeddedWebApplicationContext@690f39b: startup date [Sat Dec 22 13:23:53 IST 2018]; root of context hierarchy
2018-12-22 13:23:53.538  INFO 11736 --- [           main] o.s.b.f.s.DefaultListableBeanFactory     : Overriding bean definition for bean 'entityManagerFactory' with a different definition: replacing [Root bean: class [null]; scope=; abstract=false; lazyInit=false; autowireMode=3; dependencyCheck=0; autowireCandidate=true; primary=false; factoryBeanName=persistenceConfiguration; factoryMethodName=entityManagerFactory; initMethodName=null; destroyMethodName=(inferred); defined in class path resource [org/zlogic/vogon/web/PersistenceConfiguration.class]] with [Root bean: class [null]; scope=; abstract=false; lazyInit=false; autowireMode=3; dependencyCheck=0; autowireCandidate=true; primary=false; factoryBeanName=databaseConfiguration; factoryMethodName=entityManagerFactory; initMethodName=null; destroyMethodName=(inferred); defined in org.zlogic.vogon.web.DatabaseConfiguration]
2018-12-22 13:23:53.690  INFO 11736 --- [           main] trationDelegate$BeanPostProcessorChecker : Bean 'org.springframework.security.config.annotation.configuration.ObjectPostProcessorConfiguration' of type [org.springframework.security.config.annotation.configuration.ObjectPostProcessorConfiguration$$EnhancerBySpringCGLIB$$be8c3acc] is not eligible for getting processed by all BeanPostProcessors (for example: not eligible for auto-proxying)
2018-12-22 13:23:53.693  INFO 11736 --- [           main] trationDelegate$BeanPostProcessorChecker : Bean 'objectPostProcessor' of type [org.springframework.security.config.annotation.configuration.AutowireBeanFactoryObjectPostProcessor] is not eligible for getting processed by all BeanPostProcessors (for example: not eligible for auto-proxying)
2018-12-22 13:23:53.694  INFO 11736 --- [           main] trationDelegate$BeanPostProcessorChecker : Bean 'org.springframework.security.access.expression.method.DefaultMethodSecurityExpressionHandler@7bc76221' of type [org.springframework.security.oauth2.provider.expression.OAuth2MethodSecurityExpressionHandler] is not eligible for getting processed by all BeanPostProcessors (for example: not eligible for auto-proxying)
2018-12-22 13:23:53.699  INFO 11736 --- [           main] trationDelegate$BeanPostProcessorChecker : Bean 'org.springframework.security.config.annotation.method.configuration.GlobalMethodSecurityConfiguration' of type [org.springframework.security.config.annotation.method.configuration.GlobalMethodSecurityConfiguration$$EnhancerBySpringCGLIB$$e360dd7e] is not eligible for getting processed by all BeanPostProcessors (for example: not eligible for auto-proxying)
2018-12-22 13:23:53.701  INFO 11736 --- [           main] trationDelegate$BeanPostProcessorChecker : Bean 'methodSecurityMetadataSource' of type [org.springframework.security.access.method.DelegatingMethodSecurityMetadataSource] is not eligible for getting processed by all BeanPostProcessors (for example: not eligible for auto-proxying)
2018-12-22 13:23:53.705  INFO 11736 --- [           main] trationDelegate$BeanPostProcessorChecker : Bean 'org.springframework.transaction.annotation.ProxyTransactionManagementConfiguration' of type [org.springframework.transaction.annotation.ProxyTransactionManagementConfiguration$$EnhancerBySpringCGLIB$$25de7292] is not eligible for getting processed by all BeanPostProcessors (for example: not eligible for auto-proxying)
2018-12-22 13:23:53.705  INFO 11736 --- [           main] trationDelegate$BeanPostProcessorChecker : Bean 'security.oauth2.client-org.springframework.boot.autoconfigure.security.oauth2.OAuth2ClientProperties' of type [org.springframework.boot.autoconfigure.security.oauth2.OAuth2ClientProperties] is not eligible for getting processed by all BeanPostProcessors (for example: not eligible for auto-proxying)
2018-12-22 13:23:53.720  INFO 11736 --- [           main] trationDelegate$BeanPostProcessorChecker : Bean 'org.springframework.boot.autoconfigure.security.oauth2.OAuth2AutoConfiguration' of type [org.springframework.boot.autoconfigure.security.oauth2.OAuth2AutoConfiguration$$EnhancerBySpringCGLIB$$dd282e92] is not eligible for getting processed by all BeanPostProcessors (for example: not eligible for auto-proxying)
2018-12-22 13:23:53.720  INFO 11736 --- [           main] trationDelegate$BeanPostProcessorChecker : Bean 'resourceServerProperties' of type [org.springframework.boot.autoconfigure.security.oauth2.resource.ResourceServerProperties] is not eligible for getting processed by all BeanPostProcessors (for example: not eligible for auto-proxying)
2018-12-22 13:23:53.758  INFO 11736 --- [           main] org.zlogic.vogon.web.TomcatConfigurer    : Using keystore C:\Program Files (x86)\Jenkins\workspace\Maven_project\vogon-web\target/vogonweb.keystore with password ********
2018-12-22 13:23:53.771  INFO 11736 --- [           main] s.b.c.e.t.TomcatEmbeddedServletContainer : Tomcat initialized with port(s): 8080 (http) 8443 (https)
2018-12-22 13:23:53.771  INFO 11736 --- [           main] o.apache.catalina.core.StandardService   : Starting service Tomcat
2018-12-22 13:23:53.771  INFO 11736 --- [           main] org.apache.catalina.core.StandardEngine  : Starting Servlet Engine: Apache Tomcat/8.5.14
2018-12-22 13:23:53.808  INFO 11736 --- [ost-startStop-1] org.apache.jasper.servlet.TldScanner     : At least one JAR was scanned for TLDs yet contained no TLDs. Enable debug logging for this logger for a complete list of JARs that were scanned but no TLDs were found in them. Skipping unneeded JARs during scanning can improve startup time and JSP compilation time.
2018-12-22 13:23:53.809  INFO 11736 --- [ost-startStop-1] o.a.c.c.C.[Tomcat-141].[localhost].[/]   : Initializing Spring embedded WebApplicationContext
2018-12-22 13:23:53.809  INFO 11736 --- [ost-startStop-1] o.s.web.context.ContextLoader            : Root WebApplicationContext: initialization completed in 555 ms
2018-12-22 13:23:53.954  INFO 11736 --- [ost-startStop-1] o.s.b.w.servlet.FilterRegistrationBean   : Mapping filter: 'metricsFilter' to: [/*]
2018-12-22 13:23:53.954  INFO 11736 --- [ost-startStop-1] o.s.b.w.servlet.FilterRegistrationBean   : Mapping filter: 'characterEncodingFilter' to: [/*]
2018-12-22 13:23:53.954  INFO 11736 --- [ost-startStop-1] o.s.b.w.servlet.FilterRegistrationBean   : Mapping filter: 'hiddenHttpMethodFilter' to: [/*]
2018-12-22 13:23:53.954  INFO 11736 --- [ost-startStop-1] o.s.b.w.servlet.FilterRegistrationBean   : Mapping filter: 'httpPutFormContentFilter' to: [/*]
2018-12-22 13:23:53.954  INFO 11736 --- [ost-startStop-1] o.s.b.w.servlet.FilterRegistrationBean   : Mapping filter: 'requestContextFilter' to: [/*]
2018-12-22 13:23:53.954  INFO 11736 --- [ost-startStop-1] .s.DelegatingFilterProxyRegistrationBean : Mapping filter: 'springSecurityFilterChain' to: [/*]
2018-12-22 13:23:53.954  INFO 11736 --- [ost-startStop-1] o.s.b.w.servlet.FilterRegistrationBean   : Mapping filter: 'webRequestLoggingFilter' to: [/*]
2018-12-22 13:23:53.954  INFO 11736 --- [ost-startStop-1] o.s.b.w.servlet.FilterRegistrationBean   : Mapping filter: 'applicationContextIdFilter' to: [/*]
2018-12-22 13:23:53.954  INFO 11736 --- [ost-startStop-1] o.s.b.w.servlet.ServletRegistrationBean  : Mapping servlet: 'dispatcherServlet' to [/]
2018-12-22 13:23:53.954  INFO 11736 --- [           main] j.LocalContainerEntityManagerFactoryBean : Building JPA container EntityManagerFactory for persistence unit 'VogonPU'
2018-12-22 13:23:53.954  INFO 11736 --- [           main] o.hibernate.jpa.internal.util.LogHelper  : HHH000204: Processing PersistenceUnitInfo [
	name: VogonPU
	...]
2018-12-22 13:23:53.970  WARN 11736 --- [           main] org.hibernate.orm.connections.pooling    : HHH10001002: Using Hibernate built-in connection pool (not for production use!)
2018-12-22 13:23:53.970  INFO 11736 --- [           main] org.hibernate.orm.connections.pooling    : HHH10001005: using driver [org.h2.Driver] at URL [jdbc:h2:mem:test]
2018-12-22 13:23:53.970  INFO 11736 --- [           main] org.hibernate.orm.connections.pooling    : HHH10001001: Connection properties: {}
2018-12-22 13:23:53.970  INFO 11736 --- [           main] org.hibernate.orm.connections.pooling    : HHH10001003: Autocommit mode: false
2018-12-22 13:23:53.970  INFO 11736 --- [           main] .c.i.DriverManagerConnectionProviderImpl : HHH000115: Hibernate connection pool size: 20 (min=1)
2018-12-22 13:23:53.970  INFO 11736 --- [           main] org.hibernate.dialect.Dialect            : HHH000400: Using dialect: org.hibernate.dialect.H2Dialect
2018-12-22 13:23:53.986  INFO 11736 --- [           main] org.hibernate.orm.connections.access     : HHH10001501: Connection obtained from JdbcConnectionAccess [org.hibernate.engine.jdbc.env.internal.JdbcEnvironmentInitiator$ConnectionProviderJdbcConnectionAccess@4dd20c95] for (non-JTA) DDL execution was not in auto-commit mode; the Connection 'local transaction' will be committed and the Connection will be set into auto-commit mode.
2018-12-22 13:23:53.986  INFO 11736 --- [           main] j.LocalContainerEntityManagerFactoryBean : Initialized JPA EntityManagerFactory for persistence unit 'VogonPU'
2018-12-22 13:23:54.335  INFO 11736 --- [           main] .s.o.p.e.FrameworkEndpointHandlerMapping : Mapped "{[/oauth/authorize]}" onto public org.springframework.web.servlet.ModelAndView org.springframework.security.oauth2.provider.endpoint.AuthorizationEndpoint.authorize(java.util.Map<java.lang.String, java.lang.Object>,java.util.Map<java.lang.String, java.lang.String>,org.springframework.web.bind.support.SessionStatus,java.security.Principal)
2018-12-22 13:23:54.335  INFO 11736 --- [           main] .s.o.p.e.FrameworkEndpointHandlerMapping : Mapped "{[/oauth/authorize],methods=[POST],params=[user_oauth_approval]}" onto public org.springframework.web.servlet.View org.springframework.security.oauth2.provider.endpoint.AuthorizationEndpoint.approveOrDeny(java.util.Map<java.lang.String, java.lang.String>,java.util.Map<java.lang.String, ?>,org.springframework.web.bind.support.SessionStatus,java.security.Principal)
2018-12-22 13:23:54.335  INFO 11736 --- [           main] .s.o.p.e.FrameworkEndpointHandlerMapping : Mapped "{[/oauth/token],methods=[GET]}" onto public org.springframework.http.ResponseEntity<org.springframework.security.oauth2.common.OAuth2AccessToken> org.springframework.security.oauth2.provider.endpoint.TokenEndpoint.getAccessToken(java.security.Principal,java.util.Map<java.lang.String, java.lang.String>) throws org.springframework.web.HttpRequestMethodNotSupportedException
2018-12-22 13:23:54.335  INFO 11736 --- [           main] .s.o.p.e.FrameworkEndpointHandlerMapping : Mapped "{[/oauth/token],methods=[POST]}" onto public org.springframework.http.ResponseEntity<org.springframework.security.oauth2.common.OAuth2AccessToken> org.springframework.security.oauth2.provider.endpoint.TokenEndpoint.postAccessToken(java.security.Principal,java.util.Map<java.lang.String, java.lang.String>) throws org.springframework.web.HttpRequestMethodNotSupportedException
2018-12-22 13:23:54.335  INFO 11736 --- [           main] .s.o.p.e.FrameworkEndpointHandlerMapping : Mapped "{[/oauth/check_token]}" onto public java.util.Map<java.lang.String, ?> org.springframework.security.oauth2.provider.endpoint.CheckTokenEndpoint.checkToken(java.lang.String)
2018-12-22 13:23:54.335  INFO 11736 --- [           main] .s.o.p.e.FrameworkEndpointHandlerMapping : Mapped "{[/oauth/confirm_access]}" onto public org.springframework.web.servlet.ModelAndView org.springframework.security.oauth2.provider.endpoint.WhitelabelApprovalEndpoint.getAccessConfirmation(java.util.Map<java.lang.String, java.lang.Object>,javax.servlet.http.HttpServletRequest) throws java.lang.Exception
2018-12-22 13:23:54.335  INFO 11736 --- [           main] .s.o.p.e.FrameworkEndpointHandlerMapping : Mapped "{[/oauth/error]}" onto public org.springframework.web.servlet.ModelAndView org.springframework.security.oauth2.provider.endpoint.WhitelabelErrorEndpoint.handleError(javax.servlet.http.HttpServletRequest)
2018-12-22 13:23:54.574  INFO 11736 --- [           main] o.s.s.web.DefaultSecurityFilterChain     : Creating filter chain: OrRequestMatcher [requestMatchers=[Ant [pattern='/oauth/token'], Ant [pattern='/oauth/token_key'], Ant [pattern='/oauth/check_token']]], [org.springframework.security.web.context.request.async.WebAsyncManagerIntegrationFilter@8c5fcf4, org.springframework.security.web.context.SecurityContextPersistenceFilter@2baa9073, org.springframework.security.web.header.HeaderWriterFilter@5ad50a77, org.springframework.security.web.authentication.logout.LogoutFilter@719ad576, org.springframework.security.oauth2.provider.client.ClientCredentialsTokenEndpointFilter@42a39ff6, org.springframework.security.web.authentication.www.BasicAuthenticationFilter@425f3268, org.springframework.security.web.savedrequest.RequestCacheAwareFilter@45eaed4a, org.springframework.security.web.servletapi.SecurityContextHolderAwareRequestFilter@379ed132, org.springframework.security.web.authentication.AnonymousAuthenticationFilter@6363897d, org.springframework.security.web.session.SessionManagementFilter@4981e867, org.springframework.security.web.access.ExceptionTranslationFilter@1a1e861a, org.springframework.security.web.access.intercept.FilterSecurityInterceptor@45b05b4b]
2018-12-22 13:23:54.575  INFO 11736 --- [           main] o.s.s.web.DefaultSecurityFilterChain     : Creating filter chain: org.springframework.boot.actuate.autoconfigure.ManagementWebSecurityAutoConfiguration$LazyEndpointPathRequestMatcher@18845f86, [org.springframework.security.web.context.request.async.WebAsyncManagerIntegrationFilter@5ad1078b, org.springframework.security.web.context.SecurityContextPersistenceFilter@52d29ae, org.springframework.security.web.header.HeaderWriterFilter@42c44ea, org.springframework.security.web.authentication.logout.LogoutFilter@6f589e83, org.springframework.security.web.authentication.www.BasicAuthenticationFilter@7afd6904, org.springframework.security.web.savedrequest.RequestCacheAwareFilter@25558c89, org.springframework.security.web.servletapi.SecurityContextHolderAwareRequestFilter@43b897dd, org.springframework.security.web.authentication.AnonymousAuthenticationFilter@66e36ba7, org.springframework.security.web.session.SessionManagementFilter@37237df4, org.springframework.security.web.access.ExceptionTranslationFilter@187715ef, org.springframework.security.web.access.intercept.FilterSecurityInterceptor@c06010f]
2018-12-22 13:23:54.593  INFO 11736 --- [           main] o.s.s.w.a.c.ChannelProcessingFilter      : Validated configuration attributes
2018-12-22 13:23:54.597  INFO 11736 --- [           main] o.s.s.web.DefaultSecurityFilterChain     : Creating filter chain: org.springframework.security.oauth2.config.annotation.web.configuration.ResourceServerConfiguration$NotOAuthRequestMatcher@989896f, [org.springframework.security.web.access.channel.ChannelProcessingFilter@99c5bf0, org.springframework.security.web.context.request.async.WebAsyncManagerIntegrationFilter@54ae85f4, org.springframework.security.web.context.SecurityContextPersistenceFilter@641a2e35, org.springframework.security.web.header.HeaderWriterFilter@6671dc3, org.springframework.security.web.authentication.logout.LogoutFilter@3271d158, org.springframework.security.oauth2.provider.authentication.OAuth2AuthenticationProcessingFilter@1bf0ec66, org.springframework.security.web.savedrequest.RequestCacheAwareFilter@66e8d719, org.springframework.security.web.servletapi.SecurityContextHolderAwareRequestFilter@58df5702, org.springframework.security.web.authentication.AnonymousAuthenticationFilter@2696798b, org.springframework.security.web.session.SessionManagementFilter@2a881998, org.springframework.security.web.access.ExceptionTranslationFilter@4859453a, org.springframework.security.web.access.intercept.FilterSecurityInterceptor@12845a8e]
2018-12-22 13:23:54.672  INFO 11736 --- [           main] s.w.s.m.m.a.RequestMappingHandlerAdapter : Looking for @ControllerAdvice: org.springframework.boot.context.embedded.AnnotationConfigEmbeddedWebApplicationContext@690f39b: startup date [Sat Dec 22 13:23:53 IST 2018]; root of context hierarchy
2018-12-22 13:23:54.687  INFO 11736 --- [           main] s.w.s.m.m.a.RequestMappingHandlerMapping : Mapped "{[/service/accounts],methods=[GET],produces=[application/json]}" onto public java.util.Collection<org.zlogic.vogon.data.FinanceAccount> org.zlogic.vogon.web.controller.AccountsController.getAllAccounts(org.zlogic.vogon.web.security.VogonSecurityUser)
2018-12-22 13:23:54.687  INFO 11736 --- [           main] s.w.s.m.m.a.RequestMappingHandlerMapping : Mapped "{[/service/accounts],methods=[POST],produces=[application/json]}" onto public java.util.Collection<org.zlogic.vogon.data.FinanceAccount> org.zlogic.vogon.web.controller.AccountsController.updateAccounts(java.util.Collection<org.zlogic.vogon.data.FinanceAccount>,org.zlogic.vogon.web.security.VogonSecurityUser)
2018-12-22 13:23:54.687  INFO 11736 --- [           main] s.w.s.m.m.a.RequestMappingHandlerMapping : Mapped "{[/service/analytics/tags],methods=[GET],produces=[application/json]}" onto public java.util.Set<java.lang.String> org.zlogic.vogon.web.controller.AnalyticsController.getAllTags(org.zlogic.vogon.web.security.VogonSecurityUser)
2018-12-22 13:23:54.687  INFO 11736 --- [           main] s.w.s.m.m.a.RequestMappingHandlerMapping : Mapped "{[/service/analytics],methods=[POST],produces=[application/json]}" onto public java.util.Map<java.lang.String, org.zlogic.vogon.data.report.Report> org.zlogic.vogon.web.controller.AnalyticsController.getReport(org.zlogic.vogon.data.report.ReportFactory,org.zlogic.vogon.web.security.VogonSecurityUser)
2018-12-22 13:23:54.687  INFO 11736 --- [           main] s.w.s.m.m.a.RequestMappingHandlerMapping : Mapped "{[/service/currencies],methods=[GET],produces=[application/json]}" onto public java.util.Collection<org.zlogic.vogon.web.data.model.CurrencyDetails> org.zlogic.vogon.web.controller.CurrenciesController.getAllCurrencies()
2018-12-22 13:23:54.687  INFO 11736 --- [           main] s.w.s.m.m.a.RequestMappingHandlerMapping : Mapped "{[/service/export],methods=[GET || POST]}" onto public org.springframework.http.HttpEntity<byte[]> org.zlogic.vogon.web.controller.DataController.exportDataJSON(org.zlogic.vogon.web.security.VogonSecurityUser) throws java.lang.RuntimeException
2018-12-22 13:23:54.687  INFO 11736 --- [           main] s.w.s.m.m.a.RequestMappingHandlerMapping : Mapped "{[/service/import],methods=[POST],consumes=[multipart/form-data],produces=[application/json]}" onto public java.lang.Boolean org.zlogic.vogon.web.controller.DataController.importData(org.springframework.web.multipart.MultipartFile,org.zlogic.vogon.web.security.VogonSecurityUser) throws java.lang.RuntimeException
2018-12-22 13:23:54.687  INFO 11736 --- [           main] s.w.s.m.m.a.RequestMappingHandlerMapping : Mapped "{[/fragments/{fragment}.fragment]}" onto public org.springframework.web.servlet.ModelAndView org.zlogic.vogon.web.controller.JspController.fragmentModelAndView(java.lang.String)
2018-12-22 13:23:54.687  INFO 11736 --- [           main] s.w.s.m.m.a.RequestMappingHandlerMapping : Mapped "{[/]}" onto public org.springframework.web.servlet.ModelAndView org.zlogic.vogon.web.controller.JspController.indexModelAndView()
2018-12-22 13:23:54.687  INFO 11736 --- [           main] s.w.s.m.m.a.RequestMappingHandlerMapping : Mapped "{[/oauth/logout],methods=[POST]}" onto public void org.zlogic.vogon.web.controller.LogoutController.logout(org.springframework.security.oauth2.provider.OAuth2Authentication) throws org.zlogic.vogon.web.security.UsernameExistsException
2018-12-22 13:23:54.687  INFO 11736 --- [           main] s.w.s.m.m.a.RequestMappingHandlerMapping : Mapped "{[/register],methods=[POST],produces=[application/json]}" onto public org.zlogic.vogon.data.VogonUser org.zlogic.vogon.web.controller.RegistrationController.register(org.zlogic.vogon.data.VogonUser) throws org.zlogic.vogon.web.security.UsernameExistsException
2018-12-22 13:23:54.687  INFO 11736 --- [           main] s.w.s.m.m.a.RequestMappingHandlerMapping : Mapped "{[/service/transactions/transaction/{id}],methods=[GET],produces=[application/json]}" onto public org.zlogic.vogon.web.data.model.FinanceTransactionJson org.zlogic.vogon.web.controller.TransactionsController.getTransaction(long,org.zlogic.vogon.web.security.VogonSecurityUser)
2018-12-22 13:23:54.687  INFO 11736 --- [           main] s.w.s.m.m.a.RequestMappingHandlerMapping : Mapped "{[/service/transactions],methods=[GET],produces=[application/json]}" onto public java.util.Collection<org.zlogic.vogon.web.data.model.FinanceTransactionJson> org.zlogic.vogon.web.controller.TransactionsController.getTransactions(java.lang.Integer,org.zlogic.vogon.web.controller.TransactionsController$SortColumn,org.springframework.data.domain.Sort$Direction,java.lang.String,java.util.Date,java.util.Collection<java.lang.String>,org.zlogic.vogon.web.security.VogonSecurityUser)
2018-12-22 13:23:54.687  INFO 11736 --- [           main] s.w.s.m.m.a.RequestMappingHandlerMapping : Mapped "{[/service/transactions],methods=[POST],produces=[application/json]}" onto public org.zlogic.vogon.web.data.model.FinanceTransactionJson org.zlogic.vogon.web.controller.TransactionsController.submitTransaction(org.zlogic.vogon.web.data.model.FinanceTransactionJson,org.zlogic.vogon.web.security.VogonSecurityUser)
2018-12-22 13:23:54.687  INFO 11736 --- [           main] s.w.s.m.m.a.RequestMappingHandlerMapping : Mapped "{[/service/transactions/pages],methods=[GET],produces=[application/json]}" onto public long org.zlogic.vogon.web.controller.TransactionsController.getTransactionsCount(org.zlogic.vogon.web.security.VogonSecurityUser)
2018-12-22 13:23:54.687  INFO 11736 --- [           main] s.w.s.m.m.a.RequestMappingHandlerMapping : Mapped "{[/service/transactions/transaction/{id}],methods=[DELETE],produces=[application/json]}" onto public org.zlogic.vogon.web.data.model.FinanceTransactionJson org.zlogic.vogon.web.controller.TransactionsController.deleteTransaction(long,org.zlogic.vogon.web.security.VogonSecurityUser)
2018-12-22 13:23:54.687  INFO 11736 --- [           main] s.w.s.m.m.a.RequestMappingHandlerMapping : Mapped "{[/service/user],methods=[POST],produces=[application/json]}" onto public org.zlogic.vogon.data.VogonUser org.zlogic.vogon.web.controller.UsersController.submitUser(org.zlogic.vogon.data.VogonUser,org.zlogic.vogon.web.security.VogonSecurityUser) throws org.zlogic.vogon.web.security.UsernameExistsException
2018-12-22 13:23:54.687  INFO 11736 --- [           main] s.w.s.m.m.a.RequestMappingHandlerMapping : Mapped "{[/service/user],methods=[GET],produces=[application/json]}" onto public org.zlogic.vogon.data.VogonUser org.zlogic.vogon.web.controller.UsersController.getUserData(org.zlogic.vogon.web.security.VogonSecurityUser)
2018-12-22 13:23:54.703  INFO 11736 --- [           main] s.w.s.m.m.a.RequestMappingHandlerMapping : Mapped "{[/error]}" onto public org.springframework.http.ResponseEntity<java.util.Map<java.lang.String, java.lang.Object>> org.springframework.boot.autoconfigure.web.BasicErrorController.error(javax.servlet.http.HttpServletRequest)
2018-12-22 13:23:54.703  INFO 11736 --- [           main] s.w.s.m.m.a.RequestMappingHandlerMapping : Mapped "{[/error],produces=[text/html]}" onto public org.springframework.web.servlet.ModelAndView org.springframework.boot.autoconfigure.web.BasicErrorController.errorHtml(javax.servlet.http.HttpServletRequest,javax.servlet.http.HttpServletResponse)
2018-12-22 13:23:54.721  INFO 11736 --- [           main] o.s.w.s.handler.SimpleUrlHandlerMapping  : Root mapping to handler of type [class org.springframework.web.servlet.mvc.ParameterizableViewController]
2018-12-22 13:23:54.907  INFO 11736 --- [           main] o.s.w.s.handler.SimpleUrlHandlerMapping  : Mapped URL path [/webjars/**] onto handler of type [class org.springframework.web.servlet.resource.ResourceHttpRequestHandler]
2018-12-22 13:23:54.907  INFO 11736 --- [           main] o.s.w.s.handler.SimpleUrlHandlerMapping  : Mapped URL path [/**] onto handler of type [class org.springframework.web.servlet.resource.ResourceHttpRequestHandler]
2018-12-22 13:23:54.909  INFO 11736 --- [           main] o.s.w.s.handler.SimpleUrlHandlerMapping  : Mapped URL path [/**] onto handler of type [class org.springframework.web.servlet.resource.DefaultServletHttpRequestHandler]
2018-12-22 13:23:54.932  INFO 11736 --- [           main] o.s.w.s.handler.SimpleUrlHandlerMapping  : Mapped URL path [/**/favicon.ico] onto handler of type [class org.springframework.web.servlet.resource.ResourceHttpRequestHandler]
2018-12-22 13:23:55.120  INFO 11736 --- [           main] o.s.b.a.e.mvc.EndpointHandlerMapping     : Mapped "{[/configprops || /configprops.json],methods=[GET],produces=[application/vnd.spring-boot.actuator.v1+json || application/json]}" onto public java.lang.Object org.springframework.boot.actuate.endpoint.mvc.EndpointMvcAdapter.invoke()
2018-12-22 13:23:55.120  INFO 11736 --- [           main] o.s.b.a.e.mvc.EndpointHandlerMapping     : Mapped "{[/health || /health.json],methods=[GET],produces=[application/vnd.spring-boot.actuator.v1+json || application/json]}" onto public java.lang.Object org.springframework.boot.actuate.endpoint.mvc.HealthMvcEndpoint.invoke(javax.servlet.http.HttpServletRequest,java.security.Principal)
2018-12-22 13:23:55.120  INFO 11736 --- [           main] o.s.b.a.e.mvc.EndpointHandlerMapping     : Mapped "{[/beans || /beans.json],methods=[GET],produces=[application/vnd.spring-boot.actuator.v1+json || application/json]}" onto public java.lang.Object org.springframework.boot.actuate.endpoint.mvc.EndpointMvcAdapter.invoke()
2018-12-22 13:23:55.120  INFO 11736 --- [           main] o.s.b.a.e.mvc.EndpointHandlerMapping     : Mapped "{[/dump || /dump.json],methods=[GET],produces=[application/vnd.spring-boot.actuator.v1+json || application/json]}" onto public java.lang.Object org.springframework.boot.actuate.endpoint.mvc.EndpointMvcAdapter.invoke()
2018-12-22 13:23:55.120  INFO 11736 --- [           main] o.s.b.a.e.mvc.EndpointHandlerMapping     : Mapped "{[/heapdump || /heapdump.json],methods=[GET],produces=[application/octet-stream]}" onto public void org.springframework.boot.actuate.endpoint.mvc.HeapdumpMvcEndpoint.invoke(boolean,javax.servlet.http.HttpServletRequest,javax.servlet.http.HttpServletResponse) throws java.io.IOException,javax.servlet.ServletException
2018-12-22 13:23:55.120  INFO 11736 --- [           main] o.s.b.a.e.mvc.EndpointHandlerMapping     : Mapped "{[/trace || /trace.json],methods=[GET],produces=[application/vnd.spring-boot.actuator.v1+json || application/json]}" onto public java.lang.Object org.springframework.boot.actuate.endpoint.mvc.EndpointMvcAdapter.invoke()
2018-12-22 13:23:55.120  INFO 11736 --- [           main] o.s.b.a.e.mvc.EndpointHandlerMapping     : Mapped "{[/env/{name:.*}],methods=[GET],produces=[application/vnd.spring-boot.actuator.v1+json || application/json]}" onto public java.lang.Object org.springframework.boot.actuate.endpoint.mvc.EnvironmentMvcEndpoint.value(java.lang.String)
2018-12-22 13:23:55.120  INFO 11736 --- [           main] o.s.b.a.e.mvc.EndpointHandlerMapping     : Mapped "{[/env || /env.json],methods=[GET],produces=[application/vnd.spring-boot.actuator.v1+json || application/json]}" onto public java.lang.Object org.springframework.boot.actuate.endpoint.mvc.EndpointMvcAdapter.invoke()
2018-12-22 13:23:55.120  INFO 11736 --- [           main] o.s.b.a.e.mvc.EndpointHandlerMapping     : Mapped "{[/info || /info.json],methods=[GET],produces=[application/vnd.spring-boot.actuator.v1+json || application/json]}" onto public java.lang.Object org.springframework.boot.actuate.endpoint.mvc.EndpointMvcAdapter.invoke()
2018-12-22 13:23:55.120  INFO 11736 --- [           main] o.s.b.a.e.mvc.EndpointHandlerMapping     : Mapped "{[/metrics/{name:.*}],methods=[GET],produces=[application/vnd.spring-boot.actuator.v1+json || application/json]}" onto public java.lang.Object org.springframework.boot.actuate.endpoint.mvc.MetricsMvcEndpoint.value(java.lang.String)
2018-12-22 13:23:55.120  INFO 11736 --- [           main] o.s.b.a.e.mvc.EndpointHandlerMapping     : Mapped "{[/metrics || /metrics.json],methods=[GET],produces=[application/vnd.spring-boot.actuator.v1+json || application/json]}" onto public java.lang.Object org.springframework.boot.actuate.endpoint.mvc.EndpointMvcAdapter.invoke()
2018-12-22 13:23:55.120  INFO 11736 --- [           main] o.s.b.a.e.mvc.EndpointHandlerMapping     : Mapped "{[/mappings || /mappings.json],methods=[GET],produces=[application/vnd.spring-boot.actuator.v1+json || application/json]}" onto public java.lang.Object org.springframework.boot.actuate.endpoint.mvc.EndpointMvcAdapter.invoke()
2018-12-22 13:23:55.120  INFO 11736 --- [           main] o.s.b.a.e.mvc.EndpointHandlerMapping     : Mapped "{[/autoconfig || /autoconfig.json],methods=[GET],produces=[application/vnd.spring-boot.actuator.v1+json || application/json]}" onto public java.lang.Object org.springframework.boot.actuate.endpoint.mvc.EndpointMvcAdapter.invoke()
2018-12-22 13:23:55.120  INFO 11736 --- [           main] o.s.b.a.e.mvc.EndpointHandlerMapping     : Mapped "{[/loggers/{name:.*}],methods=[GET],produces=[application/vnd.spring-boot.actuator.v1+json || application/json]}" onto public java.lang.Object org.springframework.boot.actuate.endpoint.mvc.LoggersMvcEndpoint.get(java.lang.String)
2018-12-22 13:23:55.120  INFO 11736 --- [           main] o.s.b.a.e.mvc.EndpointHandlerMapping     : Mapped "{[/loggers/{name:.*}],methods=[POST],consumes=[application/vnd.spring-boot.actuator.v1+json || application/json],produces=[application/vnd.spring-boot.actuator.v1+json || application/json]}" onto public java.lang.Object org.springframework.boot.actuate.endpoint.mvc.LoggersMvcEndpoint.set(java.lang.String,java.util.Map<java.lang.String, java.lang.String>)
2018-12-22 13:23:55.120  INFO 11736 --- [           main] o.s.b.a.e.mvc.EndpointHandlerMapping     : Mapped "{[/loggers || /loggers.json],methods=[GET],produces=[application/vnd.spring-boot.actuator.v1+json || application/json]}" onto public java.lang.Object org.springframework.boot.actuate.endpoint.mvc.EndpointMvcAdapter.invoke()
2018-12-22 13:23:55.120  INFO 11736 --- [           main] o.s.b.a.e.mvc.EndpointHandlerMapping     : Mapped "{[/auditevents || /auditevents.json],methods=[GET],produces=[application/vnd.spring-boot.actuator.v1+json || application/json]}" onto public org.springframework.http.ResponseEntity<?> org.springframework.boot.actuate.endpoint.mvc.AuditEventsMvcEndpoint.findByPrincipalAndAfterAndType(java.lang.String,java.util.Date,java.lang.String)
2018-12-22 13:23:55.224 ERROR 11736 --- [           main] o.a.coyote.http11.Http11NioProtocol      : Failed to start end point associated with ProtocolHandler ["http-nio-8080"]

java.net.BindException: Address already in use: bind
	at sun.nio.ch.Net.bind0(Native Method) ~[na:1.8.0_191]
	at sun.nio.ch.Net.bind(Net.java:433) ~[na:1.8.0_191]
	at sun.nio.ch.Net.bind(Net.java:425) ~[na:1.8.0_191]
	at sun.nio.ch.ServerSocketChannelImpl.bind(ServerSocketChannelImpl.java:223) ~[na:1.8.0_191]
	at sun.nio.ch.ServerSocketAdaptor.bind(ServerSocketAdaptor.java:74) ~[na:1.8.0_191]
	at org.apache.tomcat.util.net.NioEndpoint.bind(NioEndpoint.java:210) ~[tomcat-embed-core-8.5.14.jar:8.5.14]
	at org.apache.tomcat.util.net.AbstractEndpoint.start(AbstractEndpoint.java:978) ~[tomcat-embed-core-8.5.14.jar:8.5.14]
	at org.apache.coyote.AbstractProtocol.start(AbstractProtocol.java:628) ~[tomcat-embed-core-8.5.14.jar:8.5.14]
	at org.apache.catalina.connector.Connector.startInternal(Connector.java:993) [tomcat-embed-core-8.5.14.jar:8.5.14]
	at org.apache.catalina.util.LifecycleBase.start(LifecycleBase.java:150) [tomcat-embed-core-8.5.14.jar:8.5.14]
	at org.apache.catalina.core.StandardService.addConnector(StandardService.java:225) [tomcat-embed-core-8.5.14.jar:8.5.14]
	at org.springframework.boot.context.embedded.tomcat.TomcatEmbeddedServletContainer.addPreviouslyRemovedConnectors(TomcatEmbeddedServletContainer.java:247) [spring-boot-1.5.3.RELEASE.jar:1.5.3.RELEASE]
	at org.springframework.boot.context.embedded.tomcat.TomcatEmbeddedServletContainer.start(TomcatEmbeddedServletContainer.java:190) [spring-boot-1.5.3.RELEASE.jar:1.5.3.RELEASE]
	at org.springframework.boot.context.embedded.EmbeddedWebApplicationContext.startEmbeddedServletContainer(EmbeddedWebApplicationContext.java:297) [spring-boot-1.5.3.RELEASE.jar:1.5.3.RELEASE]
	at org.springframework.boot.context.embedded.EmbeddedWebApplicationContext.finishRefresh(EmbeddedWebApplicationContext.java:145) [spring-boot-1.5.3.RELEASE.jar:1.5.3.RELEASE]
	at org.springframework.context.support.AbstractApplicationContext.refresh(AbstractApplicationContext.java:545) [spring-context-4.3.8.RELEASE.jar:4.3.8.RELEASE]
	at org.springframework.boot.context.embedded.EmbeddedWebApplicationContext.refresh(EmbeddedWebApplicationContext.java:122) [spring-boot-1.5.3.RELEASE.jar:1.5.3.RELEASE]
	at org.springframework.boot.SpringApplication.refresh(SpringApplication.java:737) [spring-boot-1.5.3.RELEASE.jar:1.5.3.RELEASE]
	at org.springframework.boot.SpringApplication.refreshContext(SpringApplication.java:370) [spring-boot-1.5.3.RELEASE.jar:1.5.3.RELEASE]
	at org.springframework.boot.SpringApplication.run(SpringApplication.java:314) [spring-boot-1.5.3.RELEASE.jar:1.5.3.RELEASE]
	at org.springframework.boot.test.context.SpringBootContextLoader.loadContext(SpringBootContextLoader.java:120) [spring-boot-test-1.5.3.RELEASE.jar:1.5.3.RELEASE]
	at org.springframework.test.context.cache.DefaultCacheAwareContextLoaderDelegate.loadContextInternal(DefaultCacheAwareContextLoaderDelegate.java:98) [spring-test-4.3.8.RELEASE.jar:4.3.8.RELEASE]
	at org.springframework.test.context.cache.DefaultCacheAwareContextLoaderDelegate.loadContext(DefaultCacheAwareContextLoaderDelegate.java:116) [spring-test-4.3.8.RELEASE.jar:4.3.8.RELEASE]
	at org.springframework.test.context.support.DefaultTestContext.getApplicationContext(DefaultTestContext.java:83) [spring-test-4.3.8.RELEASE.jar:4.3.8.RELEASE]
	at org.springframework.boot.test.autoconfigure.SpringBootDependencyInjectionTestExecutionListener.prepareTestInstance(SpringBootDependencyInjectionTestExecutionListener.java:47) [spring-boot-test-autoconfigure-1.5.3.RELEASE.jar:1.5.3.RELEASE]
	at org.springframework.test.context.TestContextManager.prepareTestInstance(TestContextManager.java:230) [spring-test-4.3.8.RELEASE.jar:4.3.8.RELEASE]
	at org.springframework.test.context.junit4.SpringJUnit4ClassRunner.createTest(SpringJUnit4ClassRunner.java:228) [spring-test-4.3.8.RELEASE.jar:4.3.8.RELEASE]
	at org.springframework.test.context.junit4.SpringJUnit4ClassRunner$1.runReflectiveCall(SpringJUnit4ClassRunner.java:287) [spring-test-4.3.8.RELEASE.jar:4.3.8.RELEASE]
	at org.junit.internal.runners.model.ReflectiveCallable.run(ReflectiveCallable.java:12) [junit-4.12.jar:4.12]
	at org.springframework.test.context.junit4.SpringJUnit4ClassRunner.methodBlock(SpringJUnit4ClassRunner.java:289) [spring-test-4.3.8.RELEASE.jar:4.3.8.RELEASE]
	at org.springframework.test.context.junit4.SpringJUnit4ClassRunner.runChild(SpringJUnit4ClassRunner.java:247) [spring-test-4.3.8.RELEASE.jar:4.3.8.RELEASE]
	at org.springframework.test.context.junit4.SpringJUnit4ClassRunner.runChild(SpringJUnit4ClassRunner.java:94) [spring-test-4.3.8.RELEASE.jar:4.3.8.RELEASE]
	at org.junit.runners.ParentRunner$3.run(ParentRunner.java:290) [junit-4.12.jar:4.12]
	at org.junit.runners.ParentRunner$1.schedule(ParentRunner.java:71) [junit-4.12.jar:4.12]
	at org.junit.runners.ParentRunner.runChildren(ParentRunner.java:288) [junit-4.12.jar:4.12]
	at org.junit.runners.ParentRunner.access$000(ParentRunner.java:58) [junit-4.12.jar:4.12]
	at org.junit.runners.ParentRunner$2.evaluate(ParentRunner.java:268) [junit-4.12.jar:4.12]
	at org.springframework.test.context.junit4.statements.RunBeforeTestClassCallbacks.evaluate(RunBeforeTestClassCallbacks.java:61) [spring-test-4.3.8.RELEASE.jar:4.3.8.RELEASE]
	at org.springframework.test.context.junit4.statements.RunAfterTestClassCallbacks.evaluate(RunAfterTestClassCallbacks.java:70) [spring-test-4.3.8.RELEASE.jar:4.3.8.RELEASE]
	at org.junit.runners.ParentRunner.run(ParentRunner.java:363) [junit-4.12.jar:4.12]
	at org.springframework.test.context.junit4.SpringJUnit4ClassRunner.run(SpringJUnit4ClassRunner.java:191) [spring-test-4.3.8.RELEASE.jar:4.3.8.RELEASE]
	at org.apache.maven.surefire.junit4.JUnit4Provider.execute(JUnit4Provider.java:365) [surefire-junit4-2.20.jar:2.20]
	at org.apache.maven.surefire.junit4.JUnit4Provider.executeWithRerun(JUnit4Provider.java:272) [surefire-junit4-2.20.jar:2.20]
	at org.apache.maven.surefire.junit4.JUnit4Provider.executeTestSet(JUnit4Provider.java:236) [surefire-junit4-2.20.jar:2.20]
	at org.apache.maven.surefire.junit4.JUnit4Provider.invoke(JUnit4Provider.java:159) [surefire-junit4-2.20.jar:2.20]
	at org.apache.maven.surefire.booter.ForkedBooter.invokeProviderInSameClassLoader(ForkedBooter.java:386) [surefire-booter-2.20.jar:2.20]
	at org.apache.maven.surefire.booter.ForkedBooter.runSuitesInProcess(ForkedBooter.java:323) [surefire-booter-2.20.jar:2.20]
	at org.apache.maven.surefire.booter.ForkedBooter.main(ForkedBooter.java:143) [surefire-booter-2.20.jar:2.20]

2018-12-22 13:23:55.225 ERROR 11736 --- [           main] o.apache.catalina.core.StandardService   : Failed to start connector [Connector[HTTP/1.1-8080]]

org.apache.catalina.LifecycleException: Failed to start component [Connector[HTTP/1.1-8080]]
	at org.apache.catalina.util.LifecycleBase.start(LifecycleBase.java:167) ~[tomcat-embed-core-8.5.14.jar:8.5.14]
	at org.apache.catalina.core.StandardService.addConnector(StandardService.java:225) ~[tomcat-embed-core-8.5.14.jar:8.5.14]
	at org.springframework.boot.context.embedded.tomcat.TomcatEmbeddedServletContainer.addPreviouslyRemovedConnectors(TomcatEmbeddedServletContainer.java:247) [spring-boot-1.5.3.RELEASE.jar:1.5.3.RELEASE]
	at org.springframework.boot.context.embedded.tomcat.TomcatEmbeddedServletContainer.start(TomcatEmbeddedServletContainer.java:190) [spring-boot-1.5.3.RELEASE.jar:1.5.3.RELEASE]
	at org.springframework.boot.context.embedded.EmbeddedWebApplicationContext.startEmbeddedServletContainer(EmbeddedWebApplicationContext.java:297) [spring-boot-1.5.3.RELEASE.jar:1.5.3.RELEASE]
	at org.springframework.boot.context.embedded.EmbeddedWebApplicationContext.finishRefresh(EmbeddedWebApplicationContext.java:145) [spring-boot-1.5.3.RELEASE.jar:1.5.3.RELEASE]
	at org.springframework.context.support.AbstractApplicationContext.refresh(AbstractApplicationContext.java:545) [spring-context-4.3.8.RELEASE.jar:4.3.8.RELEASE]
	at org.springframework.boot.context.embedded.EmbeddedWebApplicationContext.refresh(EmbeddedWebApplicationContext.java:122) [spring-boot-1.5.3.RELEASE.jar:1.5.3.RELEASE]
	at org.springframework.boot.SpringApplication.refresh(SpringApplication.java:737) [spring-boot-1.5.3.RELEASE.jar:1.5.3.RELEASE]
	at org.springframework.boot.SpringApplication.refreshContext(SpringApplication.java:370) [spring-boot-1.5.3.RELEASE.jar:1.5.3.RELEASE]
	at org.springframework.boot.SpringApplication.run(SpringApplication.java:314) [spring-boot-1.5.3.RELEASE.jar:1.5.3.RELEASE]
	at org.springframework.boot.test.context.SpringBootContextLoader.loadContext(SpringBootContextLoader.java:120) [spring-boot-test-1.5.3.RELEASE.jar:1.5.3.RELEASE]
	at org.springframework.test.context.cache.DefaultCacheAwareContextLoaderDelegate.loadContextInternal(DefaultCacheAwareContextLoaderDelegate.java:98) [spring-test-4.3.8.RELEASE.jar:4.3.8.RELEASE]
	at org.springframework.test.context.cache.DefaultCacheAwareContextLoaderDelegate.loadContext(DefaultCacheAwareContextLoaderDelegate.java:116) [spring-test-4.3.8.RELEASE.jar:4.3.8.RELEASE]
	at org.springframework.test.context.support.DefaultTestContext.getApplicationContext(DefaultTestContext.java:83) [spring-test-4.3.8.RELEASE.jar:4.3.8.RELEASE]
	at org.springframework.boot.test.autoconfigure.SpringBootDependencyInjectionTestExecutionListener.prepareTestInstance(SpringBootDependencyInjectionTestExecutionListener.java:47) [spring-boot-test-autoconfigure-1.5.3.RELEASE.jar:1.5.3.RELEASE]
	at org.springframework.test.context.TestContextManager.prepareTestInstance(TestContextManager.java:230) [spring-test-4.3.8.RELEASE.jar:4.3.8.RELEASE]
	at org.springframework.test.context.junit4.SpringJUnit4ClassRunner.createTest(SpringJUnit4ClassRunner.java:228) [spring-test-4.3.8.RELEASE.jar:4.3.8.RELEASE]
	at org.springframework.test.context.junit4.SpringJUnit4ClassRunner$1.runReflectiveCall(SpringJUnit4ClassRunner.java:287) [spring-test-4.3.8.RELEASE.jar:4.3.8.RELEASE]
	at org.junit.internal.runners.model.ReflectiveCallable.run(ReflectiveCallable.java:12) [junit-4.12.jar:4.12]
	at org.springframework.test.context.junit4.SpringJUnit4ClassRunner.methodBlock(SpringJUnit4ClassRunner.java:289) [spring-test-4.3.8.RELEASE.jar:4.3.8.RELEASE]
	at org.springframework.test.context.junit4.SpringJUnit4ClassRunner.runChild(SpringJUnit4ClassRunner.java:247) [spring-test-4.3.8.RELEASE.jar:4.3.8.RELEASE]
	at org.springframework.test.context.junit4.SpringJUnit4ClassRunner.runChild(SpringJUnit4ClassRunner.java:94) [spring-test-4.3.8.RELEASE.jar:4.3.8.RELEASE]
	at org.junit.runners.ParentRunner$3.run(ParentRunner.java:290) [junit-4.12.jar:4.12]
	at org.junit.runners.ParentRunner$1.schedule(ParentRunner.java:71) [junit-4.12.jar:4.12]
	at org.junit.runners.ParentRunner.runChildren(ParentRunner.java:288) [junit-4.12.jar:4.12]
	at org.junit.runners.ParentRunner.access$000(ParentRunner.java:58) [junit-4.12.jar:4.12]
	at org.junit.runners.ParentRunner$2.evaluate(ParentRunner.java:268) [junit-4.12.jar:4.12]
	at org.springframework.test.context.junit4.statements.RunBeforeTestClassCallbacks.evaluate(RunBeforeTestClassCallbacks.java:61) [spring-test-4.3.8.RELEASE.jar:4.3.8.RELEASE]
	at org.springframework.test.context.junit4.statements.RunAfterTestClassCallbacks.evaluate(RunAfterTestClassCallbacks.java:70) [spring-test-4.3.8.RELEASE.jar:4.3.8.RELEASE]
	at org.junit.runners.ParentRunner.run(ParentRunner.java:363) [junit-4.12.jar:4.12]
	at org.springframework.test.context.junit4.SpringJUnit4ClassRunner.run(SpringJUnit4ClassRunner.java:191) [spring-test-4.3.8.RELEASE.jar:4.3.8.RELEASE]
	at org.apache.maven.surefire.junit4.JUnit4Provider.execute(JUnit4Provider.java:365) [surefire-junit4-2.20.jar:2.20]
	at org.apache.maven.surefire.junit4.JUnit4Provider.executeWithRerun(JUnit4Provider.java:272) [surefire-junit4-2.20.jar:2.20]
	at org.apache.maven.surefire.junit4.JUnit4Provider.executeTestSet(JUnit4Provider.java:236) [surefire-junit4-2.20.jar:2.20]
	at org.apache.maven.surefire.junit4.JUnit4Provider.invoke(JUnit4Provider.java:159) [surefire-junit4-2.20.jar:2.20]
	at org.apache.maven.surefire.booter.ForkedBooter.invokeProviderInSameClassLoader(ForkedBooter.java:386) [surefire-booter-2.20.jar:2.20]
	at org.apache.maven.surefire.booter.ForkedBooter.runSuitesInProcess(ForkedBooter.java:323) [surefire-booter-2.20.jar:2.20]
	at org.apache.maven.surefire.booter.ForkedBooter.main(ForkedBooter.java:143) [surefire-booter-2.20.jar:2.20]
Caused by: org.apache.catalina.LifecycleException: service.getName(): "Tomcat";  Protocol handler start failed
	at org.apache.catalina.connector.Connector.startInternal(Connector.java:1000) ~[tomcat-embed-core-8.5.14.jar:8.5.14]
	at org.apache.catalina.util.LifecycleBase.start(LifecycleBase.java:150) ~[tomcat-embed-core-8.5.14.jar:8.5.14]
	... 38 common frames omitted
Caused by: java.net.BindException: Address already in use: bind
	at sun.nio.ch.Net.bind0(Native Method) ~[na:1.8.0_191]
	at sun.nio.ch.Net.bind(Net.java:433) ~[na:1.8.0_191]
	at sun.nio.ch.Net.bind(Net.java:425) ~[na:1.8.0_191]
	at sun.nio.ch.ServerSocketChannelImpl.bind(ServerSocketChannelImpl.java:223) ~[na:1.8.0_191]
	at sun.nio.ch.ServerSocketAdaptor.bind(ServerSocketAdaptor.java:74) ~[na:1.8.0_191]
	at org.apache.tomcat.util.net.NioEndpoint.bind(NioEndpoint.java:210) ~[tomcat-embed-core-8.5.14.jar:8.5.14]
	at org.apache.tomcat.util.net.AbstractEndpoint.start(AbstractEndpoint.java:978) ~[tomcat-embed-core-8.5.14.jar:8.5.14]
	at org.apache.coyote.AbstractProtocol.start(AbstractProtocol.java:628) ~[tomcat-embed-core-8.5.14.jar:8.5.14]
	at org.apache.catalina.connector.Connector.startInternal(Connector.java:993) ~[tomcat-embed-core-8.5.14.jar:8.5.14]
	... 39 common frames omitted

2018-12-22 13:23:55.420  INFO 11736 --- [           main] o.apache.catalina.core.StandardService   : Stopping service Tomcat
2018-12-22 13:23:55.430  INFO 11736 --- [           main] utoConfigurationReportLoggingInitializer : 

Error starting ApplicationContext. To display the auto-configuration report re-run your application with 'debug' enabled.
2018-12-22 13:23:55.434 ERROR 11736 --- [           main] o.s.b.d.LoggingFailureAnalysisReporter   : 

***************************
APPLICATION FAILED TO START
***************************

Description:

The Tomcat connector configured to listen on port 8080 failed to start. The port may already be in use or the connector may be misconfigured.

Action:

Verify the connector's configuration, identify and stop any process that's listening on port 8080, or configure this application to listen on another port.

2018-12-22 13:23:55.434  INFO 11736 --- [           main] ationConfigEmbeddedWebApplicationContext : Closing org.springframework.boot.context.embedded.AnnotationConfigEmbeddedWebApplicationContext@690f39b: startup date [Sat Dec 22 13:23:53 IST 2018]; root of context hierarchy
2018-12-22 13:23:55.437  INFO 11736 --- [           main] o.z.vogon.web.PersistenceConfiguration   : Unloading JDBC drivers
2018-12-22 13:23:55.439  INFO 11736 --- [           main] j.LocalContainerEntityManagerFactoryBean : Closing JPA EntityManagerFactory for persistence unit 'VogonPU'
2018-12-22 13:23:55.439  INFO 11736 --- [           main] org.hibernate.orm.connections.pooling    : HHH10001008: Cleaning up connection pool [jdbc:h2:mem:test]
2018-12-22 13:23:55.439 ERROR 11736 --- [           main] o.s.test.context.TestContextManager      : Caught exception while allowing TestExecutionListener [org.springframework.boot.test.autoconfigure.SpringBootDependencyInjectionTestExecutionListener@482cd077] to prepare test instance [org.zlogic.vogon.web.TransactionsControllerWriteTest@4191ae25]

java.lang.IllegalStateException: Failed to load ApplicationContext
	at org.springframework.test.context.cache.DefaultCacheAwareContextLoaderDelegate.loadContext(DefaultCacheAwareContextLoaderDelegate.java:124) ~[spring-test-4.3.8.RELEASE.jar:4.3.8.RELEASE]
	at org.springframework.test.context.support.DefaultTestContext.getApplicationContext(DefaultTestContext.java:83) ~[spring-test-4.3.8.RELEASE.jar:4.3.8.RELEASE]
	at org.springframework.boot.test.autoconfigure.SpringBootDependencyInjectionTestExecutionListener.prepareTestInstance(SpringBootDependencyInjectionTestExecutionListener.java:47) ~[spring-boot-test-autoconfigure-1.5.3.RELEASE.jar:1.5.3.RELEASE]
	at org.springframework.test.context.TestContextManager.prepareTestInstance(TestContextManager.java:230) ~[spring-test-4.3.8.RELEASE.jar:4.3.8.RELEASE]
	at org.springframework.test.context.junit4.SpringJUnit4ClassRunner.createTest(SpringJUnit4ClassRunner.java:228) [spring-test-4.3.8.RELEASE.jar:4.3.8.RELEASE]
	at org.springframework.test.context.junit4.SpringJUnit4ClassRunner$1.runReflectiveCall(SpringJUnit4ClassRunner.java:287) [spring-test-4.3.8.RELEASE.jar:4.3.8.RELEASE]
	at org.junit.internal.runners.model.ReflectiveCallable.run(ReflectiveCallable.java:12) [junit-4.12.jar:4.12]
	at org.springframework.test.context.junit4.SpringJUnit4ClassRunner.methodBlock(SpringJUnit4ClassRunner.java:289) [spring-test-4.3.8.RELEASE.jar:4.3.8.RELEASE]
	at org.springframework.test.context.junit4.SpringJUnit4ClassRunner.runChild(SpringJUnit4ClassRunner.java:247) [spring-test-4.3.8.RELEASE.jar:4.3.8.RELEASE]
	at org.springframework.test.context.junit4.SpringJUnit4ClassRunner.runChild(SpringJUnit4ClassRunner.java:94) [spring-test-4.3.8.RELEASE.jar:4.3.8.RELEASE]
	at org.junit.runners.ParentRunner$3.run(ParentRunner.java:290) [junit-4.12.jar:4.12]
	at org.junit.runners.ParentRunner$1.schedule(ParentRunner.java:71) [junit-4.12.jar:4.12]
	at org.junit.runners.ParentRunner.runChildren(ParentRunner.java:288) [junit-4.12.jar:4.12]
	at org.junit.runners.ParentRunner.access$000(ParentRunner.java:58) [junit-4.12.jar:4.12]
	at org.junit.runners.ParentRunner$2.evaluate(ParentRunner.java:268) [junit-4.12.jar:4.12]
	at org.springframework.test.context.junit4.statements.RunBeforeTestClassCallbacks.evaluate(RunBeforeTestClassCallbacks.java:61) [spring-test-4.3.8.RELEASE.jar:4.3.8.RELEASE]
	at org.springframework.test.context.junit4.statements.RunAfterTestClassCallbacks.evaluate(RunAfterTestClassCallbacks.java:70) [spring-test-4.3.8.RELEASE.jar:4.3.8.RELEASE]
	at org.junit.runners.ParentRunner.run(ParentRunner.java:363) [junit-4.12.jar:4.12]
	at org.springframework.test.context.junit4.SpringJUnit4ClassRunner.run(SpringJUnit4ClassRunner.java:191) [spring-test-4.3.8.RELEASE.jar:4.3.8.RELEASE]
	at org.apache.maven.surefire.junit4.JUnit4Provider.execute(JUnit4Provider.java:365) [surefire-junit4-2.20.jar:2.20]
	at org.apache.maven.surefire.junit4.JUnit4Provider.executeWithRerun(JUnit4Provider.java:272) [surefire-junit4-2.20.jar:2.20]
	at org.apache.maven.surefire.junit4.JUnit4Provider.executeTestSet(JUnit4Provider.java:236) [surefire-junit4-2.20.jar:2.20]
	at org.apache.maven.surefire.junit4.JUnit4Provider.invoke(JUnit4Provider.java:159) [surefire-junit4-2.20.jar:2.20]
	at org.apache.maven.surefire.booter.ForkedBooter.invokeProviderInSameClassLoader(ForkedBooter.java:386) [surefire-booter-2.20.jar:2.20]
	at org.apache.maven.surefire.booter.ForkedBooter.runSuitesInProcess(ForkedBooter.java:323) [surefire-booter-2.20.jar:2.20]
	at org.apache.maven.surefire.booter.ForkedBooter.main(ForkedBooter.java:143) [surefire-booter-2.20.jar:2.20]
Caused by: org.springframework.boot.context.embedded.tomcat.ConnectorStartFailedException: Connector configured to listen on port 8080 failed to start
	at org.springframework.boot.context.embedded.tomcat.TomcatEmbeddedServletContainer.checkThatConnectorsHaveStarted(TomcatEmbeddedServletContainer.java:219) ~[spring-boot-1.5.3.RELEASE.jar:1.5.3.RELEASE]
	at org.springframework.boot.context.embedded.tomcat.TomcatEmbeddedServletContainer.start(TomcatEmbeddedServletContainer.java:195) ~[spring-boot-1.5.3.RELEASE.jar:1.5.3.RELEASE]
	at org.springframework.boot.context.embedded.EmbeddedWebApplicationContext.startEmbeddedServletContainer(EmbeddedWebApplicationContext.java:297) ~[spring-boot-1.5.3.RELEASE.jar:1.5.3.RELEASE]
	at org.springframework.boot.context.embedded.EmbeddedWebApplicationContext.finishRefresh(EmbeddedWebApplicationContext.java:145) ~[spring-boot-1.5.3.RELEASE.jar:1.5.3.RELEASE]
	at org.springframework.context.support.AbstractApplicationContext.refresh(AbstractApplicationContext.java:545) ~[spring-context-4.3.8.RELEASE.jar:4.3.8.RELEASE]
	at org.springframework.boot.context.embedded.EmbeddedWebApplicationContext.refresh(EmbeddedWebApplicationContext.java:122) ~[spring-boot-1.5.3.RELEASE.jar:1.5.3.RELEASE]
	at org.springframework.boot.SpringApplication.refresh(SpringApplication.java:737) ~[spring-boot-1.5.3.RELEASE.jar:1.5.3.RELEASE]
	at org.springframework.boot.SpringApplication.refreshContext(SpringApplication.java:370) ~[spring-boot-1.5.3.RELEASE.jar:1.5.3.RELEASE]
	at org.springframework.boot.SpringApplication.run(SpringApplication.java:314) ~[spring-boot-1.5.3.RELEASE.jar:1.5.3.RELEASE]
	at org.springframework.boot.test.context.SpringBootContextLoader.loadContext(SpringBootContextLoader.java:120) ~[spring-boot-test-1.5.3.RELEASE.jar:1.5.3.RELEASE]
	at org.springframework.test.context.cache.DefaultCacheAwareContextLoaderDelegate.loadContextInternal(DefaultCacheAwareContextLoaderDelegate.java:98) ~[spring-test-4.3.8.RELEASE.jar:4.3.8.RELEASE]
	at org.springframework.test.context.cache.DefaultCacheAwareContextLoaderDelegate.loadContext(DefaultCacheAwareContextLoaderDelegate.java:116) ~[spring-test-4.3.8.RELEASE.jar:4.3.8.RELEASE]
	... 25 common frames omitted

]]></system-out>
  </testcase>
  <testcase name="testDeleteTransactionOwnerConstraint" classname="org.zlogic.vogon.web.TransactionsControllerWriteTest" time="0">
    <error message="Failed to load ApplicationContext" type="java.lang.IllegalStateException">java.lang.IllegalStateException: Failed to load ApplicationContext
Caused by: org.springframework.boot.context.embedded.tomcat.ConnectorStartFailedException: Connector configured to listen on port 8080 failed to start
</error>
    <system-out><![CDATA[
  .   ____          _            __ _ _
 /\\ / ___'_ __ _ _(_)_ __  __ _ \ \ \ \
( ( )\___ | '_ | '_| | '_ \/ _` | \ \ \ \
 \\/  ___)| |_)| | | | | || (_| |  ) ) ) )
  '  |____| .__|_| |_|_| |_\__, | / / / /
 =========|_|==============|___/=/_/_/_/
 :: Spring Boot ::        (v1.5.3.RELEASE)

2018-12-22 13:23:55.480  INFO 11736 --- [           main] o.z.v.w.TransactionsControllerWriteTest  : Starting TransactionsControllerWriteTest on GOPAL with PID 11736 (started by GOPAL$ in C:\Program Files (x86)\Jenkins\workspace\Maven_project\vogon-web)
2018-12-22 13:23:55.480  INFO 11736 --- [           main] o.z.v.w.TransactionsControllerWriteTest  : No active profile set, falling back to default profiles: default
2018-12-22 13:23:55.482  INFO 11736 --- [           main] ationConfigEmbeddedWebApplicationContext : Refreshing org.springframework.boot.context.embedded.AnnotationConfigEmbeddedWebApplicationContext@7d6e08f9: startup date [Sat Dec 22 13:23:55 IST 2018]; root of context hierarchy
2018-12-22 13:23:55.753  INFO 11736 --- [           main] o.s.b.f.s.DefaultListableBeanFactory     : Overriding bean definition for bean 'entityManagerFactory' with a different definition: replacing [Root bean: class [null]; scope=; abstract=false; lazyInit=false; autowireMode=3; dependencyCheck=0; autowireCandidate=true; primary=false; factoryBeanName=persistenceConfiguration; factoryMethodName=entityManagerFactory; initMethodName=null; destroyMethodName=(inferred); defined in class path resource [org/zlogic/vogon/web/PersistenceConfiguration.class]] with [Root bean: class [null]; scope=; abstract=false; lazyInit=false; autowireMode=3; dependencyCheck=0; autowireCandidate=true; primary=false; factoryBeanName=databaseConfiguration; factoryMethodName=entityManagerFactory; initMethodName=null; destroyMethodName=(inferred); defined in org.zlogic.vogon.web.DatabaseConfiguration]
2018-12-22 13:23:55.903  INFO 11736 --- [           main] trationDelegate$BeanPostProcessorChecker : Bean 'org.springframework.security.config.annotation.configuration.ObjectPostProcessorConfiguration' of type [org.springframework.security.config.annotation.configuration.ObjectPostProcessorConfiguration$$EnhancerBySpringCGLIB$$be8c3acc] is not eligible for getting processed by all BeanPostProcessors (for example: not eligible for auto-proxying)
2018-12-22 13:23:55.907  INFO 11736 --- [           main] trationDelegate$BeanPostProcessorChecker : Bean 'objectPostProcessor' of type [org.springframework.security.config.annotation.configuration.AutowireBeanFactoryObjectPostProcessor] is not eligible for getting processed by all BeanPostProcessors (for example: not eligible for auto-proxying)
2018-12-22 13:23:55.908  INFO 11736 --- [           main] trationDelegate$BeanPostProcessorChecker : Bean 'org.springframework.security.access.expression.method.DefaultMethodSecurityExpressionHandler@20156875' of type [org.springframework.security.oauth2.provider.expression.OAuth2MethodSecurityExpressionHandler] is not eligible for getting processed by all BeanPostProcessors (for example: not eligible for auto-proxying)
2018-12-22 13:23:55.913  INFO 11736 --- [           main] trationDelegate$BeanPostProcessorChecker : Bean 'org.springframework.security.config.annotation.method.configuration.GlobalMethodSecurityConfiguration' of type [org.springframework.security.config.annotation.method.configuration.GlobalMethodSecurityConfiguration$$EnhancerBySpringCGLIB$$e360dd7e] is not eligible for getting processed by all BeanPostProcessors (for example: not eligible for auto-proxying)
2018-12-22 13:23:55.915  INFO 11736 --- [           main] trationDelegate$BeanPostProcessorChecker : Bean 'methodSecurityMetadataSource' of type [org.springframework.security.access.method.DelegatingMethodSecurityMetadataSource] is not eligible for getting processed by all BeanPostProcessors (for example: not eligible for auto-proxying)
2018-12-22 13:23:55.921  INFO 11736 --- [           main] trationDelegate$BeanPostProcessorChecker : Bean 'org.springframework.transaction.annotation.ProxyTransactionManagementConfiguration' of type [org.springframework.transaction.annotation.ProxyTransactionManagementConfiguration$$EnhancerBySpringCGLIB$$25de7292] is not eligible for getting processed by all BeanPostProcessors (for example: not eligible for auto-proxying)
2018-12-22 13:23:55.934  INFO 11736 --- [           main] trationDelegate$BeanPostProcessorChecker : Bean 'security.oauth2.client-org.springframework.boot.autoconfigure.security.oauth2.OAuth2ClientProperties' of type [org.springframework.boot.autoconfigure.security.oauth2.OAuth2ClientProperties] is not eligible for getting processed by all BeanPostProcessors (for example: not eligible for auto-proxying)
2018-12-22 13:23:55.936  INFO 11736 --- [           main] trationDelegate$BeanPostProcessorChecker : Bean 'org.springframework.boot.autoconfigure.security.oauth2.OAuth2AutoConfiguration' of type [org.springframework.boot.autoconfigure.security.oauth2.OAuth2AutoConfiguration$$EnhancerBySpringCGLIB$$dd282e92] is not eligible for getting processed by all BeanPostProcessors (for example: not eligible for auto-proxying)
2018-12-22 13:23:55.938  INFO 11736 --- [           main] trationDelegate$BeanPostProcessorChecker : Bean 'resourceServerProperties' of type [org.springframework.boot.autoconfigure.security.oauth2.resource.ResourceServerProperties] is not eligible for getting processed by all BeanPostProcessors (for example: not eligible for auto-proxying)
2018-12-22 13:23:55.974  INFO 11736 --- [           main] org.zlogic.vogon.web.TomcatConfigurer    : Using keystore C:\Program Files (x86)\Jenkins\workspace\Maven_project\vogon-web\target/vogonweb.keystore with password ********
2018-12-22 13:23:55.994  INFO 11736 --- [           main] s.b.c.e.t.TomcatEmbeddedServletContainer : Tomcat initialized with port(s): 8080 (http) 8443 (https)
2018-12-22 13:23:55.994  INFO 11736 --- [           main] o.apache.catalina.core.StandardService   : Starting service Tomcat
2018-12-22 13:23:55.994  INFO 11736 --- [           main] org.apache.catalina.core.StandardEngine  : Starting Servlet Engine: Apache Tomcat/8.5.14
2018-12-22 13:23:56.024  INFO 11736 --- [ost-startStop-1] org.apache.jasper.servlet.TldScanner     : At least one JAR was scanned for TLDs yet contained no TLDs. Enable debug logging for this logger for a complete list of JARs that were scanned but no TLDs were found in them. Skipping unneeded JARs during scanning can improve startup time and JSP compilation time.
2018-12-22 13:23:56.026  INFO 11736 --- [ost-startStop-1] o.a.c.c.C.[Tomcat-142].[localhost].[/]   : Initializing Spring embedded WebApplicationContext
2018-12-22 13:23:56.026  INFO 11736 --- [ost-startStop-1] o.s.web.context.ContextLoader            : Root WebApplicationContext: initialization completed in 544 ms
2018-12-22 13:23:56.175  INFO 11736 --- [ost-startStop-1] o.s.b.w.servlet.FilterRegistrationBean   : Mapping filter: 'metricsFilter' to: [/*]
2018-12-22 13:23:56.175  INFO 11736 --- [ost-startStop-1] o.s.b.w.servlet.FilterRegistrationBean   : Mapping filter: 'characterEncodingFilter' to: [/*]
2018-12-22 13:23:56.175  INFO 11736 --- [ost-startStop-1] o.s.b.w.servlet.FilterRegistrationBean   : Mapping filter: 'hiddenHttpMethodFilter' to: [/*]
2018-12-22 13:23:56.175  INFO 11736 --- [ost-startStop-1] o.s.b.w.servlet.FilterRegistrationBean   : Mapping filter: 'httpPutFormContentFilter' to: [/*]
2018-12-22 13:23:56.175  INFO 11736 --- [ost-startStop-1] o.s.b.w.servlet.FilterRegistrationBean   : Mapping filter: 'requestContextFilter' to: [/*]
2018-12-22 13:23:56.175  INFO 11736 --- [ost-startStop-1] .s.DelegatingFilterProxyRegistrationBean : Mapping filter: 'springSecurityFilterChain' to: [/*]
2018-12-22 13:23:56.175  INFO 11736 --- [ost-startStop-1] o.s.b.w.servlet.FilterRegistrationBean   : Mapping filter: 'webRequestLoggingFilter' to: [/*]
2018-12-22 13:23:56.175  INFO 11736 --- [ost-startStop-1] o.s.b.w.servlet.FilterRegistrationBean   : Mapping filter: 'applicationContextIdFilter' to: [/*]
2018-12-22 13:23:56.176  INFO 11736 --- [ost-startStop-1] o.s.b.w.servlet.ServletRegistrationBean  : Mapping servlet: 'dispatcherServlet' to [/]
2018-12-22 13:23:56.187  INFO 11736 --- [           main] j.LocalContainerEntityManagerFactoryBean : Building JPA container EntityManagerFactory for persistence unit 'VogonPU'
2018-12-22 13:23:56.187  INFO 11736 --- [           main] o.hibernate.jpa.internal.util.LogHelper  : HHH000204: Processing PersistenceUnitInfo [
	name: VogonPU
	...]
2018-12-22 13:23:56.191  WARN 11736 --- [           main] org.hibernate.orm.connections.pooling    : HHH10001002: Using Hibernate built-in connection pool (not for production use!)
2018-12-22 13:23:56.191  INFO 11736 --- [           main] org.hibernate.orm.connections.pooling    : HHH10001005: using driver [org.h2.Driver] at URL [jdbc:h2:mem:test]
2018-12-22 13:23:56.191  INFO 11736 --- [           main] org.hibernate.orm.connections.pooling    : HHH10001001: Connection properties: {}
2018-12-22 13:23:56.191  INFO 11736 --- [           main] org.hibernate.orm.connections.pooling    : HHH10001003: Autocommit mode: false
2018-12-22 13:23:56.191  INFO 11736 --- [           main] .c.i.DriverManagerConnectionProviderImpl : HHH000115: Hibernate connection pool size: 20 (min=1)
2018-12-22 13:23:56.191  INFO 11736 --- [           main] org.hibernate.dialect.Dialect            : HHH000400: Using dialect: org.hibernate.dialect.H2Dialect
2018-12-22 13:23:56.203  INFO 11736 --- [           main] org.hibernate.orm.connections.access     : HHH10001501: Connection obtained from JdbcConnectionAccess [org.hibernate.engine.jdbc.env.internal.JdbcEnvironmentInitiator$ConnectionProviderJdbcConnectionAccess@37a8a5d8] for (non-JTA) DDL execution was not in auto-commit mode; the Connection 'local transaction' will be committed and the Connection will be set into auto-commit mode.
2018-12-22 13:23:56.209  INFO 11736 --- [           main] j.LocalContainerEntityManagerFactoryBean : Initialized JPA EntityManagerFactory for persistence unit 'VogonPU'
2018-12-22 13:23:56.502  INFO 11736 --- [           main] .s.o.p.e.FrameworkEndpointHandlerMapping : Mapped "{[/oauth/authorize]}" onto public org.springframework.web.servlet.ModelAndView org.springframework.security.oauth2.provider.endpoint.AuthorizationEndpoint.authorize(java.util.Map<java.lang.String, java.lang.Object>,java.util.Map<java.lang.String, java.lang.String>,org.springframework.web.bind.support.SessionStatus,java.security.Principal)
2018-12-22 13:23:56.502  INFO 11736 --- [           main] .s.o.p.e.FrameworkEndpointHandlerMapping : Mapped "{[/oauth/authorize],methods=[POST],params=[user_oauth_approval]}" onto public org.springframework.web.servlet.View org.springframework.security.oauth2.provider.endpoint.AuthorizationEndpoint.approveOrDeny(java.util.Map<java.lang.String, java.lang.String>,java.util.Map<java.lang.String, ?>,org.springframework.web.bind.support.SessionStatus,java.security.Principal)
2018-12-22 13:23:56.502  INFO 11736 --- [           main] .s.o.p.e.FrameworkEndpointHandlerMapping : Mapped "{[/oauth/token],methods=[GET]}" onto public org.springframework.http.ResponseEntity<org.springframework.security.oauth2.common.OAuth2AccessToken> org.springframework.security.oauth2.provider.endpoint.TokenEndpoint.getAccessToken(java.security.Principal,java.util.Map<java.lang.String, java.lang.String>) throws org.springframework.web.HttpRequestMethodNotSupportedException
2018-12-22 13:23:56.503  INFO 11736 --- [           main] .s.o.p.e.FrameworkEndpointHandlerMapping : Mapped "{[/oauth/token],methods=[POST]}" onto public org.springframework.http.ResponseEntity<org.springframework.security.oauth2.common.OAuth2AccessToken> org.springframework.security.oauth2.provider.endpoint.TokenEndpoint.postAccessToken(java.security.Principal,java.util.Map<java.lang.String, java.lang.String>) throws org.springframework.web.HttpRequestMethodNotSupportedException
2018-12-22 13:23:56.503  INFO 11736 --- [           main] .s.o.p.e.FrameworkEndpointHandlerMapping : Mapped "{[/oauth/check_token]}" onto public java.util.Map<java.lang.String, ?> org.springframework.security.oauth2.provider.endpoint.CheckTokenEndpoint.checkToken(java.lang.String)
2018-12-22 13:23:56.503  INFO 11736 --- [           main] .s.o.p.e.FrameworkEndpointHandlerMapping : Mapped "{[/oauth/confirm_access]}" onto public org.springframework.web.servlet.ModelAndView org.springframework.security.oauth2.provider.endpoint.WhitelabelApprovalEndpoint.getAccessConfirmation(java.util.Map<java.lang.String, java.lang.Object>,javax.servlet.http.HttpServletRequest) throws java.lang.Exception
2018-12-22 13:23:56.503  INFO 11736 --- [           main] .s.o.p.e.FrameworkEndpointHandlerMapping : Mapped "{[/oauth/error]}" onto public org.springframework.web.servlet.ModelAndView org.springframework.security.oauth2.provider.endpoint.WhitelabelErrorEndpoint.handleError(javax.servlet.http.HttpServletRequest)
2018-12-22 13:23:56.702  INFO 11736 --- [           main] o.s.s.web.DefaultSecurityFilterChain     : Creating filter chain: OrRequestMatcher [requestMatchers=[Ant [pattern='/oauth/token'], Ant [pattern='/oauth/token_key'], Ant [pattern='/oauth/check_token']]], [org.springframework.security.web.context.request.async.WebAsyncManagerIntegrationFilter@6fd9c9f7, org.springframework.security.web.context.SecurityContextPersistenceFilter@2c0a4ec2, org.springframework.security.web.header.HeaderWriterFilter@4448a9f4, org.springframework.security.web.authentication.logout.LogoutFilter@7f41b326, org.springframework.security.oauth2.provider.client.ClientCredentialsTokenEndpointFilter@3a8814cc, org.springframework.security.web.authentication.www.BasicAuthenticationFilter@2afe0576, org.springframework.security.web.savedrequest.RequestCacheAwareFilter@5c98479d, org.springframework.security.web.servletapi.SecurityContextHolderAwareRequestFilter@5d1e42f3, org.springframework.security.web.authentication.AnonymousAuthenticationFilter@46ac4cde, org.springframework.security.web.session.SessionManagementFilter@36829fe1, org.springframework.security.web.access.ExceptionTranslationFilter@4b977ea0, org.springframework.security.web.access.intercept.FilterSecurityInterceptor@37f30437]
2018-12-22 13:23:56.702  INFO 11736 --- [           main] o.s.s.web.DefaultSecurityFilterChain     : Creating filter chain: org.springframework.boot.actuate.autoconfigure.ManagementWebSecurityAutoConfiguration$LazyEndpointPathRequestMatcher@31d35fa0, [org.springframework.security.web.context.request.async.WebAsyncManagerIntegrationFilter@7afe0de3, org.springframework.security.web.context.SecurityContextPersistenceFilter@26195a8d, org.springframework.security.web.header.HeaderWriterFilter@405e43a8, org.springframework.security.web.authentication.logout.LogoutFilter@67c89d6d, org.springframework.security.web.authentication.www.BasicAuthenticationFilter@6d128acd, org.springframework.security.web.savedrequest.RequestCacheAwareFilter@4ca74085, org.springframework.security.web.servletapi.SecurityContextHolderAwareRequestFilter@7e5619ba, org.springframework.security.web.authentication.AnonymousAuthenticationFilter@38d721d7, org.springframework.security.web.session.SessionManagementFilter@1230491, org.springframework.security.web.access.ExceptionTranslationFilter@48445211, org.springframework.security.web.access.intercept.FilterSecurityInterceptor@346ed0a3]
2018-12-22 13:23:56.718  INFO 11736 --- [           main] o.s.s.w.a.c.ChannelProcessingFilter      : Validated configuration attributes
2018-12-22 13:23:56.718  INFO 11736 --- [           main] o.s.s.web.DefaultSecurityFilterChain     : Creating filter chain: org.springframework.security.oauth2.config.annotation.web.configuration.ResourceServerConfiguration$NotOAuthRequestMatcher@144d47fb, [org.springframework.security.web.access.channel.ChannelProcessingFilter@78fc759, org.springframework.security.web.context.request.async.WebAsyncManagerIntegrationFilter@25c6afb5, org.springframework.security.web.context.SecurityContextPersistenceFilter@70f4e3d7, org.springframework.security.web.header.HeaderWriterFilter@2254c840, org.springframework.security.web.authentication.logout.LogoutFilter@7ce09387, org.springframework.security.oauth2.provider.authentication.OAuth2AuthenticationProcessingFilter@1fcce890, org.springframework.security.web.savedrequest.RequestCacheAwareFilter@29ac08e2, org.springframework.security.web.servletapi.SecurityContextHolderAwareRequestFilter@2dbec35f, org.springframework.security.web.authentication.AnonymousAuthenticationFilter@82dd3ad, org.springframework.security.web.session.SessionManagementFilter@221e6225, org.springframework.security.web.access.ExceptionTranslationFilter@61670cdf, org.springframework.security.web.access.intercept.FilterSecurityInterceptor@7c68dc26]
2018-12-22 13:23:56.801  INFO 11736 --- [           main] s.w.s.m.m.a.RequestMappingHandlerAdapter : Looking for @ControllerAdvice: org.springframework.boot.context.embedded.AnnotationConfigEmbeddedWebApplicationContext@7d6e08f9: startup date [Sat Dec 22 13:23:55 IST 2018]; root of context hierarchy
2018-12-22 13:23:56.823  INFO 11736 --- [           main] s.w.s.m.m.a.RequestMappingHandlerMapping : Mapped "{[/service/accounts],methods=[GET],produces=[application/json]}" onto public java.util.Collection<org.zlogic.vogon.data.FinanceAccount> org.zlogic.vogon.web.controller.AccountsController.getAllAccounts(org.zlogic.vogon.web.security.VogonSecurityUser)
2018-12-22 13:23:56.823  INFO 11736 --- [           main] s.w.s.m.m.a.RequestMappingHandlerMapping : Mapped "{[/service/accounts],methods=[POST],produces=[application/json]}" onto public java.util.Collection<org.zlogic.vogon.data.FinanceAccount> org.zlogic.vogon.web.controller.AccountsController.updateAccounts(java.util.Collection<org.zlogic.vogon.data.FinanceAccount>,org.zlogic.vogon.web.security.VogonSecurityUser)
2018-12-22 13:23:56.823  INFO 11736 --- [           main] s.w.s.m.m.a.RequestMappingHandlerMapping : Mapped "{[/service/analytics/tags],methods=[GET],produces=[application/json]}" onto public java.util.Set<java.lang.String> org.zlogic.vogon.web.controller.AnalyticsController.getAllTags(org.zlogic.vogon.web.security.VogonSecurityUser)
2018-12-22 13:23:56.823  INFO 11736 --- [           main] s.w.s.m.m.a.RequestMappingHandlerMapping : Mapped "{[/service/analytics],methods=[POST],produces=[application/json]}" onto public java.util.Map<java.lang.String, org.zlogic.vogon.data.report.Report> org.zlogic.vogon.web.controller.AnalyticsController.getReport(org.zlogic.vogon.data.report.ReportFactory,org.zlogic.vogon.web.security.VogonSecurityUser)
2018-12-22 13:23:56.823  INFO 11736 --- [           main] s.w.s.m.m.a.RequestMappingHandlerMapping : Mapped "{[/service/currencies],methods=[GET],produces=[application/json]}" onto public java.util.Collection<org.zlogic.vogon.web.data.model.CurrencyDetails> org.zlogic.vogon.web.controller.CurrenciesController.getAllCurrencies()
2018-12-22 13:23:56.823  INFO 11736 --- [           main] s.w.s.m.m.a.RequestMappingHandlerMapping : Mapped "{[/service/export],methods=[GET || POST]}" onto public org.springframework.http.HttpEntity<byte[]> org.zlogic.vogon.web.controller.DataController.exportDataJSON(org.zlogic.vogon.web.security.VogonSecurityUser) throws java.lang.RuntimeException
2018-12-22 13:23:56.823  INFO 11736 --- [           main] s.w.s.m.m.a.RequestMappingHandlerMapping : Mapped "{[/service/import],methods=[POST],consumes=[multipart/form-data],produces=[application/json]}" onto public java.lang.Boolean org.zlogic.vogon.web.controller.DataController.importData(org.springframework.web.multipart.MultipartFile,org.zlogic.vogon.web.security.VogonSecurityUser) throws java.lang.RuntimeException
2018-12-22 13:23:56.823  INFO 11736 --- [           main] s.w.s.m.m.a.RequestMappingHandlerMapping : Mapped "{[/fragments/{fragment}.fragment]}" onto public org.springframework.web.servlet.ModelAndView org.zlogic.vogon.web.controller.JspController.fragmentModelAndView(java.lang.String)
2018-12-22 13:23:56.823  INFO 11736 --- [           main] s.w.s.m.m.a.RequestMappingHandlerMapping : Mapped "{[/]}" onto public org.springframework.web.servlet.ModelAndView org.zlogic.vogon.web.controller.JspController.indexModelAndView()
2018-12-22 13:23:56.823  INFO 11736 --- [           main] s.w.s.m.m.a.RequestMappingHandlerMapping : Mapped "{[/oauth/logout],methods=[POST]}" onto public void org.zlogic.vogon.web.controller.LogoutController.logout(org.springframework.security.oauth2.provider.OAuth2Authentication) throws org.zlogic.vogon.web.security.UsernameExistsException
2018-12-22 13:23:56.823  INFO 11736 --- [           main] s.w.s.m.m.a.RequestMappingHandlerMapping : Mapped "{[/register],methods=[POST],produces=[application/json]}" onto public org.zlogic.vogon.data.VogonUser org.zlogic.vogon.web.controller.RegistrationController.register(org.zlogic.vogon.data.VogonUser) throws org.zlogic.vogon.web.security.UsernameExistsException
2018-12-22 13:23:56.823  INFO 11736 --- [           main] s.w.s.m.m.a.RequestMappingHandlerMapping : Mapped "{[/service/transactions/transaction/{id}],methods=[GET],produces=[application/json]}" onto public org.zlogic.vogon.web.data.model.FinanceTransactionJson org.zlogic.vogon.web.controller.TransactionsController.getTransaction(long,org.zlogic.vogon.web.security.VogonSecurityUser)
2018-12-22 13:23:56.823  INFO 11736 --- [           main] s.w.s.m.m.a.RequestMappingHandlerMapping : Mapped "{[/service/transactions],methods=[GET],produces=[application/json]}" onto public java.util.Collection<org.zlogic.vogon.web.data.model.FinanceTransactionJson> org.zlogic.vogon.web.controller.TransactionsController.getTransactions(java.lang.Integer,org.zlogic.vogon.web.controller.TransactionsController$SortColumn,org.springframework.data.domain.Sort$Direction,java.lang.String,java.util.Date,java.util.Collection<java.lang.String>,org.zlogic.vogon.web.security.VogonSecurityUser)
2018-12-22 13:23:56.823  INFO 11736 --- [           main] s.w.s.m.m.a.RequestMappingHandlerMapping : Mapped "{[/service/transactions],methods=[POST],produces=[application/json]}" onto public org.zlogic.vogon.web.data.model.FinanceTransactionJson org.zlogic.vogon.web.controller.TransactionsController.submitTransaction(org.zlogic.vogon.web.data.model.FinanceTransactionJson,org.zlogic.vogon.web.security.VogonSecurityUser)
2018-12-22 13:23:56.823  INFO 11736 --- [           main] s.w.s.m.m.a.RequestMappingHandlerMapping : Mapped "{[/service/transactions/pages],methods=[GET],produces=[application/json]}" onto public long org.zlogic.vogon.web.controller.TransactionsController.getTransactionsCount(org.zlogic.vogon.web.security.VogonSecurityUser)
2018-12-22 13:23:56.824  INFO 11736 --- [           main] s.w.s.m.m.a.RequestMappingHandlerMapping : Mapped "{[/service/transactions/transaction/{id}],methods=[DELETE],produces=[application/json]}" onto public org.zlogic.vogon.web.data.model.FinanceTransactionJson org.zlogic.vogon.web.controller.TransactionsController.deleteTransaction(long,org.zlogic.vogon.web.security.VogonSecurityUser)
2018-12-22 13:23:56.824  INFO 11736 --- [           main] s.w.s.m.m.a.RequestMappingHandlerMapping : Mapped "{[/service/user],methods=[POST],produces=[application/json]}" onto public org.zlogic.vogon.data.VogonUser org.zlogic.vogon.web.controller.UsersController.submitUser(org.zlogic.vogon.data.VogonUser,org.zlogic.vogon.web.security.VogonSecurityUser) throws org.zlogic.vogon.web.security.UsernameExistsException
2018-12-22 13:23:56.824  INFO 11736 --- [           main] s.w.s.m.m.a.RequestMappingHandlerMapping : Mapped "{[/service/user],methods=[GET],produces=[application/json]}" onto public org.zlogic.vogon.data.VogonUser org.zlogic.vogon.web.controller.UsersController.getUserData(org.zlogic.vogon.web.security.VogonSecurityUser)
2018-12-22 13:23:56.824  INFO 11736 --- [           main] s.w.s.m.m.a.RequestMappingHandlerMapping : Mapped "{[/error]}" onto public org.springframework.http.ResponseEntity<java.util.Map<java.lang.String, java.lang.Object>> org.springframework.boot.autoconfigure.web.BasicErrorController.error(javax.servlet.http.HttpServletRequest)
2018-12-22 13:23:56.825  INFO 11736 --- [           main] s.w.s.m.m.a.RequestMappingHandlerMapping : Mapped "{[/error],produces=[text/html]}" onto public org.springframework.web.servlet.ModelAndView org.springframework.boot.autoconfigure.web.BasicErrorController.errorHtml(javax.servlet.http.HttpServletRequest,javax.servlet.http.HttpServletResponse)
2018-12-22 13:23:56.837  INFO 11736 --- [           main] o.s.w.s.handler.SimpleUrlHandlerMapping  : Root mapping to handler of type [class org.springframework.web.servlet.mvc.ParameterizableViewController]
2018-12-22 13:23:57.003  INFO 11736 --- [           main] o.s.w.s.handler.SimpleUrlHandlerMapping  : Mapped URL path [/webjars/**] onto handler of type [class org.springframework.web.servlet.resource.ResourceHttpRequestHandler]
2018-12-22 13:23:57.003  INFO 11736 --- [           main] o.s.w.s.handler.SimpleUrlHandlerMapping  : Mapped URL path [/**] onto handler of type [class org.springframework.web.servlet.resource.ResourceHttpRequestHandler]
2018-12-22 13:23:57.004  INFO 11736 --- [           main] o.s.w.s.handler.SimpleUrlHandlerMapping  : Mapped URL path [/**] onto handler of type [class org.springframework.web.servlet.resource.DefaultServletHttpRequestHandler]
2018-12-22 13:23:57.024  INFO 11736 --- [           main] o.s.w.s.handler.SimpleUrlHandlerMapping  : Mapped URL path [/**/favicon.ico] onto handler of type [class org.springframework.web.servlet.resource.ResourceHttpRequestHandler]
2018-12-22 13:23:57.203  INFO 11736 --- [           main] o.s.b.a.e.mvc.EndpointHandlerMapping     : Mapped "{[/trace || /trace.json],methods=[GET],produces=[application/vnd.spring-boot.actuator.v1+json || application/json]}" onto public java.lang.Object org.springframework.boot.actuate.endpoint.mvc.EndpointMvcAdapter.invoke()
2018-12-22 13:23:57.203  INFO 11736 --- [           main] o.s.b.a.e.mvc.EndpointHandlerMapping     : Mapped "{[/metrics/{name:.*}],methods=[GET],produces=[application/vnd.spring-boot.actuator.v1+json || application/json]}" onto public java.lang.Object org.springframework.boot.actuate.endpoint.mvc.MetricsMvcEndpoint.value(java.lang.String)
2018-12-22 13:23:57.203  INFO 11736 --- [           main] o.s.b.a.e.mvc.EndpointHandlerMapping     : Mapped "{[/metrics || /metrics.json],methods=[GET],produces=[application/vnd.spring-boot.actuator.v1+json || application/json]}" onto public java.lang.Object org.springframework.boot.actuate.endpoint.mvc.EndpointMvcAdapter.invoke()
2018-12-22 13:23:57.204  INFO 11736 --- [           main] o.s.b.a.e.mvc.EndpointHandlerMapping     : Mapped "{[/auditevents || /auditevents.json],methods=[GET],produces=[application/vnd.spring-boot.actuator.v1+json || application/json]}" onto public org.springframework.http.ResponseEntity<?> org.springframework.boot.actuate.endpoint.mvc.AuditEventsMvcEndpoint.findByPrincipalAndAfterAndType(java.lang.String,java.util.Date,java.lang.String)
2018-12-22 13:23:57.204  INFO 11736 --- [           main] o.s.b.a.e.mvc.EndpointHandlerMapping     : Mapped "{[/env/{name:.*}],methods=[GET],produces=[application/vnd.spring-boot.actuator.v1+json || application/json]}" onto public java.lang.Object org.springframework.boot.actuate.endpoint.mvc.EnvironmentMvcEndpoint.value(java.lang.String)
2018-12-22 13:23:57.204  INFO 11736 --- [           main] o.s.b.a.e.mvc.EndpointHandlerMapping     : Mapped "{[/env || /env.json],methods=[GET],produces=[application/vnd.spring-boot.actuator.v1+json || application/json]}" onto public java.lang.Object org.springframework.boot.actuate.endpoint.mvc.EndpointMvcAdapter.invoke()
2018-12-22 13:23:57.204  INFO 11736 --- [           main] o.s.b.a.e.mvc.EndpointHandlerMapping     : Mapped "{[/health || /health.json],methods=[GET],produces=[application/vnd.spring-boot.actuator.v1+json || application/json]}" onto public java.lang.Object org.springframework.boot.actuate.endpoint.mvc.HealthMvcEndpoint.invoke(javax.servlet.http.HttpServletRequest,java.security.Principal)
2018-12-22 13:23:57.204  INFO 11736 --- [           main] o.s.b.a.e.mvc.EndpointHandlerMapping     : Mapped "{[/beans || /beans.json],methods=[GET],produces=[application/vnd.spring-boot.actuator.v1+json || application/json]}" onto public java.lang.Object org.springframework.boot.actuate.endpoint.mvc.EndpointMvcAdapter.invoke()
2018-12-22 13:23:57.204  INFO 11736 --- [           main] o.s.b.a.e.mvc.EndpointHandlerMapping     : Mapped "{[/configprops || /configprops.json],methods=[GET],produces=[application/vnd.spring-boot.actuator.v1+json || application/json]}" onto public java.lang.Object org.springframework.boot.actuate.endpoint.mvc.EndpointMvcAdapter.invoke()
2018-12-22 13:23:57.204  INFO 11736 --- [           main] o.s.b.a.e.mvc.EndpointHandlerMapping     : Mapped "{[/info || /info.json],methods=[GET],produces=[application/vnd.spring-boot.actuator.v1+json || application/json]}" onto public java.lang.Object org.springframework.boot.actuate.endpoint.mvc.EndpointMvcAdapter.invoke()
2018-12-22 13:23:57.205  INFO 11736 --- [           main] o.s.b.a.e.mvc.EndpointHandlerMapping     : Mapped "{[/loggers/{name:.*}],methods=[GET],produces=[application/vnd.spring-boot.actuator.v1+json || application/json]}" onto public java.lang.Object org.springframework.boot.actuate.endpoint.mvc.LoggersMvcEndpoint.get(java.lang.String)
2018-12-22 13:23:57.205  INFO 11736 --- [           main] o.s.b.a.e.mvc.EndpointHandlerMapping     : Mapped "{[/loggers/{name:.*}],methods=[POST],consumes=[application/vnd.spring-boot.actuator.v1+json || application/json],produces=[application/vnd.spring-boot.actuator.v1+json || application/json]}" onto public java.lang.Object org.springframework.boot.actuate.endpoint.mvc.LoggersMvcEndpoint.set(java.lang.String,java.util.Map<java.lang.String, java.lang.String>)
2018-12-22 13:23:57.205  INFO 11736 --- [           main] o.s.b.a.e.mvc.EndpointHandlerMapping     : Mapped "{[/loggers || /loggers.json],methods=[GET],produces=[application/vnd.spring-boot.actuator.v1+json || application/json]}" onto public java.lang.Object org.springframework.boot.actuate.endpoint.mvc.EndpointMvcAdapter.invoke()
2018-12-22 13:23:57.205  INFO 11736 --- [           main] o.s.b.a.e.mvc.EndpointHandlerMapping     : Mapped "{[/mappings || /mappings.json],methods=[GET],produces=[application/vnd.spring-boot.actuator.v1+json || application/json]}" onto public java.lang.Object org.springframework.boot.actuate.endpoint.mvc.EndpointMvcAdapter.invoke()
2018-12-22 13:23:57.205  INFO 11736 --- [           main] o.s.b.a.e.mvc.EndpointHandlerMapping     : Mapped "{[/heapdump || /heapdump.json],methods=[GET],produces=[application/octet-stream]}" onto public void org.springframework.boot.actuate.endpoint.mvc.HeapdumpMvcEndpoint.invoke(boolean,javax.servlet.http.HttpServletRequest,javax.servlet.http.HttpServletResponse) throws java.io.IOException,javax.servlet.ServletException
2018-12-22 13:23:57.205  INFO 11736 --- [           main] o.s.b.a.e.mvc.EndpointHandlerMapping     : Mapped "{[/dump || /dump.json],methods=[GET],produces=[application/vnd.spring-boot.actuator.v1+json || application/json]}" onto public java.lang.Object org.springframework.boot.actuate.endpoint.mvc.EndpointMvcAdapter.invoke()
2018-12-22 13:23:57.205  INFO 11736 --- [           main] o.s.b.a.e.mvc.EndpointHandlerMapping     : Mapped "{[/autoconfig || /autoconfig.json],methods=[GET],produces=[application/vnd.spring-boot.actuator.v1+json || application/json]}" onto public java.lang.Object org.springframework.boot.actuate.endpoint.mvc.EndpointMvcAdapter.invoke()
2018-12-22 13:23:57.300 ERROR 11736 --- [           main] o.a.coyote.http11.Http11NioProtocol      : Failed to start end point associated with ProtocolHandler ["http-nio-8080"]

java.net.BindException: Address already in use: bind
	at sun.nio.ch.Net.bind0(Native Method) ~[na:1.8.0_191]
	at sun.nio.ch.Net.bind(Net.java:433) ~[na:1.8.0_191]
	at sun.nio.ch.Net.bind(Net.java:425) ~[na:1.8.0_191]
	at sun.nio.ch.ServerSocketChannelImpl.bind(ServerSocketChannelImpl.java:223) ~[na:1.8.0_191]
	at sun.nio.ch.ServerSocketAdaptor.bind(ServerSocketAdaptor.java:74) ~[na:1.8.0_191]
	at org.apache.tomcat.util.net.NioEndpoint.bind(NioEndpoint.java:210) ~[tomcat-embed-core-8.5.14.jar:8.5.14]
	at org.apache.tomcat.util.net.AbstractEndpoint.start(AbstractEndpoint.java:978) ~[tomcat-embed-core-8.5.14.jar:8.5.14]
	at org.apache.coyote.AbstractProtocol.start(AbstractProtocol.java:628) ~[tomcat-embed-core-8.5.14.jar:8.5.14]
	at org.apache.catalina.connector.Connector.startInternal(Connector.java:993) [tomcat-embed-core-8.5.14.jar:8.5.14]
	at org.apache.catalina.util.LifecycleBase.start(LifecycleBase.java:150) [tomcat-embed-core-8.5.14.jar:8.5.14]
	at org.apache.catalina.core.StandardService.addConnector(StandardService.java:225) [tomcat-embed-core-8.5.14.jar:8.5.14]
	at org.springframework.boot.context.embedded.tomcat.TomcatEmbeddedServletContainer.addPreviouslyRemovedConnectors(TomcatEmbeddedServletContainer.java:247) [spring-boot-1.5.3.RELEASE.jar:1.5.3.RELEASE]
	at org.springframework.boot.context.embedded.tomcat.TomcatEmbeddedServletContainer.start(TomcatEmbeddedServletContainer.java:190) [spring-boot-1.5.3.RELEASE.jar:1.5.3.RELEASE]
	at org.springframework.boot.context.embedded.EmbeddedWebApplicationContext.startEmbeddedServletContainer(EmbeddedWebApplicationContext.java:297) [spring-boot-1.5.3.RELEASE.jar:1.5.3.RELEASE]
	at org.springframework.boot.context.embedded.EmbeddedWebApplicationContext.finishRefresh(EmbeddedWebApplicationContext.java:145) [spring-boot-1.5.3.RELEASE.jar:1.5.3.RELEASE]
	at org.springframework.context.support.AbstractApplicationContext.refresh(AbstractApplicationContext.java:545) [spring-context-4.3.8.RELEASE.jar:4.3.8.RELEASE]
	at org.springframework.boot.context.embedded.EmbeddedWebApplicationContext.refresh(EmbeddedWebApplicationContext.java:122) [spring-boot-1.5.3.RELEASE.jar:1.5.3.RELEASE]
	at org.springframework.boot.SpringApplication.refresh(SpringApplication.java:737) [spring-boot-1.5.3.RELEASE.jar:1.5.3.RELEASE]
	at org.springframework.boot.SpringApplication.refreshContext(SpringApplication.java:370) [spring-boot-1.5.3.RELEASE.jar:1.5.3.RELEASE]
	at org.springframework.boot.SpringApplication.run(SpringApplication.java:314) [spring-boot-1.5.3.RELEASE.jar:1.5.3.RELEASE]
	at org.springframework.boot.test.context.SpringBootContextLoader.loadContext(SpringBootContextLoader.java:120) [spring-boot-test-1.5.3.RELEASE.jar:1.5.3.RELEASE]
	at org.springframework.test.context.cache.DefaultCacheAwareContextLoaderDelegate.loadContextInternal(DefaultCacheAwareContextLoaderDelegate.java:98) [spring-test-4.3.8.RELEASE.jar:4.3.8.RELEASE]
	at org.springframework.test.context.cache.DefaultCacheAwareContextLoaderDelegate.loadContext(DefaultCacheAwareContextLoaderDelegate.java:116) [spring-test-4.3.8.RELEASE.jar:4.3.8.RELEASE]
	at org.springframework.test.context.support.DefaultTestContext.getApplicationContext(DefaultTestContext.java:83) [spring-test-4.3.8.RELEASE.jar:4.3.8.RELEASE]
	at org.springframework.test.context.support.DependencyInjectionTestExecutionListener.injectDependencies(DependencyInjectionTestExecutionListener.java:117) [spring-test-4.3.8.RELEASE.jar:4.3.8.RELEASE]
	at org.springframework.test.context.support.DependencyInjectionTestExecutionListener.prepareTestInstance(DependencyInjectionTestExecutionListener.java:83) [spring-test-4.3.8.RELEASE.jar:4.3.8.RELEASE]
	at org.springframework.boot.test.autoconfigure.SpringBootDependencyInjectionTestExecutionListener.prepareTestInstance(SpringBootDependencyInjectionTestExecutionListener.java:44) [spring-boot-test-autoconfigure-1.5.3.RELEASE.jar:1.5.3.RELEASE]
	at org.springframework.test.context.TestContextManager.prepareTestInstance(TestContextManager.java:230) [spring-test-4.3.8.RELEASE.jar:4.3.8.RELEASE]
	at org.springframework.test.context.junit4.SpringJUnit4ClassRunner.createTest(SpringJUnit4ClassRunner.java:228) [spring-test-4.3.8.RELEASE.jar:4.3.8.RELEASE]
	at org.springframework.test.context.junit4.SpringJUnit4ClassRunner$1.runReflectiveCall(SpringJUnit4ClassRunner.java:287) [spring-test-4.3.8.RELEASE.jar:4.3.8.RELEASE]
	at org.junit.internal.runners.model.ReflectiveCallable.run(ReflectiveCallable.java:12) [junit-4.12.jar:4.12]
	at org.springframework.test.context.junit4.SpringJUnit4ClassRunner.methodBlock(SpringJUnit4ClassRunner.java:289) [spring-test-4.3.8.RELEASE.jar:4.3.8.RELEASE]
	at org.springframework.test.context.junit4.SpringJUnit4ClassRunner.runChild(SpringJUnit4ClassRunner.java:247) [spring-test-4.3.8.RELEASE.jar:4.3.8.RELEASE]
	at org.springframework.test.context.junit4.SpringJUnit4ClassRunner.runChild(SpringJUnit4ClassRunner.java:94) [spring-test-4.3.8.RELEASE.jar:4.3.8.RELEASE]
	at org.junit.runners.ParentRunner$3.run(ParentRunner.java:290) [junit-4.12.jar:4.12]
	at org.junit.runners.ParentRunner$1.schedule(ParentRunner.java:71) [junit-4.12.jar:4.12]
	at org.junit.runners.ParentRunner.runChildren(ParentRunner.java:288) [junit-4.12.jar:4.12]
	at org.junit.runners.ParentRunner.access$000(ParentRunner.java:58) [junit-4.12.jar:4.12]
	at org.junit.runners.ParentRunner$2.evaluate(ParentRunner.java:268) [junit-4.12.jar:4.12]
	at org.springframework.test.context.junit4.statements.RunBeforeTestClassCallbacks.evaluate(RunBeforeTestClassCallbacks.java:61) [spring-test-4.3.8.RELEASE.jar:4.3.8.RELEASE]
	at org.springframework.test.context.junit4.statements.RunAfterTestClassCallbacks.evaluate(RunAfterTestClassCallbacks.java:70) [spring-test-4.3.8.RELEASE.jar:4.3.8.RELEASE]
	at org.junit.runners.ParentRunner.run(ParentRunner.java:363) [junit-4.12.jar:4.12]
	at org.springframework.test.context.junit4.SpringJUnit4ClassRunner.run(SpringJUnit4ClassRunner.java:191) [spring-test-4.3.8.RELEASE.jar:4.3.8.RELEASE]
	at org.apache.maven.surefire.junit4.JUnit4Provider.execute(JUnit4Provider.java:365) [surefire-junit4-2.20.jar:2.20]
	at org.apache.maven.surefire.junit4.JUnit4Provider.executeWithRerun(JUnit4Provider.java:272) [surefire-junit4-2.20.jar:2.20]
	at org.apache.maven.surefire.junit4.JUnit4Provider.executeTestSet(JUnit4Provider.java:236) [surefire-junit4-2.20.jar:2.20]
	at org.apache.maven.surefire.junit4.JUnit4Provider.invoke(JUnit4Provider.java:159) [surefire-junit4-2.20.jar:2.20]
	at org.apache.maven.surefire.booter.ForkedBooter.invokeProviderInSameClassLoader(ForkedBooter.java:386) [surefire-booter-2.20.jar:2.20]
	at org.apache.maven.surefire.booter.ForkedBooter.runSuitesInProcess(ForkedBooter.java:323) [surefire-booter-2.20.jar:2.20]
	at org.apache.maven.surefire.booter.ForkedBooter.main(ForkedBooter.java:143) [surefire-booter-2.20.jar:2.20]

2018-12-22 13:23:57.301 ERROR 11736 --- [           main] o.apache.catalina.core.StandardService   : Failed to start connector [Connector[HTTP/1.1-8080]]

org.apache.catalina.LifecycleException: Failed to start component [Connector[HTTP/1.1-8080]]
	at org.apache.catalina.util.LifecycleBase.start(LifecycleBase.java:167) ~[tomcat-embed-core-8.5.14.jar:8.5.14]
	at org.apache.catalina.core.StandardService.addConnector(StandardService.java:225) ~[tomcat-embed-core-8.5.14.jar:8.5.14]
	at org.springframework.boot.context.embedded.tomcat.TomcatEmbeddedServletContainer.addPreviouslyRemovedConnectors(TomcatEmbeddedServletContainer.java:247) [spring-boot-1.5.3.RELEASE.jar:1.5.3.RELEASE]
	at org.springframework.boot.context.embedded.tomcat.TomcatEmbeddedServletContainer.start(TomcatEmbeddedServletContainer.java:190) [spring-boot-1.5.3.RELEASE.jar:1.5.3.RELEASE]
	at org.springframework.boot.context.embedded.EmbeddedWebApplicationContext.startEmbeddedServletContainer(EmbeddedWebApplicationContext.java:297) [spring-boot-1.5.3.RELEASE.jar:1.5.3.RELEASE]
	at org.springframework.boot.context.embedded.EmbeddedWebApplicationContext.finishRefresh(EmbeddedWebApplicationContext.java:145) [spring-boot-1.5.3.RELEASE.jar:1.5.3.RELEASE]
	at org.springframework.context.support.AbstractApplicationContext.refresh(AbstractApplicationContext.java:545) [spring-context-4.3.8.RELEASE.jar:4.3.8.RELEASE]
	at org.springframework.boot.context.embedded.EmbeddedWebApplicationContext.refresh(EmbeddedWebApplicationContext.java:122) [spring-boot-1.5.3.RELEASE.jar:1.5.3.RELEASE]
	at org.springframework.boot.SpringApplication.refresh(SpringApplication.java:737) [spring-boot-1.5.3.RELEASE.jar:1.5.3.RELEASE]
	at org.springframework.boot.SpringApplication.refreshContext(SpringApplication.java:370) [spring-boot-1.5.3.RELEASE.jar:1.5.3.RELEASE]
	at org.springframework.boot.SpringApplication.run(SpringApplication.java:314) [spring-boot-1.5.3.RELEASE.jar:1.5.3.RELEASE]
	at org.springframework.boot.test.context.SpringBootContextLoader.loadContext(SpringBootContextLoader.java:120) [spring-boot-test-1.5.3.RELEASE.jar:1.5.3.RELEASE]
	at org.springframework.test.context.cache.DefaultCacheAwareContextLoaderDelegate.loadContextInternal(DefaultCacheAwareContextLoaderDelegate.java:98) [spring-test-4.3.8.RELEASE.jar:4.3.8.RELEASE]
	at org.springframework.test.context.cache.DefaultCacheAwareContextLoaderDelegate.loadContext(DefaultCacheAwareContextLoaderDelegate.java:116) [spring-test-4.3.8.RELEASE.jar:4.3.8.RELEASE]
	at org.springframework.test.context.support.DefaultTestContext.getApplicationContext(DefaultTestContext.java:83) [spring-test-4.3.8.RELEASE.jar:4.3.8.RELEASE]
	at org.springframework.test.context.support.DependencyInjectionTestExecutionListener.injectDependencies(DependencyInjectionTestExecutionListener.java:117) [spring-test-4.3.8.RELEASE.jar:4.3.8.RELEASE]
	at org.springframework.test.context.support.DependencyInjectionTestExecutionListener.prepareTestInstance(DependencyInjectionTestExecutionListener.java:83) [spring-test-4.3.8.RELEASE.jar:4.3.8.RELEASE]
	at org.springframework.boot.test.autoconfigure.SpringBootDependencyInjectionTestExecutionListener.prepareTestInstance(SpringBootDependencyInjectionTestExecutionListener.java:44) [spring-boot-test-autoconfigure-1.5.3.RELEASE.jar:1.5.3.RELEASE]
	at org.springframework.test.context.TestContextManager.prepareTestInstance(TestContextManager.java:230) [spring-test-4.3.8.RELEASE.jar:4.3.8.RELEASE]
	at org.springframework.test.context.junit4.SpringJUnit4ClassRunner.createTest(SpringJUnit4ClassRunner.java:228) [spring-test-4.3.8.RELEASE.jar:4.3.8.RELEASE]
	at org.springframework.test.context.junit4.SpringJUnit4ClassRunner$1.runReflectiveCall(SpringJUnit4ClassRunner.java:287) [spring-test-4.3.8.RELEASE.jar:4.3.8.RELEASE]
	at org.junit.internal.runners.model.ReflectiveCallable.run(ReflectiveCallable.java:12) [junit-4.12.jar:4.12]
	at org.springframework.test.context.junit4.SpringJUnit4ClassRunner.methodBlock(SpringJUnit4ClassRunner.java:289) [spring-test-4.3.8.RELEASE.jar:4.3.8.RELEASE]
	at org.springframework.test.context.junit4.SpringJUnit4ClassRunner.runChild(SpringJUnit4ClassRunner.java:247) [spring-test-4.3.8.RELEASE.jar:4.3.8.RELEASE]
	at org.springframework.test.context.junit4.SpringJUnit4ClassRunner.runChild(SpringJUnit4ClassRunner.java:94) [spring-test-4.3.8.RELEASE.jar:4.3.8.RELEASE]
	at org.junit.runners.ParentRunner$3.run(ParentRunner.java:290) [junit-4.12.jar:4.12]
	at org.junit.runners.ParentRunner$1.schedule(ParentRunner.java:71) [junit-4.12.jar:4.12]
	at org.junit.runners.ParentRunner.runChildren(ParentRunner.java:288) [junit-4.12.jar:4.12]
	at org.junit.runners.ParentRunner.access$000(ParentRunner.java:58) [junit-4.12.jar:4.12]
	at org.junit.runners.ParentRunner$2.evaluate(ParentRunner.java:268) [junit-4.12.jar:4.12]
	at org.springframework.test.context.junit4.statements.RunBeforeTestClassCallbacks.evaluate(RunBeforeTestClassCallbacks.java:61) [spring-test-4.3.8.RELEASE.jar:4.3.8.RELEASE]
	at org.springframework.test.context.junit4.statements.RunAfterTestClassCallbacks.evaluate(RunAfterTestClassCallbacks.java:70) [spring-test-4.3.8.RELEASE.jar:4.3.8.RELEASE]
	at org.junit.runners.ParentRunner.run(ParentRunner.java:363) [junit-4.12.jar:4.12]
	at org.springframework.test.context.junit4.SpringJUnit4ClassRunner.run(SpringJUnit4ClassRunner.java:191) [spring-test-4.3.8.RELEASE.jar:4.3.8.RELEASE]
	at org.apache.maven.surefire.junit4.JUnit4Provider.execute(JUnit4Provider.java:365) [surefire-junit4-2.20.jar:2.20]
	at org.apache.maven.surefire.junit4.JUnit4Provider.executeWithRerun(JUnit4Provider.java:272) [surefire-junit4-2.20.jar:2.20]
	at org.apache.maven.surefire.junit4.JUnit4Provider.executeTestSet(JUnit4Provider.java:236) [surefire-junit4-2.20.jar:2.20]
	at org.apache.maven.surefire.junit4.JUnit4Provider.invoke(JUnit4Provider.java:159) [surefire-junit4-2.20.jar:2.20]
	at org.apache.maven.surefire.booter.ForkedBooter.invokeProviderInSameClassLoader(ForkedBooter.java:386) [surefire-booter-2.20.jar:2.20]
	at org.apache.maven.surefire.booter.ForkedBooter.runSuitesInProcess(ForkedBooter.java:323) [surefire-booter-2.20.jar:2.20]
	at org.apache.maven.surefire.booter.ForkedBooter.main(ForkedBooter.java:143) [surefire-booter-2.20.jar:2.20]
Caused by: org.apache.catalina.LifecycleException: service.getName(): "Tomcat";  Protocol handler start failed
	at org.apache.catalina.connector.Connector.startInternal(Connector.java:1000) ~[tomcat-embed-core-8.5.14.jar:8.5.14]
	at org.apache.catalina.util.LifecycleBase.start(LifecycleBase.java:150) ~[tomcat-embed-core-8.5.14.jar:8.5.14]
	... 40 common frames omitted
Caused by: java.net.BindException: Address already in use: bind
	at sun.nio.ch.Net.bind0(Native Method) ~[na:1.8.0_191]
	at sun.nio.ch.Net.bind(Net.java:433) ~[na:1.8.0_191]
	at sun.nio.ch.Net.bind(Net.java:425) ~[na:1.8.0_191]
	at sun.nio.ch.ServerSocketChannelImpl.bind(ServerSocketChannelImpl.java:223) ~[na:1.8.0_191]
	at sun.nio.ch.ServerSocketAdaptor.bind(ServerSocketAdaptor.java:74) ~[na:1.8.0_191]
	at org.apache.tomcat.util.net.NioEndpoint.bind(NioEndpoint.java:210) ~[tomcat-embed-core-8.5.14.jar:8.5.14]
	at org.apache.tomcat.util.net.AbstractEndpoint.start(AbstractEndpoint.java:978) ~[tomcat-embed-core-8.5.14.jar:8.5.14]
	at org.apache.coyote.AbstractProtocol.start(AbstractProtocol.java:628) ~[tomcat-embed-core-8.5.14.jar:8.5.14]
	at org.apache.catalina.connector.Connector.startInternal(Connector.java:993) ~[tomcat-embed-core-8.5.14.jar:8.5.14]
	... 41 common frames omitted

2018-12-22 13:23:57.502  INFO 11736 --- [           main] o.apache.catalina.core.StandardService   : Stopping service Tomcat
2018-12-22 13:23:57.502  INFO 11736 --- [           main] utoConfigurationReportLoggingInitializer : 

Error starting ApplicationContext. To display the auto-configuration report re-run your application with 'debug' enabled.
2018-12-22 13:23:57.517 ERROR 11736 --- [           main] o.s.b.d.LoggingFailureAnalysisReporter   : 

***************************
APPLICATION FAILED TO START
***************************

Description:

The Tomcat connector configured to listen on port 8080 failed to start. The port may already be in use or the connector may be misconfigured.

Action:

Verify the connector's configuration, identify and stop any process that's listening on port 8080, or configure this application to listen on another port.

2018-12-22 13:23:57.518  INFO 11736 --- [           main] ationConfigEmbeddedWebApplicationContext : Closing org.springframework.boot.context.embedded.AnnotationConfigEmbeddedWebApplicationContext@7d6e08f9: startup date [Sat Dec 22 13:23:55 IST 2018]; root of context hierarchy
2018-12-22 13:23:57.522  INFO 11736 --- [           main] o.z.vogon.web.PersistenceConfiguration   : Unloading JDBC drivers
2018-12-22 13:23:57.524  INFO 11736 --- [           main] j.LocalContainerEntityManagerFactoryBean : Closing JPA EntityManagerFactory for persistence unit 'VogonPU'
2018-12-22 13:23:57.524  INFO 11736 --- [           main] org.hibernate.orm.connections.pooling    : HHH10001008: Cleaning up connection pool [jdbc:h2:mem:test]

  .   ____          _            __ _ _
 /\\ / ___'_ __ _ _(_)_ __  __ _ \ \ \ \
( ( )\___ | '_ | '_| | '_ \/ _` | \ \ \ \
 \\/  ___)| |_)| | | | | || (_| |  ) ) ) )
  '  |____| .__|_| |_|_| |_\__, | / / / /
 =========|_|==============|___/=/_/_/_/
 :: Spring Boot ::        (v1.5.3.RELEASE)

2018-12-22 13:23:57.557  INFO 11736 --- [           main] o.z.v.w.TransactionsControllerWriteTest  : Starting TransactionsControllerWriteTest on GOPAL with PID 11736 (started by GOPAL$ in C:\Program Files (x86)\Jenkins\workspace\Maven_project\vogon-web)
2018-12-22 13:23:57.557  INFO 11736 --- [           main] o.z.v.w.TransactionsControllerWriteTest  : No active profile set, falling back to default profiles: default
2018-12-22 13:23:57.559  INFO 11736 --- [           main] ationConfigEmbeddedWebApplicationContext : Refreshing org.springframework.boot.context.embedded.AnnotationConfigEmbeddedWebApplicationContext@4d510390: startup date [Sat Dec 22 13:23:57 IST 2018]; root of context hierarchy
2018-12-22 13:23:57.850  INFO 11736 --- [           main] o.s.b.f.s.DefaultListableBeanFactory     : Overriding bean definition for bean 'entityManagerFactory' with a different definition: replacing [Root bean: class [null]; scope=; abstract=false; lazyInit=false; autowireMode=3; dependencyCheck=0; autowireCandidate=true; primary=false; factoryBeanName=persistenceConfiguration; factoryMethodName=entityManagerFactory; initMethodName=null; destroyMethodName=(inferred); defined in class path resource [org/zlogic/vogon/web/PersistenceConfiguration.class]] with [Root bean: class [null]; scope=; abstract=false; lazyInit=false; autowireMode=3; dependencyCheck=0; autowireCandidate=true; primary=false; factoryBeanName=databaseConfiguration; factoryMethodName=entityManagerFactory; initMethodName=null; destroyMethodName=(inferred); defined in org.zlogic.vogon.web.DatabaseConfiguration]
2018-12-22 13:23:57.985  INFO 11736 --- [           main] trationDelegate$BeanPostProcessorChecker : Bean 'org.springframework.security.config.annotation.configuration.ObjectPostProcessorConfiguration' of type [org.springframework.security.config.annotation.configuration.ObjectPostProcessorConfiguration$$EnhancerBySpringCGLIB$$be8c3acc] is not eligible for getting processed by all BeanPostProcessors (for example: not eligible for auto-proxying)
2018-12-22 13:23:57.985  INFO 11736 --- [           main] trationDelegate$BeanPostProcessorChecker : Bean 'objectPostProcessor' of type [org.springframework.security.config.annotation.configuration.AutowireBeanFactoryObjectPostProcessor] is not eligible for getting processed by all BeanPostProcessors (for example: not eligible for auto-proxying)
2018-12-22 13:23:57.985  INFO 11736 --- [           main] trationDelegate$BeanPostProcessorChecker : Bean 'org.springframework.security.access.expression.method.DefaultMethodSecurityExpressionHandler@4bde9c8f' of type [org.springframework.security.oauth2.provider.expression.OAuth2MethodSecurityExpressionHandler] is not eligible for getting processed by all BeanPostProcessors (for example: not eligible for auto-proxying)
2018-12-22 13:23:58.005  INFO 11736 --- [           main] trationDelegate$BeanPostProcessorChecker : Bean 'org.springframework.security.config.annotation.method.configuration.GlobalMethodSecurityConfiguration' of type [org.springframework.security.config.annotation.method.configuration.GlobalMethodSecurityConfiguration$$EnhancerBySpringCGLIB$$e360dd7e] is not eligible for getting processed by all BeanPostProcessors (for example: not eligible for auto-proxying)
2018-12-22 13:23:58.007  INFO 11736 --- [           main] trationDelegate$BeanPostProcessorChecker : Bean 'methodSecurityMetadataSource' of type [org.springframework.security.access.method.DelegatingMethodSecurityMetadataSource] is not eligible for getting processed by all BeanPostProcessors (for example: not eligible for auto-proxying)
2018-12-22 13:23:58.013  INFO 11736 --- [           main] trationDelegate$BeanPostProcessorChecker : Bean 'org.springframework.transaction.annotation.ProxyTransactionManagementConfiguration' of type [org.springframework.transaction.annotation.ProxyTransactionManagementConfiguration$$EnhancerBySpringCGLIB$$25de7292] is not eligible for getting processed by all BeanPostProcessors (for example: not eligible for auto-proxying)
2018-12-22 13:23:58.026  INFO 11736 --- [           main] trationDelegate$BeanPostProcessorChecker : Bean 'security.oauth2.client-org.springframework.boot.autoconfigure.security.oauth2.OAuth2ClientProperties' of type [org.springframework.boot.autoconfigure.security.oauth2.OAuth2ClientProperties] is not eligible for getting processed by all BeanPostProcessors (for example: not eligible for auto-proxying)
2018-12-22 13:23:58.028  INFO 11736 --- [           main] trationDelegate$BeanPostProcessorChecker : Bean 'org.springframework.boot.autoconfigure.security.oauth2.OAuth2AutoConfiguration' of type [org.springframework.boot.autoconfigure.security.oauth2.OAuth2AutoConfiguration$$EnhancerBySpringCGLIB$$dd282e92] is not eligible for getting processed by all BeanPostProcessors (for example: not eligible for auto-proxying)
2018-12-22 13:23:58.032  INFO 11736 --- [           main] trationDelegate$BeanPostProcessorChecker : Bean 'resourceServerProperties' of type [org.springframework.boot.autoconfigure.security.oauth2.resource.ResourceServerProperties] is not eligible for getting processed by all BeanPostProcessors (for example: not eligible for auto-proxying)
2018-12-22 13:23:58.076  INFO 11736 --- [           main] org.zlogic.vogon.web.TomcatConfigurer    : Using keystore C:\Program Files (x86)\Jenkins\workspace\Maven_project\vogon-web\target/vogonweb.keystore with password ********
2018-12-22 13:23:58.096  INFO 11736 --- [           main] s.b.c.e.t.TomcatEmbeddedServletContainer : Tomcat initialized with port(s): 8080 (http) 8443 (https)
2018-12-22 13:23:58.097  INFO 11736 --- [           main] o.apache.catalina.core.StandardService   : Starting service Tomcat
2018-12-22 13:23:58.097  INFO 11736 --- [           main] org.apache.catalina.core.StandardEngine  : Starting Servlet Engine: Apache Tomcat/8.5.14
2018-12-22 13:23:58.125  INFO 11736 --- [ost-startStop-1] org.apache.jasper.servlet.TldScanner     : At least one JAR was scanned for TLDs yet contained no TLDs. Enable debug logging for this logger for a complete list of JARs that were scanned but no TLDs were found in them. Skipping unneeded JARs during scanning can improve startup time and JSP compilation time.
2018-12-22 13:23:58.127  INFO 11736 --- [ost-startStop-1] o.a.c.c.C.[Tomcat-143].[localhost].[/]   : Initializing Spring embedded WebApplicationContext
2018-12-22 13:23:58.127  INFO 11736 --- [ost-startStop-1] o.s.web.context.ContextLoader            : Root WebApplicationContext: initialization completed in 568 ms
2018-12-22 13:23:58.276  INFO 11736 --- [ost-startStop-1] o.s.b.w.servlet.FilterRegistrationBean   : Mapping filter: 'metricsFilter' to: [/*]
2018-12-22 13:23:58.276  INFO 11736 --- [ost-startStop-1] o.s.b.w.servlet.FilterRegistrationBean   : Mapping filter: 'characterEncodingFilter' to: [/*]
2018-12-22 13:23:58.276  INFO 11736 --- [ost-startStop-1] o.s.b.w.servlet.FilterRegistrationBean   : Mapping filter: 'hiddenHttpMethodFilter' to: [/*]
2018-12-22 13:23:58.276  INFO 11736 --- [ost-startStop-1] o.s.b.w.servlet.FilterRegistrationBean   : Mapping filter: 'httpPutFormContentFilter' to: [/*]
2018-12-22 13:23:58.276  INFO 11736 --- [ost-startStop-1] o.s.b.w.servlet.FilterRegistrationBean   : Mapping filter: 'requestContextFilter' to: [/*]
2018-12-22 13:23:58.276  INFO 11736 --- [ost-startStop-1] .s.DelegatingFilterProxyRegistrationBean : Mapping filter: 'springSecurityFilterChain' to: [/*]
2018-12-22 13:23:58.276  INFO 11736 --- [ost-startStop-1] o.s.b.w.servlet.FilterRegistrationBean   : Mapping filter: 'webRequestLoggingFilter' to: [/*]
2018-12-22 13:23:58.276  INFO 11736 --- [ost-startStop-1] o.s.b.w.servlet.FilterRegistrationBean   : Mapping filter: 'applicationContextIdFilter' to: [/*]
2018-12-22 13:23:58.276  INFO 11736 --- [ost-startStop-1] o.s.b.w.servlet.ServletRegistrationBean  : Mapping servlet: 'dispatcherServlet' to [/]
2018-12-22 13:23:58.288  INFO 11736 --- [           main] j.LocalContainerEntityManagerFactoryBean : Building JPA container EntityManagerFactory for persistence unit 'VogonPU'
2018-12-22 13:23:58.288  INFO 11736 --- [           main] o.hibernate.jpa.internal.util.LogHelper  : HHH000204: Processing PersistenceUnitInfo [
	name: VogonPU
	...]
2018-12-22 13:23:58.292  WARN 11736 --- [           main] org.hibernate.orm.connections.pooling    : HHH10001002: Using Hibernate built-in connection pool (not for production use!)
2018-12-22 13:23:58.292  INFO 11736 --- [           main] org.hibernate.orm.connections.pooling    : HHH10001005: using driver [org.h2.Driver] at URL [jdbc:h2:mem:test]
2018-12-22 13:23:58.292  INFO 11736 --- [           main] org.hibernate.orm.connections.pooling    : HHH10001001: Connection properties: {}
2018-12-22 13:23:58.292  INFO 11736 --- [           main] org.hibernate.orm.connections.pooling    : HHH10001003: Autocommit mode: false
2018-12-22 13:23:58.292  INFO 11736 --- [           main] .c.i.DriverManagerConnectionProviderImpl : HHH000115: Hibernate connection pool size: 20 (min=1)
2018-12-22 13:23:58.293  INFO 11736 --- [           main] org.hibernate.dialect.Dialect            : HHH000400: Using dialect: org.hibernate.dialect.H2Dialect
2018-12-22 13:23:58.302  INFO 11736 --- [           main] org.hibernate.orm.connections.access     : HHH10001501: Connection obtained from JdbcConnectionAccess [org.hibernate.engine.jdbc.env.internal.JdbcEnvironmentInitiator$ConnectionProviderJdbcConnectionAccess@252d877e] for (non-JTA) DDL execution was not in auto-commit mode; the Connection 'local transaction' will be committed and the Connection will be set into auto-commit mode.
2018-12-22 13:23:58.308  INFO 11736 --- [           main] j.LocalContainerEntityManagerFactoryBean : Initialized JPA EntityManagerFactory for persistence unit 'VogonPU'
2018-12-22 13:23:58.597  INFO 11736 --- [           main] .s.o.p.e.FrameworkEndpointHandlerMapping : Mapped "{[/oauth/authorize]}" onto public org.springframework.web.servlet.ModelAndView org.springframework.security.oauth2.provider.endpoint.AuthorizationEndpoint.authorize(java.util.Map<java.lang.String, java.lang.Object>,java.util.Map<java.lang.String, java.lang.String>,org.springframework.web.bind.support.SessionStatus,java.security.Principal)
2018-12-22 13:23:58.597  INFO 11736 --- [           main] .s.o.p.e.FrameworkEndpointHandlerMapping : Mapped "{[/oauth/authorize],methods=[POST],params=[user_oauth_approval]}" onto public org.springframework.web.servlet.View org.springframework.security.oauth2.provider.endpoint.AuthorizationEndpoint.approveOrDeny(java.util.Map<java.lang.String, java.lang.String>,java.util.Map<java.lang.String, ?>,org.springframework.web.bind.support.SessionStatus,java.security.Principal)
2018-12-22 13:23:58.598  INFO 11736 --- [           main] .s.o.p.e.FrameworkEndpointHandlerMapping : Mapped "{[/oauth/token],methods=[GET]}" onto public org.springframework.http.ResponseEntity<org.springframework.security.oauth2.common.OAuth2AccessToken> org.springframework.security.oauth2.provider.endpoint.TokenEndpoint.getAccessToken(java.security.Principal,java.util.Map<java.lang.String, java.lang.String>) throws org.springframework.web.HttpRequestMethodNotSupportedException
2018-12-22 13:23:58.598  INFO 11736 --- [           main] .s.o.p.e.FrameworkEndpointHandlerMapping : Mapped "{[/oauth/token],methods=[POST]}" onto public org.springframework.http.ResponseEntity<org.springframework.security.oauth2.common.OAuth2AccessToken> org.springframework.security.oauth2.provider.endpoint.TokenEndpoint.postAccessToken(java.security.Principal,java.util.Map<java.lang.String, java.lang.String>) throws org.springframework.web.HttpRequestMethodNotSupportedException
2018-12-22 13:23:58.598  INFO 11736 --- [           main] .s.o.p.e.FrameworkEndpointHandlerMapping : Mapped "{[/oauth/check_token]}" onto public java.util.Map<java.lang.String, ?> org.springframework.security.oauth2.provider.endpoint.CheckTokenEndpoint.checkToken(java.lang.String)
2018-12-22 13:23:58.598  INFO 11736 --- [           main] .s.o.p.e.FrameworkEndpointHandlerMapping : Mapped "{[/oauth/confirm_access]}" onto public org.springframework.web.servlet.ModelAndView org.springframework.security.oauth2.provider.endpoint.WhitelabelApprovalEndpoint.getAccessConfirmation(java.util.Map<java.lang.String, java.lang.Object>,javax.servlet.http.HttpServletRequest) throws java.lang.Exception
2018-12-22 13:23:58.598  INFO 11736 --- [           main] .s.o.p.e.FrameworkEndpointHandlerMapping : Mapped "{[/oauth/error]}" onto public org.springframework.web.servlet.ModelAndView org.springframework.security.oauth2.provider.endpoint.WhitelabelErrorEndpoint.handleError(javax.servlet.http.HttpServletRequest)
2018-12-22 13:23:58.791  INFO 11736 --- [           main] o.s.s.web.DefaultSecurityFilterChain     : Creating filter chain: OrRequestMatcher [requestMatchers=[Ant [pattern='/oauth/token'], Ant [pattern='/oauth/token_key'], Ant [pattern='/oauth/check_token']]], [org.springframework.security.web.context.request.async.WebAsyncManagerIntegrationFilter@73e90563, org.springframework.security.web.context.SecurityContextPersistenceFilter@4ae758d4, org.springframework.security.web.header.HeaderWriterFilter@5cb9e39f, org.springframework.security.web.authentication.logout.LogoutFilter@2cc3a09c, org.springframework.security.oauth2.provider.client.ClientCredentialsTokenEndpointFilter@48c9e663, org.springframework.security.web.authentication.www.BasicAuthenticationFilter@5cb51826, org.springframework.security.web.savedrequest.RequestCacheAwareFilter@34e83b56, org.springframework.security.web.servletapi.SecurityContextHolderAwareRequestFilter@275e834f, org.springframework.security.web.authentication.AnonymousAuthenticationFilter@32b04b06, org.springframework.security.web.session.SessionManagementFilter@78de7909, org.springframework.security.web.access.ExceptionTranslationFilter@7ef33c5, org.springframework.security.web.access.intercept.FilterSecurityInterceptor@1ca5edeb]
2018-12-22 13:23:58.794  INFO 11736 --- [           main] o.s.s.web.DefaultSecurityFilterChain     : Creating filter chain: org.springframework.boot.actuate.autoconfigure.ManagementWebSecurityAutoConfiguration$LazyEndpointPathRequestMatcher@83b7186, [org.springframework.security.web.context.request.async.WebAsyncManagerIntegrationFilter@28a2bfbc, org.springframework.security.web.context.SecurityContextPersistenceFilter@764ca824, org.springframework.security.web.header.HeaderWriterFilter@7c866f1d, org.springframework.security.web.authentication.logout.LogoutFilter@70b67a5d, org.springframework.security.web.authentication.www.BasicAuthenticationFilter@581f3d2, org.springframework.security.web.savedrequest.RequestCacheAwareFilter@6c6cf4bf, org.springframework.security.web.servletapi.SecurityContextHolderAwareRequestFilter@23dd90a8, org.springframework.security.web.authentication.AnonymousAuthenticationFilter@2a6b8270, org.springframework.security.web.session.SessionManagementFilter@70a8648, org.springframework.security.web.access.ExceptionTranslationFilter@437b282a, org.springframework.security.web.access.intercept.FilterSecurityInterceptor@33162bab]
2018-12-22 13:23:58.809  INFO 11736 --- [           main] o.s.s.w.a.c.ChannelProcessingFilter      : Validated configuration attributes
2018-12-22 13:23:58.812  INFO 11736 --- [           main] o.s.s.web.DefaultSecurityFilterChain     : Creating filter chain: org.springframework.security.oauth2.config.annotation.web.configuration.ResourceServerConfiguration$NotOAuthRequestMatcher@442244d3, [org.springframework.security.web.access.channel.ChannelProcessingFilter@69c2d37b, org.springframework.security.web.context.request.async.WebAsyncManagerIntegrationFilter@3dda0a45, org.springframework.security.web.context.SecurityContextPersistenceFilter@38c73494, org.springframework.security.web.header.HeaderWriterFilter@42b8c690, org.springframework.security.web.authentication.logout.LogoutFilter@d27c155, org.springframework.security.oauth2.provider.authentication.OAuth2AuthenticationProcessingFilter@552768e2, org.springframework.security.web.savedrequest.RequestCacheAwareFilter@71097237, org.springframework.security.web.servletapi.SecurityContextHolderAwareRequestFilter@7581a6c0, org.springframework.security.web.authentication.AnonymousAuthenticationFilter@9f862ed, org.springframework.security.web.session.SessionManagementFilter@49e63702, org.springframework.security.web.access.ExceptionTranslationFilter@4c70aefd, org.springframework.security.web.access.intercept.FilterSecurityInterceptor@70ddc12f]
2018-12-22 13:23:58.884  INFO 11736 --- [           main] s.w.s.m.m.a.RequestMappingHandlerAdapter : Looking for @ControllerAdvice: org.springframework.boot.context.embedded.AnnotationConfigEmbeddedWebApplicationContext@4d510390: startup date [Sat Dec 22 13:23:57 IST 2018]; root of context hierarchy
2018-12-22 13:23:58.903  INFO 11736 --- [           main] s.w.s.m.m.a.RequestMappingHandlerMapping : Mapped "{[/service/accounts],methods=[GET],produces=[application/json]}" onto public java.util.Collection<org.zlogic.vogon.data.FinanceAccount> org.zlogic.vogon.web.controller.AccountsController.getAllAccounts(org.zlogic.vogon.web.security.VogonSecurityUser)
2018-12-22 13:23:58.903  INFO 11736 --- [           main] s.w.s.m.m.a.RequestMappingHandlerMapping : Mapped "{[/service/accounts],methods=[POST],produces=[application/json]}" onto public java.util.Collection<org.zlogic.vogon.data.FinanceAccount> org.zlogic.vogon.web.controller.AccountsController.updateAccounts(java.util.Collection<org.zlogic.vogon.data.FinanceAccount>,org.zlogic.vogon.web.security.VogonSecurityUser)
2018-12-22 13:23:58.904  INFO 11736 --- [           main] s.w.s.m.m.a.RequestMappingHandlerMapping : Mapped "{[/service/analytics/tags],methods=[GET],produces=[application/json]}" onto public java.util.Set<java.lang.String> org.zlogic.vogon.web.controller.AnalyticsController.getAllTags(org.zlogic.vogon.web.security.VogonSecurityUser)
2018-12-22 13:23:58.905  INFO 11736 --- [           main] s.w.s.m.m.a.RequestMappingHandlerMapping : Mapped "{[/service/analytics],methods=[POST],produces=[application/json]}" onto public java.util.Map<java.lang.String, org.zlogic.vogon.data.report.Report> org.zlogic.vogon.web.controller.AnalyticsController.getReport(org.zlogic.vogon.data.report.ReportFactory,org.zlogic.vogon.web.security.VogonSecurityUser)
2018-12-22 13:23:58.905  INFO 11736 --- [           main] s.w.s.m.m.a.RequestMappingHandlerMapping : Mapped "{[/service/currencies],methods=[GET],produces=[application/json]}" onto public java.util.Collection<org.zlogic.vogon.web.data.model.CurrencyDetails> org.zlogic.vogon.web.controller.CurrenciesController.getAllCurrencies()
2018-12-22 13:23:58.905  INFO 11736 --- [           main] s.w.s.m.m.a.RequestMappingHandlerMapping : Mapped "{[/service/export],methods=[GET || POST]}" onto public org.springframework.http.HttpEntity<byte[]> org.zlogic.vogon.web.controller.DataController.exportDataJSON(org.zlogic.vogon.web.security.VogonSecurityUser) throws java.lang.RuntimeException
2018-12-22 13:23:58.905  INFO 11736 --- [           main] s.w.s.m.m.a.RequestMappingHandlerMapping : Mapped "{[/service/import],methods=[POST],consumes=[multipart/form-data],produces=[application/json]}" onto public java.lang.Boolean org.zlogic.vogon.web.controller.DataController.importData(org.springframework.web.multipart.MultipartFile,org.zlogic.vogon.web.security.VogonSecurityUser) throws java.lang.RuntimeException
2018-12-22 13:23:58.905  INFO 11736 --- [           main] s.w.s.m.m.a.RequestMappingHandlerMapping : Mapped "{[/fragments/{fragment}.fragment]}" onto public org.springframework.web.servlet.ModelAndView org.zlogic.vogon.web.controller.JspController.fragmentModelAndView(java.lang.String)
2018-12-22 13:23:58.905  INFO 11736 --- [           main] s.w.s.m.m.a.RequestMappingHandlerMapping : Mapped "{[/]}" onto public org.springframework.web.servlet.ModelAndView org.zlogic.vogon.web.controller.JspController.indexModelAndView()
2018-12-22 13:23:58.905  INFO 11736 --- [           main] s.w.s.m.m.a.RequestMappingHandlerMapping : Mapped "{[/oauth/logout],methods=[POST]}" onto public void org.zlogic.vogon.web.controller.LogoutController.logout(org.springframework.security.oauth2.provider.OAuth2Authentication) throws org.zlogic.vogon.web.security.UsernameExistsException
2018-12-22 13:23:58.906  INFO 11736 --- [           main] s.w.s.m.m.a.RequestMappingHandlerMapping : Mapped "{[/register],methods=[POST],produces=[application/json]}" onto public org.zlogic.vogon.data.VogonUser org.zlogic.vogon.web.controller.RegistrationController.register(org.zlogic.vogon.data.VogonUser) throws org.zlogic.vogon.web.security.UsernameExistsException
2018-12-22 13:23:58.906  INFO 11736 --- [           main] s.w.s.m.m.a.RequestMappingHandlerMapping : Mapped "{[/service/transactions/transaction/{id}],methods=[GET],produces=[application/json]}" onto public org.zlogic.vogon.web.data.model.FinanceTransactionJson org.zlogic.vogon.web.controller.TransactionsController.getTransaction(long,org.zlogic.vogon.web.security.VogonSecurityUser)
2018-12-22 13:23:58.906  INFO 11736 --- [           main] s.w.s.m.m.a.RequestMappingHandlerMapping : Mapped "{[/service/transactions],methods=[GET],produces=[application/json]}" onto public java.util.Collection<org.zlogic.vogon.web.data.model.FinanceTransactionJson> org.zlogic.vogon.web.controller.TransactionsController.getTransactions(java.lang.Integer,org.zlogic.vogon.web.controller.TransactionsController$SortColumn,org.springframework.data.domain.Sort$Direction,java.lang.String,java.util.Date,java.util.Collection<java.lang.String>,org.zlogic.vogon.web.security.VogonSecurityUser)
2018-12-22 13:23:58.906  INFO 11736 --- [           main] s.w.s.m.m.a.RequestMappingHandlerMapping : Mapped "{[/service/transactions],methods=[POST],produces=[application/json]}" onto public org.zlogic.vogon.web.data.model.FinanceTransactionJson org.zlogic.vogon.web.controller.TransactionsController.submitTransaction(org.zlogic.vogon.web.data.model.FinanceTransactionJson,org.zlogic.vogon.web.security.VogonSecurityUser)
2018-12-22 13:23:58.906  INFO 11736 --- [           main] s.w.s.m.m.a.RequestMappingHandlerMapping : Mapped "{[/service/transactions/pages],methods=[GET],produces=[application/json]}" onto public long org.zlogic.vogon.web.controller.TransactionsController.getTransactionsCount(org.zlogic.vogon.web.security.VogonSecurityUser)
2018-12-22 13:23:58.906  INFO 11736 --- [           main] s.w.s.m.m.a.RequestMappingHandlerMapping : Mapped "{[/service/transactions/transaction/{id}],methods=[DELETE],produces=[application/json]}" onto public org.zlogic.vogon.web.data.model.FinanceTransactionJson org.zlogic.vogon.web.controller.TransactionsController.deleteTransaction(long,org.zlogic.vogon.web.security.VogonSecurityUser)
2018-12-22 13:23:58.907  INFO 11736 --- [           main] s.w.s.m.m.a.RequestMappingHandlerMapping : Mapped "{[/service/user],methods=[POST],produces=[application/json]}" onto public org.zlogic.vogon.data.VogonUser org.zlogic.vogon.web.controller.UsersController.submitUser(org.zlogic.vogon.data.VogonUser,org.zlogic.vogon.web.security.VogonSecurityUser) throws org.zlogic.vogon.web.security.UsernameExistsException
2018-12-22 13:23:58.907  INFO 11736 --- [           main] s.w.s.m.m.a.RequestMappingHandlerMapping : Mapped "{[/service/user],methods=[GET],produces=[application/json]}" onto public org.zlogic.vogon.data.VogonUser org.zlogic.vogon.web.controller.UsersController.getUserData(org.zlogic.vogon.web.security.VogonSecurityUser)
2018-12-22 13:23:58.908  INFO 11736 --- [           main] s.w.s.m.m.a.RequestMappingHandlerMapping : Mapped "{[/error]}" onto public org.springframework.http.ResponseEntity<java.util.Map<java.lang.String, java.lang.Object>> org.springframework.boot.autoconfigure.web.BasicErrorController.error(javax.servlet.http.HttpServletRequest)
2018-12-22 13:23:58.908  INFO 11736 --- [           main] s.w.s.m.m.a.RequestMappingHandlerMapping : Mapped "{[/error],produces=[text/html]}" onto public org.springframework.web.servlet.ModelAndView org.springframework.boot.autoconfigure.web.BasicErrorController.errorHtml(javax.servlet.http.HttpServletRequest,javax.servlet.http.HttpServletResponse)
2018-12-22 13:23:58.923  INFO 11736 --- [           main] o.s.w.s.handler.SimpleUrlHandlerMapping  : Root mapping to handler of type [class org.springframework.web.servlet.mvc.ParameterizableViewController]
2018-12-22 13:23:59.143  INFO 11736 --- [           main] o.s.w.s.handler.SimpleUrlHandlerMapping  : Mapped URL path [/webjars/**] onto handler of type [class org.springframework.web.servlet.resource.ResourceHttpRequestHandler]
2018-12-22 13:23:59.143  INFO 11736 --- [           main] o.s.w.s.handler.SimpleUrlHandlerMapping  : Mapped URL path [/**] onto handler of type [class org.springframework.web.servlet.resource.ResourceHttpRequestHandler]
2018-12-22 13:23:59.144  INFO 11736 --- [           main] o.s.w.s.handler.SimpleUrlHandlerMapping  : Mapped URL path [/**] onto handler of type [class org.springframework.web.servlet.resource.DefaultServletHttpRequestHandler]
2018-12-22 13:23:59.153  INFO 11736 --- [           main] o.s.w.s.handler.SimpleUrlHandlerMapping  : Mapped URL path [/**/favicon.ico] onto handler of type [class org.springframework.web.servlet.resource.ResourceHttpRequestHandler]
2018-12-22 13:23:59.344  INFO 11736 --- [           main] o.s.b.a.e.mvc.EndpointHandlerMapping     : Mapped "{[/env/{name:.*}],methods=[GET],produces=[application/vnd.spring-boot.actuator.v1+json || application/json]}" onto public java.lang.Object org.springframework.boot.actuate.endpoint.mvc.EnvironmentMvcEndpoint.value(java.lang.String)
2018-12-22 13:23:59.344  INFO 11736 --- [           main] o.s.b.a.e.mvc.EndpointHandlerMapping     : Mapped "{[/env || /env.json],methods=[GET],produces=[application/vnd.spring-boot.actuator.v1+json || application/json]}" onto public java.lang.Object org.springframework.boot.actuate.endpoint.mvc.EndpointMvcAdapter.invoke()
2018-12-22 13:23:59.344  INFO 11736 --- [           main] o.s.b.a.e.mvc.EndpointHandlerMapping     : Mapped "{[/info || /info.json],methods=[GET],produces=[application/vnd.spring-boot.actuator.v1+json || application/json]}" onto public java.lang.Object org.springframework.boot.actuate.endpoint.mvc.EndpointMvcAdapter.invoke()
2018-12-22 13:23:59.344  INFO 11736 --- [           main] o.s.b.a.e.mvc.EndpointHandlerMapping     : Mapped "{[/dump || /dump.json],methods=[GET],produces=[application/vnd.spring-boot.actuator.v1+json || application/json]}" onto public java.lang.Object org.springframework.boot.actuate.endpoint.mvc.EndpointMvcAdapter.invoke()
2018-12-22 13:23:59.344  INFO 11736 --- [           main] o.s.b.a.e.mvc.EndpointHandlerMapping     : Mapped "{[/loggers/{name:.*}],methods=[GET],produces=[application/vnd.spring-boot.actuator.v1+json || application/json]}" onto public java.lang.Object org.springframework.boot.actuate.endpoint.mvc.LoggersMvcEndpoint.get(java.lang.String)
2018-12-22 13:23:59.344  INFO 11736 --- [           main] o.s.b.a.e.mvc.EndpointHandlerMapping     : Mapped "{[/loggers/{name:.*}],methods=[POST],consumes=[application/vnd.spring-boot.actuator.v1+json || application/json],produces=[application/vnd.spring-boot.actuator.v1+json || application/json]}" onto public java.lang.Object org.springframework.boot.actuate.endpoint.mvc.LoggersMvcEndpoint.set(java.lang.String,java.util.Map<java.lang.String, java.lang.String>)
2018-12-22 13:23:59.344  INFO 11736 --- [           main] o.s.b.a.e.mvc.EndpointHandlerMapping     : Mapped "{[/loggers || /loggers.json],methods=[GET],produces=[application/vnd.spring-boot.actuator.v1+json || application/json]}" onto public java.lang.Object org.springframework.boot.actuate.endpoint.mvc.EndpointMvcAdapter.invoke()
2018-12-22 13:23:59.344  INFO 11736 --- [           main] o.s.b.a.e.mvc.EndpointHandlerMapping     : Mapped "{[/beans || /beans.json],methods=[GET],produces=[application/vnd.spring-boot.actuator.v1+json || application/json]}" onto public java.lang.Object org.springframework.boot.actuate.endpoint.mvc.EndpointMvcAdapter.invoke()
2018-12-22 13:23:59.344  INFO 11736 --- [           main] o.s.b.a.e.mvc.EndpointHandlerMapping     : Mapped "{[/mappings || /mappings.json],methods=[GET],produces=[application/vnd.spring-boot.actuator.v1+json || application/json]}" onto public java.lang.Object org.springframework.boot.actuate.endpoint.mvc.EndpointMvcAdapter.invoke()
2018-12-22 13:23:59.345  INFO 11736 --- [           main] o.s.b.a.e.mvc.EndpointHandlerMapping     : Mapped "{[/heapdump || /heapdump.json],methods=[GET],produces=[application/octet-stream]}" onto public void org.springframework.boot.actuate.endpoint.mvc.HeapdumpMvcEndpoint.invoke(boolean,javax.servlet.http.HttpServletRequest,javax.servlet.http.HttpServletResponse) throws java.io.IOException,javax.servlet.ServletException
2018-12-22 13:23:59.345  INFO 11736 --- [           main] o.s.b.a.e.mvc.EndpointHandlerMapping     : Mapped "{[/trace || /trace.json],methods=[GET],produces=[application/vnd.spring-boot.actuator.v1+json || application/json]}" onto public java.lang.Object org.springframework.boot.actuate.endpoint.mvc.EndpointMvcAdapter.invoke()
2018-12-22 13:23:59.345  INFO 11736 --- [           main] o.s.b.a.e.mvc.EndpointHandlerMapping     : Mapped "{[/metrics/{name:.*}],methods=[GET],produces=[application/vnd.spring-boot.actuator.v1+json || application/json]}" onto public java.lang.Object org.springframework.boot.actuate.endpoint.mvc.MetricsMvcEndpoint.value(java.lang.String)
2018-12-22 13:23:59.345  INFO 11736 --- [           main] o.s.b.a.e.mvc.EndpointHandlerMapping     : Mapped "{[/metrics || /metrics.json],methods=[GET],produces=[application/vnd.spring-boot.actuator.v1+json || application/json]}" onto public java.lang.Object org.springframework.boot.actuate.endpoint.mvc.EndpointMvcAdapter.invoke()
2018-12-22 13:23:59.345  INFO 11736 --- [           main] o.s.b.a.e.mvc.EndpointHandlerMapping     : Mapped "{[/auditevents || /auditevents.json],methods=[GET],produces=[application/vnd.spring-boot.actuator.v1+json || application/json]}" onto public org.springframework.http.ResponseEntity<?> org.springframework.boot.actuate.endpoint.mvc.AuditEventsMvcEndpoint.findByPrincipalAndAfterAndType(java.lang.String,java.util.Date,java.lang.String)
2018-12-22 13:23:59.346  INFO 11736 --- [           main] o.s.b.a.e.mvc.EndpointHandlerMapping     : Mapped "{[/autoconfig || /autoconfig.json],methods=[GET],produces=[application/vnd.spring-boot.actuator.v1+json || application/json]}" onto public java.lang.Object org.springframework.boot.actuate.endpoint.mvc.EndpointMvcAdapter.invoke()
2018-12-22 13:23:59.346  INFO 11736 --- [           main] o.s.b.a.e.mvc.EndpointHandlerMapping     : Mapped "{[/health || /health.json],methods=[GET],produces=[application/vnd.spring-boot.actuator.v1+json || application/json]}" onto public java.lang.Object org.springframework.boot.actuate.endpoint.mvc.HealthMvcEndpoint.invoke(javax.servlet.http.HttpServletRequest,java.security.Principal)
2018-12-22 13:23:59.346  INFO 11736 --- [           main] o.s.b.a.e.mvc.EndpointHandlerMapping     : Mapped "{[/configprops || /configprops.json],methods=[GET],produces=[application/vnd.spring-boot.actuator.v1+json || application/json]}" onto public java.lang.Object org.springframework.boot.actuate.endpoint.mvc.EndpointMvcAdapter.invoke()
2018-12-22 13:23:59.437 ERROR 11736 --- [           main] o.a.coyote.http11.Http11NioProtocol      : Failed to start end point associated with ProtocolHandler ["http-nio-8080"]

java.net.BindException: Address already in use: bind
	at sun.nio.ch.Net.bind0(Native Method) ~[na:1.8.0_191]
	at sun.nio.ch.Net.bind(Net.java:433) ~[na:1.8.0_191]
	at sun.nio.ch.Net.bind(Net.java:425) ~[na:1.8.0_191]
	at sun.nio.ch.ServerSocketChannelImpl.bind(ServerSocketChannelImpl.java:223) ~[na:1.8.0_191]
	at sun.nio.ch.ServerSocketAdaptor.bind(ServerSocketAdaptor.java:74) ~[na:1.8.0_191]
	at org.apache.tomcat.util.net.NioEndpoint.bind(NioEndpoint.java:210) ~[tomcat-embed-core-8.5.14.jar:8.5.14]
	at org.apache.tomcat.util.net.AbstractEndpoint.start(AbstractEndpoint.java:978) ~[tomcat-embed-core-8.5.14.jar:8.5.14]
	at org.apache.coyote.AbstractProtocol.start(AbstractProtocol.java:628) ~[tomcat-embed-core-8.5.14.jar:8.5.14]
	at org.apache.catalina.connector.Connector.startInternal(Connector.java:993) [tomcat-embed-core-8.5.14.jar:8.5.14]
	at org.apache.catalina.util.LifecycleBase.start(LifecycleBase.java:150) [tomcat-embed-core-8.5.14.jar:8.5.14]
	at org.apache.catalina.core.StandardService.addConnector(StandardService.java:225) [tomcat-embed-core-8.5.14.jar:8.5.14]
	at org.springframework.boot.context.embedded.tomcat.TomcatEmbeddedServletContainer.addPreviouslyRemovedConnectors(TomcatEmbeddedServletContainer.java:247) [spring-boot-1.5.3.RELEASE.jar:1.5.3.RELEASE]
	at org.springframework.boot.context.embedded.tomcat.TomcatEmbeddedServletContainer.start(TomcatEmbeddedServletContainer.java:190) [spring-boot-1.5.3.RELEASE.jar:1.5.3.RELEASE]
	at org.springframework.boot.context.embedded.EmbeddedWebApplicationContext.startEmbeddedServletContainer(EmbeddedWebApplicationContext.java:297) [spring-boot-1.5.3.RELEASE.jar:1.5.3.RELEASE]
	at org.springframework.boot.context.embedded.EmbeddedWebApplicationContext.finishRefresh(EmbeddedWebApplicationContext.java:145) [spring-boot-1.5.3.RELEASE.jar:1.5.3.RELEASE]
	at org.springframework.context.support.AbstractApplicationContext.refresh(AbstractApplicationContext.java:545) [spring-context-4.3.8.RELEASE.jar:4.3.8.RELEASE]
	at org.springframework.boot.context.embedded.EmbeddedWebApplicationContext.refresh(EmbeddedWebApplicationContext.java:122) [spring-boot-1.5.3.RELEASE.jar:1.5.3.RELEASE]
	at org.springframework.boot.SpringApplication.refresh(SpringApplication.java:737) [spring-boot-1.5.3.RELEASE.jar:1.5.3.RELEASE]
	at org.springframework.boot.SpringApplication.refreshContext(SpringApplication.java:370) [spring-boot-1.5.3.RELEASE.jar:1.5.3.RELEASE]
	at org.springframework.boot.SpringApplication.run(SpringApplication.java:314) [spring-boot-1.5.3.RELEASE.jar:1.5.3.RELEASE]
	at org.springframework.boot.test.context.SpringBootContextLoader.loadContext(SpringBootContextLoader.java:120) [spring-boot-test-1.5.3.RELEASE.jar:1.5.3.RELEASE]
	at org.springframework.test.context.cache.DefaultCacheAwareContextLoaderDelegate.loadContextInternal(DefaultCacheAwareContextLoaderDelegate.java:98) [spring-test-4.3.8.RELEASE.jar:4.3.8.RELEASE]
	at org.springframework.test.context.cache.DefaultCacheAwareContextLoaderDelegate.loadContext(DefaultCacheAwareContextLoaderDelegate.java:116) [spring-test-4.3.8.RELEASE.jar:4.3.8.RELEASE]
	at org.springframework.test.context.support.DefaultTestContext.getApplicationContext(DefaultTestContext.java:83) [spring-test-4.3.8.RELEASE.jar:4.3.8.RELEASE]
	at org.springframework.boot.test.autoconfigure.SpringBootDependencyInjectionTestExecutionListener.prepareTestInstance(SpringBootDependencyInjectionTestExecutionListener.java:47) [spring-boot-test-autoconfigure-1.5.3.RELEASE.jar:1.5.3.RELEASE]
	at org.springframework.test.context.TestContextManager.prepareTestInstance(TestContextManager.java:230) [spring-test-4.3.8.RELEASE.jar:4.3.8.RELEASE]
	at org.springframework.test.context.junit4.SpringJUnit4ClassRunner.createTest(SpringJUnit4ClassRunner.java:228) [spring-test-4.3.8.RELEASE.jar:4.3.8.RELEASE]
	at org.springframework.test.context.junit4.SpringJUnit4ClassRunner$1.runReflectiveCall(SpringJUnit4ClassRunner.java:287) [spring-test-4.3.8.RELEASE.jar:4.3.8.RELEASE]
	at org.junit.internal.runners.model.ReflectiveCallable.run(ReflectiveCallable.java:12) [junit-4.12.jar:4.12]
	at org.springframework.test.context.junit4.SpringJUnit4ClassRunner.methodBlock(SpringJUnit4ClassRunner.java:289) [spring-test-4.3.8.RELEASE.jar:4.3.8.RELEASE]
	at org.springframework.test.context.junit4.SpringJUnit4ClassRunner.runChild(SpringJUnit4ClassRunner.java:247) [spring-test-4.3.8.RELEASE.jar:4.3.8.RELEASE]
	at org.springframework.test.context.junit4.SpringJUnit4ClassRunner.runChild(SpringJUnit4ClassRunner.java:94) [spring-test-4.3.8.RELEASE.jar:4.3.8.RELEASE]
	at org.junit.runners.ParentRunner$3.run(ParentRunner.java:290) [junit-4.12.jar:4.12]
	at org.junit.runners.ParentRunner$1.schedule(ParentRunner.java:71) [junit-4.12.jar:4.12]
	at org.junit.runners.ParentRunner.runChildren(ParentRunner.java:288) [junit-4.12.jar:4.12]
	at org.junit.runners.ParentRunner.access$000(ParentRunner.java:58) [junit-4.12.jar:4.12]
	at org.junit.runners.ParentRunner$2.evaluate(ParentRunner.java:268) [junit-4.12.jar:4.12]
	at org.springframework.test.context.junit4.statements.RunBeforeTestClassCallbacks.evaluate(RunBeforeTestClassCallbacks.java:61) [spring-test-4.3.8.RELEASE.jar:4.3.8.RELEASE]
	at org.springframework.test.context.junit4.statements.RunAfterTestClassCallbacks.evaluate(RunAfterTestClassCallbacks.java:70) [spring-test-4.3.8.RELEASE.jar:4.3.8.RELEASE]
	at org.junit.runners.ParentRunner.run(ParentRunner.java:363) [junit-4.12.jar:4.12]
	at org.springframework.test.context.junit4.SpringJUnit4ClassRunner.run(SpringJUnit4ClassRunner.java:191) [spring-test-4.3.8.RELEASE.jar:4.3.8.RELEASE]
	at org.apache.maven.surefire.junit4.JUnit4Provider.execute(JUnit4Provider.java:365) [surefire-junit4-2.20.jar:2.20]
	at org.apache.maven.surefire.junit4.JUnit4Provider.executeWithRerun(JUnit4Provider.java:272) [surefire-junit4-2.20.jar:2.20]
	at org.apache.maven.surefire.junit4.JUnit4Provider.executeTestSet(JUnit4Provider.java:236) [surefire-junit4-2.20.jar:2.20]
	at org.apache.maven.surefire.junit4.JUnit4Provider.invoke(JUnit4Provider.java:159) [surefire-junit4-2.20.jar:2.20]
	at org.apache.maven.surefire.booter.ForkedBooter.invokeProviderInSameClassLoader(ForkedBooter.java:386) [surefire-booter-2.20.jar:2.20]
	at org.apache.maven.surefire.booter.ForkedBooter.runSuitesInProcess(ForkedBooter.java:323) [surefire-booter-2.20.jar:2.20]
	at org.apache.maven.surefire.booter.ForkedBooter.main(ForkedBooter.java:143) [surefire-booter-2.20.jar:2.20]

2018-12-22 13:23:59.437 ERROR 11736 --- [           main] o.apache.catalina.core.StandardService   : Failed to start connector [Connector[HTTP/1.1-8080]]

org.apache.catalina.LifecycleException: Failed to start component [Connector[HTTP/1.1-8080]]
	at org.apache.catalina.util.LifecycleBase.start(LifecycleBase.java:167) ~[tomcat-embed-core-8.5.14.jar:8.5.14]
	at org.apache.catalina.core.StandardService.addConnector(StandardService.java:225) ~[tomcat-embed-core-8.5.14.jar:8.5.14]
	at org.springframework.boot.context.embedded.tomcat.TomcatEmbeddedServletContainer.addPreviouslyRemovedConnectors(TomcatEmbeddedServletContainer.java:247) [spring-boot-1.5.3.RELEASE.jar:1.5.3.RELEASE]
	at org.springframework.boot.context.embedded.tomcat.TomcatEmbeddedServletContainer.start(TomcatEmbeddedServletContainer.java:190) [spring-boot-1.5.3.RELEASE.jar:1.5.3.RELEASE]
	at org.springframework.boot.context.embedded.EmbeddedWebApplicationContext.startEmbeddedServletContainer(EmbeddedWebApplicationContext.java:297) [spring-boot-1.5.3.RELEASE.jar:1.5.3.RELEASE]
	at org.springframework.boot.context.embedded.EmbeddedWebApplicationContext.finishRefresh(EmbeddedWebApplicationContext.java:145) [spring-boot-1.5.3.RELEASE.jar:1.5.3.RELEASE]
	at org.springframework.context.support.AbstractApplicationContext.refresh(AbstractApplicationContext.java:545) [spring-context-4.3.8.RELEASE.jar:4.3.8.RELEASE]
	at org.springframework.boot.context.embedded.EmbeddedWebApplicationContext.refresh(EmbeddedWebApplicationContext.java:122) [spring-boot-1.5.3.RELEASE.jar:1.5.3.RELEASE]
	at org.springframework.boot.SpringApplication.refresh(SpringApplication.java:737) [spring-boot-1.5.3.RELEASE.jar:1.5.3.RELEASE]
	at org.springframework.boot.SpringApplication.refreshContext(SpringApplication.java:370) [spring-boot-1.5.3.RELEASE.jar:1.5.3.RELEASE]
	at org.springframework.boot.SpringApplication.run(SpringApplication.java:314) [spring-boot-1.5.3.RELEASE.jar:1.5.3.RELEASE]
	at org.springframework.boot.test.context.SpringBootContextLoader.loadContext(SpringBootContextLoader.java:120) [spring-boot-test-1.5.3.RELEASE.jar:1.5.3.RELEASE]
	at org.springframework.test.context.cache.DefaultCacheAwareContextLoaderDelegate.loadContextInternal(DefaultCacheAwareContextLoaderDelegate.java:98) [spring-test-4.3.8.RELEASE.jar:4.3.8.RELEASE]
	at org.springframework.test.context.cache.DefaultCacheAwareContextLoaderDelegate.loadContext(DefaultCacheAwareContextLoaderDelegate.java:116) [spring-test-4.3.8.RELEASE.jar:4.3.8.RELEASE]
	at org.springframework.test.context.support.DefaultTestContext.getApplicationContext(DefaultTestContext.java:83) [spring-test-4.3.8.RELEASE.jar:4.3.8.RELEASE]
	at org.springframework.boot.test.autoconfigure.SpringBootDependencyInjectionTestExecutionListener.prepareTestInstance(SpringBootDependencyInjectionTestExecutionListener.java:47) [spring-boot-test-autoconfigure-1.5.3.RELEASE.jar:1.5.3.RELEASE]
	at org.springframework.test.context.TestContextManager.prepareTestInstance(TestContextManager.java:230) [spring-test-4.3.8.RELEASE.jar:4.3.8.RELEASE]
	at org.springframework.test.context.junit4.SpringJUnit4ClassRunner.createTest(SpringJUnit4ClassRunner.java:228) [spring-test-4.3.8.RELEASE.jar:4.3.8.RELEASE]
	at org.springframework.test.context.junit4.SpringJUnit4ClassRunner$1.runReflectiveCall(SpringJUnit4ClassRunner.java:287) [spring-test-4.3.8.RELEASE.jar:4.3.8.RELEASE]
	at org.junit.internal.runners.model.ReflectiveCallable.run(ReflectiveCallable.java:12) [junit-4.12.jar:4.12]
	at org.springframework.test.context.junit4.SpringJUnit4ClassRunner.methodBlock(SpringJUnit4ClassRunner.java:289) [spring-test-4.3.8.RELEASE.jar:4.3.8.RELEASE]
	at org.springframework.test.context.junit4.SpringJUnit4ClassRunner.runChild(SpringJUnit4ClassRunner.java:247) [spring-test-4.3.8.RELEASE.jar:4.3.8.RELEASE]
	at org.springframework.test.context.junit4.SpringJUnit4ClassRunner.runChild(SpringJUnit4ClassRunner.java:94) [spring-test-4.3.8.RELEASE.jar:4.3.8.RELEASE]
	at org.junit.runners.ParentRunner$3.run(ParentRunner.java:290) [junit-4.12.jar:4.12]
	at org.junit.runners.ParentRunner$1.schedule(ParentRunner.java:71) [junit-4.12.jar:4.12]
	at org.junit.runners.ParentRunner.runChildren(ParentRunner.java:288) [junit-4.12.jar:4.12]
	at org.junit.runners.ParentRunner.access$000(ParentRunner.java:58) [junit-4.12.jar:4.12]
	at org.junit.runners.ParentRunner$2.evaluate(ParentRunner.java:268) [junit-4.12.jar:4.12]
	at org.springframework.test.context.junit4.statements.RunBeforeTestClassCallbacks.evaluate(RunBeforeTestClassCallbacks.java:61) [spring-test-4.3.8.RELEASE.jar:4.3.8.RELEASE]
	at org.springframework.test.context.junit4.statements.RunAfterTestClassCallbacks.evaluate(RunAfterTestClassCallbacks.java:70) [spring-test-4.3.8.RELEASE.jar:4.3.8.RELEASE]
	at org.junit.runners.ParentRunner.run(ParentRunner.java:363) [junit-4.12.jar:4.12]
	at org.springframework.test.context.junit4.SpringJUnit4ClassRunner.run(SpringJUnit4ClassRunner.java:191) [spring-test-4.3.8.RELEASE.jar:4.3.8.RELEASE]
	at org.apache.maven.surefire.junit4.JUnit4Provider.execute(JUnit4Provider.java:365) [surefire-junit4-2.20.jar:2.20]
	at org.apache.maven.surefire.junit4.JUnit4Provider.executeWithRerun(JUnit4Provider.java:272) [surefire-junit4-2.20.jar:2.20]
	at org.apache.maven.surefire.junit4.JUnit4Provider.executeTestSet(JUnit4Provider.java:236) [surefire-junit4-2.20.jar:2.20]
	at org.apache.maven.surefire.junit4.JUnit4Provider.invoke(JUnit4Provider.java:159) [surefire-junit4-2.20.jar:2.20]
	at org.apache.maven.surefire.booter.ForkedBooter.invokeProviderInSameClassLoader(ForkedBooter.java:386) [surefire-booter-2.20.jar:2.20]
	at org.apache.maven.surefire.booter.ForkedBooter.runSuitesInProcess(ForkedBooter.java:323) [surefire-booter-2.20.jar:2.20]
	at org.apache.maven.surefire.booter.ForkedBooter.main(ForkedBooter.java:143) [surefire-booter-2.20.jar:2.20]
Caused by: org.apache.catalina.LifecycleException: service.getName(): "Tomcat";  Protocol handler start failed
	at org.apache.catalina.connector.Connector.startInternal(Connector.java:1000) ~[tomcat-embed-core-8.5.14.jar:8.5.14]
	at org.apache.catalina.util.LifecycleBase.start(LifecycleBase.java:150) ~[tomcat-embed-core-8.5.14.jar:8.5.14]
	... 38 common frames omitted
Caused by: java.net.BindException: Address already in use: bind
	at sun.nio.ch.Net.bind0(Native Method) ~[na:1.8.0_191]
	at sun.nio.ch.Net.bind(Net.java:433) ~[na:1.8.0_191]
	at sun.nio.ch.Net.bind(Net.java:425) ~[na:1.8.0_191]
	at sun.nio.ch.ServerSocketChannelImpl.bind(ServerSocketChannelImpl.java:223) ~[na:1.8.0_191]
	at sun.nio.ch.ServerSocketAdaptor.bind(ServerSocketAdaptor.java:74) ~[na:1.8.0_191]
	at org.apache.tomcat.util.net.NioEndpoint.bind(NioEndpoint.java:210) ~[tomcat-embed-core-8.5.14.jar:8.5.14]
	at org.apache.tomcat.util.net.AbstractEndpoint.start(AbstractEndpoint.java:978) ~[tomcat-embed-core-8.5.14.jar:8.5.14]
	at org.apache.coyote.AbstractProtocol.start(AbstractProtocol.java:628) ~[tomcat-embed-core-8.5.14.jar:8.5.14]
	at org.apache.catalina.connector.Connector.startInternal(Connector.java:993) ~[tomcat-embed-core-8.5.14.jar:8.5.14]
	... 39 common frames omitted

2018-12-22 13:23:59.623  INFO 11736 --- [           main] o.apache.catalina.core.StandardService   : Stopping service Tomcat
2018-12-22 13:23:59.628  INFO 11736 --- [           main] utoConfigurationReportLoggingInitializer : 

Error starting ApplicationContext. To display the auto-configuration report re-run your application with 'debug' enabled.
2018-12-22 13:23:59.630 ERROR 11736 --- [           main] o.s.b.d.LoggingFailureAnalysisReporter   : 

***************************
APPLICATION FAILED TO START
***************************

Description:

The Tomcat connector configured to listen on port 8080 failed to start. The port may already be in use or the connector may be misconfigured.

Action:

Verify the connector's configuration, identify and stop any process that's listening on port 8080, or configure this application to listen on another port.

2018-12-22 13:23:59.630  INFO 11736 --- [           main] ationConfigEmbeddedWebApplicationContext : Closing org.springframework.boot.context.embedded.AnnotationConfigEmbeddedWebApplicationContext@4d510390: startup date [Sat Dec 22 13:23:57 IST 2018]; root of context hierarchy
2018-12-22 13:23:59.632  INFO 11736 --- [           main] o.z.vogon.web.PersistenceConfiguration   : Unloading JDBC drivers
2018-12-22 13:23:59.632  INFO 11736 --- [           main] j.LocalContainerEntityManagerFactoryBean : Closing JPA EntityManagerFactory for persistence unit 'VogonPU'
2018-12-22 13:23:59.632  INFO 11736 --- [           main] org.hibernate.orm.connections.pooling    : HHH10001008: Cleaning up connection pool [jdbc:h2:mem:test]
2018-12-22 13:23:59.633 ERROR 11736 --- [           main] o.s.test.context.TestContextManager      : Caught exception while allowing TestExecutionListener [org.springframework.boot.test.autoconfigure.SpringBootDependencyInjectionTestExecutionListener@482cd077] to prepare test instance [org.zlogic.vogon.web.TransactionsControllerWriteTest@37045d06]

java.lang.IllegalStateException: Failed to load ApplicationContext
	at org.springframework.test.context.cache.DefaultCacheAwareContextLoaderDelegate.loadContext(DefaultCacheAwareContextLoaderDelegate.java:124) ~[spring-test-4.3.8.RELEASE.jar:4.3.8.RELEASE]
	at org.springframework.test.context.support.DefaultTestContext.getApplicationContext(DefaultTestContext.java:83) ~[spring-test-4.3.8.RELEASE.jar:4.3.8.RELEASE]
	at org.springframework.boot.test.autoconfigure.SpringBootDependencyInjectionTestExecutionListener.prepareTestInstance(SpringBootDependencyInjectionTestExecutionListener.java:47) ~[spring-boot-test-autoconfigure-1.5.3.RELEASE.jar:1.5.3.RELEASE]
	at org.springframework.test.context.TestContextManager.prepareTestInstance(TestContextManager.java:230) ~[spring-test-4.3.8.RELEASE.jar:4.3.8.RELEASE]
	at org.springframework.test.context.junit4.SpringJUnit4ClassRunner.createTest(SpringJUnit4ClassRunner.java:228) [spring-test-4.3.8.RELEASE.jar:4.3.8.RELEASE]
	at org.springframework.test.context.junit4.SpringJUnit4ClassRunner$1.runReflectiveCall(SpringJUnit4ClassRunner.java:287) [spring-test-4.3.8.RELEASE.jar:4.3.8.RELEASE]
	at org.junit.internal.runners.model.ReflectiveCallable.run(ReflectiveCallable.java:12) [junit-4.12.jar:4.12]
	at org.springframework.test.context.junit4.SpringJUnit4ClassRunner.methodBlock(SpringJUnit4ClassRunner.java:289) [spring-test-4.3.8.RELEASE.jar:4.3.8.RELEASE]
	at org.springframework.test.context.junit4.SpringJUnit4ClassRunner.runChild(SpringJUnit4ClassRunner.java:247) [spring-test-4.3.8.RELEASE.jar:4.3.8.RELEASE]
	at org.springframework.test.context.junit4.SpringJUnit4ClassRunner.runChild(SpringJUnit4ClassRunner.java:94) [spring-test-4.3.8.RELEASE.jar:4.3.8.RELEASE]
	at org.junit.runners.ParentRunner$3.run(ParentRunner.java:290) [junit-4.12.jar:4.12]
	at org.junit.runners.ParentRunner$1.schedule(ParentRunner.java:71) [junit-4.12.jar:4.12]
	at org.junit.runners.ParentRunner.runChildren(ParentRunner.java:288) [junit-4.12.jar:4.12]
	at org.junit.runners.ParentRunner.access$000(ParentRunner.java:58) [junit-4.12.jar:4.12]
	at org.junit.runners.ParentRunner$2.evaluate(ParentRunner.java:268) [junit-4.12.jar:4.12]
	at org.springframework.test.context.junit4.statements.RunBeforeTestClassCallbacks.evaluate(RunBeforeTestClassCallbacks.java:61) [spring-test-4.3.8.RELEASE.jar:4.3.8.RELEASE]
	at org.springframework.test.context.junit4.statements.RunAfterTestClassCallbacks.evaluate(RunAfterTestClassCallbacks.java:70) [spring-test-4.3.8.RELEASE.jar:4.3.8.RELEASE]
	at org.junit.runners.ParentRunner.run(ParentRunner.java:363) [junit-4.12.jar:4.12]
	at org.springframework.test.context.junit4.SpringJUnit4ClassRunner.run(SpringJUnit4ClassRunner.java:191) [spring-test-4.3.8.RELEASE.jar:4.3.8.RELEASE]
	at org.apache.maven.surefire.junit4.JUnit4Provider.execute(JUnit4Provider.java:365) [surefire-junit4-2.20.jar:2.20]
	at org.apache.maven.surefire.junit4.JUnit4Provider.executeWithRerun(JUnit4Provider.java:272) [surefire-junit4-2.20.jar:2.20]
	at org.apache.maven.surefire.junit4.JUnit4Provider.executeTestSet(JUnit4Provider.java:236) [surefire-junit4-2.20.jar:2.20]
	at org.apache.maven.surefire.junit4.JUnit4Provider.invoke(JUnit4Provider.java:159) [surefire-junit4-2.20.jar:2.20]
	at org.apache.maven.surefire.booter.ForkedBooter.invokeProviderInSameClassLoader(ForkedBooter.java:386) [surefire-booter-2.20.jar:2.20]
	at org.apache.maven.surefire.booter.ForkedBooter.runSuitesInProcess(ForkedBooter.java:323) [surefire-booter-2.20.jar:2.20]
	at org.apache.maven.surefire.booter.ForkedBooter.main(ForkedBooter.java:143) [surefire-booter-2.20.jar:2.20]
Caused by: org.springframework.boot.context.embedded.tomcat.ConnectorStartFailedException: Connector configured to listen on port 8080 failed to start
	at org.springframework.boot.context.embedded.tomcat.TomcatEmbeddedServletContainer.checkThatConnectorsHaveStarted(TomcatEmbeddedServletContainer.java:219) ~[spring-boot-1.5.3.RELEASE.jar:1.5.3.RELEASE]
	at org.springframework.boot.context.embedded.tomcat.TomcatEmbeddedServletContainer.start(TomcatEmbeddedServletContainer.java:195) ~[spring-boot-1.5.3.RELEASE.jar:1.5.3.RELEASE]
	at org.springframework.boot.context.embedded.EmbeddedWebApplicationContext.startEmbeddedServletContainer(EmbeddedWebApplicationContext.java:297) ~[spring-boot-1.5.3.RELEASE.jar:1.5.3.RELEASE]
	at org.springframework.boot.context.embedded.EmbeddedWebApplicationContext.finishRefresh(EmbeddedWebApplicationContext.java:145) ~[spring-boot-1.5.3.RELEASE.jar:1.5.3.RELEASE]
	at org.springframework.context.support.AbstractApplicationContext.refresh(AbstractApplicationContext.java:545) ~[spring-context-4.3.8.RELEASE.jar:4.3.8.RELEASE]
	at org.springframework.boot.context.embedded.EmbeddedWebApplicationContext.refresh(EmbeddedWebApplicationContext.java:122) ~[spring-boot-1.5.3.RELEASE.jar:1.5.3.RELEASE]
	at org.springframework.boot.SpringApplication.refresh(SpringApplication.java:737) ~[spring-boot-1.5.3.RELEASE.jar:1.5.3.RELEASE]
	at org.springframework.boot.SpringApplication.refreshContext(SpringApplication.java:370) ~[spring-boot-1.5.3.RELEASE.jar:1.5.3.RELEASE]
	at org.springframework.boot.SpringApplication.run(SpringApplication.java:314) ~[spring-boot-1.5.3.RELEASE.jar:1.5.3.RELEASE]
	at org.springframework.boot.test.context.SpringBootContextLoader.loadContext(SpringBootContextLoader.java:120) ~[spring-boot-test-1.5.3.RELEASE.jar:1.5.3.RELEASE]
	at org.springframework.test.context.cache.DefaultCacheAwareContextLoaderDelegate.loadContextInternal(DefaultCacheAwareContextLoaderDelegate.java:98) ~[spring-test-4.3.8.RELEASE.jar:4.3.8.RELEASE]
	at org.springframework.test.context.cache.DefaultCacheAwareContextLoaderDelegate.loadContext(DefaultCacheAwareContextLoaderDelegate.java:116) ~[spring-test-4.3.8.RELEASE.jar:4.3.8.RELEASE]
	... 25 common frames omitted

]]></system-out>
  </testcase>
  <testcase name="testDeleteTransaction" classname="org.zlogic.vogon.web.TransactionsControllerWriteTest" time="0">
    <error message="Failed to load ApplicationContext" type="java.lang.IllegalStateException">java.lang.IllegalStateException: Failed to load ApplicationContext
Caused by: org.springframework.boot.context.embedded.tomcat.ConnectorStartFailedException: Connector configured to listen on port 8080 failed to start
</error>
    <system-out><![CDATA[
  .   ____          _            __ _ _
 /\\ / ___'_ __ _ _(_)_ __  __ _ \ \ \ \
( ( )\___ | '_ | '_| | '_ \/ _` | \ \ \ \
 \\/  ___)| |_)| | | | | || (_| |  ) ) ) )
  '  |____| .__|_| |_|_| |_\__, | / / / /
 =========|_|==============|___/=/_/_/_/
 :: Spring Boot ::        (v1.5.3.RELEASE)

2018-12-22 13:23:59.666  INFO 11736 --- [           main] o.z.v.w.TransactionsControllerWriteTest  : Starting TransactionsControllerWriteTest on GOPAL with PID 11736 (started by GOPAL$ in C:\Program Files (x86)\Jenkins\workspace\Maven_project\vogon-web)
2018-12-22 13:23:59.666  INFO 11736 --- [           main] o.z.v.w.TransactionsControllerWriteTest  : No active profile set, falling back to default profiles: default
2018-12-22 13:23:59.673  INFO 11736 --- [           main] ationConfigEmbeddedWebApplicationContext : Refreshing org.springframework.boot.context.embedded.AnnotationConfigEmbeddedWebApplicationContext@707f99e5: startup date [Sat Dec 22 13:23:59 IST 2018]; root of context hierarchy
2018-12-22 13:23:59.967  INFO 11736 --- [           main] o.s.b.f.s.DefaultListableBeanFactory     : Overriding bean definition for bean 'entityManagerFactory' with a different definition: replacing [Root bean: class [null]; scope=; abstract=false; lazyInit=false; autowireMode=3; dependencyCheck=0; autowireCandidate=true; primary=false; factoryBeanName=persistenceConfiguration; factoryMethodName=entityManagerFactory; initMethodName=null; destroyMethodName=(inferred); defined in class path resource [org/zlogic/vogon/web/PersistenceConfiguration.class]] with [Root bean: class [null]; scope=; abstract=false; lazyInit=false; autowireMode=3; dependencyCheck=0; autowireCandidate=true; primary=false; factoryBeanName=databaseConfiguration; factoryMethodName=entityManagerFactory; initMethodName=null; destroyMethodName=(inferred); defined in org.zlogic.vogon.web.DatabaseConfiguration]
2018-12-22 13:24:00.155  INFO 11736 --- [           main] trationDelegate$BeanPostProcessorChecker : Bean 'org.springframework.security.config.annotation.configuration.ObjectPostProcessorConfiguration' of type [org.springframework.security.config.annotation.configuration.ObjectPostProcessorConfiguration$$EnhancerBySpringCGLIB$$be8c3acc] is not eligible for getting processed by all BeanPostProcessors (for example: not eligible for auto-proxying)
2018-12-22 13:24:00.159  INFO 11736 --- [           main] trationDelegate$BeanPostProcessorChecker : Bean 'objectPostProcessor' of type [org.springframework.security.config.annotation.configuration.AutowireBeanFactoryObjectPostProcessor] is not eligible for getting processed by all BeanPostProcessors (for example: not eligible for auto-proxying)
2018-12-22 13:24:00.160  INFO 11736 --- [           main] trationDelegate$BeanPostProcessorChecker : Bean 'org.springframework.security.access.expression.method.DefaultMethodSecurityExpressionHandler@639c0e3f' of type [org.springframework.security.oauth2.provider.expression.OAuth2MethodSecurityExpressionHandler] is not eligible for getting processed by all BeanPostProcessors (for example: not eligible for auto-proxying)
2018-12-22 13:24:00.167  INFO 11736 --- [           main] trationDelegate$BeanPostProcessorChecker : Bean 'org.springframework.security.config.annotation.method.configuration.GlobalMethodSecurityConfiguration' of type [org.springframework.security.config.annotation.method.configuration.GlobalMethodSecurityConfiguration$$EnhancerBySpringCGLIB$$e360dd7e] is not eligible for getting processed by all BeanPostProcessors (for example: not eligible for auto-proxying)
2018-12-22 13:24:00.169  INFO 11736 --- [           main] trationDelegate$BeanPostProcessorChecker : Bean 'methodSecurityMetadataSource' of type [org.springframework.security.access.method.DelegatingMethodSecurityMetadataSource] is not eligible for getting processed by all BeanPostProcessors (for example: not eligible for auto-proxying)
2018-12-22 13:24:00.176  INFO 11736 --- [           main] trationDelegate$BeanPostProcessorChecker : Bean 'org.springframework.transaction.annotation.ProxyTransactionManagementConfiguration' of type [org.springframework.transaction.annotation.ProxyTransactionManagementConfiguration$$EnhancerBySpringCGLIB$$25de7292] is not eligible for getting processed by all BeanPostProcessors (for example: not eligible for auto-proxying)
2018-12-22 13:24:00.191  INFO 11736 --- [           main] trationDelegate$BeanPostProcessorChecker : Bean 'security.oauth2.client-org.springframework.boot.autoconfigure.security.oauth2.OAuth2ClientProperties' of type [org.springframework.boot.autoconfigure.security.oauth2.OAuth2ClientProperties] is not eligible for getting processed by all BeanPostProcessors (for example: not eligible for auto-proxying)
2018-12-22 13:24:00.193  INFO 11736 --- [           main] trationDelegate$BeanPostProcessorChecker : Bean 'org.springframework.boot.autoconfigure.security.oauth2.OAuth2AutoConfiguration' of type [org.springframework.boot.autoconfigure.security.oauth2.OAuth2AutoConfiguration$$EnhancerBySpringCGLIB$$dd282e92] is not eligible for getting processed by all BeanPostProcessors (for example: not eligible for auto-proxying)
2018-12-22 13:24:00.197  INFO 11736 --- [           main] trationDelegate$BeanPostProcessorChecker : Bean 'resourceServerProperties' of type [org.springframework.boot.autoconfigure.security.oauth2.resource.ResourceServerProperties] is not eligible for getting processed by all BeanPostProcessors (for example: not eligible for auto-proxying)
2018-12-22 13:24:00.238  INFO 11736 --- [           main] org.zlogic.vogon.web.TomcatConfigurer    : Using keystore C:\Program Files (x86)\Jenkins\workspace\Maven_project\vogon-web\target/vogonweb.keystore with password ********
2018-12-22 13:24:00.266  INFO 11736 --- [           main] s.b.c.e.t.TomcatEmbeddedServletContainer : Tomcat initialized with port(s): 8080 (http) 8443 (https)
2018-12-22 13:24:00.266  INFO 11736 --- [           main] o.apache.catalina.core.StandardService   : Starting service Tomcat
2018-12-22 13:24:00.267  INFO 11736 --- [           main] org.apache.catalina.core.StandardEngine  : Starting Servlet Engine: Apache Tomcat/8.5.14
2018-12-22 13:24:00.287  INFO 11736 --- [ost-startStop-1] org.apache.jasper.servlet.TldScanner     : At least one JAR was scanned for TLDs yet contained no TLDs. Enable debug logging for this logger for a complete list of JARs that were scanned but no TLDs were found in them. Skipping unneeded JARs during scanning can improve startup time and JSP compilation time.
2018-12-22 13:24:00.287  INFO 11736 --- [ost-startStop-1] o.a.c.c.C.[Tomcat-144].[localhost].[/]   : Initializing Spring embedded WebApplicationContext
2018-12-22 13:24:00.287  INFO 11736 --- [ost-startStop-1] o.s.web.context.ContextLoader            : Root WebApplicationContext: initialization completed in 614 ms
2018-12-22 13:24:00.460  INFO 11736 --- [ost-startStop-1] o.s.b.w.servlet.FilterRegistrationBean   : Mapping filter: 'metricsFilter' to: [/*]
2018-12-22 13:24:00.460  INFO 11736 --- [ost-startStop-1] o.s.b.w.servlet.FilterRegistrationBean   : Mapping filter: 'characterEncodingFilter' to: [/*]
2018-12-22 13:24:00.460  INFO 11736 --- [ost-startStop-1] o.s.b.w.servlet.FilterRegistrationBean   : Mapping filter: 'hiddenHttpMethodFilter' to: [/*]
2018-12-22 13:24:00.460  INFO 11736 --- [ost-startStop-1] o.s.b.w.servlet.FilterRegistrationBean   : Mapping filter: 'httpPutFormContentFilter' to: [/*]
2018-12-22 13:24:00.460  INFO 11736 --- [ost-startStop-1] o.s.b.w.servlet.FilterRegistrationBean   : Mapping filter: 'requestContextFilter' to: [/*]
2018-12-22 13:24:00.461  INFO 11736 --- [ost-startStop-1] .s.DelegatingFilterProxyRegistrationBean : Mapping filter: 'springSecurityFilterChain' to: [/*]
2018-12-22 13:24:00.461  INFO 11736 --- [ost-startStop-1] o.s.b.w.servlet.FilterRegistrationBean   : Mapping filter: 'webRequestLoggingFilter' to: [/*]
2018-12-22 13:24:00.461  INFO 11736 --- [ost-startStop-1] o.s.b.w.servlet.FilterRegistrationBean   : Mapping filter: 'applicationContextIdFilter' to: [/*]
2018-12-22 13:24:00.461  INFO 11736 --- [ost-startStop-1] o.s.b.w.servlet.ServletRegistrationBean  : Mapping servlet: 'dispatcherServlet' to [/]
2018-12-22 13:24:00.472  INFO 11736 --- [           main] j.LocalContainerEntityManagerFactoryBean : Building JPA container EntityManagerFactory for persistence unit 'VogonPU'
2018-12-22 13:24:00.472  INFO 11736 --- [           main] o.hibernate.jpa.internal.util.LogHelper  : HHH000204: Processing PersistenceUnitInfo [
	name: VogonPU
	...]
2018-12-22 13:24:00.476  WARN 11736 --- [           main] org.hibernate.orm.connections.pooling    : HHH10001002: Using Hibernate built-in connection pool (not for production use!)
2018-12-22 13:24:00.476  INFO 11736 --- [           main] org.hibernate.orm.connections.pooling    : HHH10001005: using driver [org.h2.Driver] at URL [jdbc:h2:mem:test]
2018-12-22 13:24:00.476  INFO 11736 --- [           main] org.hibernate.orm.connections.pooling    : HHH10001001: Connection properties: {}
2018-12-22 13:24:00.476  INFO 11736 --- [           main] org.hibernate.orm.connections.pooling    : HHH10001003: Autocommit mode: false
2018-12-22 13:24:00.476  INFO 11736 --- [           main] .c.i.DriverManagerConnectionProviderImpl : HHH000115: Hibernate connection pool size: 20 (min=1)
2018-12-22 13:24:00.477  INFO 11736 --- [           main] org.hibernate.dialect.Dialect            : HHH000400: Using dialect: org.hibernate.dialect.H2Dialect
2018-12-22 13:24:00.487  INFO 11736 --- [           main] org.hibernate.orm.connections.access     : HHH10001501: Connection obtained from JdbcConnectionAccess [org.hibernate.engine.jdbc.env.internal.JdbcEnvironmentInitiator$ConnectionProviderJdbcConnectionAccess@7cb00ff7] for (non-JTA) DDL execution was not in auto-commit mode; the Connection 'local transaction' will be committed and the Connection will be set into auto-commit mode.
2018-12-22 13:24:00.487  INFO 11736 --- [           main] j.LocalContainerEntityManagerFactoryBean : Initialized JPA EntityManagerFactory for persistence unit 'VogonPU'
2018-12-22 13:24:00.815  INFO 11736 --- [           main] .s.o.p.e.FrameworkEndpointHandlerMapping : Mapped "{[/oauth/authorize]}" onto public org.springframework.web.servlet.ModelAndView org.springframework.security.oauth2.provider.endpoint.AuthorizationEndpoint.authorize(java.util.Map<java.lang.String, java.lang.Object>,java.util.Map<java.lang.String, java.lang.String>,org.springframework.web.bind.support.SessionStatus,java.security.Principal)
2018-12-22 13:24:00.815  INFO 11736 --- [           main] .s.o.p.e.FrameworkEndpointHandlerMapping : Mapped "{[/oauth/authorize],methods=[POST],params=[user_oauth_approval]}" onto public org.springframework.web.servlet.View org.springframework.security.oauth2.provider.endpoint.AuthorizationEndpoint.approveOrDeny(java.util.Map<java.lang.String, java.lang.String>,java.util.Map<java.lang.String, ?>,org.springframework.web.bind.support.SessionStatus,java.security.Principal)
2018-12-22 13:24:00.815  INFO 11736 --- [           main] .s.o.p.e.FrameworkEndpointHandlerMapping : Mapped "{[/oauth/token],methods=[GET]}" onto public org.springframework.http.ResponseEntity<org.springframework.security.oauth2.common.OAuth2AccessToken> org.springframework.security.oauth2.provider.endpoint.TokenEndpoint.getAccessToken(java.security.Principal,java.util.Map<java.lang.String, java.lang.String>) throws org.springframework.web.HttpRequestMethodNotSupportedException
2018-12-22 13:24:00.815  INFO 11736 --- [           main] .s.o.p.e.FrameworkEndpointHandlerMapping : Mapped "{[/oauth/token],methods=[POST]}" onto public org.springframework.http.ResponseEntity<org.springframework.security.oauth2.common.OAuth2AccessToken> org.springframework.security.oauth2.provider.endpoint.TokenEndpoint.postAccessToken(java.security.Principal,java.util.Map<java.lang.String, java.lang.String>) throws org.springframework.web.HttpRequestMethodNotSupportedException
2018-12-22 13:24:00.815  INFO 11736 --- [           main] .s.o.p.e.FrameworkEndpointHandlerMapping : Mapped "{[/oauth/check_token]}" onto public java.util.Map<java.lang.String, ?> org.springframework.security.oauth2.provider.endpoint.CheckTokenEndpoint.checkToken(java.lang.String)
2018-12-22 13:24:00.815  INFO 11736 --- [           main] .s.o.p.e.FrameworkEndpointHandlerMapping : Mapped "{[/oauth/confirm_access]}" onto public org.springframework.web.servlet.ModelAndView org.springframework.security.oauth2.provider.endpoint.WhitelabelApprovalEndpoint.getAccessConfirmation(java.util.Map<java.lang.String, java.lang.Object>,javax.servlet.http.HttpServletRequest) throws java.lang.Exception
2018-12-22 13:24:00.815  INFO 11736 --- [           main] .s.o.p.e.FrameworkEndpointHandlerMapping : Mapped "{[/oauth/error]}" onto public org.springframework.web.servlet.ModelAndView org.springframework.security.oauth2.provider.endpoint.WhitelabelErrorEndpoint.handleError(javax.servlet.http.HttpServletRequest)
2018-12-22 13:24:00.985  INFO 11736 --- [           main] o.s.s.web.DefaultSecurityFilterChain     : Creating filter chain: OrRequestMatcher [requestMatchers=[Ant [pattern='/oauth/token'], Ant [pattern='/oauth/token_key'], Ant [pattern='/oauth/check_token']]], [org.springframework.security.web.context.request.async.WebAsyncManagerIntegrationFilter@777ba208, org.springframework.security.web.context.SecurityContextPersistenceFilter@1f1fca88, org.springframework.security.web.header.HeaderWriterFilter@4a665b93, org.springframework.security.web.authentication.logout.LogoutFilter@5cb90be5, org.springframework.security.oauth2.provider.client.ClientCredentialsTokenEndpointFilter@274f720, org.springframework.security.web.authentication.www.BasicAuthenticationFilter@2b1572, org.springframework.security.web.savedrequest.RequestCacheAwareFilter@49b1f329, org.springframework.security.web.servletapi.SecurityContextHolderAwareRequestFilter@3173934f, org.springframework.security.web.authentication.AnonymousAuthenticationFilter@42d919aa, org.springframework.security.web.session.SessionManagementFilter@3faa41ad, org.springframework.security.web.access.ExceptionTranslationFilter@346c5290, org.springframework.security.web.access.intercept.FilterSecurityInterceptor@1354ef95]
2018-12-22 13:24:00.985  INFO 11736 --- [           main] o.s.s.web.DefaultSecurityFilterChain     : Creating filter chain: org.springframework.boot.actuate.autoconfigure.ManagementWebSecurityAutoConfiguration$LazyEndpointPathRequestMatcher@1a148650, [org.springframework.security.web.context.request.async.WebAsyncManagerIntegrationFilter@2b51921d, org.springframework.security.web.context.SecurityContextPersistenceFilter@2ab15112, org.springframework.security.web.header.HeaderWriterFilter@6e5639a7, org.springframework.security.web.authentication.logout.LogoutFilter@50d8c856, org.springframework.security.web.authentication.www.BasicAuthenticationFilter@38880727, org.springframework.security.web.savedrequest.RequestCacheAwareFilter@33dd22c4, org.springframework.security.web.servletapi.SecurityContextHolderAwareRequestFilter@6c99ae19, org.springframework.security.web.authentication.AnonymousAuthenticationFilter@dc40a32, org.springframework.security.web.session.SessionManagementFilter@664b46ca, org.springframework.security.web.access.ExceptionTranslationFilter@752d9b03, org.springframework.security.web.access.intercept.FilterSecurityInterceptor@184f6eb]
2018-12-22 13:24:01.000  INFO 11736 --- [           main] o.s.s.w.a.c.ChannelProcessingFilter      : Validated configuration attributes
2018-12-22 13:24:01.000  INFO 11736 --- [           main] o.s.s.web.DefaultSecurityFilterChain     : Creating filter chain: org.springframework.security.oauth2.config.annotation.web.configuration.ResourceServerConfiguration$NotOAuthRequestMatcher@3b6d4c4c, [org.springframework.security.web.access.channel.ChannelProcessingFilter@3279e226, org.springframework.security.web.context.request.async.WebAsyncManagerIntegrationFilter@40307019, org.springframework.security.web.context.SecurityContextPersistenceFilter@1292d5e1, org.springframework.security.web.header.HeaderWriterFilter@4a97d7b2, org.springframework.security.web.authentication.logout.LogoutFilter@2b6931ad, org.springframework.security.oauth2.provider.authentication.OAuth2AuthenticationProcessingFilter@68bdd09b, org.springframework.security.web.savedrequest.RequestCacheAwareFilter@7324f1d2, org.springframework.security.web.servletapi.SecurityContextHolderAwareRequestFilter@7fa8243, org.springframework.security.web.authentication.AnonymousAuthenticationFilter@6bd9b114, org.springframework.security.web.session.SessionManagementFilter@539fe41d, org.springframework.security.web.access.ExceptionTranslationFilter@3edbe180, org.springframework.security.web.access.intercept.FilterSecurityInterceptor@2885094e]
2018-12-22 13:24:01.094  INFO 11736 --- [           main] s.w.s.m.m.a.RequestMappingHandlerAdapter : Looking for @ControllerAdvice: org.springframework.boot.context.embedded.AnnotationConfigEmbeddedWebApplicationContext@707f99e5: startup date [Sat Dec 22 13:23:59 IST 2018]; root of context hierarchy
2018-12-22 13:24:01.103  INFO 11736 --- [           main] s.w.s.m.m.a.RequestMappingHandlerMapping : Mapped "{[/service/accounts],methods=[GET],produces=[application/json]}" onto public java.util.Collection<org.zlogic.vogon.data.FinanceAccount> org.zlogic.vogon.web.controller.AccountsController.getAllAccounts(org.zlogic.vogon.web.security.VogonSecurityUser)
2018-12-22 13:24:01.103  INFO 11736 --- [           main] s.w.s.m.m.a.RequestMappingHandlerMapping : Mapped "{[/service/accounts],methods=[POST],produces=[application/json]}" onto public java.util.Collection<org.zlogic.vogon.data.FinanceAccount> org.zlogic.vogon.web.controller.AccountsController.updateAccounts(java.util.Collection<org.zlogic.vogon.data.FinanceAccount>,org.zlogic.vogon.web.security.VogonSecurityUser)
2018-12-22 13:24:01.103  INFO 11736 --- [           main] s.w.s.m.m.a.RequestMappingHandlerMapping : Mapped "{[/service/analytics/tags],methods=[GET],produces=[application/json]}" onto public java.util.Set<java.lang.String> org.zlogic.vogon.web.controller.AnalyticsController.getAllTags(org.zlogic.vogon.web.security.VogonSecurityUser)
2018-12-22 13:24:01.103  INFO 11736 --- [           main] s.w.s.m.m.a.RequestMappingHandlerMapping : Mapped "{[/service/analytics],methods=[POST],produces=[application/json]}" onto public java.util.Map<java.lang.String, org.zlogic.vogon.data.report.Report> org.zlogic.vogon.web.controller.AnalyticsController.getReport(org.zlogic.vogon.data.report.ReportFactory,org.zlogic.vogon.web.security.VogonSecurityUser)
2018-12-22 13:24:01.103  INFO 11736 --- [           main] s.w.s.m.m.a.RequestMappingHandlerMapping : Mapped "{[/service/currencies],methods=[GET],produces=[application/json]}" onto public java.util.Collection<org.zlogic.vogon.web.data.model.CurrencyDetails> org.zlogic.vogon.web.controller.CurrenciesController.getAllCurrencies()
2018-12-22 13:24:01.103  INFO 11736 --- [           main] s.w.s.m.m.a.RequestMappingHandlerMapping : Mapped "{[/service/export],methods=[GET || POST]}" onto public org.springframework.http.HttpEntity<byte[]> org.zlogic.vogon.web.controller.DataController.exportDataJSON(org.zlogic.vogon.web.security.VogonSecurityUser) throws java.lang.RuntimeException
2018-12-22 13:24:01.103  INFO 11736 --- [           main] s.w.s.m.m.a.RequestMappingHandlerMapping : Mapped "{[/service/import],methods=[POST],consumes=[multipart/form-data],produces=[application/json]}" onto public java.lang.Boolean org.zlogic.vogon.web.controller.DataController.importData(org.springframework.web.multipart.MultipartFile,org.zlogic.vogon.web.security.VogonSecurityUser) throws java.lang.RuntimeException
2018-12-22 13:24:01.103  INFO 11736 --- [           main] s.w.s.m.m.a.RequestMappingHandlerMapping : Mapped "{[/fragments/{fragment}.fragment]}" onto public org.springframework.web.servlet.ModelAndView org.zlogic.vogon.web.controller.JspController.fragmentModelAndView(java.lang.String)
2018-12-22 13:24:01.103  INFO 11736 --- [           main] s.w.s.m.m.a.RequestMappingHandlerMapping : Mapped "{[/]}" onto public org.springframework.web.servlet.ModelAndView org.zlogic.vogon.web.controller.JspController.indexModelAndView()
2018-12-22 13:24:01.103  INFO 11736 --- [           main] s.w.s.m.m.a.RequestMappingHandlerMapping : Mapped "{[/oauth/logout],methods=[POST]}" onto public void org.zlogic.vogon.web.controller.LogoutController.logout(org.springframework.security.oauth2.provider.OAuth2Authentication) throws org.zlogic.vogon.web.security.UsernameExistsException
2018-12-22 13:24:01.103  INFO 11736 --- [           main] s.w.s.m.m.a.RequestMappingHandlerMapping : Mapped "{[/register],methods=[POST],produces=[application/json]}" onto public org.zlogic.vogon.data.VogonUser org.zlogic.vogon.web.controller.RegistrationController.register(org.zlogic.vogon.data.VogonUser) throws org.zlogic.vogon.web.security.UsernameExistsException
2018-12-22 13:24:01.103  INFO 11736 --- [           main] s.w.s.m.m.a.RequestMappingHandlerMapping : Mapped "{[/service/transactions/transaction/{id}],methods=[GET],produces=[application/json]}" onto public org.zlogic.vogon.web.data.model.FinanceTransactionJson org.zlogic.vogon.web.controller.TransactionsController.getTransaction(long,org.zlogic.vogon.web.security.VogonSecurityUser)
2018-12-22 13:24:01.103  INFO 11736 --- [           main] s.w.s.m.m.a.RequestMappingHandlerMapping : Mapped "{[/service/transactions],methods=[GET],produces=[application/json]}" onto public java.util.Collection<org.zlogic.vogon.web.data.model.FinanceTransactionJson> org.zlogic.vogon.web.controller.TransactionsController.getTransactions(java.lang.Integer,org.zlogic.vogon.web.controller.TransactionsController$SortColumn,org.springframework.data.domain.Sort$Direction,java.lang.String,java.util.Date,java.util.Collection<java.lang.String>,org.zlogic.vogon.web.security.VogonSecurityUser)
2018-12-22 13:24:01.103  INFO 11736 --- [           main] s.w.s.m.m.a.RequestMappingHandlerMapping : Mapped "{[/service/transactions],methods=[POST],produces=[application/json]}" onto public org.zlogic.vogon.web.data.model.FinanceTransactionJson org.zlogic.vogon.web.controller.TransactionsController.submitTransaction(org.zlogic.vogon.web.data.model.FinanceTransactionJson,org.zlogic.vogon.web.security.VogonSecurityUser)
2018-12-22 13:24:01.103  INFO 11736 --- [           main] s.w.s.m.m.a.RequestMappingHandlerMapping : Mapped "{[/service/transactions/pages],methods=[GET],produces=[application/json]}" onto public long org.zlogic.vogon.web.controller.TransactionsController.getTransactionsCount(org.zlogic.vogon.web.security.VogonSecurityUser)
2018-12-22 13:24:01.103  INFO 11736 --- [           main] s.w.s.m.m.a.RequestMappingHandlerMapping : Mapped "{[/service/transactions/transaction/{id}],methods=[DELETE],produces=[application/json]}" onto public org.zlogic.vogon.web.data.model.FinanceTransactionJson org.zlogic.vogon.web.controller.TransactionsController.deleteTransaction(long,org.zlogic.vogon.web.security.VogonSecurityUser)
2018-12-22 13:24:01.103  INFO 11736 --- [           main] s.w.s.m.m.a.RequestMappingHandlerMapping : Mapped "{[/service/user],methods=[POST],produces=[application/json]}" onto public org.zlogic.vogon.data.VogonUser org.zlogic.vogon.web.controller.UsersController.submitUser(org.zlogic.vogon.data.VogonUser,org.zlogic.vogon.web.security.VogonSecurityUser) throws org.zlogic.vogon.web.security.UsernameExistsException
2018-12-22 13:24:01.103  INFO 11736 --- [           main] s.w.s.m.m.a.RequestMappingHandlerMapping : Mapped "{[/service/user],methods=[GET],produces=[application/json]}" onto public org.zlogic.vogon.data.VogonUser org.zlogic.vogon.web.controller.UsersController.getUserData(org.zlogic.vogon.web.security.VogonSecurityUser)
2018-12-22 13:24:01.103  INFO 11736 --- [           main] s.w.s.m.m.a.RequestMappingHandlerMapping : Mapped "{[/error]}" onto public org.springframework.http.ResponseEntity<java.util.Map<java.lang.String, java.lang.Object>> org.springframework.boot.autoconfigure.web.BasicErrorController.error(javax.servlet.http.HttpServletRequest)
2018-12-22 13:24:01.103  INFO 11736 --- [           main] s.w.s.m.m.a.RequestMappingHandlerMapping : Mapped "{[/error],produces=[text/html]}" onto public org.springframework.web.servlet.ModelAndView org.springframework.boot.autoconfigure.web.BasicErrorController.errorHtml(javax.servlet.http.HttpServletRequest,javax.servlet.http.HttpServletResponse)
2018-12-22 13:24:01.118  INFO 11736 --- [           main] o.s.w.s.handler.SimpleUrlHandlerMapping  : Root mapping to handler of type [class org.springframework.web.servlet.mvc.ParameterizableViewController]
2018-12-22 13:24:01.303  INFO 11736 --- [           main] o.s.w.s.handler.SimpleUrlHandlerMapping  : Mapped URL path [/webjars/**] onto handler of type [class org.springframework.web.servlet.resource.ResourceHttpRequestHandler]
2018-12-22 13:24:01.303  INFO 11736 --- [           main] o.s.w.s.handler.SimpleUrlHandlerMapping  : Mapped URL path [/**] onto handler of type [class org.springframework.web.servlet.resource.ResourceHttpRequestHandler]
2018-12-22 13:24:01.304  INFO 11736 --- [           main] o.s.w.s.handler.SimpleUrlHandlerMapping  : Mapped URL path [/**] onto handler of type [class org.springframework.web.servlet.resource.DefaultServletHttpRequestHandler]
2018-12-22 13:24:01.323  INFO 11736 --- [           main] o.s.w.s.handler.SimpleUrlHandlerMapping  : Mapped URL path [/**/favicon.ico] onto handler of type [class org.springframework.web.servlet.resource.ResourceHttpRequestHandler]
2018-12-22 13:24:01.505  INFO 11736 --- [           main] o.s.b.a.e.mvc.EndpointHandlerMapping     : Mapped "{[/env/{name:.*}],methods=[GET],produces=[application/vnd.spring-boot.actuator.v1+json || application/json]}" onto public java.lang.Object org.springframework.boot.actuate.endpoint.mvc.EnvironmentMvcEndpoint.value(java.lang.String)
2018-12-22 13:24:01.505  INFO 11736 --- [           main] o.s.b.a.e.mvc.EndpointHandlerMapping     : Mapped "{[/env || /env.json],methods=[GET],produces=[application/vnd.spring-boot.actuator.v1+json || application/json]}" onto public java.lang.Object org.springframework.boot.actuate.endpoint.mvc.EndpointMvcAdapter.invoke()
2018-12-22 13:24:01.505  INFO 11736 --- [           main] o.s.b.a.e.mvc.EndpointHandlerMapping     : Mapped "{[/loggers/{name:.*}],methods=[GET],produces=[application/vnd.spring-boot.actuator.v1+json || application/json]}" onto public java.lang.Object org.springframework.boot.actuate.endpoint.mvc.LoggersMvcEndpoint.get(java.lang.String)
2018-12-22 13:24:01.505  INFO 11736 --- [           main] o.s.b.a.e.mvc.EndpointHandlerMapping     : Mapped "{[/loggers/{name:.*}],methods=[POST],consumes=[application/vnd.spring-boot.actuator.v1+json || application/json],produces=[application/vnd.spring-boot.actuator.v1+json || application/json]}" onto public java.lang.Object org.springframework.boot.actuate.endpoint.mvc.LoggersMvcEndpoint.set(java.lang.String,java.util.Map<java.lang.String, java.lang.String>)
2018-12-22 13:24:01.505  INFO 11736 --- [           main] o.s.b.a.e.mvc.EndpointHandlerMapping     : Mapped "{[/loggers || /loggers.json],methods=[GET],produces=[application/vnd.spring-boot.actuator.v1+json || application/json]}" onto public java.lang.Object org.springframework.boot.actuate.endpoint.mvc.EndpointMvcAdapter.invoke()
2018-12-22 13:24:01.505  INFO 11736 --- [           main] o.s.b.a.e.mvc.EndpointHandlerMapping     : Mapped "{[/info || /info.json],methods=[GET],produces=[application/vnd.spring-boot.actuator.v1+json || application/json]}" onto public java.lang.Object org.springframework.boot.actuate.endpoint.mvc.EndpointMvcAdapter.invoke()
2018-12-22 13:24:01.505  INFO 11736 --- [           main] o.s.b.a.e.mvc.EndpointHandlerMapping     : Mapped "{[/trace || /trace.json],methods=[GET],produces=[application/vnd.spring-boot.actuator.v1+json || application/json]}" onto public java.lang.Object org.springframework.boot.actuate.endpoint.mvc.EndpointMvcAdapter.invoke()
2018-12-22 13:24:01.506  INFO 11736 --- [           main] o.s.b.a.e.mvc.EndpointHandlerMapping     : Mapped "{[/beans || /beans.json],methods=[GET],produces=[application/vnd.spring-boot.actuator.v1+json || application/json]}" onto public java.lang.Object org.springframework.boot.actuate.endpoint.mvc.EndpointMvcAdapter.invoke()
2018-12-22 13:24:01.506  INFO 11736 --- [           main] o.s.b.a.e.mvc.EndpointHandlerMapping     : Mapped "{[/dump || /dump.json],methods=[GET],produces=[application/vnd.spring-boot.actuator.v1+json || application/json]}" onto public java.lang.Object org.springframework.boot.actuate.endpoint.mvc.EndpointMvcAdapter.invoke()
2018-12-22 13:24:01.506  INFO 11736 --- [           main] o.s.b.a.e.mvc.EndpointHandlerMapping     : Mapped "{[/mappings || /mappings.json],methods=[GET],produces=[application/vnd.spring-boot.actuator.v1+json || application/json]}" onto public java.lang.Object org.springframework.boot.actuate.endpoint.mvc.EndpointMvcAdapter.invoke()
2018-12-22 13:24:01.506  INFO 11736 --- [           main] o.s.b.a.e.mvc.EndpointHandlerMapping     : Mapped "{[/auditevents || /auditevents.json],methods=[GET],produces=[application/vnd.spring-boot.actuator.v1+json || application/json]}" onto public org.springframework.http.ResponseEntity<?> org.springframework.boot.actuate.endpoint.mvc.AuditEventsMvcEndpoint.findByPrincipalAndAfterAndType(java.lang.String,java.util.Date,java.lang.String)
2018-12-22 13:24:01.506  INFO 11736 --- [           main] o.s.b.a.e.mvc.EndpointHandlerMapping     : Mapped "{[/health || /health.json],methods=[GET],produces=[application/vnd.spring-boot.actuator.v1+json || application/json]}" onto public java.lang.Object org.springframework.boot.actuate.endpoint.mvc.HealthMvcEndpoint.invoke(javax.servlet.http.HttpServletRequest,java.security.Principal)
2018-12-22 13:24:01.506  INFO 11736 --- [           main] o.s.b.a.e.mvc.EndpointHandlerMapping     : Mapped "{[/autoconfig || /autoconfig.json],methods=[GET],produces=[application/vnd.spring-boot.actuator.v1+json || application/json]}" onto public java.lang.Object org.springframework.boot.actuate.endpoint.mvc.EndpointMvcAdapter.invoke()
2018-12-22 13:24:01.506  INFO 11736 --- [           main] o.s.b.a.e.mvc.EndpointHandlerMapping     : Mapped "{[/metrics/{name:.*}],methods=[GET],produces=[application/vnd.spring-boot.actuator.v1+json || application/json]}" onto public java.lang.Object org.springframework.boot.actuate.endpoint.mvc.MetricsMvcEndpoint.value(java.lang.String)
2018-12-22 13:24:01.507  INFO 11736 --- [           main] o.s.b.a.e.mvc.EndpointHandlerMapping     : Mapped "{[/metrics || /metrics.json],methods=[GET],produces=[application/vnd.spring-boot.actuator.v1+json || application/json]}" onto public java.lang.Object org.springframework.boot.actuate.endpoint.mvc.EndpointMvcAdapter.invoke()
2018-12-22 13:24:01.507  INFO 11736 --- [           main] o.s.b.a.e.mvc.EndpointHandlerMapping     : Mapped "{[/heapdump || /heapdump.json],methods=[GET],produces=[application/octet-stream]}" onto public void org.springframework.boot.actuate.endpoint.mvc.HeapdumpMvcEndpoint.invoke(boolean,javax.servlet.http.HttpServletRequest,javax.servlet.http.HttpServletResponse) throws java.io.IOException,javax.servlet.ServletException
2018-12-22 13:24:01.507  INFO 11736 --- [           main] o.s.b.a.e.mvc.EndpointHandlerMapping     : Mapped "{[/configprops || /configprops.json],methods=[GET],produces=[application/vnd.spring-boot.actuator.v1+json || application/json]}" onto public java.lang.Object org.springframework.boot.actuate.endpoint.mvc.EndpointMvcAdapter.invoke()
2018-12-22 13:24:01.601 ERROR 11736 --- [           main] o.a.coyote.http11.Http11NioProtocol      : Failed to start end point associated with ProtocolHandler ["http-nio-8080"]

java.net.BindException: Address already in use: bind
	at sun.nio.ch.Net.bind0(Native Method) ~[na:1.8.0_191]
	at sun.nio.ch.Net.bind(Net.java:433) ~[na:1.8.0_191]
	at sun.nio.ch.Net.bind(Net.java:425) ~[na:1.8.0_191]
	at sun.nio.ch.ServerSocketChannelImpl.bind(ServerSocketChannelImpl.java:223) ~[na:1.8.0_191]
	at sun.nio.ch.ServerSocketAdaptor.bind(ServerSocketAdaptor.java:74) ~[na:1.8.0_191]
	at org.apache.tomcat.util.net.NioEndpoint.bind(NioEndpoint.java:210) ~[tomcat-embed-core-8.5.14.jar:8.5.14]
	at org.apache.tomcat.util.net.AbstractEndpoint.start(AbstractEndpoint.java:978) ~[tomcat-embed-core-8.5.14.jar:8.5.14]
	at org.apache.coyote.AbstractProtocol.start(AbstractProtocol.java:628) ~[tomcat-embed-core-8.5.14.jar:8.5.14]
	at org.apache.catalina.connector.Connector.startInternal(Connector.java:993) [tomcat-embed-core-8.5.14.jar:8.5.14]
	at org.apache.catalina.util.LifecycleBase.start(LifecycleBase.java:150) [tomcat-embed-core-8.5.14.jar:8.5.14]
	at org.apache.catalina.core.StandardService.addConnector(StandardService.java:225) [tomcat-embed-core-8.5.14.jar:8.5.14]
	at org.springframework.boot.context.embedded.tomcat.TomcatEmbeddedServletContainer.addPreviouslyRemovedConnectors(TomcatEmbeddedServletContainer.java:247) [spring-boot-1.5.3.RELEASE.jar:1.5.3.RELEASE]
	at org.springframework.boot.context.embedded.tomcat.TomcatEmbeddedServletContainer.start(TomcatEmbeddedServletContainer.java:190) [spring-boot-1.5.3.RELEASE.jar:1.5.3.RELEASE]
	at org.springframework.boot.context.embedded.EmbeddedWebApplicationContext.startEmbeddedServletContainer(EmbeddedWebApplicationContext.java:297) [spring-boot-1.5.3.RELEASE.jar:1.5.3.RELEASE]
	at org.springframework.boot.context.embedded.EmbeddedWebApplicationContext.finishRefresh(EmbeddedWebApplicationContext.java:145) [spring-boot-1.5.3.RELEASE.jar:1.5.3.RELEASE]
	at org.springframework.context.support.AbstractApplicationContext.refresh(AbstractApplicationContext.java:545) [spring-context-4.3.8.RELEASE.jar:4.3.8.RELEASE]
	at org.springframework.boot.context.embedded.EmbeddedWebApplicationContext.refresh(EmbeddedWebApplicationContext.java:122) [spring-boot-1.5.3.RELEASE.jar:1.5.3.RELEASE]
	at org.springframework.boot.SpringApplication.refresh(SpringApplication.java:737) [spring-boot-1.5.3.RELEASE.jar:1.5.3.RELEASE]
	at org.springframework.boot.SpringApplication.refreshContext(SpringApplication.java:370) [spring-boot-1.5.3.RELEASE.jar:1.5.3.RELEASE]
	at org.springframework.boot.SpringApplication.run(SpringApplication.java:314) [spring-boot-1.5.3.RELEASE.jar:1.5.3.RELEASE]
	at org.springframework.boot.test.context.SpringBootContextLoader.loadContext(SpringBootContextLoader.java:120) [spring-boot-test-1.5.3.RELEASE.jar:1.5.3.RELEASE]
	at org.springframework.test.context.cache.DefaultCacheAwareContextLoaderDelegate.loadContextInternal(DefaultCacheAwareContextLoaderDelegate.java:98) [spring-test-4.3.8.RELEASE.jar:4.3.8.RELEASE]
	at org.springframework.test.context.cache.DefaultCacheAwareContextLoaderDelegate.loadContext(DefaultCacheAwareContextLoaderDelegate.java:116) [spring-test-4.3.8.RELEASE.jar:4.3.8.RELEASE]
	at org.springframework.test.context.support.DefaultTestContext.getApplicationContext(DefaultTestContext.java:83) [spring-test-4.3.8.RELEASE.jar:4.3.8.RELEASE]
	at org.springframework.test.context.support.DependencyInjectionTestExecutionListener.injectDependencies(DependencyInjectionTestExecutionListener.java:117) [spring-test-4.3.8.RELEASE.jar:4.3.8.RELEASE]
	at org.springframework.test.context.support.DependencyInjectionTestExecutionListener.prepareTestInstance(DependencyInjectionTestExecutionListener.java:83) [spring-test-4.3.8.RELEASE.jar:4.3.8.RELEASE]
	at org.springframework.boot.test.autoconfigure.SpringBootDependencyInjectionTestExecutionListener.prepareTestInstance(SpringBootDependencyInjectionTestExecutionListener.java:44) [spring-boot-test-autoconfigure-1.5.3.RELEASE.jar:1.5.3.RELEASE]
	at org.springframework.test.context.TestContextManager.prepareTestInstance(TestContextManager.java:230) [spring-test-4.3.8.RELEASE.jar:4.3.8.RELEASE]
	at org.springframework.test.context.junit4.SpringJUnit4ClassRunner.createTest(SpringJUnit4ClassRunner.java:228) [spring-test-4.3.8.RELEASE.jar:4.3.8.RELEASE]
	at org.springframework.test.context.junit4.SpringJUnit4ClassRunner$1.runReflectiveCall(SpringJUnit4ClassRunner.java:287) [spring-test-4.3.8.RELEASE.jar:4.3.8.RELEASE]
	at org.junit.internal.runners.model.ReflectiveCallable.run(ReflectiveCallable.java:12) [junit-4.12.jar:4.12]
	at org.springframework.test.context.junit4.SpringJUnit4ClassRunner.methodBlock(SpringJUnit4ClassRunner.java:289) [spring-test-4.3.8.RELEASE.jar:4.3.8.RELEASE]
	at org.springframework.test.context.junit4.SpringJUnit4ClassRunner.runChild(SpringJUnit4ClassRunner.java:247) [spring-test-4.3.8.RELEASE.jar:4.3.8.RELEASE]
	at org.springframework.test.context.junit4.SpringJUnit4ClassRunner.runChild(SpringJUnit4ClassRunner.java:94) [spring-test-4.3.8.RELEASE.jar:4.3.8.RELEASE]
	at org.junit.runners.ParentRunner$3.run(ParentRunner.java:290) [junit-4.12.jar:4.12]
	at org.junit.runners.ParentRunner$1.schedule(ParentRunner.java:71) [junit-4.12.jar:4.12]
	at org.junit.runners.ParentRunner.runChildren(ParentRunner.java:288) [junit-4.12.jar:4.12]
	at org.junit.runners.ParentRunner.access$000(ParentRunner.java:58) [junit-4.12.jar:4.12]
	at org.junit.runners.ParentRunner$2.evaluate(ParentRunner.java:268) [junit-4.12.jar:4.12]
	at org.springframework.test.context.junit4.statements.RunBeforeTestClassCallbacks.evaluate(RunBeforeTestClassCallbacks.java:61) [spring-test-4.3.8.RELEASE.jar:4.3.8.RELEASE]
	at org.springframework.test.context.junit4.statements.RunAfterTestClassCallbacks.evaluate(RunAfterTestClassCallbacks.java:70) [spring-test-4.3.8.RELEASE.jar:4.3.8.RELEASE]
	at org.junit.runners.ParentRunner.run(ParentRunner.java:363) [junit-4.12.jar:4.12]
	at org.springframework.test.context.junit4.SpringJUnit4ClassRunner.run(SpringJUnit4ClassRunner.java:191) [spring-test-4.3.8.RELEASE.jar:4.3.8.RELEASE]
	at org.apache.maven.surefire.junit4.JUnit4Provider.execute(JUnit4Provider.java:365) [surefire-junit4-2.20.jar:2.20]
	at org.apache.maven.surefire.junit4.JUnit4Provider.executeWithRerun(JUnit4Provider.java:272) [surefire-junit4-2.20.jar:2.20]
	at org.apache.maven.surefire.junit4.JUnit4Provider.executeTestSet(JUnit4Provider.java:236) [surefire-junit4-2.20.jar:2.20]
	at org.apache.maven.surefire.junit4.JUnit4Provider.invoke(JUnit4Provider.java:159) [surefire-junit4-2.20.jar:2.20]
	at org.apache.maven.surefire.booter.ForkedBooter.invokeProviderInSameClassLoader(ForkedBooter.java:386) [surefire-booter-2.20.jar:2.20]
	at org.apache.maven.surefire.booter.ForkedBooter.runSuitesInProcess(ForkedBooter.java:323) [surefire-booter-2.20.jar:2.20]
	at org.apache.maven.surefire.booter.ForkedBooter.main(ForkedBooter.java:143) [surefire-booter-2.20.jar:2.20]

2018-12-22 13:24:01.602 ERROR 11736 --- [           main] o.apache.catalina.core.StandardService   : Failed to start connector [Connector[HTTP/1.1-8080]]

org.apache.catalina.LifecycleException: Failed to start component [Connector[HTTP/1.1-8080]]
	at org.apache.catalina.util.LifecycleBase.start(LifecycleBase.java:167) ~[tomcat-embed-core-8.5.14.jar:8.5.14]
	at org.apache.catalina.core.StandardService.addConnector(StandardService.java:225) ~[tomcat-embed-core-8.5.14.jar:8.5.14]
	at org.springframework.boot.context.embedded.tomcat.TomcatEmbeddedServletContainer.addPreviouslyRemovedConnectors(TomcatEmbeddedServletContainer.java:247) [spring-boot-1.5.3.RELEASE.jar:1.5.3.RELEASE]
	at org.springframework.boot.context.embedded.tomcat.TomcatEmbeddedServletContainer.start(TomcatEmbeddedServletContainer.java:190) [spring-boot-1.5.3.RELEASE.jar:1.5.3.RELEASE]
	at org.springframework.boot.context.embedded.EmbeddedWebApplicationContext.startEmbeddedServletContainer(EmbeddedWebApplicationContext.java:297) [spring-boot-1.5.3.RELEASE.jar:1.5.3.RELEASE]
	at org.springframework.boot.context.embedded.EmbeddedWebApplicationContext.finishRefresh(EmbeddedWebApplicationContext.java:145) [spring-boot-1.5.3.RELEASE.jar:1.5.3.RELEASE]
	at org.springframework.context.support.AbstractApplicationContext.refresh(AbstractApplicationContext.java:545) [spring-context-4.3.8.RELEASE.jar:4.3.8.RELEASE]
	at org.springframework.boot.context.embedded.EmbeddedWebApplicationContext.refresh(EmbeddedWebApplicationContext.java:122) [spring-boot-1.5.3.RELEASE.jar:1.5.3.RELEASE]
	at org.springframework.boot.SpringApplication.refresh(SpringApplication.java:737) [spring-boot-1.5.3.RELEASE.jar:1.5.3.RELEASE]
	at org.springframework.boot.SpringApplication.refreshContext(SpringApplication.java:370) [spring-boot-1.5.3.RELEASE.jar:1.5.3.RELEASE]
	at org.springframework.boot.SpringApplication.run(SpringApplication.java:314) [spring-boot-1.5.3.RELEASE.jar:1.5.3.RELEASE]
	at org.springframework.boot.test.context.SpringBootContextLoader.loadContext(SpringBootContextLoader.java:120) [spring-boot-test-1.5.3.RELEASE.jar:1.5.3.RELEASE]
	at org.springframework.test.context.cache.DefaultCacheAwareContextLoaderDelegate.loadContextInternal(DefaultCacheAwareContextLoaderDelegate.java:98) [spring-test-4.3.8.RELEASE.jar:4.3.8.RELEASE]
	at org.springframework.test.context.cache.DefaultCacheAwareContextLoaderDelegate.loadContext(DefaultCacheAwareContextLoaderDelegate.java:116) [spring-test-4.3.8.RELEASE.jar:4.3.8.RELEASE]
	at org.springframework.test.context.support.DefaultTestContext.getApplicationContext(DefaultTestContext.java:83) [spring-test-4.3.8.RELEASE.jar:4.3.8.RELEASE]
	at org.springframework.test.context.support.DependencyInjectionTestExecutionListener.injectDependencies(DependencyInjectionTestExecutionListener.java:117) [spring-test-4.3.8.RELEASE.jar:4.3.8.RELEASE]
	at org.springframework.test.context.support.DependencyInjectionTestExecutionListener.prepareTestInstance(DependencyInjectionTestExecutionListener.java:83) [spring-test-4.3.8.RELEASE.jar:4.3.8.RELEASE]
	at org.springframework.boot.test.autoconfigure.SpringBootDependencyInjectionTestExecutionListener.prepareTestInstance(SpringBootDependencyInjectionTestExecutionListener.java:44) [spring-boot-test-autoconfigure-1.5.3.RELEASE.jar:1.5.3.RELEASE]
	at org.springframework.test.context.TestContextManager.prepareTestInstance(TestContextManager.java:230) [spring-test-4.3.8.RELEASE.jar:4.3.8.RELEASE]
	at org.springframework.test.context.junit4.SpringJUnit4ClassRunner.createTest(SpringJUnit4ClassRunner.java:228) [spring-test-4.3.8.RELEASE.jar:4.3.8.RELEASE]
	at org.springframework.test.context.junit4.SpringJUnit4ClassRunner$1.runReflectiveCall(SpringJUnit4ClassRunner.java:287) [spring-test-4.3.8.RELEASE.jar:4.3.8.RELEASE]
	at org.junit.internal.runners.model.ReflectiveCallable.run(ReflectiveCallable.java:12) [junit-4.12.jar:4.12]
	at org.springframework.test.context.junit4.SpringJUnit4ClassRunner.methodBlock(SpringJUnit4ClassRunner.java:289) [spring-test-4.3.8.RELEASE.jar:4.3.8.RELEASE]
	at org.springframework.test.context.junit4.SpringJUnit4ClassRunner.runChild(SpringJUnit4ClassRunner.java:247) [spring-test-4.3.8.RELEASE.jar:4.3.8.RELEASE]
	at org.springframework.test.context.junit4.SpringJUnit4ClassRunner.runChild(SpringJUnit4ClassRunner.java:94) [spring-test-4.3.8.RELEASE.jar:4.3.8.RELEASE]
	at org.junit.runners.ParentRunner$3.run(ParentRunner.java:290) [junit-4.12.jar:4.12]
	at org.junit.runners.ParentRunner$1.schedule(ParentRunner.java:71) [junit-4.12.jar:4.12]
	at org.junit.runners.ParentRunner.runChildren(ParentRunner.java:288) [junit-4.12.jar:4.12]
	at org.junit.runners.ParentRunner.access$000(ParentRunner.java:58) [junit-4.12.jar:4.12]
	at org.junit.runners.ParentRunner$2.evaluate(ParentRunner.java:268) [junit-4.12.jar:4.12]
	at org.springframework.test.context.junit4.statements.RunBeforeTestClassCallbacks.evaluate(RunBeforeTestClassCallbacks.java:61) [spring-test-4.3.8.RELEASE.jar:4.3.8.RELEASE]
	at org.springframework.test.context.junit4.statements.RunAfterTestClassCallbacks.evaluate(RunAfterTestClassCallbacks.java:70) [spring-test-4.3.8.RELEASE.jar:4.3.8.RELEASE]
	at org.junit.runners.ParentRunner.run(ParentRunner.java:363) [junit-4.12.jar:4.12]
	at org.springframework.test.context.junit4.SpringJUnit4ClassRunner.run(SpringJUnit4ClassRunner.java:191) [spring-test-4.3.8.RELEASE.jar:4.3.8.RELEASE]
	at org.apache.maven.surefire.junit4.JUnit4Provider.execute(JUnit4Provider.java:365) [surefire-junit4-2.20.jar:2.20]
	at org.apache.maven.surefire.junit4.JUnit4Provider.executeWithRerun(JUnit4Provider.java:272) [surefire-junit4-2.20.jar:2.20]
	at org.apache.maven.surefire.junit4.JUnit4Provider.executeTestSet(JUnit4Provider.java:236) [surefire-junit4-2.20.jar:2.20]
	at org.apache.maven.surefire.junit4.JUnit4Provider.invoke(JUnit4Provider.java:159) [surefire-junit4-2.20.jar:2.20]
	at org.apache.maven.surefire.booter.ForkedBooter.invokeProviderInSameClassLoader(ForkedBooter.java:386) [surefire-booter-2.20.jar:2.20]
	at org.apache.maven.surefire.booter.ForkedBooter.runSuitesInProcess(ForkedBooter.java:323) [surefire-booter-2.20.jar:2.20]
	at org.apache.maven.surefire.booter.ForkedBooter.main(ForkedBooter.java:143) [surefire-booter-2.20.jar:2.20]
Caused by: org.apache.catalina.LifecycleException: service.getName(): "Tomcat";  Protocol handler start failed
	at org.apache.catalina.connector.Connector.startInternal(Connector.java:1000) ~[tomcat-embed-core-8.5.14.jar:8.5.14]
	at org.apache.catalina.util.LifecycleBase.start(LifecycleBase.java:150) ~[tomcat-embed-core-8.5.14.jar:8.5.14]
	... 40 common frames omitted
Caused by: java.net.BindException: Address already in use: bind
	at sun.nio.ch.Net.bind0(Native Method) ~[na:1.8.0_191]
	at sun.nio.ch.Net.bind(Net.java:433) ~[na:1.8.0_191]
	at sun.nio.ch.Net.bind(Net.java:425) ~[na:1.8.0_191]
	at sun.nio.ch.ServerSocketChannelImpl.bind(ServerSocketChannelImpl.java:223) ~[na:1.8.0_191]
	at sun.nio.ch.ServerSocketAdaptor.bind(ServerSocketAdaptor.java:74) ~[na:1.8.0_191]
	at org.apache.tomcat.util.net.NioEndpoint.bind(NioEndpoint.java:210) ~[tomcat-embed-core-8.5.14.jar:8.5.14]
	at org.apache.tomcat.util.net.AbstractEndpoint.start(AbstractEndpoint.java:978) ~[tomcat-embed-core-8.5.14.jar:8.5.14]
	at org.apache.coyote.AbstractProtocol.start(AbstractProtocol.java:628) ~[tomcat-embed-core-8.5.14.jar:8.5.14]
	at org.apache.catalina.connector.Connector.startInternal(Connector.java:993) ~[tomcat-embed-core-8.5.14.jar:8.5.14]
	... 41 common frames omitted

2018-12-22 13:24:01.758  INFO 11736 --- [           main] o.apache.catalina.core.StandardService   : Stopping service Tomcat
2018-12-22 13:24:01.763  INFO 11736 --- [           main] utoConfigurationReportLoggingInitializer : 

Error starting ApplicationContext. To display the auto-configuration report re-run your application with 'debug' enabled.
2018-12-22 13:24:01.765 ERROR 11736 --- [           main] o.s.b.d.LoggingFailureAnalysisReporter   : 

***************************
APPLICATION FAILED TO START
***************************

Description:

The Tomcat connector configured to listen on port 8080 failed to start. The port may already be in use or the connector may be misconfigured.

Action:

Verify the connector's configuration, identify and stop any process that's listening on port 8080, or configure this application to listen on another port.

2018-12-22 13:24:01.765  INFO 11736 --- [           main] ationConfigEmbeddedWebApplicationContext : Closing org.springframework.boot.context.embedded.AnnotationConfigEmbeddedWebApplicationContext@707f99e5: startup date [Sat Dec 22 13:23:59 IST 2018]; root of context hierarchy
2018-12-22 13:24:01.766  INFO 11736 --- [           main] o.z.vogon.web.PersistenceConfiguration   : Unloading JDBC drivers
2018-12-22 13:24:01.767  INFO 11736 --- [           main] j.LocalContainerEntityManagerFactoryBean : Closing JPA EntityManagerFactory for persistence unit 'VogonPU'
2018-12-22 13:24:01.767  INFO 11736 --- [           main] org.hibernate.orm.connections.pooling    : HHH10001008: Cleaning up connection pool [jdbc:h2:mem:test]

  .   ____          _            __ _ _
 /\\ / ___'_ __ _ _(_)_ __  __ _ \ \ \ \
( ( )\___ | '_ | '_| | '_ \/ _` | \ \ \ \
 \\/  ___)| |_)| | | | | || (_| |  ) ) ) )
  '  |____| .__|_| |_|_| |_\__, | / / / /
 =========|_|==============|___/=/_/_/_/
 :: Spring Boot ::        (v1.5.3.RELEASE)

2018-12-22 13:24:01.797  INFO 11736 --- [           main] o.z.v.w.TransactionsControllerWriteTest  : Starting TransactionsControllerWriteTest on GOPAL with PID 11736 (started by GOPAL$ in C:\Program Files (x86)\Jenkins\workspace\Maven_project\vogon-web)
2018-12-22 13:24:01.797  INFO 11736 --- [           main] o.z.v.w.TransactionsControllerWriteTest  : No active profile set, falling back to default profiles: default
2018-12-22 13:24:01.799  INFO 11736 --- [           main] ationConfigEmbeddedWebApplicationContext : Refreshing org.springframework.boot.context.embedded.AnnotationConfigEmbeddedWebApplicationContext@1922d65c: startup date [Sat Dec 22 13:24:01 IST 2018]; root of context hierarchy
2018-12-22 13:24:02.080  INFO 11736 --- [           main] o.s.b.f.s.DefaultListableBeanFactory     : Overriding bean definition for bean 'entityManagerFactory' with a different definition: replacing [Root bean: class [null]; scope=; abstract=false; lazyInit=false; autowireMode=3; dependencyCheck=0; autowireCandidate=true; primary=false; factoryBeanName=persistenceConfiguration; factoryMethodName=entityManagerFactory; initMethodName=null; destroyMethodName=(inferred); defined in class path resource [org/zlogic/vogon/web/PersistenceConfiguration.class]] with [Root bean: class [null]; scope=; abstract=false; lazyInit=false; autowireMode=3; dependencyCheck=0; autowireCandidate=true; primary=false; factoryBeanName=databaseConfiguration; factoryMethodName=entityManagerFactory; initMethodName=null; destroyMethodName=(inferred); defined in org.zlogic.vogon.web.DatabaseConfiguration]
2018-12-22 13:24:02.218  INFO 11736 --- [           main] trationDelegate$BeanPostProcessorChecker : Bean 'org.springframework.security.config.annotation.configuration.ObjectPostProcessorConfiguration' of type [org.springframework.security.config.annotation.configuration.ObjectPostProcessorConfiguration$$EnhancerBySpringCGLIB$$be8c3acc] is not eligible for getting processed by all BeanPostProcessors (for example: not eligible for auto-proxying)
2018-12-22 13:24:02.221  INFO 11736 --- [           main] trationDelegate$BeanPostProcessorChecker : Bean 'objectPostProcessor' of type [org.springframework.security.config.annotation.configuration.AutowireBeanFactoryObjectPostProcessor] is not eligible for getting processed by all BeanPostProcessors (for example: not eligible for auto-proxying)
2018-12-22 13:24:02.222  INFO 11736 --- [           main] trationDelegate$BeanPostProcessorChecker : Bean 'org.springframework.security.access.expression.method.DefaultMethodSecurityExpressionHandler@7a807a85' of type [org.springframework.security.oauth2.provider.expression.OAuth2MethodSecurityExpressionHandler] is not eligible for getting processed by all BeanPostProcessors (for example: not eligible for auto-proxying)
2018-12-22 13:24:02.227  INFO 11736 --- [           main] trationDelegate$BeanPostProcessorChecker : Bean 'org.springframework.security.config.annotation.method.configuration.GlobalMethodSecurityConfiguration' of type [org.springframework.security.config.annotation.method.configuration.GlobalMethodSecurityConfiguration$$EnhancerBySpringCGLIB$$e360dd7e] is not eligible for getting processed by all BeanPostProcessors (for example: not eligible for auto-proxying)
2018-12-22 13:24:02.229  INFO 11736 --- [           main] trationDelegate$BeanPostProcessorChecker : Bean 'methodSecurityMetadataSource' of type [org.springframework.security.access.method.DelegatingMethodSecurityMetadataSource] is not eligible for getting processed by all BeanPostProcessors (for example: not eligible for auto-proxying)
2018-12-22 13:24:02.235  INFO 11736 --- [           main] trationDelegate$BeanPostProcessorChecker : Bean 'org.springframework.transaction.annotation.ProxyTransactionManagementConfiguration' of type [org.springframework.transaction.annotation.ProxyTransactionManagementConfiguration$$EnhancerBySpringCGLIB$$25de7292] is not eligible for getting processed by all BeanPostProcessors (for example: not eligible for auto-proxying)
2018-12-22 13:24:02.235  INFO 11736 --- [           main] trationDelegate$BeanPostProcessorChecker : Bean 'security.oauth2.client-org.springframework.boot.autoconfigure.security.oauth2.OAuth2ClientProperties' of type [org.springframework.boot.autoconfigure.security.oauth2.OAuth2ClientProperties] is not eligible for getting processed by all BeanPostProcessors (for example: not eligible for auto-proxying)
2018-12-22 13:24:02.235  INFO 11736 --- [           main] trationDelegate$BeanPostProcessorChecker : Bean 'org.springframework.boot.autoconfigure.security.oauth2.OAuth2AutoConfiguration' of type [org.springframework.boot.autoconfigure.security.oauth2.OAuth2AutoConfiguration$$EnhancerBySpringCGLIB$$dd282e92] is not eligible for getting processed by all BeanPostProcessors (for example: not eligible for auto-proxying)
2018-12-22 13:24:02.251  INFO 11736 --- [           main] trationDelegate$BeanPostProcessorChecker : Bean 'resourceServerProperties' of type [org.springframework.boot.autoconfigure.security.oauth2.resource.ResourceServerProperties] is not eligible for getting processed by all BeanPostProcessors (for example: not eligible for auto-proxying)
2018-12-22 13:24:02.289  INFO 11736 --- [           main] org.zlogic.vogon.web.TomcatConfigurer    : Using keystore C:\Program Files (x86)\Jenkins\workspace\Maven_project\vogon-web\target/vogonweb.keystore with password ********
2018-12-22 13:24:02.303  INFO 11736 --- [           main] s.b.c.e.t.TomcatEmbeddedServletContainer : Tomcat initialized with port(s): 8080 (http) 8443 (https)
2018-12-22 13:24:02.303  INFO 11736 --- [           main] o.apache.catalina.core.StandardService   : Starting service Tomcat
2018-12-22 13:24:02.303  INFO 11736 --- [           main] org.apache.catalina.core.StandardEngine  : Starting Servlet Engine: Apache Tomcat/8.5.14
2018-12-22 13:24:02.337  INFO 11736 --- [ost-startStop-1] org.apache.jasper.servlet.TldScanner     : At least one JAR was scanned for TLDs yet contained no TLDs. Enable debug logging for this logger for a complete list of JARs that were scanned but no TLDs were found in them. Skipping unneeded JARs during scanning can improve startup time and JSP compilation time.
2018-12-22 13:24:02.340  INFO 11736 --- [ost-startStop-1] o.a.c.c.C.[Tomcat-145].[localhost].[/]   : Initializing Spring embedded WebApplicationContext
2018-12-22 13:24:02.340  INFO 11736 --- [ost-startStop-1] o.s.web.context.ContextLoader            : Root WebApplicationContext: initialization completed in 541 ms
2018-12-22 13:24:02.491  INFO 11736 --- [ost-startStop-1] o.s.b.w.servlet.FilterRegistrationBean   : Mapping filter: 'metricsFilter' to: [/*]
2018-12-22 13:24:02.491  INFO 11736 --- [ost-startStop-1] o.s.b.w.servlet.FilterRegistrationBean   : Mapping filter: 'characterEncodingFilter' to: [/*]
2018-12-22 13:24:02.491  INFO 11736 --- [ost-startStop-1] o.s.b.w.servlet.FilterRegistrationBean   : Mapping filter: 'hiddenHttpMethodFilter' to: [/*]
2018-12-22 13:24:02.491  INFO 11736 --- [ost-startStop-1] o.s.b.w.servlet.FilterRegistrationBean   : Mapping filter: 'httpPutFormContentFilter' to: [/*]
2018-12-22 13:24:02.491  INFO 11736 --- [ost-startStop-1] o.s.b.w.servlet.FilterRegistrationBean   : Mapping filter: 'requestContextFilter' to: [/*]
2018-12-22 13:24:02.492  INFO 11736 --- [ost-startStop-1] .s.DelegatingFilterProxyRegistrationBean : Mapping filter: 'springSecurityFilterChain' to: [/*]
2018-12-22 13:24:02.492  INFO 11736 --- [ost-startStop-1] o.s.b.w.servlet.FilterRegistrationBean   : Mapping filter: 'webRequestLoggingFilter' to: [/*]
2018-12-22 13:24:02.492  INFO 11736 --- [ost-startStop-1] o.s.b.w.servlet.FilterRegistrationBean   : Mapping filter: 'applicationContextIdFilter' to: [/*]
2018-12-22 13:24:02.492  INFO 11736 --- [ost-startStop-1] o.s.b.w.servlet.ServletRegistrationBean  : Mapping servlet: 'dispatcherServlet' to [/]
2018-12-22 13:24:02.503  INFO 11736 --- [           main] j.LocalContainerEntityManagerFactoryBean : Building JPA container EntityManagerFactory for persistence unit 'VogonPU'
2018-12-22 13:24:02.503  INFO 11736 --- [           main] o.hibernate.jpa.internal.util.LogHelper  : HHH000204: Processing PersistenceUnitInfo [
	name: VogonPU
	...]
2018-12-22 13:24:02.509  WARN 11736 --- [           main] org.hibernate.orm.connections.pooling    : HHH10001002: Using Hibernate built-in connection pool (not for production use!)
2018-12-22 13:24:02.509  INFO 11736 --- [           main] org.hibernate.orm.connections.pooling    : HHH10001005: using driver [org.h2.Driver] at URL [jdbc:h2:mem:test]
2018-12-22 13:24:02.509  INFO 11736 --- [           main] org.hibernate.orm.connections.pooling    : HHH10001001: Connection properties: {}
2018-12-22 13:24:02.509  INFO 11736 --- [           main] org.hibernate.orm.connections.pooling    : HHH10001003: Autocommit mode: false
2018-12-22 13:24:02.509  INFO 11736 --- [           main] .c.i.DriverManagerConnectionProviderImpl : HHH000115: Hibernate connection pool size: 20 (min=1)
2018-12-22 13:24:02.510  INFO 11736 --- [           main] org.hibernate.dialect.Dialect            : HHH000400: Using dialect: org.hibernate.dialect.H2Dialect
2018-12-22 13:24:02.522  INFO 11736 --- [           main] org.hibernate.orm.connections.access     : HHH10001501: Connection obtained from JdbcConnectionAccess [org.hibernate.engine.jdbc.env.internal.JdbcEnvironmentInitiator$ConnectionProviderJdbcConnectionAccess@5358e820] for (non-JTA) DDL execution was not in auto-commit mode; the Connection 'local transaction' will be committed and the Connection will be set into auto-commit mode.
2018-12-22 13:24:02.541  INFO 11736 --- [           main] j.LocalContainerEntityManagerFactoryBean : Initialized JPA EntityManagerFactory for persistence unit 'VogonPU'
2018-12-22 13:24:02.843  INFO 11736 --- [           main] .s.o.p.e.FrameworkEndpointHandlerMapping : Mapped "{[/oauth/authorize]}" onto public org.springframework.web.servlet.ModelAndView org.springframework.security.oauth2.provider.endpoint.AuthorizationEndpoint.authorize(java.util.Map<java.lang.String, java.lang.Object>,java.util.Map<java.lang.String, java.lang.String>,org.springframework.web.bind.support.SessionStatus,java.security.Principal)
2018-12-22 13:24:02.843  INFO 11736 --- [           main] .s.o.p.e.FrameworkEndpointHandlerMapping : Mapped "{[/oauth/authorize],methods=[POST],params=[user_oauth_approval]}" onto public org.springframework.web.servlet.View org.springframework.security.oauth2.provider.endpoint.AuthorizationEndpoint.approveOrDeny(java.util.Map<java.lang.String, java.lang.String>,java.util.Map<java.lang.String, ?>,org.springframework.web.bind.support.SessionStatus,java.security.Principal)
2018-12-22 13:24:02.844  INFO 11736 --- [           main] .s.o.p.e.FrameworkEndpointHandlerMapping : Mapped "{[/oauth/token],methods=[GET]}" onto public org.springframework.http.ResponseEntity<org.springframework.security.oauth2.common.OAuth2AccessToken> org.springframework.security.oauth2.provider.endpoint.TokenEndpoint.getAccessToken(java.security.Principal,java.util.Map<java.lang.String, java.lang.String>) throws org.springframework.web.HttpRequestMethodNotSupportedException
2018-12-22 13:24:02.844  INFO 11736 --- [           main] .s.o.p.e.FrameworkEndpointHandlerMapping : Mapped "{[/oauth/token],methods=[POST]}" onto public org.springframework.http.ResponseEntity<org.springframework.security.oauth2.common.OAuth2AccessToken> org.springframework.security.oauth2.provider.endpoint.TokenEndpoint.postAccessToken(java.security.Principal,java.util.Map<java.lang.String, java.lang.String>) throws org.springframework.web.HttpRequestMethodNotSupportedException
2018-12-22 13:24:02.844  INFO 11736 --- [           main] .s.o.p.e.FrameworkEndpointHandlerMapping : Mapped "{[/oauth/check_token]}" onto public java.util.Map<java.lang.String, ?> org.springframework.security.oauth2.provider.endpoint.CheckTokenEndpoint.checkToken(java.lang.String)
2018-12-22 13:24:02.844  INFO 11736 --- [           main] .s.o.p.e.FrameworkEndpointHandlerMapping : Mapped "{[/oauth/confirm_access]}" onto public org.springframework.web.servlet.ModelAndView org.springframework.security.oauth2.provider.endpoint.WhitelabelApprovalEndpoint.getAccessConfirmation(java.util.Map<java.lang.String, java.lang.Object>,javax.servlet.http.HttpServletRequest) throws java.lang.Exception
2018-12-22 13:24:02.844  INFO 11736 --- [           main] .s.o.p.e.FrameworkEndpointHandlerMapping : Mapped "{[/oauth/error]}" onto public org.springframework.web.servlet.ModelAndView org.springframework.security.oauth2.provider.endpoint.WhitelabelErrorEndpoint.handleError(javax.servlet.http.HttpServletRequest)
2018-12-22 13:24:03.017  INFO 11736 --- [           main] o.s.s.web.DefaultSecurityFilterChain     : Creating filter chain: OrRequestMatcher [requestMatchers=[Ant [pattern='/oauth/token'], Ant [pattern='/oauth/token_key'], Ant [pattern='/oauth/check_token']]], [org.springframework.security.web.context.request.async.WebAsyncManagerIntegrationFilter@1846c7e7, org.springframework.security.web.context.SecurityContextPersistenceFilter@7afdcfa5, org.springframework.security.web.header.HeaderWriterFilter@7b726230, org.springframework.security.web.authentication.logout.LogoutFilter@60474a11, org.springframework.security.oauth2.provider.client.ClientCredentialsTokenEndpointFilter@558fdb8a, org.springframework.security.web.authentication.www.BasicAuthenticationFilter@72a39641, org.springframework.security.web.savedrequest.RequestCacheAwareFilter@3e2639af, org.springframework.security.web.servletapi.SecurityContextHolderAwareRequestFilter@56adbfb9, org.springframework.security.web.authentication.AnonymousAuthenticationFilter@2473a5e0, org.springframework.security.web.session.SessionManagementFilter@4c6434e, org.springframework.security.web.access.ExceptionTranslationFilter@136aeea3, org.springframework.security.web.access.intercept.FilterSecurityInterceptor@7500de4e]
2018-12-22 13:24:03.017  INFO 11736 --- [           main] o.s.s.web.DefaultSecurityFilterChain     : Creating filter chain: org.springframework.boot.actuate.autoconfigure.ManagementWebSecurityAutoConfiguration$LazyEndpointPathRequestMatcher@66deffb6, [org.springframework.security.web.context.request.async.WebAsyncManagerIntegrationFilter@63ff23df, org.springframework.security.web.context.SecurityContextPersistenceFilter@2e641eca, org.springframework.security.web.header.HeaderWriterFilter@2ad5eaa0, org.springframework.security.web.authentication.logout.LogoutFilter@5deeb47d, org.springframework.security.web.authentication.www.BasicAuthenticationFilter@1393fde8, org.springframework.security.web.savedrequest.RequestCacheAwareFilter@3a9309a8, org.springframework.security.web.servletapi.SecurityContextHolderAwareRequestFilter@3f1664b0, org.springframework.security.web.authentication.AnonymousAuthenticationFilter@545cde9a, org.springframework.security.web.session.SessionManagementFilter@4cf5dde2, org.springframework.security.web.access.ExceptionTranslationFilter@7cad19cf, org.springframework.security.web.access.intercept.FilterSecurityInterceptor@67fa1ddf]
2018-12-22 13:24:03.048  INFO 11736 --- [           main] o.s.s.w.a.c.ChannelProcessingFilter      : Validated configuration attributes
2018-12-22 13:24:03.052  INFO 11736 --- [           main] o.s.s.web.DefaultSecurityFilterChain     : Creating filter chain: org.springframework.security.oauth2.config.annotation.web.configuration.ResourceServerConfiguration$NotOAuthRequestMatcher@50209d45, [org.springframework.security.web.access.channel.ChannelProcessingFilter@753ebeba, org.springframework.security.web.context.request.async.WebAsyncManagerIntegrationFilter@65176896, org.springframework.security.web.context.SecurityContextPersistenceFilter@57e9a483, org.springframework.security.web.header.HeaderWriterFilter@1a602cc3, org.springframework.security.web.authentication.logout.LogoutFilter@7f2c4a72, org.springframework.security.oauth2.provider.authentication.OAuth2AuthenticationProcessingFilter@4d6987c1, org.springframework.security.web.savedrequest.RequestCacheAwareFilter@33f9e24d, org.springframework.security.web.servletapi.SecurityContextHolderAwareRequestFilter@2864c6c5, org.springframework.security.web.authentication.AnonymousAuthenticationFilter@df0f65a, org.springframework.security.web.session.SessionManagementFilter@46a7ead, org.springframework.security.web.access.ExceptionTranslationFilter@63f0e08b, org.springframework.security.web.access.intercept.FilterSecurityInterceptor@32d9c556]
2018-12-22 13:24:03.133  INFO 11736 --- [           main] s.w.s.m.m.a.RequestMappingHandlerAdapter : Looking for @ControllerAdvice: org.springframework.boot.context.embedded.AnnotationConfigEmbeddedWebApplicationContext@1922d65c: startup date [Sat Dec 22 13:24:01 IST 2018]; root of context hierarchy
2018-12-22 13:24:03.146  INFO 11736 --- [           main] s.w.s.m.m.a.RequestMappingHandlerMapping : Mapped "{[/service/accounts],methods=[GET],produces=[application/json]}" onto public java.util.Collection<org.zlogic.vogon.data.FinanceAccount> org.zlogic.vogon.web.controller.AccountsController.getAllAccounts(org.zlogic.vogon.web.security.VogonSecurityUser)
2018-12-22 13:24:03.146  INFO 11736 --- [           main] s.w.s.m.m.a.RequestMappingHandlerMapping : Mapped "{[/service/accounts],methods=[POST],produces=[application/json]}" onto public java.util.Collection<org.zlogic.vogon.data.FinanceAccount> org.zlogic.vogon.web.controller.AccountsController.updateAccounts(java.util.Collection<org.zlogic.vogon.data.FinanceAccount>,org.zlogic.vogon.web.security.VogonSecurityUser)
2018-12-22 13:24:03.146  INFO 11736 --- [           main] s.w.s.m.m.a.RequestMappingHandlerMapping : Mapped "{[/service/analytics/tags],methods=[GET],produces=[application/json]}" onto public java.util.Set<java.lang.String> org.zlogic.vogon.web.controller.AnalyticsController.getAllTags(org.zlogic.vogon.web.security.VogonSecurityUser)
2018-12-22 13:24:03.146  INFO 11736 --- [           main] s.w.s.m.m.a.RequestMappingHandlerMapping : Mapped "{[/service/analytics],methods=[POST],produces=[application/json]}" onto public java.util.Map<java.lang.String, org.zlogic.vogon.data.report.Report> org.zlogic.vogon.web.controller.AnalyticsController.getReport(org.zlogic.vogon.data.report.ReportFactory,org.zlogic.vogon.web.security.VogonSecurityUser)
2018-12-22 13:24:03.146  INFO 11736 --- [           main] s.w.s.m.m.a.RequestMappingHandlerMapping : Mapped "{[/service/currencies],methods=[GET],produces=[application/json]}" onto public java.util.Collection<org.zlogic.vogon.web.data.model.CurrencyDetails> org.zlogic.vogon.web.controller.CurrenciesController.getAllCurrencies()
2018-12-22 13:24:03.146  INFO 11736 --- [           main] s.w.s.m.m.a.RequestMappingHandlerMapping : Mapped "{[/service/export],methods=[GET || POST]}" onto public org.springframework.http.HttpEntity<byte[]> org.zlogic.vogon.web.controller.DataController.exportDataJSON(org.zlogic.vogon.web.security.VogonSecurityUser) throws java.lang.RuntimeException
2018-12-22 13:24:03.146  INFO 11736 --- [           main] s.w.s.m.m.a.RequestMappingHandlerMapping : Mapped "{[/service/import],methods=[POST],consumes=[multipart/form-data],produces=[application/json]}" onto public java.lang.Boolean org.zlogic.vogon.web.controller.DataController.importData(org.springframework.web.multipart.MultipartFile,org.zlogic.vogon.web.security.VogonSecurityUser) throws java.lang.RuntimeException
2018-12-22 13:24:03.146  INFO 11736 --- [           main] s.w.s.m.m.a.RequestMappingHandlerMapping : Mapped "{[/fragments/{fragment}.fragment]}" onto public org.springframework.web.servlet.ModelAndView org.zlogic.vogon.web.controller.JspController.fragmentModelAndView(java.lang.String)
2018-12-22 13:24:03.146  INFO 11736 --- [           main] s.w.s.m.m.a.RequestMappingHandlerMapping : Mapped "{[/]}" onto public org.springframework.web.servlet.ModelAndView org.zlogic.vogon.web.controller.JspController.indexModelAndView()
2018-12-22 13:24:03.147  INFO 11736 --- [           main] s.w.s.m.m.a.RequestMappingHandlerMapping : Mapped "{[/oauth/logout],methods=[POST]}" onto public void org.zlogic.vogon.web.controller.LogoutController.logout(org.springframework.security.oauth2.provider.OAuth2Authentication) throws org.zlogic.vogon.web.security.UsernameExistsException
2018-12-22 13:24:03.147  INFO 11736 --- [           main] s.w.s.m.m.a.RequestMappingHandlerMapping : Mapped "{[/register],methods=[POST],produces=[application/json]}" onto public org.zlogic.vogon.data.VogonUser org.zlogic.vogon.web.controller.RegistrationController.register(org.zlogic.vogon.data.VogonUser) throws org.zlogic.vogon.web.security.UsernameExistsException
2018-12-22 13:24:03.147  INFO 11736 --- [           main] s.w.s.m.m.a.RequestMappingHandlerMapping : Mapped "{[/service/transactions/transaction/{id}],methods=[GET],produces=[application/json]}" onto public org.zlogic.vogon.web.data.model.FinanceTransactionJson org.zlogic.vogon.web.controller.TransactionsController.getTransaction(long,org.zlogic.vogon.web.security.VogonSecurityUser)
2018-12-22 13:24:03.147  INFO 11736 --- [           main] s.w.s.m.m.a.RequestMappingHandlerMapping : Mapped "{[/service/transactions],methods=[GET],produces=[application/json]}" onto public java.util.Collection<org.zlogic.vogon.web.data.model.FinanceTransactionJson> org.zlogic.vogon.web.controller.TransactionsController.getTransactions(java.lang.Integer,org.zlogic.vogon.web.controller.TransactionsController$SortColumn,org.springframework.data.domain.Sort$Direction,java.lang.String,java.util.Date,java.util.Collection<java.lang.String>,org.zlogic.vogon.web.security.VogonSecurityUser)
2018-12-22 13:24:03.147  INFO 11736 --- [           main] s.w.s.m.m.a.RequestMappingHandlerMapping : Mapped "{[/service/transactions],methods=[POST],produces=[application/json]}" onto public org.zlogic.vogon.web.data.model.FinanceTransactionJson org.zlogic.vogon.web.controller.TransactionsController.submitTransaction(org.zlogic.vogon.web.data.model.FinanceTransactionJson,org.zlogic.vogon.web.security.VogonSecurityUser)
2018-12-22 13:24:03.147  INFO 11736 --- [           main] s.w.s.m.m.a.RequestMappingHandlerMapping : Mapped "{[/service/transactions/pages],methods=[GET],produces=[application/json]}" onto public long org.zlogic.vogon.web.controller.TransactionsController.getTransactionsCount(org.zlogic.vogon.web.security.VogonSecurityUser)
2018-12-22 13:24:03.147  INFO 11736 --- [           main] s.w.s.m.m.a.RequestMappingHandlerMapping : Mapped "{[/service/transactions/transaction/{id}],methods=[DELETE],produces=[application/json]}" onto public org.zlogic.vogon.web.data.model.FinanceTransactionJson org.zlogic.vogon.web.controller.TransactionsController.deleteTransaction(long,org.zlogic.vogon.web.security.VogonSecurityUser)
2018-12-22 13:24:03.147  INFO 11736 --- [           main] s.w.s.m.m.a.RequestMappingHandlerMapping : Mapped "{[/service/user],methods=[POST],produces=[application/json]}" onto public org.zlogic.vogon.data.VogonUser org.zlogic.vogon.web.controller.UsersController.submitUser(org.zlogic.vogon.data.VogonUser,org.zlogic.vogon.web.security.VogonSecurityUser) throws org.zlogic.vogon.web.security.UsernameExistsException
2018-12-22 13:24:03.147  INFO 11736 --- [           main] s.w.s.m.m.a.RequestMappingHandlerMapping : Mapped "{[/service/user],methods=[GET],produces=[application/json]}" onto public org.zlogic.vogon.data.VogonUser org.zlogic.vogon.web.controller.UsersController.getUserData(org.zlogic.vogon.web.security.VogonSecurityUser)
2018-12-22 13:24:03.148  INFO 11736 --- [           main] s.w.s.m.m.a.RequestMappingHandlerMapping : Mapped "{[/error]}" onto public org.springframework.http.ResponseEntity<java.util.Map<java.lang.String, java.lang.Object>> org.springframework.boot.autoconfigure.web.BasicErrorController.error(javax.servlet.http.HttpServletRequest)
2018-12-22 13:24:03.148  INFO 11736 --- [           main] s.w.s.m.m.a.RequestMappingHandlerMapping : Mapped "{[/error],produces=[text/html]}" onto public org.springframework.web.servlet.ModelAndView org.springframework.boot.autoconfigure.web.BasicErrorController.errorHtml(javax.servlet.http.HttpServletRequest,javax.servlet.http.HttpServletResponse)
2018-12-22 13:24:03.164  INFO 11736 --- [           main] o.s.w.s.handler.SimpleUrlHandlerMapping  : Root mapping to handler of type [class org.springframework.web.servlet.mvc.ParameterizableViewController]
2018-12-22 13:24:03.327  INFO 11736 --- [           main] o.s.w.s.handler.SimpleUrlHandlerMapping  : Mapped URL path [/webjars/**] onto handler of type [class org.springframework.web.servlet.resource.ResourceHttpRequestHandler]
2018-12-22 13:24:03.327  INFO 11736 --- [           main] o.s.w.s.handler.SimpleUrlHandlerMapping  : Mapped URL path [/**] onto handler of type [class org.springframework.web.servlet.resource.ResourceHttpRequestHandler]
2018-12-22 13:24:03.329  INFO 11736 --- [           main] o.s.w.s.handler.SimpleUrlHandlerMapping  : Mapped URL path [/**] onto handler of type [class org.springframework.web.servlet.resource.DefaultServletHttpRequestHandler]
2018-12-22 13:24:03.348  INFO 11736 --- [           main] o.s.w.s.handler.SimpleUrlHandlerMapping  : Mapped URL path [/**/favicon.ico] onto handler of type [class org.springframework.web.servlet.resource.ResourceHttpRequestHandler]
2018-12-22 13:24:03.530  INFO 11736 --- [           main] o.s.b.a.e.mvc.EndpointHandlerMapping     : Mapped "{[/info || /info.json],methods=[GET],produces=[application/vnd.spring-boot.actuator.v1+json || application/json]}" onto public java.lang.Object org.springframework.boot.actuate.endpoint.mvc.EndpointMvcAdapter.invoke()
2018-12-22 13:24:03.531  INFO 11736 --- [           main] o.s.b.a.e.mvc.EndpointHandlerMapping     : Mapped "{[/env/{name:.*}],methods=[GET],produces=[application/vnd.spring-boot.actuator.v1+json || application/json]}" onto public java.lang.Object org.springframework.boot.actuate.endpoint.mvc.EnvironmentMvcEndpoint.value(java.lang.String)
2018-12-22 13:24:03.531  INFO 11736 --- [           main] o.s.b.a.e.mvc.EndpointHandlerMapping     : Mapped "{[/env || /env.json],methods=[GET],produces=[application/vnd.spring-boot.actuator.v1+json || application/json]}" onto public java.lang.Object org.springframework.boot.actuate.endpoint.mvc.EndpointMvcAdapter.invoke()
2018-12-22 13:24:03.531  INFO 11736 --- [           main] o.s.b.a.e.mvc.EndpointHandlerMapping     : Mapped "{[/loggers/{name:.*}],methods=[GET],produces=[application/vnd.spring-boot.actuator.v1+json || application/json]}" onto public java.lang.Object org.springframework.boot.actuate.endpoint.mvc.LoggersMvcEndpoint.get(java.lang.String)
2018-12-22 13:24:03.531  INFO 11736 --- [           main] o.s.b.a.e.mvc.EndpointHandlerMapping     : Mapped "{[/loggers/{name:.*}],methods=[POST],consumes=[application/vnd.spring-boot.actuator.v1+json || application/json],produces=[application/vnd.spring-boot.actuator.v1+json || application/json]}" onto public java.lang.Object org.springframework.boot.actuate.endpoint.mvc.LoggersMvcEndpoint.set(java.lang.String,java.util.Map<java.lang.String, java.lang.String>)
2018-12-22 13:24:03.531  INFO 11736 --- [           main] o.s.b.a.e.mvc.EndpointHandlerMapping     : Mapped "{[/loggers || /loggers.json],methods=[GET],produces=[application/vnd.spring-boot.actuator.v1+json || application/json]}" onto public java.lang.Object org.springframework.boot.actuate.endpoint.mvc.EndpointMvcAdapter.invoke()
2018-12-22 13:24:03.531  INFO 11736 --- [           main] o.s.b.a.e.mvc.EndpointHandlerMapping     : Mapped "{[/auditevents || /auditevents.json],methods=[GET],produces=[application/vnd.spring-boot.actuator.v1+json || application/json]}" onto public org.springframework.http.ResponseEntity<?> org.springframework.boot.actuate.endpoint.mvc.AuditEventsMvcEndpoint.findByPrincipalAndAfterAndType(java.lang.String,java.util.Date,java.lang.String)
2018-12-22 13:24:03.531  INFO 11736 --- [           main] o.s.b.a.e.mvc.EndpointHandlerMapping     : Mapped "{[/beans || /beans.json],methods=[GET],produces=[application/vnd.spring-boot.actuator.v1+json || application/json]}" onto public java.lang.Object org.springframework.boot.actuate.endpoint.mvc.EndpointMvcAdapter.invoke()
2018-12-22 13:24:03.531  INFO 11736 --- [           main] o.s.b.a.e.mvc.EndpointHandlerMapping     : Mapped "{[/trace || /trace.json],methods=[GET],produces=[application/vnd.spring-boot.actuator.v1+json || application/json]}" onto public java.lang.Object org.springframework.boot.actuate.endpoint.mvc.EndpointMvcAdapter.invoke()
2018-12-22 13:24:03.532  INFO 11736 --- [           main] o.s.b.a.e.mvc.EndpointHandlerMapping     : Mapped "{[/dump || /dump.json],methods=[GET],produces=[application/vnd.spring-boot.actuator.v1+json || application/json]}" onto public java.lang.Object org.springframework.boot.actuate.endpoint.mvc.EndpointMvcAdapter.invoke()
2018-12-22 13:24:03.532  INFO 11736 --- [           main] o.s.b.a.e.mvc.EndpointHandlerMapping     : Mapped "{[/heapdump || /heapdump.json],methods=[GET],produces=[application/octet-stream]}" onto public void org.springframework.boot.actuate.endpoint.mvc.HeapdumpMvcEndpoint.invoke(boolean,javax.servlet.http.HttpServletRequest,javax.servlet.http.HttpServletResponse) throws java.io.IOException,javax.servlet.ServletException
2018-12-22 13:24:03.532  INFO 11736 --- [           main] o.s.b.a.e.mvc.EndpointHandlerMapping     : Mapped "{[/configprops || /configprops.json],methods=[GET],produces=[application/vnd.spring-boot.actuator.v1+json || application/json]}" onto public java.lang.Object org.springframework.boot.actuate.endpoint.mvc.EndpointMvcAdapter.invoke()
2018-12-22 13:24:03.532  INFO 11736 --- [           main] o.s.b.a.e.mvc.EndpointHandlerMapping     : Mapped "{[/autoconfig || /autoconfig.json],methods=[GET],produces=[application/vnd.spring-boot.actuator.v1+json || application/json]}" onto public java.lang.Object org.springframework.boot.actuate.endpoint.mvc.EndpointMvcAdapter.invoke()
2018-12-22 13:24:03.532  INFO 11736 --- [           main] o.s.b.a.e.mvc.EndpointHandlerMapping     : Mapped "{[/mappings || /mappings.json],methods=[GET],produces=[application/vnd.spring-boot.actuator.v1+json || application/json]}" onto public java.lang.Object org.springframework.boot.actuate.endpoint.mvc.EndpointMvcAdapter.invoke()
2018-12-22 13:24:03.532  INFO 11736 --- [           main] o.s.b.a.e.mvc.EndpointHandlerMapping     : Mapped "{[/metrics/{name:.*}],methods=[GET],produces=[application/vnd.spring-boot.actuator.v1+json || application/json]}" onto public java.lang.Object org.springframework.boot.actuate.endpoint.mvc.MetricsMvcEndpoint.value(java.lang.String)
2018-12-22 13:24:03.532  INFO 11736 --- [           main] o.s.b.a.e.mvc.EndpointHandlerMapping     : Mapped "{[/metrics || /metrics.json],methods=[GET],produces=[application/vnd.spring-boot.actuator.v1+json || application/json]}" onto public java.lang.Object org.springframework.boot.actuate.endpoint.mvc.EndpointMvcAdapter.invoke()
2018-12-22 13:24:03.533  INFO 11736 --- [           main] o.s.b.a.e.mvc.EndpointHandlerMapping     : Mapped "{[/health || /health.json],methods=[GET],produces=[application/vnd.spring-boot.actuator.v1+json || application/json]}" onto public java.lang.Object org.springframework.boot.actuate.endpoint.mvc.HealthMvcEndpoint.invoke(javax.servlet.http.HttpServletRequest,java.security.Principal)
2018-12-22 13:24:03.628 ERROR 11736 --- [           main] o.a.coyote.http11.Http11NioProtocol      : Failed to start end point associated with ProtocolHandler ["http-nio-8080"]

java.net.BindException: Address already in use: bind
	at sun.nio.ch.Net.bind0(Native Method) ~[na:1.8.0_191]
	at sun.nio.ch.Net.bind(Net.java:433) ~[na:1.8.0_191]
	at sun.nio.ch.Net.bind(Net.java:425) ~[na:1.8.0_191]
	at sun.nio.ch.ServerSocketChannelImpl.bind(ServerSocketChannelImpl.java:223) ~[na:1.8.0_191]
	at sun.nio.ch.ServerSocketAdaptor.bind(ServerSocketAdaptor.java:74) ~[na:1.8.0_191]
	at org.apache.tomcat.util.net.NioEndpoint.bind(NioEndpoint.java:210) ~[tomcat-embed-core-8.5.14.jar:8.5.14]
	at org.apache.tomcat.util.net.AbstractEndpoint.start(AbstractEndpoint.java:978) ~[tomcat-embed-core-8.5.14.jar:8.5.14]
	at org.apache.coyote.AbstractProtocol.start(AbstractProtocol.java:628) ~[tomcat-embed-core-8.5.14.jar:8.5.14]
	at org.apache.catalina.connector.Connector.startInternal(Connector.java:993) [tomcat-embed-core-8.5.14.jar:8.5.14]
	at org.apache.catalina.util.LifecycleBase.start(LifecycleBase.java:150) [tomcat-embed-core-8.5.14.jar:8.5.14]
	at org.apache.catalina.core.StandardService.addConnector(StandardService.java:225) [tomcat-embed-core-8.5.14.jar:8.5.14]
	at org.springframework.boot.context.embedded.tomcat.TomcatEmbeddedServletContainer.addPreviouslyRemovedConnectors(TomcatEmbeddedServletContainer.java:247) [spring-boot-1.5.3.RELEASE.jar:1.5.3.RELEASE]
	at org.springframework.boot.context.embedded.tomcat.TomcatEmbeddedServletContainer.start(TomcatEmbeddedServletContainer.java:190) [spring-boot-1.5.3.RELEASE.jar:1.5.3.RELEASE]
	at org.springframework.boot.context.embedded.EmbeddedWebApplicationContext.startEmbeddedServletContainer(EmbeddedWebApplicationContext.java:297) [spring-boot-1.5.3.RELEASE.jar:1.5.3.RELEASE]
	at org.springframework.boot.context.embedded.EmbeddedWebApplicationContext.finishRefresh(EmbeddedWebApplicationContext.java:145) [spring-boot-1.5.3.RELEASE.jar:1.5.3.RELEASE]
	at org.springframework.context.support.AbstractApplicationContext.refresh(AbstractApplicationContext.java:545) [spring-context-4.3.8.RELEASE.jar:4.3.8.RELEASE]
	at org.springframework.boot.context.embedded.EmbeddedWebApplicationContext.refresh(EmbeddedWebApplicationContext.java:122) [spring-boot-1.5.3.RELEASE.jar:1.5.3.RELEASE]
	at org.springframework.boot.SpringApplication.refresh(SpringApplication.java:737) [spring-boot-1.5.3.RELEASE.jar:1.5.3.RELEASE]
	at org.springframework.boot.SpringApplication.refreshContext(SpringApplication.java:370) [spring-boot-1.5.3.RELEASE.jar:1.5.3.RELEASE]
	at org.springframework.boot.SpringApplication.run(SpringApplication.java:314) [spring-boot-1.5.3.RELEASE.jar:1.5.3.RELEASE]
	at org.springframework.boot.test.context.SpringBootContextLoader.loadContext(SpringBootContextLoader.java:120) [spring-boot-test-1.5.3.RELEASE.jar:1.5.3.RELEASE]
	at org.springframework.test.context.cache.DefaultCacheAwareContextLoaderDelegate.loadContextInternal(DefaultCacheAwareContextLoaderDelegate.java:98) [spring-test-4.3.8.RELEASE.jar:4.3.8.RELEASE]
	at org.springframework.test.context.cache.DefaultCacheAwareContextLoaderDelegate.loadContext(DefaultCacheAwareContextLoaderDelegate.java:116) [spring-test-4.3.8.RELEASE.jar:4.3.8.RELEASE]
	at org.springframework.test.context.support.DefaultTestContext.getApplicationContext(DefaultTestContext.java:83) [spring-test-4.3.8.RELEASE.jar:4.3.8.RELEASE]
	at org.springframework.boot.test.autoconfigure.SpringBootDependencyInjectionTestExecutionListener.prepareTestInstance(SpringBootDependencyInjectionTestExecutionListener.java:47) [spring-boot-test-autoconfigure-1.5.3.RELEASE.jar:1.5.3.RELEASE]
	at org.springframework.test.context.TestContextManager.prepareTestInstance(TestContextManager.java:230) [spring-test-4.3.8.RELEASE.jar:4.3.8.RELEASE]
	at org.springframework.test.context.junit4.SpringJUnit4ClassRunner.createTest(SpringJUnit4ClassRunner.java:228) [spring-test-4.3.8.RELEASE.jar:4.3.8.RELEASE]
	at org.springframework.test.context.junit4.SpringJUnit4ClassRunner$1.runReflectiveCall(SpringJUnit4ClassRunner.java:287) [spring-test-4.3.8.RELEASE.jar:4.3.8.RELEASE]
	at org.junit.internal.runners.model.ReflectiveCallable.run(ReflectiveCallable.java:12) [junit-4.12.jar:4.12]
	at org.springframework.test.context.junit4.SpringJUnit4ClassRunner.methodBlock(SpringJUnit4ClassRunner.java:289) [spring-test-4.3.8.RELEASE.jar:4.3.8.RELEASE]
	at org.springframework.test.context.junit4.SpringJUnit4ClassRunner.runChild(SpringJUnit4ClassRunner.java:247) [spring-test-4.3.8.RELEASE.jar:4.3.8.RELEASE]
	at org.springframework.test.context.junit4.SpringJUnit4ClassRunner.runChild(SpringJUnit4ClassRunner.java:94) [spring-test-4.3.8.RELEASE.jar:4.3.8.RELEASE]
	at org.junit.runners.ParentRunner$3.run(ParentRunner.java:290) [junit-4.12.jar:4.12]
	at org.junit.runners.ParentRunner$1.schedule(ParentRunner.java:71) [junit-4.12.jar:4.12]
	at org.junit.runners.ParentRunner.runChildren(ParentRunner.java:288) [junit-4.12.jar:4.12]
	at org.junit.runners.ParentRunner.access$000(ParentRunner.java:58) [junit-4.12.jar:4.12]
	at org.junit.runners.ParentRunner$2.evaluate(ParentRunner.java:268) [junit-4.12.jar:4.12]
	at org.springframework.test.context.junit4.statements.RunBeforeTestClassCallbacks.evaluate(RunBeforeTestClassCallbacks.java:61) [spring-test-4.3.8.RELEASE.jar:4.3.8.RELEASE]
	at org.springframework.test.context.junit4.statements.RunAfterTestClassCallbacks.evaluate(RunAfterTestClassCallbacks.java:70) [spring-test-4.3.8.RELEASE.jar:4.3.8.RELEASE]
	at org.junit.runners.ParentRunner.run(ParentRunner.java:363) [junit-4.12.jar:4.12]
	at org.springframework.test.context.junit4.SpringJUnit4ClassRunner.run(SpringJUnit4ClassRunner.java:191) [spring-test-4.3.8.RELEASE.jar:4.3.8.RELEASE]
	at org.apache.maven.surefire.junit4.JUnit4Provider.execute(JUnit4Provider.java:365) [surefire-junit4-2.20.jar:2.20]
	at org.apache.maven.surefire.junit4.JUnit4Provider.executeWithRerun(JUnit4Provider.java:272) [surefire-junit4-2.20.jar:2.20]
	at org.apache.maven.surefire.junit4.JUnit4Provider.executeTestSet(JUnit4Provider.java:236) [surefire-junit4-2.20.jar:2.20]
	at org.apache.maven.surefire.junit4.JUnit4Provider.invoke(JUnit4Provider.java:159) [surefire-junit4-2.20.jar:2.20]
	at org.apache.maven.surefire.booter.ForkedBooter.invokeProviderInSameClassLoader(ForkedBooter.java:386) [surefire-booter-2.20.jar:2.20]
	at org.apache.maven.surefire.booter.ForkedBooter.runSuitesInProcess(ForkedBooter.java:323) [surefire-booter-2.20.jar:2.20]
	at org.apache.maven.surefire.booter.ForkedBooter.main(ForkedBooter.java:143) [surefire-booter-2.20.jar:2.20]

2018-12-22 13:24:03.629 ERROR 11736 --- [           main] o.apache.catalina.core.StandardService   : Failed to start connector [Connector[HTTP/1.1-8080]]

org.apache.catalina.LifecycleException: Failed to start component [Connector[HTTP/1.1-8080]]
	at org.apache.catalina.util.LifecycleBase.start(LifecycleBase.java:167) ~[tomcat-embed-core-8.5.14.jar:8.5.14]
	at org.apache.catalina.core.StandardService.addConnector(StandardService.java:225) ~[tomcat-embed-core-8.5.14.jar:8.5.14]
	at org.springframework.boot.context.embedded.tomcat.TomcatEmbeddedServletContainer.addPreviouslyRemovedConnectors(TomcatEmbeddedServletContainer.java:247) [spring-boot-1.5.3.RELEASE.jar:1.5.3.RELEASE]
	at org.springframework.boot.context.embedded.tomcat.TomcatEmbeddedServletContainer.start(TomcatEmbeddedServletContainer.java:190) [spring-boot-1.5.3.RELEASE.jar:1.5.3.RELEASE]
	at org.springframework.boot.context.embedded.EmbeddedWebApplicationContext.startEmbeddedServletContainer(EmbeddedWebApplicationContext.java:297) [spring-boot-1.5.3.RELEASE.jar:1.5.3.RELEASE]
	at org.springframework.boot.context.embedded.EmbeddedWebApplicationContext.finishRefresh(EmbeddedWebApplicationContext.java:145) [spring-boot-1.5.3.RELEASE.jar:1.5.3.RELEASE]
	at org.springframework.context.support.AbstractApplicationContext.refresh(AbstractApplicationContext.java:545) [spring-context-4.3.8.RELEASE.jar:4.3.8.RELEASE]
	at org.springframework.boot.context.embedded.EmbeddedWebApplicationContext.refresh(EmbeddedWebApplicationContext.java:122) [spring-boot-1.5.3.RELEASE.jar:1.5.3.RELEASE]
	at org.springframework.boot.SpringApplication.refresh(SpringApplication.java:737) [spring-boot-1.5.3.RELEASE.jar:1.5.3.RELEASE]
	at org.springframework.boot.SpringApplication.refreshContext(SpringApplication.java:370) [spring-boot-1.5.3.RELEASE.jar:1.5.3.RELEASE]
	at org.springframework.boot.SpringApplication.run(SpringApplication.java:314) [spring-boot-1.5.3.RELEASE.jar:1.5.3.RELEASE]
	at org.springframework.boot.test.context.SpringBootContextLoader.loadContext(SpringBootContextLoader.java:120) [spring-boot-test-1.5.3.RELEASE.jar:1.5.3.RELEASE]
	at org.springframework.test.context.cache.DefaultCacheAwareContextLoaderDelegate.loadContextInternal(DefaultCacheAwareContextLoaderDelegate.java:98) [spring-test-4.3.8.RELEASE.jar:4.3.8.RELEASE]
	at org.springframework.test.context.cache.DefaultCacheAwareContextLoaderDelegate.loadContext(DefaultCacheAwareContextLoaderDelegate.java:116) [spring-test-4.3.8.RELEASE.jar:4.3.8.RELEASE]
	at org.springframework.test.context.support.DefaultTestContext.getApplicationContext(DefaultTestContext.java:83) [spring-test-4.3.8.RELEASE.jar:4.3.8.RELEASE]
	at org.springframework.boot.test.autoconfigure.SpringBootDependencyInjectionTestExecutionListener.prepareTestInstance(SpringBootDependencyInjectionTestExecutionListener.java:47) [spring-boot-test-autoconfigure-1.5.3.RELEASE.jar:1.5.3.RELEASE]
	at org.springframework.test.context.TestContextManager.prepareTestInstance(TestContextManager.java:230) [spring-test-4.3.8.RELEASE.jar:4.3.8.RELEASE]
	at org.springframework.test.context.junit4.SpringJUnit4ClassRunner.createTest(SpringJUnit4ClassRunner.java:228) [spring-test-4.3.8.RELEASE.jar:4.3.8.RELEASE]
	at org.springframework.test.context.junit4.SpringJUnit4ClassRunner$1.runReflectiveCall(SpringJUnit4ClassRunner.java:287) [spring-test-4.3.8.RELEASE.jar:4.3.8.RELEASE]
	at org.junit.internal.runners.model.ReflectiveCallable.run(ReflectiveCallable.java:12) [junit-4.12.jar:4.12]
	at org.springframework.test.context.junit4.SpringJUnit4ClassRunner.methodBlock(SpringJUnit4ClassRunner.java:289) [spring-test-4.3.8.RELEASE.jar:4.3.8.RELEASE]
	at org.springframework.test.context.junit4.SpringJUnit4ClassRunner.runChild(SpringJUnit4ClassRunner.java:247) [spring-test-4.3.8.RELEASE.jar:4.3.8.RELEASE]
	at org.springframework.test.context.junit4.SpringJUnit4ClassRunner.runChild(SpringJUnit4ClassRunner.java:94) [spring-test-4.3.8.RELEASE.jar:4.3.8.RELEASE]
	at org.junit.runners.ParentRunner$3.run(ParentRunner.java:290) [junit-4.12.jar:4.12]
	at org.junit.runners.ParentRunner$1.schedule(ParentRunner.java:71) [junit-4.12.jar:4.12]
	at org.junit.runners.ParentRunner.runChildren(ParentRunner.java:288) [junit-4.12.jar:4.12]
	at org.junit.runners.ParentRunner.access$000(ParentRunner.java:58) [junit-4.12.jar:4.12]
	at org.junit.runners.ParentRunner$2.evaluate(ParentRunner.java:268) [junit-4.12.jar:4.12]
	at org.springframework.test.context.junit4.statements.RunBeforeTestClassCallbacks.evaluate(RunBeforeTestClassCallbacks.java:61) [spring-test-4.3.8.RELEASE.jar:4.3.8.RELEASE]
	at org.springframework.test.context.junit4.statements.RunAfterTestClassCallbacks.evaluate(RunAfterTestClassCallbacks.java:70) [spring-test-4.3.8.RELEASE.jar:4.3.8.RELEASE]
	at org.junit.runners.ParentRunner.run(ParentRunner.java:363) [junit-4.12.jar:4.12]
	at org.springframework.test.context.junit4.SpringJUnit4ClassRunner.run(SpringJUnit4ClassRunner.java:191) [spring-test-4.3.8.RELEASE.jar:4.3.8.RELEASE]
	at org.apache.maven.surefire.junit4.JUnit4Provider.execute(JUnit4Provider.java:365) [surefire-junit4-2.20.jar:2.20]
	at org.apache.maven.surefire.junit4.JUnit4Provider.executeWithRerun(JUnit4Provider.java:272) [surefire-junit4-2.20.jar:2.20]
	at org.apache.maven.surefire.junit4.JUnit4Provider.executeTestSet(JUnit4Provider.java:236) [surefire-junit4-2.20.jar:2.20]
	at org.apache.maven.surefire.junit4.JUnit4Provider.invoke(JUnit4Provider.java:159) [surefire-junit4-2.20.jar:2.20]
	at org.apache.maven.surefire.booter.ForkedBooter.invokeProviderInSameClassLoader(ForkedBooter.java:386) [surefire-booter-2.20.jar:2.20]
	at org.apache.maven.surefire.booter.ForkedBooter.runSuitesInProcess(ForkedBooter.java:323) [surefire-booter-2.20.jar:2.20]
	at org.apache.maven.surefire.booter.ForkedBooter.main(ForkedBooter.java:143) [surefire-booter-2.20.jar:2.20]
Caused by: org.apache.catalina.LifecycleException: service.getName(): "Tomcat";  Protocol handler start failed
	at org.apache.catalina.connector.Connector.startInternal(Connector.java:1000) ~[tomcat-embed-core-8.5.14.jar:8.5.14]
	at org.apache.catalina.util.LifecycleBase.start(LifecycleBase.java:150) ~[tomcat-embed-core-8.5.14.jar:8.5.14]
	... 38 common frames omitted
Caused by: java.net.BindException: Address already in use: bind
	at sun.nio.ch.Net.bind0(Native Method) ~[na:1.8.0_191]
	at sun.nio.ch.Net.bind(Net.java:433) ~[na:1.8.0_191]
	at sun.nio.ch.Net.bind(Net.java:425) ~[na:1.8.0_191]
	at sun.nio.ch.ServerSocketChannelImpl.bind(ServerSocketChannelImpl.java:223) ~[na:1.8.0_191]
	at sun.nio.ch.ServerSocketAdaptor.bind(ServerSocketAdaptor.java:74) ~[na:1.8.0_191]
	at org.apache.tomcat.util.net.NioEndpoint.bind(NioEndpoint.java:210) ~[tomcat-embed-core-8.5.14.jar:8.5.14]
	at org.apache.tomcat.util.net.AbstractEndpoint.start(AbstractEndpoint.java:978) ~[tomcat-embed-core-8.5.14.jar:8.5.14]
	at org.apache.coyote.AbstractProtocol.start(AbstractProtocol.java:628) ~[tomcat-embed-core-8.5.14.jar:8.5.14]
	at org.apache.catalina.connector.Connector.startInternal(Connector.java:993) ~[tomcat-embed-core-8.5.14.jar:8.5.14]
	... 39 common frames omitted

2018-12-22 13:24:03.810  INFO 11736 --- [           main] o.apache.catalina.core.StandardService   : Stopping service Tomcat
2018-12-22 13:24:03.821  INFO 11736 --- [           main] utoConfigurationReportLoggingInitializer : 

Error starting ApplicationContext. To display the auto-configuration report re-run your application with 'debug' enabled.
2018-12-22 13:24:03.825 ERROR 11736 --- [           main] o.s.b.d.LoggingFailureAnalysisReporter   : 

***************************
APPLICATION FAILED TO START
***************************

Description:

The Tomcat connector configured to listen on port 8080 failed to start. The port may already be in use or the connector may be misconfigured.

Action:

Verify the connector's configuration, identify and stop any process that's listening on port 8080, or configure this application to listen on another port.

2018-12-22 13:24:03.825  INFO 11736 --- [           main] ationConfigEmbeddedWebApplicationContext : Closing org.springframework.boot.context.embedded.AnnotationConfigEmbeddedWebApplicationContext@1922d65c: startup date [Sat Dec 22 13:24:01 IST 2018]; root of context hierarchy
2018-12-22 13:24:03.828  INFO 11736 --- [           main] o.z.vogon.web.PersistenceConfiguration   : Unloading JDBC drivers
2018-12-22 13:24:03.829  INFO 11736 --- [           main] j.LocalContainerEntityManagerFactoryBean : Closing JPA EntityManagerFactory for persistence unit 'VogonPU'
2018-12-22 13:24:03.829  INFO 11736 --- [           main] org.hibernate.orm.connections.pooling    : HHH10001008: Cleaning up connection pool [jdbc:h2:mem:test]
2018-12-22 13:24:03.831 ERROR 11736 --- [           main] o.s.test.context.TestContextManager      : Caught exception while allowing TestExecutionListener [org.springframework.boot.test.autoconfigure.SpringBootDependencyInjectionTestExecutionListener@482cd077] to prepare test instance [org.zlogic.vogon.web.TransactionsControllerWriteTest@3ea344c6]

java.lang.IllegalStateException: Failed to load ApplicationContext
	at org.springframework.test.context.cache.DefaultCacheAwareContextLoaderDelegate.loadContext(DefaultCacheAwareContextLoaderDelegate.java:124) ~[spring-test-4.3.8.RELEASE.jar:4.3.8.RELEASE]
	at org.springframework.test.context.support.DefaultTestContext.getApplicationContext(DefaultTestContext.java:83) ~[spring-test-4.3.8.RELEASE.jar:4.3.8.RELEASE]
	at org.springframework.boot.test.autoconfigure.SpringBootDependencyInjectionTestExecutionListener.prepareTestInstance(SpringBootDependencyInjectionTestExecutionListener.java:47) ~[spring-boot-test-autoconfigure-1.5.3.RELEASE.jar:1.5.3.RELEASE]
	at org.springframework.test.context.TestContextManager.prepareTestInstance(TestContextManager.java:230) ~[spring-test-4.3.8.RELEASE.jar:4.3.8.RELEASE]
	at org.springframework.test.context.junit4.SpringJUnit4ClassRunner.createTest(SpringJUnit4ClassRunner.java:228) [spring-test-4.3.8.RELEASE.jar:4.3.8.RELEASE]
	at org.springframework.test.context.junit4.SpringJUnit4ClassRunner$1.runReflectiveCall(SpringJUnit4ClassRunner.java:287) [spring-test-4.3.8.RELEASE.jar:4.3.8.RELEASE]
	at org.junit.internal.runners.model.ReflectiveCallable.run(ReflectiveCallable.java:12) [junit-4.12.jar:4.12]
	at org.springframework.test.context.junit4.SpringJUnit4ClassRunner.methodBlock(SpringJUnit4ClassRunner.java:289) [spring-test-4.3.8.RELEASE.jar:4.3.8.RELEASE]
	at org.springframework.test.context.junit4.SpringJUnit4ClassRunner.runChild(SpringJUnit4ClassRunner.java:247) [spring-test-4.3.8.RELEASE.jar:4.3.8.RELEASE]
	at org.springframework.test.context.junit4.SpringJUnit4ClassRunner.runChild(SpringJUnit4ClassRunner.java:94) [spring-test-4.3.8.RELEASE.jar:4.3.8.RELEASE]
	at org.junit.runners.ParentRunner$3.run(ParentRunner.java:290) [junit-4.12.jar:4.12]
	at org.junit.runners.ParentRunner$1.schedule(ParentRunner.java:71) [junit-4.12.jar:4.12]
	at org.junit.runners.ParentRunner.runChildren(ParentRunner.java:288) [junit-4.12.jar:4.12]
	at org.junit.runners.ParentRunner.access$000(ParentRunner.java:58) [junit-4.12.jar:4.12]
	at org.junit.runners.ParentRunner$2.evaluate(ParentRunner.java:268) [junit-4.12.jar:4.12]
	at org.springframework.test.context.junit4.statements.RunBeforeTestClassCallbacks.evaluate(RunBeforeTestClassCallbacks.java:61) [spring-test-4.3.8.RELEASE.jar:4.3.8.RELEASE]
	at org.springframework.test.context.junit4.statements.RunAfterTestClassCallbacks.evaluate(RunAfterTestClassCallbacks.java:70) [spring-test-4.3.8.RELEASE.jar:4.3.8.RELEASE]
	at org.junit.runners.ParentRunner.run(ParentRunner.java:363) [junit-4.12.jar:4.12]
	at org.springframework.test.context.junit4.SpringJUnit4ClassRunner.run(SpringJUnit4ClassRunner.java:191) [spring-test-4.3.8.RELEASE.jar:4.3.8.RELEASE]
	at org.apache.maven.surefire.junit4.JUnit4Provider.execute(JUnit4Provider.java:365) [surefire-junit4-2.20.jar:2.20]
	at org.apache.maven.surefire.junit4.JUnit4Provider.executeWithRerun(JUnit4Provider.java:272) [surefire-junit4-2.20.jar:2.20]
	at org.apache.maven.surefire.junit4.JUnit4Provider.executeTestSet(JUnit4Provider.java:236) [surefire-junit4-2.20.jar:2.20]
	at org.apache.maven.surefire.junit4.JUnit4Provider.invoke(JUnit4Provider.java:159) [surefire-junit4-2.20.jar:2.20]
	at org.apache.maven.surefire.booter.ForkedBooter.invokeProviderInSameClassLoader(ForkedBooter.java:386) [surefire-booter-2.20.jar:2.20]
	at org.apache.maven.surefire.booter.ForkedBooter.runSuitesInProcess(ForkedBooter.java:323) [surefire-booter-2.20.jar:2.20]
	at org.apache.maven.surefire.booter.ForkedBooter.main(ForkedBooter.java:143) [surefire-booter-2.20.jar:2.20]
Caused by: org.springframework.boot.context.embedded.tomcat.ConnectorStartFailedException: Connector configured to listen on port 8080 failed to start
	at org.springframework.boot.context.embedded.tomcat.TomcatEmbeddedServletContainer.checkThatConnectorsHaveStarted(TomcatEmbeddedServletContainer.java:219) ~[spring-boot-1.5.3.RELEASE.jar:1.5.3.RELEASE]
	at org.springframework.boot.context.embedded.tomcat.TomcatEmbeddedServletContainer.start(TomcatEmbeddedServletContainer.java:195) ~[spring-boot-1.5.3.RELEASE.jar:1.5.3.RELEASE]
	at org.springframework.boot.context.embedded.EmbeddedWebApplicationContext.startEmbeddedServletContainer(EmbeddedWebApplicationContext.java:297) ~[spring-boot-1.5.3.RELEASE.jar:1.5.3.RELEASE]
	at org.springframework.boot.context.embedded.EmbeddedWebApplicationContext.finishRefresh(EmbeddedWebApplicationContext.java:145) ~[spring-boot-1.5.3.RELEASE.jar:1.5.3.RELEASE]
	at org.springframework.context.support.AbstractApplicationContext.refresh(AbstractApplicationContext.java:545) ~[spring-context-4.3.8.RELEASE.jar:4.3.8.RELEASE]
	at org.springframework.boot.context.embedded.EmbeddedWebApplicationContext.refresh(EmbeddedWebApplicationContext.java:122) ~[spring-boot-1.5.3.RELEASE.jar:1.5.3.RELEASE]
	at org.springframework.boot.SpringApplication.refresh(SpringApplication.java:737) ~[spring-boot-1.5.3.RELEASE.jar:1.5.3.RELEASE]
	at org.springframework.boot.SpringApplication.refreshContext(SpringApplication.java:370) ~[spring-boot-1.5.3.RELEASE.jar:1.5.3.RELEASE]
	at org.springframework.boot.SpringApplication.run(SpringApplication.java:314) ~[spring-boot-1.5.3.RELEASE.jar:1.5.3.RELEASE]
	at org.springframework.boot.test.context.SpringBootContextLoader.loadContext(SpringBootContextLoader.java:120) ~[spring-boot-test-1.5.3.RELEASE.jar:1.5.3.RELEASE]
	at org.springframework.test.context.cache.DefaultCacheAwareContextLoaderDelegate.loadContextInternal(DefaultCacheAwareContextLoaderDelegate.java:98) ~[spring-test-4.3.8.RELEASE.jar:4.3.8.RELEASE]
	at org.springframework.test.context.cache.DefaultCacheAwareContextLoaderDelegate.loadContext(DefaultCacheAwareContextLoaderDelegate.java:116) ~[spring-test-4.3.8.RELEASE.jar:4.3.8.RELEASE]
	... 25 common frames omitted

]]></system-out>
  </testcase>
  <testcase name="testCreateTransaction" classname="org.zlogic.vogon.web.TransactionsControllerWriteTest" time="0">
    <error message="Failed to load ApplicationContext" type="java.lang.IllegalStateException">java.lang.IllegalStateException: Failed to load ApplicationContext
Caused by: org.springframework.boot.context.embedded.tomcat.ConnectorStartFailedException: Connector configured to listen on port 8080 failed to start
</error>
    <system-out><![CDATA[
  .   ____          _            __ _ _
 /\\ / ___'_ __ _ _(_)_ __  __ _ \ \ \ \
( ( )\___ | '_ | '_| | '_ \/ _` | \ \ \ \
 \\/  ___)| |_)| | | | | || (_| |  ) ) ) )
  '  |____| .__|_| |_|_| |_\__, | / / / /
 =========|_|==============|___/=/_/_/_/
 :: Spring Boot ::        (v1.5.3.RELEASE)

2018-12-22 13:24:03.888  INFO 11736 --- [           main] o.z.v.w.TransactionsControllerWriteTest  : Starting TransactionsControllerWriteTest on GOPAL with PID 11736 (started by GOPAL$ in C:\Program Files (x86)\Jenkins\workspace\Maven_project\vogon-web)
2018-12-22 13:24:03.888  INFO 11736 --- [           main] o.z.v.w.TransactionsControllerWriteTest  : No active profile set, falling back to default profiles: default
2018-12-22 13:24:03.891  INFO 11736 --- [           main] ationConfigEmbeddedWebApplicationContext : Refreshing org.springframework.boot.context.embedded.AnnotationConfigEmbeddedWebApplicationContext@8b55f3b: startup date [Sat Dec 22 13:24:03 IST 2018]; root of context hierarchy
2018-12-22 13:24:04.179  INFO 11736 --- [           main] o.s.b.f.s.DefaultListableBeanFactory     : Overriding bean definition for bean 'entityManagerFactory' with a different definition: replacing [Root bean: class [null]; scope=; abstract=false; lazyInit=false; autowireMode=3; dependencyCheck=0; autowireCandidate=true; primary=false; factoryBeanName=persistenceConfiguration; factoryMethodName=entityManagerFactory; initMethodName=null; destroyMethodName=(inferred); defined in class path resource [org/zlogic/vogon/web/PersistenceConfiguration.class]] with [Root bean: class [null]; scope=; abstract=false; lazyInit=false; autowireMode=3; dependencyCheck=0; autowireCandidate=true; primary=false; factoryBeanName=databaseConfiguration; factoryMethodName=entityManagerFactory; initMethodName=null; destroyMethodName=(inferred); defined in org.zlogic.vogon.web.DatabaseConfiguration]
2018-12-22 13:24:04.315  INFO 11736 --- [           main] trationDelegate$BeanPostProcessorChecker : Bean 'org.springframework.security.config.annotation.configuration.ObjectPostProcessorConfiguration' of type [org.springframework.security.config.annotation.configuration.ObjectPostProcessorConfiguration$$EnhancerBySpringCGLIB$$be8c3acc] is not eligible for getting processed by all BeanPostProcessors (for example: not eligible for auto-proxying)
2018-12-22 13:24:04.319  INFO 11736 --- [           main] trationDelegate$BeanPostProcessorChecker : Bean 'objectPostProcessor' of type [org.springframework.security.config.annotation.configuration.AutowireBeanFactoryObjectPostProcessor] is not eligible for getting processed by all BeanPostProcessors (for example: not eligible for auto-proxying)
2018-12-22 13:24:04.320  INFO 11736 --- [           main] trationDelegate$BeanPostProcessorChecker : Bean 'org.springframework.security.access.expression.method.DefaultMethodSecurityExpressionHandler@381c1f8' of type [org.springframework.security.oauth2.provider.expression.OAuth2MethodSecurityExpressionHandler] is not eligible for getting processed by all BeanPostProcessors (for example: not eligible for auto-proxying)
2018-12-22 13:24:04.325  INFO 11736 --- [           main] trationDelegate$BeanPostProcessorChecker : Bean 'org.springframework.security.config.annotation.method.configuration.GlobalMethodSecurityConfiguration' of type [org.springframework.security.config.annotation.method.configuration.GlobalMethodSecurityConfiguration$$EnhancerBySpringCGLIB$$e360dd7e] is not eligible for getting processed by all BeanPostProcessors (for example: not eligible for auto-proxying)
2018-12-22 13:24:04.326  INFO 11736 --- [           main] trationDelegate$BeanPostProcessorChecker : Bean 'methodSecurityMetadataSource' of type [org.springframework.security.access.method.DelegatingMethodSecurityMetadataSource] is not eligible for getting processed by all BeanPostProcessors (for example: not eligible for auto-proxying)
2018-12-22 13:24:04.332  INFO 11736 --- [           main] trationDelegate$BeanPostProcessorChecker : Bean 'org.springframework.transaction.annotation.ProxyTransactionManagementConfiguration' of type [org.springframework.transaction.annotation.ProxyTransactionManagementConfiguration$$EnhancerBySpringCGLIB$$25de7292] is not eligible for getting processed by all BeanPostProcessors (for example: not eligible for auto-proxying)
2018-12-22 13:24:04.336  INFO 11736 --- [           main] trationDelegate$BeanPostProcessorChecker : Bean 'security.oauth2.client-org.springframework.boot.autoconfigure.security.oauth2.OAuth2ClientProperties' of type [org.springframework.boot.autoconfigure.security.oauth2.OAuth2ClientProperties] is not eligible for getting processed by all BeanPostProcessors (for example: not eligible for auto-proxying)
2018-12-22 13:24:04.336  INFO 11736 --- [           main] trationDelegate$BeanPostProcessorChecker : Bean 'org.springframework.boot.autoconfigure.security.oauth2.OAuth2AutoConfiguration' of type [org.springframework.boot.autoconfigure.security.oauth2.OAuth2AutoConfiguration$$EnhancerBySpringCGLIB$$dd282e92] is not eligible for getting processed by all BeanPostProcessors (for example: not eligible for auto-proxying)
2018-12-22 13:24:04.336  INFO 11736 --- [           main] trationDelegate$BeanPostProcessorChecker : Bean 'resourceServerProperties' of type [org.springframework.boot.autoconfigure.security.oauth2.resource.ResourceServerProperties] is not eligible for getting processed by all BeanPostProcessors (for example: not eligible for auto-proxying)
2018-12-22 13:24:04.385  INFO 11736 --- [           main] org.zlogic.vogon.web.TomcatConfigurer    : Using keystore C:\Program Files (x86)\Jenkins\workspace\Maven_project\vogon-web\target/vogonweb.keystore with password ********
2018-12-22 13:24:04.405  INFO 11736 --- [           main] s.b.c.e.t.TomcatEmbeddedServletContainer : Tomcat initialized with port(s): 8080 (http) 8443 (https)
2018-12-22 13:24:04.405  INFO 11736 --- [           main] o.apache.catalina.core.StandardService   : Starting service Tomcat
2018-12-22 13:24:04.405  INFO 11736 --- [           main] org.apache.catalina.core.StandardEngine  : Starting Servlet Engine: Apache Tomcat/8.5.14
2018-12-22 13:24:04.433  INFO 11736 --- [ost-startStop-1] org.apache.jasper.servlet.TldScanner     : At least one JAR was scanned for TLDs yet contained no TLDs. Enable debug logging for this logger for a complete list of JARs that were scanned but no TLDs were found in them. Skipping unneeded JARs during scanning can improve startup time and JSP compilation time.
2018-12-22 13:24:04.435  INFO 11736 --- [ost-startStop-1] o.a.c.c.C.[Tomcat-146].[localhost].[/]   : Initializing Spring embedded WebApplicationContext
2018-12-22 13:24:04.435  INFO 11736 --- [ost-startStop-1] o.s.web.context.ContextLoader            : Root WebApplicationContext: initialization completed in 544 ms
2018-12-22 13:24:04.585  INFO 11736 --- [ost-startStop-1] o.s.b.w.servlet.FilterRegistrationBean   : Mapping filter: 'metricsFilter' to: [/*]
2018-12-22 13:24:04.585  INFO 11736 --- [ost-startStop-1] o.s.b.w.servlet.FilterRegistrationBean   : Mapping filter: 'characterEncodingFilter' to: [/*]
2018-12-22 13:24:04.585  INFO 11736 --- [ost-startStop-1] o.s.b.w.servlet.FilterRegistrationBean   : Mapping filter: 'hiddenHttpMethodFilter' to: [/*]
2018-12-22 13:24:04.585  INFO 11736 --- [ost-startStop-1] o.s.b.w.servlet.FilterRegistrationBean   : Mapping filter: 'httpPutFormContentFilter' to: [/*]
2018-12-22 13:24:04.585  INFO 11736 --- [ost-startStop-1] o.s.b.w.servlet.FilterRegistrationBean   : Mapping filter: 'requestContextFilter' to: [/*]
2018-12-22 13:24:04.585  INFO 11736 --- [ost-startStop-1] .s.DelegatingFilterProxyRegistrationBean : Mapping filter: 'springSecurityFilterChain' to: [/*]
2018-12-22 13:24:04.585  INFO 11736 --- [ost-startStop-1] o.s.b.w.servlet.FilterRegistrationBean   : Mapping filter: 'webRequestLoggingFilter' to: [/*]
2018-12-22 13:24:04.585  INFO 11736 --- [ost-startStop-1] o.s.b.w.servlet.FilterRegistrationBean   : Mapping filter: 'applicationContextIdFilter' to: [/*]
2018-12-22 13:24:04.585  INFO 11736 --- [ost-startStop-1] o.s.b.w.servlet.ServletRegistrationBean  : Mapping servlet: 'dispatcherServlet' to [/]
2018-12-22 13:24:04.596  INFO 11736 --- [           main] j.LocalContainerEntityManagerFactoryBean : Building JPA container EntityManagerFactory for persistence unit 'VogonPU'
2018-12-22 13:24:04.596  INFO 11736 --- [           main] o.hibernate.jpa.internal.util.LogHelper  : HHH000204: Processing PersistenceUnitInfo [
	name: VogonPU
	...]
2018-12-22 13:24:04.602  WARN 11736 --- [           main] org.hibernate.orm.connections.pooling    : HHH10001002: Using Hibernate built-in connection pool (not for production use!)
2018-12-22 13:24:04.603  INFO 11736 --- [           main] org.hibernate.orm.connections.pooling    : HHH10001005: using driver [org.h2.Driver] at URL [jdbc:h2:mem:test]
2018-12-22 13:24:04.603  INFO 11736 --- [           main] org.hibernate.orm.connections.pooling    : HHH10001001: Connection properties: {}
2018-12-22 13:24:04.603  INFO 11736 --- [           main] org.hibernate.orm.connections.pooling    : HHH10001003: Autocommit mode: false
2018-12-22 13:24:04.603  INFO 11736 --- [           main] .c.i.DriverManagerConnectionProviderImpl : HHH000115: Hibernate connection pool size: 20 (min=1)
2018-12-22 13:24:04.603  INFO 11736 --- [           main] org.hibernate.dialect.Dialect            : HHH000400: Using dialect: org.hibernate.dialect.H2Dialect
2018-12-22 13:24:04.615  INFO 11736 --- [           main] org.hibernate.orm.connections.access     : HHH10001501: Connection obtained from JdbcConnectionAccess [org.hibernate.engine.jdbc.env.internal.JdbcEnvironmentInitiator$ConnectionProviderJdbcConnectionAccess@7e16f91] for (non-JTA) DDL execution was not in auto-commit mode; the Connection 'local transaction' will be committed and the Connection will be set into auto-commit mode.
2018-12-22 13:24:04.625  INFO 11736 --- [           main] j.LocalContainerEntityManagerFactoryBean : Initialized JPA EntityManagerFactory for persistence unit 'VogonPU'
2018-12-22 13:24:04.979  INFO 11736 --- [           main] .s.o.p.e.FrameworkEndpointHandlerMapping : Mapped "{[/oauth/authorize]}" onto public org.springframework.web.servlet.ModelAndView org.springframework.security.oauth2.provider.endpoint.AuthorizationEndpoint.authorize(java.util.Map<java.lang.String, java.lang.Object>,java.util.Map<java.lang.String, java.lang.String>,org.springframework.web.bind.support.SessionStatus,java.security.Principal)
2018-12-22 13:24:04.980  INFO 11736 --- [           main] .s.o.p.e.FrameworkEndpointHandlerMapping : Mapped "{[/oauth/authorize],methods=[POST],params=[user_oauth_approval]}" onto public org.springframework.web.servlet.View org.springframework.security.oauth2.provider.endpoint.AuthorizationEndpoint.approveOrDeny(java.util.Map<java.lang.String, java.lang.String>,java.util.Map<java.lang.String, ?>,org.springframework.web.bind.support.SessionStatus,java.security.Principal)
2018-12-22 13:24:04.980  INFO 11736 --- [           main] .s.o.p.e.FrameworkEndpointHandlerMapping : Mapped "{[/oauth/token],methods=[GET]}" onto public org.springframework.http.ResponseEntity<org.springframework.security.oauth2.common.OAuth2AccessToken> org.springframework.security.oauth2.provider.endpoint.TokenEndpoint.getAccessToken(java.security.Principal,java.util.Map<java.lang.String, java.lang.String>) throws org.springframework.web.HttpRequestMethodNotSupportedException
2018-12-22 13:24:04.980  INFO 11736 --- [           main] .s.o.p.e.FrameworkEndpointHandlerMapping : Mapped "{[/oauth/token],methods=[POST]}" onto public org.springframework.http.ResponseEntity<org.springframework.security.oauth2.common.OAuth2AccessToken> org.springframework.security.oauth2.provider.endpoint.TokenEndpoint.postAccessToken(java.security.Principal,java.util.Map<java.lang.String, java.lang.String>) throws org.springframework.web.HttpRequestMethodNotSupportedException
2018-12-22 13:24:04.980  INFO 11736 --- [           main] .s.o.p.e.FrameworkEndpointHandlerMapping : Mapped "{[/oauth/check_token]}" onto public java.util.Map<java.lang.String, ?> org.springframework.security.oauth2.provider.endpoint.CheckTokenEndpoint.checkToken(java.lang.String)
2018-12-22 13:24:04.980  INFO 11736 --- [           main] .s.o.p.e.FrameworkEndpointHandlerMapping : Mapped "{[/oauth/confirm_access]}" onto public org.springframework.web.servlet.ModelAndView org.springframework.security.oauth2.provider.endpoint.WhitelabelApprovalEndpoint.getAccessConfirmation(java.util.Map<java.lang.String, java.lang.Object>,javax.servlet.http.HttpServletRequest) throws java.lang.Exception
2018-12-22 13:24:04.980  INFO 11736 --- [           main] .s.o.p.e.FrameworkEndpointHandlerMapping : Mapped "{[/oauth/error]}" onto public org.springframework.web.servlet.ModelAndView org.springframework.security.oauth2.provider.endpoint.WhitelabelErrorEndpoint.handleError(javax.servlet.http.HttpServletRequest)
2018-12-22 13:24:05.219  INFO 11736 --- [           main] o.s.s.web.DefaultSecurityFilterChain     : Creating filter chain: OrRequestMatcher [requestMatchers=[Ant [pattern='/oauth/token'], Ant [pattern='/oauth/token_key'], Ant [pattern='/oauth/check_token']]], [org.springframework.security.web.context.request.async.WebAsyncManagerIntegrationFilter@4790d256, org.springframework.security.web.context.SecurityContextPersistenceFilter@6868c545, org.springframework.security.web.header.HeaderWriterFilter@2f42d245, org.springframework.security.web.authentication.logout.LogoutFilter@46dfbebe, org.springframework.security.oauth2.provider.client.ClientCredentialsTokenEndpointFilter@7e1ba59f, org.springframework.security.web.authentication.www.BasicAuthenticationFilter@7a9d18bb, org.springframework.security.web.savedrequest.RequestCacheAwareFilter@6a438270, org.springframework.security.web.servletapi.SecurityContextHolderAwareRequestFilter@532aa587, org.springframework.security.web.authentication.AnonymousAuthenticationFilter@6d0e5b20, org.springframework.security.web.session.SessionManagementFilter@7dad09bd, org.springframework.security.web.access.ExceptionTranslationFilter@1ff3bb5b, org.springframework.security.web.access.intercept.FilterSecurityInterceptor@4739c376]
2018-12-22 13:24:05.220  INFO 11736 --- [           main] o.s.s.web.DefaultSecurityFilterChain     : Creating filter chain: org.springframework.boot.actuate.autoconfigure.ManagementWebSecurityAutoConfiguration$LazyEndpointPathRequestMatcher@22a6a747, [org.springframework.security.web.context.request.async.WebAsyncManagerIntegrationFilter@37e326ec, org.springframework.security.web.context.SecurityContextPersistenceFilter@4a94fe11, org.springframework.security.web.header.HeaderWriterFilter@35088363, org.springframework.security.web.authentication.logout.LogoutFilter@10e422fb, org.springframework.security.web.authentication.www.BasicAuthenticationFilter@7cca25aa, org.springframework.security.web.savedrequest.RequestCacheAwareFilter@ef282b7, org.springframework.security.web.servletapi.SecurityContextHolderAwareRequestFilter@7f900b91, org.springframework.security.web.authentication.AnonymousAuthenticationFilter@43756642, org.springframework.security.web.session.SessionManagementFilter@5fb615a5, org.springframework.security.web.access.ExceptionTranslationFilter@3e5f4fa3, org.springframework.security.web.access.intercept.FilterSecurityInterceptor@58c584e6]
2018-12-22 13:24:05.235  INFO 11736 --- [           main] o.s.s.w.a.c.ChannelProcessingFilter      : Validated configuration attributes
2018-12-22 13:24:05.235  INFO 11736 --- [           main] o.s.s.web.DefaultSecurityFilterChain     : Creating filter chain: org.springframework.security.oauth2.config.annotation.web.configuration.ResourceServerConfiguration$NotOAuthRequestMatcher@24922458, [org.springframework.security.web.access.channel.ChannelProcessingFilter@80a8488, org.springframework.security.web.context.request.async.WebAsyncManagerIntegrationFilter@3cdabda3, org.springframework.security.web.context.SecurityContextPersistenceFilter@c8e68de, org.springframework.security.web.header.HeaderWriterFilter@54c48f78, org.springframework.security.web.authentication.logout.LogoutFilter@6c0515bb, org.springframework.security.oauth2.provider.authentication.OAuth2AuthenticationProcessingFilter@2943af8b, org.springframework.security.web.savedrequest.RequestCacheAwareFilter@525e4481, org.springframework.security.web.servletapi.SecurityContextHolderAwareRequestFilter@2211befd, org.springframework.security.web.authentication.AnonymousAuthenticationFilter@6f8a5846, org.springframework.security.web.session.SessionManagementFilter@6135ede1, org.springframework.security.web.access.ExceptionTranslationFilter@70d5cb6d, org.springframework.security.web.access.intercept.FilterSecurityInterceptor@6f2894f0]
2018-12-22 13:24:05.334  INFO 11736 --- [           main] s.w.s.m.m.a.RequestMappingHandlerAdapter : Looking for @ControllerAdvice: org.springframework.boot.context.embedded.AnnotationConfigEmbeddedWebApplicationContext@8b55f3b: startup date [Sat Dec 22 13:24:03 IST 2018]; root of context hierarchy
2018-12-22 13:24:05.361  INFO 11736 --- [           main] s.w.s.m.m.a.RequestMappingHandlerMapping : Mapped "{[/service/accounts],methods=[GET],produces=[application/json]}" onto public java.util.Collection<org.zlogic.vogon.data.FinanceAccount> org.zlogic.vogon.web.controller.AccountsController.getAllAccounts(org.zlogic.vogon.web.security.VogonSecurityUser)
2018-12-22 13:24:05.361  INFO 11736 --- [           main] s.w.s.m.m.a.RequestMappingHandlerMapping : Mapped "{[/service/accounts],methods=[POST],produces=[application/json]}" onto public java.util.Collection<org.zlogic.vogon.data.FinanceAccount> org.zlogic.vogon.web.controller.AccountsController.updateAccounts(java.util.Collection<org.zlogic.vogon.data.FinanceAccount>,org.zlogic.vogon.web.security.VogonSecurityUser)
2018-12-22 13:24:05.361  INFO 11736 --- [           main] s.w.s.m.m.a.RequestMappingHandlerMapping : Mapped "{[/service/analytics/tags],methods=[GET],produces=[application/json]}" onto public java.util.Set<java.lang.String> org.zlogic.vogon.web.controller.AnalyticsController.getAllTags(org.zlogic.vogon.web.security.VogonSecurityUser)
2018-12-22 13:24:05.361  INFO 11736 --- [           main] s.w.s.m.m.a.RequestMappingHandlerMapping : Mapped "{[/service/analytics],methods=[POST],produces=[application/json]}" onto public java.util.Map<java.lang.String, org.zlogic.vogon.data.report.Report> org.zlogic.vogon.web.controller.AnalyticsController.getReport(org.zlogic.vogon.data.report.ReportFactory,org.zlogic.vogon.web.security.VogonSecurityUser)
2018-12-22 13:24:05.361  INFO 11736 --- [           main] s.w.s.m.m.a.RequestMappingHandlerMapping : Mapped "{[/service/currencies],methods=[GET],produces=[application/json]}" onto public java.util.Collection<org.zlogic.vogon.web.data.model.CurrencyDetails> org.zlogic.vogon.web.controller.CurrenciesController.getAllCurrencies()
2018-12-22 13:24:05.362  INFO 11736 --- [           main] s.w.s.m.m.a.RequestMappingHandlerMapping : Mapped "{[/service/export],methods=[GET || POST]}" onto public org.springframework.http.HttpEntity<byte[]> org.zlogic.vogon.web.controller.DataController.exportDataJSON(org.zlogic.vogon.web.security.VogonSecurityUser) throws java.lang.RuntimeException
2018-12-22 13:24:05.362  INFO 11736 --- [           main] s.w.s.m.m.a.RequestMappingHandlerMapping : Mapped "{[/service/import],methods=[POST],consumes=[multipart/form-data],produces=[application/json]}" onto public java.lang.Boolean org.zlogic.vogon.web.controller.DataController.importData(org.springframework.web.multipart.MultipartFile,org.zlogic.vogon.web.security.VogonSecurityUser) throws java.lang.RuntimeException
2018-12-22 13:24:05.362  INFO 11736 --- [           main] s.w.s.m.m.a.RequestMappingHandlerMapping : Mapped "{[/fragments/{fragment}.fragment]}" onto public org.springframework.web.servlet.ModelAndView org.zlogic.vogon.web.controller.JspController.fragmentModelAndView(java.lang.String)
2018-12-22 13:24:05.362  INFO 11736 --- [           main] s.w.s.m.m.a.RequestMappingHandlerMapping : Mapped "{[/]}" onto public org.springframework.web.servlet.ModelAndView org.zlogic.vogon.web.controller.JspController.indexModelAndView()
2018-12-22 13:24:05.362  INFO 11736 --- [           main] s.w.s.m.m.a.RequestMappingHandlerMapping : Mapped "{[/oauth/logout],methods=[POST]}" onto public void org.zlogic.vogon.web.controller.LogoutController.logout(org.springframework.security.oauth2.provider.OAuth2Authentication) throws org.zlogic.vogon.web.security.UsernameExistsException
2018-12-22 13:24:05.362  INFO 11736 --- [           main] s.w.s.m.m.a.RequestMappingHandlerMapping : Mapped "{[/register],methods=[POST],produces=[application/json]}" onto public org.zlogic.vogon.data.VogonUser org.zlogic.vogon.web.controller.RegistrationController.register(org.zlogic.vogon.data.VogonUser) throws org.zlogic.vogon.web.security.UsernameExistsException
2018-12-22 13:24:05.362  INFO 11736 --- [           main] s.w.s.m.m.a.RequestMappingHandlerMapping : Mapped "{[/service/transactions/transaction/{id}],methods=[GET],produces=[application/json]}" onto public org.zlogic.vogon.web.data.model.FinanceTransactionJson org.zlogic.vogon.web.controller.TransactionsController.getTransaction(long,org.zlogic.vogon.web.security.VogonSecurityUser)
2018-12-22 13:24:05.362  INFO 11736 --- [           main] s.w.s.m.m.a.RequestMappingHandlerMapping : Mapped "{[/service/transactions],methods=[GET],produces=[application/json]}" onto public java.util.Collection<org.zlogic.vogon.web.data.model.FinanceTransactionJson> org.zlogic.vogon.web.controller.TransactionsController.getTransactions(java.lang.Integer,org.zlogic.vogon.web.controller.TransactionsController$SortColumn,org.springframework.data.domain.Sort$Direction,java.lang.String,java.util.Date,java.util.Collection<java.lang.String>,org.zlogic.vogon.web.security.VogonSecurityUser)
2018-12-22 13:24:05.363  INFO 11736 --- [           main] s.w.s.m.m.a.RequestMappingHandlerMapping : Mapped "{[/service/transactions],methods=[POST],produces=[application/json]}" onto public org.zlogic.vogon.web.data.model.FinanceTransactionJson org.zlogic.vogon.web.controller.TransactionsController.submitTransaction(org.zlogic.vogon.web.data.model.FinanceTransactionJson,org.zlogic.vogon.web.security.VogonSecurityUser)
2018-12-22 13:24:05.363  INFO 11736 --- [           main] s.w.s.m.m.a.RequestMappingHandlerMapping : Mapped "{[/service/transactions/pages],methods=[GET],produces=[application/json]}" onto public long org.zlogic.vogon.web.controller.TransactionsController.getTransactionsCount(org.zlogic.vogon.web.security.VogonSecurityUser)
2018-12-22 13:24:05.363  INFO 11736 --- [           main] s.w.s.m.m.a.RequestMappingHandlerMapping : Mapped "{[/service/transactions/transaction/{id}],methods=[DELETE],produces=[application/json]}" onto public org.zlogic.vogon.web.data.model.FinanceTransactionJson org.zlogic.vogon.web.controller.TransactionsController.deleteTransaction(long,org.zlogic.vogon.web.security.VogonSecurityUser)
2018-12-22 13:24:05.363  INFO 11736 --- [           main] s.w.s.m.m.a.RequestMappingHandlerMapping : Mapped "{[/service/user],methods=[POST],produces=[application/json]}" onto public org.zlogic.vogon.data.VogonUser org.zlogic.vogon.web.controller.UsersController.submitUser(org.zlogic.vogon.data.VogonUser,org.zlogic.vogon.web.security.VogonSecurityUser) throws org.zlogic.vogon.web.security.UsernameExistsException
2018-12-22 13:24:05.363  INFO 11736 --- [           main] s.w.s.m.m.a.RequestMappingHandlerMapping : Mapped "{[/service/user],methods=[GET],produces=[application/json]}" onto public org.zlogic.vogon.data.VogonUser org.zlogic.vogon.web.controller.UsersController.getUserData(org.zlogic.vogon.web.security.VogonSecurityUser)
2018-12-22 13:24:05.364  INFO 11736 --- [           main] s.w.s.m.m.a.RequestMappingHandlerMapping : Mapped "{[/error]}" onto public org.springframework.http.ResponseEntity<java.util.Map<java.lang.String, java.lang.Object>> org.springframework.boot.autoconfigure.web.BasicErrorController.error(javax.servlet.http.HttpServletRequest)
2018-12-22 13:24:05.364  INFO 11736 --- [           main] s.w.s.m.m.a.RequestMappingHandlerMapping : Mapped "{[/error],produces=[text/html]}" onto public org.springframework.web.servlet.ModelAndView org.springframework.boot.autoconfigure.web.BasicErrorController.errorHtml(javax.servlet.http.HttpServletRequest,javax.servlet.http.HttpServletResponse)
2018-12-22 13:24:05.368  INFO 11736 --- [           main] o.s.w.s.handler.SimpleUrlHandlerMapping  : Root mapping to handler of type [class org.springframework.web.servlet.mvc.ParameterizableViewController]
2018-12-22 13:24:05.550  INFO 11736 --- [           main] o.s.w.s.handler.SimpleUrlHandlerMapping  : Mapped URL path [/webjars/**] onto handler of type [class org.springframework.web.servlet.resource.ResourceHttpRequestHandler]
2018-12-22 13:24:05.550  INFO 11736 --- [           main] o.s.w.s.handler.SimpleUrlHandlerMapping  : Mapped URL path [/**] onto handler of type [class org.springframework.web.servlet.resource.ResourceHttpRequestHandler]
2018-12-22 13:24:05.550  INFO 11736 --- [           main] o.s.w.s.handler.SimpleUrlHandlerMapping  : Mapped URL path [/**] onto handler of type [class org.springframework.web.servlet.resource.DefaultServletHttpRequestHandler]
2018-12-22 13:24:05.581  INFO 11736 --- [           main] o.s.w.s.handler.SimpleUrlHandlerMapping  : Mapped URL path [/**/favicon.ico] onto handler of type [class org.springframework.web.servlet.resource.ResourceHttpRequestHandler]
2018-12-22 13:24:05.777  INFO 11736 --- [           main] o.s.b.a.e.mvc.EndpointHandlerMapping     : Mapped "{[/auditevents || /auditevents.json],methods=[GET],produces=[application/vnd.spring-boot.actuator.v1+json || application/json]}" onto public org.springframework.http.ResponseEntity<?> org.springframework.boot.actuate.endpoint.mvc.AuditEventsMvcEndpoint.findByPrincipalAndAfterAndType(java.lang.String,java.util.Date,java.lang.String)
2018-12-22 13:24:05.777  INFO 11736 --- [           main] o.s.b.a.e.mvc.EndpointHandlerMapping     : Mapped "{[/mappings || /mappings.json],methods=[GET],produces=[application/vnd.spring-boot.actuator.v1+json || application/json]}" onto public java.lang.Object org.springframework.boot.actuate.endpoint.mvc.EndpointMvcAdapter.invoke()
2018-12-22 13:24:05.777  INFO 11736 --- [           main] o.s.b.a.e.mvc.EndpointHandlerMapping     : Mapped "{[/health || /health.json],methods=[GET],produces=[application/vnd.spring-boot.actuator.v1+json || application/json]}" onto public java.lang.Object org.springframework.boot.actuate.endpoint.mvc.HealthMvcEndpoint.invoke(javax.servlet.http.HttpServletRequest,java.security.Principal)
2018-12-22 13:24:05.777  INFO 11736 --- [           main] o.s.b.a.e.mvc.EndpointHandlerMapping     : Mapped "{[/configprops || /configprops.json],methods=[GET],produces=[application/vnd.spring-boot.actuator.v1+json || application/json]}" onto public java.lang.Object org.springframework.boot.actuate.endpoint.mvc.EndpointMvcAdapter.invoke()
2018-12-22 13:24:05.777  INFO 11736 --- [           main] o.s.b.a.e.mvc.EndpointHandlerMapping     : Mapped "{[/trace || /trace.json],methods=[GET],produces=[application/vnd.spring-boot.actuator.v1+json || application/json]}" onto public java.lang.Object org.springframework.boot.actuate.endpoint.mvc.EndpointMvcAdapter.invoke()
2018-12-22 13:24:05.777  INFO 11736 --- [           main] o.s.b.a.e.mvc.EndpointHandlerMapping     : Mapped "{[/heapdump || /heapdump.json],methods=[GET],produces=[application/octet-stream]}" onto public void org.springframework.boot.actuate.endpoint.mvc.HeapdumpMvcEndpoint.invoke(boolean,javax.servlet.http.HttpServletRequest,javax.servlet.http.HttpServletResponse) throws java.io.IOException,javax.servlet.ServletException
2018-12-22 13:24:05.778  INFO 11736 --- [           main] o.s.b.a.e.mvc.EndpointHandlerMapping     : Mapped "{[/autoconfig || /autoconfig.json],methods=[GET],produces=[application/vnd.spring-boot.actuator.v1+json || application/json]}" onto public java.lang.Object org.springframework.boot.actuate.endpoint.mvc.EndpointMvcAdapter.invoke()
2018-12-22 13:24:05.778  INFO 11736 --- [           main] o.s.b.a.e.mvc.EndpointHandlerMapping     : Mapped "{[/loggers/{name:.*}],methods=[GET],produces=[application/vnd.spring-boot.actuator.v1+json || application/json]}" onto public java.lang.Object org.springframework.boot.actuate.endpoint.mvc.LoggersMvcEndpoint.get(java.lang.String)
2018-12-22 13:24:05.778  INFO 11736 --- [           main] o.s.b.a.e.mvc.EndpointHandlerMapping     : Mapped "{[/loggers/{name:.*}],methods=[POST],consumes=[application/vnd.spring-boot.actuator.v1+json || application/json],produces=[application/vnd.spring-boot.actuator.v1+json || application/json]}" onto public java.lang.Object org.springframework.boot.actuate.endpoint.mvc.LoggersMvcEndpoint.set(java.lang.String,java.util.Map<java.lang.String, java.lang.String>)
2018-12-22 13:24:05.778  INFO 11736 --- [           main] o.s.b.a.e.mvc.EndpointHandlerMapping     : Mapped "{[/loggers || /loggers.json],methods=[GET],produces=[application/vnd.spring-boot.actuator.v1+json || application/json]}" onto public java.lang.Object org.springframework.boot.actuate.endpoint.mvc.EndpointMvcAdapter.invoke()
2018-12-22 13:24:05.778  INFO 11736 --- [           main] o.s.b.a.e.mvc.EndpointHandlerMapping     : Mapped "{[/env/{name:.*}],methods=[GET],produces=[application/vnd.spring-boot.actuator.v1+json || application/json]}" onto public java.lang.Object org.springframework.boot.actuate.endpoint.mvc.EnvironmentMvcEndpoint.value(java.lang.String)
2018-12-22 13:24:05.778  INFO 11736 --- [           main] o.s.b.a.e.mvc.EndpointHandlerMapping     : Mapped "{[/env || /env.json],methods=[GET],produces=[application/vnd.spring-boot.actuator.v1+json || application/json]}" onto public java.lang.Object org.springframework.boot.actuate.endpoint.mvc.EndpointMvcAdapter.invoke()
2018-12-22 13:24:05.778  INFO 11736 --- [           main] o.s.b.a.e.mvc.EndpointHandlerMapping     : Mapped "{[/metrics/{name:.*}],methods=[GET],produces=[application/vnd.spring-boot.actuator.v1+json || application/json]}" onto public java.lang.Object org.springframework.boot.actuate.endpoint.mvc.MetricsMvcEndpoint.value(java.lang.String)
2018-12-22 13:24:05.778  INFO 11736 --- [           main] o.s.b.a.e.mvc.EndpointHandlerMapping     : Mapped "{[/metrics || /metrics.json],methods=[GET],produces=[application/vnd.spring-boot.actuator.v1+json || application/json]}" onto public java.lang.Object org.springframework.boot.actuate.endpoint.mvc.EndpointMvcAdapter.invoke()
2018-12-22 13:24:05.778  INFO 11736 --- [           main] o.s.b.a.e.mvc.EndpointHandlerMapping     : Mapped "{[/info || /info.json],methods=[GET],produces=[application/vnd.spring-boot.actuator.v1+json || application/json]}" onto public java.lang.Object org.springframework.boot.actuate.endpoint.mvc.EndpointMvcAdapter.invoke()
2018-12-22 13:24:05.778  INFO 11736 --- [           main] o.s.b.a.e.mvc.EndpointHandlerMapping     : Mapped "{[/beans || /beans.json],methods=[GET],produces=[application/vnd.spring-boot.actuator.v1+json || application/json]}" onto public java.lang.Object org.springframework.boot.actuate.endpoint.mvc.EndpointMvcAdapter.invoke()
2018-12-22 13:24:05.779  INFO 11736 --- [           main] o.s.b.a.e.mvc.EndpointHandlerMapping     : Mapped "{[/dump || /dump.json],methods=[GET],produces=[application/vnd.spring-boot.actuator.v1+json || application/json]}" onto public java.lang.Object org.springframework.boot.actuate.endpoint.mvc.EndpointMvcAdapter.invoke()
2018-12-22 13:24:05.869 ERROR 11736 --- [           main] o.a.coyote.http11.Http11NioProtocol      : Failed to start end point associated with ProtocolHandler ["http-nio-8080"]

java.net.BindException: Address already in use: bind
	at sun.nio.ch.Net.bind0(Native Method) ~[na:1.8.0_191]
	at sun.nio.ch.Net.bind(Net.java:433) ~[na:1.8.0_191]
	at sun.nio.ch.Net.bind(Net.java:425) ~[na:1.8.0_191]
	at sun.nio.ch.ServerSocketChannelImpl.bind(ServerSocketChannelImpl.java:223) ~[na:1.8.0_191]
	at sun.nio.ch.ServerSocketAdaptor.bind(ServerSocketAdaptor.java:74) ~[na:1.8.0_191]
	at org.apache.tomcat.util.net.NioEndpoint.bind(NioEndpoint.java:210) ~[tomcat-embed-core-8.5.14.jar:8.5.14]
	at org.apache.tomcat.util.net.AbstractEndpoint.start(AbstractEndpoint.java:978) ~[tomcat-embed-core-8.5.14.jar:8.5.14]
	at org.apache.coyote.AbstractProtocol.start(AbstractProtocol.java:628) ~[tomcat-embed-core-8.5.14.jar:8.5.14]
	at org.apache.catalina.connector.Connector.startInternal(Connector.java:993) [tomcat-embed-core-8.5.14.jar:8.5.14]
	at org.apache.catalina.util.LifecycleBase.start(LifecycleBase.java:150) [tomcat-embed-core-8.5.14.jar:8.5.14]
	at org.apache.catalina.core.StandardService.addConnector(StandardService.java:225) [tomcat-embed-core-8.5.14.jar:8.5.14]
	at org.springframework.boot.context.embedded.tomcat.TomcatEmbeddedServletContainer.addPreviouslyRemovedConnectors(TomcatEmbeddedServletContainer.java:247) [spring-boot-1.5.3.RELEASE.jar:1.5.3.RELEASE]
	at org.springframework.boot.context.embedded.tomcat.TomcatEmbeddedServletContainer.start(TomcatEmbeddedServletContainer.java:190) [spring-boot-1.5.3.RELEASE.jar:1.5.3.RELEASE]
	at org.springframework.boot.context.embedded.EmbeddedWebApplicationContext.startEmbeddedServletContainer(EmbeddedWebApplicationContext.java:297) [spring-boot-1.5.3.RELEASE.jar:1.5.3.RELEASE]
	at org.springframework.boot.context.embedded.EmbeddedWebApplicationContext.finishRefresh(EmbeddedWebApplicationContext.java:145) [spring-boot-1.5.3.RELEASE.jar:1.5.3.RELEASE]
	at org.springframework.context.support.AbstractApplicationContext.refresh(AbstractApplicationContext.java:545) [spring-context-4.3.8.RELEASE.jar:4.3.8.RELEASE]
	at org.springframework.boot.context.embedded.EmbeddedWebApplicationContext.refresh(EmbeddedWebApplicationContext.java:122) [spring-boot-1.5.3.RELEASE.jar:1.5.3.RELEASE]
	at org.springframework.boot.SpringApplication.refresh(SpringApplication.java:737) [spring-boot-1.5.3.RELEASE.jar:1.5.3.RELEASE]
	at org.springframework.boot.SpringApplication.refreshContext(SpringApplication.java:370) [spring-boot-1.5.3.RELEASE.jar:1.5.3.RELEASE]
	at org.springframework.boot.SpringApplication.run(SpringApplication.java:314) [spring-boot-1.5.3.RELEASE.jar:1.5.3.RELEASE]
	at org.springframework.boot.test.context.SpringBootContextLoader.loadContext(SpringBootContextLoader.java:120) [spring-boot-test-1.5.3.RELEASE.jar:1.5.3.RELEASE]
	at org.springframework.test.context.cache.DefaultCacheAwareContextLoaderDelegate.loadContextInternal(DefaultCacheAwareContextLoaderDelegate.java:98) [spring-test-4.3.8.RELEASE.jar:4.3.8.RELEASE]
	at org.springframework.test.context.cache.DefaultCacheAwareContextLoaderDelegate.loadContext(DefaultCacheAwareContextLoaderDelegate.java:116) [spring-test-4.3.8.RELEASE.jar:4.3.8.RELEASE]
	at org.springframework.test.context.support.DefaultTestContext.getApplicationContext(DefaultTestContext.java:83) [spring-test-4.3.8.RELEASE.jar:4.3.8.RELEASE]
	at org.springframework.test.context.support.DependencyInjectionTestExecutionListener.injectDependencies(DependencyInjectionTestExecutionListener.java:117) [spring-test-4.3.8.RELEASE.jar:4.3.8.RELEASE]
	at org.springframework.test.context.support.DependencyInjectionTestExecutionListener.prepareTestInstance(DependencyInjectionTestExecutionListener.java:83) [spring-test-4.3.8.RELEASE.jar:4.3.8.RELEASE]
	at org.springframework.boot.test.autoconfigure.SpringBootDependencyInjectionTestExecutionListener.prepareTestInstance(SpringBootDependencyInjectionTestExecutionListener.java:44) [spring-boot-test-autoconfigure-1.5.3.RELEASE.jar:1.5.3.RELEASE]
	at org.springframework.test.context.TestContextManager.prepareTestInstance(TestContextManager.java:230) [spring-test-4.3.8.RELEASE.jar:4.3.8.RELEASE]
	at org.springframework.test.context.junit4.SpringJUnit4ClassRunner.createTest(SpringJUnit4ClassRunner.java:228) [spring-test-4.3.8.RELEASE.jar:4.3.8.RELEASE]
	at org.springframework.test.context.junit4.SpringJUnit4ClassRunner$1.runReflectiveCall(SpringJUnit4ClassRunner.java:287) [spring-test-4.3.8.RELEASE.jar:4.3.8.RELEASE]
	at org.junit.internal.runners.model.ReflectiveCallable.run(ReflectiveCallable.java:12) [junit-4.12.jar:4.12]
	at org.springframework.test.context.junit4.SpringJUnit4ClassRunner.methodBlock(SpringJUnit4ClassRunner.java:289) [spring-test-4.3.8.RELEASE.jar:4.3.8.RELEASE]
	at org.springframework.test.context.junit4.SpringJUnit4ClassRunner.runChild(SpringJUnit4ClassRunner.java:247) [spring-test-4.3.8.RELEASE.jar:4.3.8.RELEASE]
	at org.springframework.test.context.junit4.SpringJUnit4ClassRunner.runChild(SpringJUnit4ClassRunner.java:94) [spring-test-4.3.8.RELEASE.jar:4.3.8.RELEASE]
	at org.junit.runners.ParentRunner$3.run(ParentRunner.java:290) [junit-4.12.jar:4.12]
	at org.junit.runners.ParentRunner$1.schedule(ParentRunner.java:71) [junit-4.12.jar:4.12]
	at org.junit.runners.ParentRunner.runChildren(ParentRunner.java:288) [junit-4.12.jar:4.12]
	at org.junit.runners.ParentRunner.access$000(ParentRunner.java:58) [junit-4.12.jar:4.12]
	at org.junit.runners.ParentRunner$2.evaluate(ParentRunner.java:268) [junit-4.12.jar:4.12]
	at org.springframework.test.context.junit4.statements.RunBeforeTestClassCallbacks.evaluate(RunBeforeTestClassCallbacks.java:61) [spring-test-4.3.8.RELEASE.jar:4.3.8.RELEASE]
	at org.springframework.test.context.junit4.statements.RunAfterTestClassCallbacks.evaluate(RunAfterTestClassCallbacks.java:70) [spring-test-4.3.8.RELEASE.jar:4.3.8.RELEASE]
	at org.junit.runners.ParentRunner.run(ParentRunner.java:363) [junit-4.12.jar:4.12]
	at org.springframework.test.context.junit4.SpringJUnit4ClassRunner.run(SpringJUnit4ClassRunner.java:191) [spring-test-4.3.8.RELEASE.jar:4.3.8.RELEASE]
	at org.apache.maven.surefire.junit4.JUnit4Provider.execute(JUnit4Provider.java:365) [surefire-junit4-2.20.jar:2.20]
	at org.apache.maven.surefire.junit4.JUnit4Provider.executeWithRerun(JUnit4Provider.java:272) [surefire-junit4-2.20.jar:2.20]
	at org.apache.maven.surefire.junit4.JUnit4Provider.executeTestSet(JUnit4Provider.java:236) [surefire-junit4-2.20.jar:2.20]
	at org.apache.maven.surefire.junit4.JUnit4Provider.invoke(JUnit4Provider.java:159) [surefire-junit4-2.20.jar:2.20]
	at org.apache.maven.surefire.booter.ForkedBooter.invokeProviderInSameClassLoader(ForkedBooter.java:386) [surefire-booter-2.20.jar:2.20]
	at org.apache.maven.surefire.booter.ForkedBooter.runSuitesInProcess(ForkedBooter.java:323) [surefire-booter-2.20.jar:2.20]
	at org.apache.maven.surefire.booter.ForkedBooter.main(ForkedBooter.java:143) [surefire-booter-2.20.jar:2.20]

2018-12-22 13:24:05.869 ERROR 11736 --- [           main] o.apache.catalina.core.StandardService   : Failed to start connector [Connector[HTTP/1.1-8080]]

org.apache.catalina.LifecycleException: Failed to start component [Connector[HTTP/1.1-8080]]
	at org.apache.catalina.util.LifecycleBase.start(LifecycleBase.java:167) ~[tomcat-embed-core-8.5.14.jar:8.5.14]
	at org.apache.catalina.core.StandardService.addConnector(StandardService.java:225) ~[tomcat-embed-core-8.5.14.jar:8.5.14]
	at org.springframework.boot.context.embedded.tomcat.TomcatEmbeddedServletContainer.addPreviouslyRemovedConnectors(TomcatEmbeddedServletContainer.java:247) [spring-boot-1.5.3.RELEASE.jar:1.5.3.RELEASE]
	at org.springframework.boot.context.embedded.tomcat.TomcatEmbeddedServletContainer.start(TomcatEmbeddedServletContainer.java:190) [spring-boot-1.5.3.RELEASE.jar:1.5.3.RELEASE]
	at org.springframework.boot.context.embedded.EmbeddedWebApplicationContext.startEmbeddedServletContainer(EmbeddedWebApplicationContext.java:297) [spring-boot-1.5.3.RELEASE.jar:1.5.3.RELEASE]
	at org.springframework.boot.context.embedded.EmbeddedWebApplicationContext.finishRefresh(EmbeddedWebApplicationContext.java:145) [spring-boot-1.5.3.RELEASE.jar:1.5.3.RELEASE]
	at org.springframework.context.support.AbstractApplicationContext.refresh(AbstractApplicationContext.java:545) [spring-context-4.3.8.RELEASE.jar:4.3.8.RELEASE]
	at org.springframework.boot.context.embedded.EmbeddedWebApplicationContext.refresh(EmbeddedWebApplicationContext.java:122) [spring-boot-1.5.3.RELEASE.jar:1.5.3.RELEASE]
	at org.springframework.boot.SpringApplication.refresh(SpringApplication.java:737) [spring-boot-1.5.3.RELEASE.jar:1.5.3.RELEASE]
	at org.springframework.boot.SpringApplication.refreshContext(SpringApplication.java:370) [spring-boot-1.5.3.RELEASE.jar:1.5.3.RELEASE]
	at org.springframework.boot.SpringApplication.run(SpringApplication.java:314) [spring-boot-1.5.3.RELEASE.jar:1.5.3.RELEASE]
	at org.springframework.boot.test.context.SpringBootContextLoader.loadContext(SpringBootContextLoader.java:120) [spring-boot-test-1.5.3.RELEASE.jar:1.5.3.RELEASE]
	at org.springframework.test.context.cache.DefaultCacheAwareContextLoaderDelegate.loadContextInternal(DefaultCacheAwareContextLoaderDelegate.java:98) [spring-test-4.3.8.RELEASE.jar:4.3.8.RELEASE]
	at org.springframework.test.context.cache.DefaultCacheAwareContextLoaderDelegate.loadContext(DefaultCacheAwareContextLoaderDelegate.java:116) [spring-test-4.3.8.RELEASE.jar:4.3.8.RELEASE]
	at org.springframework.test.context.support.DefaultTestContext.getApplicationContext(DefaultTestContext.java:83) [spring-test-4.3.8.RELEASE.jar:4.3.8.RELEASE]
	at org.springframework.test.context.support.DependencyInjectionTestExecutionListener.injectDependencies(DependencyInjectionTestExecutionListener.java:117) [spring-test-4.3.8.RELEASE.jar:4.3.8.RELEASE]
	at org.springframework.test.context.support.DependencyInjectionTestExecutionListener.prepareTestInstance(DependencyInjectionTestExecutionListener.java:83) [spring-test-4.3.8.RELEASE.jar:4.3.8.RELEASE]
	at org.springframework.boot.test.autoconfigure.SpringBootDependencyInjectionTestExecutionListener.prepareTestInstance(SpringBootDependencyInjectionTestExecutionListener.java:44) [spring-boot-test-autoconfigure-1.5.3.RELEASE.jar:1.5.3.RELEASE]
	at org.springframework.test.context.TestContextManager.prepareTestInstance(TestContextManager.java:230) [spring-test-4.3.8.RELEASE.jar:4.3.8.RELEASE]
	at org.springframework.test.context.junit4.SpringJUnit4ClassRunner.createTest(SpringJUnit4ClassRunner.java:228) [spring-test-4.3.8.RELEASE.jar:4.3.8.RELEASE]
	at org.springframework.test.context.junit4.SpringJUnit4ClassRunner$1.runReflectiveCall(SpringJUnit4ClassRunner.java:287) [spring-test-4.3.8.RELEASE.jar:4.3.8.RELEASE]
	at org.junit.internal.runners.model.ReflectiveCallable.run(ReflectiveCallable.java:12) [junit-4.12.jar:4.12]
	at org.springframework.test.context.junit4.SpringJUnit4ClassRunner.methodBlock(SpringJUnit4ClassRunner.java:289) [spring-test-4.3.8.RELEASE.jar:4.3.8.RELEASE]
	at org.springframework.test.context.junit4.SpringJUnit4ClassRunner.runChild(SpringJUnit4ClassRunner.java:247) [spring-test-4.3.8.RELEASE.jar:4.3.8.RELEASE]
	at org.springframework.test.context.junit4.SpringJUnit4ClassRunner.runChild(SpringJUnit4ClassRunner.java:94) [spring-test-4.3.8.RELEASE.jar:4.3.8.RELEASE]
	at org.junit.runners.ParentRunner$3.run(ParentRunner.java:290) [junit-4.12.jar:4.12]
	at org.junit.runners.ParentRunner$1.schedule(ParentRunner.java:71) [junit-4.12.jar:4.12]
	at org.junit.runners.ParentRunner.runChildren(ParentRunner.java:288) [junit-4.12.jar:4.12]
	at org.junit.runners.ParentRunner.access$000(ParentRunner.java:58) [junit-4.12.jar:4.12]
	at org.junit.runners.ParentRunner$2.evaluate(ParentRunner.java:268) [junit-4.12.jar:4.12]
	at org.springframework.test.context.junit4.statements.RunBeforeTestClassCallbacks.evaluate(RunBeforeTestClassCallbacks.java:61) [spring-test-4.3.8.RELEASE.jar:4.3.8.RELEASE]
	at org.springframework.test.context.junit4.statements.RunAfterTestClassCallbacks.evaluate(RunAfterTestClassCallbacks.java:70) [spring-test-4.3.8.RELEASE.jar:4.3.8.RELEASE]
	at org.junit.runners.ParentRunner.run(ParentRunner.java:363) [junit-4.12.jar:4.12]
	at org.springframework.test.context.junit4.SpringJUnit4ClassRunner.run(SpringJUnit4ClassRunner.java:191) [spring-test-4.3.8.RELEASE.jar:4.3.8.RELEASE]
	at org.apache.maven.surefire.junit4.JUnit4Provider.execute(JUnit4Provider.java:365) [surefire-junit4-2.20.jar:2.20]
	at org.apache.maven.surefire.junit4.JUnit4Provider.executeWithRerun(JUnit4Provider.java:272) [surefire-junit4-2.20.jar:2.20]
	at org.apache.maven.surefire.junit4.JUnit4Provider.executeTestSet(JUnit4Provider.java:236) [surefire-junit4-2.20.jar:2.20]
	at org.apache.maven.surefire.junit4.JUnit4Provider.invoke(JUnit4Provider.java:159) [surefire-junit4-2.20.jar:2.20]
	at org.apache.maven.surefire.booter.ForkedBooter.invokeProviderInSameClassLoader(ForkedBooter.java:386) [surefire-booter-2.20.jar:2.20]
	at org.apache.maven.surefire.booter.ForkedBooter.runSuitesInProcess(ForkedBooter.java:323) [surefire-booter-2.20.jar:2.20]
	at org.apache.maven.surefire.booter.ForkedBooter.main(ForkedBooter.java:143) [surefire-booter-2.20.jar:2.20]
Caused by: org.apache.catalina.LifecycleException: service.getName(): "Tomcat";  Protocol handler start failed
	at org.apache.catalina.connector.Connector.startInternal(Connector.java:1000) ~[tomcat-embed-core-8.5.14.jar:8.5.14]
	at org.apache.catalina.util.LifecycleBase.start(LifecycleBase.java:150) ~[tomcat-embed-core-8.5.14.jar:8.5.14]
	... 40 common frames omitted
Caused by: java.net.BindException: Address already in use: bind
	at sun.nio.ch.Net.bind0(Native Method) ~[na:1.8.0_191]
	at sun.nio.ch.Net.bind(Net.java:433) ~[na:1.8.0_191]
	at sun.nio.ch.Net.bind(Net.java:425) ~[na:1.8.0_191]
	at sun.nio.ch.ServerSocketChannelImpl.bind(ServerSocketChannelImpl.java:223) ~[na:1.8.0_191]
	at sun.nio.ch.ServerSocketAdaptor.bind(ServerSocketAdaptor.java:74) ~[na:1.8.0_191]
	at org.apache.tomcat.util.net.NioEndpoint.bind(NioEndpoint.java:210) ~[tomcat-embed-core-8.5.14.jar:8.5.14]
	at org.apache.tomcat.util.net.AbstractEndpoint.start(AbstractEndpoint.java:978) ~[tomcat-embed-core-8.5.14.jar:8.5.14]
	at org.apache.coyote.AbstractProtocol.start(AbstractProtocol.java:628) ~[tomcat-embed-core-8.5.14.jar:8.5.14]
	at org.apache.catalina.connector.Connector.startInternal(Connector.java:993) ~[tomcat-embed-core-8.5.14.jar:8.5.14]
	... 41 common frames omitted

2018-12-22 13:24:06.061  INFO 11736 --- [           main] o.apache.catalina.core.StandardService   : Stopping service Tomcat
2018-12-22 13:24:06.066  INFO 11736 --- [           main] utoConfigurationReportLoggingInitializer : 

Error starting ApplicationContext. To display the auto-configuration report re-run your application with 'debug' enabled.
2018-12-22 13:24:06.068 ERROR 11736 --- [           main] o.s.b.d.LoggingFailureAnalysisReporter   : 

***************************
APPLICATION FAILED TO START
***************************

Description:

The Tomcat connector configured to listen on port 8080 failed to start. The port may already be in use or the connector may be misconfigured.

Action:

Verify the connector's configuration, identify and stop any process that's listening on port 8080, or configure this application to listen on another port.

2018-12-22 13:24:06.068  INFO 11736 --- [           main] ationConfigEmbeddedWebApplicationContext : Closing org.springframework.boot.context.embedded.AnnotationConfigEmbeddedWebApplicationContext@8b55f3b: startup date [Sat Dec 22 13:24:03 IST 2018]; root of context hierarchy
2018-12-22 13:24:06.068  INFO 11736 --- [           main] o.z.vogon.web.PersistenceConfiguration   : Unloading JDBC drivers
2018-12-22 13:24:06.068  INFO 11736 --- [           main] j.LocalContainerEntityManagerFactoryBean : Closing JPA EntityManagerFactory for persistence unit 'VogonPU'
2018-12-22 13:24:06.068  INFO 11736 --- [           main] org.hibernate.orm.connections.pooling    : HHH10001008: Cleaning up connection pool [jdbc:h2:mem:test]

  .   ____          _            __ _ _
 /\\ / ___'_ __ _ _(_)_ __  __ _ \ \ \ \
( ( )\___ | '_ | '_| | '_ \/ _` | \ \ \ \
 \\/  ___)| |_)| | | | | || (_| |  ) ) ) )
  '  |____| .__|_| |_|_| |_\__, | / / / /
 =========|_|==============|___/=/_/_/_/
 :: Spring Boot ::        (v1.5.3.RELEASE)

2018-12-22 13:24:06.089  INFO 11736 --- [           main] o.z.v.w.TransactionsControllerWriteTest  : Starting TransactionsControllerWriteTest on GOPAL with PID 11736 (started by GOPAL$ in C:\Program Files (x86)\Jenkins\workspace\Maven_project\vogon-web)
2018-12-22 13:24:06.089  INFO 11736 --- [           main] o.z.v.w.TransactionsControllerWriteTest  : No active profile set, falling back to default profiles: default
2018-12-22 13:24:06.089  INFO 11736 --- [           main] ationConfigEmbeddedWebApplicationContext : Refreshing org.springframework.boot.context.embedded.AnnotationConfigEmbeddedWebApplicationContext@2d35ceac: startup date [Sat Dec 22 13:24:06 IST 2018]; root of context hierarchy
2018-12-22 13:24:06.375  INFO 11736 --- [           main] o.s.b.f.s.DefaultListableBeanFactory     : Overriding bean definition for bean 'entityManagerFactory' with a different definition: replacing [Root bean: class [null]; scope=; abstract=false; lazyInit=false; autowireMode=3; dependencyCheck=0; autowireCandidate=true; primary=false; factoryBeanName=persistenceConfiguration; factoryMethodName=entityManagerFactory; initMethodName=null; destroyMethodName=(inferred); defined in class path resource [org/zlogic/vogon/web/PersistenceConfiguration.class]] with [Root bean: class [null]; scope=; abstract=false; lazyInit=false; autowireMode=3; dependencyCheck=0; autowireCandidate=true; primary=false; factoryBeanName=databaseConfiguration; factoryMethodName=entityManagerFactory; initMethodName=null; destroyMethodName=(inferred); defined in org.zlogic.vogon.web.DatabaseConfiguration]
2018-12-22 13:24:06.513  INFO 11736 --- [           main] trationDelegate$BeanPostProcessorChecker : Bean 'org.springframework.security.config.annotation.configuration.ObjectPostProcessorConfiguration' of type [org.springframework.security.config.annotation.configuration.ObjectPostProcessorConfiguration$$EnhancerBySpringCGLIB$$be8c3acc] is not eligible for getting processed by all BeanPostProcessors (for example: not eligible for auto-proxying)
2018-12-22 13:24:06.516  INFO 11736 --- [           main] trationDelegate$BeanPostProcessorChecker : Bean 'objectPostProcessor' of type [org.springframework.security.config.annotation.configuration.AutowireBeanFactoryObjectPostProcessor] is not eligible for getting processed by all BeanPostProcessors (for example: not eligible for auto-proxying)
2018-12-22 13:24:06.517  INFO 11736 --- [           main] trationDelegate$BeanPostProcessorChecker : Bean 'org.springframework.security.access.expression.method.DefaultMethodSecurityExpressionHandler@5268f758' of type [org.springframework.security.oauth2.provider.expression.OAuth2MethodSecurityExpressionHandler] is not eligible for getting processed by all BeanPostProcessors (for example: not eligible for auto-proxying)
2018-12-22 13:24:06.523  INFO 11736 --- [           main] trationDelegate$BeanPostProcessorChecker : Bean 'org.springframework.security.config.annotation.method.configuration.GlobalMethodSecurityConfiguration' of type [org.springframework.security.config.annotation.method.configuration.GlobalMethodSecurityConfiguration$$EnhancerBySpringCGLIB$$e360dd7e] is not eligible for getting processed by all BeanPostProcessors (for example: not eligible for auto-proxying)
2018-12-22 13:24:06.525  INFO 11736 --- [           main] trationDelegate$BeanPostProcessorChecker : Bean 'methodSecurityMetadataSource' of type [org.springframework.security.access.method.DelegatingMethodSecurityMetadataSource] is not eligible for getting processed by all BeanPostProcessors (for example: not eligible for auto-proxying)
2018-12-22 13:24:06.531  INFO 11736 --- [           main] trationDelegate$BeanPostProcessorChecker : Bean 'org.springframework.transaction.annotation.ProxyTransactionManagementConfiguration' of type [org.springframework.transaction.annotation.ProxyTransactionManagementConfiguration$$EnhancerBySpringCGLIB$$25de7292] is not eligible for getting processed by all BeanPostProcessors (for example: not eligible for auto-proxying)
2018-12-22 13:24:06.545  INFO 11736 --- [           main] trationDelegate$BeanPostProcessorChecker : Bean 'security.oauth2.client-org.springframework.boot.autoconfigure.security.oauth2.OAuth2ClientProperties' of type [org.springframework.boot.autoconfigure.security.oauth2.OAuth2ClientProperties] is not eligible for getting processed by all BeanPostProcessors (for example: not eligible for auto-proxying)
2018-12-22 13:24:06.547  INFO 11736 --- [           main] trationDelegate$BeanPostProcessorChecker : Bean 'org.springframework.boot.autoconfigure.security.oauth2.OAuth2AutoConfiguration' of type [org.springframework.boot.autoconfigure.security.oauth2.OAuth2AutoConfiguration$$EnhancerBySpringCGLIB$$dd282e92] is not eligible for getting processed by all BeanPostProcessors (for example: not eligible for auto-proxying)
2018-12-22 13:24:06.551  INFO 11736 --- [           main] trationDelegate$BeanPostProcessorChecker : Bean 'resourceServerProperties' of type [org.springframework.boot.autoconfigure.security.oauth2.resource.ResourceServerProperties] is not eligible for getting processed by all BeanPostProcessors (for example: not eligible for auto-proxying)
2018-12-22 13:24:06.584  INFO 11736 --- [           main] org.zlogic.vogon.web.TomcatConfigurer    : Using keystore C:\Program Files (x86)\Jenkins\workspace\Maven_project\vogon-web\target/vogonweb.keystore with password ********
2018-12-22 13:24:06.605  INFO 11736 --- [           main] s.b.c.e.t.TomcatEmbeddedServletContainer : Tomcat initialized with port(s): 8080 (http) 8443 (https)
2018-12-22 13:24:06.605  INFO 11736 --- [           main] o.apache.catalina.core.StandardService   : Starting service Tomcat
2018-12-22 13:24:06.606  INFO 11736 --- [           main] org.apache.catalina.core.StandardEngine  : Starting Servlet Engine: Apache Tomcat/8.5.14
2018-12-22 13:24:06.634  INFO 11736 --- [ost-startStop-1] org.apache.jasper.servlet.TldScanner     : At least one JAR was scanned for TLDs yet contained no TLDs. Enable debug logging for this logger for a complete list of JARs that were scanned but no TLDs were found in them. Skipping unneeded JARs during scanning can improve startup time and JSP compilation time.
2018-12-22 13:24:06.636  INFO 11736 --- [ost-startStop-1] o.a.c.c.C.[Tomcat-147].[localhost].[/]   : Initializing Spring embedded WebApplicationContext
2018-12-22 13:24:06.636  INFO 11736 --- [ost-startStop-1] o.s.web.context.ContextLoader            : Root WebApplicationContext: initialization completed in 547 ms
2018-12-22 13:24:06.783  INFO 11736 --- [ost-startStop-1] o.s.b.w.servlet.FilterRegistrationBean   : Mapping filter: 'metricsFilter' to: [/*]
2018-12-22 13:24:06.783  INFO 11736 --- [ost-startStop-1] o.s.b.w.servlet.FilterRegistrationBean   : Mapping filter: 'characterEncodingFilter' to: [/*]
2018-12-22 13:24:06.783  INFO 11736 --- [ost-startStop-1] o.s.b.w.servlet.FilterRegistrationBean   : Mapping filter: 'hiddenHttpMethodFilter' to: [/*]
2018-12-22 13:24:06.783  INFO 11736 --- [ost-startStop-1] o.s.b.w.servlet.FilterRegistrationBean   : Mapping filter: 'httpPutFormContentFilter' to: [/*]
2018-12-22 13:24:06.783  INFO 11736 --- [ost-startStop-1] o.s.b.w.servlet.FilterRegistrationBean   : Mapping filter: 'requestContextFilter' to: [/*]
2018-12-22 13:24:06.783  INFO 11736 --- [ost-startStop-1] .s.DelegatingFilterProxyRegistrationBean : Mapping filter: 'springSecurityFilterChain' to: [/*]
2018-12-22 13:24:06.783  INFO 11736 --- [ost-startStop-1] o.s.b.w.servlet.FilterRegistrationBean   : Mapping filter: 'webRequestLoggingFilter' to: [/*]
2018-12-22 13:24:06.783  INFO 11736 --- [ost-startStop-1] o.s.b.w.servlet.FilterRegistrationBean   : Mapping filter: 'applicationContextIdFilter' to: [/*]
2018-12-22 13:24:06.783  INFO 11736 --- [ost-startStop-1] o.s.b.w.servlet.ServletRegistrationBean  : Mapping servlet: 'dispatcherServlet' to [/]
2018-12-22 13:24:06.783  INFO 11736 --- [           main] j.LocalContainerEntityManagerFactoryBean : Building JPA container EntityManagerFactory for persistence unit 'VogonPU'
2018-12-22 13:24:06.783  INFO 11736 --- [           main] o.hibernate.jpa.internal.util.LogHelper  : HHH000204: Processing PersistenceUnitInfo [
	name: VogonPU
	...]
2018-12-22 13:24:06.799  WARN 11736 --- [           main] org.hibernate.orm.connections.pooling    : HHH10001002: Using Hibernate built-in connection pool (not for production use!)
2018-12-22 13:24:06.799  INFO 11736 --- [           main] org.hibernate.orm.connections.pooling    : HHH10001005: using driver [org.h2.Driver] at URL [jdbc:h2:mem:test]
2018-12-22 13:24:06.799  INFO 11736 --- [           main] org.hibernate.orm.connections.pooling    : HHH10001001: Connection properties: {}
2018-12-22 13:24:06.799  INFO 11736 --- [           main] org.hibernate.orm.connections.pooling    : HHH10001003: Autocommit mode: false
2018-12-22 13:24:06.799  INFO 11736 --- [           main] .c.i.DriverManagerConnectionProviderImpl : HHH000115: Hibernate connection pool size: 20 (min=1)
2018-12-22 13:24:06.799  INFO 11736 --- [           main] org.hibernate.dialect.Dialect            : HHH000400: Using dialect: org.hibernate.dialect.H2Dialect
2018-12-22 13:24:06.799  INFO 11736 --- [           main] org.hibernate.orm.connections.access     : HHH10001501: Connection obtained from JdbcConnectionAccess [org.hibernate.engine.jdbc.env.internal.JdbcEnvironmentInitiator$ConnectionProviderJdbcConnectionAccess@3e02cd4c] for (non-JTA) DDL execution was not in auto-commit mode; the Connection 'local transaction' will be committed and the Connection will be set into auto-commit mode.
2018-12-22 13:24:06.821  INFO 11736 --- [           main] j.LocalContainerEntityManagerFactoryBean : Initialized JPA EntityManagerFactory for persistence unit 'VogonPU'
2018-12-22 13:24:07.118  INFO 11736 --- [           main] .s.o.p.e.FrameworkEndpointHandlerMapping : Mapped "{[/oauth/authorize]}" onto public org.springframework.web.servlet.ModelAndView org.springframework.security.oauth2.provider.endpoint.AuthorizationEndpoint.authorize(java.util.Map<java.lang.String, java.lang.Object>,java.util.Map<java.lang.String, java.lang.String>,org.springframework.web.bind.support.SessionStatus,java.security.Principal)
2018-12-22 13:24:07.118  INFO 11736 --- [           main] .s.o.p.e.FrameworkEndpointHandlerMapping : Mapped "{[/oauth/authorize],methods=[POST],params=[user_oauth_approval]}" onto public org.springframework.web.servlet.View org.springframework.security.oauth2.provider.endpoint.AuthorizationEndpoint.approveOrDeny(java.util.Map<java.lang.String, java.lang.String>,java.util.Map<java.lang.String, ?>,org.springframework.web.bind.support.SessionStatus,java.security.Principal)
2018-12-22 13:24:07.118  INFO 11736 --- [           main] .s.o.p.e.FrameworkEndpointHandlerMapping : Mapped "{[/oauth/token],methods=[GET]}" onto public org.springframework.http.ResponseEntity<org.springframework.security.oauth2.common.OAuth2AccessToken> org.springframework.security.oauth2.provider.endpoint.TokenEndpoint.getAccessToken(java.security.Principal,java.util.Map<java.lang.String, java.lang.String>) throws org.springframework.web.HttpRequestMethodNotSupportedException
2018-12-22 13:24:07.118  INFO 11736 --- [           main] .s.o.p.e.FrameworkEndpointHandlerMapping : Mapped "{[/oauth/token],methods=[POST]}" onto public org.springframework.http.ResponseEntity<org.springframework.security.oauth2.common.OAuth2AccessToken> org.springframework.security.oauth2.provider.endpoint.TokenEndpoint.postAccessToken(java.security.Principal,java.util.Map<java.lang.String, java.lang.String>) throws org.springframework.web.HttpRequestMethodNotSupportedException
2018-12-22 13:24:07.118  INFO 11736 --- [           main] .s.o.p.e.FrameworkEndpointHandlerMapping : Mapped "{[/oauth/check_token]}" onto public java.util.Map<java.lang.String, ?> org.springframework.security.oauth2.provider.endpoint.CheckTokenEndpoint.checkToken(java.lang.String)
2018-12-22 13:24:07.118  INFO 11736 --- [           main] .s.o.p.e.FrameworkEndpointHandlerMapping : Mapped "{[/oauth/confirm_access]}" onto public org.springframework.web.servlet.ModelAndView org.springframework.security.oauth2.provider.endpoint.WhitelabelApprovalEndpoint.getAccessConfirmation(java.util.Map<java.lang.String, java.lang.Object>,javax.servlet.http.HttpServletRequest) throws java.lang.Exception
2018-12-22 13:24:07.118  INFO 11736 --- [           main] .s.o.p.e.FrameworkEndpointHandlerMapping : Mapped "{[/oauth/error]}" onto public org.springframework.web.servlet.ModelAndView org.springframework.security.oauth2.provider.endpoint.WhitelabelErrorEndpoint.handleError(javax.servlet.http.HttpServletRequest)
2018-12-22 13:24:07.301  INFO 11736 --- [           main] o.s.s.web.DefaultSecurityFilterChain     : Creating filter chain: OrRequestMatcher [requestMatchers=[Ant [pattern='/oauth/token'], Ant [pattern='/oauth/token_key'], Ant [pattern='/oauth/check_token']]], [org.springframework.security.web.context.request.async.WebAsyncManagerIntegrationFilter@5f7f37d7, org.springframework.security.web.context.SecurityContextPersistenceFilter@62c084f8, org.springframework.security.web.header.HeaderWriterFilter@672be337, org.springframework.security.web.authentication.logout.LogoutFilter@35329695, org.springframework.security.oauth2.provider.client.ClientCredentialsTokenEndpointFilter@1c79b068, org.springframework.security.web.authentication.www.BasicAuthenticationFilter@6304c836, org.springframework.security.web.savedrequest.RequestCacheAwareFilter@2efc8739, org.springframework.security.web.servletapi.SecurityContextHolderAwareRequestFilter@1676eb8a, org.springframework.security.web.authentication.AnonymousAuthenticationFilter@235d1ac, org.springframework.security.web.session.SessionManagementFilter@2d61c0d9, org.springframework.security.web.access.ExceptionTranslationFilter@160b5f76, org.springframework.security.web.access.intercept.FilterSecurityInterceptor@56f0fa1d]
2018-12-22 13:24:07.301  INFO 11736 --- [           main] o.s.s.web.DefaultSecurityFilterChain     : Creating filter chain: org.springframework.boot.actuate.autoconfigure.ManagementWebSecurityAutoConfiguration$LazyEndpointPathRequestMatcher@4e88b9fe, [org.springframework.security.web.context.request.async.WebAsyncManagerIntegrationFilter@3ded2923, org.springframework.security.web.context.SecurityContextPersistenceFilter@71c191e4, org.springframework.security.web.header.HeaderWriterFilter@542a9929, org.springframework.security.web.authentication.logout.LogoutFilter@2e6c39d3, org.springframework.security.web.authentication.www.BasicAuthenticationFilter@b13978, org.springframework.security.web.savedrequest.RequestCacheAwareFilter@3be59c85, org.springframework.security.web.servletapi.SecurityContextHolderAwareRequestFilter@3b86a901, org.springframework.security.web.authentication.AnonymousAuthenticationFilter@5cb0223b, org.springframework.security.web.session.SessionManagementFilter@7c3d285a, org.springframework.security.web.access.ExceptionTranslationFilter@7407cd34, org.springframework.security.web.access.intercept.FilterSecurityInterceptor@25f89895]
2018-12-22 13:24:07.320  INFO 11736 --- [           main] o.s.s.w.a.c.ChannelProcessingFilter      : Validated configuration attributes
2018-12-22 13:24:07.323  INFO 11736 --- [           main] o.s.s.web.DefaultSecurityFilterChain     : Creating filter chain: org.springframework.security.oauth2.config.annotation.web.configuration.ResourceServerConfiguration$NotOAuthRequestMatcher@6ba21870, [org.springframework.security.web.access.channel.ChannelProcessingFilter@34b895ea, org.springframework.security.web.context.request.async.WebAsyncManagerIntegrationFilter@26a864da, org.springframework.security.web.context.SecurityContextPersistenceFilter@515b0d31, org.springframework.security.web.header.HeaderWriterFilter@4f0f2cc6, org.springframework.security.web.authentication.logout.LogoutFilter@647235fa, org.springframework.security.oauth2.provider.authentication.OAuth2AuthenticationProcessingFilter@4da3d759, org.springframework.security.web.savedrequest.RequestCacheAwareFilter@4e5ccc5f, org.springframework.security.web.servletapi.SecurityContextHolderAwareRequestFilter@7803b04e, org.springframework.security.web.authentication.AnonymousAuthenticationFilter@25d46a63, org.springframework.security.web.session.SessionManagementFilter@313ffd3, org.springframework.security.web.access.ExceptionTranslationFilter@3c046396, org.springframework.security.web.access.intercept.FilterSecurityInterceptor@dfbf08d]
2018-12-22 13:24:07.400  INFO 11736 --- [           main] s.w.s.m.m.a.RequestMappingHandlerAdapter : Looking for @ControllerAdvice: org.springframework.boot.context.embedded.AnnotationConfigEmbeddedWebApplicationContext@2d35ceac: startup date [Sat Dec 22 13:24:06 IST 2018]; root of context hierarchy
2018-12-22 13:24:07.413  INFO 11736 --- [           main] s.w.s.m.m.a.RequestMappingHandlerMapping : Mapped "{[/service/accounts],methods=[GET],produces=[application/json]}" onto public java.util.Collection<org.zlogic.vogon.data.FinanceAccount> org.zlogic.vogon.web.controller.AccountsController.getAllAccounts(org.zlogic.vogon.web.security.VogonSecurityUser)
2018-12-22 13:24:07.413  INFO 11736 --- [           main] s.w.s.m.m.a.RequestMappingHandlerMapping : Mapped "{[/service/accounts],methods=[POST],produces=[application/json]}" onto public java.util.Collection<org.zlogic.vogon.data.FinanceAccount> org.zlogic.vogon.web.controller.AccountsController.updateAccounts(java.util.Collection<org.zlogic.vogon.data.FinanceAccount>,org.zlogic.vogon.web.security.VogonSecurityUser)
2018-12-22 13:24:07.413  INFO 11736 --- [           main] s.w.s.m.m.a.RequestMappingHandlerMapping : Mapped "{[/service/analytics/tags],methods=[GET],produces=[application/json]}" onto public java.util.Set<java.lang.String> org.zlogic.vogon.web.controller.AnalyticsController.getAllTags(org.zlogic.vogon.web.security.VogonSecurityUser)
2018-12-22 13:24:07.413  INFO 11736 --- [           main] s.w.s.m.m.a.RequestMappingHandlerMapping : Mapped "{[/service/analytics],methods=[POST],produces=[application/json]}" onto public java.util.Map<java.lang.String, org.zlogic.vogon.data.report.Report> org.zlogic.vogon.web.controller.AnalyticsController.getReport(org.zlogic.vogon.data.report.ReportFactory,org.zlogic.vogon.web.security.VogonSecurityUser)
2018-12-22 13:24:07.413  INFO 11736 --- [           main] s.w.s.m.m.a.RequestMappingHandlerMapping : Mapped "{[/service/currencies],methods=[GET],produces=[application/json]}" onto public java.util.Collection<org.zlogic.vogon.web.data.model.CurrencyDetails> org.zlogic.vogon.web.controller.CurrenciesController.getAllCurrencies()
2018-12-22 13:24:07.413  INFO 11736 --- [           main] s.w.s.m.m.a.RequestMappingHandlerMapping : Mapped "{[/service/export],methods=[GET || POST]}" onto public org.springframework.http.HttpEntity<byte[]> org.zlogic.vogon.web.controller.DataController.exportDataJSON(org.zlogic.vogon.web.security.VogonSecurityUser) throws java.lang.RuntimeException
2018-12-22 13:24:07.413  INFO 11736 --- [           main] s.w.s.m.m.a.RequestMappingHandlerMapping : Mapped "{[/service/import],methods=[POST],consumes=[multipart/form-data],produces=[application/json]}" onto public java.lang.Boolean org.zlogic.vogon.web.controller.DataController.importData(org.springframework.web.multipart.MultipartFile,org.zlogic.vogon.web.security.VogonSecurityUser) throws java.lang.RuntimeException
2018-12-22 13:24:07.413  INFO 11736 --- [           main] s.w.s.m.m.a.RequestMappingHandlerMapping : Mapped "{[/fragments/{fragment}.fragment]}" onto public org.springframework.web.servlet.ModelAndView org.zlogic.vogon.web.controller.JspController.fragmentModelAndView(java.lang.String)
2018-12-22 13:24:07.413  INFO 11736 --- [           main] s.w.s.m.m.a.RequestMappingHandlerMapping : Mapped "{[/]}" onto public org.springframework.web.servlet.ModelAndView org.zlogic.vogon.web.controller.JspController.indexModelAndView()
2018-12-22 13:24:07.413  INFO 11736 --- [           main] s.w.s.m.m.a.RequestMappingHandlerMapping : Mapped "{[/oauth/logout],methods=[POST]}" onto public void org.zlogic.vogon.web.controller.LogoutController.logout(org.springframework.security.oauth2.provider.OAuth2Authentication) throws org.zlogic.vogon.web.security.UsernameExistsException
2018-12-22 13:24:07.413  INFO 11736 --- [           main] s.w.s.m.m.a.RequestMappingHandlerMapping : Mapped "{[/register],methods=[POST],produces=[application/json]}" onto public org.zlogic.vogon.data.VogonUser org.zlogic.vogon.web.controller.RegistrationController.register(org.zlogic.vogon.data.VogonUser) throws org.zlogic.vogon.web.security.UsernameExistsException
2018-12-22 13:24:07.414  INFO 11736 --- [           main] s.w.s.m.m.a.RequestMappingHandlerMapping : Mapped "{[/service/transactions/transaction/{id}],methods=[GET],produces=[application/json]}" onto public org.zlogic.vogon.web.data.model.FinanceTransactionJson org.zlogic.vogon.web.controller.TransactionsController.getTransaction(long,org.zlogic.vogon.web.security.VogonSecurityUser)
2018-12-22 13:24:07.414  INFO 11736 --- [           main] s.w.s.m.m.a.RequestMappingHandlerMapping : Mapped "{[/service/transactions],methods=[GET],produces=[application/json]}" onto public java.util.Collection<org.zlogic.vogon.web.data.model.FinanceTransactionJson> org.zlogic.vogon.web.controller.TransactionsController.getTransactions(java.lang.Integer,org.zlogic.vogon.web.controller.TransactionsController$SortColumn,org.springframework.data.domain.Sort$Direction,java.lang.String,java.util.Date,java.util.Collection<java.lang.String>,org.zlogic.vogon.web.security.VogonSecurityUser)
2018-12-22 13:24:07.414  INFO 11736 --- [           main] s.w.s.m.m.a.RequestMappingHandlerMapping : Mapped "{[/service/transactions],methods=[POST],produces=[application/json]}" onto public org.zlogic.vogon.web.data.model.FinanceTransactionJson org.zlogic.vogon.web.controller.TransactionsController.submitTransaction(org.zlogic.vogon.web.data.model.FinanceTransactionJson,org.zlogic.vogon.web.security.VogonSecurityUser)
2018-12-22 13:24:07.414  INFO 11736 --- [           main] s.w.s.m.m.a.RequestMappingHandlerMapping : Mapped "{[/service/transactions/pages],methods=[GET],produces=[application/json]}" onto public long org.zlogic.vogon.web.controller.TransactionsController.getTransactionsCount(org.zlogic.vogon.web.security.VogonSecurityUser)
2018-12-22 13:24:07.414  INFO 11736 --- [           main] s.w.s.m.m.a.RequestMappingHandlerMapping : Mapped "{[/service/transactions/transaction/{id}],methods=[DELETE],produces=[application/json]}" onto public org.zlogic.vogon.web.data.model.FinanceTransactionJson org.zlogic.vogon.web.controller.TransactionsController.deleteTransaction(long,org.zlogic.vogon.web.security.VogonSecurityUser)
2018-12-22 13:24:07.414  INFO 11736 --- [           main] s.w.s.m.m.a.RequestMappingHandlerMapping : Mapped "{[/service/user],methods=[POST],produces=[application/json]}" onto public org.zlogic.vogon.data.VogonUser org.zlogic.vogon.web.controller.UsersController.submitUser(org.zlogic.vogon.data.VogonUser,org.zlogic.vogon.web.security.VogonSecurityUser) throws org.zlogic.vogon.web.security.UsernameExistsException
2018-12-22 13:24:07.414  INFO 11736 --- [           main] s.w.s.m.m.a.RequestMappingHandlerMapping : Mapped "{[/service/user],methods=[GET],produces=[application/json]}" onto public org.zlogic.vogon.data.VogonUser org.zlogic.vogon.web.controller.UsersController.getUserData(org.zlogic.vogon.web.security.VogonSecurityUser)
2018-12-22 13:24:07.415  INFO 11736 --- [           main] s.w.s.m.m.a.RequestMappingHandlerMapping : Mapped "{[/error]}" onto public org.springframework.http.ResponseEntity<java.util.Map<java.lang.String, java.lang.Object>> org.springframework.boot.autoconfigure.web.BasicErrorController.error(javax.servlet.http.HttpServletRequest)
2018-12-22 13:24:07.415  INFO 11736 --- [           main] s.w.s.m.m.a.RequestMappingHandlerMapping : Mapped "{[/error],produces=[text/html]}" onto public org.springframework.web.servlet.ModelAndView org.springframework.boot.autoconfigure.web.BasicErrorController.errorHtml(javax.servlet.http.HttpServletRequest,javax.servlet.http.HttpServletResponse)
2018-12-22 13:24:07.430  INFO 11736 --- [           main] o.s.w.s.handler.SimpleUrlHandlerMapping  : Root mapping to handler of type [class org.springframework.web.servlet.mvc.ParameterizableViewController]
2018-12-22 13:24:07.582  INFO 11736 --- [           main] o.s.w.s.handler.SimpleUrlHandlerMapping  : Mapped URL path [/webjars/**] onto handler of type [class org.springframework.web.servlet.resource.ResourceHttpRequestHandler]
2018-12-22 13:24:07.582  INFO 11736 --- [           main] o.s.w.s.handler.SimpleUrlHandlerMapping  : Mapped URL path [/**] onto handler of type [class org.springframework.web.servlet.resource.ResourceHttpRequestHandler]
2018-12-22 13:24:07.582  INFO 11736 --- [           main] o.s.w.s.handler.SimpleUrlHandlerMapping  : Mapped URL path [/**] onto handler of type [class org.springframework.web.servlet.resource.DefaultServletHttpRequestHandler]
2018-12-22 13:24:07.618  INFO 11736 --- [           main] o.s.w.s.handler.SimpleUrlHandlerMapping  : Mapped URL path [/**/favicon.ico] onto handler of type [class org.springframework.web.servlet.resource.ResourceHttpRequestHandler]
2018-12-22 13:24:07.784  INFO 11736 --- [           main] o.s.b.a.e.mvc.EndpointHandlerMapping     : Mapped "{[/autoconfig || /autoconfig.json],methods=[GET],produces=[application/vnd.spring-boot.actuator.v1+json || application/json]}" onto public java.lang.Object org.springframework.boot.actuate.endpoint.mvc.EndpointMvcAdapter.invoke()
2018-12-22 13:24:07.784  INFO 11736 --- [           main] o.s.b.a.e.mvc.EndpointHandlerMapping     : Mapped "{[/metrics/{name:.*}],methods=[GET],produces=[application/vnd.spring-boot.actuator.v1+json || application/json]}" onto public java.lang.Object org.springframework.boot.actuate.endpoint.mvc.MetricsMvcEndpoint.value(java.lang.String)
2018-12-22 13:24:07.784  INFO 11736 --- [           main] o.s.b.a.e.mvc.EndpointHandlerMapping     : Mapped "{[/metrics || /metrics.json],methods=[GET],produces=[application/vnd.spring-boot.actuator.v1+json || application/json]}" onto public java.lang.Object org.springframework.boot.actuate.endpoint.mvc.EndpointMvcAdapter.invoke()
2018-12-22 13:24:07.784  INFO 11736 --- [           main] o.s.b.a.e.mvc.EndpointHandlerMapping     : Mapped "{[/mappings || /mappings.json],methods=[GET],produces=[application/vnd.spring-boot.actuator.v1+json || application/json]}" onto public java.lang.Object org.springframework.boot.actuate.endpoint.mvc.EndpointMvcAdapter.invoke()
2018-12-22 13:24:07.784  INFO 11736 --- [           main] o.s.b.a.e.mvc.EndpointHandlerMapping     : Mapped "{[/trace || /trace.json],methods=[GET],produces=[application/vnd.spring-boot.actuator.v1+json || application/json]}" onto public java.lang.Object org.springframework.boot.actuate.endpoint.mvc.EndpointMvcAdapter.invoke()
2018-12-22 13:24:07.784  INFO 11736 --- [           main] o.s.b.a.e.mvc.EndpointHandlerMapping     : Mapped "{[/env/{name:.*}],methods=[GET],produces=[application/vnd.spring-boot.actuator.v1+json || application/json]}" onto public java.lang.Object org.springframework.boot.actuate.endpoint.mvc.EnvironmentMvcEndpoint.value(java.lang.String)
2018-12-22 13:24:07.784  INFO 11736 --- [           main] o.s.b.a.e.mvc.EndpointHandlerMapping     : Mapped "{[/env || /env.json],methods=[GET],produces=[application/vnd.spring-boot.actuator.v1+json || application/json]}" onto public java.lang.Object org.springframework.boot.actuate.endpoint.mvc.EndpointMvcAdapter.invoke()
2018-12-22 13:24:07.784  INFO 11736 --- [           main] o.s.b.a.e.mvc.EndpointHandlerMapping     : Mapped "{[/dump || /dump.json],methods=[GET],produces=[application/vnd.spring-boot.actuator.v1+json || application/json]}" onto public java.lang.Object org.springframework.boot.actuate.endpoint.mvc.EndpointMvcAdapter.invoke()
2018-12-22 13:24:07.784  INFO 11736 --- [           main] o.s.b.a.e.mvc.EndpointHandlerMapping     : Mapped "{[/heapdump || /heapdump.json],methods=[GET],produces=[application/octet-stream]}" onto public void org.springframework.boot.actuate.endpoint.mvc.HeapdumpMvcEndpoint.invoke(boolean,javax.servlet.http.HttpServletRequest,javax.servlet.http.HttpServletResponse) throws java.io.IOException,javax.servlet.ServletException
2018-12-22 13:24:07.784  INFO 11736 --- [           main] o.s.b.a.e.mvc.EndpointHandlerMapping     : Mapped "{[/info || /info.json],methods=[GET],produces=[application/vnd.spring-boot.actuator.v1+json || application/json]}" onto public java.lang.Object org.springframework.boot.actuate.endpoint.mvc.EndpointMvcAdapter.invoke()
2018-12-22 13:24:07.784  INFO 11736 --- [           main] o.s.b.a.e.mvc.EndpointHandlerMapping     : Mapped "{[/loggers/{name:.*}],methods=[GET],produces=[application/vnd.spring-boot.actuator.v1+json || application/json]}" onto public java.lang.Object org.springframework.boot.actuate.endpoint.mvc.LoggersMvcEndpoint.get(java.lang.String)
2018-12-22 13:24:07.784  INFO 11736 --- [           main] o.s.b.a.e.mvc.EndpointHandlerMapping     : Mapped "{[/loggers/{name:.*}],methods=[POST],consumes=[application/vnd.spring-boot.actuator.v1+json || application/json],produces=[application/vnd.spring-boot.actuator.v1+json || application/json]}" onto public java.lang.Object org.springframework.boot.actuate.endpoint.mvc.LoggersMvcEndpoint.set(java.lang.String,java.util.Map<java.lang.String, java.lang.String>)
2018-12-22 13:24:07.784  INFO 11736 --- [           main] o.s.b.a.e.mvc.EndpointHandlerMapping     : Mapped "{[/loggers || /loggers.json],methods=[GET],produces=[application/vnd.spring-boot.actuator.v1+json || application/json]}" onto public java.lang.Object org.springframework.boot.actuate.endpoint.mvc.EndpointMvcAdapter.invoke()
2018-12-22 13:24:07.784  INFO 11736 --- [           main] o.s.b.a.e.mvc.EndpointHandlerMapping     : Mapped "{[/configprops || /configprops.json],methods=[GET],produces=[application/vnd.spring-boot.actuator.v1+json || application/json]}" onto public java.lang.Object org.springframework.boot.actuate.endpoint.mvc.EndpointMvcAdapter.invoke()
2018-12-22 13:24:07.784  INFO 11736 --- [           main] o.s.b.a.e.mvc.EndpointHandlerMapping     : Mapped "{[/auditevents || /auditevents.json],methods=[GET],produces=[application/vnd.spring-boot.actuator.v1+json || application/json]}" onto public org.springframework.http.ResponseEntity<?> org.springframework.boot.actuate.endpoint.mvc.AuditEventsMvcEndpoint.findByPrincipalAndAfterAndType(java.lang.String,java.util.Date,java.lang.String)
2018-12-22 13:24:07.784  INFO 11736 --- [           main] o.s.b.a.e.mvc.EndpointHandlerMapping     : Mapped "{[/health || /health.json],methods=[GET],produces=[application/vnd.spring-boot.actuator.v1+json || application/json]}" onto public java.lang.Object org.springframework.boot.actuate.endpoint.mvc.HealthMvcEndpoint.invoke(javax.servlet.http.HttpServletRequest,java.security.Principal)
2018-12-22 13:24:07.784  INFO 11736 --- [           main] o.s.b.a.e.mvc.EndpointHandlerMapping     : Mapped "{[/beans || /beans.json],methods=[GET],produces=[application/vnd.spring-boot.actuator.v1+json || application/json]}" onto public java.lang.Object org.springframework.boot.actuate.endpoint.mvc.EndpointMvcAdapter.invoke()
2018-12-22 13:24:07.885 ERROR 11736 --- [           main] o.a.coyote.http11.Http11NioProtocol      : Failed to start end point associated with ProtocolHandler ["http-nio-8080"]

java.net.BindException: Address already in use: bind
	at sun.nio.ch.Net.bind0(Native Method) ~[na:1.8.0_191]
	at sun.nio.ch.Net.bind(Net.java:433) ~[na:1.8.0_191]
	at sun.nio.ch.Net.bind(Net.java:425) ~[na:1.8.0_191]
	at sun.nio.ch.ServerSocketChannelImpl.bind(ServerSocketChannelImpl.java:223) ~[na:1.8.0_191]
	at sun.nio.ch.ServerSocketAdaptor.bind(ServerSocketAdaptor.java:74) ~[na:1.8.0_191]
	at org.apache.tomcat.util.net.NioEndpoint.bind(NioEndpoint.java:210) ~[tomcat-embed-core-8.5.14.jar:8.5.14]
	at org.apache.tomcat.util.net.AbstractEndpoint.start(AbstractEndpoint.java:978) ~[tomcat-embed-core-8.5.14.jar:8.5.14]
	at org.apache.coyote.AbstractProtocol.start(AbstractProtocol.java:628) ~[tomcat-embed-core-8.5.14.jar:8.5.14]
	at org.apache.catalina.connector.Connector.startInternal(Connector.java:993) [tomcat-embed-core-8.5.14.jar:8.5.14]
	at org.apache.catalina.util.LifecycleBase.start(LifecycleBase.java:150) [tomcat-embed-core-8.5.14.jar:8.5.14]
	at org.apache.catalina.core.StandardService.addConnector(StandardService.java:225) [tomcat-embed-core-8.5.14.jar:8.5.14]
	at org.springframework.boot.context.embedded.tomcat.TomcatEmbeddedServletContainer.addPreviouslyRemovedConnectors(TomcatEmbeddedServletContainer.java:247) [spring-boot-1.5.3.RELEASE.jar:1.5.3.RELEASE]
	at org.springframework.boot.context.embedded.tomcat.TomcatEmbeddedServletContainer.start(TomcatEmbeddedServletContainer.java:190) [spring-boot-1.5.3.RELEASE.jar:1.5.3.RELEASE]
	at org.springframework.boot.context.embedded.EmbeddedWebApplicationContext.startEmbeddedServletContainer(EmbeddedWebApplicationContext.java:297) [spring-boot-1.5.3.RELEASE.jar:1.5.3.RELEASE]
	at org.springframework.boot.context.embedded.EmbeddedWebApplicationContext.finishRefresh(EmbeddedWebApplicationContext.java:145) [spring-boot-1.5.3.RELEASE.jar:1.5.3.RELEASE]
	at org.springframework.context.support.AbstractApplicationContext.refresh(AbstractApplicationContext.java:545) [spring-context-4.3.8.RELEASE.jar:4.3.8.RELEASE]
	at org.springframework.boot.context.embedded.EmbeddedWebApplicationContext.refresh(EmbeddedWebApplicationContext.java:122) [spring-boot-1.5.3.RELEASE.jar:1.5.3.RELEASE]
	at org.springframework.boot.SpringApplication.refresh(SpringApplication.java:737) [spring-boot-1.5.3.RELEASE.jar:1.5.3.RELEASE]
	at org.springframework.boot.SpringApplication.refreshContext(SpringApplication.java:370) [spring-boot-1.5.3.RELEASE.jar:1.5.3.RELEASE]
	at org.springframework.boot.SpringApplication.run(SpringApplication.java:314) [spring-boot-1.5.3.RELEASE.jar:1.5.3.RELEASE]
	at org.springframework.boot.test.context.SpringBootContextLoader.loadContext(SpringBootContextLoader.java:120) [spring-boot-test-1.5.3.RELEASE.jar:1.5.3.RELEASE]
	at org.springframework.test.context.cache.DefaultCacheAwareContextLoaderDelegate.loadContextInternal(DefaultCacheAwareContextLoaderDelegate.java:98) [spring-test-4.3.8.RELEASE.jar:4.3.8.RELEASE]
	at org.springframework.test.context.cache.DefaultCacheAwareContextLoaderDelegate.loadContext(DefaultCacheAwareContextLoaderDelegate.java:116) [spring-test-4.3.8.RELEASE.jar:4.3.8.RELEASE]
	at org.springframework.test.context.support.DefaultTestContext.getApplicationContext(DefaultTestContext.java:83) [spring-test-4.3.8.RELEASE.jar:4.3.8.RELEASE]
	at org.springframework.boot.test.autoconfigure.SpringBootDependencyInjectionTestExecutionListener.prepareTestInstance(SpringBootDependencyInjectionTestExecutionListener.java:47) [spring-boot-test-autoconfigure-1.5.3.RELEASE.jar:1.5.3.RELEASE]
	at org.springframework.test.context.TestContextManager.prepareTestInstance(TestContextManager.java:230) [spring-test-4.3.8.RELEASE.jar:4.3.8.RELEASE]
	at org.springframework.test.context.junit4.SpringJUnit4ClassRunner.createTest(SpringJUnit4ClassRunner.java:228) [spring-test-4.3.8.RELEASE.jar:4.3.8.RELEASE]
	at org.springframework.test.context.junit4.SpringJUnit4ClassRunner$1.runReflectiveCall(SpringJUnit4ClassRunner.java:287) [spring-test-4.3.8.RELEASE.jar:4.3.8.RELEASE]
	at org.junit.internal.runners.model.ReflectiveCallable.run(ReflectiveCallable.java:12) [junit-4.12.jar:4.12]
	at org.springframework.test.context.junit4.SpringJUnit4ClassRunner.methodBlock(SpringJUnit4ClassRunner.java:289) [spring-test-4.3.8.RELEASE.jar:4.3.8.RELEASE]
	at org.springframework.test.context.junit4.SpringJUnit4ClassRunner.runChild(SpringJUnit4ClassRunner.java:247) [spring-test-4.3.8.RELEASE.jar:4.3.8.RELEASE]
	at org.springframework.test.context.junit4.SpringJUnit4ClassRunner.runChild(SpringJUnit4ClassRunner.java:94) [spring-test-4.3.8.RELEASE.jar:4.3.8.RELEASE]
	at org.junit.runners.ParentRunner$3.run(ParentRunner.java:290) [junit-4.12.jar:4.12]
	at org.junit.runners.ParentRunner$1.schedule(ParentRunner.java:71) [junit-4.12.jar:4.12]
	at org.junit.runners.ParentRunner.runChildren(ParentRunner.java:288) [junit-4.12.jar:4.12]
	at org.junit.runners.ParentRunner.access$000(ParentRunner.java:58) [junit-4.12.jar:4.12]
	at org.junit.runners.ParentRunner$2.evaluate(ParentRunner.java:268) [junit-4.12.jar:4.12]
	at org.springframework.test.context.junit4.statements.RunBeforeTestClassCallbacks.evaluate(RunBeforeTestClassCallbacks.java:61) [spring-test-4.3.8.RELEASE.jar:4.3.8.RELEASE]
	at org.springframework.test.context.junit4.statements.RunAfterTestClassCallbacks.evaluate(RunAfterTestClassCallbacks.java:70) [spring-test-4.3.8.RELEASE.jar:4.3.8.RELEASE]
	at org.junit.runners.ParentRunner.run(ParentRunner.java:363) [junit-4.12.jar:4.12]
	at org.springframework.test.context.junit4.SpringJUnit4ClassRunner.run(SpringJUnit4ClassRunner.java:191) [spring-test-4.3.8.RELEASE.jar:4.3.8.RELEASE]
	at org.apache.maven.surefire.junit4.JUnit4Provider.execute(JUnit4Provider.java:365) [surefire-junit4-2.20.jar:2.20]
	at org.apache.maven.surefire.junit4.JUnit4Provider.executeWithRerun(JUnit4Provider.java:272) [surefire-junit4-2.20.jar:2.20]
	at org.apache.maven.surefire.junit4.JUnit4Provider.executeTestSet(JUnit4Provider.java:236) [surefire-junit4-2.20.jar:2.20]
	at org.apache.maven.surefire.junit4.JUnit4Provider.invoke(JUnit4Provider.java:159) [surefire-junit4-2.20.jar:2.20]
	at org.apache.maven.surefire.booter.ForkedBooter.invokeProviderInSameClassLoader(ForkedBooter.java:386) [surefire-booter-2.20.jar:2.20]
	at org.apache.maven.surefire.booter.ForkedBooter.runSuitesInProcess(ForkedBooter.java:323) [surefire-booter-2.20.jar:2.20]
	at org.apache.maven.surefire.booter.ForkedBooter.main(ForkedBooter.java:143) [surefire-booter-2.20.jar:2.20]

2018-12-22 13:24:07.885 ERROR 11736 --- [           main] o.apache.catalina.core.StandardService   : Failed to start connector [Connector[HTTP/1.1-8080]]

org.apache.catalina.LifecycleException: Failed to start component [Connector[HTTP/1.1-8080]]
	at org.apache.catalina.util.LifecycleBase.start(LifecycleBase.java:167) ~[tomcat-embed-core-8.5.14.jar:8.5.14]
	at org.apache.catalina.core.StandardService.addConnector(StandardService.java:225) ~[tomcat-embed-core-8.5.14.jar:8.5.14]
	at org.springframework.boot.context.embedded.tomcat.TomcatEmbeddedServletContainer.addPreviouslyRemovedConnectors(TomcatEmbeddedServletContainer.java:247) [spring-boot-1.5.3.RELEASE.jar:1.5.3.RELEASE]
	at org.springframework.boot.context.embedded.tomcat.TomcatEmbeddedServletContainer.start(TomcatEmbeddedServletContainer.java:190) [spring-boot-1.5.3.RELEASE.jar:1.5.3.RELEASE]
	at org.springframework.boot.context.embedded.EmbeddedWebApplicationContext.startEmbeddedServletContainer(EmbeddedWebApplicationContext.java:297) [spring-boot-1.5.3.RELEASE.jar:1.5.3.RELEASE]
	at org.springframework.boot.context.embedded.EmbeddedWebApplicationContext.finishRefresh(EmbeddedWebApplicationContext.java:145) [spring-boot-1.5.3.RELEASE.jar:1.5.3.RELEASE]
	at org.springframework.context.support.AbstractApplicationContext.refresh(AbstractApplicationContext.java:545) [spring-context-4.3.8.RELEASE.jar:4.3.8.RELEASE]
	at org.springframework.boot.context.embedded.EmbeddedWebApplicationContext.refresh(EmbeddedWebApplicationContext.java:122) [spring-boot-1.5.3.RELEASE.jar:1.5.3.RELEASE]
	at org.springframework.boot.SpringApplication.refresh(SpringApplication.java:737) [spring-boot-1.5.3.RELEASE.jar:1.5.3.RELEASE]
	at org.springframework.boot.SpringApplication.refreshContext(SpringApplication.java:370) [spring-boot-1.5.3.RELEASE.jar:1.5.3.RELEASE]
	at org.springframework.boot.SpringApplication.run(SpringApplication.java:314) [spring-boot-1.5.3.RELEASE.jar:1.5.3.RELEASE]
	at org.springframework.boot.test.context.SpringBootContextLoader.loadContext(SpringBootContextLoader.java:120) [spring-boot-test-1.5.3.RELEASE.jar:1.5.3.RELEASE]
	at org.springframework.test.context.cache.DefaultCacheAwareContextLoaderDelegate.loadContextInternal(DefaultCacheAwareContextLoaderDelegate.java:98) [spring-test-4.3.8.RELEASE.jar:4.3.8.RELEASE]
	at org.springframework.test.context.cache.DefaultCacheAwareContextLoaderDelegate.loadContext(DefaultCacheAwareContextLoaderDelegate.java:116) [spring-test-4.3.8.RELEASE.jar:4.3.8.RELEASE]
	at org.springframework.test.context.support.DefaultTestContext.getApplicationContext(DefaultTestContext.java:83) [spring-test-4.3.8.RELEASE.jar:4.3.8.RELEASE]
	at org.springframework.boot.test.autoconfigure.SpringBootDependencyInjectionTestExecutionListener.prepareTestInstance(SpringBootDependencyInjectionTestExecutionListener.java:47) [spring-boot-test-autoconfigure-1.5.3.RELEASE.jar:1.5.3.RELEASE]
	at org.springframework.test.context.TestContextManager.prepareTestInstance(TestContextManager.java:230) [spring-test-4.3.8.RELEASE.jar:4.3.8.RELEASE]
	at org.springframework.test.context.junit4.SpringJUnit4ClassRunner.createTest(SpringJUnit4ClassRunner.java:228) [spring-test-4.3.8.RELEASE.jar:4.3.8.RELEASE]
	at org.springframework.test.context.junit4.SpringJUnit4ClassRunner$1.runReflectiveCall(SpringJUnit4ClassRunner.java:287) [spring-test-4.3.8.RELEASE.jar:4.3.8.RELEASE]
	at org.junit.internal.runners.model.ReflectiveCallable.run(ReflectiveCallable.java:12) [junit-4.12.jar:4.12]
	at org.springframework.test.context.junit4.SpringJUnit4ClassRunner.methodBlock(SpringJUnit4ClassRunner.java:289) [spring-test-4.3.8.RELEASE.jar:4.3.8.RELEASE]
	at org.springframework.test.context.junit4.SpringJUnit4ClassRunner.runChild(SpringJUnit4ClassRunner.java:247) [spring-test-4.3.8.RELEASE.jar:4.3.8.RELEASE]
	at org.springframework.test.context.junit4.SpringJUnit4ClassRunner.runChild(SpringJUnit4ClassRunner.java:94) [spring-test-4.3.8.RELEASE.jar:4.3.8.RELEASE]
	at org.junit.runners.ParentRunner$3.run(ParentRunner.java:290) [junit-4.12.jar:4.12]
	at org.junit.runners.ParentRunner$1.schedule(ParentRunner.java:71) [junit-4.12.jar:4.12]
	at org.junit.runners.ParentRunner.runChildren(ParentRunner.java:288) [junit-4.12.jar:4.12]
	at org.junit.runners.ParentRunner.access$000(ParentRunner.java:58) [junit-4.12.jar:4.12]
	at org.junit.runners.ParentRunner$2.evaluate(ParentRunner.java:268) [junit-4.12.jar:4.12]
	at org.springframework.test.context.junit4.statements.RunBeforeTestClassCallbacks.evaluate(RunBeforeTestClassCallbacks.java:61) [spring-test-4.3.8.RELEASE.jar:4.3.8.RELEASE]
	at org.springframework.test.context.junit4.statements.RunAfterTestClassCallbacks.evaluate(RunAfterTestClassCallbacks.java:70) [spring-test-4.3.8.RELEASE.jar:4.3.8.RELEASE]
	at org.junit.runners.ParentRunner.run(ParentRunner.java:363) [junit-4.12.jar:4.12]
	at org.springframework.test.context.junit4.SpringJUnit4ClassRunner.run(SpringJUnit4ClassRunner.java:191) [spring-test-4.3.8.RELEASE.jar:4.3.8.RELEASE]
	at org.apache.maven.surefire.junit4.JUnit4Provider.execute(JUnit4Provider.java:365) [surefire-junit4-2.20.jar:2.20]
	at org.apache.maven.surefire.junit4.JUnit4Provider.executeWithRerun(JUnit4Provider.java:272) [surefire-junit4-2.20.jar:2.20]
	at org.apache.maven.surefire.junit4.JUnit4Provider.executeTestSet(JUnit4Provider.java:236) [surefire-junit4-2.20.jar:2.20]
	at org.apache.maven.surefire.junit4.JUnit4Provider.invoke(JUnit4Provider.java:159) [surefire-junit4-2.20.jar:2.20]
	at org.apache.maven.surefire.booter.ForkedBooter.invokeProviderInSameClassLoader(ForkedBooter.java:386) [surefire-booter-2.20.jar:2.20]
	at org.apache.maven.surefire.booter.ForkedBooter.runSuitesInProcess(ForkedBooter.java:323) [surefire-booter-2.20.jar:2.20]
	at org.apache.maven.surefire.booter.ForkedBooter.main(ForkedBooter.java:143) [surefire-booter-2.20.jar:2.20]
Caused by: org.apache.catalina.LifecycleException: service.getName(): "Tomcat";  Protocol handler start failed
	at org.apache.catalina.connector.Connector.startInternal(Connector.java:1000) ~[tomcat-embed-core-8.5.14.jar:8.5.14]
	at org.apache.catalina.util.LifecycleBase.start(LifecycleBase.java:150) ~[tomcat-embed-core-8.5.14.jar:8.5.14]
	... 38 common frames omitted
Caused by: java.net.BindException: Address already in use: bind
	at sun.nio.ch.Net.bind0(Native Method) ~[na:1.8.0_191]
	at sun.nio.ch.Net.bind(Net.java:433) ~[na:1.8.0_191]
	at sun.nio.ch.Net.bind(Net.java:425) ~[na:1.8.0_191]
	at sun.nio.ch.ServerSocketChannelImpl.bind(ServerSocketChannelImpl.java:223) ~[na:1.8.0_191]
	at sun.nio.ch.ServerSocketAdaptor.bind(ServerSocketAdaptor.java:74) ~[na:1.8.0_191]
	at org.apache.tomcat.util.net.NioEndpoint.bind(NioEndpoint.java:210) ~[tomcat-embed-core-8.5.14.jar:8.5.14]
	at org.apache.tomcat.util.net.AbstractEndpoint.start(AbstractEndpoint.java:978) ~[tomcat-embed-core-8.5.14.jar:8.5.14]
	at org.apache.coyote.AbstractProtocol.start(AbstractProtocol.java:628) ~[tomcat-embed-core-8.5.14.jar:8.5.14]
	at org.apache.catalina.connector.Connector.startInternal(Connector.java:993) ~[tomcat-embed-core-8.5.14.jar:8.5.14]
	... 39 common frames omitted

2018-12-22 13:24:08.077  INFO 11736 --- [           main] o.apache.catalina.core.StandardService   : Stopping service Tomcat
2018-12-22 13:24:08.082  INFO 11736 --- [           main] utoConfigurationReportLoggingInitializer : 

Error starting ApplicationContext. To display the auto-configuration report re-run your application with 'debug' enabled.
2018-12-22 13:24:08.085 ERROR 11736 --- [           main] o.s.b.d.LoggingFailureAnalysisReporter   : 

***************************
APPLICATION FAILED TO START
***************************

Description:

The Tomcat connector configured to listen on port 8080 failed to start. The port may already be in use or the connector may be misconfigured.

Action:

Verify the connector's configuration, identify and stop any process that's listening on port 8080, or configure this application to listen on another port.

2018-12-22 13:24:08.085  INFO 11736 --- [           main] ationConfigEmbeddedWebApplicationContext : Closing org.springframework.boot.context.embedded.AnnotationConfigEmbeddedWebApplicationContext@2d35ceac: startup date [Sat Dec 22 13:24:06 IST 2018]; root of context hierarchy
2018-12-22 13:24:08.087  INFO 11736 --- [           main] o.z.vogon.web.PersistenceConfiguration   : Unloading JDBC drivers
2018-12-22 13:24:08.087  INFO 11736 --- [           main] j.LocalContainerEntityManagerFactoryBean : Closing JPA EntityManagerFactory for persistence unit 'VogonPU'
2018-12-22 13:24:08.088  INFO 11736 --- [           main] org.hibernate.orm.connections.pooling    : HHH10001008: Cleaning up connection pool [jdbc:h2:mem:test]
2018-12-22 13:24:08.088 ERROR 11736 --- [           main] o.s.test.context.TestContextManager      : Caught exception while allowing TestExecutionListener [org.springframework.boot.test.autoconfigure.SpringBootDependencyInjectionTestExecutionListener@482cd077] to prepare test instance [org.zlogic.vogon.web.TransactionsControllerWriteTest@8280e8]

java.lang.IllegalStateException: Failed to load ApplicationContext
	at org.springframework.test.context.cache.DefaultCacheAwareContextLoaderDelegate.loadContext(DefaultCacheAwareContextLoaderDelegate.java:124) ~[spring-test-4.3.8.RELEASE.jar:4.3.8.RELEASE]
	at org.springframework.test.context.support.DefaultTestContext.getApplicationContext(DefaultTestContext.java:83) ~[spring-test-4.3.8.RELEASE.jar:4.3.8.RELEASE]
	at org.springframework.boot.test.autoconfigure.SpringBootDependencyInjectionTestExecutionListener.prepareTestInstance(SpringBootDependencyInjectionTestExecutionListener.java:47) ~[spring-boot-test-autoconfigure-1.5.3.RELEASE.jar:1.5.3.RELEASE]
	at org.springframework.test.context.TestContextManager.prepareTestInstance(TestContextManager.java:230) ~[spring-test-4.3.8.RELEASE.jar:4.3.8.RELEASE]
	at org.springframework.test.context.junit4.SpringJUnit4ClassRunner.createTest(SpringJUnit4ClassRunner.java:228) [spring-test-4.3.8.RELEASE.jar:4.3.8.RELEASE]
	at org.springframework.test.context.junit4.SpringJUnit4ClassRunner$1.runReflectiveCall(SpringJUnit4ClassRunner.java:287) [spring-test-4.3.8.RELEASE.jar:4.3.8.RELEASE]
	at org.junit.internal.runners.model.ReflectiveCallable.run(ReflectiveCallable.java:12) [junit-4.12.jar:4.12]
	at org.springframework.test.context.junit4.SpringJUnit4ClassRunner.methodBlock(SpringJUnit4ClassRunner.java:289) [spring-test-4.3.8.RELEASE.jar:4.3.8.RELEASE]
	at org.springframework.test.context.junit4.SpringJUnit4ClassRunner.runChild(SpringJUnit4ClassRunner.java:247) [spring-test-4.3.8.RELEASE.jar:4.3.8.RELEASE]
	at org.springframework.test.context.junit4.SpringJUnit4ClassRunner.runChild(SpringJUnit4ClassRunner.java:94) [spring-test-4.3.8.RELEASE.jar:4.3.8.RELEASE]
	at org.junit.runners.ParentRunner$3.run(ParentRunner.java:290) [junit-4.12.jar:4.12]
	at org.junit.runners.ParentRunner$1.schedule(ParentRunner.java:71) [junit-4.12.jar:4.12]
	at org.junit.runners.ParentRunner.runChildren(ParentRunner.java:288) [junit-4.12.jar:4.12]
	at org.junit.runners.ParentRunner.access$000(ParentRunner.java:58) [junit-4.12.jar:4.12]
	at org.junit.runners.ParentRunner$2.evaluate(ParentRunner.java:268) [junit-4.12.jar:4.12]
	at org.springframework.test.context.junit4.statements.RunBeforeTestClassCallbacks.evaluate(RunBeforeTestClassCallbacks.java:61) [spring-test-4.3.8.RELEASE.jar:4.3.8.RELEASE]
	at org.springframework.test.context.junit4.statements.RunAfterTestClassCallbacks.evaluate(RunAfterTestClassCallbacks.java:70) [spring-test-4.3.8.RELEASE.jar:4.3.8.RELEASE]
	at org.junit.runners.ParentRunner.run(ParentRunner.java:363) [junit-4.12.jar:4.12]
	at org.springframework.test.context.junit4.SpringJUnit4ClassRunner.run(SpringJUnit4ClassRunner.java:191) [spring-test-4.3.8.RELEASE.jar:4.3.8.RELEASE]
	at org.apache.maven.surefire.junit4.JUnit4Provider.execute(JUnit4Provider.java:365) [surefire-junit4-2.20.jar:2.20]
	at org.apache.maven.surefire.junit4.JUnit4Provider.executeWithRerun(JUnit4Provider.java:272) [surefire-junit4-2.20.jar:2.20]
	at org.apache.maven.surefire.junit4.JUnit4Provider.executeTestSet(JUnit4Provider.java:236) [surefire-junit4-2.20.jar:2.20]
	at org.apache.maven.surefire.junit4.JUnit4Provider.invoke(JUnit4Provider.java:159) [surefire-junit4-2.20.jar:2.20]
	at org.apache.maven.surefire.booter.ForkedBooter.invokeProviderInSameClassLoader(ForkedBooter.java:386) [surefire-booter-2.20.jar:2.20]
	at org.apache.maven.surefire.booter.ForkedBooter.runSuitesInProcess(ForkedBooter.java:323) [surefire-booter-2.20.jar:2.20]
	at org.apache.maven.surefire.booter.ForkedBooter.main(ForkedBooter.java:143) [surefire-booter-2.20.jar:2.20]
Caused by: org.springframework.boot.context.embedded.tomcat.ConnectorStartFailedException: Connector configured to listen on port 8080 failed to start
	at org.springframework.boot.context.embedded.tomcat.TomcatEmbeddedServletContainer.checkThatConnectorsHaveStarted(TomcatEmbeddedServletContainer.java:219) ~[spring-boot-1.5.3.RELEASE.jar:1.5.3.RELEASE]
	at org.springframework.boot.context.embedded.tomcat.TomcatEmbeddedServletContainer.start(TomcatEmbeddedServletContainer.java:195) ~[spring-boot-1.5.3.RELEASE.jar:1.5.3.RELEASE]
	at org.springframework.boot.context.embedded.EmbeddedWebApplicationContext.startEmbeddedServletContainer(EmbeddedWebApplicationContext.java:297) ~[spring-boot-1.5.3.RELEASE.jar:1.5.3.RELEASE]
	at org.springframework.boot.context.embedded.EmbeddedWebApplicationContext.finishRefresh(EmbeddedWebApplicationContext.java:145) ~[spring-boot-1.5.3.RELEASE.jar:1.5.3.RELEASE]
	at org.springframework.context.support.AbstractApplicationContext.refresh(AbstractApplicationContext.java:545) ~[spring-context-4.3.8.RELEASE.jar:4.3.8.RELEASE]
	at org.springframework.boot.context.embedded.EmbeddedWebApplicationContext.refresh(EmbeddedWebApplicationContext.java:122) ~[spring-boot-1.5.3.RELEASE.jar:1.5.3.RELEASE]
	at org.springframework.boot.SpringApplication.refresh(SpringApplication.java:737) ~[spring-boot-1.5.3.RELEASE.jar:1.5.3.RELEASE]
	at org.springframework.boot.SpringApplication.refreshContext(SpringApplication.java:370) ~[spring-boot-1.5.3.RELEASE.jar:1.5.3.RELEASE]
	at org.springframework.boot.SpringApplication.run(SpringApplication.java:314) ~[spring-boot-1.5.3.RELEASE.jar:1.5.3.RELEASE]
	at org.springframework.boot.test.context.SpringBootContextLoader.loadContext(SpringBootContextLoader.java:120) ~[spring-boot-test-1.5.3.RELEASE.jar:1.5.3.RELEASE]
	at org.springframework.test.context.cache.DefaultCacheAwareContextLoaderDelegate.loadContextInternal(DefaultCacheAwareContextLoaderDelegate.java:98) ~[spring-test-4.3.8.RELEASE.jar:4.3.8.RELEASE]
	at org.springframework.test.context.cache.DefaultCacheAwareContextLoaderDelegate.loadContext(DefaultCacheAwareContextLoaderDelegate.java:116) ~[spring-test-4.3.8.RELEASE.jar:4.3.8.RELEASE]
	... 25 common frames omitted

]]></system-out>
  </testcase>
  <testcase name="testUpdateTransactionComponentVersionConstraint" classname="org.zlogic.vogon.web.TransactionsControllerWriteTest" time="0">
    <error message="Failed to load ApplicationContext" type="java.lang.IllegalStateException">java.lang.IllegalStateException: Failed to load ApplicationContext
Caused by: org.springframework.boot.context.embedded.tomcat.ConnectorStartFailedException: Connector configured to listen on port 8080 failed to start
</error>
    <system-out><![CDATA[
  .   ____          _            __ _ _
 /\\ / ___'_ __ _ _(_)_ __  __ _ \ \ \ \
( ( )\___ | '_ | '_| | '_ \/ _` | \ \ \ \
 \\/  ___)| |_)| | | | | || (_| |  ) ) ) )
  '  |____| .__|_| |_|_| |_\__, | / / / /
 =========|_|==============|___/=/_/_/_/
 :: Spring Boot ::        (v1.5.3.RELEASE)

2018-12-22 13:24:08.127  INFO 11736 --- [           main] o.z.v.w.TransactionsControllerWriteTest  : Starting TransactionsControllerWriteTest on GOPAL with PID 11736 (started by GOPAL$ in C:\Program Files (x86)\Jenkins\workspace\Maven_project\vogon-web)
2018-12-22 13:24:08.127  INFO 11736 --- [           main] o.z.v.w.TransactionsControllerWriteTest  : No active profile set, falling back to default profiles: default
2018-12-22 13:24:08.129  INFO 11736 --- [           main] ationConfigEmbeddedWebApplicationContext : Refreshing org.springframework.boot.context.embedded.AnnotationConfigEmbeddedWebApplicationContext@709f6e9a: startup date [Sat Dec 22 13:24:08 IST 2018]; root of context hierarchy
2018-12-22 13:24:08.405  INFO 11736 --- [           main] o.s.b.f.s.DefaultListableBeanFactory     : Overriding bean definition for bean 'entityManagerFactory' with a different definition: replacing [Root bean: class [null]; scope=; abstract=false; lazyInit=false; autowireMode=3; dependencyCheck=0; autowireCandidate=true; primary=false; factoryBeanName=persistenceConfiguration; factoryMethodName=entityManagerFactory; initMethodName=null; destroyMethodName=(inferred); defined in class path resource [org/zlogic/vogon/web/PersistenceConfiguration.class]] with [Root bean: class [null]; scope=; abstract=false; lazyInit=false; autowireMode=3; dependencyCheck=0; autowireCandidate=true; primary=false; factoryBeanName=databaseConfiguration; factoryMethodName=entityManagerFactory; initMethodName=null; destroyMethodName=(inferred); defined in org.zlogic.vogon.web.DatabaseConfiguration]
2018-12-22 13:24:08.535  INFO 11736 --- [           main] trationDelegate$BeanPostProcessorChecker : Bean 'org.springframework.security.config.annotation.configuration.ObjectPostProcessorConfiguration' of type [org.springframework.security.config.annotation.configuration.ObjectPostProcessorConfiguration$$EnhancerBySpringCGLIB$$be8c3acc] is not eligible for getting processed by all BeanPostProcessors (for example: not eligible for auto-proxying)
2018-12-22 13:24:08.550  INFO 11736 --- [           main] trationDelegate$BeanPostProcessorChecker : Bean 'objectPostProcessor' of type [org.springframework.security.config.annotation.configuration.AutowireBeanFactoryObjectPostProcessor] is not eligible for getting processed by all BeanPostProcessors (for example: not eligible for auto-proxying)
2018-12-22 13:24:08.550  INFO 11736 --- [           main] trationDelegate$BeanPostProcessorChecker : Bean 'org.springframework.security.access.expression.method.DefaultMethodSecurityExpressionHandler@5161e856' of type [org.springframework.security.oauth2.provider.expression.OAuth2MethodSecurityExpressionHandler] is not eligible for getting processed by all BeanPostProcessors (for example: not eligible for auto-proxying)
2018-12-22 13:24:08.550  INFO 11736 --- [           main] trationDelegate$BeanPostProcessorChecker : Bean 'org.springframework.security.config.annotation.method.configuration.GlobalMethodSecurityConfiguration' of type [org.springframework.security.config.annotation.method.configuration.GlobalMethodSecurityConfiguration$$EnhancerBySpringCGLIB$$e360dd7e] is not eligible for getting processed by all BeanPostProcessors (for example: not eligible for auto-proxying)
2018-12-22 13:24:08.550  INFO 11736 --- [           main] trationDelegate$BeanPostProcessorChecker : Bean 'methodSecurityMetadataSource' of type [org.springframework.security.access.method.DelegatingMethodSecurityMetadataSource] is not eligible for getting processed by all BeanPostProcessors (for example: not eligible for auto-proxying)
2018-12-22 13:24:08.550  INFO 11736 --- [           main] trationDelegate$BeanPostProcessorChecker : Bean 'org.springframework.transaction.annotation.ProxyTransactionManagementConfiguration' of type [org.springframework.transaction.annotation.ProxyTransactionManagementConfiguration$$EnhancerBySpringCGLIB$$25de7292] is not eligible for getting processed by all BeanPostProcessors (for example: not eligible for auto-proxying)
2018-12-22 13:24:08.579  INFO 11736 --- [           main] trationDelegate$BeanPostProcessorChecker : Bean 'security.oauth2.client-org.springframework.boot.autoconfigure.security.oauth2.OAuth2ClientProperties' of type [org.springframework.boot.autoconfigure.security.oauth2.OAuth2ClientProperties] is not eligible for getting processed by all BeanPostProcessors (for example: not eligible for auto-proxying)
2018-12-22 13:24:08.581  INFO 11736 --- [           main] trationDelegate$BeanPostProcessorChecker : Bean 'org.springframework.boot.autoconfigure.security.oauth2.OAuth2AutoConfiguration' of type [org.springframework.boot.autoconfigure.security.oauth2.OAuth2AutoConfiguration$$EnhancerBySpringCGLIB$$dd282e92] is not eligible for getting processed by all BeanPostProcessors (for example: not eligible for auto-proxying)
2018-12-22 13:24:08.586  INFO 11736 --- [           main] trationDelegate$BeanPostProcessorChecker : Bean 'resourceServerProperties' of type [org.springframework.boot.autoconfigure.security.oauth2.resource.ResourceServerProperties] is not eligible for getting processed by all BeanPostProcessors (for example: not eligible for auto-proxying)
2018-12-22 13:24:08.616  INFO 11736 --- [           main] org.zlogic.vogon.web.TomcatConfigurer    : Using keystore C:\Program Files (x86)\Jenkins\workspace\Maven_project\vogon-web\target/vogonweb.keystore with password ********
2018-12-22 13:24:08.632  INFO 11736 --- [           main] s.b.c.e.t.TomcatEmbeddedServletContainer : Tomcat initialized with port(s): 8080 (http) 8443 (https)
2018-12-22 13:24:08.632  INFO 11736 --- [           main] o.apache.catalina.core.StandardService   : Starting service Tomcat
2018-12-22 13:24:08.632  INFO 11736 --- [           main] org.apache.catalina.core.StandardEngine  : Starting Servlet Engine: Apache Tomcat/8.5.14
2018-12-22 13:24:08.667  INFO 11736 --- [ost-startStop-1] org.apache.jasper.servlet.TldScanner     : At least one JAR was scanned for TLDs yet contained no TLDs. Enable debug logging for this logger for a complete list of JARs that were scanned but no TLDs were found in them. Skipping unneeded JARs during scanning can improve startup time and JSP compilation time.
2018-12-22 13:24:08.669  INFO 11736 --- [ost-startStop-1] o.a.c.c.C.[Tomcat-148].[localhost].[/]   : Initializing Spring embedded WebApplicationContext
2018-12-22 13:24:08.669  INFO 11736 --- [ost-startStop-1] o.s.web.context.ContextLoader            : Root WebApplicationContext: initialization completed in 540 ms
2018-12-22 13:24:08.816  INFO 11736 --- [ost-startStop-1] o.s.b.w.servlet.FilterRegistrationBean   : Mapping filter: 'metricsFilter' to: [/*]
2018-12-22 13:24:08.816  INFO 11736 --- [ost-startStop-1] o.s.b.w.servlet.FilterRegistrationBean   : Mapping filter: 'characterEncodingFilter' to: [/*]
2018-12-22 13:24:08.816  INFO 11736 --- [ost-startStop-1] o.s.b.w.servlet.FilterRegistrationBean   : Mapping filter: 'hiddenHttpMethodFilter' to: [/*]
2018-12-22 13:24:08.816  INFO 11736 --- [ost-startStop-1] o.s.b.w.servlet.FilterRegistrationBean   : Mapping filter: 'httpPutFormContentFilter' to: [/*]
2018-12-22 13:24:08.816  INFO 11736 --- [ost-startStop-1] o.s.b.w.servlet.FilterRegistrationBean   : Mapping filter: 'requestContextFilter' to: [/*]
2018-12-22 13:24:08.816  INFO 11736 --- [ost-startStop-1] .s.DelegatingFilterProxyRegistrationBean : Mapping filter: 'springSecurityFilterChain' to: [/*]
2018-12-22 13:24:08.816  INFO 11736 --- [ost-startStop-1] o.s.b.w.servlet.FilterRegistrationBean   : Mapping filter: 'webRequestLoggingFilter' to: [/*]
2018-12-22 13:24:08.816  INFO 11736 --- [ost-startStop-1] o.s.b.w.servlet.FilterRegistrationBean   : Mapping filter: 'applicationContextIdFilter' to: [/*]
2018-12-22 13:24:08.816  INFO 11736 --- [ost-startStop-1] o.s.b.w.servlet.ServletRegistrationBean  : Mapping servlet: 'dispatcherServlet' to [/]
2018-12-22 13:24:08.816  INFO 11736 --- [           main] j.LocalContainerEntityManagerFactoryBean : Building JPA container EntityManagerFactory for persistence unit 'VogonPU'
2018-12-22 13:24:08.816  INFO 11736 --- [           main] o.hibernate.jpa.internal.util.LogHelper  : HHH000204: Processing PersistenceUnitInfo [
	name: VogonPU
	...]
2018-12-22 13:24:08.831  WARN 11736 --- [           main] org.hibernate.orm.connections.pooling    : HHH10001002: Using Hibernate built-in connection pool (not for production use!)
2018-12-22 13:24:08.831  INFO 11736 --- [           main] org.hibernate.orm.connections.pooling    : HHH10001005: using driver [org.h2.Driver] at URL [jdbc:h2:mem:test]
2018-12-22 13:24:08.831  INFO 11736 --- [           main] org.hibernate.orm.connections.pooling    : HHH10001001: Connection properties: {}
2018-12-22 13:24:08.831  INFO 11736 --- [           main] org.hibernate.orm.connections.pooling    : HHH10001003: Autocommit mode: false
2018-12-22 13:24:08.831  INFO 11736 --- [           main] .c.i.DriverManagerConnectionProviderImpl : HHH000115: Hibernate connection pool size: 20 (min=1)
2018-12-22 13:24:08.831  INFO 11736 --- [           main] org.hibernate.dialect.Dialect            : HHH000400: Using dialect: org.hibernate.dialect.H2Dialect
2018-12-22 13:24:08.831  INFO 11736 --- [           main] org.hibernate.orm.connections.access     : HHH10001501: Connection obtained from JdbcConnectionAccess [org.hibernate.engine.jdbc.env.internal.JdbcEnvironmentInitiator$ConnectionProviderJdbcConnectionAccess@52abcc80] for (non-JTA) DDL execution was not in auto-commit mode; the Connection 'local transaction' will be committed and the Connection will be set into auto-commit mode.
2018-12-22 13:24:08.850  INFO 11736 --- [           main] j.LocalContainerEntityManagerFactoryBean : Initialized JPA EntityManagerFactory for persistence unit 'VogonPU'
2018-12-22 13:24:09.150  INFO 11736 --- [           main] .s.o.p.e.FrameworkEndpointHandlerMapping : Mapped "{[/oauth/authorize]}" onto public org.springframework.web.servlet.ModelAndView org.springframework.security.oauth2.provider.endpoint.AuthorizationEndpoint.authorize(java.util.Map<java.lang.String, java.lang.Object>,java.util.Map<java.lang.String, java.lang.String>,org.springframework.web.bind.support.SessionStatus,java.security.Principal)
2018-12-22 13:24:09.150  INFO 11736 --- [           main] .s.o.p.e.FrameworkEndpointHandlerMapping : Mapped "{[/oauth/authorize],methods=[POST],params=[user_oauth_approval]}" onto public org.springframework.web.servlet.View org.springframework.security.oauth2.provider.endpoint.AuthorizationEndpoint.approveOrDeny(java.util.Map<java.lang.String, java.lang.String>,java.util.Map<java.lang.String, ?>,org.springframework.web.bind.support.SessionStatus,java.security.Principal)
2018-12-22 13:24:09.150  INFO 11736 --- [           main] .s.o.p.e.FrameworkEndpointHandlerMapping : Mapped "{[/oauth/token],methods=[GET]}" onto public org.springframework.http.ResponseEntity<org.springframework.security.oauth2.common.OAuth2AccessToken> org.springframework.security.oauth2.provider.endpoint.TokenEndpoint.getAccessToken(java.security.Principal,java.util.Map<java.lang.String, java.lang.String>) throws org.springframework.web.HttpRequestMethodNotSupportedException
2018-12-22 13:24:09.151  INFO 11736 --- [           main] .s.o.p.e.FrameworkEndpointHandlerMapping : Mapped "{[/oauth/token],methods=[POST]}" onto public org.springframework.http.ResponseEntity<org.springframework.security.oauth2.common.OAuth2AccessToken> org.springframework.security.oauth2.provider.endpoint.TokenEndpoint.postAccessToken(java.security.Principal,java.util.Map<java.lang.String, java.lang.String>) throws org.springframework.web.HttpRequestMethodNotSupportedException
2018-12-22 13:24:09.151  INFO 11736 --- [           main] .s.o.p.e.FrameworkEndpointHandlerMapping : Mapped "{[/oauth/check_token]}" onto public java.util.Map<java.lang.String, ?> org.springframework.security.oauth2.provider.endpoint.CheckTokenEndpoint.checkToken(java.lang.String)
2018-12-22 13:24:09.151  INFO 11736 --- [           main] .s.o.p.e.FrameworkEndpointHandlerMapping : Mapped "{[/oauth/confirm_access]}" onto public org.springframework.web.servlet.ModelAndView org.springframework.security.oauth2.provider.endpoint.WhitelabelApprovalEndpoint.getAccessConfirmation(java.util.Map<java.lang.String, java.lang.Object>,javax.servlet.http.HttpServletRequest) throws java.lang.Exception
2018-12-22 13:24:09.151  INFO 11736 --- [           main] .s.o.p.e.FrameworkEndpointHandlerMapping : Mapped "{[/oauth/error]}" onto public org.springframework.web.servlet.ModelAndView org.springframework.security.oauth2.provider.endpoint.WhitelabelErrorEndpoint.handleError(javax.servlet.http.HttpServletRequest)
2018-12-22 13:24:09.331  INFO 11736 --- [           main] o.s.s.web.DefaultSecurityFilterChain     : Creating filter chain: OrRequestMatcher [requestMatchers=[Ant [pattern='/oauth/token'], Ant [pattern='/oauth/token_key'], Ant [pattern='/oauth/check_token']]], [org.springframework.security.web.context.request.async.WebAsyncManagerIntegrationFilter@44625fb7, org.springframework.security.web.context.SecurityContextPersistenceFilter@239f5129, org.springframework.security.web.header.HeaderWriterFilter@6ebc7713, org.springframework.security.web.authentication.logout.LogoutFilter@6e7ec3e6, org.springframework.security.oauth2.provider.client.ClientCredentialsTokenEndpointFilter@2726e8d4, org.springframework.security.web.authentication.www.BasicAuthenticationFilter@25c8a69b, org.springframework.security.web.savedrequest.RequestCacheAwareFilter@7a2e75be, org.springframework.security.web.servletapi.SecurityContextHolderAwareRequestFilter@77278107, org.springframework.security.web.authentication.AnonymousAuthenticationFilter@5d472870, org.springframework.security.web.session.SessionManagementFilter@3b645499, org.springframework.security.web.access.ExceptionTranslationFilter@302d28ac, org.springframework.security.web.access.intercept.FilterSecurityInterceptor@55e3c523]
2018-12-22 13:24:09.331  INFO 11736 --- [           main] o.s.s.web.DefaultSecurityFilterChain     : Creating filter chain: org.springframework.boot.actuate.autoconfigure.ManagementWebSecurityAutoConfiguration$LazyEndpointPathRequestMatcher@1d06cecf, [org.springframework.security.web.context.request.async.WebAsyncManagerIntegrationFilter@4fe98855, org.springframework.security.web.context.SecurityContextPersistenceFilter@4ecb46e9, org.springframework.security.web.header.HeaderWriterFilter@21ad4292, org.springframework.security.web.authentication.logout.LogoutFilter@6d02338b, org.springframework.security.web.authentication.www.BasicAuthenticationFilter@627c4113, org.springframework.security.web.savedrequest.RequestCacheAwareFilter@2a492f9e, org.springframework.security.web.servletapi.SecurityContextHolderAwareRequestFilter@61bb5197, org.springframework.security.web.authentication.AnonymousAuthenticationFilter@2acbd761, org.springframework.security.web.session.SessionManagementFilter@5aeacbe0, org.springframework.security.web.access.ExceptionTranslationFilter@7e5346a8, org.springframework.security.web.access.intercept.FilterSecurityInterceptor@2f4941c8]
2018-12-22 13:24:09.355  INFO 11736 --- [           main] o.s.s.w.a.c.ChannelProcessingFilter      : Validated configuration attributes
2018-12-22 13:24:09.358  INFO 11736 --- [           main] o.s.s.web.DefaultSecurityFilterChain     : Creating filter chain: org.springframework.security.oauth2.config.annotation.web.configuration.ResourceServerConfiguration$NotOAuthRequestMatcher@15473a8d, [org.springframework.security.web.access.channel.ChannelProcessingFilter@567c8e99, org.springframework.security.web.context.request.async.WebAsyncManagerIntegrationFilter@4d2ec994, org.springframework.security.web.context.SecurityContextPersistenceFilter@3c2f04ba, org.springframework.security.web.header.HeaderWriterFilter@60ec0cb8, org.springframework.security.web.authentication.logout.LogoutFilter@3e8e9ca8, org.springframework.security.oauth2.provider.authentication.OAuth2AuthenticationProcessingFilter@5a5fbf61, org.springframework.security.web.savedrequest.RequestCacheAwareFilter@4432edf9, org.springframework.security.web.servletapi.SecurityContextHolderAwareRequestFilter@443bb00b, org.springframework.security.web.authentication.AnonymousAuthenticationFilter@7525ecde, org.springframework.security.web.session.SessionManagementFilter@52d5134f, org.springframework.security.web.access.ExceptionTranslationFilter@3ff735d, org.springframework.security.web.access.intercept.FilterSecurityInterceptor@b7d30ac]
2018-12-22 13:24:09.436  INFO 11736 --- [           main] s.w.s.m.m.a.RequestMappingHandlerAdapter : Looking for @ControllerAdvice: org.springframework.boot.context.embedded.AnnotationConfigEmbeddedWebApplicationContext@709f6e9a: startup date [Sat Dec 22 13:24:08 IST 2018]; root of context hierarchy
2018-12-22 13:24:09.448  INFO 11736 --- [           main] s.w.s.m.m.a.RequestMappingHandlerMapping : Mapped "{[/service/accounts],methods=[GET],produces=[application/json]}" onto public java.util.Collection<org.zlogic.vogon.data.FinanceAccount> org.zlogic.vogon.web.controller.AccountsController.getAllAccounts(org.zlogic.vogon.web.security.VogonSecurityUser)
2018-12-22 13:24:09.448  INFO 11736 --- [           main] s.w.s.m.m.a.RequestMappingHandlerMapping : Mapped "{[/service/accounts],methods=[POST],produces=[application/json]}" onto public java.util.Collection<org.zlogic.vogon.data.FinanceAccount> org.zlogic.vogon.web.controller.AccountsController.updateAccounts(java.util.Collection<org.zlogic.vogon.data.FinanceAccount>,org.zlogic.vogon.web.security.VogonSecurityUser)
2018-12-22 13:24:09.448  INFO 11736 --- [           main] s.w.s.m.m.a.RequestMappingHandlerMapping : Mapped "{[/service/analytics/tags],methods=[GET],produces=[application/json]}" onto public java.util.Set<java.lang.String> org.zlogic.vogon.web.controller.AnalyticsController.getAllTags(org.zlogic.vogon.web.security.VogonSecurityUser)
2018-12-22 13:24:09.448  INFO 11736 --- [           main] s.w.s.m.m.a.RequestMappingHandlerMapping : Mapped "{[/service/analytics],methods=[POST],produces=[application/json]}" onto public java.util.Map<java.lang.String, org.zlogic.vogon.data.report.Report> org.zlogic.vogon.web.controller.AnalyticsController.getReport(org.zlogic.vogon.data.report.ReportFactory,org.zlogic.vogon.web.security.VogonSecurityUser)
2018-12-22 13:24:09.448  INFO 11736 --- [           main] s.w.s.m.m.a.RequestMappingHandlerMapping : Mapped "{[/service/currencies],methods=[GET],produces=[application/json]}" onto public java.util.Collection<org.zlogic.vogon.web.data.model.CurrencyDetails> org.zlogic.vogon.web.controller.CurrenciesController.getAllCurrencies()
2018-12-22 13:24:09.448  INFO 11736 --- [           main] s.w.s.m.m.a.RequestMappingHandlerMapping : Mapped "{[/service/export],methods=[GET || POST]}" onto public org.springframework.http.HttpEntity<byte[]> org.zlogic.vogon.web.controller.DataController.exportDataJSON(org.zlogic.vogon.web.security.VogonSecurityUser) throws java.lang.RuntimeException
2018-12-22 13:24:09.448  INFO 11736 --- [           main] s.w.s.m.m.a.RequestMappingHandlerMapping : Mapped "{[/service/import],methods=[POST],consumes=[multipart/form-data],produces=[application/json]}" onto public java.lang.Boolean org.zlogic.vogon.web.controller.DataController.importData(org.springframework.web.multipart.MultipartFile,org.zlogic.vogon.web.security.VogonSecurityUser) throws java.lang.RuntimeException
2018-12-22 13:24:09.448  INFO 11736 --- [           main] s.w.s.m.m.a.RequestMappingHandlerMapping : Mapped "{[/fragments/{fragment}.fragment]}" onto public org.springframework.web.servlet.ModelAndView org.zlogic.vogon.web.controller.JspController.fragmentModelAndView(java.lang.String)
2018-12-22 13:24:09.449  INFO 11736 --- [           main] s.w.s.m.m.a.RequestMappingHandlerMapping : Mapped "{[/]}" onto public org.springframework.web.servlet.ModelAndView org.zlogic.vogon.web.controller.JspController.indexModelAndView()
2018-12-22 13:24:09.457  INFO 11736 --- [           main] s.w.s.m.m.a.RequestMappingHandlerMapping : Mapped "{[/oauth/logout],methods=[POST]}" onto public void org.zlogic.vogon.web.controller.LogoutController.logout(org.springframework.security.oauth2.provider.OAuth2Authentication) throws org.zlogic.vogon.web.security.UsernameExistsException
2018-12-22 13:24:09.458  INFO 11736 --- [           main] s.w.s.m.m.a.RequestMappingHandlerMapping : Mapped "{[/register],methods=[POST],produces=[application/json]}" onto public org.zlogic.vogon.data.VogonUser org.zlogic.vogon.web.controller.RegistrationController.register(org.zlogic.vogon.data.VogonUser) throws org.zlogic.vogon.web.security.UsernameExistsException
2018-12-22 13:24:09.460  INFO 11736 --- [           main] s.w.s.m.m.a.RequestMappingHandlerMapping : Mapped "{[/service/transactions/transaction/{id}],methods=[GET],produces=[application/json]}" onto public org.zlogic.vogon.web.data.model.FinanceTransactionJson org.zlogic.vogon.web.controller.TransactionsController.getTransaction(long,org.zlogic.vogon.web.security.VogonSecurityUser)
2018-12-22 13:24:09.461  INFO 11736 --- [           main] s.w.s.m.m.a.RequestMappingHandlerMapping : Mapped "{[/service/transactions],methods=[GET],produces=[application/json]}" onto public java.util.Collection<org.zlogic.vogon.web.data.model.FinanceTransactionJson> org.zlogic.vogon.web.controller.TransactionsController.getTransactions(java.lang.Integer,org.zlogic.vogon.web.controller.TransactionsController$SortColumn,org.springframework.data.domain.Sort$Direction,java.lang.String,java.util.Date,java.util.Collection<java.lang.String>,org.zlogic.vogon.web.security.VogonSecurityUser)
2018-12-22 13:24:09.463  INFO 11736 --- [           main] s.w.s.m.m.a.RequestMappingHandlerMapping : Mapped "{[/service/transactions],methods=[POST],produces=[application/json]}" onto public org.zlogic.vogon.web.data.model.FinanceTransactionJson org.zlogic.vogon.web.controller.TransactionsController.submitTransaction(org.zlogic.vogon.web.data.model.FinanceTransactionJson,org.zlogic.vogon.web.security.VogonSecurityUser)
2018-12-22 13:24:09.463  INFO 11736 --- [           main] s.w.s.m.m.a.RequestMappingHandlerMapping : Mapped "{[/service/transactions/pages],methods=[GET],produces=[application/json]}" onto public long org.zlogic.vogon.web.controller.TransactionsController.getTransactionsCount(org.zlogic.vogon.web.security.VogonSecurityUser)
2018-12-22 13:24:09.465  INFO 11736 --- [           main] s.w.s.m.m.a.RequestMappingHandlerMapping : Mapped "{[/service/transactions/transaction/{id}],methods=[DELETE],produces=[application/json]}" onto public org.zlogic.vogon.web.data.model.FinanceTransactionJson org.zlogic.vogon.web.controller.TransactionsController.deleteTransaction(long,org.zlogic.vogon.web.security.VogonSecurityUser)
2018-12-22 13:24:09.467  INFO 11736 --- [           main] s.w.s.m.m.a.RequestMappingHandlerMapping : Mapped "{[/service/user],methods=[POST],produces=[application/json]}" onto public org.zlogic.vogon.data.VogonUser org.zlogic.vogon.web.controller.UsersController.submitUser(org.zlogic.vogon.data.VogonUser,org.zlogic.vogon.web.security.VogonSecurityUser) throws org.zlogic.vogon.web.security.UsernameExistsException
2018-12-22 13:24:09.467  INFO 11736 --- [           main] s.w.s.m.m.a.RequestMappingHandlerMapping : Mapped "{[/service/user],methods=[GET],produces=[application/json]}" onto public org.zlogic.vogon.data.VogonUser org.zlogic.vogon.web.controller.UsersController.getUserData(org.zlogic.vogon.web.security.VogonSecurityUser)
2018-12-22 13:24:09.472  INFO 11736 --- [           main] s.w.s.m.m.a.RequestMappingHandlerMapping : Mapped "{[/error]}" onto public org.springframework.http.ResponseEntity<java.util.Map<java.lang.String, java.lang.Object>> org.springframework.boot.autoconfigure.web.BasicErrorController.error(javax.servlet.http.HttpServletRequest)
2018-12-22 13:24:09.474  INFO 11736 --- [           main] s.w.s.m.m.a.RequestMappingHandlerMapping : Mapped "{[/error],produces=[text/html]}" onto public org.springframework.web.servlet.ModelAndView org.springframework.boot.autoconfigure.web.BasicErrorController.errorHtml(javax.servlet.http.HttpServletRequest,javax.servlet.http.HttpServletResponse)
2018-12-22 13:24:09.493  INFO 11736 --- [           main] o.s.w.s.handler.SimpleUrlHandlerMapping  : Root mapping to handler of type [class org.springframework.web.servlet.mvc.ParameterizableViewController]
2018-12-22 13:24:09.682  INFO 11736 --- [           main] o.s.w.s.handler.SimpleUrlHandlerMapping  : Mapped URL path [/webjars/**] onto handler of type [class org.springframework.web.servlet.resource.ResourceHttpRequestHandler]
2018-12-22 13:24:09.682  INFO 11736 --- [           main] o.s.w.s.handler.SimpleUrlHandlerMapping  : Mapped URL path [/**] onto handler of type [class org.springframework.web.servlet.resource.ResourceHttpRequestHandler]
2018-12-22 13:24:09.682  INFO 11736 --- [           main] o.s.w.s.handler.SimpleUrlHandlerMapping  : Mapped URL path [/**] onto handler of type [class org.springframework.web.servlet.resource.DefaultServletHttpRequestHandler]
2018-12-22 13:24:09.717  INFO 11736 --- [           main] o.s.w.s.handler.SimpleUrlHandlerMapping  : Mapped URL path [/**/favicon.ico] onto handler of type [class org.springframework.web.servlet.resource.ResourceHttpRequestHandler]
2018-12-22 13:24:09.915  INFO 11736 --- [           main] o.s.b.a.e.mvc.EndpointHandlerMapping     : Mapped "{[/beans || /beans.json],methods=[GET],produces=[application/vnd.spring-boot.actuator.v1+json || application/json]}" onto public java.lang.Object org.springframework.boot.actuate.endpoint.mvc.EndpointMvcAdapter.invoke()
2018-12-22 13:24:09.915  INFO 11736 --- [           main] o.s.b.a.e.mvc.EndpointHandlerMapping     : Mapped "{[/trace || /trace.json],methods=[GET],produces=[application/vnd.spring-boot.actuator.v1+json || application/json]}" onto public java.lang.Object org.springframework.boot.actuate.endpoint.mvc.EndpointMvcAdapter.invoke()
2018-12-22 13:24:09.915  INFO 11736 --- [           main] o.s.b.a.e.mvc.EndpointHandlerMapping     : Mapped "{[/loggers/{name:.*}],methods=[GET],produces=[application/vnd.spring-boot.actuator.v1+json || application/json]}" onto public java.lang.Object org.springframework.boot.actuate.endpoint.mvc.LoggersMvcEndpoint.get(java.lang.String)
2018-12-22 13:24:09.915  INFO 11736 --- [           main] o.s.b.a.e.mvc.EndpointHandlerMapping     : Mapped "{[/loggers/{name:.*}],methods=[POST],consumes=[application/vnd.spring-boot.actuator.v1+json || application/json],produces=[application/vnd.spring-boot.actuator.v1+json || application/json]}" onto public java.lang.Object org.springframework.boot.actuate.endpoint.mvc.LoggersMvcEndpoint.set(java.lang.String,java.util.Map<java.lang.String, java.lang.String>)
2018-12-22 13:24:09.915  INFO 11736 --- [           main] o.s.b.a.e.mvc.EndpointHandlerMapping     : Mapped "{[/loggers || /loggers.json],methods=[GET],produces=[application/vnd.spring-boot.actuator.v1+json || application/json]}" onto public java.lang.Object org.springframework.boot.actuate.endpoint.mvc.EndpointMvcAdapter.invoke()
2018-12-22 13:24:09.916  INFO 11736 --- [           main] o.s.b.a.e.mvc.EndpointHandlerMapping     : Mapped "{[/heapdump || /heapdump.json],methods=[GET],produces=[application/octet-stream]}" onto public void org.springframework.boot.actuate.endpoint.mvc.HeapdumpMvcEndpoint.invoke(boolean,javax.servlet.http.HttpServletRequest,javax.servlet.http.HttpServletResponse) throws java.io.IOException,javax.servlet.ServletException
2018-12-22 13:24:09.916  INFO 11736 --- [           main] o.s.b.a.e.mvc.EndpointHandlerMapping     : Mapped "{[/metrics/{name:.*}],methods=[GET],produces=[application/vnd.spring-boot.actuator.v1+json || application/json]}" onto public java.lang.Object org.springframework.boot.actuate.endpoint.mvc.MetricsMvcEndpoint.value(java.lang.String)
2018-12-22 13:24:09.916  INFO 11736 --- [           main] o.s.b.a.e.mvc.EndpointHandlerMapping     : Mapped "{[/metrics || /metrics.json],methods=[GET],produces=[application/vnd.spring-boot.actuator.v1+json || application/json]}" onto public java.lang.Object org.springframework.boot.actuate.endpoint.mvc.EndpointMvcAdapter.invoke()
2018-12-22 13:24:09.918  INFO 11736 --- [           main] o.s.b.a.e.mvc.EndpointHandlerMapping     : Mapped "{[/env/{name:.*}],methods=[GET],produces=[application/vnd.spring-boot.actuator.v1+json || application/json]}" onto public java.lang.Object org.springframework.boot.actuate.endpoint.mvc.EnvironmentMvcEndpoint.value(java.lang.String)
2018-12-22 13:24:09.918  INFO 11736 --- [           main] o.s.b.a.e.mvc.EndpointHandlerMapping     : Mapped "{[/env || /env.json],methods=[GET],produces=[application/vnd.spring-boot.actuator.v1+json || application/json]}" onto public java.lang.Object org.springframework.boot.actuate.endpoint.mvc.EndpointMvcAdapter.invoke()
2018-12-22 13:24:09.919  INFO 11736 --- [           main] o.s.b.a.e.mvc.EndpointHandlerMapping     : Mapped "{[/auditevents || /auditevents.json],methods=[GET],produces=[application/vnd.spring-boot.actuator.v1+json || application/json]}" onto public org.springframework.http.ResponseEntity<?> org.springframework.boot.actuate.endpoint.mvc.AuditEventsMvcEndpoint.findByPrincipalAndAfterAndType(java.lang.String,java.util.Date,java.lang.String)
2018-12-22 13:24:09.919  INFO 11736 --- [           main] o.s.b.a.e.mvc.EndpointHandlerMapping     : Mapped "{[/autoconfig || /autoconfig.json],methods=[GET],produces=[application/vnd.spring-boot.actuator.v1+json || application/json]}" onto public java.lang.Object org.springframework.boot.actuate.endpoint.mvc.EndpointMvcAdapter.invoke()
2018-12-22 13:24:09.919  INFO 11736 --- [           main] o.s.b.a.e.mvc.EndpointHandlerMapping     : Mapped "{[/info || /info.json],methods=[GET],produces=[application/vnd.spring-boot.actuator.v1+json || application/json]}" onto public java.lang.Object org.springframework.boot.actuate.endpoint.mvc.EndpointMvcAdapter.invoke()
2018-12-22 13:24:09.919  INFO 11736 --- [           main] o.s.b.a.e.mvc.EndpointHandlerMapping     : Mapped "{[/health || /health.json],methods=[GET],produces=[application/vnd.spring-boot.actuator.v1+json || application/json]}" onto public java.lang.Object org.springframework.boot.actuate.endpoint.mvc.HealthMvcEndpoint.invoke(javax.servlet.http.HttpServletRequest,java.security.Principal)
2018-12-22 13:24:09.919  INFO 11736 --- [           main] o.s.b.a.e.mvc.EndpointHandlerMapping     : Mapped "{[/dump || /dump.json],methods=[GET],produces=[application/vnd.spring-boot.actuator.v1+json || application/json]}" onto public java.lang.Object org.springframework.boot.actuate.endpoint.mvc.EndpointMvcAdapter.invoke()
2018-12-22 13:24:09.919  INFO 11736 --- [           main] o.s.b.a.e.mvc.EndpointHandlerMapping     : Mapped "{[/configprops || /configprops.json],methods=[GET],produces=[application/vnd.spring-boot.actuator.v1+json || application/json]}" onto public java.lang.Object org.springframework.boot.actuate.endpoint.mvc.EndpointMvcAdapter.invoke()
2018-12-22 13:24:09.919  INFO 11736 --- [           main] o.s.b.a.e.mvc.EndpointHandlerMapping     : Mapped "{[/mappings || /mappings.json],methods=[GET],produces=[application/vnd.spring-boot.actuator.v1+json || application/json]}" onto public java.lang.Object org.springframework.boot.actuate.endpoint.mvc.EndpointMvcAdapter.invoke()
2018-12-22 13:24:10.016 ERROR 11736 --- [           main] o.a.coyote.http11.Http11NioProtocol      : Failed to start end point associated with ProtocolHandler ["http-nio-8080"]

java.net.BindException: Address already in use: bind
	at sun.nio.ch.Net.bind0(Native Method) ~[na:1.8.0_191]
	at sun.nio.ch.Net.bind(Net.java:433) ~[na:1.8.0_191]
	at sun.nio.ch.Net.bind(Net.java:425) ~[na:1.8.0_191]
	at sun.nio.ch.ServerSocketChannelImpl.bind(ServerSocketChannelImpl.java:223) ~[na:1.8.0_191]
	at sun.nio.ch.ServerSocketAdaptor.bind(ServerSocketAdaptor.java:74) ~[na:1.8.0_191]
	at org.apache.tomcat.util.net.NioEndpoint.bind(NioEndpoint.java:210) ~[tomcat-embed-core-8.5.14.jar:8.5.14]
	at org.apache.tomcat.util.net.AbstractEndpoint.start(AbstractEndpoint.java:978) ~[tomcat-embed-core-8.5.14.jar:8.5.14]
	at org.apache.coyote.AbstractProtocol.start(AbstractProtocol.java:628) ~[tomcat-embed-core-8.5.14.jar:8.5.14]
	at org.apache.catalina.connector.Connector.startInternal(Connector.java:993) [tomcat-embed-core-8.5.14.jar:8.5.14]
	at org.apache.catalina.util.LifecycleBase.start(LifecycleBase.java:150) [tomcat-embed-core-8.5.14.jar:8.5.14]
	at org.apache.catalina.core.StandardService.addConnector(StandardService.java:225) [tomcat-embed-core-8.5.14.jar:8.5.14]
	at org.springframework.boot.context.embedded.tomcat.TomcatEmbeddedServletContainer.addPreviouslyRemovedConnectors(TomcatEmbeddedServletContainer.java:247) [spring-boot-1.5.3.RELEASE.jar:1.5.3.RELEASE]
	at org.springframework.boot.context.embedded.tomcat.TomcatEmbeddedServletContainer.start(TomcatEmbeddedServletContainer.java:190) [spring-boot-1.5.3.RELEASE.jar:1.5.3.RELEASE]
	at org.springframework.boot.context.embedded.EmbeddedWebApplicationContext.startEmbeddedServletContainer(EmbeddedWebApplicationContext.java:297) [spring-boot-1.5.3.RELEASE.jar:1.5.3.RELEASE]
	at org.springframework.boot.context.embedded.EmbeddedWebApplicationContext.finishRefresh(EmbeddedWebApplicationContext.java:145) [spring-boot-1.5.3.RELEASE.jar:1.5.3.RELEASE]
	at org.springframework.context.support.AbstractApplicationContext.refresh(AbstractApplicationContext.java:545) [spring-context-4.3.8.RELEASE.jar:4.3.8.RELEASE]
	at org.springframework.boot.context.embedded.EmbeddedWebApplicationContext.refresh(EmbeddedWebApplicationContext.java:122) [spring-boot-1.5.3.RELEASE.jar:1.5.3.RELEASE]
	at org.springframework.boot.SpringApplication.refresh(SpringApplication.java:737) [spring-boot-1.5.3.RELEASE.jar:1.5.3.RELEASE]
	at org.springframework.boot.SpringApplication.refreshContext(SpringApplication.java:370) [spring-boot-1.5.3.RELEASE.jar:1.5.3.RELEASE]
	at org.springframework.boot.SpringApplication.run(SpringApplication.java:314) [spring-boot-1.5.3.RELEASE.jar:1.5.3.RELEASE]
	at org.springframework.boot.test.context.SpringBootContextLoader.loadContext(SpringBootContextLoader.java:120) [spring-boot-test-1.5.3.RELEASE.jar:1.5.3.RELEASE]
	at org.springframework.test.context.cache.DefaultCacheAwareContextLoaderDelegate.loadContextInternal(DefaultCacheAwareContextLoaderDelegate.java:98) [spring-test-4.3.8.RELEASE.jar:4.3.8.RELEASE]
	at org.springframework.test.context.cache.DefaultCacheAwareContextLoaderDelegate.loadContext(DefaultCacheAwareContextLoaderDelegate.java:116) [spring-test-4.3.8.RELEASE.jar:4.3.8.RELEASE]
	at org.springframework.test.context.support.DefaultTestContext.getApplicationContext(DefaultTestContext.java:83) [spring-test-4.3.8.RELEASE.jar:4.3.8.RELEASE]
	at org.springframework.test.context.support.DependencyInjectionTestExecutionListener.injectDependencies(DependencyInjectionTestExecutionListener.java:117) [spring-test-4.3.8.RELEASE.jar:4.3.8.RELEASE]
	at org.springframework.test.context.support.DependencyInjectionTestExecutionListener.prepareTestInstance(DependencyInjectionTestExecutionListener.java:83) [spring-test-4.3.8.RELEASE.jar:4.3.8.RELEASE]
	at org.springframework.boot.test.autoconfigure.SpringBootDependencyInjectionTestExecutionListener.prepareTestInstance(SpringBootDependencyInjectionTestExecutionListener.java:44) [spring-boot-test-autoconfigure-1.5.3.RELEASE.jar:1.5.3.RELEASE]
	at org.springframework.test.context.TestContextManager.prepareTestInstance(TestContextManager.java:230) [spring-test-4.3.8.RELEASE.jar:4.3.8.RELEASE]
	at org.springframework.test.context.junit4.SpringJUnit4ClassRunner.createTest(SpringJUnit4ClassRunner.java:228) [spring-test-4.3.8.RELEASE.jar:4.3.8.RELEASE]
	at org.springframework.test.context.junit4.SpringJUnit4ClassRunner$1.runReflectiveCall(SpringJUnit4ClassRunner.java:287) [spring-test-4.3.8.RELEASE.jar:4.3.8.RELEASE]
	at org.junit.internal.runners.model.ReflectiveCallable.run(ReflectiveCallable.java:12) [junit-4.12.jar:4.12]
	at org.springframework.test.context.junit4.SpringJUnit4ClassRunner.methodBlock(SpringJUnit4ClassRunner.java:289) [spring-test-4.3.8.RELEASE.jar:4.3.8.RELEASE]
	at org.springframework.test.context.junit4.SpringJUnit4ClassRunner.runChild(SpringJUnit4ClassRunner.java:247) [spring-test-4.3.8.RELEASE.jar:4.3.8.RELEASE]
	at org.springframework.test.context.junit4.SpringJUnit4ClassRunner.runChild(SpringJUnit4ClassRunner.java:94) [spring-test-4.3.8.RELEASE.jar:4.3.8.RELEASE]
	at org.junit.runners.ParentRunner$3.run(ParentRunner.java:290) [junit-4.12.jar:4.12]
	at org.junit.runners.ParentRunner$1.schedule(ParentRunner.java:71) [junit-4.12.jar:4.12]
	at org.junit.runners.ParentRunner.runChildren(ParentRunner.java:288) [junit-4.12.jar:4.12]
	at org.junit.runners.ParentRunner.access$000(ParentRunner.java:58) [junit-4.12.jar:4.12]
	at org.junit.runners.ParentRunner$2.evaluate(ParentRunner.java:268) [junit-4.12.jar:4.12]
	at org.springframework.test.context.junit4.statements.RunBeforeTestClassCallbacks.evaluate(RunBeforeTestClassCallbacks.java:61) [spring-test-4.3.8.RELEASE.jar:4.3.8.RELEASE]
	at org.springframework.test.context.junit4.statements.RunAfterTestClassCallbacks.evaluate(RunAfterTestClassCallbacks.java:70) [spring-test-4.3.8.RELEASE.jar:4.3.8.RELEASE]
	at org.junit.runners.ParentRunner.run(ParentRunner.java:363) [junit-4.12.jar:4.12]
	at org.springframework.test.context.junit4.SpringJUnit4ClassRunner.run(SpringJUnit4ClassRunner.java:191) [spring-test-4.3.8.RELEASE.jar:4.3.8.RELEASE]
	at org.apache.maven.surefire.junit4.JUnit4Provider.execute(JUnit4Provider.java:365) [surefire-junit4-2.20.jar:2.20]
	at org.apache.maven.surefire.junit4.JUnit4Provider.executeWithRerun(JUnit4Provider.java:272) [surefire-junit4-2.20.jar:2.20]
	at org.apache.maven.surefire.junit4.JUnit4Provider.executeTestSet(JUnit4Provider.java:236) [surefire-junit4-2.20.jar:2.20]
	at org.apache.maven.surefire.junit4.JUnit4Provider.invoke(JUnit4Provider.java:159) [surefire-junit4-2.20.jar:2.20]
	at org.apache.maven.surefire.booter.ForkedBooter.invokeProviderInSameClassLoader(ForkedBooter.java:386) [surefire-booter-2.20.jar:2.20]
	at org.apache.maven.surefire.booter.ForkedBooter.runSuitesInProcess(ForkedBooter.java:323) [surefire-booter-2.20.jar:2.20]
	at org.apache.maven.surefire.booter.ForkedBooter.main(ForkedBooter.java:143) [surefire-booter-2.20.jar:2.20]

2018-12-22 13:24:10.016 ERROR 11736 --- [           main] o.apache.catalina.core.StandardService   : Failed to start connector [Connector[HTTP/1.1-8080]]

org.apache.catalina.LifecycleException: Failed to start component [Connector[HTTP/1.1-8080]]
	at org.apache.catalina.util.LifecycleBase.start(LifecycleBase.java:167) ~[tomcat-embed-core-8.5.14.jar:8.5.14]
	at org.apache.catalina.core.StandardService.addConnector(StandardService.java:225) ~[tomcat-embed-core-8.5.14.jar:8.5.14]
	at org.springframework.boot.context.embedded.tomcat.TomcatEmbeddedServletContainer.addPreviouslyRemovedConnectors(TomcatEmbeddedServletContainer.java:247) [spring-boot-1.5.3.RELEASE.jar:1.5.3.RELEASE]
	at org.springframework.boot.context.embedded.tomcat.TomcatEmbeddedServletContainer.start(TomcatEmbeddedServletContainer.java:190) [spring-boot-1.5.3.RELEASE.jar:1.5.3.RELEASE]
	at org.springframework.boot.context.embedded.EmbeddedWebApplicationContext.startEmbeddedServletContainer(EmbeddedWebApplicationContext.java:297) [spring-boot-1.5.3.RELEASE.jar:1.5.3.RELEASE]
	at org.springframework.boot.context.embedded.EmbeddedWebApplicationContext.finishRefresh(EmbeddedWebApplicationContext.java:145) [spring-boot-1.5.3.RELEASE.jar:1.5.3.RELEASE]
	at org.springframework.context.support.AbstractApplicationContext.refresh(AbstractApplicationContext.java:545) [spring-context-4.3.8.RELEASE.jar:4.3.8.RELEASE]
	at org.springframework.boot.context.embedded.EmbeddedWebApplicationContext.refresh(EmbeddedWebApplicationContext.java:122) [spring-boot-1.5.3.RELEASE.jar:1.5.3.RELEASE]
	at org.springframework.boot.SpringApplication.refresh(SpringApplication.java:737) [spring-boot-1.5.3.RELEASE.jar:1.5.3.RELEASE]
	at org.springframework.boot.SpringApplication.refreshContext(SpringApplication.java:370) [spring-boot-1.5.3.RELEASE.jar:1.5.3.RELEASE]
	at org.springframework.boot.SpringApplication.run(SpringApplication.java:314) [spring-boot-1.5.3.RELEASE.jar:1.5.3.RELEASE]
	at org.springframework.boot.test.context.SpringBootContextLoader.loadContext(SpringBootContextLoader.java:120) [spring-boot-test-1.5.3.RELEASE.jar:1.5.3.RELEASE]
	at org.springframework.test.context.cache.DefaultCacheAwareContextLoaderDelegate.loadContextInternal(DefaultCacheAwareContextLoaderDelegate.java:98) [spring-test-4.3.8.RELEASE.jar:4.3.8.RELEASE]
	at org.springframework.test.context.cache.DefaultCacheAwareContextLoaderDelegate.loadContext(DefaultCacheAwareContextLoaderDelegate.java:116) [spring-test-4.3.8.RELEASE.jar:4.3.8.RELEASE]
	at org.springframework.test.context.support.DefaultTestContext.getApplicationContext(DefaultTestContext.java:83) [spring-test-4.3.8.RELEASE.jar:4.3.8.RELEASE]
	at org.springframework.test.context.support.DependencyInjectionTestExecutionListener.injectDependencies(DependencyInjectionTestExecutionListener.java:117) [spring-test-4.3.8.RELEASE.jar:4.3.8.RELEASE]
	at org.springframework.test.context.support.DependencyInjectionTestExecutionListener.prepareTestInstance(DependencyInjectionTestExecutionListener.java:83) [spring-test-4.3.8.RELEASE.jar:4.3.8.RELEASE]
	at org.springframework.boot.test.autoconfigure.SpringBootDependencyInjectionTestExecutionListener.prepareTestInstance(SpringBootDependencyInjectionTestExecutionListener.java:44) [spring-boot-test-autoconfigure-1.5.3.RELEASE.jar:1.5.3.RELEASE]
	at org.springframework.test.context.TestContextManager.prepareTestInstance(TestContextManager.java:230) [spring-test-4.3.8.RELEASE.jar:4.3.8.RELEASE]
	at org.springframework.test.context.junit4.SpringJUnit4ClassRunner.createTest(SpringJUnit4ClassRunner.java:228) [spring-test-4.3.8.RELEASE.jar:4.3.8.RELEASE]
	at org.springframework.test.context.junit4.SpringJUnit4ClassRunner$1.runReflectiveCall(SpringJUnit4ClassRunner.java:287) [spring-test-4.3.8.RELEASE.jar:4.3.8.RELEASE]
	at org.junit.internal.runners.model.ReflectiveCallable.run(ReflectiveCallable.java:12) [junit-4.12.jar:4.12]
	at org.springframework.test.context.junit4.SpringJUnit4ClassRunner.methodBlock(SpringJUnit4ClassRunner.java:289) [spring-test-4.3.8.RELEASE.jar:4.3.8.RELEASE]
	at org.springframework.test.context.junit4.SpringJUnit4ClassRunner.runChild(SpringJUnit4ClassRunner.java:247) [spring-test-4.3.8.RELEASE.jar:4.3.8.RELEASE]
	at org.springframework.test.context.junit4.SpringJUnit4ClassRunner.runChild(SpringJUnit4ClassRunner.java:94) [spring-test-4.3.8.RELEASE.jar:4.3.8.RELEASE]
	at org.junit.runners.ParentRunner$3.run(ParentRunner.java:290) [junit-4.12.jar:4.12]
	at org.junit.runners.ParentRunner$1.schedule(ParentRunner.java:71) [junit-4.12.jar:4.12]
	at org.junit.runners.ParentRunner.runChildren(ParentRunner.java:288) [junit-4.12.jar:4.12]
	at org.junit.runners.ParentRunner.access$000(ParentRunner.java:58) [junit-4.12.jar:4.12]
	at org.junit.runners.ParentRunner$2.evaluate(ParentRunner.java:268) [junit-4.12.jar:4.12]
	at org.springframework.test.context.junit4.statements.RunBeforeTestClassCallbacks.evaluate(RunBeforeTestClassCallbacks.java:61) [spring-test-4.3.8.RELEASE.jar:4.3.8.RELEASE]
	at org.springframework.test.context.junit4.statements.RunAfterTestClassCallbacks.evaluate(RunAfterTestClassCallbacks.java:70) [spring-test-4.3.8.RELEASE.jar:4.3.8.RELEASE]
	at org.junit.runners.ParentRunner.run(ParentRunner.java:363) [junit-4.12.jar:4.12]
	at org.springframework.test.context.junit4.SpringJUnit4ClassRunner.run(SpringJUnit4ClassRunner.java:191) [spring-test-4.3.8.RELEASE.jar:4.3.8.RELEASE]
	at org.apache.maven.surefire.junit4.JUnit4Provider.execute(JUnit4Provider.java:365) [surefire-junit4-2.20.jar:2.20]
	at org.apache.maven.surefire.junit4.JUnit4Provider.executeWithRerun(JUnit4Provider.java:272) [surefire-junit4-2.20.jar:2.20]
	at org.apache.maven.surefire.junit4.JUnit4Provider.executeTestSet(JUnit4Provider.java:236) [surefire-junit4-2.20.jar:2.20]
	at org.apache.maven.surefire.junit4.JUnit4Provider.invoke(JUnit4Provider.java:159) [surefire-junit4-2.20.jar:2.20]
	at org.apache.maven.surefire.booter.ForkedBooter.invokeProviderInSameClassLoader(ForkedBooter.java:386) [surefire-booter-2.20.jar:2.20]
	at org.apache.maven.surefire.booter.ForkedBooter.runSuitesInProcess(ForkedBooter.java:323) [surefire-booter-2.20.jar:2.20]
	at org.apache.maven.surefire.booter.ForkedBooter.main(ForkedBooter.java:143) [surefire-booter-2.20.jar:2.20]
Caused by: org.apache.catalina.LifecycleException: service.getName(): "Tomcat";  Protocol handler start failed
	at org.apache.catalina.connector.Connector.startInternal(Connector.java:1000) ~[tomcat-embed-core-8.5.14.jar:8.5.14]
	at org.apache.catalina.util.LifecycleBase.start(LifecycleBase.java:150) ~[tomcat-embed-core-8.5.14.jar:8.5.14]
	... 40 common frames omitted
Caused by: java.net.BindException: Address already in use: bind
	at sun.nio.ch.Net.bind0(Native Method) ~[na:1.8.0_191]
	at sun.nio.ch.Net.bind(Net.java:433) ~[na:1.8.0_191]
	at sun.nio.ch.Net.bind(Net.java:425) ~[na:1.8.0_191]
	at sun.nio.ch.ServerSocketChannelImpl.bind(ServerSocketChannelImpl.java:223) ~[na:1.8.0_191]
	at sun.nio.ch.ServerSocketAdaptor.bind(ServerSocketAdaptor.java:74) ~[na:1.8.0_191]
	at org.apache.tomcat.util.net.NioEndpoint.bind(NioEndpoint.java:210) ~[tomcat-embed-core-8.5.14.jar:8.5.14]
	at org.apache.tomcat.util.net.AbstractEndpoint.start(AbstractEndpoint.java:978) ~[tomcat-embed-core-8.5.14.jar:8.5.14]
	at org.apache.coyote.AbstractProtocol.start(AbstractProtocol.java:628) ~[tomcat-embed-core-8.5.14.jar:8.5.14]
	at org.apache.catalina.connector.Connector.startInternal(Connector.java:993) ~[tomcat-embed-core-8.5.14.jar:8.5.14]
	... 41 common frames omitted

2018-12-22 13:24:10.205  INFO 11736 --- [           main] o.apache.catalina.core.StandardService   : Stopping service Tomcat
2018-12-22 13:24:10.211  INFO 11736 --- [           main] utoConfigurationReportLoggingInitializer : 

Error starting ApplicationContext. To display the auto-configuration report re-run your application with 'debug' enabled.
2018-12-22 13:24:10.213 ERROR 11736 --- [           main] o.s.b.d.LoggingFailureAnalysisReporter   : 

***************************
APPLICATION FAILED TO START
***************************

Description:

The Tomcat connector configured to listen on port 8080 failed to start. The port may already be in use or the connector may be misconfigured.

Action:

Verify the connector's configuration, identify and stop any process that's listening on port 8080, or configure this application to listen on another port.

2018-12-22 13:24:10.213  INFO 11736 --- [           main] ationConfigEmbeddedWebApplicationContext : Closing org.springframework.boot.context.embedded.AnnotationConfigEmbeddedWebApplicationContext@709f6e9a: startup date [Sat Dec 22 13:24:08 IST 2018]; root of context hierarchy
2018-12-22 13:24:10.214  INFO 11736 --- [           main] o.z.vogon.web.PersistenceConfiguration   : Unloading JDBC drivers
2018-12-22 13:24:10.215  INFO 11736 --- [           main] j.LocalContainerEntityManagerFactoryBean : Closing JPA EntityManagerFactory for persistence unit 'VogonPU'
2018-12-22 13:24:10.215  INFO 11736 --- [           main] org.hibernate.orm.connections.pooling    : HHH10001008: Cleaning up connection pool [jdbc:h2:mem:test]

  .   ____          _            __ _ _
 /\\ / ___'_ __ _ _(_)_ __  __ _ \ \ \ \
( ( )\___ | '_ | '_| | '_ \/ _` | \ \ \ \
 \\/  ___)| |_)| | | | | || (_| |  ) ) ) )
  '  |____| .__|_| |_|_| |_\__, | / / / /
 =========|_|==============|___/=/_/_/_/
 :: Spring Boot ::        (v1.5.3.RELEASE)

2018-12-22 13:24:10.248  INFO 11736 --- [           main] o.z.v.w.TransactionsControllerWriteTest  : Starting TransactionsControllerWriteTest on GOPAL with PID 11736 (started by GOPAL$ in C:\Program Files (x86)\Jenkins\workspace\Maven_project\vogon-web)
2018-12-22 13:24:10.248  INFO 11736 --- [           main] o.z.v.w.TransactionsControllerWriteTest  : No active profile set, falling back to default profiles: default
2018-12-22 13:24:10.248  INFO 11736 --- [           main] ationConfigEmbeddedWebApplicationContext : Refreshing org.springframework.boot.context.embedded.AnnotationConfigEmbeddedWebApplicationContext@54ce4604: startup date [Sat Dec 22 13:24:10 IST 2018]; root of context hierarchy
2018-12-22 13:24:10.516  INFO 11736 --- [           main] o.s.b.f.s.DefaultListableBeanFactory     : Overriding bean definition for bean 'entityManagerFactory' with a different definition: replacing [Root bean: class [null]; scope=; abstract=false; lazyInit=false; autowireMode=3; dependencyCheck=0; autowireCandidate=true; primary=false; factoryBeanName=persistenceConfiguration; factoryMethodName=entityManagerFactory; initMethodName=null; destroyMethodName=(inferred); defined in class path resource [org/zlogic/vogon/web/PersistenceConfiguration.class]] with [Root bean: class [null]; scope=; abstract=false; lazyInit=false; autowireMode=3; dependencyCheck=0; autowireCandidate=true; primary=false; factoryBeanName=databaseConfiguration; factoryMethodName=entityManagerFactory; initMethodName=null; destroyMethodName=(inferred); defined in org.zlogic.vogon.web.DatabaseConfiguration]
2018-12-22 13:24:10.662  INFO 11736 --- [           main] trationDelegate$BeanPostProcessorChecker : Bean 'org.springframework.security.config.annotation.configuration.ObjectPostProcessorConfiguration' of type [org.springframework.security.config.annotation.configuration.ObjectPostProcessorConfiguration$$EnhancerBySpringCGLIB$$be8c3acc] is not eligible for getting processed by all BeanPostProcessors (for example: not eligible for auto-proxying)
2018-12-22 13:24:10.665  INFO 11736 --- [           main] trationDelegate$BeanPostProcessorChecker : Bean 'objectPostProcessor' of type [org.springframework.security.config.annotation.configuration.AutowireBeanFactoryObjectPostProcessor] is not eligible for getting processed by all BeanPostProcessors (for example: not eligible for auto-proxying)
2018-12-22 13:24:10.666  INFO 11736 --- [           main] trationDelegate$BeanPostProcessorChecker : Bean 'org.springframework.security.access.expression.method.DefaultMethodSecurityExpressionHandler@c33f66e' of type [org.springframework.security.oauth2.provider.expression.OAuth2MethodSecurityExpressionHandler] is not eligible for getting processed by all BeanPostProcessors (for example: not eligible for auto-proxying)
2018-12-22 13:24:10.671  INFO 11736 --- [           main] trationDelegate$BeanPostProcessorChecker : Bean 'org.springframework.security.config.annotation.method.configuration.GlobalMethodSecurityConfiguration' of type [org.springframework.security.config.annotation.method.configuration.GlobalMethodSecurityConfiguration$$EnhancerBySpringCGLIB$$e360dd7e] is not eligible for getting processed by all BeanPostProcessors (for example: not eligible for auto-proxying)
2018-12-22 13:24:10.674  INFO 11736 --- [           main] trationDelegate$BeanPostProcessorChecker : Bean 'methodSecurityMetadataSource' of type [org.springframework.security.access.method.DelegatingMethodSecurityMetadataSource] is not eligible for getting processed by all BeanPostProcessors (for example: not eligible for auto-proxying)
2018-12-22 13:24:10.680  INFO 11736 --- [           main] trationDelegate$BeanPostProcessorChecker : Bean 'org.springframework.transaction.annotation.ProxyTransactionManagementConfiguration' of type [org.springframework.transaction.annotation.ProxyTransactionManagementConfiguration$$EnhancerBySpringCGLIB$$25de7292] is not eligible for getting processed by all BeanPostProcessors (for example: not eligible for auto-proxying)
2018-12-22 13:24:10.683  INFO 11736 --- [           main] trationDelegate$BeanPostProcessorChecker : Bean 'security.oauth2.client-org.springframework.boot.autoconfigure.security.oauth2.OAuth2ClientProperties' of type [org.springframework.boot.autoconfigure.security.oauth2.OAuth2ClientProperties] is not eligible for getting processed by all BeanPostProcessors (for example: not eligible for auto-proxying)
2018-12-22 13:24:10.683  INFO 11736 --- [           main] trationDelegate$BeanPostProcessorChecker : Bean 'org.springframework.boot.autoconfigure.security.oauth2.OAuth2AutoConfiguration' of type [org.springframework.boot.autoconfigure.security.oauth2.OAuth2AutoConfiguration$$EnhancerBySpringCGLIB$$dd282e92] is not eligible for getting processed by all BeanPostProcessors (for example: not eligible for auto-proxying)
2018-12-22 13:24:10.699  INFO 11736 --- [           main] trationDelegate$BeanPostProcessorChecker : Bean 'resourceServerProperties' of type [org.springframework.boot.autoconfigure.security.oauth2.resource.ResourceServerProperties] is not eligible for getting processed by all BeanPostProcessors (for example: not eligible for auto-proxying)
2018-12-22 13:24:10.732  INFO 11736 --- [           main] org.zlogic.vogon.web.TomcatConfigurer    : Using keystore C:\Program Files (x86)\Jenkins\workspace\Maven_project\vogon-web\target/vogonweb.keystore with password ********
2018-12-22 13:24:10.753  INFO 11736 --- [           main] s.b.c.e.t.TomcatEmbeddedServletContainer : Tomcat initialized with port(s): 8080 (http) 8443 (https)
2018-12-22 13:24:10.753  INFO 11736 --- [           main] o.apache.catalina.core.StandardService   : Starting service Tomcat
2018-12-22 13:24:10.754  INFO 11736 --- [           main] org.apache.catalina.core.StandardEngine  : Starting Servlet Engine: Apache Tomcat/8.5.14
2018-12-22 13:24:10.781  INFO 11736 --- [ost-startStop-1] org.apache.jasper.servlet.TldScanner     : At least one JAR was scanned for TLDs yet contained no TLDs. Enable debug logging for this logger for a complete list of JARs that were scanned but no TLDs were found in them. Skipping unneeded JARs during scanning can improve startup time and JSP compilation time.
2018-12-22 13:24:10.783  INFO 11736 --- [ost-startStop-1] o.a.c.c.C.[Tomcat-149].[localhost].[/]   : Initializing Spring embedded WebApplicationContext
2018-12-22 13:24:10.783  INFO 11736 --- [ost-startStop-1] o.s.web.context.ContextLoader            : Root WebApplicationContext: initialization completed in 535 ms
2018-12-22 13:24:10.933  INFO 11736 --- [ost-startStop-1] o.s.b.w.servlet.FilterRegistrationBean   : Mapping filter: 'metricsFilter' to: [/*]
2018-12-22 13:24:10.933  INFO 11736 --- [ost-startStop-1] o.s.b.w.servlet.FilterRegistrationBean   : Mapping filter: 'characterEncodingFilter' to: [/*]
2018-12-22 13:24:10.933  INFO 11736 --- [ost-startStop-1] o.s.b.w.servlet.FilterRegistrationBean   : Mapping filter: 'hiddenHttpMethodFilter' to: [/*]
2018-12-22 13:24:10.933  INFO 11736 --- [ost-startStop-1] o.s.b.w.servlet.FilterRegistrationBean   : Mapping filter: 'httpPutFormContentFilter' to: [/*]
2018-12-22 13:24:10.933  INFO 11736 --- [ost-startStop-1] o.s.b.w.servlet.FilterRegistrationBean   : Mapping filter: 'requestContextFilter' to: [/*]
2018-12-22 13:24:10.933  INFO 11736 --- [ost-startStop-1] .s.DelegatingFilterProxyRegistrationBean : Mapping filter: 'springSecurityFilterChain' to: [/*]
2018-12-22 13:24:10.933  INFO 11736 --- [ost-startStop-1] o.s.b.w.servlet.FilterRegistrationBean   : Mapping filter: 'webRequestLoggingFilter' to: [/*]
2018-12-22 13:24:10.933  INFO 11736 --- [ost-startStop-1] o.s.b.w.servlet.FilterRegistrationBean   : Mapping filter: 'applicationContextIdFilter' to: [/*]
2018-12-22 13:24:10.933  INFO 11736 --- [ost-startStop-1] o.s.b.w.servlet.ServletRegistrationBean  : Mapping servlet: 'dispatcherServlet' to [/]
2018-12-22 13:24:10.945  INFO 11736 --- [           main] j.LocalContainerEntityManagerFactoryBean : Building JPA container EntityManagerFactory for persistence unit 'VogonPU'
2018-12-22 13:24:10.946  INFO 11736 --- [           main] o.hibernate.jpa.internal.util.LogHelper  : HHH000204: Processing PersistenceUnitInfo [
	name: VogonPU
	...]
2018-12-22 13:24:10.950  WARN 11736 --- [           main] org.hibernate.orm.connections.pooling    : HHH10001002: Using Hibernate built-in connection pool (not for production use!)
2018-12-22 13:24:10.950  INFO 11736 --- [           main] org.hibernate.orm.connections.pooling    : HHH10001005: using driver [org.h2.Driver] at URL [jdbc:h2:mem:test]
2018-12-22 13:24:10.950  INFO 11736 --- [           main] org.hibernate.orm.connections.pooling    : HHH10001001: Connection properties: {}
2018-12-22 13:24:10.950  INFO 11736 --- [           main] org.hibernate.orm.connections.pooling    : HHH10001003: Autocommit mode: false
2018-12-22 13:24:10.950  INFO 11736 --- [           main] .c.i.DriverManagerConnectionProviderImpl : HHH000115: Hibernate connection pool size: 20 (min=1)
2018-12-22 13:24:10.951  INFO 11736 --- [           main] org.hibernate.dialect.Dialect            : HHH000400: Using dialect: org.hibernate.dialect.H2Dialect
2018-12-22 13:24:10.961  INFO 11736 --- [           main] org.hibernate.orm.connections.access     : HHH10001501: Connection obtained from JdbcConnectionAccess [org.hibernate.engine.jdbc.env.internal.JdbcEnvironmentInitiator$ConnectionProviderJdbcConnectionAccess@1da91d25] for (non-JTA) DDL execution was not in auto-commit mode; the Connection 'local transaction' will be committed and the Connection will be set into auto-commit mode.
2018-12-22 13:24:10.967  INFO 11736 --- [           main] j.LocalContainerEntityManagerFactoryBean : Initialized JPA EntityManagerFactory for persistence unit 'VogonPU'
2018-12-22 13:24:11.266  INFO 11736 --- [           main] .s.o.p.e.FrameworkEndpointHandlerMapping : Mapped "{[/oauth/authorize]}" onto public org.springframework.web.servlet.ModelAndView org.springframework.security.oauth2.provider.endpoint.AuthorizationEndpoint.authorize(java.util.Map<java.lang.String, java.lang.Object>,java.util.Map<java.lang.String, java.lang.String>,org.springframework.web.bind.support.SessionStatus,java.security.Principal)
2018-12-22 13:24:11.266  INFO 11736 --- [           main] .s.o.p.e.FrameworkEndpointHandlerMapping : Mapped "{[/oauth/authorize],methods=[POST],params=[user_oauth_approval]}" onto public org.springframework.web.servlet.View org.springframework.security.oauth2.provider.endpoint.AuthorizationEndpoint.approveOrDeny(java.util.Map<java.lang.String, java.lang.String>,java.util.Map<java.lang.String, ?>,org.springframework.web.bind.support.SessionStatus,java.security.Principal)
2018-12-22 13:24:11.267  INFO 11736 --- [           main] .s.o.p.e.FrameworkEndpointHandlerMapping : Mapped "{[/oauth/token],methods=[GET]}" onto public org.springframework.http.ResponseEntity<org.springframework.security.oauth2.common.OAuth2AccessToken> org.springframework.security.oauth2.provider.endpoint.TokenEndpoint.getAccessToken(java.security.Principal,java.util.Map<java.lang.String, java.lang.String>) throws org.springframework.web.HttpRequestMethodNotSupportedException
2018-12-22 13:24:11.267  INFO 11736 --- [           main] .s.o.p.e.FrameworkEndpointHandlerMapping : Mapped "{[/oauth/token],methods=[POST]}" onto public org.springframework.http.ResponseEntity<org.springframework.security.oauth2.common.OAuth2AccessToken> org.springframework.security.oauth2.provider.endpoint.TokenEndpoint.postAccessToken(java.security.Principal,java.util.Map<java.lang.String, java.lang.String>) throws org.springframework.web.HttpRequestMethodNotSupportedException
2018-12-22 13:24:11.267  INFO 11736 --- [           main] .s.o.p.e.FrameworkEndpointHandlerMapping : Mapped "{[/oauth/check_token]}" onto public java.util.Map<java.lang.String, ?> org.springframework.security.oauth2.provider.endpoint.CheckTokenEndpoint.checkToken(java.lang.String)
2018-12-22 13:24:11.267  INFO 11736 --- [           main] .s.o.p.e.FrameworkEndpointHandlerMapping : Mapped "{[/oauth/confirm_access]}" onto public org.springframework.web.servlet.ModelAndView org.springframework.security.oauth2.provider.endpoint.WhitelabelApprovalEndpoint.getAccessConfirmation(java.util.Map<java.lang.String, java.lang.Object>,javax.servlet.http.HttpServletRequest) throws java.lang.Exception
2018-12-22 13:24:11.267  INFO 11736 --- [           main] .s.o.p.e.FrameworkEndpointHandlerMapping : Mapped "{[/oauth/error]}" onto public org.springframework.web.servlet.ModelAndView org.springframework.security.oauth2.provider.endpoint.WhitelabelErrorEndpoint.handleError(javax.servlet.http.HttpServletRequest)
2018-12-22 13:24:11.462  INFO 11736 --- [           main] o.s.s.web.DefaultSecurityFilterChain     : Creating filter chain: OrRequestMatcher [requestMatchers=[Ant [pattern='/oauth/token'], Ant [pattern='/oauth/token_key'], Ant [pattern='/oauth/check_token']]], [org.springframework.security.web.context.request.async.WebAsyncManagerIntegrationFilter@6fcedb26, org.springframework.security.web.context.SecurityContextPersistenceFilter@418daf2f, org.springframework.security.web.header.HeaderWriterFilter@162da619, org.springframework.security.web.authentication.logout.LogoutFilter@3cd9d6f9, org.springframework.security.oauth2.provider.client.ClientCredentialsTokenEndpointFilter@7e6e5c58, org.springframework.security.web.authentication.www.BasicAuthenticationFilter@1f143c2c, org.springframework.security.web.savedrequest.RequestCacheAwareFilter@1e9cdf60, org.springframework.security.web.servletapi.SecurityContextHolderAwareRequestFilter@657abfc4, org.springframework.security.web.authentication.AnonymousAuthenticationFilter@42b74f48, org.springframework.security.web.session.SessionManagementFilter@4e42f70d, org.springframework.security.web.access.ExceptionTranslationFilter@1878f6c8, org.springframework.security.web.access.intercept.FilterSecurityInterceptor@6347297b]
2018-12-22 13:24:11.463  INFO 11736 --- [           main] o.s.s.web.DefaultSecurityFilterChain     : Creating filter chain: org.springframework.boot.actuate.autoconfigure.ManagementWebSecurityAutoConfiguration$LazyEndpointPathRequestMatcher@1c4bc3b3, [org.springframework.security.web.context.request.async.WebAsyncManagerIntegrationFilter@36824827, org.springframework.security.web.context.SecurityContextPersistenceFilter@5b69530e, org.springframework.security.web.header.HeaderWriterFilter@72a43ba0, org.springframework.security.web.authentication.logout.LogoutFilter@668d1ddd, org.springframework.security.web.authentication.www.BasicAuthenticationFilter@ef08174, org.springframework.security.web.savedrequest.RequestCacheAwareFilter@6c599df5, org.springframework.security.web.servletapi.SecurityContextHolderAwareRequestFilter@3f73d2e5, org.springframework.security.web.authentication.AnonymousAuthenticationFilter@763a9bed, org.springframework.security.web.session.SessionManagementFilter@281e2739, org.springframework.security.web.access.ExceptionTranslationFilter@3c1172c4, org.springframework.security.web.access.intercept.FilterSecurityInterceptor@68d515b7]
2018-12-22 13:24:11.478  INFO 11736 --- [           main] o.s.s.w.a.c.ChannelProcessingFilter      : Validated configuration attributes
2018-12-22 13:24:11.481  INFO 11736 --- [           main] o.s.s.web.DefaultSecurityFilterChain     : Creating filter chain: org.springframework.security.oauth2.config.annotation.web.configuration.ResourceServerConfiguration$NotOAuthRequestMatcher@d07b506, [org.springframework.security.web.access.channel.ChannelProcessingFilter@1189959, org.springframework.security.web.context.request.async.WebAsyncManagerIntegrationFilter@626e4194, org.springframework.security.web.context.SecurityContextPersistenceFilter@113543ce, org.springframework.security.web.header.HeaderWriterFilter@7b3e35a, org.springframework.security.web.authentication.logout.LogoutFilter@2a8d5195, org.springframework.security.oauth2.provider.authentication.OAuth2AuthenticationProcessingFilter@7cfec44, org.springframework.security.web.savedrequest.RequestCacheAwareFilter@1c0905ff, org.springframework.security.web.servletapi.SecurityContextHolderAwareRequestFilter@4388c17, org.springframework.security.web.authentication.AnonymousAuthenticationFilter@74d911f6, org.springframework.security.web.session.SessionManagementFilter@40eddec3, org.springframework.security.web.access.ExceptionTranslationFilter@5a9af572, org.springframework.security.web.access.intercept.FilterSecurityInterceptor@52ae287b]
2018-12-22 13:24:11.558  INFO 11736 --- [           main] s.w.s.m.m.a.RequestMappingHandlerAdapter : Looking for @ControllerAdvice: org.springframework.boot.context.embedded.AnnotationConfigEmbeddedWebApplicationContext@54ce4604: startup date [Sat Dec 22 13:24:10 IST 2018]; root of context hierarchy
2018-12-22 13:24:11.571  INFO 11736 --- [           main] s.w.s.m.m.a.RequestMappingHandlerMapping : Mapped "{[/service/accounts],methods=[GET],produces=[application/json]}" onto public java.util.Collection<org.zlogic.vogon.data.FinanceAccount> org.zlogic.vogon.web.controller.AccountsController.getAllAccounts(org.zlogic.vogon.web.security.VogonSecurityUser)
2018-12-22 13:24:11.571  INFO 11736 --- [           main] s.w.s.m.m.a.RequestMappingHandlerMapping : Mapped "{[/service/accounts],methods=[POST],produces=[application/json]}" onto public java.util.Collection<org.zlogic.vogon.data.FinanceAccount> org.zlogic.vogon.web.controller.AccountsController.updateAccounts(java.util.Collection<org.zlogic.vogon.data.FinanceAccount>,org.zlogic.vogon.web.security.VogonSecurityUser)
2018-12-22 13:24:11.571  INFO 11736 --- [           main] s.w.s.m.m.a.RequestMappingHandlerMapping : Mapped "{[/service/analytics/tags],methods=[GET],produces=[application/json]}" onto public java.util.Set<java.lang.String> org.zlogic.vogon.web.controller.AnalyticsController.getAllTags(org.zlogic.vogon.web.security.VogonSecurityUser)
2018-12-22 13:24:11.571  INFO 11736 --- [           main] s.w.s.m.m.a.RequestMappingHandlerMapping : Mapped "{[/service/analytics],methods=[POST],produces=[application/json]}" onto public java.util.Map<java.lang.String, org.zlogic.vogon.data.report.Report> org.zlogic.vogon.web.controller.AnalyticsController.getReport(org.zlogic.vogon.data.report.ReportFactory,org.zlogic.vogon.web.security.VogonSecurityUser)
2018-12-22 13:24:11.571  INFO 11736 --- [           main] s.w.s.m.m.a.RequestMappingHandlerMapping : Mapped "{[/service/currencies],methods=[GET],produces=[application/json]}" onto public java.util.Collection<org.zlogic.vogon.web.data.model.CurrencyDetails> org.zlogic.vogon.web.controller.CurrenciesController.getAllCurrencies()
2018-12-22 13:24:11.571  INFO 11736 --- [           main] s.w.s.m.m.a.RequestMappingHandlerMapping : Mapped "{[/service/export],methods=[GET || POST]}" onto public org.springframework.http.HttpEntity<byte[]> org.zlogic.vogon.web.controller.DataController.exportDataJSON(org.zlogic.vogon.web.security.VogonSecurityUser) throws java.lang.RuntimeException
2018-12-22 13:24:11.571  INFO 11736 --- [           main] s.w.s.m.m.a.RequestMappingHandlerMapping : Mapped "{[/service/import],methods=[POST],consumes=[multipart/form-data],produces=[application/json]}" onto public java.lang.Boolean org.zlogic.vogon.web.controller.DataController.importData(org.springframework.web.multipart.MultipartFile,org.zlogic.vogon.web.security.VogonSecurityUser) throws java.lang.RuntimeException
2018-12-22 13:24:11.571  INFO 11736 --- [           main] s.w.s.m.m.a.RequestMappingHandlerMapping : Mapped "{[/fragments/{fragment}.fragment]}" onto public org.springframework.web.servlet.ModelAndView org.zlogic.vogon.web.controller.JspController.fragmentModelAndView(java.lang.String)
2018-12-22 13:24:11.571  INFO 11736 --- [           main] s.w.s.m.m.a.RequestMappingHandlerMapping : Mapped "{[/]}" onto public org.springframework.web.servlet.ModelAndView org.zlogic.vogon.web.controller.JspController.indexModelAndView()
2018-12-22 13:24:11.572  INFO 11736 --- [           main] s.w.s.m.m.a.RequestMappingHandlerMapping : Mapped "{[/oauth/logout],methods=[POST]}" onto public void org.zlogic.vogon.web.controller.LogoutController.logout(org.springframework.security.oauth2.provider.OAuth2Authentication) throws org.zlogic.vogon.web.security.UsernameExistsException
2018-12-22 13:24:11.572  INFO 11736 --- [           main] s.w.s.m.m.a.RequestMappingHandlerMapping : Mapped "{[/register],methods=[POST],produces=[application/json]}" onto public org.zlogic.vogon.data.VogonUser org.zlogic.vogon.web.controller.RegistrationController.register(org.zlogic.vogon.data.VogonUser) throws org.zlogic.vogon.web.security.UsernameExistsException
2018-12-22 13:24:11.572  INFO 11736 --- [           main] s.w.s.m.m.a.RequestMappingHandlerMapping : Mapped "{[/service/transactions/transaction/{id}],methods=[GET],produces=[application/json]}" onto public org.zlogic.vogon.web.data.model.FinanceTransactionJson org.zlogic.vogon.web.controller.TransactionsController.getTransaction(long,org.zlogic.vogon.web.security.VogonSecurityUser)
2018-12-22 13:24:11.572  INFO 11736 --- [           main] s.w.s.m.m.a.RequestMappingHandlerMapping : Mapped "{[/service/transactions],methods=[GET],produces=[application/json]}" onto public java.util.Collection<org.zlogic.vogon.web.data.model.FinanceTransactionJson> org.zlogic.vogon.web.controller.TransactionsController.getTransactions(java.lang.Integer,org.zlogic.vogon.web.controller.TransactionsController$SortColumn,org.springframework.data.domain.Sort$Direction,java.lang.String,java.util.Date,java.util.Collection<java.lang.String>,org.zlogic.vogon.web.security.VogonSecurityUser)
2018-12-22 13:24:11.572  INFO 11736 --- [           main] s.w.s.m.m.a.RequestMappingHandlerMapping : Mapped "{[/service/transactions],methods=[POST],produces=[application/json]}" onto public org.zlogic.vogon.web.data.model.FinanceTransactionJson org.zlogic.vogon.web.controller.TransactionsController.submitTransaction(org.zlogic.vogon.web.data.model.FinanceTransactionJson,org.zlogic.vogon.web.security.VogonSecurityUser)
2018-12-22 13:24:11.572  INFO 11736 --- [           main] s.w.s.m.m.a.RequestMappingHandlerMapping : Mapped "{[/service/transactions/pages],methods=[GET],produces=[application/json]}" onto public long org.zlogic.vogon.web.controller.TransactionsController.getTransactionsCount(org.zlogic.vogon.web.security.VogonSecurityUser)
2018-12-22 13:24:11.572  INFO 11736 --- [           main] s.w.s.m.m.a.RequestMappingHandlerMapping : Mapped "{[/service/transactions/transaction/{id}],methods=[DELETE],produces=[application/json]}" onto public org.zlogic.vogon.web.data.model.FinanceTransactionJson org.zlogic.vogon.web.controller.TransactionsController.deleteTransaction(long,org.zlogic.vogon.web.security.VogonSecurityUser)
2018-12-22 13:24:11.572  INFO 11736 --- [           main] s.w.s.m.m.a.RequestMappingHandlerMapping : Mapped "{[/service/user],methods=[POST],produces=[application/json]}" onto public org.zlogic.vogon.data.VogonUser org.zlogic.vogon.web.controller.UsersController.submitUser(org.zlogic.vogon.data.VogonUser,org.zlogic.vogon.web.security.VogonSecurityUser) throws org.zlogic.vogon.web.security.UsernameExistsException
2018-12-22 13:24:11.572  INFO 11736 --- [           main] s.w.s.m.m.a.RequestMappingHandlerMapping : Mapped "{[/service/user],methods=[GET],produces=[application/json]}" onto public org.zlogic.vogon.data.VogonUser org.zlogic.vogon.web.controller.UsersController.getUserData(org.zlogic.vogon.web.security.VogonSecurityUser)
2018-12-22 13:24:11.573  INFO 11736 --- [           main] s.w.s.m.m.a.RequestMappingHandlerMapping : Mapped "{[/error]}" onto public org.springframework.http.ResponseEntity<java.util.Map<java.lang.String, java.lang.Object>> org.springframework.boot.autoconfigure.web.BasicErrorController.error(javax.servlet.http.HttpServletRequest)
2018-12-22 13:24:11.573  INFO 11736 --- [           main] s.w.s.m.m.a.RequestMappingHandlerMapping : Mapped "{[/error],produces=[text/html]}" onto public org.springframework.web.servlet.ModelAndView org.springframework.boot.autoconfigure.web.BasicErrorController.errorHtml(javax.servlet.http.HttpServletRequest,javax.servlet.http.HttpServletResponse)
2018-12-22 13:24:11.590  INFO 11736 --- [           main] o.s.w.s.handler.SimpleUrlHandlerMapping  : Root mapping to handler of type [class org.springframework.web.servlet.mvc.ParameterizableViewController]
2018-12-22 13:24:11.755  INFO 11736 --- [           main] o.s.w.s.handler.SimpleUrlHandlerMapping  : Mapped URL path [/webjars/**] onto handler of type [class org.springframework.web.servlet.resource.ResourceHttpRequestHandler]
2018-12-22 13:24:11.755  INFO 11736 --- [           main] o.s.w.s.handler.SimpleUrlHandlerMapping  : Mapped URL path [/**] onto handler of type [class org.springframework.web.servlet.resource.ResourceHttpRequestHandler]
2018-12-22 13:24:11.756  INFO 11736 --- [           main] o.s.w.s.handler.SimpleUrlHandlerMapping  : Mapped URL path [/**] onto handler of type [class org.springframework.web.servlet.resource.DefaultServletHttpRequestHandler]
2018-12-22 13:24:11.776  INFO 11736 --- [           main] o.s.w.s.handler.SimpleUrlHandlerMapping  : Mapped URL path [/**/favicon.ico] onto handler of type [class org.springframework.web.servlet.resource.ResourceHttpRequestHandler]
2018-12-22 13:24:11.959  INFO 11736 --- [           main] o.s.b.a.e.mvc.EndpointHandlerMapping     : Mapped "{[/info || /info.json],methods=[GET],produces=[application/vnd.spring-boot.actuator.v1+json || application/json]}" onto public java.lang.Object org.springframework.boot.actuate.endpoint.mvc.EndpointMvcAdapter.invoke()
2018-12-22 13:24:11.959  INFO 11736 --- [           main] o.s.b.a.e.mvc.EndpointHandlerMapping     : Mapped "{[/autoconfig || /autoconfig.json],methods=[GET],produces=[application/vnd.spring-boot.actuator.v1+json || application/json]}" onto public java.lang.Object org.springframework.boot.actuate.endpoint.mvc.EndpointMvcAdapter.invoke()
2018-12-22 13:24:11.959  INFO 11736 --- [           main] o.s.b.a.e.mvc.EndpointHandlerMapping     : Mapped "{[/beans || /beans.json],methods=[GET],produces=[application/vnd.spring-boot.actuator.v1+json || application/json]}" onto public java.lang.Object org.springframework.boot.actuate.endpoint.mvc.EndpointMvcAdapter.invoke()
2018-12-22 13:24:11.959  INFO 11736 --- [           main] o.s.b.a.e.mvc.EndpointHandlerMapping     : Mapped "{[/health || /health.json],methods=[GET],produces=[application/vnd.spring-boot.actuator.v1+json || application/json]}" onto public java.lang.Object org.springframework.boot.actuate.endpoint.mvc.HealthMvcEndpoint.invoke(javax.servlet.http.HttpServletRequest,java.security.Principal)
2018-12-22 13:24:11.960  INFO 11736 --- [           main] o.s.b.a.e.mvc.EndpointHandlerMapping     : Mapped "{[/metrics/{name:.*}],methods=[GET],produces=[application/vnd.spring-boot.actuator.v1+json || application/json]}" onto public java.lang.Object org.springframework.boot.actuate.endpoint.mvc.MetricsMvcEndpoint.value(java.lang.String)
2018-12-22 13:24:11.960  INFO 11736 --- [           main] o.s.b.a.e.mvc.EndpointHandlerMapping     : Mapped "{[/metrics || /metrics.json],methods=[GET],produces=[application/vnd.spring-boot.actuator.v1+json || application/json]}" onto public java.lang.Object org.springframework.boot.actuate.endpoint.mvc.EndpointMvcAdapter.invoke()
2018-12-22 13:24:11.960  INFO 11736 --- [           main] o.s.b.a.e.mvc.EndpointHandlerMapping     : Mapped "{[/dump || /dump.json],methods=[GET],produces=[application/vnd.spring-boot.actuator.v1+json || application/json]}" onto public java.lang.Object org.springframework.boot.actuate.endpoint.mvc.EndpointMvcAdapter.invoke()
2018-12-22 13:24:11.960  INFO 11736 --- [           main] o.s.b.a.e.mvc.EndpointHandlerMapping     : Mapped "{[/mappings || /mappings.json],methods=[GET],produces=[application/vnd.spring-boot.actuator.v1+json || application/json]}" onto public java.lang.Object org.springframework.boot.actuate.endpoint.mvc.EndpointMvcAdapter.invoke()
2018-12-22 13:24:11.960  INFO 11736 --- [           main] o.s.b.a.e.mvc.EndpointHandlerMapping     : Mapped "{[/configprops || /configprops.json],methods=[GET],produces=[application/vnd.spring-boot.actuator.v1+json || application/json]}" onto public java.lang.Object org.springframework.boot.actuate.endpoint.mvc.EndpointMvcAdapter.invoke()
2018-12-22 13:24:11.960  INFO 11736 --- [           main] o.s.b.a.e.mvc.EndpointHandlerMapping     : Mapped "{[/auditevents || /auditevents.json],methods=[GET],produces=[application/vnd.spring-boot.actuator.v1+json || application/json]}" onto public org.springframework.http.ResponseEntity<?> org.springframework.boot.actuate.endpoint.mvc.AuditEventsMvcEndpoint.findByPrincipalAndAfterAndType(java.lang.String,java.util.Date,java.lang.String)
2018-12-22 13:24:11.960  INFO 11736 --- [           main] o.s.b.a.e.mvc.EndpointHandlerMapping     : Mapped "{[/trace || /trace.json],methods=[GET],produces=[application/vnd.spring-boot.actuator.v1+json || application/json]}" onto public java.lang.Object org.springframework.boot.actuate.endpoint.mvc.EndpointMvcAdapter.invoke()
2018-12-22 13:24:11.961  INFO 11736 --- [           main] o.s.b.a.e.mvc.EndpointHandlerMapping     : Mapped "{[/heapdump || /heapdump.json],methods=[GET],produces=[application/octet-stream]}" onto public void org.springframework.boot.actuate.endpoint.mvc.HeapdumpMvcEndpoint.invoke(boolean,javax.servlet.http.HttpServletRequest,javax.servlet.http.HttpServletResponse) throws java.io.IOException,javax.servlet.ServletException
2018-12-22 13:24:11.961  INFO 11736 --- [           main] o.s.b.a.e.mvc.EndpointHandlerMapping     : Mapped "{[/env/{name:.*}],methods=[GET],produces=[application/vnd.spring-boot.actuator.v1+json || application/json]}" onto public java.lang.Object org.springframework.boot.actuate.endpoint.mvc.EnvironmentMvcEndpoint.value(java.lang.String)
2018-12-22 13:24:11.961  INFO 11736 --- [           main] o.s.b.a.e.mvc.EndpointHandlerMapping     : Mapped "{[/env || /env.json],methods=[GET],produces=[application/vnd.spring-boot.actuator.v1+json || application/json]}" onto public java.lang.Object org.springframework.boot.actuate.endpoint.mvc.EndpointMvcAdapter.invoke()
2018-12-22 13:24:11.961  INFO 11736 --- [           main] o.s.b.a.e.mvc.EndpointHandlerMapping     : Mapped "{[/loggers/{name:.*}],methods=[GET],produces=[application/vnd.spring-boot.actuator.v1+json || application/json]}" onto public java.lang.Object org.springframework.boot.actuate.endpoint.mvc.LoggersMvcEndpoint.get(java.lang.String)
2018-12-22 13:24:11.961  INFO 11736 --- [           main] o.s.b.a.e.mvc.EndpointHandlerMapping     : Mapped "{[/loggers/{name:.*}],methods=[POST],consumes=[application/vnd.spring-boot.actuator.v1+json || application/json],produces=[application/vnd.spring-boot.actuator.v1+json || application/json]}" onto public java.lang.Object org.springframework.boot.actuate.endpoint.mvc.LoggersMvcEndpoint.set(java.lang.String,java.util.Map<java.lang.String, java.lang.String>)
2018-12-22 13:24:11.961  INFO 11736 --- [           main] o.s.b.a.e.mvc.EndpointHandlerMapping     : Mapped "{[/loggers || /loggers.json],methods=[GET],produces=[application/vnd.spring-boot.actuator.v1+json || application/json]}" onto public java.lang.Object org.springframework.boot.actuate.endpoint.mvc.EndpointMvcAdapter.invoke()
2018-12-22 13:24:12.059 ERROR 11736 --- [           main] o.a.coyote.http11.Http11NioProtocol      : Failed to start end point associated with ProtocolHandler ["http-nio-8080"]

java.net.BindException: Address already in use: bind
	at sun.nio.ch.Net.bind0(Native Method) ~[na:1.8.0_191]
	at sun.nio.ch.Net.bind(Net.java:433) ~[na:1.8.0_191]
	at sun.nio.ch.Net.bind(Net.java:425) ~[na:1.8.0_191]
	at sun.nio.ch.ServerSocketChannelImpl.bind(ServerSocketChannelImpl.java:223) ~[na:1.8.0_191]
	at sun.nio.ch.ServerSocketAdaptor.bind(ServerSocketAdaptor.java:74) ~[na:1.8.0_191]
	at org.apache.tomcat.util.net.NioEndpoint.bind(NioEndpoint.java:210) ~[tomcat-embed-core-8.5.14.jar:8.5.14]
	at org.apache.tomcat.util.net.AbstractEndpoint.start(AbstractEndpoint.java:978) ~[tomcat-embed-core-8.5.14.jar:8.5.14]
	at org.apache.coyote.AbstractProtocol.start(AbstractProtocol.java:628) ~[tomcat-embed-core-8.5.14.jar:8.5.14]
	at org.apache.catalina.connector.Connector.startInternal(Connector.java:993) [tomcat-embed-core-8.5.14.jar:8.5.14]
	at org.apache.catalina.util.LifecycleBase.start(LifecycleBase.java:150) [tomcat-embed-core-8.5.14.jar:8.5.14]
	at org.apache.catalina.core.StandardService.addConnector(StandardService.java:225) [tomcat-embed-core-8.5.14.jar:8.5.14]
	at org.springframework.boot.context.embedded.tomcat.TomcatEmbeddedServletContainer.addPreviouslyRemovedConnectors(TomcatEmbeddedServletContainer.java:247) [spring-boot-1.5.3.RELEASE.jar:1.5.3.RELEASE]
	at org.springframework.boot.context.embedded.tomcat.TomcatEmbeddedServletContainer.start(TomcatEmbeddedServletContainer.java:190) [spring-boot-1.5.3.RELEASE.jar:1.5.3.RELEASE]
	at org.springframework.boot.context.embedded.EmbeddedWebApplicationContext.startEmbeddedServletContainer(EmbeddedWebApplicationContext.java:297) [spring-boot-1.5.3.RELEASE.jar:1.5.3.RELEASE]
	at org.springframework.boot.context.embedded.EmbeddedWebApplicationContext.finishRefresh(EmbeddedWebApplicationContext.java:145) [spring-boot-1.5.3.RELEASE.jar:1.5.3.RELEASE]
	at org.springframework.context.support.AbstractApplicationContext.refresh(AbstractApplicationContext.java:545) [spring-context-4.3.8.RELEASE.jar:4.3.8.RELEASE]
	at org.springframework.boot.context.embedded.EmbeddedWebApplicationContext.refresh(EmbeddedWebApplicationContext.java:122) [spring-boot-1.5.3.RELEASE.jar:1.5.3.RELEASE]
	at org.springframework.boot.SpringApplication.refresh(SpringApplication.java:737) [spring-boot-1.5.3.RELEASE.jar:1.5.3.RELEASE]
	at org.springframework.boot.SpringApplication.refreshContext(SpringApplication.java:370) [spring-boot-1.5.3.RELEASE.jar:1.5.3.RELEASE]
	at org.springframework.boot.SpringApplication.run(SpringApplication.java:314) [spring-boot-1.5.3.RELEASE.jar:1.5.3.RELEASE]
	at org.springframework.boot.test.context.SpringBootContextLoader.loadContext(SpringBootContextLoader.java:120) [spring-boot-test-1.5.3.RELEASE.jar:1.5.3.RELEASE]
	at org.springframework.test.context.cache.DefaultCacheAwareContextLoaderDelegate.loadContextInternal(DefaultCacheAwareContextLoaderDelegate.java:98) [spring-test-4.3.8.RELEASE.jar:4.3.8.RELEASE]
	at org.springframework.test.context.cache.DefaultCacheAwareContextLoaderDelegate.loadContext(DefaultCacheAwareContextLoaderDelegate.java:116) [spring-test-4.3.8.RELEASE.jar:4.3.8.RELEASE]
	at org.springframework.test.context.support.DefaultTestContext.getApplicationContext(DefaultTestContext.java:83) [spring-test-4.3.8.RELEASE.jar:4.3.8.RELEASE]
	at org.springframework.boot.test.autoconfigure.SpringBootDependencyInjectionTestExecutionListener.prepareTestInstance(SpringBootDependencyInjectionTestExecutionListener.java:47) [spring-boot-test-autoconfigure-1.5.3.RELEASE.jar:1.5.3.RELEASE]
	at org.springframework.test.context.TestContextManager.prepareTestInstance(TestContextManager.java:230) [spring-test-4.3.8.RELEASE.jar:4.3.8.RELEASE]
	at org.springframework.test.context.junit4.SpringJUnit4ClassRunner.createTest(SpringJUnit4ClassRunner.java:228) [spring-test-4.3.8.RELEASE.jar:4.3.8.RELEASE]
	at org.springframework.test.context.junit4.SpringJUnit4ClassRunner$1.runReflectiveCall(SpringJUnit4ClassRunner.java:287) [spring-test-4.3.8.RELEASE.jar:4.3.8.RELEASE]
	at org.junit.internal.runners.model.ReflectiveCallable.run(ReflectiveCallable.java:12) [junit-4.12.jar:4.12]
	at org.springframework.test.context.junit4.SpringJUnit4ClassRunner.methodBlock(SpringJUnit4ClassRunner.java:289) [spring-test-4.3.8.RELEASE.jar:4.3.8.RELEASE]
	at org.springframework.test.context.junit4.SpringJUnit4ClassRunner.runChild(SpringJUnit4ClassRunner.java:247) [spring-test-4.3.8.RELEASE.jar:4.3.8.RELEASE]
	at org.springframework.test.context.junit4.SpringJUnit4ClassRunner.runChild(SpringJUnit4ClassRunner.java:94) [spring-test-4.3.8.RELEASE.jar:4.3.8.RELEASE]
	at org.junit.runners.ParentRunner$3.run(ParentRunner.java:290) [junit-4.12.jar:4.12]
	at org.junit.runners.ParentRunner$1.schedule(ParentRunner.java:71) [junit-4.12.jar:4.12]
	at org.junit.runners.ParentRunner.runChildren(ParentRunner.java:288) [junit-4.12.jar:4.12]
	at org.junit.runners.ParentRunner.access$000(ParentRunner.java:58) [junit-4.12.jar:4.12]
	at org.junit.runners.ParentRunner$2.evaluate(ParentRunner.java:268) [junit-4.12.jar:4.12]
	at org.springframework.test.context.junit4.statements.RunBeforeTestClassCallbacks.evaluate(RunBeforeTestClassCallbacks.java:61) [spring-test-4.3.8.RELEASE.jar:4.3.8.RELEASE]
	at org.springframework.test.context.junit4.statements.RunAfterTestClassCallbacks.evaluate(RunAfterTestClassCallbacks.java:70) [spring-test-4.3.8.RELEASE.jar:4.3.8.RELEASE]
	at org.junit.runners.ParentRunner.run(ParentRunner.java:363) [junit-4.12.jar:4.12]
	at org.springframework.test.context.junit4.SpringJUnit4ClassRunner.run(SpringJUnit4ClassRunner.java:191) [spring-test-4.3.8.RELEASE.jar:4.3.8.RELEASE]
	at org.apache.maven.surefire.junit4.JUnit4Provider.execute(JUnit4Provider.java:365) [surefire-junit4-2.20.jar:2.20]
	at org.apache.maven.surefire.junit4.JUnit4Provider.executeWithRerun(JUnit4Provider.java:272) [surefire-junit4-2.20.jar:2.20]
	at org.apache.maven.surefire.junit4.JUnit4Provider.executeTestSet(JUnit4Provider.java:236) [surefire-junit4-2.20.jar:2.20]
	at org.apache.maven.surefire.junit4.JUnit4Provider.invoke(JUnit4Provider.java:159) [surefire-junit4-2.20.jar:2.20]
	at org.apache.maven.surefire.booter.ForkedBooter.invokeProviderInSameClassLoader(ForkedBooter.java:386) [surefire-booter-2.20.jar:2.20]
	at org.apache.maven.surefire.booter.ForkedBooter.runSuitesInProcess(ForkedBooter.java:323) [surefire-booter-2.20.jar:2.20]
	at org.apache.maven.surefire.booter.ForkedBooter.main(ForkedBooter.java:143) [surefire-booter-2.20.jar:2.20]

2018-12-22 13:24:12.060 ERROR 11736 --- [           main] o.apache.catalina.core.StandardService   : Failed to start connector [Connector[HTTP/1.1-8080]]

org.apache.catalina.LifecycleException: Failed to start component [Connector[HTTP/1.1-8080]]
	at org.apache.catalina.util.LifecycleBase.start(LifecycleBase.java:167) ~[tomcat-embed-core-8.5.14.jar:8.5.14]
	at org.apache.catalina.core.StandardService.addConnector(StandardService.java:225) ~[tomcat-embed-core-8.5.14.jar:8.5.14]
	at org.springframework.boot.context.embedded.tomcat.TomcatEmbeddedServletContainer.addPreviouslyRemovedConnectors(TomcatEmbeddedServletContainer.java:247) [spring-boot-1.5.3.RELEASE.jar:1.5.3.RELEASE]
	at org.springframework.boot.context.embedded.tomcat.TomcatEmbeddedServletContainer.start(TomcatEmbeddedServletContainer.java:190) [spring-boot-1.5.3.RELEASE.jar:1.5.3.RELEASE]
	at org.springframework.boot.context.embedded.EmbeddedWebApplicationContext.startEmbeddedServletContainer(EmbeddedWebApplicationContext.java:297) [spring-boot-1.5.3.RELEASE.jar:1.5.3.RELEASE]
	at org.springframework.boot.context.embedded.EmbeddedWebApplicationContext.finishRefresh(EmbeddedWebApplicationContext.java:145) [spring-boot-1.5.3.RELEASE.jar:1.5.3.RELEASE]
	at org.springframework.context.support.AbstractApplicationContext.refresh(AbstractApplicationContext.java:545) [spring-context-4.3.8.RELEASE.jar:4.3.8.RELEASE]
	at org.springframework.boot.context.embedded.EmbeddedWebApplicationContext.refresh(EmbeddedWebApplicationContext.java:122) [spring-boot-1.5.3.RELEASE.jar:1.5.3.RELEASE]
	at org.springframework.boot.SpringApplication.refresh(SpringApplication.java:737) [spring-boot-1.5.3.RELEASE.jar:1.5.3.RELEASE]
	at org.springframework.boot.SpringApplication.refreshContext(SpringApplication.java:370) [spring-boot-1.5.3.RELEASE.jar:1.5.3.RELEASE]
	at org.springframework.boot.SpringApplication.run(SpringApplication.java:314) [spring-boot-1.5.3.RELEASE.jar:1.5.3.RELEASE]
	at org.springframework.boot.test.context.SpringBootContextLoader.loadContext(SpringBootContextLoader.java:120) [spring-boot-test-1.5.3.RELEASE.jar:1.5.3.RELEASE]
	at org.springframework.test.context.cache.DefaultCacheAwareContextLoaderDelegate.loadContextInternal(DefaultCacheAwareContextLoaderDelegate.java:98) [spring-test-4.3.8.RELEASE.jar:4.3.8.RELEASE]
	at org.springframework.test.context.cache.DefaultCacheAwareContextLoaderDelegate.loadContext(DefaultCacheAwareContextLoaderDelegate.java:116) [spring-test-4.3.8.RELEASE.jar:4.3.8.RELEASE]
	at org.springframework.test.context.support.DefaultTestContext.getApplicationContext(DefaultTestContext.java:83) [spring-test-4.3.8.RELEASE.jar:4.3.8.RELEASE]
	at org.springframework.boot.test.autoconfigure.SpringBootDependencyInjectionTestExecutionListener.prepareTestInstance(SpringBootDependencyInjectionTestExecutionListener.java:47) [spring-boot-test-autoconfigure-1.5.3.RELEASE.jar:1.5.3.RELEASE]
	at org.springframework.test.context.TestContextManager.prepareTestInstance(TestContextManager.java:230) [spring-test-4.3.8.RELEASE.jar:4.3.8.RELEASE]
	at org.springframework.test.context.junit4.SpringJUnit4ClassRunner.createTest(SpringJUnit4ClassRunner.java:228) [spring-test-4.3.8.RELEASE.jar:4.3.8.RELEASE]
	at org.springframework.test.context.junit4.SpringJUnit4ClassRunner$1.runReflectiveCall(SpringJUnit4ClassRunner.java:287) [spring-test-4.3.8.RELEASE.jar:4.3.8.RELEASE]
	at org.junit.internal.runners.model.ReflectiveCallable.run(ReflectiveCallable.java:12) [junit-4.12.jar:4.12]
	at org.springframework.test.context.junit4.SpringJUnit4ClassRunner.methodBlock(SpringJUnit4ClassRunner.java:289) [spring-test-4.3.8.RELEASE.jar:4.3.8.RELEASE]
	at org.springframework.test.context.junit4.SpringJUnit4ClassRunner.runChild(SpringJUnit4ClassRunner.java:247) [spring-test-4.3.8.RELEASE.jar:4.3.8.RELEASE]
	at org.springframework.test.context.junit4.SpringJUnit4ClassRunner.runChild(SpringJUnit4ClassRunner.java:94) [spring-test-4.3.8.RELEASE.jar:4.3.8.RELEASE]
	at org.junit.runners.ParentRunner$3.run(ParentRunner.java:290) [junit-4.12.jar:4.12]
	at org.junit.runners.ParentRunner$1.schedule(ParentRunner.java:71) [junit-4.12.jar:4.12]
	at org.junit.runners.ParentRunner.runChildren(ParentRunner.java:288) [junit-4.12.jar:4.12]
	at org.junit.runners.ParentRunner.access$000(ParentRunner.java:58) [junit-4.12.jar:4.12]
	at org.junit.runners.ParentRunner$2.evaluate(ParentRunner.java:268) [junit-4.12.jar:4.12]
	at org.springframework.test.context.junit4.statements.RunBeforeTestClassCallbacks.evaluate(RunBeforeTestClassCallbacks.java:61) [spring-test-4.3.8.RELEASE.jar:4.3.8.RELEASE]
	at org.springframework.test.context.junit4.statements.RunAfterTestClassCallbacks.evaluate(RunAfterTestClassCallbacks.java:70) [spring-test-4.3.8.RELEASE.jar:4.3.8.RELEASE]
	at org.junit.runners.ParentRunner.run(ParentRunner.java:363) [junit-4.12.jar:4.12]
	at org.springframework.test.context.junit4.SpringJUnit4ClassRunner.run(SpringJUnit4ClassRunner.java:191) [spring-test-4.3.8.RELEASE.jar:4.3.8.RELEASE]
	at org.apache.maven.surefire.junit4.JUnit4Provider.execute(JUnit4Provider.java:365) [surefire-junit4-2.20.jar:2.20]
	at org.apache.maven.surefire.junit4.JUnit4Provider.executeWithRerun(JUnit4Provider.java:272) [surefire-junit4-2.20.jar:2.20]
	at org.apache.maven.surefire.junit4.JUnit4Provider.executeTestSet(JUnit4Provider.java:236) [surefire-junit4-2.20.jar:2.20]
	at org.apache.maven.surefire.junit4.JUnit4Provider.invoke(JUnit4Provider.java:159) [surefire-junit4-2.20.jar:2.20]
	at org.apache.maven.surefire.booter.ForkedBooter.invokeProviderInSameClassLoader(ForkedBooter.java:386) [surefire-booter-2.20.jar:2.20]
	at org.apache.maven.surefire.booter.ForkedBooter.runSuitesInProcess(ForkedBooter.java:323) [surefire-booter-2.20.jar:2.20]
	at org.apache.maven.surefire.booter.ForkedBooter.main(ForkedBooter.java:143) [surefire-booter-2.20.jar:2.20]
Caused by: org.apache.catalina.LifecycleException: service.getName(): "Tomcat";  Protocol handler start failed
	at org.apache.catalina.connector.Connector.startInternal(Connector.java:1000) ~[tomcat-embed-core-8.5.14.jar:8.5.14]
	at org.apache.catalina.util.LifecycleBase.start(LifecycleBase.java:150) ~[tomcat-embed-core-8.5.14.jar:8.5.14]
	... 38 common frames omitted
Caused by: java.net.BindException: Address already in use: bind
	at sun.nio.ch.Net.bind0(Native Method) ~[na:1.8.0_191]
	at sun.nio.ch.Net.bind(Net.java:433) ~[na:1.8.0_191]
	at sun.nio.ch.Net.bind(Net.java:425) ~[na:1.8.0_191]
	at sun.nio.ch.ServerSocketChannelImpl.bind(ServerSocketChannelImpl.java:223) ~[na:1.8.0_191]
	at sun.nio.ch.ServerSocketAdaptor.bind(ServerSocketAdaptor.java:74) ~[na:1.8.0_191]
	at org.apache.tomcat.util.net.NioEndpoint.bind(NioEndpoint.java:210) ~[tomcat-embed-core-8.5.14.jar:8.5.14]
	at org.apache.tomcat.util.net.AbstractEndpoint.start(AbstractEndpoint.java:978) ~[tomcat-embed-core-8.5.14.jar:8.5.14]
	at org.apache.coyote.AbstractProtocol.start(AbstractProtocol.java:628) ~[tomcat-embed-core-8.5.14.jar:8.5.14]
	at org.apache.catalina.connector.Connector.startInternal(Connector.java:993) ~[tomcat-embed-core-8.5.14.jar:8.5.14]
	... 39 common frames omitted

2018-12-22 13:24:12.206  INFO 11736 --- [           main] o.apache.catalina.core.StandardService   : Stopping service Tomcat
2018-12-22 13:24:12.210  INFO 11736 --- [           main] utoConfigurationReportLoggingInitializer : 

Error starting ApplicationContext. To display the auto-configuration report re-run your application with 'debug' enabled.
2018-12-22 13:24:12.212 ERROR 11736 --- [           main] o.s.b.d.LoggingFailureAnalysisReporter   : 

***************************
APPLICATION FAILED TO START
***************************

Description:

The Tomcat connector configured to listen on port 8080 failed to start. The port may already be in use or the connector may be misconfigured.

Action:

Verify the connector's configuration, identify and stop any process that's listening on port 8080, or configure this application to listen on another port.

2018-12-22 13:24:12.212  INFO 11736 --- [           main] ationConfigEmbeddedWebApplicationContext : Closing org.springframework.boot.context.embedded.AnnotationConfigEmbeddedWebApplicationContext@54ce4604: startup date [Sat Dec 22 13:24:10 IST 2018]; root of context hierarchy
2018-12-22 13:24:12.214  INFO 11736 --- [           main] o.z.vogon.web.PersistenceConfiguration   : Unloading JDBC drivers
2018-12-22 13:24:12.214  INFO 11736 --- [           main] j.LocalContainerEntityManagerFactoryBean : Closing JPA EntityManagerFactory for persistence unit 'VogonPU'
2018-12-22 13:24:12.214  INFO 11736 --- [           main] org.hibernate.orm.connections.pooling    : HHH10001008: Cleaning up connection pool [jdbc:h2:mem:test]
2018-12-22 13:24:12.215 ERROR 11736 --- [           main] o.s.test.context.TestContextManager      : Caught exception while allowing TestExecutionListener [org.springframework.boot.test.autoconfigure.SpringBootDependencyInjectionTestExecutionListener@482cd077] to prepare test instance [org.zlogic.vogon.web.TransactionsControllerWriteTest@2d819864]

java.lang.IllegalStateException: Failed to load ApplicationContext
	at org.springframework.test.context.cache.DefaultCacheAwareContextLoaderDelegate.loadContext(DefaultCacheAwareContextLoaderDelegate.java:124) ~[spring-test-4.3.8.RELEASE.jar:4.3.8.RELEASE]
	at org.springframework.test.context.support.DefaultTestContext.getApplicationContext(DefaultTestContext.java:83) ~[spring-test-4.3.8.RELEASE.jar:4.3.8.RELEASE]
	at org.springframework.boot.test.autoconfigure.SpringBootDependencyInjectionTestExecutionListener.prepareTestInstance(SpringBootDependencyInjectionTestExecutionListener.java:47) ~[spring-boot-test-autoconfigure-1.5.3.RELEASE.jar:1.5.3.RELEASE]
	at org.springframework.test.context.TestContextManager.prepareTestInstance(TestContextManager.java:230) ~[spring-test-4.3.8.RELEASE.jar:4.3.8.RELEASE]
	at org.springframework.test.context.junit4.SpringJUnit4ClassRunner.createTest(SpringJUnit4ClassRunner.java:228) [spring-test-4.3.8.RELEASE.jar:4.3.8.RELEASE]
	at org.springframework.test.context.junit4.SpringJUnit4ClassRunner$1.runReflectiveCall(SpringJUnit4ClassRunner.java:287) [spring-test-4.3.8.RELEASE.jar:4.3.8.RELEASE]
	at org.junit.internal.runners.model.ReflectiveCallable.run(ReflectiveCallable.java:12) [junit-4.12.jar:4.12]
	at org.springframework.test.context.junit4.SpringJUnit4ClassRunner.methodBlock(SpringJUnit4ClassRunner.java:289) [spring-test-4.3.8.RELEASE.jar:4.3.8.RELEASE]
	at org.springframework.test.context.junit4.SpringJUnit4ClassRunner.runChild(SpringJUnit4ClassRunner.java:247) [spring-test-4.3.8.RELEASE.jar:4.3.8.RELEASE]
	at org.springframework.test.context.junit4.SpringJUnit4ClassRunner.runChild(SpringJUnit4ClassRunner.java:94) [spring-test-4.3.8.RELEASE.jar:4.3.8.RELEASE]
	at org.junit.runners.ParentRunner$3.run(ParentRunner.java:290) [junit-4.12.jar:4.12]
	at org.junit.runners.ParentRunner$1.schedule(ParentRunner.java:71) [junit-4.12.jar:4.12]
	at org.junit.runners.ParentRunner.runChildren(ParentRunner.java:288) [junit-4.12.jar:4.12]
	at org.junit.runners.ParentRunner.access$000(ParentRunner.java:58) [junit-4.12.jar:4.12]
	at org.junit.runners.ParentRunner$2.evaluate(ParentRunner.java:268) [junit-4.12.jar:4.12]
	at org.springframework.test.context.junit4.statements.RunBeforeTestClassCallbacks.evaluate(RunBeforeTestClassCallbacks.java:61) [spring-test-4.3.8.RELEASE.jar:4.3.8.RELEASE]
	at org.springframework.test.context.junit4.statements.RunAfterTestClassCallbacks.evaluate(RunAfterTestClassCallbacks.java:70) [spring-test-4.3.8.RELEASE.jar:4.3.8.RELEASE]
	at org.junit.runners.ParentRunner.run(ParentRunner.java:363) [junit-4.12.jar:4.12]
	at org.springframework.test.context.junit4.SpringJUnit4ClassRunner.run(SpringJUnit4ClassRunner.java:191) [spring-test-4.3.8.RELEASE.jar:4.3.8.RELEASE]
	at org.apache.maven.surefire.junit4.JUnit4Provider.execute(JUnit4Provider.java:365) [surefire-junit4-2.20.jar:2.20]
	at org.apache.maven.surefire.junit4.JUnit4Provider.executeWithRerun(JUnit4Provider.java:272) [surefire-junit4-2.20.jar:2.20]
	at org.apache.maven.surefire.junit4.JUnit4Provider.executeTestSet(JUnit4Provider.java:236) [surefire-junit4-2.20.jar:2.20]
	at org.apache.maven.surefire.junit4.JUnit4Provider.invoke(JUnit4Provider.java:159) [surefire-junit4-2.20.jar:2.20]
	at org.apache.maven.surefire.booter.ForkedBooter.invokeProviderInSameClassLoader(ForkedBooter.java:386) [surefire-booter-2.20.jar:2.20]
	at org.apache.maven.surefire.booter.ForkedBooter.runSuitesInProcess(ForkedBooter.java:323) [surefire-booter-2.20.jar:2.20]
	at org.apache.maven.surefire.booter.ForkedBooter.main(ForkedBooter.java:143) [surefire-booter-2.20.jar:2.20]
Caused by: org.springframework.boot.context.embedded.tomcat.ConnectorStartFailedException: Connector configured to listen on port 8080 failed to start
	at org.springframework.boot.context.embedded.tomcat.TomcatEmbeddedServletContainer.checkThatConnectorsHaveStarted(TomcatEmbeddedServletContainer.java:219) ~[spring-boot-1.5.3.RELEASE.jar:1.5.3.RELEASE]
	at org.springframework.boot.context.embedded.tomcat.TomcatEmbeddedServletContainer.start(TomcatEmbeddedServletContainer.java:195) ~[spring-boot-1.5.3.RELEASE.jar:1.5.3.RELEASE]
	at org.springframework.boot.context.embedded.EmbeddedWebApplicationContext.startEmbeddedServletContainer(EmbeddedWebApplicationContext.java:297) ~[spring-boot-1.5.3.RELEASE.jar:1.5.3.RELEASE]
	at org.springframework.boot.context.embedded.EmbeddedWebApplicationContext.finishRefresh(EmbeddedWebApplicationContext.java:145) ~[spring-boot-1.5.3.RELEASE.jar:1.5.3.RELEASE]
	at org.springframework.context.support.AbstractApplicationContext.refresh(AbstractApplicationContext.java:545) ~[spring-context-4.3.8.RELEASE.jar:4.3.8.RELEASE]
	at org.springframework.boot.context.embedded.EmbeddedWebApplicationContext.refresh(EmbeddedWebApplicationContext.java:122) ~[spring-boot-1.5.3.RELEASE.jar:1.5.3.RELEASE]
	at org.springframework.boot.SpringApplication.refresh(SpringApplication.java:737) ~[spring-boot-1.5.3.RELEASE.jar:1.5.3.RELEASE]
	at org.springframework.boot.SpringApplication.refreshContext(SpringApplication.java:370) ~[spring-boot-1.5.3.RELEASE.jar:1.5.3.RELEASE]
	at org.springframework.boot.SpringApplication.run(SpringApplication.java:314) ~[spring-boot-1.5.3.RELEASE.jar:1.5.3.RELEASE]
	at org.springframework.boot.test.context.SpringBootContextLoader.loadContext(SpringBootContextLoader.java:120) ~[spring-boot-test-1.5.3.RELEASE.jar:1.5.3.RELEASE]
	at org.springframework.test.context.cache.DefaultCacheAwareContextLoaderDelegate.loadContextInternal(DefaultCacheAwareContextLoaderDelegate.java:98) ~[spring-test-4.3.8.RELEASE.jar:4.3.8.RELEASE]
	at org.springframework.test.context.cache.DefaultCacheAwareContextLoaderDelegate.loadContext(DefaultCacheAwareContextLoaderDelegate.java:116) ~[spring-test-4.3.8.RELEASE.jar:4.3.8.RELEASE]
	... 25 common frames omitted

]]></system-out>
  </testcase>
  <testcase name="testDeleteTransactionComponents" classname="org.zlogic.vogon.web.TransactionsControllerWriteTest" time="0">
    <error message="Failed to load ApplicationContext" type="java.lang.IllegalStateException">java.lang.IllegalStateException: Failed to load ApplicationContext
Caused by: org.springframework.boot.context.embedded.tomcat.ConnectorStartFailedException: Connector configured to listen on port 8080 failed to start
</error>
    <system-out><![CDATA[
  .   ____          _            __ _ _
 /\\ / ___'_ __ _ _(_)_ __  __ _ \ \ \ \
( ( )\___ | '_ | '_| | '_ \/ _` | \ \ \ \
 \\/  ___)| |_)| | | | | || (_| |  ) ) ) )
  '  |____| .__|_| |_|_| |_\__, | / / / /
 =========|_|==============|___/=/_/_/_/
 :: Spring Boot ::        (v1.5.3.RELEASE)

2018-12-22 13:24:12.252  INFO 11736 --- [           main] o.z.v.w.TransactionsControllerWriteTest  : Starting TransactionsControllerWriteTest on GOPAL with PID 11736 (started by GOPAL$ in C:\Program Files (x86)\Jenkins\workspace\Maven_project\vogon-web)
2018-12-22 13:24:12.252  INFO 11736 --- [           main] o.z.v.w.TransactionsControllerWriteTest  : No active profile set, falling back to default profiles: default
2018-12-22 13:24:12.254  INFO 11736 --- [           main] ationConfigEmbeddedWebApplicationContext : Refreshing org.springframework.boot.context.embedded.AnnotationConfigEmbeddedWebApplicationContext@13408956: startup date [Sat Dec 22 13:24:12 IST 2018]; root of context hierarchy
2018-12-22 13:24:12.533  INFO 11736 --- [           main] o.s.b.f.s.DefaultListableBeanFactory     : Overriding bean definition for bean 'entityManagerFactory' with a different definition: replacing [Root bean: class [null]; scope=; abstract=false; lazyInit=false; autowireMode=3; dependencyCheck=0; autowireCandidate=true; primary=false; factoryBeanName=persistenceConfiguration; factoryMethodName=entityManagerFactory; initMethodName=null; destroyMethodName=(inferred); defined in class path resource [org/zlogic/vogon/web/PersistenceConfiguration.class]] with [Root bean: class [null]; scope=; abstract=false; lazyInit=false; autowireMode=3; dependencyCheck=0; autowireCandidate=true; primary=false; factoryBeanName=databaseConfiguration; factoryMethodName=entityManagerFactory; initMethodName=null; destroyMethodName=(inferred); defined in org.zlogic.vogon.web.DatabaseConfiguration]
2018-12-22 13:24:12.674  INFO 11736 --- [           main] trationDelegate$BeanPostProcessorChecker : Bean 'org.springframework.security.config.annotation.configuration.ObjectPostProcessorConfiguration' of type [org.springframework.security.config.annotation.configuration.ObjectPostProcessorConfiguration$$EnhancerBySpringCGLIB$$be8c3acc] is not eligible for getting processed by all BeanPostProcessors (for example: not eligible for auto-proxying)
2018-12-22 13:24:12.684  INFO 11736 --- [           main] trationDelegate$BeanPostProcessorChecker : Bean 'objectPostProcessor' of type [org.springframework.security.config.annotation.configuration.AutowireBeanFactoryObjectPostProcessor] is not eligible for getting processed by all BeanPostProcessors (for example: not eligible for auto-proxying)
2018-12-22 13:24:12.684  INFO 11736 --- [           main] trationDelegate$BeanPostProcessorChecker : Bean 'org.springframework.security.access.expression.method.DefaultMethodSecurityExpressionHandler@216c1fbb' of type [org.springframework.security.oauth2.provider.expression.OAuth2MethodSecurityExpressionHandler] is not eligible for getting processed by all BeanPostProcessors (for example: not eligible for auto-proxying)
2018-12-22 13:24:12.684  INFO 11736 --- [           main] trationDelegate$BeanPostProcessorChecker : Bean 'org.springframework.security.config.annotation.method.configuration.GlobalMethodSecurityConfiguration' of type [org.springframework.security.config.annotation.method.configuration.GlobalMethodSecurityConfiguration$$EnhancerBySpringCGLIB$$e360dd7e] is not eligible for getting processed by all BeanPostProcessors (for example: not eligible for auto-proxying)
2018-12-22 13:24:12.684  INFO 11736 --- [           main] trationDelegate$BeanPostProcessorChecker : Bean 'methodSecurityMetadataSource' of type [org.springframework.security.access.method.DelegatingMethodSecurityMetadataSource] is not eligible for getting processed by all BeanPostProcessors (for example: not eligible for auto-proxying)
2018-12-22 13:24:12.684  INFO 11736 --- [           main] trationDelegate$BeanPostProcessorChecker : Bean 'org.springframework.transaction.annotation.ProxyTransactionManagementConfiguration' of type [org.springframework.transaction.annotation.ProxyTransactionManagementConfiguration$$EnhancerBySpringCGLIB$$25de7292] is not eligible for getting processed by all BeanPostProcessors (for example: not eligible for auto-proxying)
2018-12-22 13:24:12.712  INFO 11736 --- [           main] trationDelegate$BeanPostProcessorChecker : Bean 'security.oauth2.client-org.springframework.boot.autoconfigure.security.oauth2.OAuth2ClientProperties' of type [org.springframework.boot.autoconfigure.security.oauth2.OAuth2ClientProperties] is not eligible for getting processed by all BeanPostProcessors (for example: not eligible for auto-proxying)
2018-12-22 13:24:12.714  INFO 11736 --- [           main] trationDelegate$BeanPostProcessorChecker : Bean 'org.springframework.boot.autoconfigure.security.oauth2.OAuth2AutoConfiguration' of type [org.springframework.boot.autoconfigure.security.oauth2.OAuth2AutoConfiguration$$EnhancerBySpringCGLIB$$dd282e92] is not eligible for getting processed by all BeanPostProcessors (for example: not eligible for auto-proxying)
2018-12-22 13:24:12.718  INFO 11736 --- [           main] trationDelegate$BeanPostProcessorChecker : Bean 'resourceServerProperties' of type [org.springframework.boot.autoconfigure.security.oauth2.resource.ResourceServerProperties] is not eligible for getting processed by all BeanPostProcessors (for example: not eligible for auto-proxying)
2018-12-22 13:24:12.751  INFO 11736 --- [           main] org.zlogic.vogon.web.TomcatConfigurer    : Using keystore C:\Program Files (x86)\Jenkins\workspace\Maven_project\vogon-web\target/vogonweb.keystore with password ********
2018-12-22 13:24:12.771  INFO 11736 --- [           main] s.b.c.e.t.TomcatEmbeddedServletContainer : Tomcat initialized with port(s): 8080 (http) 8443 (https)
2018-12-22 13:24:12.771  INFO 11736 --- [           main] o.apache.catalina.core.StandardService   : Starting service Tomcat
2018-12-22 13:24:12.771  INFO 11736 --- [           main] org.apache.catalina.core.StandardEngine  : Starting Servlet Engine: Apache Tomcat/8.5.14
2018-12-22 13:24:12.799  INFO 11736 --- [ost-startStop-1] org.apache.jasper.servlet.TldScanner     : At least one JAR was scanned for TLDs yet contained no TLDs. Enable debug logging for this logger for a complete list of JARs that were scanned but no TLDs were found in them. Skipping unneeded JARs during scanning can improve startup time and JSP compilation time.
2018-12-22 13:24:12.799  INFO 11736 --- [ost-startStop-1] o.a.c.c.C.[Tomcat-150].[localhost].[/]   : Initializing Spring embedded WebApplicationContext
2018-12-22 13:24:12.799  INFO 11736 --- [ost-startStop-1] o.s.web.context.ContextLoader            : Root WebApplicationContext: initialization completed in 545 ms
2018-12-22 13:24:12.948  INFO 11736 --- [ost-startStop-1] o.s.b.w.servlet.FilterRegistrationBean   : Mapping filter: 'metricsFilter' to: [/*]
2018-12-22 13:24:12.948  INFO 11736 --- [ost-startStop-1] o.s.b.w.servlet.FilterRegistrationBean   : Mapping filter: 'characterEncodingFilter' to: [/*]
2018-12-22 13:24:12.948  INFO 11736 --- [ost-startStop-1] o.s.b.w.servlet.FilterRegistrationBean   : Mapping filter: 'hiddenHttpMethodFilter' to: [/*]
2018-12-22 13:24:12.948  INFO 11736 --- [ost-startStop-1] o.s.b.w.servlet.FilterRegistrationBean   : Mapping filter: 'httpPutFormContentFilter' to: [/*]
2018-12-22 13:24:12.948  INFO 11736 --- [ost-startStop-1] o.s.b.w.servlet.FilterRegistrationBean   : Mapping filter: 'requestContextFilter' to: [/*]
2018-12-22 13:24:12.948  INFO 11736 --- [ost-startStop-1] .s.DelegatingFilterProxyRegistrationBean : Mapping filter: 'springSecurityFilterChain' to: [/*]
2018-12-22 13:24:12.948  INFO 11736 --- [ost-startStop-1] o.s.b.w.servlet.FilterRegistrationBean   : Mapping filter: 'webRequestLoggingFilter' to: [/*]
2018-12-22 13:24:12.949  INFO 11736 --- [ost-startStop-1] o.s.b.w.servlet.FilterRegistrationBean   : Mapping filter: 'applicationContextIdFilter' to: [/*]
2018-12-22 13:24:12.949  INFO 11736 --- [ost-startStop-1] o.s.b.w.servlet.ServletRegistrationBean  : Mapping servlet: 'dispatcherServlet' to [/]
2018-12-22 13:24:12.962  INFO 11736 --- [           main] j.LocalContainerEntityManagerFactoryBean : Building JPA container EntityManagerFactory for persistence unit 'VogonPU'
2018-12-22 13:24:12.962  INFO 11736 --- [           main] o.hibernate.jpa.internal.util.LogHelper  : HHH000204: Processing PersistenceUnitInfo [
	name: VogonPU
	...]
2018-12-22 13:24:12.966  WARN 11736 --- [           main] org.hibernate.orm.connections.pooling    : HHH10001002: Using Hibernate built-in connection pool (not for production use!)
2018-12-22 13:24:12.966  INFO 11736 --- [           main] org.hibernate.orm.connections.pooling    : HHH10001005: using driver [org.h2.Driver] at URL [jdbc:h2:mem:test]
2018-12-22 13:24:12.966  INFO 11736 --- [           main] org.hibernate.orm.connections.pooling    : HHH10001001: Connection properties: {}
2018-12-22 13:24:12.966  INFO 11736 --- [           main] org.hibernate.orm.connections.pooling    : HHH10001003: Autocommit mode: false
2018-12-22 13:24:12.966  INFO 11736 --- [           main] .c.i.DriverManagerConnectionProviderImpl : HHH000115: Hibernate connection pool size: 20 (min=1)
2018-12-22 13:24:12.967  INFO 11736 --- [           main] org.hibernate.dialect.Dialect            : HHH000400: Using dialect: org.hibernate.dialect.H2Dialect
2018-12-22 13:24:12.979  INFO 11736 --- [           main] org.hibernate.orm.connections.access     : HHH10001501: Connection obtained from JdbcConnectionAccess [org.hibernate.engine.jdbc.env.internal.JdbcEnvironmentInitiator$ConnectionProviderJdbcConnectionAccess@2f6bc630] for (non-JTA) DDL execution was not in auto-commit mode; the Connection 'local transaction' will be committed and the Connection will be set into auto-commit mode.
2018-12-22 13:24:12.986  INFO 11736 --- [           main] j.LocalContainerEntityManagerFactoryBean : Initialized JPA EntityManagerFactory for persistence unit 'VogonPU'
2018-12-22 13:24:13.280  INFO 11736 --- [           main] .s.o.p.e.FrameworkEndpointHandlerMapping : Mapped "{[/oauth/authorize]}" onto public org.springframework.web.servlet.ModelAndView org.springframework.security.oauth2.provider.endpoint.AuthorizationEndpoint.authorize(java.util.Map<java.lang.String, java.lang.Object>,java.util.Map<java.lang.String, java.lang.String>,org.springframework.web.bind.support.SessionStatus,java.security.Principal)
2018-12-22 13:24:13.280  INFO 11736 --- [           main] .s.o.p.e.FrameworkEndpointHandlerMapping : Mapped "{[/oauth/authorize],methods=[POST],params=[user_oauth_approval]}" onto public org.springframework.web.servlet.View org.springframework.security.oauth2.provider.endpoint.AuthorizationEndpoint.approveOrDeny(java.util.Map<java.lang.String, java.lang.String>,java.util.Map<java.lang.String, ?>,org.springframework.web.bind.support.SessionStatus,java.security.Principal)
2018-12-22 13:24:13.281  INFO 11736 --- [           main] .s.o.p.e.FrameworkEndpointHandlerMapping : Mapped "{[/oauth/token],methods=[GET]}" onto public org.springframework.http.ResponseEntity<org.springframework.security.oauth2.common.OAuth2AccessToken> org.springframework.security.oauth2.provider.endpoint.TokenEndpoint.getAccessToken(java.security.Principal,java.util.Map<java.lang.String, java.lang.String>) throws org.springframework.web.HttpRequestMethodNotSupportedException
2018-12-22 13:24:13.281  INFO 11736 --- [           main] .s.o.p.e.FrameworkEndpointHandlerMapping : Mapped "{[/oauth/token],methods=[POST]}" onto public org.springframework.http.ResponseEntity<org.springframework.security.oauth2.common.OAuth2AccessToken> org.springframework.security.oauth2.provider.endpoint.TokenEndpoint.postAccessToken(java.security.Principal,java.util.Map<java.lang.String, java.lang.String>) throws org.springframework.web.HttpRequestMethodNotSupportedException
2018-12-22 13:24:13.281  INFO 11736 --- [           main] .s.o.p.e.FrameworkEndpointHandlerMapping : Mapped "{[/oauth/check_token]}" onto public java.util.Map<java.lang.String, ?> org.springframework.security.oauth2.provider.endpoint.CheckTokenEndpoint.checkToken(java.lang.String)
2018-12-22 13:24:13.281  INFO 11736 --- [           main] .s.o.p.e.FrameworkEndpointHandlerMapping : Mapped "{[/oauth/confirm_access]}" onto public org.springframework.web.servlet.ModelAndView org.springframework.security.oauth2.provider.endpoint.WhitelabelApprovalEndpoint.getAccessConfirmation(java.util.Map<java.lang.String, java.lang.Object>,javax.servlet.http.HttpServletRequest) throws java.lang.Exception
2018-12-22 13:24:13.281  INFO 11736 --- [           main] .s.o.p.e.FrameworkEndpointHandlerMapping : Mapped "{[/oauth/error]}" onto public org.springframework.web.servlet.ModelAndView org.springframework.security.oauth2.provider.endpoint.WhitelabelErrorEndpoint.handleError(javax.servlet.http.HttpServletRequest)
2018-12-22 13:24:13.478  INFO 11736 --- [           main] o.s.s.web.DefaultSecurityFilterChain     : Creating filter chain: OrRequestMatcher [requestMatchers=[Ant [pattern='/oauth/token'], Ant [pattern='/oauth/token_key'], Ant [pattern='/oauth/check_token']]], [org.springframework.security.web.context.request.async.WebAsyncManagerIntegrationFilter@79dd3be8, org.springframework.security.web.context.SecurityContextPersistenceFilter@561302f0, org.springframework.security.web.header.HeaderWriterFilter@633432f9, org.springframework.security.web.authentication.logout.LogoutFilter@77a79083, org.springframework.security.oauth2.provider.client.ClientCredentialsTokenEndpointFilter@ffb6b70, org.springframework.security.web.authentication.www.BasicAuthenticationFilter@66b21082, org.springframework.security.web.savedrequest.RequestCacheAwareFilter@4cad80e4, org.springframework.security.web.servletapi.SecurityContextHolderAwareRequestFilter@e4cd072, org.springframework.security.web.authentication.AnonymousAuthenticationFilter@6112ba53, org.springframework.security.web.session.SessionManagementFilter@31490b6b, org.springframework.security.web.access.ExceptionTranslationFilter@2547ec6a, org.springframework.security.web.access.intercept.FilterSecurityInterceptor@fb45451]
2018-12-22 13:24:13.479  INFO 11736 --- [           main] o.s.s.web.DefaultSecurityFilterChain     : Creating filter chain: org.springframework.boot.actuate.autoconfigure.ManagementWebSecurityAutoConfiguration$LazyEndpointPathRequestMatcher@a740c2a, [org.springframework.security.web.context.request.async.WebAsyncManagerIntegrationFilter@41d5af86, org.springframework.security.web.context.SecurityContextPersistenceFilter@392dba3f, org.springframework.security.web.header.HeaderWriterFilter@7a5e71b7, org.springframework.security.web.authentication.logout.LogoutFilter@11960f19, org.springframework.security.web.authentication.www.BasicAuthenticationFilter@6beada25, org.springframework.security.web.savedrequest.RequestCacheAwareFilter@6826108f, org.springframework.security.web.servletapi.SecurityContextHolderAwareRequestFilter@617c17f5, org.springframework.security.web.authentication.AnonymousAuthenticationFilter@4ca6b0c0, org.springframework.security.web.session.SessionManagementFilter@132c66cd, org.springframework.security.web.access.ExceptionTranslationFilter@5ae17772, org.springframework.security.web.access.intercept.FilterSecurityInterceptor@1ff24195]
2018-12-22 13:24:13.483  INFO 11736 --- [           main] o.s.s.w.a.c.ChannelProcessingFilter      : Validated configuration attributes
2018-12-22 13:24:13.499  INFO 11736 --- [           main] o.s.s.web.DefaultSecurityFilterChain     : Creating filter chain: org.springframework.security.oauth2.config.annotation.web.configuration.ResourceServerConfiguration$NotOAuthRequestMatcher@52bbb9d2, [org.springframework.security.web.access.channel.ChannelProcessingFilter@2a61f191, org.springframework.security.web.context.request.async.WebAsyncManagerIntegrationFilter@4c9e80ba, org.springframework.security.web.context.SecurityContextPersistenceFilter@3d05762c, org.springframework.security.web.header.HeaderWriterFilter@79be0edc, org.springframework.security.web.authentication.logout.LogoutFilter@44959841, org.springframework.security.oauth2.provider.authentication.OAuth2AuthenticationProcessingFilter@310b20a6, org.springframework.security.web.savedrequest.RequestCacheAwareFilter@15f88c4b, org.springframework.security.web.servletapi.SecurityContextHolderAwareRequestFilter@1cb9b8c6, org.springframework.security.web.authentication.AnonymousAuthenticationFilter@337eebfc, org.springframework.security.web.session.SessionManagementFilter@2b0e6f47, org.springframework.security.web.access.ExceptionTranslationFilter@1ed6d06f, org.springframework.security.web.access.intercept.FilterSecurityInterceptor@3a82ba07]
2018-12-22 13:24:13.579  INFO 11736 --- [           main] s.w.s.m.m.a.RequestMappingHandlerAdapter : Looking for @ControllerAdvice: org.springframework.boot.context.embedded.AnnotationConfigEmbeddedWebApplicationContext@13408956: startup date [Sat Dec 22 13:24:12 IST 2018]; root of context hierarchy
2018-12-22 13:24:13.584  INFO 11736 --- [           main] s.w.s.m.m.a.RequestMappingHandlerMapping : Mapped "{[/service/accounts],methods=[GET],produces=[application/json]}" onto public java.util.Collection<org.zlogic.vogon.data.FinanceAccount> org.zlogic.vogon.web.controller.AccountsController.getAllAccounts(org.zlogic.vogon.web.security.VogonSecurityUser)
2018-12-22 13:24:13.584  INFO 11736 --- [           main] s.w.s.m.m.a.RequestMappingHandlerMapping : Mapped "{[/service/accounts],methods=[POST],produces=[application/json]}" onto public java.util.Collection<org.zlogic.vogon.data.FinanceAccount> org.zlogic.vogon.web.controller.AccountsController.updateAccounts(java.util.Collection<org.zlogic.vogon.data.FinanceAccount>,org.zlogic.vogon.web.security.VogonSecurityUser)
2018-12-22 13:24:13.584  INFO 11736 --- [           main] s.w.s.m.m.a.RequestMappingHandlerMapping : Mapped "{[/service/analytics/tags],methods=[GET],produces=[application/json]}" onto public java.util.Set<java.lang.String> org.zlogic.vogon.web.controller.AnalyticsController.getAllTags(org.zlogic.vogon.web.security.VogonSecurityUser)
2018-12-22 13:24:13.584  INFO 11736 --- [           main] s.w.s.m.m.a.RequestMappingHandlerMapping : Mapped "{[/service/analytics],methods=[POST],produces=[application/json]}" onto public java.util.Map<java.lang.String, org.zlogic.vogon.data.report.Report> org.zlogic.vogon.web.controller.AnalyticsController.getReport(org.zlogic.vogon.data.report.ReportFactory,org.zlogic.vogon.web.security.VogonSecurityUser)
2018-12-22 13:24:13.584  INFO 11736 --- [           main] s.w.s.m.m.a.RequestMappingHandlerMapping : Mapped "{[/service/currencies],methods=[GET],produces=[application/json]}" onto public java.util.Collection<org.zlogic.vogon.web.data.model.CurrencyDetails> org.zlogic.vogon.web.controller.CurrenciesController.getAllCurrencies()
2018-12-22 13:24:13.584  INFO 11736 --- [           main] s.w.s.m.m.a.RequestMappingHandlerMapping : Mapped "{[/service/export],methods=[GET || POST]}" onto public org.springframework.http.HttpEntity<byte[]> org.zlogic.vogon.web.controller.DataController.exportDataJSON(org.zlogic.vogon.web.security.VogonSecurityUser) throws java.lang.RuntimeException
2018-12-22 13:24:13.584  INFO 11736 --- [           main] s.w.s.m.m.a.RequestMappingHandlerMapping : Mapped "{[/service/import],methods=[POST],consumes=[multipart/form-data],produces=[application/json]}" onto public java.lang.Boolean org.zlogic.vogon.web.controller.DataController.importData(org.springframework.web.multipart.MultipartFile,org.zlogic.vogon.web.security.VogonSecurityUser) throws java.lang.RuntimeException
2018-12-22 13:24:13.584  INFO 11736 --- [           main] s.w.s.m.m.a.RequestMappingHandlerMapping : Mapped "{[/fragments/{fragment}.fragment]}" onto public org.springframework.web.servlet.ModelAndView org.zlogic.vogon.web.controller.JspController.fragmentModelAndView(java.lang.String)
2018-12-22 13:24:13.584  INFO 11736 --- [           main] s.w.s.m.m.a.RequestMappingHandlerMapping : Mapped "{[/]}" onto public org.springframework.web.servlet.ModelAndView org.zlogic.vogon.web.controller.JspController.indexModelAndView()
2018-12-22 13:24:13.584  INFO 11736 --- [           main] s.w.s.m.m.a.RequestMappingHandlerMapping : Mapped "{[/oauth/logout],methods=[POST]}" onto public void org.zlogic.vogon.web.controller.LogoutController.logout(org.springframework.security.oauth2.provider.OAuth2Authentication) throws org.zlogic.vogon.web.security.UsernameExistsException
2018-12-22 13:24:13.584  INFO 11736 --- [           main] s.w.s.m.m.a.RequestMappingHandlerMapping : Mapped "{[/register],methods=[POST],produces=[application/json]}" onto public org.zlogic.vogon.data.VogonUser org.zlogic.vogon.web.controller.RegistrationController.register(org.zlogic.vogon.data.VogonUser) throws org.zlogic.vogon.web.security.UsernameExistsException
2018-12-22 13:24:13.584  INFO 11736 --- [           main] s.w.s.m.m.a.RequestMappingHandlerMapping : Mapped "{[/service/transactions/transaction/{id}],methods=[GET],produces=[application/json]}" onto public org.zlogic.vogon.web.data.model.FinanceTransactionJson org.zlogic.vogon.web.controller.TransactionsController.getTransaction(long,org.zlogic.vogon.web.security.VogonSecurityUser)
2018-12-22 13:24:13.584  INFO 11736 --- [           main] s.w.s.m.m.a.RequestMappingHandlerMapping : Mapped "{[/service/transactions],methods=[GET],produces=[application/json]}" onto public java.util.Collection<org.zlogic.vogon.web.data.model.FinanceTransactionJson> org.zlogic.vogon.web.controller.TransactionsController.getTransactions(java.lang.Integer,org.zlogic.vogon.web.controller.TransactionsController$SortColumn,org.springframework.data.domain.Sort$Direction,java.lang.String,java.util.Date,java.util.Collection<java.lang.String>,org.zlogic.vogon.web.security.VogonSecurityUser)
2018-12-22 13:24:13.584  INFO 11736 --- [           main] s.w.s.m.m.a.RequestMappingHandlerMapping : Mapped "{[/service/transactions],methods=[POST],produces=[application/json]}" onto public org.zlogic.vogon.web.data.model.FinanceTransactionJson org.zlogic.vogon.web.controller.TransactionsController.submitTransaction(org.zlogic.vogon.web.data.model.FinanceTransactionJson,org.zlogic.vogon.web.security.VogonSecurityUser)
2018-12-22 13:24:13.584  INFO 11736 --- [           main] s.w.s.m.m.a.RequestMappingHandlerMapping : Mapped "{[/service/transactions/pages],methods=[GET],produces=[application/json]}" onto public long org.zlogic.vogon.web.controller.TransactionsController.getTransactionsCount(org.zlogic.vogon.web.security.VogonSecurityUser)
2018-12-22 13:24:13.584  INFO 11736 --- [           main] s.w.s.m.m.a.RequestMappingHandlerMapping : Mapped "{[/service/transactions/transaction/{id}],methods=[DELETE],produces=[application/json]}" onto public org.zlogic.vogon.web.data.model.FinanceTransactionJson org.zlogic.vogon.web.controller.TransactionsController.deleteTransaction(long,org.zlogic.vogon.web.security.VogonSecurityUser)
2018-12-22 13:24:13.584  INFO 11736 --- [           main] s.w.s.m.m.a.RequestMappingHandlerMapping : Mapped "{[/service/user],methods=[POST],produces=[application/json]}" onto public org.zlogic.vogon.data.VogonUser org.zlogic.vogon.web.controller.UsersController.submitUser(org.zlogic.vogon.data.VogonUser,org.zlogic.vogon.web.security.VogonSecurityUser) throws org.zlogic.vogon.web.security.UsernameExistsException
2018-12-22 13:24:13.584  INFO 11736 --- [           main] s.w.s.m.m.a.RequestMappingHandlerMapping : Mapped "{[/service/user],methods=[GET],produces=[application/json]}" onto public org.zlogic.vogon.data.VogonUser org.zlogic.vogon.web.controller.UsersController.getUserData(org.zlogic.vogon.web.security.VogonSecurityUser)
2018-12-22 13:24:13.584  INFO 11736 --- [           main] s.w.s.m.m.a.RequestMappingHandlerMapping : Mapped "{[/error]}" onto public org.springframework.http.ResponseEntity<java.util.Map<java.lang.String, java.lang.Object>> org.springframework.boot.autoconfigure.web.BasicErrorController.error(javax.servlet.http.HttpServletRequest)
2018-12-22 13:24:13.584  INFO 11736 --- [           main] s.w.s.m.m.a.RequestMappingHandlerMapping : Mapped "{[/error],produces=[text/html]}" onto public org.springframework.web.servlet.ModelAndView org.springframework.boot.autoconfigure.web.BasicErrorController.errorHtml(javax.servlet.http.HttpServletRequest,javax.servlet.http.HttpServletResponse)
2018-12-22 13:24:13.600  INFO 11736 --- [           main] o.s.w.s.handler.SimpleUrlHandlerMapping  : Root mapping to handler of type [class org.springframework.web.servlet.mvc.ParameterizableViewController]
2018-12-22 13:24:13.774  INFO 11736 --- [           main] o.s.w.s.handler.SimpleUrlHandlerMapping  : Mapped URL path [/webjars/**] onto handler of type [class org.springframework.web.servlet.resource.ResourceHttpRequestHandler]
2018-12-22 13:24:13.774  INFO 11736 --- [           main] o.s.w.s.handler.SimpleUrlHandlerMapping  : Mapped URL path [/**] onto handler of type [class org.springframework.web.servlet.resource.ResourceHttpRequestHandler]
2018-12-22 13:24:13.775  INFO 11736 --- [           main] o.s.w.s.handler.SimpleUrlHandlerMapping  : Mapped URL path [/**] onto handler of type [class org.springframework.web.servlet.resource.DefaultServletHttpRequestHandler]
2018-12-22 13:24:13.794  INFO 11736 --- [           main] o.s.w.s.handler.SimpleUrlHandlerMapping  : Mapped URL path [/**/favicon.ico] onto handler of type [class org.springframework.web.servlet.resource.ResourceHttpRequestHandler]
2018-12-22 13:24:13.976  INFO 11736 --- [           main] o.s.b.a.e.mvc.EndpointHandlerMapping     : Mapped "{[/auditevents || /auditevents.json],methods=[GET],produces=[application/vnd.spring-boot.actuator.v1+json || application/json]}" onto public org.springframework.http.ResponseEntity<?> org.springframework.boot.actuate.endpoint.mvc.AuditEventsMvcEndpoint.findByPrincipalAndAfterAndType(java.lang.String,java.util.Date,java.lang.String)
2018-12-22 13:24:13.977  INFO 11736 --- [           main] o.s.b.a.e.mvc.EndpointHandlerMapping     : Mapped "{[/heapdump || /heapdump.json],methods=[GET],produces=[application/octet-stream]}" onto public void org.springframework.boot.actuate.endpoint.mvc.HeapdumpMvcEndpoint.invoke(boolean,javax.servlet.http.HttpServletRequest,javax.servlet.http.HttpServletResponse) throws java.io.IOException,javax.servlet.ServletException
2018-12-22 13:24:13.977  INFO 11736 --- [           main] o.s.b.a.e.mvc.EndpointHandlerMapping     : Mapped "{[/trace || /trace.json],methods=[GET],produces=[application/vnd.spring-boot.actuator.v1+json || application/json]}" onto public java.lang.Object org.springframework.boot.actuate.endpoint.mvc.EndpointMvcAdapter.invoke()
2018-12-22 13:24:13.977  INFO 11736 --- [           main] o.s.b.a.e.mvc.EndpointHandlerMapping     : Mapped "{[/info || /info.json],methods=[GET],produces=[application/vnd.spring-boot.actuator.v1+json || application/json]}" onto public java.lang.Object org.springframework.boot.actuate.endpoint.mvc.EndpointMvcAdapter.invoke()
2018-12-22 13:24:13.977  INFO 11736 --- [           main] o.s.b.a.e.mvc.EndpointHandlerMapping     : Mapped "{[/mappings || /mappings.json],methods=[GET],produces=[application/vnd.spring-boot.actuator.v1+json || application/json]}" onto public java.lang.Object org.springframework.boot.actuate.endpoint.mvc.EndpointMvcAdapter.invoke()
2018-12-22 13:24:13.977  INFO 11736 --- [           main] o.s.b.a.e.mvc.EndpointHandlerMapping     : Mapped "{[/health || /health.json],methods=[GET],produces=[application/vnd.spring-boot.actuator.v1+json || application/json]}" onto public java.lang.Object org.springframework.boot.actuate.endpoint.mvc.HealthMvcEndpoint.invoke(javax.servlet.http.HttpServletRequest,java.security.Principal)
2018-12-22 13:24:13.977  INFO 11736 --- [           main] o.s.b.a.e.mvc.EndpointHandlerMapping     : Mapped "{[/configprops || /configprops.json],methods=[GET],produces=[application/vnd.spring-boot.actuator.v1+json || application/json]}" onto public java.lang.Object org.springframework.boot.actuate.endpoint.mvc.EndpointMvcAdapter.invoke()
2018-12-22 13:24:13.977  INFO 11736 --- [           main] o.s.b.a.e.mvc.EndpointHandlerMapping     : Mapped "{[/env/{name:.*}],methods=[GET],produces=[application/vnd.spring-boot.actuator.v1+json || application/json]}" onto public java.lang.Object org.springframework.boot.actuate.endpoint.mvc.EnvironmentMvcEndpoint.value(java.lang.String)
2018-12-22 13:24:13.977  INFO 11736 --- [           main] o.s.b.a.e.mvc.EndpointHandlerMapping     : Mapped "{[/env || /env.json],methods=[GET],produces=[application/vnd.spring-boot.actuator.v1+json || application/json]}" onto public java.lang.Object org.springframework.boot.actuate.endpoint.mvc.EndpointMvcAdapter.invoke()
2018-12-22 13:24:13.978  INFO 11736 --- [           main] o.s.b.a.e.mvc.EndpointHandlerMapping     : Mapped "{[/metrics/{name:.*}],methods=[GET],produces=[application/vnd.spring-boot.actuator.v1+json || application/json]}" onto public java.lang.Object org.springframework.boot.actuate.endpoint.mvc.MetricsMvcEndpoint.value(java.lang.String)
2018-12-22 13:24:13.978  INFO 11736 --- [           main] o.s.b.a.e.mvc.EndpointHandlerMapping     : Mapped "{[/metrics || /metrics.json],methods=[GET],produces=[application/vnd.spring-boot.actuator.v1+json || application/json]}" onto public java.lang.Object org.springframework.boot.actuate.endpoint.mvc.EndpointMvcAdapter.invoke()
2018-12-22 13:24:13.978  INFO 11736 --- [           main] o.s.b.a.e.mvc.EndpointHandlerMapping     : Mapped "{[/autoconfig || /autoconfig.json],methods=[GET],produces=[application/vnd.spring-boot.actuator.v1+json || application/json]}" onto public java.lang.Object org.springframework.boot.actuate.endpoint.mvc.EndpointMvcAdapter.invoke()
2018-12-22 13:24:13.978  INFO 11736 --- [           main] o.s.b.a.e.mvc.EndpointHandlerMapping     : Mapped "{[/dump || /dump.json],methods=[GET],produces=[application/vnd.spring-boot.actuator.v1+json || application/json]}" onto public java.lang.Object org.springframework.boot.actuate.endpoint.mvc.EndpointMvcAdapter.invoke()
2018-12-22 13:24:13.978  INFO 11736 --- [           main] o.s.b.a.e.mvc.EndpointHandlerMapping     : Mapped "{[/beans || /beans.json],methods=[GET],produces=[application/vnd.spring-boot.actuator.v1+json || application/json]}" onto public java.lang.Object org.springframework.boot.actuate.endpoint.mvc.EndpointMvcAdapter.invoke()
2018-12-22 13:24:13.978  INFO 11736 --- [           main] o.s.b.a.e.mvc.EndpointHandlerMapping     : Mapped "{[/loggers/{name:.*}],methods=[GET],produces=[application/vnd.spring-boot.actuator.v1+json || application/json]}" onto public java.lang.Object org.springframework.boot.actuate.endpoint.mvc.LoggersMvcEndpoint.get(java.lang.String)
2018-12-22 13:24:13.978  INFO 11736 --- [           main] o.s.b.a.e.mvc.EndpointHandlerMapping     : Mapped "{[/loggers/{name:.*}],methods=[POST],consumes=[application/vnd.spring-boot.actuator.v1+json || application/json],produces=[application/vnd.spring-boot.actuator.v1+json || application/json]}" onto public java.lang.Object org.springframework.boot.actuate.endpoint.mvc.LoggersMvcEndpoint.set(java.lang.String,java.util.Map<java.lang.String, java.lang.String>)
2018-12-22 13:24:13.978  INFO 11736 --- [           main] o.s.b.a.e.mvc.EndpointHandlerMapping     : Mapped "{[/loggers || /loggers.json],methods=[GET],produces=[application/vnd.spring-boot.actuator.v1+json || application/json]}" onto public java.lang.Object org.springframework.boot.actuate.endpoint.mvc.EndpointMvcAdapter.invoke()
2018-12-22 13:24:14.066 ERROR 11736 --- [           main] o.a.coyote.http11.Http11NioProtocol      : Failed to start end point associated with ProtocolHandler ["http-nio-8080"]

java.net.BindException: Address already in use: bind
	at sun.nio.ch.Net.bind0(Native Method) ~[na:1.8.0_191]
	at sun.nio.ch.Net.bind(Net.java:433) ~[na:1.8.0_191]
	at sun.nio.ch.Net.bind(Net.java:425) ~[na:1.8.0_191]
	at sun.nio.ch.ServerSocketChannelImpl.bind(ServerSocketChannelImpl.java:223) ~[na:1.8.0_191]
	at sun.nio.ch.ServerSocketAdaptor.bind(ServerSocketAdaptor.java:74) ~[na:1.8.0_191]
	at org.apache.tomcat.util.net.NioEndpoint.bind(NioEndpoint.java:210) ~[tomcat-embed-core-8.5.14.jar:8.5.14]
	at org.apache.tomcat.util.net.AbstractEndpoint.start(AbstractEndpoint.java:978) ~[tomcat-embed-core-8.5.14.jar:8.5.14]
	at org.apache.coyote.AbstractProtocol.start(AbstractProtocol.java:628) ~[tomcat-embed-core-8.5.14.jar:8.5.14]
	at org.apache.catalina.connector.Connector.startInternal(Connector.java:993) [tomcat-embed-core-8.5.14.jar:8.5.14]
	at org.apache.catalina.util.LifecycleBase.start(LifecycleBase.java:150) [tomcat-embed-core-8.5.14.jar:8.5.14]
	at org.apache.catalina.core.StandardService.addConnector(StandardService.java:225) [tomcat-embed-core-8.5.14.jar:8.5.14]
	at org.springframework.boot.context.embedded.tomcat.TomcatEmbeddedServletContainer.addPreviouslyRemovedConnectors(TomcatEmbeddedServletContainer.java:247) [spring-boot-1.5.3.RELEASE.jar:1.5.3.RELEASE]
	at org.springframework.boot.context.embedded.tomcat.TomcatEmbeddedServletContainer.start(TomcatEmbeddedServletContainer.java:190) [spring-boot-1.5.3.RELEASE.jar:1.5.3.RELEASE]
	at org.springframework.boot.context.embedded.EmbeddedWebApplicationContext.startEmbeddedServletContainer(EmbeddedWebApplicationContext.java:297) [spring-boot-1.5.3.RELEASE.jar:1.5.3.RELEASE]
	at org.springframework.boot.context.embedded.EmbeddedWebApplicationContext.finishRefresh(EmbeddedWebApplicationContext.java:145) [spring-boot-1.5.3.RELEASE.jar:1.5.3.RELEASE]
	at org.springframework.context.support.AbstractApplicationContext.refresh(AbstractApplicationContext.java:545) [spring-context-4.3.8.RELEASE.jar:4.3.8.RELEASE]
	at org.springframework.boot.context.embedded.EmbeddedWebApplicationContext.refresh(EmbeddedWebApplicationContext.java:122) [spring-boot-1.5.3.RELEASE.jar:1.5.3.RELEASE]
	at org.springframework.boot.SpringApplication.refresh(SpringApplication.java:737) [spring-boot-1.5.3.RELEASE.jar:1.5.3.RELEASE]
	at org.springframework.boot.SpringApplication.refreshContext(SpringApplication.java:370) [spring-boot-1.5.3.RELEASE.jar:1.5.3.RELEASE]
	at org.springframework.boot.SpringApplication.run(SpringApplication.java:314) [spring-boot-1.5.3.RELEASE.jar:1.5.3.RELEASE]
	at org.springframework.boot.test.context.SpringBootContextLoader.loadContext(SpringBootContextLoader.java:120) [spring-boot-test-1.5.3.RELEASE.jar:1.5.3.RELEASE]
	at org.springframework.test.context.cache.DefaultCacheAwareContextLoaderDelegate.loadContextInternal(DefaultCacheAwareContextLoaderDelegate.java:98) [spring-test-4.3.8.RELEASE.jar:4.3.8.RELEASE]
	at org.springframework.test.context.cache.DefaultCacheAwareContextLoaderDelegate.loadContext(DefaultCacheAwareContextLoaderDelegate.java:116) [spring-test-4.3.8.RELEASE.jar:4.3.8.RELEASE]
	at org.springframework.test.context.support.DefaultTestContext.getApplicationContext(DefaultTestContext.java:83) [spring-test-4.3.8.RELEASE.jar:4.3.8.RELEASE]
	at org.springframework.test.context.support.DependencyInjectionTestExecutionListener.injectDependencies(DependencyInjectionTestExecutionListener.java:117) [spring-test-4.3.8.RELEASE.jar:4.3.8.RELEASE]
	at org.springframework.test.context.support.DependencyInjectionTestExecutionListener.prepareTestInstance(DependencyInjectionTestExecutionListener.java:83) [spring-test-4.3.8.RELEASE.jar:4.3.8.RELEASE]
	at org.springframework.boot.test.autoconfigure.SpringBootDependencyInjectionTestExecutionListener.prepareTestInstance(SpringBootDependencyInjectionTestExecutionListener.java:44) [spring-boot-test-autoconfigure-1.5.3.RELEASE.jar:1.5.3.RELEASE]
	at org.springframework.test.context.TestContextManager.prepareTestInstance(TestContextManager.java:230) [spring-test-4.3.8.RELEASE.jar:4.3.8.RELEASE]
	at org.springframework.test.context.junit4.SpringJUnit4ClassRunner.createTest(SpringJUnit4ClassRunner.java:228) [spring-test-4.3.8.RELEASE.jar:4.3.8.RELEASE]
	at org.springframework.test.context.junit4.SpringJUnit4ClassRunner$1.runReflectiveCall(SpringJUnit4ClassRunner.java:287) [spring-test-4.3.8.RELEASE.jar:4.3.8.RELEASE]
	at org.junit.internal.runners.model.ReflectiveCallable.run(ReflectiveCallable.java:12) [junit-4.12.jar:4.12]
	at org.springframework.test.context.junit4.SpringJUnit4ClassRunner.methodBlock(SpringJUnit4ClassRunner.java:289) [spring-test-4.3.8.RELEASE.jar:4.3.8.RELEASE]
	at org.springframework.test.context.junit4.SpringJUnit4ClassRunner.runChild(SpringJUnit4ClassRunner.java:247) [spring-test-4.3.8.RELEASE.jar:4.3.8.RELEASE]
	at org.springframework.test.context.junit4.SpringJUnit4ClassRunner.runChild(SpringJUnit4ClassRunner.java:94) [spring-test-4.3.8.RELEASE.jar:4.3.8.RELEASE]
	at org.junit.runners.ParentRunner$3.run(ParentRunner.java:290) [junit-4.12.jar:4.12]
	at org.junit.runners.ParentRunner$1.schedule(ParentRunner.java:71) [junit-4.12.jar:4.12]
	at org.junit.runners.ParentRunner.runChildren(ParentRunner.java:288) [junit-4.12.jar:4.12]
	at org.junit.runners.ParentRunner.access$000(ParentRunner.java:58) [junit-4.12.jar:4.12]
	at org.junit.runners.ParentRunner$2.evaluate(ParentRunner.java:268) [junit-4.12.jar:4.12]
	at org.springframework.test.context.junit4.statements.RunBeforeTestClassCallbacks.evaluate(RunBeforeTestClassCallbacks.java:61) [spring-test-4.3.8.RELEASE.jar:4.3.8.RELEASE]
	at org.springframework.test.context.junit4.statements.RunAfterTestClassCallbacks.evaluate(RunAfterTestClassCallbacks.java:70) [spring-test-4.3.8.RELEASE.jar:4.3.8.RELEASE]
	at org.junit.runners.ParentRunner.run(ParentRunner.java:363) [junit-4.12.jar:4.12]
	at org.springframework.test.context.junit4.SpringJUnit4ClassRunner.run(SpringJUnit4ClassRunner.java:191) [spring-test-4.3.8.RELEASE.jar:4.3.8.RELEASE]
	at org.apache.maven.surefire.junit4.JUnit4Provider.execute(JUnit4Provider.java:365) [surefire-junit4-2.20.jar:2.20]
	at org.apache.maven.surefire.junit4.JUnit4Provider.executeWithRerun(JUnit4Provider.java:272) [surefire-junit4-2.20.jar:2.20]
	at org.apache.maven.surefire.junit4.JUnit4Provider.executeTestSet(JUnit4Provider.java:236) [surefire-junit4-2.20.jar:2.20]
	at org.apache.maven.surefire.junit4.JUnit4Provider.invoke(JUnit4Provider.java:159) [surefire-junit4-2.20.jar:2.20]
	at org.apache.maven.surefire.booter.ForkedBooter.invokeProviderInSameClassLoader(ForkedBooter.java:386) [surefire-booter-2.20.jar:2.20]
	at org.apache.maven.surefire.booter.ForkedBooter.runSuitesInProcess(ForkedBooter.java:323) [surefire-booter-2.20.jar:2.20]
	at org.apache.maven.surefire.booter.ForkedBooter.main(ForkedBooter.java:143) [surefire-booter-2.20.jar:2.20]

2018-12-22 13:24:14.066 ERROR 11736 --- [           main] o.apache.catalina.core.StandardService   : Failed to start connector [Connector[HTTP/1.1-8080]]

org.apache.catalina.LifecycleException: Failed to start component [Connector[HTTP/1.1-8080]]
	at org.apache.catalina.util.LifecycleBase.start(LifecycleBase.java:167) ~[tomcat-embed-core-8.5.14.jar:8.5.14]
	at org.apache.catalina.core.StandardService.addConnector(StandardService.java:225) ~[tomcat-embed-core-8.5.14.jar:8.5.14]
	at org.springframework.boot.context.embedded.tomcat.TomcatEmbeddedServletContainer.addPreviouslyRemovedConnectors(TomcatEmbeddedServletContainer.java:247) [spring-boot-1.5.3.RELEASE.jar:1.5.3.RELEASE]
	at org.springframework.boot.context.embedded.tomcat.TomcatEmbeddedServletContainer.start(TomcatEmbeddedServletContainer.java:190) [spring-boot-1.5.3.RELEASE.jar:1.5.3.RELEASE]
	at org.springframework.boot.context.embedded.EmbeddedWebApplicationContext.startEmbeddedServletContainer(EmbeddedWebApplicationContext.java:297) [spring-boot-1.5.3.RELEASE.jar:1.5.3.RELEASE]
	at org.springframework.boot.context.embedded.EmbeddedWebApplicationContext.finishRefresh(EmbeddedWebApplicationContext.java:145) [spring-boot-1.5.3.RELEASE.jar:1.5.3.RELEASE]
	at org.springframework.context.support.AbstractApplicationContext.refresh(AbstractApplicationContext.java:545) [spring-context-4.3.8.RELEASE.jar:4.3.8.RELEASE]
	at org.springframework.boot.context.embedded.EmbeddedWebApplicationContext.refresh(EmbeddedWebApplicationContext.java:122) [spring-boot-1.5.3.RELEASE.jar:1.5.3.RELEASE]
	at org.springframework.boot.SpringApplication.refresh(SpringApplication.java:737) [spring-boot-1.5.3.RELEASE.jar:1.5.3.RELEASE]
	at org.springframework.boot.SpringApplication.refreshContext(SpringApplication.java:370) [spring-boot-1.5.3.RELEASE.jar:1.5.3.RELEASE]
	at org.springframework.boot.SpringApplication.run(SpringApplication.java:314) [spring-boot-1.5.3.RELEASE.jar:1.5.3.RELEASE]
	at org.springframework.boot.test.context.SpringBootContextLoader.loadContext(SpringBootContextLoader.java:120) [spring-boot-test-1.5.3.RELEASE.jar:1.5.3.RELEASE]
	at org.springframework.test.context.cache.DefaultCacheAwareContextLoaderDelegate.loadContextInternal(DefaultCacheAwareContextLoaderDelegate.java:98) [spring-test-4.3.8.RELEASE.jar:4.3.8.RELEASE]
	at org.springframework.test.context.cache.DefaultCacheAwareContextLoaderDelegate.loadContext(DefaultCacheAwareContextLoaderDelegate.java:116) [spring-test-4.3.8.RELEASE.jar:4.3.8.RELEASE]
	at org.springframework.test.context.support.DefaultTestContext.getApplicationContext(DefaultTestContext.java:83) [spring-test-4.3.8.RELEASE.jar:4.3.8.RELEASE]
	at org.springframework.test.context.support.DependencyInjectionTestExecutionListener.injectDependencies(DependencyInjectionTestExecutionListener.java:117) [spring-test-4.3.8.RELEASE.jar:4.3.8.RELEASE]
	at org.springframework.test.context.support.DependencyInjectionTestExecutionListener.prepareTestInstance(DependencyInjectionTestExecutionListener.java:83) [spring-test-4.3.8.RELEASE.jar:4.3.8.RELEASE]
	at org.springframework.boot.test.autoconfigure.SpringBootDependencyInjectionTestExecutionListener.prepareTestInstance(SpringBootDependencyInjectionTestExecutionListener.java:44) [spring-boot-test-autoconfigure-1.5.3.RELEASE.jar:1.5.3.RELEASE]
	at org.springframework.test.context.TestContextManager.prepareTestInstance(TestContextManager.java:230) [spring-test-4.3.8.RELEASE.jar:4.3.8.RELEASE]
	at org.springframework.test.context.junit4.SpringJUnit4ClassRunner.createTest(SpringJUnit4ClassRunner.java:228) [spring-test-4.3.8.RELEASE.jar:4.3.8.RELEASE]
	at org.springframework.test.context.junit4.SpringJUnit4ClassRunner$1.runReflectiveCall(SpringJUnit4ClassRunner.java:287) [spring-test-4.3.8.RELEASE.jar:4.3.8.RELEASE]
	at org.junit.internal.runners.model.ReflectiveCallable.run(ReflectiveCallable.java:12) [junit-4.12.jar:4.12]
	at org.springframework.test.context.junit4.SpringJUnit4ClassRunner.methodBlock(SpringJUnit4ClassRunner.java:289) [spring-test-4.3.8.RELEASE.jar:4.3.8.RELEASE]
	at org.springframework.test.context.junit4.SpringJUnit4ClassRunner.runChild(SpringJUnit4ClassRunner.java:247) [spring-test-4.3.8.RELEASE.jar:4.3.8.RELEASE]
	at org.springframework.test.context.junit4.SpringJUnit4ClassRunner.runChild(SpringJUnit4ClassRunner.java:94) [spring-test-4.3.8.RELEASE.jar:4.3.8.RELEASE]
	at org.junit.runners.ParentRunner$3.run(ParentRunner.java:290) [junit-4.12.jar:4.12]
	at org.junit.runners.ParentRunner$1.schedule(ParentRunner.java:71) [junit-4.12.jar:4.12]
	at org.junit.runners.ParentRunner.runChildren(ParentRunner.java:288) [junit-4.12.jar:4.12]
	at org.junit.runners.ParentRunner.access$000(ParentRunner.java:58) [junit-4.12.jar:4.12]
	at org.junit.runners.ParentRunner$2.evaluate(ParentRunner.java:268) [junit-4.12.jar:4.12]
	at org.springframework.test.context.junit4.statements.RunBeforeTestClassCallbacks.evaluate(RunBeforeTestClassCallbacks.java:61) [spring-test-4.3.8.RELEASE.jar:4.3.8.RELEASE]
	at org.springframework.test.context.junit4.statements.RunAfterTestClassCallbacks.evaluate(RunAfterTestClassCallbacks.java:70) [spring-test-4.3.8.RELEASE.jar:4.3.8.RELEASE]
	at org.junit.runners.ParentRunner.run(ParentRunner.java:363) [junit-4.12.jar:4.12]
	at org.springframework.test.context.junit4.SpringJUnit4ClassRunner.run(SpringJUnit4ClassRunner.java:191) [spring-test-4.3.8.RELEASE.jar:4.3.8.RELEASE]
	at org.apache.maven.surefire.junit4.JUnit4Provider.execute(JUnit4Provider.java:365) [surefire-junit4-2.20.jar:2.20]
	at org.apache.maven.surefire.junit4.JUnit4Provider.executeWithRerun(JUnit4Provider.java:272) [surefire-junit4-2.20.jar:2.20]
	at org.apache.maven.surefire.junit4.JUnit4Provider.executeTestSet(JUnit4Provider.java:236) [surefire-junit4-2.20.jar:2.20]
	at org.apache.maven.surefire.junit4.JUnit4Provider.invoke(JUnit4Provider.java:159) [surefire-junit4-2.20.jar:2.20]
	at org.apache.maven.surefire.booter.ForkedBooter.invokeProviderInSameClassLoader(ForkedBooter.java:386) [surefire-booter-2.20.jar:2.20]
	at org.apache.maven.surefire.booter.ForkedBooter.runSuitesInProcess(ForkedBooter.java:323) [surefire-booter-2.20.jar:2.20]
	at org.apache.maven.surefire.booter.ForkedBooter.main(ForkedBooter.java:143) [surefire-booter-2.20.jar:2.20]
Caused by: org.apache.catalina.LifecycleException: service.getName(): "Tomcat";  Protocol handler start failed
	at org.apache.catalina.connector.Connector.startInternal(Connector.java:1000) ~[tomcat-embed-core-8.5.14.jar:8.5.14]
	at org.apache.catalina.util.LifecycleBase.start(LifecycleBase.java:150) ~[tomcat-embed-core-8.5.14.jar:8.5.14]
	... 40 common frames omitted
Caused by: java.net.BindException: Address already in use: bind
	at sun.nio.ch.Net.bind0(Native Method) ~[na:1.8.0_191]
	at sun.nio.ch.Net.bind(Net.java:433) ~[na:1.8.0_191]
	at sun.nio.ch.Net.bind(Net.java:425) ~[na:1.8.0_191]
	at sun.nio.ch.ServerSocketChannelImpl.bind(ServerSocketChannelImpl.java:223) ~[na:1.8.0_191]
	at sun.nio.ch.ServerSocketAdaptor.bind(ServerSocketAdaptor.java:74) ~[na:1.8.0_191]
	at org.apache.tomcat.util.net.NioEndpoint.bind(NioEndpoint.java:210) ~[tomcat-embed-core-8.5.14.jar:8.5.14]
	at org.apache.tomcat.util.net.AbstractEndpoint.start(AbstractEndpoint.java:978) ~[tomcat-embed-core-8.5.14.jar:8.5.14]
	at org.apache.coyote.AbstractProtocol.start(AbstractProtocol.java:628) ~[tomcat-embed-core-8.5.14.jar:8.5.14]
	at org.apache.catalina.connector.Connector.startInternal(Connector.java:993) ~[tomcat-embed-core-8.5.14.jar:8.5.14]
	... 41 common frames omitted

2018-12-22 13:24:14.280  INFO 11736 --- [           main] o.apache.catalina.core.StandardService   : Stopping service Tomcat
2018-12-22 13:24:14.283  INFO 11736 --- [           main] utoConfigurationReportLoggingInitializer : 

Error starting ApplicationContext. To display the auto-configuration report re-run your application with 'debug' enabled.
2018-12-22 13:24:14.283 ERROR 11736 --- [           main] o.s.b.d.LoggingFailureAnalysisReporter   : 

***************************
APPLICATION FAILED TO START
***************************

Description:

The Tomcat connector configured to listen on port 8080 failed to start. The port may already be in use or the connector may be misconfigured.

Action:

Verify the connector's configuration, identify and stop any process that's listening on port 8080, or configure this application to listen on another port.

2018-12-22 13:24:14.283  INFO 11736 --- [           main] ationConfigEmbeddedWebApplicationContext : Closing org.springframework.boot.context.embedded.AnnotationConfigEmbeddedWebApplicationContext@13408956: startup date [Sat Dec 22 13:24:12 IST 2018]; root of context hierarchy
2018-12-22 13:24:14.283  INFO 11736 --- [           main] o.z.vogon.web.PersistenceConfiguration   : Unloading JDBC drivers
2018-12-22 13:24:14.283  INFO 11736 --- [           main] j.LocalContainerEntityManagerFactoryBean : Closing JPA EntityManagerFactory for persistence unit 'VogonPU'
2018-12-22 13:24:14.283  INFO 11736 --- [           main] org.hibernate.orm.connections.pooling    : HHH10001008: Cleaning up connection pool [jdbc:h2:mem:test]

  .   ____          _            __ _ _
 /\\ / ___'_ __ _ _(_)_ __  __ _ \ \ \ \
( ( )\___ | '_ | '_| | '_ \/ _` | \ \ \ \
 \\/  ___)| |_)| | | | | || (_| |  ) ) ) )
  '  |____| .__|_| |_|_| |_\__, | / / / /
 =========|_|==============|___/=/_/_/_/
 :: Spring Boot ::        (v1.5.3.RELEASE)

2018-12-22 13:24:14.299  INFO 11736 --- [           main] o.z.v.w.TransactionsControllerWriteTest  : Starting TransactionsControllerWriteTest on GOPAL with PID 11736 (started by GOPAL$ in C:\Program Files (x86)\Jenkins\workspace\Maven_project\vogon-web)
2018-12-22 13:24:14.299  INFO 11736 --- [           main] o.z.v.w.TransactionsControllerWriteTest  : No active profile set, falling back to default profiles: default
2018-12-22 13:24:14.315  INFO 11736 --- [           main] ationConfigEmbeddedWebApplicationContext : Refreshing org.springframework.boot.context.embedded.AnnotationConfigEmbeddedWebApplicationContext@724c92f0: startup date [Sat Dec 22 13:24:14 IST 2018]; root of context hierarchy
2018-12-22 13:24:14.618  INFO 11736 --- [           main] o.s.b.f.s.DefaultListableBeanFactory     : Overriding bean definition for bean 'entityManagerFactory' with a different definition: replacing [Root bean: class [null]; scope=; abstract=false; lazyInit=false; autowireMode=3; dependencyCheck=0; autowireCandidate=true; primary=false; factoryBeanName=persistenceConfiguration; factoryMethodName=entityManagerFactory; initMethodName=null; destroyMethodName=(inferred); defined in class path resource [org/zlogic/vogon/web/PersistenceConfiguration.class]] with [Root bean: class [null]; scope=; abstract=false; lazyInit=false; autowireMode=3; dependencyCheck=0; autowireCandidate=true; primary=false; factoryBeanName=databaseConfiguration; factoryMethodName=entityManagerFactory; initMethodName=null; destroyMethodName=(inferred); defined in org.zlogic.vogon.web.DatabaseConfiguration]
2018-12-22 13:24:14.754  INFO 11736 --- [           main] trationDelegate$BeanPostProcessorChecker : Bean 'org.springframework.security.config.annotation.configuration.ObjectPostProcessorConfiguration' of type [org.springframework.security.config.annotation.configuration.ObjectPostProcessorConfiguration$$EnhancerBySpringCGLIB$$be8c3acc] is not eligible for getting processed by all BeanPostProcessors (for example: not eligible for auto-proxying)
2018-12-22 13:24:14.758  INFO 11736 --- [           main] trationDelegate$BeanPostProcessorChecker : Bean 'objectPostProcessor' of type [org.springframework.security.config.annotation.configuration.AutowireBeanFactoryObjectPostProcessor] is not eligible for getting processed by all BeanPostProcessors (for example: not eligible for auto-proxying)
2018-12-22 13:24:14.759  INFO 11736 --- [           main] trationDelegate$BeanPostProcessorChecker : Bean 'org.springframework.security.access.expression.method.DefaultMethodSecurityExpressionHandler@4ea73cf0' of type [org.springframework.security.oauth2.provider.expression.OAuth2MethodSecurityExpressionHandler] is not eligible for getting processed by all BeanPostProcessors (for example: not eligible for auto-proxying)
2018-12-22 13:24:14.764  INFO 11736 --- [           main] trationDelegate$BeanPostProcessorChecker : Bean 'org.springframework.security.config.annotation.method.configuration.GlobalMethodSecurityConfiguration' of type [org.springframework.security.config.annotation.method.configuration.GlobalMethodSecurityConfiguration$$EnhancerBySpringCGLIB$$e360dd7e] is not eligible for getting processed by all BeanPostProcessors (for example: not eligible for auto-proxying)
2018-12-22 13:24:14.766  INFO 11736 --- [           main] trationDelegate$BeanPostProcessorChecker : Bean 'methodSecurityMetadataSource' of type [org.springframework.security.access.method.DelegatingMethodSecurityMetadataSource] is not eligible for getting processed by all BeanPostProcessors (for example: not eligible for auto-proxying)
2018-12-22 13:24:14.766  INFO 11736 --- [           main] trationDelegate$BeanPostProcessorChecker : Bean 'org.springframework.transaction.annotation.ProxyTransactionManagementConfiguration' of type [org.springframework.transaction.annotation.ProxyTransactionManagementConfiguration$$EnhancerBySpringCGLIB$$25de7292] is not eligible for getting processed by all BeanPostProcessors (for example: not eligible for auto-proxying)
2018-12-22 13:24:14.782  INFO 11736 --- [           main] trationDelegate$BeanPostProcessorChecker : Bean 'security.oauth2.client-org.springframework.boot.autoconfigure.security.oauth2.OAuth2ClientProperties' of type [org.springframework.boot.autoconfigure.security.oauth2.OAuth2ClientProperties] is not eligible for getting processed by all BeanPostProcessors (for example: not eligible for auto-proxying)
2018-12-22 13:24:14.782  INFO 11736 --- [           main] trationDelegate$BeanPostProcessorChecker : Bean 'org.springframework.boot.autoconfigure.security.oauth2.OAuth2AutoConfiguration' of type [org.springframework.boot.autoconfigure.security.oauth2.OAuth2AutoConfiguration$$EnhancerBySpringCGLIB$$dd282e92] is not eligible for getting processed by all BeanPostProcessors (for example: not eligible for auto-proxying)
2018-12-22 13:24:14.782  INFO 11736 --- [           main] trationDelegate$BeanPostProcessorChecker : Bean 'resourceServerProperties' of type [org.springframework.boot.autoconfigure.security.oauth2.resource.ResourceServerProperties] is not eligible for getting processed by all BeanPostProcessors (for example: not eligible for auto-proxying)
2018-12-22 13:24:14.826  INFO 11736 --- [           main] org.zlogic.vogon.web.TomcatConfigurer    : Using keystore C:\Program Files (x86)\Jenkins\workspace\Maven_project\vogon-web\target/vogonweb.keystore with password ********
2018-12-22 13:24:14.845  INFO 11736 --- [           main] s.b.c.e.t.TomcatEmbeddedServletContainer : Tomcat initialized with port(s): 8080 (http) 8443 (https)
2018-12-22 13:24:14.846  INFO 11736 --- [           main] o.apache.catalina.core.StandardService   : Starting service Tomcat
2018-12-22 13:24:14.846  INFO 11736 --- [           main] org.apache.catalina.core.StandardEngine  : Starting Servlet Engine: Apache Tomcat/8.5.14
2018-12-22 13:24:14.876  INFO 11736 --- [ost-startStop-1] org.apache.jasper.servlet.TldScanner     : At least one JAR was scanned for TLDs yet contained no TLDs. Enable debug logging for this logger for a complete list of JARs that were scanned but no TLDs were found in them. Skipping unneeded JARs during scanning can improve startup time and JSP compilation time.
2018-12-22 13:24:14.877  INFO 11736 --- [ost-startStop-1] o.a.c.c.C.[Tomcat-151].[localhost].[/]   : Initializing Spring embedded WebApplicationContext
2018-12-22 13:24:14.877  INFO 11736 --- [ost-startStop-1] o.s.web.context.ContextLoader            : Root WebApplicationContext: initialization completed in 562 ms
2018-12-22 13:24:15.026  INFO 11736 --- [ost-startStop-1] o.s.b.w.servlet.FilterRegistrationBean   : Mapping filter: 'metricsFilter' to: [/*]
2018-12-22 13:24:15.026  INFO 11736 --- [ost-startStop-1] o.s.b.w.servlet.FilterRegistrationBean   : Mapping filter: 'characterEncodingFilter' to: [/*]
2018-12-22 13:24:15.026  INFO 11736 --- [ost-startStop-1] o.s.b.w.servlet.FilterRegistrationBean   : Mapping filter: 'hiddenHttpMethodFilter' to: [/*]
2018-12-22 13:24:15.026  INFO 11736 --- [ost-startStop-1] o.s.b.w.servlet.FilterRegistrationBean   : Mapping filter: 'httpPutFormContentFilter' to: [/*]
2018-12-22 13:24:15.026  INFO 11736 --- [ost-startStop-1] o.s.b.w.servlet.FilterRegistrationBean   : Mapping filter: 'requestContextFilter' to: [/*]
2018-12-22 13:24:15.026  INFO 11736 --- [ost-startStop-1] .s.DelegatingFilterProxyRegistrationBean : Mapping filter: 'springSecurityFilterChain' to: [/*]
2018-12-22 13:24:15.026  INFO 11736 --- [ost-startStop-1] o.s.b.w.servlet.FilterRegistrationBean   : Mapping filter: 'webRequestLoggingFilter' to: [/*]
2018-12-22 13:24:15.026  INFO 11736 --- [ost-startStop-1] o.s.b.w.servlet.FilterRegistrationBean   : Mapping filter: 'applicationContextIdFilter' to: [/*]
2018-12-22 13:24:15.026  INFO 11736 --- [ost-startStop-1] o.s.b.w.servlet.ServletRegistrationBean  : Mapping servlet: 'dispatcherServlet' to [/]
2018-12-22 13:24:15.037  INFO 11736 --- [           main] j.LocalContainerEntityManagerFactoryBean : Building JPA container EntityManagerFactory for persistence unit 'VogonPU'
2018-12-22 13:24:15.037  INFO 11736 --- [           main] o.hibernate.jpa.internal.util.LogHelper  : HHH000204: Processing PersistenceUnitInfo [
	name: VogonPU
	...]
2018-12-22 13:24:15.041  WARN 11736 --- [           main] org.hibernate.orm.connections.pooling    : HHH10001002: Using Hibernate built-in connection pool (not for production use!)
2018-12-22 13:24:15.042  INFO 11736 --- [           main] org.hibernate.orm.connections.pooling    : HHH10001005: using driver [org.h2.Driver] at URL [jdbc:h2:mem:test]
2018-12-22 13:24:15.042  INFO 11736 --- [           main] org.hibernate.orm.connections.pooling    : HHH10001001: Connection properties: {}
2018-12-22 13:24:15.042  INFO 11736 --- [           main] org.hibernate.orm.connections.pooling    : HHH10001003: Autocommit mode: false
2018-12-22 13:24:15.042  INFO 11736 --- [           main] .c.i.DriverManagerConnectionProviderImpl : HHH000115: Hibernate connection pool size: 20 (min=1)
2018-12-22 13:24:15.042  INFO 11736 --- [           main] org.hibernate.dialect.Dialect            : HHH000400: Using dialect: org.hibernate.dialect.H2Dialect
2018-12-22 13:24:15.052  INFO 11736 --- [           main] org.hibernate.orm.connections.access     : HHH10001501: Connection obtained from JdbcConnectionAccess [org.hibernate.engine.jdbc.env.internal.JdbcEnvironmentInitiator$ConnectionProviderJdbcConnectionAccess@6193d494] for (non-JTA) DDL execution was not in auto-commit mode; the Connection 'local transaction' will be committed and the Connection will be set into auto-commit mode.
2018-12-22 13:24:15.058  INFO 11736 --- [           main] j.LocalContainerEntityManagerFactoryBean : Initialized JPA EntityManagerFactory for persistence unit 'VogonPU'
2018-12-22 13:24:15.349  INFO 11736 --- [           main] .s.o.p.e.FrameworkEndpointHandlerMapping : Mapped "{[/oauth/authorize]}" onto public org.springframework.web.servlet.ModelAndView org.springframework.security.oauth2.provider.endpoint.AuthorizationEndpoint.authorize(java.util.Map<java.lang.String, java.lang.Object>,java.util.Map<java.lang.String, java.lang.String>,org.springframework.web.bind.support.SessionStatus,java.security.Principal)
2018-12-22 13:24:15.349  INFO 11736 --- [           main] .s.o.p.e.FrameworkEndpointHandlerMapping : Mapped "{[/oauth/authorize],methods=[POST],params=[user_oauth_approval]}" onto public org.springframework.web.servlet.View org.springframework.security.oauth2.provider.endpoint.AuthorizationEndpoint.approveOrDeny(java.util.Map<java.lang.String, java.lang.String>,java.util.Map<java.lang.String, ?>,org.springframework.web.bind.support.SessionStatus,java.security.Principal)
2018-12-22 13:24:15.349  INFO 11736 --- [           main] .s.o.p.e.FrameworkEndpointHandlerMapping : Mapped "{[/oauth/token],methods=[GET]}" onto public org.springframework.http.ResponseEntity<org.springframework.security.oauth2.common.OAuth2AccessToken> org.springframework.security.oauth2.provider.endpoint.TokenEndpoint.getAccessToken(java.security.Principal,java.util.Map<java.lang.String, java.lang.String>) throws org.springframework.web.HttpRequestMethodNotSupportedException
2018-12-22 13:24:15.349  INFO 11736 --- [           main] .s.o.p.e.FrameworkEndpointHandlerMapping : Mapped "{[/oauth/token],methods=[POST]}" onto public org.springframework.http.ResponseEntity<org.springframework.security.oauth2.common.OAuth2AccessToken> org.springframework.security.oauth2.provider.endpoint.TokenEndpoint.postAccessToken(java.security.Principal,java.util.Map<java.lang.String, java.lang.String>) throws org.springframework.web.HttpRequestMethodNotSupportedException
2018-12-22 13:24:15.349  INFO 11736 --- [           main] .s.o.p.e.FrameworkEndpointHandlerMapping : Mapped "{[/oauth/check_token]}" onto public java.util.Map<java.lang.String, ?> org.springframework.security.oauth2.provider.endpoint.CheckTokenEndpoint.checkToken(java.lang.String)
2018-12-22 13:24:15.349  INFO 11736 --- [           main] .s.o.p.e.FrameworkEndpointHandlerMapping : Mapped "{[/oauth/confirm_access]}" onto public org.springframework.web.servlet.ModelAndView org.springframework.security.oauth2.provider.endpoint.WhitelabelApprovalEndpoint.getAccessConfirmation(java.util.Map<java.lang.String, java.lang.Object>,javax.servlet.http.HttpServletRequest) throws java.lang.Exception
2018-12-22 13:24:15.349  INFO 11736 --- [           main] .s.o.p.e.FrameworkEndpointHandlerMapping : Mapped "{[/oauth/error]}" onto public org.springframework.web.servlet.ModelAndView org.springframework.security.oauth2.provider.endpoint.WhitelabelErrorEndpoint.handleError(javax.servlet.http.HttpServletRequest)
2018-12-22 13:24:15.547  INFO 11736 --- [           main] o.s.s.web.DefaultSecurityFilterChain     : Creating filter chain: OrRequestMatcher [requestMatchers=[Ant [pattern='/oauth/token'], Ant [pattern='/oauth/token_key'], Ant [pattern='/oauth/check_token']]], [org.springframework.security.web.context.request.async.WebAsyncManagerIntegrationFilter@509d151c, org.springframework.security.web.context.SecurityContextPersistenceFilter@90fb47e, org.springframework.security.web.header.HeaderWriterFilter@55b15445, org.springframework.security.web.authentication.logout.LogoutFilter@29824c97, org.springframework.security.oauth2.provider.client.ClientCredentialsTokenEndpointFilter@13d302d7, org.springframework.security.web.authentication.www.BasicAuthenticationFilter@3e8e22d5, org.springframework.security.web.savedrequest.RequestCacheAwareFilter@68ed83e0, org.springframework.security.web.servletapi.SecurityContextHolderAwareRequestFilter@3721e1c4, org.springframework.security.web.authentication.AnonymousAuthenticationFilter@1333cbd, org.springframework.security.web.session.SessionManagementFilter@7e4c0e31, org.springframework.security.web.access.ExceptionTranslationFilter@1eaff59a, org.springframework.security.web.access.intercept.FilterSecurityInterceptor@280a6c66]
2018-12-22 13:24:15.548  INFO 11736 --- [           main] o.s.s.web.DefaultSecurityFilterChain     : Creating filter chain: org.springframework.boot.actuate.autoconfigure.ManagementWebSecurityAutoConfiguration$LazyEndpointPathRequestMatcher@325e7e12, [org.springframework.security.web.context.request.async.WebAsyncManagerIntegrationFilter@79bd5643, org.springframework.security.web.context.SecurityContextPersistenceFilter@3bfe82a0, org.springframework.security.web.header.HeaderWriterFilter@a454c24, org.springframework.security.web.authentication.logout.LogoutFilter@770b958, org.springframework.security.web.authentication.www.BasicAuthenticationFilter@6c33c783, org.springframework.security.web.savedrequest.RequestCacheAwareFilter@19e325fe, org.springframework.security.web.servletapi.SecurityContextHolderAwareRequestFilter@39676e8a, org.springframework.security.web.authentication.AnonymousAuthenticationFilter@515268fb, org.springframework.security.web.session.SessionManagementFilter@34a15117, org.springframework.security.web.access.ExceptionTranslationFilter@31426fbe, org.springframework.security.web.access.intercept.FilterSecurityInterceptor@2db0bef9]
2018-12-22 13:24:15.561  INFO 11736 --- [           main] o.s.s.w.a.c.ChannelProcessingFilter      : Validated configuration attributes
2018-12-22 13:24:15.565  INFO 11736 --- [           main] o.s.s.web.DefaultSecurityFilterChain     : Creating filter chain: org.springframework.security.oauth2.config.annotation.web.configuration.ResourceServerConfiguration$NotOAuthRequestMatcher@2dc8875b, [org.springframework.security.web.access.channel.ChannelProcessingFilter@5c6d5471, org.springframework.security.web.context.request.async.WebAsyncManagerIntegrationFilter@75598ee5, org.springframework.security.web.context.SecurityContextPersistenceFilter@69c0ee08, org.springframework.security.web.header.HeaderWriterFilter@1ce9f815, org.springframework.security.web.authentication.logout.LogoutFilter@588134ae, org.springframework.security.oauth2.provider.authentication.OAuth2AuthenticationProcessingFilter@68f871c3, org.springframework.security.web.savedrequest.RequestCacheAwareFilter@3b8ae744, org.springframework.security.web.servletapi.SecurityContextHolderAwareRequestFilter@68f09970, org.springframework.security.web.authentication.AnonymousAuthenticationFilter@5b35113e, org.springframework.security.web.session.SessionManagementFilter@7708e921, org.springframework.security.web.access.ExceptionTranslationFilter@8fb5c68, org.springframework.security.web.access.intercept.FilterSecurityInterceptor@65966621]
2018-12-22 13:24:15.659  INFO 11736 --- [           main] s.w.s.m.m.a.RequestMappingHandlerAdapter : Looking for @ControllerAdvice: org.springframework.boot.context.embedded.AnnotationConfigEmbeddedWebApplicationContext@724c92f0: startup date [Sat Dec 22 13:24:14 IST 2018]; root of context hierarchy
2018-12-22 13:24:15.672  INFO 11736 --- [           main] s.w.s.m.m.a.RequestMappingHandlerMapping : Mapped "{[/service/accounts],methods=[GET],produces=[application/json]}" onto public java.util.Collection<org.zlogic.vogon.data.FinanceAccount> org.zlogic.vogon.web.controller.AccountsController.getAllAccounts(org.zlogic.vogon.web.security.VogonSecurityUser)
2018-12-22 13:24:15.672  INFO 11736 --- [           main] s.w.s.m.m.a.RequestMappingHandlerMapping : Mapped "{[/service/accounts],methods=[POST],produces=[application/json]}" onto public java.util.Collection<org.zlogic.vogon.data.FinanceAccount> org.zlogic.vogon.web.controller.AccountsController.updateAccounts(java.util.Collection<org.zlogic.vogon.data.FinanceAccount>,org.zlogic.vogon.web.security.VogonSecurityUser)
2018-12-22 13:24:15.672  INFO 11736 --- [           main] s.w.s.m.m.a.RequestMappingHandlerMapping : Mapped "{[/service/analytics/tags],methods=[GET],produces=[application/json]}" onto public java.util.Set<java.lang.String> org.zlogic.vogon.web.controller.AnalyticsController.getAllTags(org.zlogic.vogon.web.security.VogonSecurityUser)
2018-12-22 13:24:15.672  INFO 11736 --- [           main] s.w.s.m.m.a.RequestMappingHandlerMapping : Mapped "{[/service/analytics],methods=[POST],produces=[application/json]}" onto public java.util.Map<java.lang.String, org.zlogic.vogon.data.report.Report> org.zlogic.vogon.web.controller.AnalyticsController.getReport(org.zlogic.vogon.data.report.ReportFactory,org.zlogic.vogon.web.security.VogonSecurityUser)
2018-12-22 13:24:15.672  INFO 11736 --- [           main] s.w.s.m.m.a.RequestMappingHandlerMapping : Mapped "{[/service/currencies],methods=[GET],produces=[application/json]}" onto public java.util.Collection<org.zlogic.vogon.web.data.model.CurrencyDetails> org.zlogic.vogon.web.controller.CurrenciesController.getAllCurrencies()
2018-12-22 13:24:15.672  INFO 11736 --- [           main] s.w.s.m.m.a.RequestMappingHandlerMapping : Mapped "{[/service/export],methods=[GET || POST]}" onto public org.springframework.http.HttpEntity<byte[]> org.zlogic.vogon.web.controller.DataController.exportDataJSON(org.zlogic.vogon.web.security.VogonSecurityUser) throws java.lang.RuntimeException
2018-12-22 13:24:15.672  INFO 11736 --- [           main] s.w.s.m.m.a.RequestMappingHandlerMapping : Mapped "{[/service/import],methods=[POST],consumes=[multipart/form-data],produces=[application/json]}" onto public java.lang.Boolean org.zlogic.vogon.web.controller.DataController.importData(org.springframework.web.multipart.MultipartFile,org.zlogic.vogon.web.security.VogonSecurityUser) throws java.lang.RuntimeException
2018-12-22 13:24:15.672  INFO 11736 --- [           main] s.w.s.m.m.a.RequestMappingHandlerMapping : Mapped "{[/fragments/{fragment}.fragment]}" onto public org.springframework.web.servlet.ModelAndView org.zlogic.vogon.web.controller.JspController.fragmentModelAndView(java.lang.String)
2018-12-22 13:24:15.672  INFO 11736 --- [           main] s.w.s.m.m.a.RequestMappingHandlerMapping : Mapped "{[/]}" onto public org.springframework.web.servlet.ModelAndView org.zlogic.vogon.web.controller.JspController.indexModelAndView()
2018-12-22 13:24:15.673  INFO 11736 --- [           main] s.w.s.m.m.a.RequestMappingHandlerMapping : Mapped "{[/oauth/logout],methods=[POST]}" onto public void org.zlogic.vogon.web.controller.LogoutController.logout(org.springframework.security.oauth2.provider.OAuth2Authentication) throws org.zlogic.vogon.web.security.UsernameExistsException
2018-12-22 13:24:15.673  INFO 11736 --- [           main] s.w.s.m.m.a.RequestMappingHandlerMapping : Mapped "{[/register],methods=[POST],produces=[application/json]}" onto public org.zlogic.vogon.data.VogonUser org.zlogic.vogon.web.controller.RegistrationController.register(org.zlogic.vogon.data.VogonUser) throws org.zlogic.vogon.web.security.UsernameExistsException
2018-12-22 13:24:15.673  INFO 11736 --- [           main] s.w.s.m.m.a.RequestMappingHandlerMapping : Mapped "{[/service/transactions/transaction/{id}],methods=[GET],produces=[application/json]}" onto public org.zlogic.vogon.web.data.model.FinanceTransactionJson org.zlogic.vogon.web.controller.TransactionsController.getTransaction(long,org.zlogic.vogon.web.security.VogonSecurityUser)
2018-12-22 13:24:15.673  INFO 11736 --- [           main] s.w.s.m.m.a.RequestMappingHandlerMapping : Mapped "{[/service/transactions],methods=[GET],produces=[application/json]}" onto public java.util.Collection<org.zlogic.vogon.web.data.model.FinanceTransactionJson> org.zlogic.vogon.web.controller.TransactionsController.getTransactions(java.lang.Integer,org.zlogic.vogon.web.controller.TransactionsController$SortColumn,org.springframework.data.domain.Sort$Direction,java.lang.String,java.util.Date,java.util.Collection<java.lang.String>,org.zlogic.vogon.web.security.VogonSecurityUser)
2018-12-22 13:24:15.673  INFO 11736 --- [           main] s.w.s.m.m.a.RequestMappingHandlerMapping : Mapped "{[/service/transactions],methods=[POST],produces=[application/json]}" onto public org.zlogic.vogon.web.data.model.FinanceTransactionJson org.zlogic.vogon.web.controller.TransactionsController.submitTransaction(org.zlogic.vogon.web.data.model.FinanceTransactionJson,org.zlogic.vogon.web.security.VogonSecurityUser)
2018-12-22 13:24:15.673  INFO 11736 --- [           main] s.w.s.m.m.a.RequestMappingHandlerMapping : Mapped "{[/service/transactions/pages],methods=[GET],produces=[application/json]}" onto public long org.zlogic.vogon.web.controller.TransactionsController.getTransactionsCount(org.zlogic.vogon.web.security.VogonSecurityUser)
2018-12-22 13:24:15.673  INFO 11736 --- [           main] s.w.s.m.m.a.RequestMappingHandlerMapping : Mapped "{[/service/transactions/transaction/{id}],methods=[DELETE],produces=[application/json]}" onto public org.zlogic.vogon.web.data.model.FinanceTransactionJson org.zlogic.vogon.web.controller.TransactionsController.deleteTransaction(long,org.zlogic.vogon.web.security.VogonSecurityUser)
2018-12-22 13:24:15.673  INFO 11736 --- [           main] s.w.s.m.m.a.RequestMappingHandlerMapping : Mapped "{[/service/user],methods=[POST],produces=[application/json]}" onto public org.zlogic.vogon.data.VogonUser org.zlogic.vogon.web.controller.UsersController.submitUser(org.zlogic.vogon.data.VogonUser,org.zlogic.vogon.web.security.VogonSecurityUser) throws org.zlogic.vogon.web.security.UsernameExistsException
2018-12-22 13:24:15.673  INFO 11736 --- [           main] s.w.s.m.m.a.RequestMappingHandlerMapping : Mapped "{[/service/user],methods=[GET],produces=[application/json]}" onto public org.zlogic.vogon.data.VogonUser org.zlogic.vogon.web.controller.UsersController.getUserData(org.zlogic.vogon.web.security.VogonSecurityUser)
2018-12-22 13:24:15.674  INFO 11736 --- [           main] s.w.s.m.m.a.RequestMappingHandlerMapping : Mapped "{[/error]}" onto public org.springframework.http.ResponseEntity<java.util.Map<java.lang.String, java.lang.Object>> org.springframework.boot.autoconfigure.web.BasicErrorController.error(javax.servlet.http.HttpServletRequest)
2018-12-22 13:24:15.674  INFO 11736 --- [           main] s.w.s.m.m.a.RequestMappingHandlerMapping : Mapped "{[/error],produces=[text/html]}" onto public org.springframework.web.servlet.ModelAndView org.springframework.boot.autoconfigure.web.BasicErrorController.errorHtml(javax.servlet.http.HttpServletRequest,javax.servlet.http.HttpServletResponse)
2018-12-22 13:24:15.689  INFO 11736 --- [           main] o.s.w.s.handler.SimpleUrlHandlerMapping  : Root mapping to handler of type [class org.springframework.web.servlet.mvc.ParameterizableViewController]
2018-12-22 13:24:15.852  INFO 11736 --- [           main] o.s.w.s.handler.SimpleUrlHandlerMapping  : Mapped URL path [/webjars/**] onto handler of type [class org.springframework.web.servlet.resource.ResourceHttpRequestHandler]
2018-12-22 13:24:15.852  INFO 11736 --- [           main] o.s.w.s.handler.SimpleUrlHandlerMapping  : Mapped URL path [/**] onto handler of type [class org.springframework.web.servlet.resource.ResourceHttpRequestHandler]
2018-12-22 13:24:15.853  INFO 11736 --- [           main] o.s.w.s.handler.SimpleUrlHandlerMapping  : Mapped URL path [/**] onto handler of type [class org.springframework.web.servlet.resource.DefaultServletHttpRequestHandler]
2018-12-22 13:24:15.872  INFO 11736 --- [           main] o.s.w.s.handler.SimpleUrlHandlerMapping  : Mapped URL path [/**/favicon.ico] onto handler of type [class org.springframework.web.servlet.resource.ResourceHttpRequestHandler]
2018-12-22 13:24:16.056  INFO 11736 --- [           main] o.s.b.a.e.mvc.EndpointHandlerMapping     : Mapped "{[/trace || /trace.json],methods=[GET],produces=[application/vnd.spring-boot.actuator.v1+json || application/json]}" onto public java.lang.Object org.springframework.boot.actuate.endpoint.mvc.EndpointMvcAdapter.invoke()
2018-12-22 13:24:16.056  INFO 11736 --- [           main] o.s.b.a.e.mvc.EndpointHandlerMapping     : Mapped "{[/env/{name:.*}],methods=[GET],produces=[application/vnd.spring-boot.actuator.v1+json || application/json]}" onto public java.lang.Object org.springframework.boot.actuate.endpoint.mvc.EnvironmentMvcEndpoint.value(java.lang.String)
2018-12-22 13:24:16.056  INFO 11736 --- [           main] o.s.b.a.e.mvc.EndpointHandlerMapping     : Mapped "{[/env || /env.json],methods=[GET],produces=[application/vnd.spring-boot.actuator.v1+json || application/json]}" onto public java.lang.Object org.springframework.boot.actuate.endpoint.mvc.EndpointMvcAdapter.invoke()
2018-12-22 13:24:16.056  INFO 11736 --- [           main] o.s.b.a.e.mvc.EndpointHandlerMapping     : Mapped "{[/metrics/{name:.*}],methods=[GET],produces=[application/vnd.spring-boot.actuator.v1+json || application/json]}" onto public java.lang.Object org.springframework.boot.actuate.endpoint.mvc.MetricsMvcEndpoint.value(java.lang.String)
2018-12-22 13:24:16.056  INFO 11736 --- [           main] o.s.b.a.e.mvc.EndpointHandlerMapping     : Mapped "{[/metrics || /metrics.json],methods=[GET],produces=[application/vnd.spring-boot.actuator.v1+json || application/json]}" onto public java.lang.Object org.springframework.boot.actuate.endpoint.mvc.EndpointMvcAdapter.invoke()
2018-12-22 13:24:16.056  INFO 11736 --- [           main] o.s.b.a.e.mvc.EndpointHandlerMapping     : Mapped "{[/info || /info.json],methods=[GET],produces=[application/vnd.spring-boot.actuator.v1+json || application/json]}" onto public java.lang.Object org.springframework.boot.actuate.endpoint.mvc.EndpointMvcAdapter.invoke()
2018-12-22 13:24:16.056  INFO 11736 --- [           main] o.s.b.a.e.mvc.EndpointHandlerMapping     : Mapped "{[/beans || /beans.json],methods=[GET],produces=[application/vnd.spring-boot.actuator.v1+json || application/json]}" onto public java.lang.Object org.springframework.boot.actuate.endpoint.mvc.EndpointMvcAdapter.invoke()
2018-12-22 13:24:16.057  INFO 11736 --- [           main] o.s.b.a.e.mvc.EndpointHandlerMapping     : Mapped "{[/auditevents || /auditevents.json],methods=[GET],produces=[application/vnd.spring-boot.actuator.v1+json || application/json]}" onto public org.springframework.http.ResponseEntity<?> org.springframework.boot.actuate.endpoint.mvc.AuditEventsMvcEndpoint.findByPrincipalAndAfterAndType(java.lang.String,java.util.Date,java.lang.String)
2018-12-22 13:24:16.057  INFO 11736 --- [           main] o.s.b.a.e.mvc.EndpointHandlerMapping     : Mapped "{[/heapdump || /heapdump.json],methods=[GET],produces=[application/octet-stream]}" onto public void org.springframework.boot.actuate.endpoint.mvc.HeapdumpMvcEndpoint.invoke(boolean,javax.servlet.http.HttpServletRequest,javax.servlet.http.HttpServletResponse) throws java.io.IOException,javax.servlet.ServletException
2018-12-22 13:24:16.057  INFO 11736 --- [           main] o.s.b.a.e.mvc.EndpointHandlerMapping     : Mapped "{[/health || /health.json],methods=[GET],produces=[application/vnd.spring-boot.actuator.v1+json || application/json]}" onto public java.lang.Object org.springframework.boot.actuate.endpoint.mvc.HealthMvcEndpoint.invoke(javax.servlet.http.HttpServletRequest,java.security.Principal)
2018-12-22 13:24:16.057  INFO 11736 --- [           main] o.s.b.a.e.mvc.EndpointHandlerMapping     : Mapped "{[/autoconfig || /autoconfig.json],methods=[GET],produces=[application/vnd.spring-boot.actuator.v1+json || application/json]}" onto public java.lang.Object org.springframework.boot.actuate.endpoint.mvc.EndpointMvcAdapter.invoke()
2018-12-22 13:24:16.057  INFO 11736 --- [           main] o.s.b.a.e.mvc.EndpointHandlerMapping     : Mapped "{[/configprops || /configprops.json],methods=[GET],produces=[application/vnd.spring-boot.actuator.v1+json || application/json]}" onto public java.lang.Object org.springframework.boot.actuate.endpoint.mvc.EndpointMvcAdapter.invoke()
2018-12-22 13:24:16.057  INFO 11736 --- [           main] o.s.b.a.e.mvc.EndpointHandlerMapping     : Mapped "{[/mappings || /mappings.json],methods=[GET],produces=[application/vnd.spring-boot.actuator.v1+json || application/json]}" onto public java.lang.Object org.springframework.boot.actuate.endpoint.mvc.EndpointMvcAdapter.invoke()
2018-12-22 13:24:16.057  INFO 11736 --- [           main] o.s.b.a.e.mvc.EndpointHandlerMapping     : Mapped "{[/loggers/{name:.*}],methods=[GET],produces=[application/vnd.spring-boot.actuator.v1+json || application/json]}" onto public java.lang.Object org.springframework.boot.actuate.endpoint.mvc.LoggersMvcEndpoint.get(java.lang.String)
2018-12-22 13:24:16.058  INFO 11736 --- [           main] o.s.b.a.e.mvc.EndpointHandlerMapping     : Mapped "{[/loggers/{name:.*}],methods=[POST],consumes=[application/vnd.spring-boot.actuator.v1+json || application/json],produces=[application/vnd.spring-boot.actuator.v1+json || application/json]}" onto public java.lang.Object org.springframework.boot.actuate.endpoint.mvc.LoggersMvcEndpoint.set(java.lang.String,java.util.Map<java.lang.String, java.lang.String>)
2018-12-22 13:24:16.058  INFO 11736 --- [           main] o.s.b.a.e.mvc.EndpointHandlerMapping     : Mapped "{[/loggers || /loggers.json],methods=[GET],produces=[application/vnd.spring-boot.actuator.v1+json || application/json]}" onto public java.lang.Object org.springframework.boot.actuate.endpoint.mvc.EndpointMvcAdapter.invoke()
2018-12-22 13:24:16.058  INFO 11736 --- [           main] o.s.b.a.e.mvc.EndpointHandlerMapping     : Mapped "{[/dump || /dump.json],methods=[GET],produces=[application/vnd.spring-boot.actuator.v1+json || application/json]}" onto public java.lang.Object org.springframework.boot.actuate.endpoint.mvc.EndpointMvcAdapter.invoke()
2018-12-22 13:24:16.153 ERROR 11736 --- [           main] o.a.coyote.http11.Http11NioProtocol      : Failed to start end point associated with ProtocolHandler ["http-nio-8080"]

java.net.BindException: Address already in use: bind
	at sun.nio.ch.Net.bind0(Native Method) ~[na:1.8.0_191]
	at sun.nio.ch.Net.bind(Net.java:433) ~[na:1.8.0_191]
	at sun.nio.ch.Net.bind(Net.java:425) ~[na:1.8.0_191]
	at sun.nio.ch.ServerSocketChannelImpl.bind(ServerSocketChannelImpl.java:223) ~[na:1.8.0_191]
	at sun.nio.ch.ServerSocketAdaptor.bind(ServerSocketAdaptor.java:74) ~[na:1.8.0_191]
	at org.apache.tomcat.util.net.NioEndpoint.bind(NioEndpoint.java:210) ~[tomcat-embed-core-8.5.14.jar:8.5.14]
	at org.apache.tomcat.util.net.AbstractEndpoint.start(AbstractEndpoint.java:978) ~[tomcat-embed-core-8.5.14.jar:8.5.14]
	at org.apache.coyote.AbstractProtocol.start(AbstractProtocol.java:628) ~[tomcat-embed-core-8.5.14.jar:8.5.14]
	at org.apache.catalina.connector.Connector.startInternal(Connector.java:993) [tomcat-embed-core-8.5.14.jar:8.5.14]
	at org.apache.catalina.util.LifecycleBase.start(LifecycleBase.java:150) [tomcat-embed-core-8.5.14.jar:8.5.14]
	at org.apache.catalina.core.StandardService.addConnector(StandardService.java:225) [tomcat-embed-core-8.5.14.jar:8.5.14]
	at org.springframework.boot.context.embedded.tomcat.TomcatEmbeddedServletContainer.addPreviouslyRemovedConnectors(TomcatEmbeddedServletContainer.java:247) [spring-boot-1.5.3.RELEASE.jar:1.5.3.RELEASE]
	at org.springframework.boot.context.embedded.tomcat.TomcatEmbeddedServletContainer.start(TomcatEmbeddedServletContainer.java:190) [spring-boot-1.5.3.RELEASE.jar:1.5.3.RELEASE]
	at org.springframework.boot.context.embedded.EmbeddedWebApplicationContext.startEmbeddedServletContainer(EmbeddedWebApplicationContext.java:297) [spring-boot-1.5.3.RELEASE.jar:1.5.3.RELEASE]
	at org.springframework.boot.context.embedded.EmbeddedWebApplicationContext.finishRefresh(EmbeddedWebApplicationContext.java:145) [spring-boot-1.5.3.RELEASE.jar:1.5.3.RELEASE]
	at org.springframework.context.support.AbstractApplicationContext.refresh(AbstractApplicationContext.java:545) [spring-context-4.3.8.RELEASE.jar:4.3.8.RELEASE]
	at org.springframework.boot.context.embedded.EmbeddedWebApplicationContext.refresh(EmbeddedWebApplicationContext.java:122) [spring-boot-1.5.3.RELEASE.jar:1.5.3.RELEASE]
	at org.springframework.boot.SpringApplication.refresh(SpringApplication.java:737) [spring-boot-1.5.3.RELEASE.jar:1.5.3.RELEASE]
	at org.springframework.boot.SpringApplication.refreshContext(SpringApplication.java:370) [spring-boot-1.5.3.RELEASE.jar:1.5.3.RELEASE]
	at org.springframework.boot.SpringApplication.run(SpringApplication.java:314) [spring-boot-1.5.3.RELEASE.jar:1.5.3.RELEASE]
	at org.springframework.boot.test.context.SpringBootContextLoader.loadContext(SpringBootContextLoader.java:120) [spring-boot-test-1.5.3.RELEASE.jar:1.5.3.RELEASE]
	at org.springframework.test.context.cache.DefaultCacheAwareContextLoaderDelegate.loadContextInternal(DefaultCacheAwareContextLoaderDelegate.java:98) [spring-test-4.3.8.RELEASE.jar:4.3.8.RELEASE]
	at org.springframework.test.context.cache.DefaultCacheAwareContextLoaderDelegate.loadContext(DefaultCacheAwareContextLoaderDelegate.java:116) [spring-test-4.3.8.RELEASE.jar:4.3.8.RELEASE]
	at org.springframework.test.context.support.DefaultTestContext.getApplicationContext(DefaultTestContext.java:83) [spring-test-4.3.8.RELEASE.jar:4.3.8.RELEASE]
	at org.springframework.boot.test.autoconfigure.SpringBootDependencyInjectionTestExecutionListener.prepareTestInstance(SpringBootDependencyInjectionTestExecutionListener.java:47) [spring-boot-test-autoconfigure-1.5.3.RELEASE.jar:1.5.3.RELEASE]
	at org.springframework.test.context.TestContextManager.prepareTestInstance(TestContextManager.java:230) [spring-test-4.3.8.RELEASE.jar:4.3.8.RELEASE]
	at org.springframework.test.context.junit4.SpringJUnit4ClassRunner.createTest(SpringJUnit4ClassRunner.java:228) [spring-test-4.3.8.RELEASE.jar:4.3.8.RELEASE]
	at org.springframework.test.context.junit4.SpringJUnit4ClassRunner$1.runReflectiveCall(SpringJUnit4ClassRunner.java:287) [spring-test-4.3.8.RELEASE.jar:4.3.8.RELEASE]
	at org.junit.internal.runners.model.ReflectiveCallable.run(ReflectiveCallable.java:12) [junit-4.12.jar:4.12]
	at org.springframework.test.context.junit4.SpringJUnit4ClassRunner.methodBlock(SpringJUnit4ClassRunner.java:289) [spring-test-4.3.8.RELEASE.jar:4.3.8.RELEASE]
	at org.springframework.test.context.junit4.SpringJUnit4ClassRunner.runChild(SpringJUnit4ClassRunner.java:247) [spring-test-4.3.8.RELEASE.jar:4.3.8.RELEASE]
	at org.springframework.test.context.junit4.SpringJUnit4ClassRunner.runChild(SpringJUnit4ClassRunner.java:94) [spring-test-4.3.8.RELEASE.jar:4.3.8.RELEASE]
	at org.junit.runners.ParentRunner$3.run(ParentRunner.java:290) [junit-4.12.jar:4.12]
	at org.junit.runners.ParentRunner$1.schedule(ParentRunner.java:71) [junit-4.12.jar:4.12]
	at org.junit.runners.ParentRunner.runChildren(ParentRunner.java:288) [junit-4.12.jar:4.12]
	at org.junit.runners.ParentRunner.access$000(ParentRunner.java:58) [junit-4.12.jar:4.12]
	at org.junit.runners.ParentRunner$2.evaluate(ParentRunner.java:268) [junit-4.12.jar:4.12]
	at org.springframework.test.context.junit4.statements.RunBeforeTestClassCallbacks.evaluate(RunBeforeTestClassCallbacks.java:61) [spring-test-4.3.8.RELEASE.jar:4.3.8.RELEASE]
	at org.springframework.test.context.junit4.statements.RunAfterTestClassCallbacks.evaluate(RunAfterTestClassCallbacks.java:70) [spring-test-4.3.8.RELEASE.jar:4.3.8.RELEASE]
	at org.junit.runners.ParentRunner.run(ParentRunner.java:363) [junit-4.12.jar:4.12]
	at org.springframework.test.context.junit4.SpringJUnit4ClassRunner.run(SpringJUnit4ClassRunner.java:191) [spring-test-4.3.8.RELEASE.jar:4.3.8.RELEASE]
	at org.apache.maven.surefire.junit4.JUnit4Provider.execute(JUnit4Provider.java:365) [surefire-junit4-2.20.jar:2.20]
	at org.apache.maven.surefire.junit4.JUnit4Provider.executeWithRerun(JUnit4Provider.java:272) [surefire-junit4-2.20.jar:2.20]
	at org.apache.maven.surefire.junit4.JUnit4Provider.executeTestSet(JUnit4Provider.java:236) [surefire-junit4-2.20.jar:2.20]
	at org.apache.maven.surefire.junit4.JUnit4Provider.invoke(JUnit4Provider.java:159) [surefire-junit4-2.20.jar:2.20]
	at org.apache.maven.surefire.booter.ForkedBooter.invokeProviderInSameClassLoader(ForkedBooter.java:386) [surefire-booter-2.20.jar:2.20]
	at org.apache.maven.surefire.booter.ForkedBooter.runSuitesInProcess(ForkedBooter.java:323) [surefire-booter-2.20.jar:2.20]
	at org.apache.maven.surefire.booter.ForkedBooter.main(ForkedBooter.java:143) [surefire-booter-2.20.jar:2.20]

2018-12-22 13:24:16.154 ERROR 11736 --- [           main] o.apache.catalina.core.StandardService   : Failed to start connector [Connector[HTTP/1.1-8080]]

org.apache.catalina.LifecycleException: Failed to start component [Connector[HTTP/1.1-8080]]
	at org.apache.catalina.util.LifecycleBase.start(LifecycleBase.java:167) ~[tomcat-embed-core-8.5.14.jar:8.5.14]
	at org.apache.catalina.core.StandardService.addConnector(StandardService.java:225) ~[tomcat-embed-core-8.5.14.jar:8.5.14]
	at org.springframework.boot.context.embedded.tomcat.TomcatEmbeddedServletContainer.addPreviouslyRemovedConnectors(TomcatEmbeddedServletContainer.java:247) [spring-boot-1.5.3.RELEASE.jar:1.5.3.RELEASE]
	at org.springframework.boot.context.embedded.tomcat.TomcatEmbeddedServletContainer.start(TomcatEmbeddedServletContainer.java:190) [spring-boot-1.5.3.RELEASE.jar:1.5.3.RELEASE]
	at org.springframework.boot.context.embedded.EmbeddedWebApplicationContext.startEmbeddedServletContainer(EmbeddedWebApplicationContext.java:297) [spring-boot-1.5.3.RELEASE.jar:1.5.3.RELEASE]
	at org.springframework.boot.context.embedded.EmbeddedWebApplicationContext.finishRefresh(EmbeddedWebApplicationContext.java:145) [spring-boot-1.5.3.RELEASE.jar:1.5.3.RELEASE]
	at org.springframework.context.support.AbstractApplicationContext.refresh(AbstractApplicationContext.java:545) [spring-context-4.3.8.RELEASE.jar:4.3.8.RELEASE]
	at org.springframework.boot.context.embedded.EmbeddedWebApplicationContext.refresh(EmbeddedWebApplicationContext.java:122) [spring-boot-1.5.3.RELEASE.jar:1.5.3.RELEASE]
	at org.springframework.boot.SpringApplication.refresh(SpringApplication.java:737) [spring-boot-1.5.3.RELEASE.jar:1.5.3.RELEASE]
	at org.springframework.boot.SpringApplication.refreshContext(SpringApplication.java:370) [spring-boot-1.5.3.RELEASE.jar:1.5.3.RELEASE]
	at org.springframework.boot.SpringApplication.run(SpringApplication.java:314) [spring-boot-1.5.3.RELEASE.jar:1.5.3.RELEASE]
	at org.springframework.boot.test.context.SpringBootContextLoader.loadContext(SpringBootContextLoader.java:120) [spring-boot-test-1.5.3.RELEASE.jar:1.5.3.RELEASE]
	at org.springframework.test.context.cache.DefaultCacheAwareContextLoaderDelegate.loadContextInternal(DefaultCacheAwareContextLoaderDelegate.java:98) [spring-test-4.3.8.RELEASE.jar:4.3.8.RELEASE]
	at org.springframework.test.context.cache.DefaultCacheAwareContextLoaderDelegate.loadContext(DefaultCacheAwareContextLoaderDelegate.java:116) [spring-test-4.3.8.RELEASE.jar:4.3.8.RELEASE]
	at org.springframework.test.context.support.DefaultTestContext.getApplicationContext(DefaultTestContext.java:83) [spring-test-4.3.8.RELEASE.jar:4.3.8.RELEASE]
	at org.springframework.boot.test.autoconfigure.SpringBootDependencyInjectionTestExecutionListener.prepareTestInstance(SpringBootDependencyInjectionTestExecutionListener.java:47) [spring-boot-test-autoconfigure-1.5.3.RELEASE.jar:1.5.3.RELEASE]
	at org.springframework.test.context.TestContextManager.prepareTestInstance(TestContextManager.java:230) [spring-test-4.3.8.RELEASE.jar:4.3.8.RELEASE]
	at org.springframework.test.context.junit4.SpringJUnit4ClassRunner.createTest(SpringJUnit4ClassRunner.java:228) [spring-test-4.3.8.RELEASE.jar:4.3.8.RELEASE]
	at org.springframework.test.context.junit4.SpringJUnit4ClassRunner$1.runReflectiveCall(SpringJUnit4ClassRunner.java:287) [spring-test-4.3.8.RELEASE.jar:4.3.8.RELEASE]
	at org.junit.internal.runners.model.ReflectiveCallable.run(ReflectiveCallable.java:12) [junit-4.12.jar:4.12]
	at org.springframework.test.context.junit4.SpringJUnit4ClassRunner.methodBlock(SpringJUnit4ClassRunner.java:289) [spring-test-4.3.8.RELEASE.jar:4.3.8.RELEASE]
	at org.springframework.test.context.junit4.SpringJUnit4ClassRunner.runChild(SpringJUnit4ClassRunner.java:247) [spring-test-4.3.8.RELEASE.jar:4.3.8.RELEASE]
	at org.springframework.test.context.junit4.SpringJUnit4ClassRunner.runChild(SpringJUnit4ClassRunner.java:94) [spring-test-4.3.8.RELEASE.jar:4.3.8.RELEASE]
	at org.junit.runners.ParentRunner$3.run(ParentRunner.java:290) [junit-4.12.jar:4.12]
	at org.junit.runners.ParentRunner$1.schedule(ParentRunner.java:71) [junit-4.12.jar:4.12]
	at org.junit.runners.ParentRunner.runChildren(ParentRunner.java:288) [junit-4.12.jar:4.12]
	at org.junit.runners.ParentRunner.access$000(ParentRunner.java:58) [junit-4.12.jar:4.12]
	at org.junit.runners.ParentRunner$2.evaluate(ParentRunner.java:268) [junit-4.12.jar:4.12]
	at org.springframework.test.context.junit4.statements.RunBeforeTestClassCallbacks.evaluate(RunBeforeTestClassCallbacks.java:61) [spring-test-4.3.8.RELEASE.jar:4.3.8.RELEASE]
	at org.springframework.test.context.junit4.statements.RunAfterTestClassCallbacks.evaluate(RunAfterTestClassCallbacks.java:70) [spring-test-4.3.8.RELEASE.jar:4.3.8.RELEASE]
	at org.junit.runners.ParentRunner.run(ParentRunner.java:363) [junit-4.12.jar:4.12]
	at org.springframework.test.context.junit4.SpringJUnit4ClassRunner.run(SpringJUnit4ClassRunner.java:191) [spring-test-4.3.8.RELEASE.jar:4.3.8.RELEASE]
	at org.apache.maven.surefire.junit4.JUnit4Provider.execute(JUnit4Provider.java:365) [surefire-junit4-2.20.jar:2.20]
	at org.apache.maven.surefire.junit4.JUnit4Provider.executeWithRerun(JUnit4Provider.java:272) [surefire-junit4-2.20.jar:2.20]
	at org.apache.maven.surefire.junit4.JUnit4Provider.executeTestSet(JUnit4Provider.java:236) [surefire-junit4-2.20.jar:2.20]
	at org.apache.maven.surefire.junit4.JUnit4Provider.invoke(JUnit4Provider.java:159) [surefire-junit4-2.20.jar:2.20]
	at org.apache.maven.surefire.booter.ForkedBooter.invokeProviderInSameClassLoader(ForkedBooter.java:386) [surefire-booter-2.20.jar:2.20]
	at org.apache.maven.surefire.booter.ForkedBooter.runSuitesInProcess(ForkedBooter.java:323) [surefire-booter-2.20.jar:2.20]
	at org.apache.maven.surefire.booter.ForkedBooter.main(ForkedBooter.java:143) [surefire-booter-2.20.jar:2.20]
Caused by: org.apache.catalina.LifecycleException: service.getName(): "Tomcat";  Protocol handler start failed
	at org.apache.catalina.connector.Connector.startInternal(Connector.java:1000) ~[tomcat-embed-core-8.5.14.jar:8.5.14]
	at org.apache.catalina.util.LifecycleBase.start(LifecycleBase.java:150) ~[tomcat-embed-core-8.5.14.jar:8.5.14]
	... 38 common frames omitted
Caused by: java.net.BindException: Address already in use: bind
	at sun.nio.ch.Net.bind0(Native Method) ~[na:1.8.0_191]
	at sun.nio.ch.Net.bind(Net.java:433) ~[na:1.8.0_191]
	at sun.nio.ch.Net.bind(Net.java:425) ~[na:1.8.0_191]
	at sun.nio.ch.ServerSocketChannelImpl.bind(ServerSocketChannelImpl.java:223) ~[na:1.8.0_191]
	at sun.nio.ch.ServerSocketAdaptor.bind(ServerSocketAdaptor.java:74) ~[na:1.8.0_191]
	at org.apache.tomcat.util.net.NioEndpoint.bind(NioEndpoint.java:210) ~[tomcat-embed-core-8.5.14.jar:8.5.14]
	at org.apache.tomcat.util.net.AbstractEndpoint.start(AbstractEndpoint.java:978) ~[tomcat-embed-core-8.5.14.jar:8.5.14]
	at org.apache.coyote.AbstractProtocol.start(AbstractProtocol.java:628) ~[tomcat-embed-core-8.5.14.jar:8.5.14]
	at org.apache.catalina.connector.Connector.startInternal(Connector.java:993) ~[tomcat-embed-core-8.5.14.jar:8.5.14]
	... 39 common frames omitted

2018-12-22 13:24:16.336  INFO 11736 --- [           main] o.apache.catalina.core.StandardService   : Stopping service Tomcat
2018-12-22 13:24:16.347  INFO 11736 --- [           main] utoConfigurationReportLoggingInitializer : 

Error starting ApplicationContext. To display the auto-configuration report re-run your application with 'debug' enabled.
2018-12-22 13:24:16.351 ERROR 11736 --- [           main] o.s.b.d.LoggingFailureAnalysisReporter   : 

***************************
APPLICATION FAILED TO START
***************************

Description:

The Tomcat connector configured to listen on port 8080 failed to start. The port may already be in use or the connector may be misconfigured.

Action:

Verify the connector's configuration, identify and stop any process that's listening on port 8080, or configure this application to listen on another port.

2018-12-22 13:24:16.351  INFO 11736 --- [           main] ationConfigEmbeddedWebApplicationContext : Closing org.springframework.boot.context.embedded.AnnotationConfigEmbeddedWebApplicationContext@724c92f0: startup date [Sat Dec 22 13:24:14 IST 2018]; root of context hierarchy
2018-12-22 13:24:16.354  INFO 11736 --- [           main] o.z.vogon.web.PersistenceConfiguration   : Unloading JDBC drivers
2018-12-22 13:24:16.355  INFO 11736 --- [           main] j.LocalContainerEntityManagerFactoryBean : Closing JPA EntityManagerFactory for persistence unit 'VogonPU'
2018-12-22 13:24:16.355  INFO 11736 --- [           main] org.hibernate.orm.connections.pooling    : HHH10001008: Cleaning up connection pool [jdbc:h2:mem:test]
2018-12-22 13:24:16.358 ERROR 11736 --- [           main] o.s.test.context.TestContextManager      : Caught exception while allowing TestExecutionListener [org.springframework.boot.test.autoconfigure.SpringBootDependencyInjectionTestExecutionListener@482cd077] to prepare test instance [org.zlogic.vogon.web.TransactionsControllerWriteTest@13af16a8]

java.lang.IllegalStateException: Failed to load ApplicationContext
	at org.springframework.test.context.cache.DefaultCacheAwareContextLoaderDelegate.loadContext(DefaultCacheAwareContextLoaderDelegate.java:124) ~[spring-test-4.3.8.RELEASE.jar:4.3.8.RELEASE]
	at org.springframework.test.context.support.DefaultTestContext.getApplicationContext(DefaultTestContext.java:83) ~[spring-test-4.3.8.RELEASE.jar:4.3.8.RELEASE]
	at org.springframework.boot.test.autoconfigure.SpringBootDependencyInjectionTestExecutionListener.prepareTestInstance(SpringBootDependencyInjectionTestExecutionListener.java:47) ~[spring-boot-test-autoconfigure-1.5.3.RELEASE.jar:1.5.3.RELEASE]
	at org.springframework.test.context.TestContextManager.prepareTestInstance(TestContextManager.java:230) ~[spring-test-4.3.8.RELEASE.jar:4.3.8.RELEASE]
	at org.springframework.test.context.junit4.SpringJUnit4ClassRunner.createTest(SpringJUnit4ClassRunner.java:228) [spring-test-4.3.8.RELEASE.jar:4.3.8.RELEASE]
	at org.springframework.test.context.junit4.SpringJUnit4ClassRunner$1.runReflectiveCall(SpringJUnit4ClassRunner.java:287) [spring-test-4.3.8.RELEASE.jar:4.3.8.RELEASE]
	at org.junit.internal.runners.model.ReflectiveCallable.run(ReflectiveCallable.java:12) [junit-4.12.jar:4.12]
	at org.springframework.test.context.junit4.SpringJUnit4ClassRunner.methodBlock(SpringJUnit4ClassRunner.java:289) [spring-test-4.3.8.RELEASE.jar:4.3.8.RELEASE]
	at org.springframework.test.context.junit4.SpringJUnit4ClassRunner.runChild(SpringJUnit4ClassRunner.java:247) [spring-test-4.3.8.RELEASE.jar:4.3.8.RELEASE]
	at org.springframework.test.context.junit4.SpringJUnit4ClassRunner.runChild(SpringJUnit4ClassRunner.java:94) [spring-test-4.3.8.RELEASE.jar:4.3.8.RELEASE]
	at org.junit.runners.ParentRunner$3.run(ParentRunner.java:290) [junit-4.12.jar:4.12]
	at org.junit.runners.ParentRunner$1.schedule(ParentRunner.java:71) [junit-4.12.jar:4.12]
	at org.junit.runners.ParentRunner.runChildren(ParentRunner.java:288) [junit-4.12.jar:4.12]
	at org.junit.runners.ParentRunner.access$000(ParentRunner.java:58) [junit-4.12.jar:4.12]
	at org.junit.runners.ParentRunner$2.evaluate(ParentRunner.java:268) [junit-4.12.jar:4.12]
	at org.springframework.test.context.junit4.statements.RunBeforeTestClassCallbacks.evaluate(RunBeforeTestClassCallbacks.java:61) [spring-test-4.3.8.RELEASE.jar:4.3.8.RELEASE]
	at org.springframework.test.context.junit4.statements.RunAfterTestClassCallbacks.evaluate(RunAfterTestClassCallbacks.java:70) [spring-test-4.3.8.RELEASE.jar:4.3.8.RELEASE]
	at org.junit.runners.ParentRunner.run(ParentRunner.java:363) [junit-4.12.jar:4.12]
	at org.springframework.test.context.junit4.SpringJUnit4ClassRunner.run(SpringJUnit4ClassRunner.java:191) [spring-test-4.3.8.RELEASE.jar:4.3.8.RELEASE]
	at org.apache.maven.surefire.junit4.JUnit4Provider.execute(JUnit4Provider.java:365) [surefire-junit4-2.20.jar:2.20]
	at org.apache.maven.surefire.junit4.JUnit4Provider.executeWithRerun(JUnit4Provider.java:272) [surefire-junit4-2.20.jar:2.20]
	at org.apache.maven.surefire.junit4.JUnit4Provider.executeTestSet(JUnit4Provider.java:236) [surefire-junit4-2.20.jar:2.20]
	at org.apache.maven.surefire.junit4.JUnit4Provider.invoke(JUnit4Provider.java:159) [surefire-junit4-2.20.jar:2.20]
	at org.apache.maven.surefire.booter.ForkedBooter.invokeProviderInSameClassLoader(ForkedBooter.java:386) [surefire-booter-2.20.jar:2.20]
	at org.apache.maven.surefire.booter.ForkedBooter.runSuitesInProcess(ForkedBooter.java:323) [surefire-booter-2.20.jar:2.20]
	at org.apache.maven.surefire.booter.ForkedBooter.main(ForkedBooter.java:143) [surefire-booter-2.20.jar:2.20]
Caused by: org.springframework.boot.context.embedded.tomcat.ConnectorStartFailedException: Connector configured to listen on port 8080 failed to start
	at org.springframework.boot.context.embedded.tomcat.TomcatEmbeddedServletContainer.checkThatConnectorsHaveStarted(TomcatEmbeddedServletContainer.java:219) ~[spring-boot-1.5.3.RELEASE.jar:1.5.3.RELEASE]
	at org.springframework.boot.context.embedded.tomcat.TomcatEmbeddedServletContainer.start(TomcatEmbeddedServletContainer.java:195) ~[spring-boot-1.5.3.RELEASE.jar:1.5.3.RELEASE]
	at org.springframework.boot.context.embedded.EmbeddedWebApplicationContext.startEmbeddedServletContainer(EmbeddedWebApplicationContext.java:297) ~[spring-boot-1.5.3.RELEASE.jar:1.5.3.RELEASE]
	at org.springframework.boot.context.embedded.EmbeddedWebApplicationContext.finishRefresh(EmbeddedWebApplicationContext.java:145) ~[spring-boot-1.5.3.RELEASE.jar:1.5.3.RELEASE]
	at org.springframework.context.support.AbstractApplicationContext.refresh(AbstractApplicationContext.java:545) ~[spring-context-4.3.8.RELEASE.jar:4.3.8.RELEASE]
	at org.springframework.boot.context.embedded.EmbeddedWebApplicationContext.refresh(EmbeddedWebApplicationContext.java:122) ~[spring-boot-1.5.3.RELEASE.jar:1.5.3.RELEASE]
	at org.springframework.boot.SpringApplication.refresh(SpringApplication.java:737) ~[spring-boot-1.5.3.RELEASE.jar:1.5.3.RELEASE]
	at org.springframework.boot.SpringApplication.refreshContext(SpringApplication.java:370) ~[spring-boot-1.5.3.RELEASE.jar:1.5.3.RELEASE]
	at org.springframework.boot.SpringApplication.run(SpringApplication.java:314) ~[spring-boot-1.5.3.RELEASE.jar:1.5.3.RELEASE]
	at org.springframework.boot.test.context.SpringBootContextLoader.loadContext(SpringBootContextLoader.java:120) ~[spring-boot-test-1.5.3.RELEASE.jar:1.5.3.RELEASE]
	at org.springframework.test.context.cache.DefaultCacheAwareContextLoaderDelegate.loadContextInternal(DefaultCacheAwareContextLoaderDelegate.java:98) ~[spring-test-4.3.8.RELEASE.jar:4.3.8.RELEASE]
	at org.springframework.test.context.cache.DefaultCacheAwareContextLoaderDelegate.loadContext(DefaultCacheAwareContextLoaderDelegate.java:116) ~[spring-test-4.3.8.RELEASE.jar:4.3.8.RELEASE]
	... 25 common frames omitted

]]></system-out>
  </testcase>
  <testcase name="testDeleteTransactionNoToken" classname="org.zlogic.vogon.web.TransactionsControllerWriteTest" time="0">
    <error message="Failed to load ApplicationContext" type="java.lang.IllegalStateException">java.lang.IllegalStateException: Failed to load ApplicationContext
Caused by: org.springframework.boot.context.embedded.tomcat.ConnectorStartFailedException: Connector configured to listen on port 8080 failed to start
</error>
    <system-out><![CDATA[
  .   ____          _            __ _ _
 /\\ / ___'_ __ _ _(_)_ __  __ _ \ \ \ \
( ( )\___ | '_ | '_| | '_ \/ _` | \ \ \ \
 \\/  ___)| |_)| | | | | || (_| |  ) ) ) )
  '  |____| .__|_| |_|_| |_\__, | / / / /
 =========|_|==============|___/=/_/_/_/
 :: Spring Boot ::        (v1.5.3.RELEASE)

2018-12-22 13:24:16.404  INFO 11736 --- [           main] o.z.v.w.TransactionsControllerWriteTest  : Starting TransactionsControllerWriteTest on GOPAL with PID 11736 (started by GOPAL$ in C:\Program Files (x86)\Jenkins\workspace\Maven_project\vogon-web)
2018-12-22 13:24:16.404  INFO 11736 --- [           main] o.z.v.w.TransactionsControllerWriteTest  : No active profile set, falling back to default profiles: default
2018-12-22 13:24:16.406  INFO 11736 --- [           main] ationConfigEmbeddedWebApplicationContext : Refreshing org.springframework.boot.context.embedded.AnnotationConfigEmbeddedWebApplicationContext@325511ca: startup date [Sat Dec 22 13:24:16 IST 2018]; root of context hierarchy
2018-12-22 13:24:16.695  INFO 11736 --- [           main] o.s.b.f.s.DefaultListableBeanFactory     : Overriding bean definition for bean 'entityManagerFactory' with a different definition: replacing [Root bean: class [null]; scope=; abstract=false; lazyInit=false; autowireMode=3; dependencyCheck=0; autowireCandidate=true; primary=false; factoryBeanName=persistenceConfiguration; factoryMethodName=entityManagerFactory; initMethodName=null; destroyMethodName=(inferred); defined in class path resource [org/zlogic/vogon/web/PersistenceConfiguration.class]] with [Root bean: class [null]; scope=; abstract=false; lazyInit=false; autowireMode=3; dependencyCheck=0; autowireCandidate=true; primary=false; factoryBeanName=databaseConfiguration; factoryMethodName=entityManagerFactory; initMethodName=null; destroyMethodName=(inferred); defined in org.zlogic.vogon.web.DatabaseConfiguration]
2018-12-22 13:24:16.834  INFO 11736 --- [           main] trationDelegate$BeanPostProcessorChecker : Bean 'org.springframework.security.config.annotation.configuration.ObjectPostProcessorConfiguration' of type [org.springframework.security.config.annotation.configuration.ObjectPostProcessorConfiguration$$EnhancerBySpringCGLIB$$be8c3acc] is not eligible for getting processed by all BeanPostProcessors (for example: not eligible for auto-proxying)
2018-12-22 13:24:16.837  INFO 11736 --- [           main] trationDelegate$BeanPostProcessorChecker : Bean 'objectPostProcessor' of type [org.springframework.security.config.annotation.configuration.AutowireBeanFactoryObjectPostProcessor] is not eligible for getting processed by all BeanPostProcessors (for example: not eligible for auto-proxying)
2018-12-22 13:24:16.838  INFO 11736 --- [           main] trationDelegate$BeanPostProcessorChecker : Bean 'org.springframework.security.access.expression.method.DefaultMethodSecurityExpressionHandler@7fbbdbc3' of type [org.springframework.security.oauth2.provider.expression.OAuth2MethodSecurityExpressionHandler] is not eligible for getting processed by all BeanPostProcessors (for example: not eligible for auto-proxying)
2018-12-22 13:24:16.843  INFO 11736 --- [           main] trationDelegate$BeanPostProcessorChecker : Bean 'org.springframework.security.config.annotation.method.configuration.GlobalMethodSecurityConfiguration' of type [org.springframework.security.config.annotation.method.configuration.GlobalMethodSecurityConfiguration$$EnhancerBySpringCGLIB$$e360dd7e] is not eligible for getting processed by all BeanPostProcessors (for example: not eligible for auto-proxying)
2018-12-22 13:24:16.845  INFO 11736 --- [           main] trationDelegate$BeanPostProcessorChecker : Bean 'methodSecurityMetadataSource' of type [org.springframework.security.access.method.DelegatingMethodSecurityMetadataSource] is not eligible for getting processed by all BeanPostProcessors (for example: not eligible for auto-proxying)
2018-12-22 13:24:16.852  INFO 11736 --- [           main] trationDelegate$BeanPostProcessorChecker : Bean 'org.springframework.transaction.annotation.ProxyTransactionManagementConfiguration' of type [org.springframework.transaction.annotation.ProxyTransactionManagementConfiguration$$EnhancerBySpringCGLIB$$25de7292] is not eligible for getting processed by all BeanPostProcessors (for example: not eligible for auto-proxying)
2018-12-22 13:24:16.865  INFO 11736 --- [           main] trationDelegate$BeanPostProcessorChecker : Bean 'security.oauth2.client-org.springframework.boot.autoconfigure.security.oauth2.OAuth2ClientProperties' of type [org.springframework.boot.autoconfigure.security.oauth2.OAuth2ClientProperties] is not eligible for getting processed by all BeanPostProcessors (for example: not eligible for auto-proxying)
2018-12-22 13:24:16.866  INFO 11736 --- [           main] trationDelegate$BeanPostProcessorChecker : Bean 'org.springframework.boot.autoconfigure.security.oauth2.OAuth2AutoConfiguration' of type [org.springframework.boot.autoconfigure.security.oauth2.OAuth2AutoConfiguration$$EnhancerBySpringCGLIB$$dd282e92] is not eligible for getting processed by all BeanPostProcessors (for example: not eligible for auto-proxying)
2018-12-22 13:24:16.866  INFO 11736 --- [           main] trationDelegate$BeanPostProcessorChecker : Bean 'resourceServerProperties' of type [org.springframework.boot.autoconfigure.security.oauth2.resource.ResourceServerProperties] is not eligible for getting processed by all BeanPostProcessors (for example: not eligible for auto-proxying)
2018-12-22 13:24:16.904  INFO 11736 --- [           main] org.zlogic.vogon.web.TomcatConfigurer    : Using keystore C:\Program Files (x86)\Jenkins\workspace\Maven_project\vogon-web\target/vogonweb.keystore with password ********
2018-12-22 13:24:16.915  INFO 11736 --- [           main] s.b.c.e.t.TomcatEmbeddedServletContainer : Tomcat initialized with port(s): 8080 (http) 8443 (https)
2018-12-22 13:24:16.915  INFO 11736 --- [           main] o.apache.catalina.core.StandardService   : Starting service Tomcat
2018-12-22 13:24:16.915  INFO 11736 --- [           main] org.apache.catalina.core.StandardEngine  : Starting Servlet Engine: Apache Tomcat/8.5.14
2018-12-22 13:24:16.947  INFO 11736 --- [ost-startStop-1] org.apache.jasper.servlet.TldScanner     : At least one JAR was scanned for TLDs yet contained no TLDs. Enable debug logging for this logger for a complete list of JARs that were scanned but no TLDs were found in them. Skipping unneeded JARs during scanning can improve startup time and JSP compilation time.
2018-12-22 13:24:16.947  INFO 11736 --- [ost-startStop-1] o.a.c.c.C.[Tomcat-152].[localhost].[/]   : Initializing Spring embedded WebApplicationContext
2018-12-22 13:24:16.947  INFO 11736 --- [ost-startStop-1] o.s.web.context.ContextLoader            : Root WebApplicationContext: initialization completed in 541 ms
2018-12-22 13:24:17.122  INFO 11736 --- [ost-startStop-1] o.s.b.w.servlet.FilterRegistrationBean   : Mapping filter: 'metricsFilter' to: [/*]
2018-12-22 13:24:17.122  INFO 11736 --- [ost-startStop-1] o.s.b.w.servlet.FilterRegistrationBean   : Mapping filter: 'characterEncodingFilter' to: [/*]
2018-12-22 13:24:17.122  INFO 11736 --- [ost-startStop-1] o.s.b.w.servlet.FilterRegistrationBean   : Mapping filter: 'hiddenHttpMethodFilter' to: [/*]
2018-12-22 13:24:17.122  INFO 11736 --- [ost-startStop-1] o.s.b.w.servlet.FilterRegistrationBean   : Mapping filter: 'httpPutFormContentFilter' to: [/*]
2018-12-22 13:24:17.122  INFO 11736 --- [ost-startStop-1] o.s.b.w.servlet.FilterRegistrationBean   : Mapping filter: 'requestContextFilter' to: [/*]
2018-12-22 13:24:17.123  INFO 11736 --- [ost-startStop-1] .s.DelegatingFilterProxyRegistrationBean : Mapping filter: 'springSecurityFilterChain' to: [/*]
2018-12-22 13:24:17.123  INFO 11736 --- [ost-startStop-1] o.s.b.w.servlet.FilterRegistrationBean   : Mapping filter: 'webRequestLoggingFilter' to: [/*]
2018-12-22 13:24:17.123  INFO 11736 --- [ost-startStop-1] o.s.b.w.servlet.FilterRegistrationBean   : Mapping filter: 'applicationContextIdFilter' to: [/*]
2018-12-22 13:24:17.123  INFO 11736 --- [ost-startStop-1] o.s.b.w.servlet.ServletRegistrationBean  : Mapping servlet: 'dispatcherServlet' to [/]
2018-12-22 13:24:17.134  INFO 11736 --- [           main] j.LocalContainerEntityManagerFactoryBean : Building JPA container EntityManagerFactory for persistence unit 'VogonPU'
2018-12-22 13:24:17.134  INFO 11736 --- [           main] o.hibernate.jpa.internal.util.LogHelper  : HHH000204: Processing PersistenceUnitInfo [
	name: VogonPU
	...]
2018-12-22 13:24:17.138  WARN 11736 --- [           main] org.hibernate.orm.connections.pooling    : HHH10001002: Using Hibernate built-in connection pool (not for production use!)
2018-12-22 13:24:17.138  INFO 11736 --- [           main] org.hibernate.orm.connections.pooling    : HHH10001005: using driver [org.h2.Driver] at URL [jdbc:h2:mem:test]
2018-12-22 13:24:17.138  INFO 11736 --- [           main] org.hibernate.orm.connections.pooling    : HHH10001001: Connection properties: {}
2018-12-22 13:24:17.138  INFO 11736 --- [           main] org.hibernate.orm.connections.pooling    : HHH10001003: Autocommit mode: false
2018-12-22 13:24:17.138  INFO 11736 --- [           main] .c.i.DriverManagerConnectionProviderImpl : HHH000115: Hibernate connection pool size: 20 (min=1)
2018-12-22 13:24:17.140  INFO 11736 --- [           main] org.hibernate.dialect.Dialect            : HHH000400: Using dialect: org.hibernate.dialect.H2Dialect
2018-12-22 13:24:17.150  INFO 11736 --- [           main] org.hibernate.orm.connections.access     : HHH10001501: Connection obtained from JdbcConnectionAccess [org.hibernate.engine.jdbc.env.internal.JdbcEnvironmentInitiator$ConnectionProviderJdbcConnectionAccess@1b1dadb3] for (non-JTA) DDL execution was not in auto-commit mode; the Connection 'local transaction' will be committed and the Connection will be set into auto-commit mode.
2018-12-22 13:24:17.156  INFO 11736 --- [           main] j.LocalContainerEntityManagerFactoryBean : Initialized JPA EntityManagerFactory for persistence unit 'VogonPU'
2018-12-22 13:24:17.458  INFO 11736 --- [           main] .s.o.p.e.FrameworkEndpointHandlerMapping : Mapped "{[/oauth/authorize]}" onto public org.springframework.web.servlet.ModelAndView org.springframework.security.oauth2.provider.endpoint.AuthorizationEndpoint.authorize(java.util.Map<java.lang.String, java.lang.Object>,java.util.Map<java.lang.String, java.lang.String>,org.springframework.web.bind.support.SessionStatus,java.security.Principal)
2018-12-22 13:24:17.458  INFO 11736 --- [           main] .s.o.p.e.FrameworkEndpointHandlerMapping : Mapped "{[/oauth/authorize],methods=[POST],params=[user_oauth_approval]}" onto public org.springframework.web.servlet.View org.springframework.security.oauth2.provider.endpoint.AuthorizationEndpoint.approveOrDeny(java.util.Map<java.lang.String, java.lang.String>,java.util.Map<java.lang.String, ?>,org.springframework.web.bind.support.SessionStatus,java.security.Principal)
2018-12-22 13:24:17.459  INFO 11736 --- [           main] .s.o.p.e.FrameworkEndpointHandlerMapping : Mapped "{[/oauth/token],methods=[GET]}" onto public org.springframework.http.ResponseEntity<org.springframework.security.oauth2.common.OAuth2AccessToken> org.springframework.security.oauth2.provider.endpoint.TokenEndpoint.getAccessToken(java.security.Principal,java.util.Map<java.lang.String, java.lang.String>) throws org.springframework.web.HttpRequestMethodNotSupportedException
2018-12-22 13:24:17.459  INFO 11736 --- [           main] .s.o.p.e.FrameworkEndpointHandlerMapping : Mapped "{[/oauth/token],methods=[POST]}" onto public org.springframework.http.ResponseEntity<org.springframework.security.oauth2.common.OAuth2AccessToken> org.springframework.security.oauth2.provider.endpoint.TokenEndpoint.postAccessToken(java.security.Principal,java.util.Map<java.lang.String, java.lang.String>) throws org.springframework.web.HttpRequestMethodNotSupportedException
2018-12-22 13:24:17.459  INFO 11736 --- [           main] .s.o.p.e.FrameworkEndpointHandlerMapping : Mapped "{[/oauth/check_token]}" onto public java.util.Map<java.lang.String, ?> org.springframework.security.oauth2.provider.endpoint.CheckTokenEndpoint.checkToken(java.lang.String)
2018-12-22 13:24:17.459  INFO 11736 --- [           main] .s.o.p.e.FrameworkEndpointHandlerMapping : Mapped "{[/oauth/confirm_access]}" onto public org.springframework.web.servlet.ModelAndView org.springframework.security.oauth2.provider.endpoint.WhitelabelApprovalEndpoint.getAccessConfirmation(java.util.Map<java.lang.String, java.lang.Object>,javax.servlet.http.HttpServletRequest) throws java.lang.Exception
2018-12-22 13:24:17.459  INFO 11736 --- [           main] .s.o.p.e.FrameworkEndpointHandlerMapping : Mapped "{[/oauth/error]}" onto public org.springframework.web.servlet.ModelAndView org.springframework.security.oauth2.provider.endpoint.WhitelabelErrorEndpoint.handleError(javax.servlet.http.HttpServletRequest)
2018-12-22 13:24:17.646  INFO 11736 --- [           main] o.s.s.web.DefaultSecurityFilterChain     : Creating filter chain: OrRequestMatcher [requestMatchers=[Ant [pattern='/oauth/token'], Ant [pattern='/oauth/token_key'], Ant [pattern='/oauth/check_token']]], [org.springframework.security.web.context.request.async.WebAsyncManagerIntegrationFilter@2ab0a617, org.springframework.security.web.context.SecurityContextPersistenceFilter@2bdf1cea, org.springframework.security.web.header.HeaderWriterFilter@6bad5fa8, org.springframework.security.web.authentication.logout.LogoutFilter@64d260ab, org.springframework.security.oauth2.provider.client.ClientCredentialsTokenEndpointFilter@46df52d2, org.springframework.security.web.authentication.www.BasicAuthenticationFilter@1a42d725, org.springframework.security.web.savedrequest.RequestCacheAwareFilter@6a74071d, org.springframework.security.web.servletapi.SecurityContextHolderAwareRequestFilter@6b2545e4, org.springframework.security.web.authentication.AnonymousAuthenticationFilter@5b4b6b47, org.springframework.security.web.session.SessionManagementFilter@533b887b, org.springframework.security.web.access.ExceptionTranslationFilter@8493478, org.springframework.security.web.access.intercept.FilterSecurityInterceptor@3a822ad3]
2018-12-22 13:24:17.646  INFO 11736 --- [           main] o.s.s.web.DefaultSecurityFilterChain     : Creating filter chain: org.springframework.boot.actuate.autoconfigure.ManagementWebSecurityAutoConfiguration$LazyEndpointPathRequestMatcher@4555254e, [org.springframework.security.web.context.request.async.WebAsyncManagerIntegrationFilter@6c253d0d, org.springframework.security.web.context.SecurityContextPersistenceFilter@101124d0, org.springframework.security.web.header.HeaderWriterFilter@6d305048, org.springframework.security.web.authentication.logout.LogoutFilter@21968c9, org.springframework.security.web.authentication.www.BasicAuthenticationFilter@511a7891, org.springframework.security.web.savedrequest.RequestCacheAwareFilter@1c4b495e, org.springframework.security.web.servletapi.SecurityContextHolderAwareRequestFilter@7316e88f, org.springframework.security.web.authentication.AnonymousAuthenticationFilter@4671fbc9, org.springframework.security.web.session.SessionManagementFilter@3778c0c4, org.springframework.security.web.access.ExceptionTranslationFilter@50db91b5, org.springframework.security.web.access.intercept.FilterSecurityInterceptor@6159d75]
2018-12-22 13:24:17.673  INFO 11736 --- [           main] o.s.s.w.a.c.ChannelProcessingFilter      : Validated configuration attributes
2018-12-22 13:24:17.676  INFO 11736 --- [           main] o.s.s.web.DefaultSecurityFilterChain     : Creating filter chain: org.springframework.security.oauth2.config.annotation.web.configuration.ResourceServerConfiguration$NotOAuthRequestMatcher@28a262c2, [org.springframework.security.web.access.channel.ChannelProcessingFilter@6b647767, org.springframework.security.web.context.request.async.WebAsyncManagerIntegrationFilter@18d82c94, org.springframework.security.web.context.SecurityContextPersistenceFilter@448077e8, org.springframework.security.web.header.HeaderWriterFilter@f5f4023, org.springframework.security.web.authentication.logout.LogoutFilter@405ce346, org.springframework.security.oauth2.provider.authentication.OAuth2AuthenticationProcessingFilter@1a252d30, org.springframework.security.web.savedrequest.RequestCacheAwareFilter@79a1f1, org.springframework.security.web.servletapi.SecurityContextHolderAwareRequestFilter@75d2b785, org.springframework.security.web.authentication.AnonymousAuthenticationFilter@5c7410b3, org.springframework.security.web.session.SessionManagementFilter@2833a118, org.springframework.security.web.access.ExceptionTranslationFilter@51a2a3fa, org.springframework.security.web.access.intercept.FilterSecurityInterceptor@1d905027]
2018-12-22 13:24:17.754  INFO 11736 --- [           main] s.w.s.m.m.a.RequestMappingHandlerAdapter : Looking for @ControllerAdvice: org.springframework.boot.context.embedded.AnnotationConfigEmbeddedWebApplicationContext@325511ca: startup date [Sat Dec 22 13:24:16 IST 2018]; root of context hierarchy
2018-12-22 13:24:17.766  INFO 11736 --- [           main] s.w.s.m.m.a.RequestMappingHandlerMapping : Mapped "{[/service/accounts],methods=[GET],produces=[application/json]}" onto public java.util.Collection<org.zlogic.vogon.data.FinanceAccount> org.zlogic.vogon.web.controller.AccountsController.getAllAccounts(org.zlogic.vogon.web.security.VogonSecurityUser)
2018-12-22 13:24:17.766  INFO 11736 --- [           main] s.w.s.m.m.a.RequestMappingHandlerMapping : Mapped "{[/service/accounts],methods=[POST],produces=[application/json]}" onto public java.util.Collection<org.zlogic.vogon.data.FinanceAccount> org.zlogic.vogon.web.controller.AccountsController.updateAccounts(java.util.Collection<org.zlogic.vogon.data.FinanceAccount>,org.zlogic.vogon.web.security.VogonSecurityUser)
2018-12-22 13:24:17.767  INFO 11736 --- [           main] s.w.s.m.m.a.RequestMappingHandlerMapping : Mapped "{[/service/analytics/tags],methods=[GET],produces=[application/json]}" onto public java.util.Set<java.lang.String> org.zlogic.vogon.web.controller.AnalyticsController.getAllTags(org.zlogic.vogon.web.security.VogonSecurityUser)
2018-12-22 13:24:17.767  INFO 11736 --- [           main] s.w.s.m.m.a.RequestMappingHandlerMapping : Mapped "{[/service/analytics],methods=[POST],produces=[application/json]}" onto public java.util.Map<java.lang.String, org.zlogic.vogon.data.report.Report> org.zlogic.vogon.web.controller.AnalyticsController.getReport(org.zlogic.vogon.data.report.ReportFactory,org.zlogic.vogon.web.security.VogonSecurityUser)
2018-12-22 13:24:17.767  INFO 11736 --- [           main] s.w.s.m.m.a.RequestMappingHandlerMapping : Mapped "{[/service/currencies],methods=[GET],produces=[application/json]}" onto public java.util.Collection<org.zlogic.vogon.web.data.model.CurrencyDetails> org.zlogic.vogon.web.controller.CurrenciesController.getAllCurrencies()
2018-12-22 13:24:17.767  INFO 11736 --- [           main] s.w.s.m.m.a.RequestMappingHandlerMapping : Mapped "{[/service/export],methods=[GET || POST]}" onto public org.springframework.http.HttpEntity<byte[]> org.zlogic.vogon.web.controller.DataController.exportDataJSON(org.zlogic.vogon.web.security.VogonSecurityUser) throws java.lang.RuntimeException
2018-12-22 13:24:17.767  INFO 11736 --- [           main] s.w.s.m.m.a.RequestMappingHandlerMapping : Mapped "{[/service/import],methods=[POST],consumes=[multipart/form-data],produces=[application/json]}" onto public java.lang.Boolean org.zlogic.vogon.web.controller.DataController.importData(org.springframework.web.multipart.MultipartFile,org.zlogic.vogon.web.security.VogonSecurityUser) throws java.lang.RuntimeException
2018-12-22 13:24:17.767  INFO 11736 --- [           main] s.w.s.m.m.a.RequestMappingHandlerMapping : Mapped "{[/fragments/{fragment}.fragment]}" onto public org.springframework.web.servlet.ModelAndView org.zlogic.vogon.web.controller.JspController.fragmentModelAndView(java.lang.String)
2018-12-22 13:24:17.767  INFO 11736 --- [           main] s.w.s.m.m.a.RequestMappingHandlerMapping : Mapped "{[/]}" onto public org.springframework.web.servlet.ModelAndView org.zlogic.vogon.web.controller.JspController.indexModelAndView()
2018-12-22 13:24:17.767  INFO 11736 --- [           main] s.w.s.m.m.a.RequestMappingHandlerMapping : Mapped "{[/oauth/logout],methods=[POST]}" onto public void org.zlogic.vogon.web.controller.LogoutController.logout(org.springframework.security.oauth2.provider.OAuth2Authentication) throws org.zlogic.vogon.web.security.UsernameExistsException
2018-12-22 13:24:17.767  INFO 11736 --- [           main] s.w.s.m.m.a.RequestMappingHandlerMapping : Mapped "{[/register],methods=[POST],produces=[application/json]}" onto public org.zlogic.vogon.data.VogonUser org.zlogic.vogon.web.controller.RegistrationController.register(org.zlogic.vogon.data.VogonUser) throws org.zlogic.vogon.web.security.UsernameExistsException
2018-12-22 13:24:17.767  INFO 11736 --- [           main] s.w.s.m.m.a.RequestMappingHandlerMapping : Mapped "{[/service/transactions/transaction/{id}],methods=[GET],produces=[application/json]}" onto public org.zlogic.vogon.web.data.model.FinanceTransactionJson org.zlogic.vogon.web.controller.TransactionsController.getTransaction(long,org.zlogic.vogon.web.security.VogonSecurityUser)
2018-12-22 13:24:17.767  INFO 11736 --- [           main] s.w.s.m.m.a.RequestMappingHandlerMapping : Mapped "{[/service/transactions],methods=[GET],produces=[application/json]}" onto public java.util.Collection<org.zlogic.vogon.web.data.model.FinanceTransactionJson> org.zlogic.vogon.web.controller.TransactionsController.getTransactions(java.lang.Integer,org.zlogic.vogon.web.controller.TransactionsController$SortColumn,org.springframework.data.domain.Sort$Direction,java.lang.String,java.util.Date,java.util.Collection<java.lang.String>,org.zlogic.vogon.web.security.VogonSecurityUser)
2018-12-22 13:24:17.768  INFO 11736 --- [           main] s.w.s.m.m.a.RequestMappingHandlerMapping : Mapped "{[/service/transactions],methods=[POST],produces=[application/json]}" onto public org.zlogic.vogon.web.data.model.FinanceTransactionJson org.zlogic.vogon.web.controller.TransactionsController.submitTransaction(org.zlogic.vogon.web.data.model.FinanceTransactionJson,org.zlogic.vogon.web.security.VogonSecurityUser)
2018-12-22 13:24:17.768  INFO 11736 --- [           main] s.w.s.m.m.a.RequestMappingHandlerMapping : Mapped "{[/service/transactions/pages],methods=[GET],produces=[application/json]}" onto public long org.zlogic.vogon.web.controller.TransactionsController.getTransactionsCount(org.zlogic.vogon.web.security.VogonSecurityUser)
2018-12-22 13:24:17.768  INFO 11736 --- [           main] s.w.s.m.m.a.RequestMappingHandlerMapping : Mapped "{[/service/transactions/transaction/{id}],methods=[DELETE],produces=[application/json]}" onto public org.zlogic.vogon.web.data.model.FinanceTransactionJson org.zlogic.vogon.web.controller.TransactionsController.deleteTransaction(long,org.zlogic.vogon.web.security.VogonSecurityUser)
2018-12-22 13:24:17.768  INFO 11736 --- [           main] s.w.s.m.m.a.RequestMappingHandlerMapping : Mapped "{[/service/user],methods=[POST],produces=[application/json]}" onto public org.zlogic.vogon.data.VogonUser org.zlogic.vogon.web.controller.UsersController.submitUser(org.zlogic.vogon.data.VogonUser,org.zlogic.vogon.web.security.VogonSecurityUser) throws org.zlogic.vogon.web.security.UsernameExistsException
2018-12-22 13:24:17.768  INFO 11736 --- [           main] s.w.s.m.m.a.RequestMappingHandlerMapping : Mapped "{[/service/user],methods=[GET],produces=[application/json]}" onto public org.zlogic.vogon.data.VogonUser org.zlogic.vogon.web.controller.UsersController.getUserData(org.zlogic.vogon.web.security.VogonSecurityUser)
2018-12-22 13:24:17.769  INFO 11736 --- [           main] s.w.s.m.m.a.RequestMappingHandlerMapping : Mapped "{[/error]}" onto public org.springframework.http.ResponseEntity<java.util.Map<java.lang.String, java.lang.Object>> org.springframework.boot.autoconfigure.web.BasicErrorController.error(javax.servlet.http.HttpServletRequest)
2018-12-22 13:24:17.769  INFO 11736 --- [           main] s.w.s.m.m.a.RequestMappingHandlerMapping : Mapped "{[/error],produces=[text/html]}" onto public org.springframework.web.servlet.ModelAndView org.springframework.boot.autoconfigure.web.BasicErrorController.errorHtml(javax.servlet.http.HttpServletRequest,javax.servlet.http.HttpServletResponse)
2018-12-22 13:24:17.779  INFO 11736 --- [           main] o.s.w.s.handler.SimpleUrlHandlerMapping  : Root mapping to handler of type [class org.springframework.web.servlet.mvc.ParameterizableViewController]
2018-12-22 13:24:17.931  INFO 11736 --- [           main] o.s.w.s.handler.SimpleUrlHandlerMapping  : Mapped URL path [/webjars/**] onto handler of type [class org.springframework.web.servlet.resource.ResourceHttpRequestHandler]
2018-12-22 13:24:17.931  INFO 11736 --- [           main] o.s.w.s.handler.SimpleUrlHandlerMapping  : Mapped URL path [/**] onto handler of type [class org.springframework.web.servlet.resource.ResourceHttpRequestHandler]
2018-12-22 13:24:17.931  INFO 11736 --- [           main] o.s.w.s.handler.SimpleUrlHandlerMapping  : Mapped URL path [/**] onto handler of type [class org.springframework.web.servlet.resource.DefaultServletHttpRequestHandler]
2018-12-22 13:24:17.966  INFO 11736 --- [           main] o.s.w.s.handler.SimpleUrlHandlerMapping  : Mapped URL path [/**/favicon.ico] onto handler of type [class org.springframework.web.servlet.resource.ResourceHttpRequestHandler]
2018-12-22 13:24:18.145  INFO 11736 --- [           main] o.s.b.a.e.mvc.EndpointHandlerMapping     : Mapped "{[/env/{name:.*}],methods=[GET],produces=[application/vnd.spring-boot.actuator.v1+json || application/json]}" onto public java.lang.Object org.springframework.boot.actuate.endpoint.mvc.EnvironmentMvcEndpoint.value(java.lang.String)
2018-12-22 13:24:18.145  INFO 11736 --- [           main] o.s.b.a.e.mvc.EndpointHandlerMapping     : Mapped "{[/env || /env.json],methods=[GET],produces=[application/vnd.spring-boot.actuator.v1+json || application/json]}" onto public java.lang.Object org.springframework.boot.actuate.endpoint.mvc.EndpointMvcAdapter.invoke()
2018-12-22 13:24:18.145  INFO 11736 --- [           main] o.s.b.a.e.mvc.EndpointHandlerMapping     : Mapped "{[/mappings || /mappings.json],methods=[GET],produces=[application/vnd.spring-boot.actuator.v1+json || application/json]}" onto public java.lang.Object org.springframework.boot.actuate.endpoint.mvc.EndpointMvcAdapter.invoke()
2018-12-22 13:24:18.145  INFO 11736 --- [           main] o.s.b.a.e.mvc.EndpointHandlerMapping     : Mapped "{[/trace || /trace.json],methods=[GET],produces=[application/vnd.spring-boot.actuator.v1+json || application/json]}" onto public java.lang.Object org.springframework.boot.actuate.endpoint.mvc.EndpointMvcAdapter.invoke()
2018-12-22 13:24:18.145  INFO 11736 --- [           main] o.s.b.a.e.mvc.EndpointHandlerMapping     : Mapped "{[/loggers/{name:.*}],methods=[GET],produces=[application/vnd.spring-boot.actuator.v1+json || application/json]}" onto public java.lang.Object org.springframework.boot.actuate.endpoint.mvc.LoggersMvcEndpoint.get(java.lang.String)
2018-12-22 13:24:18.145  INFO 11736 --- [           main] o.s.b.a.e.mvc.EndpointHandlerMapping     : Mapped "{[/loggers/{name:.*}],methods=[POST],consumes=[application/vnd.spring-boot.actuator.v1+json || application/json],produces=[application/vnd.spring-boot.actuator.v1+json || application/json]}" onto public java.lang.Object org.springframework.boot.actuate.endpoint.mvc.LoggersMvcEndpoint.set(java.lang.String,java.util.Map<java.lang.String, java.lang.String>)
2018-12-22 13:24:18.145  INFO 11736 --- [           main] o.s.b.a.e.mvc.EndpointHandlerMapping     : Mapped "{[/loggers || /loggers.json],methods=[GET],produces=[application/vnd.spring-boot.actuator.v1+json || application/json]}" onto public java.lang.Object org.springframework.boot.actuate.endpoint.mvc.EndpointMvcAdapter.invoke()
2018-12-22 13:24:18.145  INFO 11736 --- [           main] o.s.b.a.e.mvc.EndpointHandlerMapping     : Mapped "{[/beans || /beans.json],methods=[GET],produces=[application/vnd.spring-boot.actuator.v1+json || application/json]}" onto public java.lang.Object org.springframework.boot.actuate.endpoint.mvc.EndpointMvcAdapter.invoke()
2018-12-22 13:24:18.146  INFO 11736 --- [           main] o.s.b.a.e.mvc.EndpointHandlerMapping     : Mapped "{[/heapdump || /heapdump.json],methods=[GET],produces=[application/octet-stream]}" onto public void org.springframework.boot.actuate.endpoint.mvc.HeapdumpMvcEndpoint.invoke(boolean,javax.servlet.http.HttpServletRequest,javax.servlet.http.HttpServletResponse) throws java.io.IOException,javax.servlet.ServletException
2018-12-22 13:24:18.146  INFO 11736 --- [           main] o.s.b.a.e.mvc.EndpointHandlerMapping     : Mapped "{[/dump || /dump.json],methods=[GET],produces=[application/vnd.spring-boot.actuator.v1+json || application/json]}" onto public java.lang.Object org.springframework.boot.actuate.endpoint.mvc.EndpointMvcAdapter.invoke()
2018-12-22 13:24:18.146  INFO 11736 --- [           main] o.s.b.a.e.mvc.EndpointHandlerMapping     : Mapped "{[/autoconfig || /autoconfig.json],methods=[GET],produces=[application/vnd.spring-boot.actuator.v1+json || application/json]}" onto public java.lang.Object org.springframework.boot.actuate.endpoint.mvc.EndpointMvcAdapter.invoke()
2018-12-22 13:24:18.146  INFO 11736 --- [           main] o.s.b.a.e.mvc.EndpointHandlerMapping     : Mapped "{[/auditevents || /auditevents.json],methods=[GET],produces=[application/vnd.spring-boot.actuator.v1+json || application/json]}" onto public org.springframework.http.ResponseEntity<?> org.springframework.boot.actuate.endpoint.mvc.AuditEventsMvcEndpoint.findByPrincipalAndAfterAndType(java.lang.String,java.util.Date,java.lang.String)
2018-12-22 13:24:18.146  INFO 11736 --- [           main] o.s.b.a.e.mvc.EndpointHandlerMapping     : Mapped "{[/metrics/{name:.*}],methods=[GET],produces=[application/vnd.spring-boot.actuator.v1+json || application/json]}" onto public java.lang.Object org.springframework.boot.actuate.endpoint.mvc.MetricsMvcEndpoint.value(java.lang.String)
2018-12-22 13:24:18.146  INFO 11736 --- [           main] o.s.b.a.e.mvc.EndpointHandlerMapping     : Mapped "{[/metrics || /metrics.json],methods=[GET],produces=[application/vnd.spring-boot.actuator.v1+json || application/json]}" onto public java.lang.Object org.springframework.boot.actuate.endpoint.mvc.EndpointMvcAdapter.invoke()
2018-12-22 13:24:18.146  INFO 11736 --- [           main] o.s.b.a.e.mvc.EndpointHandlerMapping     : Mapped "{[/info || /info.json],methods=[GET],produces=[application/vnd.spring-boot.actuator.v1+json || application/json]}" onto public java.lang.Object org.springframework.boot.actuate.endpoint.mvc.EndpointMvcAdapter.invoke()
2018-12-22 13:24:18.147  INFO 11736 --- [           main] o.s.b.a.e.mvc.EndpointHandlerMapping     : Mapped "{[/configprops || /configprops.json],methods=[GET],produces=[application/vnd.spring-boot.actuator.v1+json || application/json]}" onto public java.lang.Object org.springframework.boot.actuate.endpoint.mvc.EndpointMvcAdapter.invoke()
2018-12-22 13:24:18.147  INFO 11736 --- [           main] o.s.b.a.e.mvc.EndpointHandlerMapping     : Mapped "{[/health || /health.json],methods=[GET],produces=[application/vnd.spring-boot.actuator.v1+json || application/json]}" onto public java.lang.Object org.springframework.boot.actuate.endpoint.mvc.HealthMvcEndpoint.invoke(javax.servlet.http.HttpServletRequest,java.security.Principal)
2018-12-22 13:24:18.243 ERROR 11736 --- [           main] o.a.coyote.http11.Http11NioProtocol      : Failed to start end point associated with ProtocolHandler ["http-nio-8080"]

java.net.BindException: Address already in use: bind
	at sun.nio.ch.Net.bind0(Native Method) ~[na:1.8.0_191]
	at sun.nio.ch.Net.bind(Net.java:433) ~[na:1.8.0_191]
	at sun.nio.ch.Net.bind(Net.java:425) ~[na:1.8.0_191]
	at sun.nio.ch.ServerSocketChannelImpl.bind(ServerSocketChannelImpl.java:223) ~[na:1.8.0_191]
	at sun.nio.ch.ServerSocketAdaptor.bind(ServerSocketAdaptor.java:74) ~[na:1.8.0_191]
	at org.apache.tomcat.util.net.NioEndpoint.bind(NioEndpoint.java:210) ~[tomcat-embed-core-8.5.14.jar:8.5.14]
	at org.apache.tomcat.util.net.AbstractEndpoint.start(AbstractEndpoint.java:978) ~[tomcat-embed-core-8.5.14.jar:8.5.14]
	at org.apache.coyote.AbstractProtocol.start(AbstractProtocol.java:628) ~[tomcat-embed-core-8.5.14.jar:8.5.14]
	at org.apache.catalina.connector.Connector.startInternal(Connector.java:993) [tomcat-embed-core-8.5.14.jar:8.5.14]
	at org.apache.catalina.util.LifecycleBase.start(LifecycleBase.java:150) [tomcat-embed-core-8.5.14.jar:8.5.14]
	at org.apache.catalina.core.StandardService.addConnector(StandardService.java:225) [tomcat-embed-core-8.5.14.jar:8.5.14]
	at org.springframework.boot.context.embedded.tomcat.TomcatEmbeddedServletContainer.addPreviouslyRemovedConnectors(TomcatEmbeddedServletContainer.java:247) [spring-boot-1.5.3.RELEASE.jar:1.5.3.RELEASE]
	at org.springframework.boot.context.embedded.tomcat.TomcatEmbeddedServletContainer.start(TomcatEmbeddedServletContainer.java:190) [spring-boot-1.5.3.RELEASE.jar:1.5.3.RELEASE]
	at org.springframework.boot.context.embedded.EmbeddedWebApplicationContext.startEmbeddedServletContainer(EmbeddedWebApplicationContext.java:297) [spring-boot-1.5.3.RELEASE.jar:1.5.3.RELEASE]
	at org.springframework.boot.context.embedded.EmbeddedWebApplicationContext.finishRefresh(EmbeddedWebApplicationContext.java:145) [spring-boot-1.5.3.RELEASE.jar:1.5.3.RELEASE]
	at org.springframework.context.support.AbstractApplicationContext.refresh(AbstractApplicationContext.java:545) [spring-context-4.3.8.RELEASE.jar:4.3.8.RELEASE]
	at org.springframework.boot.context.embedded.EmbeddedWebApplicationContext.refresh(EmbeddedWebApplicationContext.java:122) [spring-boot-1.5.3.RELEASE.jar:1.5.3.RELEASE]
	at org.springframework.boot.SpringApplication.refresh(SpringApplication.java:737) [spring-boot-1.5.3.RELEASE.jar:1.5.3.RELEASE]
	at org.springframework.boot.SpringApplication.refreshContext(SpringApplication.java:370) [spring-boot-1.5.3.RELEASE.jar:1.5.3.RELEASE]
	at org.springframework.boot.SpringApplication.run(SpringApplication.java:314) [spring-boot-1.5.3.RELEASE.jar:1.5.3.RELEASE]
	at org.springframework.boot.test.context.SpringBootContextLoader.loadContext(SpringBootContextLoader.java:120) [spring-boot-test-1.5.3.RELEASE.jar:1.5.3.RELEASE]
	at org.springframework.test.context.cache.DefaultCacheAwareContextLoaderDelegate.loadContextInternal(DefaultCacheAwareContextLoaderDelegate.java:98) [spring-test-4.3.8.RELEASE.jar:4.3.8.RELEASE]
	at org.springframework.test.context.cache.DefaultCacheAwareContextLoaderDelegate.loadContext(DefaultCacheAwareContextLoaderDelegate.java:116) [spring-test-4.3.8.RELEASE.jar:4.3.8.RELEASE]
	at org.springframework.test.context.support.DefaultTestContext.getApplicationContext(DefaultTestContext.java:83) [spring-test-4.3.8.RELEASE.jar:4.3.8.RELEASE]
	at org.springframework.test.context.support.DependencyInjectionTestExecutionListener.injectDependencies(DependencyInjectionTestExecutionListener.java:117) [spring-test-4.3.8.RELEASE.jar:4.3.8.RELEASE]
	at org.springframework.test.context.support.DependencyInjectionTestExecutionListener.prepareTestInstance(DependencyInjectionTestExecutionListener.java:83) [spring-test-4.3.8.RELEASE.jar:4.3.8.RELEASE]
	at org.springframework.boot.test.autoconfigure.SpringBootDependencyInjectionTestExecutionListener.prepareTestInstance(SpringBootDependencyInjectionTestExecutionListener.java:44) [spring-boot-test-autoconfigure-1.5.3.RELEASE.jar:1.5.3.RELEASE]
	at org.springframework.test.context.TestContextManager.prepareTestInstance(TestContextManager.java:230) [spring-test-4.3.8.RELEASE.jar:4.3.8.RELEASE]
	at org.springframework.test.context.junit4.SpringJUnit4ClassRunner.createTest(SpringJUnit4ClassRunner.java:228) [spring-test-4.3.8.RELEASE.jar:4.3.8.RELEASE]
	at org.springframework.test.context.junit4.SpringJUnit4ClassRunner$1.runReflectiveCall(SpringJUnit4ClassRunner.java:287) [spring-test-4.3.8.RELEASE.jar:4.3.8.RELEASE]
	at org.junit.internal.runners.model.ReflectiveCallable.run(ReflectiveCallable.java:12) [junit-4.12.jar:4.12]
	at org.springframework.test.context.junit4.SpringJUnit4ClassRunner.methodBlock(SpringJUnit4ClassRunner.java:289) [spring-test-4.3.8.RELEASE.jar:4.3.8.RELEASE]
	at org.springframework.test.context.junit4.SpringJUnit4ClassRunner.runChild(SpringJUnit4ClassRunner.java:247) [spring-test-4.3.8.RELEASE.jar:4.3.8.RELEASE]
	at org.springframework.test.context.junit4.SpringJUnit4ClassRunner.runChild(SpringJUnit4ClassRunner.java:94) [spring-test-4.3.8.RELEASE.jar:4.3.8.RELEASE]
	at org.junit.runners.ParentRunner$3.run(ParentRunner.java:290) [junit-4.12.jar:4.12]
	at org.junit.runners.ParentRunner$1.schedule(ParentRunner.java:71) [junit-4.12.jar:4.12]
	at org.junit.runners.ParentRunner.runChildren(ParentRunner.java:288) [junit-4.12.jar:4.12]
	at org.junit.runners.ParentRunner.access$000(ParentRunner.java:58) [junit-4.12.jar:4.12]
	at org.junit.runners.ParentRunner$2.evaluate(ParentRunner.java:268) [junit-4.12.jar:4.12]
	at org.springframework.test.context.junit4.statements.RunBeforeTestClassCallbacks.evaluate(RunBeforeTestClassCallbacks.java:61) [spring-test-4.3.8.RELEASE.jar:4.3.8.RELEASE]
	at org.springframework.test.context.junit4.statements.RunAfterTestClassCallbacks.evaluate(RunAfterTestClassCallbacks.java:70) [spring-test-4.3.8.RELEASE.jar:4.3.8.RELEASE]
	at org.junit.runners.ParentRunner.run(ParentRunner.java:363) [junit-4.12.jar:4.12]
	at org.springframework.test.context.junit4.SpringJUnit4ClassRunner.run(SpringJUnit4ClassRunner.java:191) [spring-test-4.3.8.RELEASE.jar:4.3.8.RELEASE]
	at org.apache.maven.surefire.junit4.JUnit4Provider.execute(JUnit4Provider.java:365) [surefire-junit4-2.20.jar:2.20]
	at org.apache.maven.surefire.junit4.JUnit4Provider.executeWithRerun(JUnit4Provider.java:272) [surefire-junit4-2.20.jar:2.20]
	at org.apache.maven.surefire.junit4.JUnit4Provider.executeTestSet(JUnit4Provider.java:236) [surefire-junit4-2.20.jar:2.20]
	at org.apache.maven.surefire.junit4.JUnit4Provider.invoke(JUnit4Provider.java:159) [surefire-junit4-2.20.jar:2.20]
	at org.apache.maven.surefire.booter.ForkedBooter.invokeProviderInSameClassLoader(ForkedBooter.java:386) [surefire-booter-2.20.jar:2.20]
	at org.apache.maven.surefire.booter.ForkedBooter.runSuitesInProcess(ForkedBooter.java:323) [surefire-booter-2.20.jar:2.20]
	at org.apache.maven.surefire.booter.ForkedBooter.main(ForkedBooter.java:143) [surefire-booter-2.20.jar:2.20]

2018-12-22 13:24:18.244 ERROR 11736 --- [           main] o.apache.catalina.core.StandardService   : Failed to start connector [Connector[HTTP/1.1-8080]]

org.apache.catalina.LifecycleException: Failed to start component [Connector[HTTP/1.1-8080]]
	at org.apache.catalina.util.LifecycleBase.start(LifecycleBase.java:167) ~[tomcat-embed-core-8.5.14.jar:8.5.14]
	at org.apache.catalina.core.StandardService.addConnector(StandardService.java:225) ~[tomcat-embed-core-8.5.14.jar:8.5.14]
	at org.springframework.boot.context.embedded.tomcat.TomcatEmbeddedServletContainer.addPreviouslyRemovedConnectors(TomcatEmbeddedServletContainer.java:247) [spring-boot-1.5.3.RELEASE.jar:1.5.3.RELEASE]
	at org.springframework.boot.context.embedded.tomcat.TomcatEmbeddedServletContainer.start(TomcatEmbeddedServletContainer.java:190) [spring-boot-1.5.3.RELEASE.jar:1.5.3.RELEASE]
	at org.springframework.boot.context.embedded.EmbeddedWebApplicationContext.startEmbeddedServletContainer(EmbeddedWebApplicationContext.java:297) [spring-boot-1.5.3.RELEASE.jar:1.5.3.RELEASE]
	at org.springframework.boot.context.embedded.EmbeddedWebApplicationContext.finishRefresh(EmbeddedWebApplicationContext.java:145) [spring-boot-1.5.3.RELEASE.jar:1.5.3.RELEASE]
	at org.springframework.context.support.AbstractApplicationContext.refresh(AbstractApplicationContext.java:545) [spring-context-4.3.8.RELEASE.jar:4.3.8.RELEASE]
	at org.springframework.boot.context.embedded.EmbeddedWebApplicationContext.refresh(EmbeddedWebApplicationContext.java:122) [spring-boot-1.5.3.RELEASE.jar:1.5.3.RELEASE]
	at org.springframework.boot.SpringApplication.refresh(SpringApplication.java:737) [spring-boot-1.5.3.RELEASE.jar:1.5.3.RELEASE]
	at org.springframework.boot.SpringApplication.refreshContext(SpringApplication.java:370) [spring-boot-1.5.3.RELEASE.jar:1.5.3.RELEASE]
	at org.springframework.boot.SpringApplication.run(SpringApplication.java:314) [spring-boot-1.5.3.RELEASE.jar:1.5.3.RELEASE]
	at org.springframework.boot.test.context.SpringBootContextLoader.loadContext(SpringBootContextLoader.java:120) [spring-boot-test-1.5.3.RELEASE.jar:1.5.3.RELEASE]
	at org.springframework.test.context.cache.DefaultCacheAwareContextLoaderDelegate.loadContextInternal(DefaultCacheAwareContextLoaderDelegate.java:98) [spring-test-4.3.8.RELEASE.jar:4.3.8.RELEASE]
	at org.springframework.test.context.cache.DefaultCacheAwareContextLoaderDelegate.loadContext(DefaultCacheAwareContextLoaderDelegate.java:116) [spring-test-4.3.8.RELEASE.jar:4.3.8.RELEASE]
	at org.springframework.test.context.support.DefaultTestContext.getApplicationContext(DefaultTestContext.java:83) [spring-test-4.3.8.RELEASE.jar:4.3.8.RELEASE]
	at org.springframework.test.context.support.DependencyInjectionTestExecutionListener.injectDependencies(DependencyInjectionTestExecutionListener.java:117) [spring-test-4.3.8.RELEASE.jar:4.3.8.RELEASE]
	at org.springframework.test.context.support.DependencyInjectionTestExecutionListener.prepareTestInstance(DependencyInjectionTestExecutionListener.java:83) [spring-test-4.3.8.RELEASE.jar:4.3.8.RELEASE]
	at org.springframework.boot.test.autoconfigure.SpringBootDependencyInjectionTestExecutionListener.prepareTestInstance(SpringBootDependencyInjectionTestExecutionListener.java:44) [spring-boot-test-autoconfigure-1.5.3.RELEASE.jar:1.5.3.RELEASE]
	at org.springframework.test.context.TestContextManager.prepareTestInstance(TestContextManager.java:230) [spring-test-4.3.8.RELEASE.jar:4.3.8.RELEASE]
	at org.springframework.test.context.junit4.SpringJUnit4ClassRunner.createTest(SpringJUnit4ClassRunner.java:228) [spring-test-4.3.8.RELEASE.jar:4.3.8.RELEASE]
	at org.springframework.test.context.junit4.SpringJUnit4ClassRunner$1.runReflectiveCall(SpringJUnit4ClassRunner.java:287) [spring-test-4.3.8.RELEASE.jar:4.3.8.RELEASE]
	at org.junit.internal.runners.model.ReflectiveCallable.run(ReflectiveCallable.java:12) [junit-4.12.jar:4.12]
	at org.springframework.test.context.junit4.SpringJUnit4ClassRunner.methodBlock(SpringJUnit4ClassRunner.java:289) [spring-test-4.3.8.RELEASE.jar:4.3.8.RELEASE]
	at org.springframework.test.context.junit4.SpringJUnit4ClassRunner.runChild(SpringJUnit4ClassRunner.java:247) [spring-test-4.3.8.RELEASE.jar:4.3.8.RELEASE]
	at org.springframework.test.context.junit4.SpringJUnit4ClassRunner.runChild(SpringJUnit4ClassRunner.java:94) [spring-test-4.3.8.RELEASE.jar:4.3.8.RELEASE]
	at org.junit.runners.ParentRunner$3.run(ParentRunner.java:290) [junit-4.12.jar:4.12]
	at org.junit.runners.ParentRunner$1.schedule(ParentRunner.java:71) [junit-4.12.jar:4.12]
	at org.junit.runners.ParentRunner.runChildren(ParentRunner.java:288) [junit-4.12.jar:4.12]
	at org.junit.runners.ParentRunner.access$000(ParentRunner.java:58) [junit-4.12.jar:4.12]
	at org.junit.runners.ParentRunner$2.evaluate(ParentRunner.java:268) [junit-4.12.jar:4.12]
	at org.springframework.test.context.junit4.statements.RunBeforeTestClassCallbacks.evaluate(RunBeforeTestClassCallbacks.java:61) [spring-test-4.3.8.RELEASE.jar:4.3.8.RELEASE]
	at org.springframework.test.context.junit4.statements.RunAfterTestClassCallbacks.evaluate(RunAfterTestClassCallbacks.java:70) [spring-test-4.3.8.RELEASE.jar:4.3.8.RELEASE]
	at org.junit.runners.ParentRunner.run(ParentRunner.java:363) [junit-4.12.jar:4.12]
	at org.springframework.test.context.junit4.SpringJUnit4ClassRunner.run(SpringJUnit4ClassRunner.java:191) [spring-test-4.3.8.RELEASE.jar:4.3.8.RELEASE]
	at org.apache.maven.surefire.junit4.JUnit4Provider.execute(JUnit4Provider.java:365) [surefire-junit4-2.20.jar:2.20]
	at org.apache.maven.surefire.junit4.JUnit4Provider.executeWithRerun(JUnit4Provider.java:272) [surefire-junit4-2.20.jar:2.20]
	at org.apache.maven.surefire.junit4.JUnit4Provider.executeTestSet(JUnit4Provider.java:236) [surefire-junit4-2.20.jar:2.20]
	at org.apache.maven.surefire.junit4.JUnit4Provider.invoke(JUnit4Provider.java:159) [surefire-junit4-2.20.jar:2.20]
	at org.apache.maven.surefire.booter.ForkedBooter.invokeProviderInSameClassLoader(ForkedBooter.java:386) [surefire-booter-2.20.jar:2.20]
	at org.apache.maven.surefire.booter.ForkedBooter.runSuitesInProcess(ForkedBooter.java:323) [surefire-booter-2.20.jar:2.20]
	at org.apache.maven.surefire.booter.ForkedBooter.main(ForkedBooter.java:143) [surefire-booter-2.20.jar:2.20]
Caused by: org.apache.catalina.LifecycleException: service.getName(): "Tomcat";  Protocol handler start failed
	at org.apache.catalina.connector.Connector.startInternal(Connector.java:1000) ~[tomcat-embed-core-8.5.14.jar:8.5.14]
	at org.apache.catalina.util.LifecycleBase.start(LifecycleBase.java:150) ~[tomcat-embed-core-8.5.14.jar:8.5.14]
	... 40 common frames omitted
Caused by: java.net.BindException: Address already in use: bind
	at sun.nio.ch.Net.bind0(Native Method) ~[na:1.8.0_191]
	at sun.nio.ch.Net.bind(Net.java:433) ~[na:1.8.0_191]
	at sun.nio.ch.Net.bind(Net.java:425) ~[na:1.8.0_191]
	at sun.nio.ch.ServerSocketChannelImpl.bind(ServerSocketChannelImpl.java:223) ~[na:1.8.0_191]
	at sun.nio.ch.ServerSocketAdaptor.bind(ServerSocketAdaptor.java:74) ~[na:1.8.0_191]
	at org.apache.tomcat.util.net.NioEndpoint.bind(NioEndpoint.java:210) ~[tomcat-embed-core-8.5.14.jar:8.5.14]
	at org.apache.tomcat.util.net.AbstractEndpoint.start(AbstractEndpoint.java:978) ~[tomcat-embed-core-8.5.14.jar:8.5.14]
	at org.apache.coyote.AbstractProtocol.start(AbstractProtocol.java:628) ~[tomcat-embed-core-8.5.14.jar:8.5.14]
	at org.apache.catalina.connector.Connector.startInternal(Connector.java:993) ~[tomcat-embed-core-8.5.14.jar:8.5.14]
	... 41 common frames omitted

2018-12-22 13:24:18.436  INFO 11736 --- [           main] o.apache.catalina.core.StandardService   : Stopping service Tomcat
2018-12-22 13:24:18.447  INFO 11736 --- [           main] utoConfigurationReportLoggingInitializer : 

Error starting ApplicationContext. To display the auto-configuration report re-run your application with 'debug' enabled.
2018-12-22 13:24:18.451 ERROR 11736 --- [           main] o.s.b.d.LoggingFailureAnalysisReporter   : 

***************************
APPLICATION FAILED TO START
***************************

Description:

The Tomcat connector configured to listen on port 8080 failed to start. The port may already be in use or the connector may be misconfigured.

Action:

Verify the connector's configuration, identify and stop any process that's listening on port 8080, or configure this application to listen on another port.

2018-12-22 13:24:18.451  INFO 11736 --- [           main] ationConfigEmbeddedWebApplicationContext : Closing org.springframework.boot.context.embedded.AnnotationConfigEmbeddedWebApplicationContext@325511ca: startup date [Sat Dec 22 13:24:16 IST 2018]; root of context hierarchy
2018-12-22 13:24:18.454  INFO 11736 --- [           main] o.z.vogon.web.PersistenceConfiguration   : Unloading JDBC drivers
2018-12-22 13:24:18.455  INFO 11736 --- [           main] j.LocalContainerEntityManagerFactoryBean : Closing JPA EntityManagerFactory for persistence unit 'VogonPU'
2018-12-22 13:24:18.455  INFO 11736 --- [           main] org.hibernate.orm.connections.pooling    : HHH10001008: Cleaning up connection pool [jdbc:h2:mem:test]

  .   ____          _            __ _ _
 /\\ / ___'_ __ _ _(_)_ __  __ _ \ \ \ \
( ( )\___ | '_ | '_| | '_ \/ _` | \ \ \ \
 \\/  ___)| |_)| | | | | || (_| |  ) ) ) )
  '  |____| .__|_| |_|_| |_\__, | / / / /
 =========|_|==============|___/=/_/_/_/
 :: Spring Boot ::        (v1.5.3.RELEASE)

2018-12-22 13:24:18.496  INFO 11736 --- [           main] o.z.v.w.TransactionsControllerWriteTest  : Starting TransactionsControllerWriteTest on GOPAL with PID 11736 (started by GOPAL$ in C:\Program Files (x86)\Jenkins\workspace\Maven_project\vogon-web)
2018-12-22 13:24:18.496  INFO 11736 --- [           main] o.z.v.w.TransactionsControllerWriteTest  : No active profile set, falling back to default profiles: default
2018-12-22 13:24:18.498  INFO 11736 --- [           main] ationConfigEmbeddedWebApplicationContext : Refreshing org.springframework.boot.context.embedded.AnnotationConfigEmbeddedWebApplicationContext@69438260: startup date [Sat Dec 22 13:24:18 IST 2018]; root of context hierarchy
2018-12-22 13:24:18.798  INFO 11736 --- [           main] o.s.b.f.s.DefaultListableBeanFactory     : Overriding bean definition for bean 'entityManagerFactory' with a different definition: replacing [Root bean: class [null]; scope=; abstract=false; lazyInit=false; autowireMode=3; dependencyCheck=0; autowireCandidate=true; primary=false; factoryBeanName=persistenceConfiguration; factoryMethodName=entityManagerFactory; initMethodName=null; destroyMethodName=(inferred); defined in class path resource [org/zlogic/vogon/web/PersistenceConfiguration.class]] with [Root bean: class [null]; scope=; abstract=false; lazyInit=false; autowireMode=3; dependencyCheck=0; autowireCandidate=true; primary=false; factoryBeanName=databaseConfiguration; factoryMethodName=entityManagerFactory; initMethodName=null; destroyMethodName=(inferred); defined in org.zlogic.vogon.web.DatabaseConfiguration]
2018-12-22 13:24:18.944  INFO 11736 --- [           main] trationDelegate$BeanPostProcessorChecker : Bean 'org.springframework.security.config.annotation.configuration.ObjectPostProcessorConfiguration' of type [org.springframework.security.config.annotation.configuration.ObjectPostProcessorConfiguration$$EnhancerBySpringCGLIB$$be8c3acc] is not eligible for getting processed by all BeanPostProcessors (for example: not eligible for auto-proxying)
2018-12-22 13:24:18.947  INFO 11736 --- [           main] trationDelegate$BeanPostProcessorChecker : Bean 'objectPostProcessor' of type [org.springframework.security.config.annotation.configuration.AutowireBeanFactoryObjectPostProcessor] is not eligible for getting processed by all BeanPostProcessors (for example: not eligible for auto-proxying)
2018-12-22 13:24:18.948  INFO 11736 --- [           main] trationDelegate$BeanPostProcessorChecker : Bean 'org.springframework.security.access.expression.method.DefaultMethodSecurityExpressionHandler@34235f87' of type [org.springframework.security.oauth2.provider.expression.OAuth2MethodSecurityExpressionHandler] is not eligible for getting processed by all BeanPostProcessors (for example: not eligible for auto-proxying)
2018-12-22 13:24:18.953  INFO 11736 --- [           main] trationDelegate$BeanPostProcessorChecker : Bean 'org.springframework.security.config.annotation.method.configuration.GlobalMethodSecurityConfiguration' of type [org.springframework.security.config.annotation.method.configuration.GlobalMethodSecurityConfiguration$$EnhancerBySpringCGLIB$$e360dd7e] is not eligible for getting processed by all BeanPostProcessors (for example: not eligible for auto-proxying)
2018-12-22 13:24:18.955  INFO 11736 --- [           main] trationDelegate$BeanPostProcessorChecker : Bean 'methodSecurityMetadataSource' of type [org.springframework.security.access.method.DelegatingMethodSecurityMetadataSource] is not eligible for getting processed by all BeanPostProcessors (for example: not eligible for auto-proxying)
2018-12-22 13:24:18.961  INFO 11736 --- [           main] trationDelegate$BeanPostProcessorChecker : Bean 'org.springframework.transaction.annotation.ProxyTransactionManagementConfiguration' of type [org.springframework.transaction.annotation.ProxyTransactionManagementConfiguration$$EnhancerBySpringCGLIB$$25de7292] is not eligible for getting processed by all BeanPostProcessors (for example: not eligible for auto-proxying)
2018-12-22 13:24:18.966  INFO 11736 --- [           main] trationDelegate$BeanPostProcessorChecker : Bean 'security.oauth2.client-org.springframework.boot.autoconfigure.security.oauth2.OAuth2ClientProperties' of type [org.springframework.boot.autoconfigure.security.oauth2.OAuth2ClientProperties] is not eligible for getting processed by all BeanPostProcessors (for example: not eligible for auto-proxying)
2018-12-22 13:24:18.966  INFO 11736 --- [           main] trationDelegate$BeanPostProcessorChecker : Bean 'org.springframework.boot.autoconfigure.security.oauth2.OAuth2AutoConfiguration' of type [org.springframework.boot.autoconfigure.security.oauth2.OAuth2AutoConfiguration$$EnhancerBySpringCGLIB$$dd282e92] is not eligible for getting processed by all BeanPostProcessors (for example: not eligible for auto-proxying)
2018-12-22 13:24:18.966  INFO 11736 --- [           main] trationDelegate$BeanPostProcessorChecker : Bean 'resourceServerProperties' of type [org.springframework.boot.autoconfigure.security.oauth2.resource.ResourceServerProperties] is not eligible for getting processed by all BeanPostProcessors (for example: not eligible for auto-proxying)
2018-12-22 13:24:19.013  INFO 11736 --- [           main] org.zlogic.vogon.web.TomcatConfigurer    : Using keystore C:\Program Files (x86)\Jenkins\workspace\Maven_project\vogon-web\target/vogonweb.keystore with password ********
2018-12-22 13:24:19.031  INFO 11736 --- [           main] s.b.c.e.t.TomcatEmbeddedServletContainer : Tomcat initialized with port(s): 8080 (http) 8443 (https)
2018-12-22 13:24:19.031  INFO 11736 --- [           main] o.apache.catalina.core.StandardService   : Starting service Tomcat
2018-12-22 13:24:19.031  INFO 11736 --- [           main] org.apache.catalina.core.StandardEngine  : Starting Servlet Engine: Apache Tomcat/8.5.14
2018-12-22 13:24:19.047  INFO 11736 --- [ost-startStop-1] org.apache.jasper.servlet.TldScanner     : At least one JAR was scanned for TLDs yet contained no TLDs. Enable debug logging for this logger for a complete list of JARs that were scanned but no TLDs were found in them. Skipping unneeded JARs during scanning can improve startup time and JSP compilation time.
2018-12-22 13:24:19.063  INFO 11736 --- [ost-startStop-1] o.a.c.c.C.[Tomcat-153].[localhost].[/]   : Initializing Spring embedded WebApplicationContext
2018-12-22 13:24:19.063  INFO 11736 --- [ost-startStop-1] o.s.web.context.ContextLoader            : Root WebApplicationContext: initialization completed in 565 ms
2018-12-22 13:24:19.199  INFO 11736 --- [ost-startStop-1] o.s.b.w.servlet.FilterRegistrationBean   : Mapping filter: 'metricsFilter' to: [/*]
2018-12-22 13:24:19.199  INFO 11736 --- [ost-startStop-1] o.s.b.w.servlet.FilterRegistrationBean   : Mapping filter: 'characterEncodingFilter' to: [/*]
2018-12-22 13:24:19.199  INFO 11736 --- [ost-startStop-1] o.s.b.w.servlet.FilterRegistrationBean   : Mapping filter: 'hiddenHttpMethodFilter' to: [/*]
2018-12-22 13:24:19.199  INFO 11736 --- [ost-startStop-1] o.s.b.w.servlet.FilterRegistrationBean   : Mapping filter: 'httpPutFormContentFilter' to: [/*]
2018-12-22 13:24:19.199  INFO 11736 --- [ost-startStop-1] o.s.b.w.servlet.FilterRegistrationBean   : Mapping filter: 'requestContextFilter' to: [/*]
2018-12-22 13:24:19.199  INFO 11736 --- [ost-startStop-1] .s.DelegatingFilterProxyRegistrationBean : Mapping filter: 'springSecurityFilterChain' to: [/*]
2018-12-22 13:24:19.199  INFO 11736 --- [ost-startStop-1] o.s.b.w.servlet.FilterRegistrationBean   : Mapping filter: 'webRequestLoggingFilter' to: [/*]
2018-12-22 13:24:19.199  INFO 11736 --- [ost-startStop-1] o.s.b.w.servlet.FilterRegistrationBean   : Mapping filter: 'applicationContextIdFilter' to: [/*]
2018-12-22 13:24:19.199  INFO 11736 --- [ost-startStop-1] o.s.b.w.servlet.ServletRegistrationBean  : Mapping servlet: 'dispatcherServlet' to [/]
2018-12-22 13:24:19.223  INFO 11736 --- [           main] j.LocalContainerEntityManagerFactoryBean : Building JPA container EntityManagerFactory for persistence unit 'VogonPU'
2018-12-22 13:24:19.223  INFO 11736 --- [           main] o.hibernate.jpa.internal.util.LogHelper  : HHH000204: Processing PersistenceUnitInfo [
	name: VogonPU
	...]
2018-12-22 13:24:19.227  WARN 11736 --- [           main] org.hibernate.orm.connections.pooling    : HHH10001002: Using Hibernate built-in connection pool (not for production use!)
2018-12-22 13:24:19.227  INFO 11736 --- [           main] org.hibernate.orm.connections.pooling    : HHH10001005: using driver [org.h2.Driver] at URL [jdbc:h2:mem:test]
2018-12-22 13:24:19.227  INFO 11736 --- [           main] org.hibernate.orm.connections.pooling    : HHH10001001: Connection properties: {}
2018-12-22 13:24:19.227  INFO 11736 --- [           main] org.hibernate.orm.connections.pooling    : HHH10001003: Autocommit mode: false
2018-12-22 13:24:19.227  INFO 11736 --- [           main] .c.i.DriverManagerConnectionProviderImpl : HHH000115: Hibernate connection pool size: 20 (min=1)
2018-12-22 13:24:19.228  INFO 11736 --- [           main] org.hibernate.dialect.Dialect            : HHH000400: Using dialect: org.hibernate.dialect.H2Dialect
2018-12-22 13:24:19.238  INFO 11736 --- [           main] org.hibernate.orm.connections.access     : HHH10001501: Connection obtained from JdbcConnectionAccess [org.hibernate.engine.jdbc.env.internal.JdbcEnvironmentInitiator$ConnectionProviderJdbcConnectionAccess@68f36e16] for (non-JTA) DDL execution was not in auto-commit mode; the Connection 'local transaction' will be committed and the Connection will be set into auto-commit mode.
2018-12-22 13:24:19.245  INFO 11736 --- [           main] j.LocalContainerEntityManagerFactoryBean : Initialized JPA EntityManagerFactory for persistence unit 'VogonPU'
2018-12-22 13:24:19.536  INFO 11736 --- [           main] .s.o.p.e.FrameworkEndpointHandlerMapping : Mapped "{[/oauth/authorize]}" onto public org.springframework.web.servlet.ModelAndView org.springframework.security.oauth2.provider.endpoint.AuthorizationEndpoint.authorize(java.util.Map<java.lang.String, java.lang.Object>,java.util.Map<java.lang.String, java.lang.String>,org.springframework.web.bind.support.SessionStatus,java.security.Principal)
2018-12-22 13:24:19.536  INFO 11736 --- [           main] .s.o.p.e.FrameworkEndpointHandlerMapping : Mapped "{[/oauth/authorize],methods=[POST],params=[user_oauth_approval]}" onto public org.springframework.web.servlet.View org.springframework.security.oauth2.provider.endpoint.AuthorizationEndpoint.approveOrDeny(java.util.Map<java.lang.String, java.lang.String>,java.util.Map<java.lang.String, ?>,org.springframework.web.bind.support.SessionStatus,java.security.Principal)
2018-12-22 13:24:19.536  INFO 11736 --- [           main] .s.o.p.e.FrameworkEndpointHandlerMapping : Mapped "{[/oauth/token],methods=[GET]}" onto public org.springframework.http.ResponseEntity<org.springframework.security.oauth2.common.OAuth2AccessToken> org.springframework.security.oauth2.provider.endpoint.TokenEndpoint.getAccessToken(java.security.Principal,java.util.Map<java.lang.String, java.lang.String>) throws org.springframework.web.HttpRequestMethodNotSupportedException
2018-12-22 13:24:19.536  INFO 11736 --- [           main] .s.o.p.e.FrameworkEndpointHandlerMapping : Mapped "{[/oauth/token],methods=[POST]}" onto public org.springframework.http.ResponseEntity<org.springframework.security.oauth2.common.OAuth2AccessToken> org.springframework.security.oauth2.provider.endpoint.TokenEndpoint.postAccessToken(java.security.Principal,java.util.Map<java.lang.String, java.lang.String>) throws org.springframework.web.HttpRequestMethodNotSupportedException
2018-12-22 13:24:19.537  INFO 11736 --- [           main] .s.o.p.e.FrameworkEndpointHandlerMapping : Mapped "{[/oauth/check_token]}" onto public java.util.Map<java.lang.String, ?> org.springframework.security.oauth2.provider.endpoint.CheckTokenEndpoint.checkToken(java.lang.String)
2018-12-22 13:24:19.537  INFO 11736 --- [           main] .s.o.p.e.FrameworkEndpointHandlerMapping : Mapped "{[/oauth/confirm_access]}" onto public org.springframework.web.servlet.ModelAndView org.springframework.security.oauth2.provider.endpoint.WhitelabelApprovalEndpoint.getAccessConfirmation(java.util.Map<java.lang.String, java.lang.Object>,javax.servlet.http.HttpServletRequest) throws java.lang.Exception
2018-12-22 13:24:19.537  INFO 11736 --- [           main] .s.o.p.e.FrameworkEndpointHandlerMapping : Mapped "{[/oauth/error]}" onto public org.springframework.web.servlet.ModelAndView org.springframework.security.oauth2.provider.endpoint.WhitelabelErrorEndpoint.handleError(javax.servlet.http.HttpServletRequest)
2018-12-22 13:24:19.730  INFO 11736 --- [           main] o.s.s.web.DefaultSecurityFilterChain     : Creating filter chain: OrRequestMatcher [requestMatchers=[Ant [pattern='/oauth/token'], Ant [pattern='/oauth/token_key'], Ant [pattern='/oauth/check_token']]], [org.springframework.security.web.context.request.async.WebAsyncManagerIntegrationFilter@235eacc6, org.springframework.security.web.context.SecurityContextPersistenceFilter@16e766a4, org.springframework.security.web.header.HeaderWriterFilter@407fa6b1, org.springframework.security.web.authentication.logout.LogoutFilter@3a981c8b, org.springframework.security.oauth2.provider.client.ClientCredentialsTokenEndpointFilter@79654f01, org.springframework.security.web.authentication.www.BasicAuthenticationFilter@5a76c9ac, org.springframework.security.web.savedrequest.RequestCacheAwareFilter@6635d527, org.springframework.security.web.servletapi.SecurityContextHolderAwareRequestFilter@5bc2bd7e, org.springframework.security.web.authentication.AnonymousAuthenticationFilter@113844b, org.springframework.security.web.session.SessionManagementFilter@7e33e10c, org.springframework.security.web.access.ExceptionTranslationFilter@133c63dc, org.springframework.security.web.access.intercept.FilterSecurityInterceptor@222386c]
2018-12-22 13:24:19.730  INFO 11736 --- [           main] o.s.s.web.DefaultSecurityFilterChain     : Creating filter chain: org.springframework.boot.actuate.autoconfigure.ManagementWebSecurityAutoConfiguration$LazyEndpointPathRequestMatcher@677f6ff3, [org.springframework.security.web.context.request.async.WebAsyncManagerIntegrationFilter@87fbcbe, org.springframework.security.web.context.SecurityContextPersistenceFilter@7e214123, org.springframework.security.web.header.HeaderWriterFilter@1f630de3, org.springframework.security.web.authentication.logout.LogoutFilter@5c68c37, org.springframework.security.web.authentication.www.BasicAuthenticationFilter@334e5b40, org.springframework.security.web.savedrequest.RequestCacheAwareFilter@5943759e, org.springframework.security.web.servletapi.SecurityContextHolderAwareRequestFilter@5ec86740, org.springframework.security.web.authentication.AnonymousAuthenticationFilter@1ee1bd80, org.springframework.security.web.session.SessionManagementFilter@10397d8b, org.springframework.security.web.access.ExceptionTranslationFilter@d754607, org.springframework.security.web.access.intercept.FilterSecurityInterceptor@5809c039]
2018-12-22 13:24:19.746  INFO 11736 --- [           main] o.s.s.w.a.c.ChannelProcessingFilter      : Validated configuration attributes
2018-12-22 13:24:19.746  INFO 11736 --- [           main] o.s.s.web.DefaultSecurityFilterChain     : Creating filter chain: org.springframework.security.oauth2.config.annotation.web.configuration.ResourceServerConfiguration$NotOAuthRequestMatcher@778a8d5a, [org.springframework.security.web.access.channel.ChannelProcessingFilter@5e430296, org.springframework.security.web.context.request.async.WebAsyncManagerIntegrationFilter@1581e036, org.springframework.security.web.context.SecurityContextPersistenceFilter@3dbb72c6, org.springframework.security.web.header.HeaderWriterFilter@520bfb7b, org.springframework.security.web.authentication.logout.LogoutFilter@2f8545cd, org.springframework.security.oauth2.provider.authentication.OAuth2AuthenticationProcessingFilter@7bf11223, org.springframework.security.web.savedrequest.RequestCacheAwareFilter@289d33d5, org.springframework.security.web.servletapi.SecurityContextHolderAwareRequestFilter@2540d59e, org.springframework.security.web.authentication.AnonymousAuthenticationFilter@3e54bef8, org.springframework.security.web.session.SessionManagementFilter@38164b30, org.springframework.security.web.access.ExceptionTranslationFilter@5e597d51, org.springframework.security.web.access.intercept.FilterSecurityInterceptor@86197a3]
2018-12-22 13:24:19.838  INFO 11736 --- [           main] s.w.s.m.m.a.RequestMappingHandlerAdapter : Looking for @ControllerAdvice: org.springframework.boot.context.embedded.AnnotationConfigEmbeddedWebApplicationContext@69438260: startup date [Sat Dec 22 13:24:18 IST 2018]; root of context hierarchy
2018-12-22 13:24:19.851  INFO 11736 --- [           main] s.w.s.m.m.a.RequestMappingHandlerMapping : Mapped "{[/service/accounts],methods=[GET],produces=[application/json]}" onto public java.util.Collection<org.zlogic.vogon.data.FinanceAccount> org.zlogic.vogon.web.controller.AccountsController.getAllAccounts(org.zlogic.vogon.web.security.VogonSecurityUser)
2018-12-22 13:24:19.851  INFO 11736 --- [           main] s.w.s.m.m.a.RequestMappingHandlerMapping : Mapped "{[/service/accounts],methods=[POST],produces=[application/json]}" onto public java.util.Collection<org.zlogic.vogon.data.FinanceAccount> org.zlogic.vogon.web.controller.AccountsController.updateAccounts(java.util.Collection<org.zlogic.vogon.data.FinanceAccount>,org.zlogic.vogon.web.security.VogonSecurityUser)
2018-12-22 13:24:19.852  INFO 11736 --- [           main] s.w.s.m.m.a.RequestMappingHandlerMapping : Mapped "{[/service/analytics/tags],methods=[GET],produces=[application/json]}" onto public java.util.Set<java.lang.String> org.zlogic.vogon.web.controller.AnalyticsController.getAllTags(org.zlogic.vogon.web.security.VogonSecurityUser)
2018-12-22 13:24:19.852  INFO 11736 --- [           main] s.w.s.m.m.a.RequestMappingHandlerMapping : Mapped "{[/service/analytics],methods=[POST],produces=[application/json]}" onto public java.util.Map<java.lang.String, org.zlogic.vogon.data.report.Report> org.zlogic.vogon.web.controller.AnalyticsController.getReport(org.zlogic.vogon.data.report.ReportFactory,org.zlogic.vogon.web.security.VogonSecurityUser)
2018-12-22 13:24:19.852  INFO 11736 --- [           main] s.w.s.m.m.a.RequestMappingHandlerMapping : Mapped "{[/service/currencies],methods=[GET],produces=[application/json]}" onto public java.util.Collection<org.zlogic.vogon.web.data.model.CurrencyDetails> org.zlogic.vogon.web.controller.CurrenciesController.getAllCurrencies()
2018-12-22 13:24:19.852  INFO 11736 --- [           main] s.w.s.m.m.a.RequestMappingHandlerMapping : Mapped "{[/service/export],methods=[GET || POST]}" onto public org.springframework.http.HttpEntity<byte[]> org.zlogic.vogon.web.controller.DataController.exportDataJSON(org.zlogic.vogon.web.security.VogonSecurityUser) throws java.lang.RuntimeException
2018-12-22 13:24:19.852  INFO 11736 --- [           main] s.w.s.m.m.a.RequestMappingHandlerMapping : Mapped "{[/service/import],methods=[POST],consumes=[multipart/form-data],produces=[application/json]}" onto public java.lang.Boolean org.zlogic.vogon.web.controller.DataController.importData(org.springframework.web.multipart.MultipartFile,org.zlogic.vogon.web.security.VogonSecurityUser) throws java.lang.RuntimeException
2018-12-22 13:24:19.852  INFO 11736 --- [           main] s.w.s.m.m.a.RequestMappingHandlerMapping : Mapped "{[/fragments/{fragment}.fragment]}" onto public org.springframework.web.servlet.ModelAndView org.zlogic.vogon.web.controller.JspController.fragmentModelAndView(java.lang.String)
2018-12-22 13:24:19.852  INFO 11736 --- [           main] s.w.s.m.m.a.RequestMappingHandlerMapping : Mapped "{[/]}" onto public org.springframework.web.servlet.ModelAndView org.zlogic.vogon.web.controller.JspController.indexModelAndView()
2018-12-22 13:24:19.852  INFO 11736 --- [           main] s.w.s.m.m.a.RequestMappingHandlerMapping : Mapped "{[/oauth/logout],methods=[POST]}" onto public void org.zlogic.vogon.web.controller.LogoutController.logout(org.springframework.security.oauth2.provider.OAuth2Authentication) throws org.zlogic.vogon.web.security.UsernameExistsException
2018-12-22 13:24:19.852  INFO 11736 --- [           main] s.w.s.m.m.a.RequestMappingHandlerMapping : Mapped "{[/register],methods=[POST],produces=[application/json]}" onto public org.zlogic.vogon.data.VogonUser org.zlogic.vogon.web.controller.RegistrationController.register(org.zlogic.vogon.data.VogonUser) throws org.zlogic.vogon.web.security.UsernameExistsException
2018-12-22 13:24:19.852  INFO 11736 --- [           main] s.w.s.m.m.a.RequestMappingHandlerMapping : Mapped "{[/service/transactions/transaction/{id}],methods=[GET],produces=[application/json]}" onto public org.zlogic.vogon.web.data.model.FinanceTransactionJson org.zlogic.vogon.web.controller.TransactionsController.getTransaction(long,org.zlogic.vogon.web.security.VogonSecurityUser)
2018-12-22 13:24:19.852  INFO 11736 --- [           main] s.w.s.m.m.a.RequestMappingHandlerMapping : Mapped "{[/service/transactions],methods=[GET],produces=[application/json]}" onto public java.util.Collection<org.zlogic.vogon.web.data.model.FinanceTransactionJson> org.zlogic.vogon.web.controller.TransactionsController.getTransactions(java.lang.Integer,org.zlogic.vogon.web.controller.TransactionsController$SortColumn,org.springframework.data.domain.Sort$Direction,java.lang.String,java.util.Date,java.util.Collection<java.lang.String>,org.zlogic.vogon.web.security.VogonSecurityUser)
2018-12-22 13:24:19.853  INFO 11736 --- [           main] s.w.s.m.m.a.RequestMappingHandlerMapping : Mapped "{[/service/transactions],methods=[POST],produces=[application/json]}" onto public org.zlogic.vogon.web.data.model.FinanceTransactionJson org.zlogic.vogon.web.controller.TransactionsController.submitTransaction(org.zlogic.vogon.web.data.model.FinanceTransactionJson,org.zlogic.vogon.web.security.VogonSecurityUser)
2018-12-22 13:24:19.853  INFO 11736 --- [           main] s.w.s.m.m.a.RequestMappingHandlerMapping : Mapped "{[/service/transactions/pages],methods=[GET],produces=[application/json]}" onto public long org.zlogic.vogon.web.controller.TransactionsController.getTransactionsCount(org.zlogic.vogon.web.security.VogonSecurityUser)
2018-12-22 13:24:19.853  INFO 11736 --- [           main] s.w.s.m.m.a.RequestMappingHandlerMapping : Mapped "{[/service/transactions/transaction/{id}],methods=[DELETE],produces=[application/json]}" onto public org.zlogic.vogon.web.data.model.FinanceTransactionJson org.zlogic.vogon.web.controller.TransactionsController.deleteTransaction(long,org.zlogic.vogon.web.security.VogonSecurityUser)
2018-12-22 13:24:19.853  INFO 11736 --- [           main] s.w.s.m.m.a.RequestMappingHandlerMapping : Mapped "{[/service/user],methods=[POST],produces=[application/json]}" onto public org.zlogic.vogon.data.VogonUser org.zlogic.vogon.web.controller.UsersController.submitUser(org.zlogic.vogon.data.VogonUser,org.zlogic.vogon.web.security.VogonSecurityUser) throws org.zlogic.vogon.web.security.UsernameExistsException
2018-12-22 13:24:19.853  INFO 11736 --- [           main] s.w.s.m.m.a.RequestMappingHandlerMapping : Mapped "{[/service/user],methods=[GET],produces=[application/json]}" onto public org.zlogic.vogon.data.VogonUser org.zlogic.vogon.web.controller.UsersController.getUserData(org.zlogic.vogon.web.security.VogonSecurityUser)
2018-12-22 13:24:19.854  INFO 11736 --- [           main] s.w.s.m.m.a.RequestMappingHandlerMapping : Mapped "{[/error]}" onto public org.springframework.http.ResponseEntity<java.util.Map<java.lang.String, java.lang.Object>> org.springframework.boot.autoconfigure.web.BasicErrorController.error(javax.servlet.http.HttpServletRequest)
2018-12-22 13:24:19.854  INFO 11736 --- [           main] s.w.s.m.m.a.RequestMappingHandlerMapping : Mapped "{[/error],produces=[text/html]}" onto public org.springframework.web.servlet.ModelAndView org.springframework.boot.autoconfigure.web.BasicErrorController.errorHtml(javax.servlet.http.HttpServletRequest,javax.servlet.http.HttpServletResponse)
2018-12-22 13:24:19.868  INFO 11736 --- [           main] o.s.w.s.handler.SimpleUrlHandlerMapping  : Root mapping to handler of type [class org.springframework.web.servlet.mvc.ParameterizableViewController]
2018-12-22 13:24:20.031  INFO 11736 --- [           main] o.s.w.s.handler.SimpleUrlHandlerMapping  : Mapped URL path [/webjars/**] onto handler of type [class org.springframework.web.servlet.resource.ResourceHttpRequestHandler]
2018-12-22 13:24:20.031  INFO 11736 --- [           main] o.s.w.s.handler.SimpleUrlHandlerMapping  : Mapped URL path [/**] onto handler of type [class org.springframework.web.servlet.resource.ResourceHttpRequestHandler]
2018-12-22 13:24:20.031  INFO 11736 --- [           main] o.s.w.s.handler.SimpleUrlHandlerMapping  : Mapped URL path [/**] onto handler of type [class org.springframework.web.servlet.resource.DefaultServletHttpRequestHandler]
2018-12-22 13:24:20.058  INFO 11736 --- [           main] o.s.w.s.handler.SimpleUrlHandlerMapping  : Mapped URL path [/**/favicon.ico] onto handler of type [class org.springframework.web.servlet.resource.ResourceHttpRequestHandler]
2018-12-22 13:24:20.241  INFO 11736 --- [           main] o.s.b.a.e.mvc.EndpointHandlerMapping     : Mapped "{[/health || /health.json],methods=[GET],produces=[application/vnd.spring-boot.actuator.v1+json || application/json]}" onto public java.lang.Object org.springframework.boot.actuate.endpoint.mvc.HealthMvcEndpoint.invoke(javax.servlet.http.HttpServletRequest,java.security.Principal)
2018-12-22 13:24:20.242  INFO 11736 --- [           main] o.s.b.a.e.mvc.EndpointHandlerMapping     : Mapped "{[/metrics/{name:.*}],methods=[GET],produces=[application/vnd.spring-boot.actuator.v1+json || application/json]}" onto public java.lang.Object org.springframework.boot.actuate.endpoint.mvc.MetricsMvcEndpoint.value(java.lang.String)
2018-12-22 13:24:20.242  INFO 11736 --- [           main] o.s.b.a.e.mvc.EndpointHandlerMapping     : Mapped "{[/metrics || /metrics.json],methods=[GET],produces=[application/vnd.spring-boot.actuator.v1+json || application/json]}" onto public java.lang.Object org.springframework.boot.actuate.endpoint.mvc.EndpointMvcAdapter.invoke()
2018-12-22 13:24:20.242  INFO 11736 --- [           main] o.s.b.a.e.mvc.EndpointHandlerMapping     : Mapped "{[/auditevents || /auditevents.json],methods=[GET],produces=[application/vnd.spring-boot.actuator.v1+json || application/json]}" onto public org.springframework.http.ResponseEntity<?> org.springframework.boot.actuate.endpoint.mvc.AuditEventsMvcEndpoint.findByPrincipalAndAfterAndType(java.lang.String,java.util.Date,java.lang.String)
2018-12-22 13:24:20.242  INFO 11736 --- [           main] o.s.b.a.e.mvc.EndpointHandlerMapping     : Mapped "{[/heapdump || /heapdump.json],methods=[GET],produces=[application/octet-stream]}" onto public void org.springframework.boot.actuate.endpoint.mvc.HeapdumpMvcEndpoint.invoke(boolean,javax.servlet.http.HttpServletRequest,javax.servlet.http.HttpServletResponse) throws java.io.IOException,javax.servlet.ServletException
2018-12-22 13:24:20.242  INFO 11736 --- [           main] o.s.b.a.e.mvc.EndpointHandlerMapping     : Mapped "{[/beans || /beans.json],methods=[GET],produces=[application/vnd.spring-boot.actuator.v1+json || application/json]}" onto public java.lang.Object org.springframework.boot.actuate.endpoint.mvc.EndpointMvcAdapter.invoke()
2018-12-22 13:24:20.243  INFO 11736 --- [           main] o.s.b.a.e.mvc.EndpointHandlerMapping     : Mapped "{[/info || /info.json],methods=[GET],produces=[application/vnd.spring-boot.actuator.v1+json || application/json]}" onto public java.lang.Object org.springframework.boot.actuate.endpoint.mvc.EndpointMvcAdapter.invoke()
2018-12-22 13:24:20.243  INFO 11736 --- [           main] o.s.b.a.e.mvc.EndpointHandlerMapping     : Mapped "{[/trace || /trace.json],methods=[GET],produces=[application/vnd.spring-boot.actuator.v1+json || application/json]}" onto public java.lang.Object org.springframework.boot.actuate.endpoint.mvc.EndpointMvcAdapter.invoke()
2018-12-22 13:24:20.243  INFO 11736 --- [           main] o.s.b.a.e.mvc.EndpointHandlerMapping     : Mapped "{[/configprops || /configprops.json],methods=[GET],produces=[application/vnd.spring-boot.actuator.v1+json || application/json]}" onto public java.lang.Object org.springframework.boot.actuate.endpoint.mvc.EndpointMvcAdapter.invoke()
2018-12-22 13:24:20.243  INFO 11736 --- [           main] o.s.b.a.e.mvc.EndpointHandlerMapping     : Mapped "{[/dump || /dump.json],methods=[GET],produces=[application/vnd.spring-boot.actuator.v1+json || application/json]}" onto public java.lang.Object org.springframework.boot.actuate.endpoint.mvc.EndpointMvcAdapter.invoke()
2018-12-22 13:24:20.243  INFO 11736 --- [           main] o.s.b.a.e.mvc.EndpointHandlerMapping     : Mapped "{[/env/{name:.*}],methods=[GET],produces=[application/vnd.spring-boot.actuator.v1+json || application/json]}" onto public java.lang.Object org.springframework.boot.actuate.endpoint.mvc.EnvironmentMvcEndpoint.value(java.lang.String)
2018-12-22 13:24:20.243  INFO 11736 --- [           main] o.s.b.a.e.mvc.EndpointHandlerMapping     : Mapped "{[/env || /env.json],methods=[GET],produces=[application/vnd.spring-boot.actuator.v1+json || application/json]}" onto public java.lang.Object org.springframework.boot.actuate.endpoint.mvc.EndpointMvcAdapter.invoke()
2018-12-22 13:24:20.243  INFO 11736 --- [           main] o.s.b.a.e.mvc.EndpointHandlerMapping     : Mapped "{[/autoconfig || /autoconfig.json],methods=[GET],produces=[application/vnd.spring-boot.actuator.v1+json || application/json]}" onto public java.lang.Object org.springframework.boot.actuate.endpoint.mvc.EndpointMvcAdapter.invoke()
2018-12-22 13:24:20.243  INFO 11736 --- [           main] o.s.b.a.e.mvc.EndpointHandlerMapping     : Mapped "{[/mappings || /mappings.json],methods=[GET],produces=[application/vnd.spring-boot.actuator.v1+json || application/json]}" onto public java.lang.Object org.springframework.boot.actuate.endpoint.mvc.EndpointMvcAdapter.invoke()
2018-12-22 13:24:20.243  INFO 11736 --- [           main] o.s.b.a.e.mvc.EndpointHandlerMapping     : Mapped "{[/loggers/{name:.*}],methods=[GET],produces=[application/vnd.spring-boot.actuator.v1+json || application/json]}" onto public java.lang.Object org.springframework.boot.actuate.endpoint.mvc.LoggersMvcEndpoint.get(java.lang.String)
2018-12-22 13:24:20.243  INFO 11736 --- [           main] o.s.b.a.e.mvc.EndpointHandlerMapping     : Mapped "{[/loggers/{name:.*}],methods=[POST],consumes=[application/vnd.spring-boot.actuator.v1+json || application/json],produces=[application/vnd.spring-boot.actuator.v1+json || application/json]}" onto public java.lang.Object org.springframework.boot.actuate.endpoint.mvc.LoggersMvcEndpoint.set(java.lang.String,java.util.Map<java.lang.String, java.lang.String>)
2018-12-22 13:24:20.244  INFO 11736 --- [           main] o.s.b.a.e.mvc.EndpointHandlerMapping     : Mapped "{[/loggers || /loggers.json],methods=[GET],produces=[application/vnd.spring-boot.actuator.v1+json || application/json]}" onto public java.lang.Object org.springframework.boot.actuate.endpoint.mvc.EndpointMvcAdapter.invoke()
2018-12-22 13:24:20.341 ERROR 11736 --- [           main] o.a.coyote.http11.Http11NioProtocol      : Failed to start end point associated with ProtocolHandler ["http-nio-8080"]

java.net.BindException: Address already in use: bind
	at sun.nio.ch.Net.bind0(Native Method) ~[na:1.8.0_191]
	at sun.nio.ch.Net.bind(Net.java:433) ~[na:1.8.0_191]
	at sun.nio.ch.Net.bind(Net.java:425) ~[na:1.8.0_191]
	at sun.nio.ch.ServerSocketChannelImpl.bind(ServerSocketChannelImpl.java:223) ~[na:1.8.0_191]
	at sun.nio.ch.ServerSocketAdaptor.bind(ServerSocketAdaptor.java:74) ~[na:1.8.0_191]
	at org.apache.tomcat.util.net.NioEndpoint.bind(NioEndpoint.java:210) ~[tomcat-embed-core-8.5.14.jar:8.5.14]
	at org.apache.tomcat.util.net.AbstractEndpoint.start(AbstractEndpoint.java:978) ~[tomcat-embed-core-8.5.14.jar:8.5.14]
	at org.apache.coyote.AbstractProtocol.start(AbstractProtocol.java:628) ~[tomcat-embed-core-8.5.14.jar:8.5.14]
	at org.apache.catalina.connector.Connector.startInternal(Connector.java:993) [tomcat-embed-core-8.5.14.jar:8.5.14]
	at org.apache.catalina.util.LifecycleBase.start(LifecycleBase.java:150) [tomcat-embed-core-8.5.14.jar:8.5.14]
	at org.apache.catalina.core.StandardService.addConnector(StandardService.java:225) [tomcat-embed-core-8.5.14.jar:8.5.14]
	at org.springframework.boot.context.embedded.tomcat.TomcatEmbeddedServletContainer.addPreviouslyRemovedConnectors(TomcatEmbeddedServletContainer.java:247) [spring-boot-1.5.3.RELEASE.jar:1.5.3.RELEASE]
	at org.springframework.boot.context.embedded.tomcat.TomcatEmbeddedServletContainer.start(TomcatEmbeddedServletContainer.java:190) [spring-boot-1.5.3.RELEASE.jar:1.5.3.RELEASE]
	at org.springframework.boot.context.embedded.EmbeddedWebApplicationContext.startEmbeddedServletContainer(EmbeddedWebApplicationContext.java:297) [spring-boot-1.5.3.RELEASE.jar:1.5.3.RELEASE]
	at org.springframework.boot.context.embedded.EmbeddedWebApplicationContext.finishRefresh(EmbeddedWebApplicationContext.java:145) [spring-boot-1.5.3.RELEASE.jar:1.5.3.RELEASE]
	at org.springframework.context.support.AbstractApplicationContext.refresh(AbstractApplicationContext.java:545) [spring-context-4.3.8.RELEASE.jar:4.3.8.RELEASE]
	at org.springframework.boot.context.embedded.EmbeddedWebApplicationContext.refresh(EmbeddedWebApplicationContext.java:122) [spring-boot-1.5.3.RELEASE.jar:1.5.3.RELEASE]
	at org.springframework.boot.SpringApplication.refresh(SpringApplication.java:737) [spring-boot-1.5.3.RELEASE.jar:1.5.3.RELEASE]
	at org.springframework.boot.SpringApplication.refreshContext(SpringApplication.java:370) [spring-boot-1.5.3.RELEASE.jar:1.5.3.RELEASE]
	at org.springframework.boot.SpringApplication.run(SpringApplication.java:314) [spring-boot-1.5.3.RELEASE.jar:1.5.3.RELEASE]
	at org.springframework.boot.test.context.SpringBootContextLoader.loadContext(SpringBootContextLoader.java:120) [spring-boot-test-1.5.3.RELEASE.jar:1.5.3.RELEASE]
	at org.springframework.test.context.cache.DefaultCacheAwareContextLoaderDelegate.loadContextInternal(DefaultCacheAwareContextLoaderDelegate.java:98) [spring-test-4.3.8.RELEASE.jar:4.3.8.RELEASE]
	at org.springframework.test.context.cache.DefaultCacheAwareContextLoaderDelegate.loadContext(DefaultCacheAwareContextLoaderDelegate.java:116) [spring-test-4.3.8.RELEASE.jar:4.3.8.RELEASE]
	at org.springframework.test.context.support.DefaultTestContext.getApplicationContext(DefaultTestContext.java:83) [spring-test-4.3.8.RELEASE.jar:4.3.8.RELEASE]
	at org.springframework.boot.test.autoconfigure.SpringBootDependencyInjectionTestExecutionListener.prepareTestInstance(SpringBootDependencyInjectionTestExecutionListener.java:47) [spring-boot-test-autoconfigure-1.5.3.RELEASE.jar:1.5.3.RELEASE]
	at org.springframework.test.context.TestContextManager.prepareTestInstance(TestContextManager.java:230) [spring-test-4.3.8.RELEASE.jar:4.3.8.RELEASE]
	at org.springframework.test.context.junit4.SpringJUnit4ClassRunner.createTest(SpringJUnit4ClassRunner.java:228) [spring-test-4.3.8.RELEASE.jar:4.3.8.RELEASE]
	at org.springframework.test.context.junit4.SpringJUnit4ClassRunner$1.runReflectiveCall(SpringJUnit4ClassRunner.java:287) [spring-test-4.3.8.RELEASE.jar:4.3.8.RELEASE]
	at org.junit.internal.runners.model.ReflectiveCallable.run(ReflectiveCallable.java:12) [junit-4.12.jar:4.12]
	at org.springframework.test.context.junit4.SpringJUnit4ClassRunner.methodBlock(SpringJUnit4ClassRunner.java:289) [spring-test-4.3.8.RELEASE.jar:4.3.8.RELEASE]
	at org.springframework.test.context.junit4.SpringJUnit4ClassRunner.runChild(SpringJUnit4ClassRunner.java:247) [spring-test-4.3.8.RELEASE.jar:4.3.8.RELEASE]
	at org.springframework.test.context.junit4.SpringJUnit4ClassRunner.runChild(SpringJUnit4ClassRunner.java:94) [spring-test-4.3.8.RELEASE.jar:4.3.8.RELEASE]
	at org.junit.runners.ParentRunner$3.run(ParentRunner.java:290) [junit-4.12.jar:4.12]
	at org.junit.runners.ParentRunner$1.schedule(ParentRunner.java:71) [junit-4.12.jar:4.12]
	at org.junit.runners.ParentRunner.runChildren(ParentRunner.java:288) [junit-4.12.jar:4.12]
	at org.junit.runners.ParentRunner.access$000(ParentRunner.java:58) [junit-4.12.jar:4.12]
	at org.junit.runners.ParentRunner$2.evaluate(ParentRunner.java:268) [junit-4.12.jar:4.12]
	at org.springframework.test.context.junit4.statements.RunBeforeTestClassCallbacks.evaluate(RunBeforeTestClassCallbacks.java:61) [spring-test-4.3.8.RELEASE.jar:4.3.8.RELEASE]
	at org.springframework.test.context.junit4.statements.RunAfterTestClassCallbacks.evaluate(RunAfterTestClassCallbacks.java:70) [spring-test-4.3.8.RELEASE.jar:4.3.8.RELEASE]
	at org.junit.runners.ParentRunner.run(ParentRunner.java:363) [junit-4.12.jar:4.12]
	at org.springframework.test.context.junit4.SpringJUnit4ClassRunner.run(SpringJUnit4ClassRunner.java:191) [spring-test-4.3.8.RELEASE.jar:4.3.8.RELEASE]
	at org.apache.maven.surefire.junit4.JUnit4Provider.execute(JUnit4Provider.java:365) [surefire-junit4-2.20.jar:2.20]
	at org.apache.maven.surefire.junit4.JUnit4Provider.executeWithRerun(JUnit4Provider.java:272) [surefire-junit4-2.20.jar:2.20]
	at org.apache.maven.surefire.junit4.JUnit4Provider.executeTestSet(JUnit4Provider.java:236) [surefire-junit4-2.20.jar:2.20]
	at org.apache.maven.surefire.junit4.JUnit4Provider.invoke(JUnit4Provider.java:159) [surefire-junit4-2.20.jar:2.20]
	at org.apache.maven.surefire.booter.ForkedBooter.invokeProviderInSameClassLoader(ForkedBooter.java:386) [surefire-booter-2.20.jar:2.20]
	at org.apache.maven.surefire.booter.ForkedBooter.runSuitesInProcess(ForkedBooter.java:323) [surefire-booter-2.20.jar:2.20]
	at org.apache.maven.surefire.booter.ForkedBooter.main(ForkedBooter.java:143) [surefire-booter-2.20.jar:2.20]

2018-12-22 13:24:20.342 ERROR 11736 --- [           main] o.apache.catalina.core.StandardService   : Failed to start connector [Connector[HTTP/1.1-8080]]

org.apache.catalina.LifecycleException: Failed to start component [Connector[HTTP/1.1-8080]]
	at org.apache.catalina.util.LifecycleBase.start(LifecycleBase.java:167) ~[tomcat-embed-core-8.5.14.jar:8.5.14]
	at org.apache.catalina.core.StandardService.addConnector(StandardService.java:225) ~[tomcat-embed-core-8.5.14.jar:8.5.14]
	at org.springframework.boot.context.embedded.tomcat.TomcatEmbeddedServletContainer.addPreviouslyRemovedConnectors(TomcatEmbeddedServletContainer.java:247) [spring-boot-1.5.3.RELEASE.jar:1.5.3.RELEASE]
	at org.springframework.boot.context.embedded.tomcat.TomcatEmbeddedServletContainer.start(TomcatEmbeddedServletContainer.java:190) [spring-boot-1.5.3.RELEASE.jar:1.5.3.RELEASE]
	at org.springframework.boot.context.embedded.EmbeddedWebApplicationContext.startEmbeddedServletContainer(EmbeddedWebApplicationContext.java:297) [spring-boot-1.5.3.RELEASE.jar:1.5.3.RELEASE]
	at org.springframework.boot.context.embedded.EmbeddedWebApplicationContext.finishRefresh(EmbeddedWebApplicationContext.java:145) [spring-boot-1.5.3.RELEASE.jar:1.5.3.RELEASE]
	at org.springframework.context.support.AbstractApplicationContext.refresh(AbstractApplicationContext.java:545) [spring-context-4.3.8.RELEASE.jar:4.3.8.RELEASE]
	at org.springframework.boot.context.embedded.EmbeddedWebApplicationContext.refresh(EmbeddedWebApplicationContext.java:122) [spring-boot-1.5.3.RELEASE.jar:1.5.3.RELEASE]
	at org.springframework.boot.SpringApplication.refresh(SpringApplication.java:737) [spring-boot-1.5.3.RELEASE.jar:1.5.3.RELEASE]
	at org.springframework.boot.SpringApplication.refreshContext(SpringApplication.java:370) [spring-boot-1.5.3.RELEASE.jar:1.5.3.RELEASE]
	at org.springframework.boot.SpringApplication.run(SpringApplication.java:314) [spring-boot-1.5.3.RELEASE.jar:1.5.3.RELEASE]
	at org.springframework.boot.test.context.SpringBootContextLoader.loadContext(SpringBootContextLoader.java:120) [spring-boot-test-1.5.3.RELEASE.jar:1.5.3.RELEASE]
	at org.springframework.test.context.cache.DefaultCacheAwareContextLoaderDelegate.loadContextInternal(DefaultCacheAwareContextLoaderDelegate.java:98) [spring-test-4.3.8.RELEASE.jar:4.3.8.RELEASE]
	at org.springframework.test.context.cache.DefaultCacheAwareContextLoaderDelegate.loadContext(DefaultCacheAwareContextLoaderDelegate.java:116) [spring-test-4.3.8.RELEASE.jar:4.3.8.RELEASE]
	at org.springframework.test.context.support.DefaultTestContext.getApplicationContext(DefaultTestContext.java:83) [spring-test-4.3.8.RELEASE.jar:4.3.8.RELEASE]
	at org.springframework.boot.test.autoconfigure.SpringBootDependencyInjectionTestExecutionListener.prepareTestInstance(SpringBootDependencyInjectionTestExecutionListener.java:47) [spring-boot-test-autoconfigure-1.5.3.RELEASE.jar:1.5.3.RELEASE]
	at org.springframework.test.context.TestContextManager.prepareTestInstance(TestContextManager.java:230) [spring-test-4.3.8.RELEASE.jar:4.3.8.RELEASE]
	at org.springframework.test.context.junit4.SpringJUnit4ClassRunner.createTest(SpringJUnit4ClassRunner.java:228) [spring-test-4.3.8.RELEASE.jar:4.3.8.RELEASE]
	at org.springframework.test.context.junit4.SpringJUnit4ClassRunner$1.runReflectiveCall(SpringJUnit4ClassRunner.java:287) [spring-test-4.3.8.RELEASE.jar:4.3.8.RELEASE]
	at org.junit.internal.runners.model.ReflectiveCallable.run(ReflectiveCallable.java:12) [junit-4.12.jar:4.12]
	at org.springframework.test.context.junit4.SpringJUnit4ClassRunner.methodBlock(SpringJUnit4ClassRunner.java:289) [spring-test-4.3.8.RELEASE.jar:4.3.8.RELEASE]
	at org.springframework.test.context.junit4.SpringJUnit4ClassRunner.runChild(SpringJUnit4ClassRunner.java:247) [spring-test-4.3.8.RELEASE.jar:4.3.8.RELEASE]
	at org.springframework.test.context.junit4.SpringJUnit4ClassRunner.runChild(SpringJUnit4ClassRunner.java:94) [spring-test-4.3.8.RELEASE.jar:4.3.8.RELEASE]
	at org.junit.runners.ParentRunner$3.run(ParentRunner.java:290) [junit-4.12.jar:4.12]
	at org.junit.runners.ParentRunner$1.schedule(ParentRunner.java:71) [junit-4.12.jar:4.12]
	at org.junit.runners.ParentRunner.runChildren(ParentRunner.java:288) [junit-4.12.jar:4.12]
	at org.junit.runners.ParentRunner.access$000(ParentRunner.java:58) [junit-4.12.jar:4.12]
	at org.junit.runners.ParentRunner$2.evaluate(ParentRunner.java:268) [junit-4.12.jar:4.12]
	at org.springframework.test.context.junit4.statements.RunBeforeTestClassCallbacks.evaluate(RunBeforeTestClassCallbacks.java:61) [spring-test-4.3.8.RELEASE.jar:4.3.8.RELEASE]
	at org.springframework.test.context.junit4.statements.RunAfterTestClassCallbacks.evaluate(RunAfterTestClassCallbacks.java:70) [spring-test-4.3.8.RELEASE.jar:4.3.8.RELEASE]
	at org.junit.runners.ParentRunner.run(ParentRunner.java:363) [junit-4.12.jar:4.12]
	at org.springframework.test.context.junit4.SpringJUnit4ClassRunner.run(SpringJUnit4ClassRunner.java:191) [spring-test-4.3.8.RELEASE.jar:4.3.8.RELEASE]
	at org.apache.maven.surefire.junit4.JUnit4Provider.execute(JUnit4Provider.java:365) [surefire-junit4-2.20.jar:2.20]
	at org.apache.maven.surefire.junit4.JUnit4Provider.executeWithRerun(JUnit4Provider.java:272) [surefire-junit4-2.20.jar:2.20]
	at org.apache.maven.surefire.junit4.JUnit4Provider.executeTestSet(JUnit4Provider.java:236) [surefire-junit4-2.20.jar:2.20]
	at org.apache.maven.surefire.junit4.JUnit4Provider.invoke(JUnit4Provider.java:159) [surefire-junit4-2.20.jar:2.20]
	at org.apache.maven.surefire.booter.ForkedBooter.invokeProviderInSameClassLoader(ForkedBooter.java:386) [surefire-booter-2.20.jar:2.20]
	at org.apache.maven.surefire.booter.ForkedBooter.runSuitesInProcess(ForkedBooter.java:323) [surefire-booter-2.20.jar:2.20]
	at org.apache.maven.surefire.booter.ForkedBooter.main(ForkedBooter.java:143) [surefire-booter-2.20.jar:2.20]
Caused by: org.apache.catalina.LifecycleException: service.getName(): "Tomcat";  Protocol handler start failed
	at org.apache.catalina.connector.Connector.startInternal(Connector.java:1000) ~[tomcat-embed-core-8.5.14.jar:8.5.14]
	at org.apache.catalina.util.LifecycleBase.start(LifecycleBase.java:150) ~[tomcat-embed-core-8.5.14.jar:8.5.14]
	... 38 common frames omitted
Caused by: java.net.BindException: Address already in use: bind
	at sun.nio.ch.Net.bind0(Native Method) ~[na:1.8.0_191]
	at sun.nio.ch.Net.bind(Net.java:433) ~[na:1.8.0_191]
	at sun.nio.ch.Net.bind(Net.java:425) ~[na:1.8.0_191]
	at sun.nio.ch.ServerSocketChannelImpl.bind(ServerSocketChannelImpl.java:223) ~[na:1.8.0_191]
	at sun.nio.ch.ServerSocketAdaptor.bind(ServerSocketAdaptor.java:74) ~[na:1.8.0_191]
	at org.apache.tomcat.util.net.NioEndpoint.bind(NioEndpoint.java:210) ~[tomcat-embed-core-8.5.14.jar:8.5.14]
	at org.apache.tomcat.util.net.AbstractEndpoint.start(AbstractEndpoint.java:978) ~[tomcat-embed-core-8.5.14.jar:8.5.14]
	at org.apache.coyote.AbstractProtocol.start(AbstractProtocol.java:628) ~[tomcat-embed-core-8.5.14.jar:8.5.14]
	at org.apache.catalina.connector.Connector.startInternal(Connector.java:993) ~[tomcat-embed-core-8.5.14.jar:8.5.14]
	... 39 common frames omitted

2018-12-22 13:24:20.513  INFO 11736 --- [           main] o.apache.catalina.core.StandardService   : Stopping service Tomcat
2018-12-22 13:24:20.515  INFO 11736 --- [           main] utoConfigurationReportLoggingInitializer : 

Error starting ApplicationContext. To display the auto-configuration report re-run your application with 'debug' enabled.
2018-12-22 13:24:20.515 ERROR 11736 --- [           main] o.s.b.d.LoggingFailureAnalysisReporter   : 

***************************
APPLICATION FAILED TO START
***************************

Description:

The Tomcat connector configured to listen on port 8080 failed to start. The port may already be in use or the connector may be misconfigured.

Action:

Verify the connector's configuration, identify and stop any process that's listening on port 8080, or configure this application to listen on another port.

2018-12-22 13:24:20.515  INFO 11736 --- [           main] ationConfigEmbeddedWebApplicationContext : Closing org.springframework.boot.context.embedded.AnnotationConfigEmbeddedWebApplicationContext@69438260: startup date [Sat Dec 22 13:24:18 IST 2018]; root of context hierarchy
2018-12-22 13:24:20.515  INFO 11736 --- [           main] o.z.vogon.web.PersistenceConfiguration   : Unloading JDBC drivers
2018-12-22 13:24:20.515  INFO 11736 --- [           main] j.LocalContainerEntityManagerFactoryBean : Closing JPA EntityManagerFactory for persistence unit 'VogonPU'
2018-12-22 13:24:20.515  INFO 11736 --- [           main] org.hibernate.orm.connections.pooling    : HHH10001008: Cleaning up connection pool [jdbc:h2:mem:test]
2018-12-22 13:24:20.515 ERROR 11736 --- [           main] o.s.test.context.TestContextManager      : Caught exception while allowing TestExecutionListener [org.springframework.boot.test.autoconfigure.SpringBootDependencyInjectionTestExecutionListener@482cd077] to prepare test instance [org.zlogic.vogon.web.TransactionsControllerWriteTest@5c9defad]

java.lang.IllegalStateException: Failed to load ApplicationContext
	at org.springframework.test.context.cache.DefaultCacheAwareContextLoaderDelegate.loadContext(DefaultCacheAwareContextLoaderDelegate.java:124) ~[spring-test-4.3.8.RELEASE.jar:4.3.8.RELEASE]
	at org.springframework.test.context.support.DefaultTestContext.getApplicationContext(DefaultTestContext.java:83) ~[spring-test-4.3.8.RELEASE.jar:4.3.8.RELEASE]
	at org.springframework.boot.test.autoconfigure.SpringBootDependencyInjectionTestExecutionListener.prepareTestInstance(SpringBootDependencyInjectionTestExecutionListener.java:47) ~[spring-boot-test-autoconfigure-1.5.3.RELEASE.jar:1.5.3.RELEASE]
	at org.springframework.test.context.TestContextManager.prepareTestInstance(TestContextManager.java:230) ~[spring-test-4.3.8.RELEASE.jar:4.3.8.RELEASE]
	at org.springframework.test.context.junit4.SpringJUnit4ClassRunner.createTest(SpringJUnit4ClassRunner.java:228) [spring-test-4.3.8.RELEASE.jar:4.3.8.RELEASE]
	at org.springframework.test.context.junit4.SpringJUnit4ClassRunner$1.runReflectiveCall(SpringJUnit4ClassRunner.java:287) [spring-test-4.3.8.RELEASE.jar:4.3.8.RELEASE]
	at org.junit.internal.runners.model.ReflectiveCallable.run(ReflectiveCallable.java:12) [junit-4.12.jar:4.12]
	at org.springframework.test.context.junit4.SpringJUnit4ClassRunner.methodBlock(SpringJUnit4ClassRunner.java:289) [spring-test-4.3.8.RELEASE.jar:4.3.8.RELEASE]
	at org.springframework.test.context.junit4.SpringJUnit4ClassRunner.runChild(SpringJUnit4ClassRunner.java:247) [spring-test-4.3.8.RELEASE.jar:4.3.8.RELEASE]
	at org.springframework.test.context.junit4.SpringJUnit4ClassRunner.runChild(SpringJUnit4ClassRunner.java:94) [spring-test-4.3.8.RELEASE.jar:4.3.8.RELEASE]
	at org.junit.runners.ParentRunner$3.run(ParentRunner.java:290) [junit-4.12.jar:4.12]
	at org.junit.runners.ParentRunner$1.schedule(ParentRunner.java:71) [junit-4.12.jar:4.12]
	at org.junit.runners.ParentRunner.runChildren(ParentRunner.java:288) [junit-4.12.jar:4.12]
	at org.junit.runners.ParentRunner.access$000(ParentRunner.java:58) [junit-4.12.jar:4.12]
	at org.junit.runners.ParentRunner$2.evaluate(ParentRunner.java:268) [junit-4.12.jar:4.12]
	at org.springframework.test.context.junit4.statements.RunBeforeTestClassCallbacks.evaluate(RunBeforeTestClassCallbacks.java:61) [spring-test-4.3.8.RELEASE.jar:4.3.8.RELEASE]
	at org.springframework.test.context.junit4.statements.RunAfterTestClassCallbacks.evaluate(RunAfterTestClassCallbacks.java:70) [spring-test-4.3.8.RELEASE.jar:4.3.8.RELEASE]
	at org.junit.runners.ParentRunner.run(ParentRunner.java:363) [junit-4.12.jar:4.12]
	at org.springframework.test.context.junit4.SpringJUnit4ClassRunner.run(SpringJUnit4ClassRunner.java:191) [spring-test-4.3.8.RELEASE.jar:4.3.8.RELEASE]
	at org.apache.maven.surefire.junit4.JUnit4Provider.execute(JUnit4Provider.java:365) [surefire-junit4-2.20.jar:2.20]
	at org.apache.maven.surefire.junit4.JUnit4Provider.executeWithRerun(JUnit4Provider.java:272) [surefire-junit4-2.20.jar:2.20]
	at org.apache.maven.surefire.junit4.JUnit4Provider.executeTestSet(JUnit4Provider.java:236) [surefire-junit4-2.20.jar:2.20]
	at org.apache.maven.surefire.junit4.JUnit4Provider.invoke(JUnit4Provider.java:159) [surefire-junit4-2.20.jar:2.20]
	at org.apache.maven.surefire.booter.ForkedBooter.invokeProviderInSameClassLoader(ForkedBooter.java:386) [surefire-booter-2.20.jar:2.20]
	at org.apache.maven.surefire.booter.ForkedBooter.runSuitesInProcess(ForkedBooter.java:323) [surefire-booter-2.20.jar:2.20]
	at org.apache.maven.surefire.booter.ForkedBooter.main(ForkedBooter.java:143) [surefire-booter-2.20.jar:2.20]
Caused by: org.springframework.boot.context.embedded.tomcat.ConnectorStartFailedException: Connector configured to listen on port 8080 failed to start
	at org.springframework.boot.context.embedded.tomcat.TomcatEmbeddedServletContainer.checkThatConnectorsHaveStarted(TomcatEmbeddedServletContainer.java:219) ~[spring-boot-1.5.3.RELEASE.jar:1.5.3.RELEASE]
	at org.springframework.boot.context.embedded.tomcat.TomcatEmbeddedServletContainer.start(TomcatEmbeddedServletContainer.java:195) ~[spring-boot-1.5.3.RELEASE.jar:1.5.3.RELEASE]
	at org.springframework.boot.context.embedded.EmbeddedWebApplicationContext.startEmbeddedServletContainer(EmbeddedWebApplicationContext.java:297) ~[spring-boot-1.5.3.RELEASE.jar:1.5.3.RELEASE]
	at org.springframework.boot.context.embedded.EmbeddedWebApplicationContext.finishRefresh(EmbeddedWebApplicationContext.java:145) ~[spring-boot-1.5.3.RELEASE.jar:1.5.3.RELEASE]
	at org.springframework.context.support.AbstractApplicationContext.refresh(AbstractApplicationContext.java:545) ~[spring-context-4.3.8.RELEASE.jar:4.3.8.RELEASE]
	at org.springframework.boot.context.embedded.EmbeddedWebApplicationContext.refresh(EmbeddedWebApplicationContext.java:122) ~[spring-boot-1.5.3.RELEASE.jar:1.5.3.RELEASE]
	at org.springframework.boot.SpringApplication.refresh(SpringApplication.java:737) ~[spring-boot-1.5.3.RELEASE.jar:1.5.3.RELEASE]
	at org.springframework.boot.SpringApplication.refreshContext(SpringApplication.java:370) ~[spring-boot-1.5.3.RELEASE.jar:1.5.3.RELEASE]
	at org.springframework.boot.SpringApplication.run(SpringApplication.java:314) ~[spring-boot-1.5.3.RELEASE.jar:1.5.3.RELEASE]
	at org.springframework.boot.test.context.SpringBootContextLoader.loadContext(SpringBootContextLoader.java:120) ~[spring-boot-test-1.5.3.RELEASE.jar:1.5.3.RELEASE]
	at org.springframework.test.context.cache.DefaultCacheAwareContextLoaderDelegate.loadContextInternal(DefaultCacheAwareContextLoaderDelegate.java:98) ~[spring-test-4.3.8.RELEASE.jar:4.3.8.RELEASE]
	at org.springframework.test.context.cache.DefaultCacheAwareContextLoaderDelegate.loadContext(DefaultCacheAwareContextLoaderDelegate.java:116) ~[spring-test-4.3.8.RELEASE.jar:4.3.8.RELEASE]
	... 25 common frames omitted

]]></system-out>
  </testcase>
  <testcase name="testChangeAccountsBadToken" classname="org.zlogic.vogon.web.TransactionsControllerWriteTest" time="0">
    <error message="Failed to load ApplicationContext" type="java.lang.IllegalStateException">java.lang.IllegalStateException: Failed to load ApplicationContext
Caused by: org.springframework.boot.context.embedded.tomcat.ConnectorStartFailedException: Connector configured to listen on port 8080 failed to start
</error>
    <system-out><![CDATA[
  .   ____          _            __ _ _
 /\\ / ___'_ __ _ _(_)_ __  __ _ \ \ \ \
( ( )\___ | '_ | '_| | '_ \/ _` | \ \ \ \
 \\/  ___)| |_)| | | | | || (_| |  ) ) ) )
  '  |____| .__|_| |_|_| |_\__, | / / / /
 =========|_|==============|___/=/_/_/_/
 :: Spring Boot ::        (v1.5.3.RELEASE)

2018-12-22 13:24:20.570  INFO 11736 --- [           main] o.z.v.w.TransactionsControllerWriteTest  : Starting TransactionsControllerWriteTest on GOPAL with PID 11736 (started by GOPAL$ in C:\Program Files (x86)\Jenkins\workspace\Maven_project\vogon-web)
2018-12-22 13:24:20.570  INFO 11736 --- [           main] o.z.v.w.TransactionsControllerWriteTest  : No active profile set, falling back to default profiles: default
2018-12-22 13:24:20.572  INFO 11736 --- [           main] ationConfigEmbeddedWebApplicationContext : Refreshing org.springframework.boot.context.embedded.AnnotationConfigEmbeddedWebApplicationContext@1c79d307: startup date [Sat Dec 22 13:24:20 IST 2018]; root of context hierarchy
2018-12-22 13:24:20.885  INFO 11736 --- [           main] o.s.b.f.s.DefaultListableBeanFactory     : Overriding bean definition for bean 'entityManagerFactory' with a different definition: replacing [Root bean: class [null]; scope=; abstract=false; lazyInit=false; autowireMode=3; dependencyCheck=0; autowireCandidate=true; primary=false; factoryBeanName=persistenceConfiguration; factoryMethodName=entityManagerFactory; initMethodName=null; destroyMethodName=(inferred); defined in class path resource [org/zlogic/vogon/web/PersistenceConfiguration.class]] with [Root bean: class [null]; scope=; abstract=false; lazyInit=false; autowireMode=3; dependencyCheck=0; autowireCandidate=true; primary=false; factoryBeanName=databaseConfiguration; factoryMethodName=entityManagerFactory; initMethodName=null; destroyMethodName=(inferred); defined in org.zlogic.vogon.web.DatabaseConfiguration]
2018-12-22 13:24:21.021  INFO 11736 --- [           main] trationDelegate$BeanPostProcessorChecker : Bean 'org.springframework.security.config.annotation.configuration.ObjectPostProcessorConfiguration' of type [org.springframework.security.config.annotation.configuration.ObjectPostProcessorConfiguration$$EnhancerBySpringCGLIB$$be8c3acc] is not eligible for getting processed by all BeanPostProcessors (for example: not eligible for auto-proxying)
2018-12-22 13:24:21.025  INFO 11736 --- [           main] trationDelegate$BeanPostProcessorChecker : Bean 'objectPostProcessor' of type [org.springframework.security.config.annotation.configuration.AutowireBeanFactoryObjectPostProcessor] is not eligible for getting processed by all BeanPostProcessors (for example: not eligible for auto-proxying)
2018-12-22 13:24:21.026  INFO 11736 --- [           main] trationDelegate$BeanPostProcessorChecker : Bean 'org.springframework.security.access.expression.method.DefaultMethodSecurityExpressionHandler@73fe0a55' of type [org.springframework.security.oauth2.provider.expression.OAuth2MethodSecurityExpressionHandler] is not eligible for getting processed by all BeanPostProcessors (for example: not eligible for auto-proxying)
2018-12-22 13:24:21.031  INFO 11736 --- [           main] trationDelegate$BeanPostProcessorChecker : Bean 'org.springframework.security.config.annotation.method.configuration.GlobalMethodSecurityConfiguration' of type [org.springframework.security.config.annotation.method.configuration.GlobalMethodSecurityConfiguration$$EnhancerBySpringCGLIB$$e360dd7e] is not eligible for getting processed by all BeanPostProcessors (for example: not eligible for auto-proxying)
2018-12-22 13:24:21.033  INFO 11736 --- [           main] trationDelegate$BeanPostProcessorChecker : Bean 'methodSecurityMetadataSource' of type [org.springframework.security.access.method.DelegatingMethodSecurityMetadataSource] is not eligible for getting processed by all BeanPostProcessors (for example: not eligible for auto-proxying)
2018-12-22 13:24:21.039  INFO 11736 --- [           main] trationDelegate$BeanPostProcessorChecker : Bean 'org.springframework.transaction.annotation.ProxyTransactionManagementConfiguration' of type [org.springframework.transaction.annotation.ProxyTransactionManagementConfiguration$$EnhancerBySpringCGLIB$$25de7292] is not eligible for getting processed by all BeanPostProcessors (for example: not eligible for auto-proxying)
2018-12-22 13:24:21.052  INFO 11736 --- [           main] trationDelegate$BeanPostProcessorChecker : Bean 'security.oauth2.client-org.springframework.boot.autoconfigure.security.oauth2.OAuth2ClientProperties' of type [org.springframework.boot.autoconfigure.security.oauth2.OAuth2ClientProperties] is not eligible for getting processed by all BeanPostProcessors (for example: not eligible for auto-proxying)
2018-12-22 13:24:21.054  INFO 11736 --- [           main] trationDelegate$BeanPostProcessorChecker : Bean 'org.springframework.boot.autoconfigure.security.oauth2.OAuth2AutoConfiguration' of type [org.springframework.boot.autoconfigure.security.oauth2.OAuth2AutoConfiguration$$EnhancerBySpringCGLIB$$dd282e92] is not eligible for getting processed by all BeanPostProcessors (for example: not eligible for auto-proxying)
2018-12-22 13:24:21.058  INFO 11736 --- [           main] trationDelegate$BeanPostProcessorChecker : Bean 'resourceServerProperties' of type [org.springframework.boot.autoconfigure.security.oauth2.resource.ResourceServerProperties] is not eligible for getting processed by all BeanPostProcessors (for example: not eligible for auto-proxying)
2018-12-22 13:24:21.091  INFO 11736 --- [           main] org.zlogic.vogon.web.TomcatConfigurer    : Using keystore C:\Program Files (x86)\Jenkins\workspace\Maven_project\vogon-web\target/vogonweb.keystore with password ********
2018-12-22 13:24:21.112  INFO 11736 --- [           main] s.b.c.e.t.TomcatEmbeddedServletContainer : Tomcat initialized with port(s): 8080 (http) 8443 (https)
2018-12-22 13:24:21.112  INFO 11736 --- [           main] o.apache.catalina.core.StandardService   : Starting service Tomcat
2018-12-22 13:24:21.113  INFO 11736 --- [           main] org.apache.catalina.core.StandardEngine  : Starting Servlet Engine: Apache Tomcat/8.5.14
2018-12-22 13:24:21.130  INFO 11736 --- [ost-startStop-1] org.apache.jasper.servlet.TldScanner     : At least one JAR was scanned for TLDs yet contained no TLDs. Enable debug logging for this logger for a complete list of JARs that were scanned but no TLDs were found in them. Skipping unneeded JARs during scanning can improve startup time and JSP compilation time.
2018-12-22 13:24:21.130  INFO 11736 --- [ost-startStop-1] o.a.c.c.C.[Tomcat-154].[localhost].[/]   : Initializing Spring embedded WebApplicationContext
2018-12-22 13:24:21.130  INFO 11736 --- [ost-startStop-1] o.s.web.context.ContextLoader            : Root WebApplicationContext: initialization completed in 559 ms
2018-12-22 13:24:21.281  INFO 11736 --- [ost-startStop-1] o.s.b.w.servlet.FilterRegistrationBean   : Mapping filter: 'metricsFilter' to: [/*]
2018-12-22 13:24:21.281  INFO 11736 --- [ost-startStop-1] o.s.b.w.servlet.FilterRegistrationBean   : Mapping filter: 'characterEncodingFilter' to: [/*]
2018-12-22 13:24:21.281  INFO 11736 --- [ost-startStop-1] o.s.b.w.servlet.FilterRegistrationBean   : Mapping filter: 'hiddenHttpMethodFilter' to: [/*]
2018-12-22 13:24:21.281  INFO 11736 --- [ost-startStop-1] o.s.b.w.servlet.FilterRegistrationBean   : Mapping filter: 'httpPutFormContentFilter' to: [/*]
2018-12-22 13:24:21.281  INFO 11736 --- [ost-startStop-1] o.s.b.w.servlet.FilterRegistrationBean   : Mapping filter: 'requestContextFilter' to: [/*]
2018-12-22 13:24:21.281  INFO 11736 --- [ost-startStop-1] .s.DelegatingFilterProxyRegistrationBean : Mapping filter: 'springSecurityFilterChain' to: [/*]
2018-12-22 13:24:21.281  INFO 11736 --- [ost-startStop-1] o.s.b.w.servlet.FilterRegistrationBean   : Mapping filter: 'webRequestLoggingFilter' to: [/*]
2018-12-22 13:24:21.281  INFO 11736 --- [ost-startStop-1] o.s.b.w.servlet.FilterRegistrationBean   : Mapping filter: 'applicationContextIdFilter' to: [/*]
2018-12-22 13:24:21.281  INFO 11736 --- [ost-startStop-1] o.s.b.w.servlet.ServletRegistrationBean  : Mapping servlet: 'dispatcherServlet' to [/]
2018-12-22 13:24:21.296  INFO 11736 --- [           main] j.LocalContainerEntityManagerFactoryBean : Building JPA container EntityManagerFactory for persistence unit 'VogonPU'
2018-12-22 13:24:21.296  INFO 11736 --- [           main] o.hibernate.jpa.internal.util.LogHelper  : HHH000204: Processing PersistenceUnitInfo [
	name: VogonPU
	...]
2018-12-22 13:24:21.296  WARN 11736 --- [           main] org.hibernate.orm.connections.pooling    : HHH10001002: Using Hibernate built-in connection pool (not for production use!)
2018-12-22 13:24:21.296  INFO 11736 --- [           main] org.hibernate.orm.connections.pooling    : HHH10001005: using driver [org.h2.Driver] at URL [jdbc:h2:mem:test]
2018-12-22 13:24:21.296  INFO 11736 --- [           main] org.hibernate.orm.connections.pooling    : HHH10001001: Connection properties: {}
2018-12-22 13:24:21.296  INFO 11736 --- [           main] org.hibernate.orm.connections.pooling    : HHH10001003: Autocommit mode: false
2018-12-22 13:24:21.296  INFO 11736 --- [           main] .c.i.DriverManagerConnectionProviderImpl : HHH000115: Hibernate connection pool size: 20 (min=1)
2018-12-22 13:24:21.296  INFO 11736 --- [           main] org.hibernate.dialect.Dialect            : HHH000400: Using dialect: org.hibernate.dialect.H2Dialect
2018-12-22 13:24:21.320  INFO 11736 --- [           main] org.hibernate.orm.connections.access     : HHH10001501: Connection obtained from JdbcConnectionAccess [org.hibernate.engine.jdbc.env.internal.JdbcEnvironmentInitiator$ConnectionProviderJdbcConnectionAccess@3b2521fb] for (non-JTA) DDL execution was not in auto-commit mode; the Connection 'local transaction' will be committed and the Connection will be set into auto-commit mode.
2018-12-22 13:24:21.326  INFO 11736 --- [           main] j.LocalContainerEntityManagerFactoryBean : Initialized JPA EntityManagerFactory for persistence unit 'VogonPU'
2018-12-22 13:24:21.613  INFO 11736 --- [           main] .s.o.p.e.FrameworkEndpointHandlerMapping : Mapped "{[/oauth/authorize]}" onto public org.springframework.web.servlet.ModelAndView org.springframework.security.oauth2.provider.endpoint.AuthorizationEndpoint.authorize(java.util.Map<java.lang.String, java.lang.Object>,java.util.Map<java.lang.String, java.lang.String>,org.springframework.web.bind.support.SessionStatus,java.security.Principal)
2018-12-22 13:24:21.615  INFO 11736 --- [           main] .s.o.p.e.FrameworkEndpointHandlerMapping : Mapped "{[/oauth/authorize],methods=[POST],params=[user_oauth_approval]}" onto public org.springframework.web.servlet.View org.springframework.security.oauth2.provider.endpoint.AuthorizationEndpoint.approveOrDeny(java.util.Map<java.lang.String, java.lang.String>,java.util.Map<java.lang.String, ?>,org.springframework.web.bind.support.SessionStatus,java.security.Principal)
2018-12-22 13:24:21.615  INFO 11736 --- [           main] .s.o.p.e.FrameworkEndpointHandlerMapping : Mapped "{[/oauth/token],methods=[GET]}" onto public org.springframework.http.ResponseEntity<org.springframework.security.oauth2.common.OAuth2AccessToken> org.springframework.security.oauth2.provider.endpoint.TokenEndpoint.getAccessToken(java.security.Principal,java.util.Map<java.lang.String, java.lang.String>) throws org.springframework.web.HttpRequestMethodNotSupportedException
2018-12-22 13:24:21.615  INFO 11736 --- [           main] .s.o.p.e.FrameworkEndpointHandlerMapping : Mapped "{[/oauth/token],methods=[POST]}" onto public org.springframework.http.ResponseEntity<org.springframework.security.oauth2.common.OAuth2AccessToken> org.springframework.security.oauth2.provider.endpoint.TokenEndpoint.postAccessToken(java.security.Principal,java.util.Map<java.lang.String, java.lang.String>) throws org.springframework.web.HttpRequestMethodNotSupportedException
2018-12-22 13:24:21.615  INFO 11736 --- [           main] .s.o.p.e.FrameworkEndpointHandlerMapping : Mapped "{[/oauth/check_token]}" onto public java.util.Map<java.lang.String, ?> org.springframework.security.oauth2.provider.endpoint.CheckTokenEndpoint.checkToken(java.lang.String)
2018-12-22 13:24:21.615  INFO 11736 --- [           main] .s.o.p.e.FrameworkEndpointHandlerMapping : Mapped "{[/oauth/confirm_access]}" onto public org.springframework.web.servlet.ModelAndView org.springframework.security.oauth2.provider.endpoint.WhitelabelApprovalEndpoint.getAccessConfirmation(java.util.Map<java.lang.String, java.lang.Object>,javax.servlet.http.HttpServletRequest) throws java.lang.Exception
2018-12-22 13:24:21.615  INFO 11736 --- [           main] .s.o.p.e.FrameworkEndpointHandlerMapping : Mapped "{[/oauth/error]}" onto public org.springframework.web.servlet.ModelAndView org.springframework.security.oauth2.provider.endpoint.WhitelabelErrorEndpoint.handleError(javax.servlet.http.HttpServletRequest)
2018-12-22 13:24:21.808  INFO 11736 --- [           main] o.s.s.web.DefaultSecurityFilterChain     : Creating filter chain: OrRequestMatcher [requestMatchers=[Ant [pattern='/oauth/token'], Ant [pattern='/oauth/token_key'], Ant [pattern='/oauth/check_token']]], [org.springframework.security.web.context.request.async.WebAsyncManagerIntegrationFilter@4653165, org.springframework.security.web.context.SecurityContextPersistenceFilter@7d88a7e3, org.springframework.security.web.header.HeaderWriterFilter@21774fb0, org.springframework.security.web.authentication.logout.LogoutFilter@3ad4e343, org.springframework.security.oauth2.provider.client.ClientCredentialsTokenEndpointFilter@2b4bd579, org.springframework.security.web.authentication.www.BasicAuthenticationFilter@7fdac7ab, org.springframework.security.web.savedrequest.RequestCacheAwareFilter@7d56656a, org.springframework.security.web.servletapi.SecurityContextHolderAwareRequestFilter@6647afbf, org.springframework.security.web.authentication.AnonymousAuthenticationFilter@131f2838, org.springframework.security.web.session.SessionManagementFilter@6af6d73b, org.springframework.security.web.access.ExceptionTranslationFilter@1a835bbb, org.springframework.security.web.access.intercept.FilterSecurityInterceptor@5e2cde60]
2018-12-22 13:24:21.809  INFO 11736 --- [           main] o.s.s.web.DefaultSecurityFilterChain     : Creating filter chain: org.springframework.boot.actuate.autoconfigure.ManagementWebSecurityAutoConfiguration$LazyEndpointPathRequestMatcher@64cb89c0, [org.springframework.security.web.context.request.async.WebAsyncManagerIntegrationFilter@49d0eb55, org.springframework.security.web.context.SecurityContextPersistenceFilter@79442168, org.springframework.security.web.header.HeaderWriterFilter@50ddf0af, org.springframework.security.web.authentication.logout.LogoutFilter@263e76d8, org.springframework.security.web.authentication.www.BasicAuthenticationFilter@129de2f1, org.springframework.security.web.savedrequest.RequestCacheAwareFilter@43115c22, org.springframework.security.web.servletapi.SecurityContextHolderAwareRequestFilter@7cf68467, org.springframework.security.web.authentication.AnonymousAuthenticationFilter@26f41df5, org.springframework.security.web.session.SessionManagementFilter@1ee88f5e, org.springframework.security.web.access.ExceptionTranslationFilter@1d44e57f, org.springframework.security.web.access.intercept.FilterSecurityInterceptor@3dea543e]
2018-12-22 13:24:21.815  INFO 11736 --- [           main] o.s.s.w.a.c.ChannelProcessingFilter      : Validated configuration attributes
2018-12-22 13:24:21.815  INFO 11736 --- [           main] o.s.s.web.DefaultSecurityFilterChain     : Creating filter chain: org.springframework.security.oauth2.config.annotation.web.configuration.ResourceServerConfiguration$NotOAuthRequestMatcher@6a49bc97, [org.springframework.security.web.access.channel.ChannelProcessingFilter@1ecc990e, org.springframework.security.web.context.request.async.WebAsyncManagerIntegrationFilter@2af7a1d6, org.springframework.security.web.context.SecurityContextPersistenceFilter@12608554, org.springframework.security.web.header.HeaderWriterFilter@7ea1295, org.springframework.security.web.authentication.logout.LogoutFilter@66b63343, org.springframework.security.oauth2.provider.authentication.OAuth2AuthenticationProcessingFilter@20a90e4a, org.springframework.security.web.savedrequest.RequestCacheAwareFilter@77a9e8bb, org.springframework.security.web.servletapi.SecurityContextHolderAwareRequestFilter@20802261, org.springframework.security.web.authentication.AnonymousAuthenticationFilter@67db777a, org.springframework.security.web.session.SessionManagementFilter@109add57, org.springframework.security.web.access.ExceptionTranslationFilter@7bb3d3f0, org.springframework.security.web.access.intercept.FilterSecurityInterceptor@1a3f0479]
2018-12-22 13:24:21.905  INFO 11736 --- [           main] s.w.s.m.m.a.RequestMappingHandlerAdapter : Looking for @ControllerAdvice: org.springframework.boot.context.embedded.AnnotationConfigEmbeddedWebApplicationContext@1c79d307: startup date [Sat Dec 22 13:24:20 IST 2018]; root of context hierarchy
2018-12-22 13:24:21.918  INFO 11736 --- [           main] s.w.s.m.m.a.RequestMappingHandlerMapping : Mapped "{[/service/accounts],methods=[GET],produces=[application/json]}" onto public java.util.Collection<org.zlogic.vogon.data.FinanceAccount> org.zlogic.vogon.web.controller.AccountsController.getAllAccounts(org.zlogic.vogon.web.security.VogonSecurityUser)
2018-12-22 13:24:21.918  INFO 11736 --- [           main] s.w.s.m.m.a.RequestMappingHandlerMapping : Mapped "{[/service/accounts],methods=[POST],produces=[application/json]}" onto public java.util.Collection<org.zlogic.vogon.data.FinanceAccount> org.zlogic.vogon.web.controller.AccountsController.updateAccounts(java.util.Collection<org.zlogic.vogon.data.FinanceAccount>,org.zlogic.vogon.web.security.VogonSecurityUser)
2018-12-22 13:24:21.919  INFO 11736 --- [           main] s.w.s.m.m.a.RequestMappingHandlerMapping : Mapped "{[/service/analytics/tags],methods=[GET],produces=[application/json]}" onto public java.util.Set<java.lang.String> org.zlogic.vogon.web.controller.AnalyticsController.getAllTags(org.zlogic.vogon.web.security.VogonSecurityUser)
2018-12-22 13:24:21.919  INFO 11736 --- [           main] s.w.s.m.m.a.RequestMappingHandlerMapping : Mapped "{[/service/analytics],methods=[POST],produces=[application/json]}" onto public java.util.Map<java.lang.String, org.zlogic.vogon.data.report.Report> org.zlogic.vogon.web.controller.AnalyticsController.getReport(org.zlogic.vogon.data.report.ReportFactory,org.zlogic.vogon.web.security.VogonSecurityUser)
2018-12-22 13:24:21.919  INFO 11736 --- [           main] s.w.s.m.m.a.RequestMappingHandlerMapping : Mapped "{[/service/currencies],methods=[GET],produces=[application/json]}" onto public java.util.Collection<org.zlogic.vogon.web.data.model.CurrencyDetails> org.zlogic.vogon.web.controller.CurrenciesController.getAllCurrencies()
2018-12-22 13:24:21.919  INFO 11736 --- [           main] s.w.s.m.m.a.RequestMappingHandlerMapping : Mapped "{[/service/export],methods=[GET || POST]}" onto public org.springframework.http.HttpEntity<byte[]> org.zlogic.vogon.web.controller.DataController.exportDataJSON(org.zlogic.vogon.web.security.VogonSecurityUser) throws java.lang.RuntimeException
2018-12-22 13:24:21.919  INFO 11736 --- [           main] s.w.s.m.m.a.RequestMappingHandlerMapping : Mapped "{[/service/import],methods=[POST],consumes=[multipart/form-data],produces=[application/json]}" onto public java.lang.Boolean org.zlogic.vogon.web.controller.DataController.importData(org.springframework.web.multipart.MultipartFile,org.zlogic.vogon.web.security.VogonSecurityUser) throws java.lang.RuntimeException
2018-12-22 13:24:21.919  INFO 11736 --- [           main] s.w.s.m.m.a.RequestMappingHandlerMapping : Mapped "{[/fragments/{fragment}.fragment]}" onto public org.springframework.web.servlet.ModelAndView org.zlogic.vogon.web.controller.JspController.fragmentModelAndView(java.lang.String)
2018-12-22 13:24:21.919  INFO 11736 --- [           main] s.w.s.m.m.a.RequestMappingHandlerMapping : Mapped "{[/]}" onto public org.springframework.web.servlet.ModelAndView org.zlogic.vogon.web.controller.JspController.indexModelAndView()
2018-12-22 13:24:21.919  INFO 11736 --- [           main] s.w.s.m.m.a.RequestMappingHandlerMapping : Mapped "{[/oauth/logout],methods=[POST]}" onto public void org.zlogic.vogon.web.controller.LogoutController.logout(org.springframework.security.oauth2.provider.OAuth2Authentication) throws org.zlogic.vogon.web.security.UsernameExistsException
2018-12-22 13:24:21.919  INFO 11736 --- [           main] s.w.s.m.m.a.RequestMappingHandlerMapping : Mapped "{[/register],methods=[POST],produces=[application/json]}" onto public org.zlogic.vogon.data.VogonUser org.zlogic.vogon.web.controller.RegistrationController.register(org.zlogic.vogon.data.VogonUser) throws org.zlogic.vogon.web.security.UsernameExistsException
2018-12-22 13:24:21.919  INFO 11736 --- [           main] s.w.s.m.m.a.RequestMappingHandlerMapping : Mapped "{[/service/transactions/transaction/{id}],methods=[GET],produces=[application/json]}" onto public org.zlogic.vogon.web.data.model.FinanceTransactionJson org.zlogic.vogon.web.controller.TransactionsController.getTransaction(long,org.zlogic.vogon.web.security.VogonSecurityUser)
2018-12-22 13:24:21.919  INFO 11736 --- [           main] s.w.s.m.m.a.RequestMappingHandlerMapping : Mapped "{[/service/transactions],methods=[GET],produces=[application/json]}" onto public java.util.Collection<org.zlogic.vogon.web.data.model.FinanceTransactionJson> org.zlogic.vogon.web.controller.TransactionsController.getTransactions(java.lang.Integer,org.zlogic.vogon.web.controller.TransactionsController$SortColumn,org.springframework.data.domain.Sort$Direction,java.lang.String,java.util.Date,java.util.Collection<java.lang.String>,org.zlogic.vogon.web.security.VogonSecurityUser)
2018-12-22 13:24:21.919  INFO 11736 --- [           main] s.w.s.m.m.a.RequestMappingHandlerMapping : Mapped "{[/service/transactions],methods=[POST],produces=[application/json]}" onto public org.zlogic.vogon.web.data.model.FinanceTransactionJson org.zlogic.vogon.web.controller.TransactionsController.submitTransaction(org.zlogic.vogon.web.data.model.FinanceTransactionJson,org.zlogic.vogon.web.security.VogonSecurityUser)
2018-12-22 13:24:21.920  INFO 11736 --- [           main] s.w.s.m.m.a.RequestMappingHandlerMapping : Mapped "{[/service/transactions/pages],methods=[GET],produces=[application/json]}" onto public long org.zlogic.vogon.web.controller.TransactionsController.getTransactionsCount(org.zlogic.vogon.web.security.VogonSecurityUser)
2018-12-22 13:24:21.920  INFO 11736 --- [           main] s.w.s.m.m.a.RequestMappingHandlerMapping : Mapped "{[/service/transactions/transaction/{id}],methods=[DELETE],produces=[application/json]}" onto public org.zlogic.vogon.web.data.model.FinanceTransactionJson org.zlogic.vogon.web.controller.TransactionsController.deleteTransaction(long,org.zlogic.vogon.web.security.VogonSecurityUser)
2018-12-22 13:24:21.920  INFO 11736 --- [           main] s.w.s.m.m.a.RequestMappingHandlerMapping : Mapped "{[/service/user],methods=[POST],produces=[application/json]}" onto public org.zlogic.vogon.data.VogonUser org.zlogic.vogon.web.controller.UsersController.submitUser(org.zlogic.vogon.data.VogonUser,org.zlogic.vogon.web.security.VogonSecurityUser) throws org.zlogic.vogon.web.security.UsernameExistsException
2018-12-22 13:24:21.920  INFO 11736 --- [           main] s.w.s.m.m.a.RequestMappingHandlerMapping : Mapped "{[/service/user],methods=[GET],produces=[application/json]}" onto public org.zlogic.vogon.data.VogonUser org.zlogic.vogon.web.controller.UsersController.getUserData(org.zlogic.vogon.web.security.VogonSecurityUser)
2018-12-22 13:24:21.921  INFO 11736 --- [           main] s.w.s.m.m.a.RequestMappingHandlerMapping : Mapped "{[/error]}" onto public org.springframework.http.ResponseEntity<java.util.Map<java.lang.String, java.lang.Object>> org.springframework.boot.autoconfigure.web.BasicErrorController.error(javax.servlet.http.HttpServletRequest)
2018-12-22 13:24:21.921  INFO 11736 --- [           main] s.w.s.m.m.a.RequestMappingHandlerMapping : Mapped "{[/error],produces=[text/html]}" onto public org.springframework.web.servlet.ModelAndView org.springframework.boot.autoconfigure.web.BasicErrorController.errorHtml(javax.servlet.http.HttpServletRequest,javax.servlet.http.HttpServletResponse)
2018-12-22 13:24:21.937  INFO 11736 --- [           main] o.s.w.s.handler.SimpleUrlHandlerMapping  : Root mapping to handler of type [class org.springframework.web.servlet.mvc.ParameterizableViewController]
2018-12-22 13:24:22.111  INFO 11736 --- [           main] o.s.w.s.handler.SimpleUrlHandlerMapping  : Mapped URL path [/webjars/**] onto handler of type [class org.springframework.web.servlet.resource.ResourceHttpRequestHandler]
2018-12-22 13:24:22.111  INFO 11736 --- [           main] o.s.w.s.handler.SimpleUrlHandlerMapping  : Mapped URL path [/**] onto handler of type [class org.springframework.web.servlet.resource.ResourceHttpRequestHandler]
2018-12-22 13:24:22.112  INFO 11736 --- [           main] o.s.w.s.handler.SimpleUrlHandlerMapping  : Mapped URL path [/**] onto handler of type [class org.springframework.web.servlet.resource.DefaultServletHttpRequestHandler]
2018-12-22 13:24:22.131  INFO 11736 --- [           main] o.s.w.s.handler.SimpleUrlHandlerMapping  : Mapped URL path [/**/favicon.ico] onto handler of type [class org.springframework.web.servlet.resource.ResourceHttpRequestHandler]
2018-12-22 13:24:22.333  INFO 11736 --- [           main] o.s.b.a.e.mvc.EndpointHandlerMapping     : Mapped "{[/autoconfig || /autoconfig.json],methods=[GET],produces=[application/vnd.spring-boot.actuator.v1+json || application/json]}" onto public java.lang.Object org.springframework.boot.actuate.endpoint.mvc.EndpointMvcAdapter.invoke()
2018-12-22 13:24:22.333  INFO 11736 --- [           main] o.s.b.a.e.mvc.EndpointHandlerMapping     : Mapped "{[/mappings || /mappings.json],methods=[GET],produces=[application/vnd.spring-boot.actuator.v1+json || application/json]}" onto public java.lang.Object org.springframework.boot.actuate.endpoint.mvc.EndpointMvcAdapter.invoke()
2018-12-22 13:24:22.333  INFO 11736 --- [           main] o.s.b.a.e.mvc.EndpointHandlerMapping     : Mapped "{[/trace || /trace.json],methods=[GET],produces=[application/vnd.spring-boot.actuator.v1+json || application/json]}" onto public java.lang.Object org.springframework.boot.actuate.endpoint.mvc.EndpointMvcAdapter.invoke()
2018-12-22 13:24:22.333  INFO 11736 --- [           main] o.s.b.a.e.mvc.EndpointHandlerMapping     : Mapped "{[/dump || /dump.json],methods=[GET],produces=[application/vnd.spring-boot.actuator.v1+json || application/json]}" onto public java.lang.Object org.springframework.boot.actuate.endpoint.mvc.EndpointMvcAdapter.invoke()
2018-12-22 13:24:22.333  INFO 11736 --- [           main] o.s.b.a.e.mvc.EndpointHandlerMapping     : Mapped "{[/configprops || /configprops.json],methods=[GET],produces=[application/vnd.spring-boot.actuator.v1+json || application/json]}" onto public java.lang.Object org.springframework.boot.actuate.endpoint.mvc.EndpointMvcAdapter.invoke()
2018-12-22 13:24:22.334  INFO 11736 --- [           main] o.s.b.a.e.mvc.EndpointHandlerMapping     : Mapped "{[/heapdump || /heapdump.json],methods=[GET],produces=[application/octet-stream]}" onto public void org.springframework.boot.actuate.endpoint.mvc.HeapdumpMvcEndpoint.invoke(boolean,javax.servlet.http.HttpServletRequest,javax.servlet.http.HttpServletResponse) throws java.io.IOException,javax.servlet.ServletException
2018-12-22 13:24:22.334  INFO 11736 --- [           main] o.s.b.a.e.mvc.EndpointHandlerMapping     : Mapped "{[/health || /health.json],methods=[GET],produces=[application/vnd.spring-boot.actuator.v1+json || application/json]}" onto public java.lang.Object org.springframework.boot.actuate.endpoint.mvc.HealthMvcEndpoint.invoke(javax.servlet.http.HttpServletRequest,java.security.Principal)
2018-12-22 13:24:22.334  INFO 11736 --- [           main] o.s.b.a.e.mvc.EndpointHandlerMapping     : Mapped "{[/beans || /beans.json],methods=[GET],produces=[application/vnd.spring-boot.actuator.v1+json || application/json]}" onto public java.lang.Object org.springframework.boot.actuate.endpoint.mvc.EndpointMvcAdapter.invoke()
2018-12-22 13:24:22.334  INFO 11736 --- [           main] o.s.b.a.e.mvc.EndpointHandlerMapping     : Mapped "{[/env/{name:.*}],methods=[GET],produces=[application/vnd.spring-boot.actuator.v1+json || application/json]}" onto public java.lang.Object org.springframework.boot.actuate.endpoint.mvc.EnvironmentMvcEndpoint.value(java.lang.String)
2018-12-22 13:24:22.334  INFO 11736 --- [           main] o.s.b.a.e.mvc.EndpointHandlerMapping     : Mapped "{[/env || /env.json],methods=[GET],produces=[application/vnd.spring-boot.actuator.v1+json || application/json]}" onto public java.lang.Object org.springframework.boot.actuate.endpoint.mvc.EndpointMvcAdapter.invoke()
2018-12-22 13:24:22.334  INFO 11736 --- [           main] o.s.b.a.e.mvc.EndpointHandlerMapping     : Mapped "{[/metrics/{name:.*}],methods=[GET],produces=[application/vnd.spring-boot.actuator.v1+json || application/json]}" onto public java.lang.Object org.springframework.boot.actuate.endpoint.mvc.MetricsMvcEndpoint.value(java.lang.String)
2018-12-22 13:24:22.334  INFO 11736 --- [           main] o.s.b.a.e.mvc.EndpointHandlerMapping     : Mapped "{[/metrics || /metrics.json],methods=[GET],produces=[application/vnd.spring-boot.actuator.v1+json || application/json]}" onto public java.lang.Object org.springframework.boot.actuate.endpoint.mvc.EndpointMvcAdapter.invoke()
2018-12-22 13:24:22.334  INFO 11736 --- [           main] o.s.b.a.e.mvc.EndpointHandlerMapping     : Mapped "{[/info || /info.json],methods=[GET],produces=[application/vnd.spring-boot.actuator.v1+json || application/json]}" onto public java.lang.Object org.springframework.boot.actuate.endpoint.mvc.EndpointMvcAdapter.invoke()
2018-12-22 13:24:22.335  INFO 11736 --- [           main] o.s.b.a.e.mvc.EndpointHandlerMapping     : Mapped "{[/loggers/{name:.*}],methods=[GET],produces=[application/vnd.spring-boot.actuator.v1+json || application/json]}" onto public java.lang.Object org.springframework.boot.actuate.endpoint.mvc.LoggersMvcEndpoint.get(java.lang.String)
2018-12-22 13:24:22.335  INFO 11736 --- [           main] o.s.b.a.e.mvc.EndpointHandlerMapping     : Mapped "{[/loggers/{name:.*}],methods=[POST],consumes=[application/vnd.spring-boot.actuator.v1+json || application/json],produces=[application/vnd.spring-boot.actuator.v1+json || application/json]}" onto public java.lang.Object org.springframework.boot.actuate.endpoint.mvc.LoggersMvcEndpoint.set(java.lang.String,java.util.Map<java.lang.String, java.lang.String>)
2018-12-22 13:24:22.335  INFO 11736 --- [           main] o.s.b.a.e.mvc.EndpointHandlerMapping     : Mapped "{[/loggers || /loggers.json],methods=[GET],produces=[application/vnd.spring-boot.actuator.v1+json || application/json]}" onto public java.lang.Object org.springframework.boot.actuate.endpoint.mvc.EndpointMvcAdapter.invoke()
2018-12-22 13:24:22.335  INFO 11736 --- [           main] o.s.b.a.e.mvc.EndpointHandlerMapping     : Mapped "{[/auditevents || /auditevents.json],methods=[GET],produces=[application/vnd.spring-boot.actuator.v1+json || application/json]}" onto public org.springframework.http.ResponseEntity<?> org.springframework.boot.actuate.endpoint.mvc.AuditEventsMvcEndpoint.findByPrincipalAndAfterAndType(java.lang.String,java.util.Date,java.lang.String)
2018-12-22 13:24:22.464 ERROR 11736 --- [           main] o.a.coyote.http11.Http11NioProtocol      : Failed to start end point associated with ProtocolHandler ["http-nio-8080"]

java.net.BindException: Address already in use: bind
	at sun.nio.ch.Net.bind0(Native Method) ~[na:1.8.0_191]
	at sun.nio.ch.Net.bind(Net.java:433) ~[na:1.8.0_191]
	at sun.nio.ch.Net.bind(Net.java:425) ~[na:1.8.0_191]
	at sun.nio.ch.ServerSocketChannelImpl.bind(ServerSocketChannelImpl.java:223) ~[na:1.8.0_191]
	at sun.nio.ch.ServerSocketAdaptor.bind(ServerSocketAdaptor.java:74) ~[na:1.8.0_191]
	at org.apache.tomcat.util.net.NioEndpoint.bind(NioEndpoint.java:210) ~[tomcat-embed-core-8.5.14.jar:8.5.14]
	at org.apache.tomcat.util.net.AbstractEndpoint.start(AbstractEndpoint.java:978) ~[tomcat-embed-core-8.5.14.jar:8.5.14]
	at org.apache.coyote.AbstractProtocol.start(AbstractProtocol.java:628) ~[tomcat-embed-core-8.5.14.jar:8.5.14]
	at org.apache.catalina.connector.Connector.startInternal(Connector.java:993) [tomcat-embed-core-8.5.14.jar:8.5.14]
	at org.apache.catalina.util.LifecycleBase.start(LifecycleBase.java:150) [tomcat-embed-core-8.5.14.jar:8.5.14]
	at org.apache.catalina.core.StandardService.addConnector(StandardService.java:225) [tomcat-embed-core-8.5.14.jar:8.5.14]
	at org.springframework.boot.context.embedded.tomcat.TomcatEmbeddedServletContainer.addPreviouslyRemovedConnectors(TomcatEmbeddedServletContainer.java:247) [spring-boot-1.5.3.RELEASE.jar:1.5.3.RELEASE]
	at org.springframework.boot.context.embedded.tomcat.TomcatEmbeddedServletContainer.start(TomcatEmbeddedServletContainer.java:190) [spring-boot-1.5.3.RELEASE.jar:1.5.3.RELEASE]
	at org.springframework.boot.context.embedded.EmbeddedWebApplicationContext.startEmbeddedServletContainer(EmbeddedWebApplicationContext.java:297) [spring-boot-1.5.3.RELEASE.jar:1.5.3.RELEASE]
	at org.springframework.boot.context.embedded.EmbeddedWebApplicationContext.finishRefresh(EmbeddedWebApplicationContext.java:145) [spring-boot-1.5.3.RELEASE.jar:1.5.3.RELEASE]
	at org.springframework.context.support.AbstractApplicationContext.refresh(AbstractApplicationContext.java:545) [spring-context-4.3.8.RELEASE.jar:4.3.8.RELEASE]
	at org.springframework.boot.context.embedded.EmbeddedWebApplicationContext.refresh(EmbeddedWebApplicationContext.java:122) [spring-boot-1.5.3.RELEASE.jar:1.5.3.RELEASE]
	at org.springframework.boot.SpringApplication.refresh(SpringApplication.java:737) [spring-boot-1.5.3.RELEASE.jar:1.5.3.RELEASE]
	at org.springframework.boot.SpringApplication.refreshContext(SpringApplication.java:370) [spring-boot-1.5.3.RELEASE.jar:1.5.3.RELEASE]
	at org.springframework.boot.SpringApplication.run(SpringApplication.java:314) [spring-boot-1.5.3.RELEASE.jar:1.5.3.RELEASE]
	at org.springframework.boot.test.context.SpringBootContextLoader.loadContext(SpringBootContextLoader.java:120) [spring-boot-test-1.5.3.RELEASE.jar:1.5.3.RELEASE]
	at org.springframework.test.context.cache.DefaultCacheAwareContextLoaderDelegate.loadContextInternal(DefaultCacheAwareContextLoaderDelegate.java:98) [spring-test-4.3.8.RELEASE.jar:4.3.8.RELEASE]
	at org.springframework.test.context.cache.DefaultCacheAwareContextLoaderDelegate.loadContext(DefaultCacheAwareContextLoaderDelegate.java:116) [spring-test-4.3.8.RELEASE.jar:4.3.8.RELEASE]
	at org.springframework.test.context.support.DefaultTestContext.getApplicationContext(DefaultTestContext.java:83) [spring-test-4.3.8.RELEASE.jar:4.3.8.RELEASE]
	at org.springframework.test.context.support.DependencyInjectionTestExecutionListener.injectDependencies(DependencyInjectionTestExecutionListener.java:117) [spring-test-4.3.8.RELEASE.jar:4.3.8.RELEASE]
	at org.springframework.test.context.support.DependencyInjectionTestExecutionListener.prepareTestInstance(DependencyInjectionTestExecutionListener.java:83) [spring-test-4.3.8.RELEASE.jar:4.3.8.RELEASE]
	at org.springframework.boot.test.autoconfigure.SpringBootDependencyInjectionTestExecutionListener.prepareTestInstance(SpringBootDependencyInjectionTestExecutionListener.java:44) [spring-boot-test-autoconfigure-1.5.3.RELEASE.jar:1.5.3.RELEASE]
	at org.springframework.test.context.TestContextManager.prepareTestInstance(TestContextManager.java:230) [spring-test-4.3.8.RELEASE.jar:4.3.8.RELEASE]
	at org.springframework.test.context.junit4.SpringJUnit4ClassRunner.createTest(SpringJUnit4ClassRunner.java:228) [spring-test-4.3.8.RELEASE.jar:4.3.8.RELEASE]
	at org.springframework.test.context.junit4.SpringJUnit4ClassRunner$1.runReflectiveCall(SpringJUnit4ClassRunner.java:287) [spring-test-4.3.8.RELEASE.jar:4.3.8.RELEASE]
	at org.junit.internal.runners.model.ReflectiveCallable.run(ReflectiveCallable.java:12) [junit-4.12.jar:4.12]
	at org.springframework.test.context.junit4.SpringJUnit4ClassRunner.methodBlock(SpringJUnit4ClassRunner.java:289) [spring-test-4.3.8.RELEASE.jar:4.3.8.RELEASE]
	at org.springframework.test.context.junit4.SpringJUnit4ClassRunner.runChild(SpringJUnit4ClassRunner.java:247) [spring-test-4.3.8.RELEASE.jar:4.3.8.RELEASE]
	at org.springframework.test.context.junit4.SpringJUnit4ClassRunner.runChild(SpringJUnit4ClassRunner.java:94) [spring-test-4.3.8.RELEASE.jar:4.3.8.RELEASE]
	at org.junit.runners.ParentRunner$3.run(ParentRunner.java:290) [junit-4.12.jar:4.12]
	at org.junit.runners.ParentRunner$1.schedule(ParentRunner.java:71) [junit-4.12.jar:4.12]
	at org.junit.runners.ParentRunner.runChildren(ParentRunner.java:288) [junit-4.12.jar:4.12]
	at org.junit.runners.ParentRunner.access$000(ParentRunner.java:58) [junit-4.12.jar:4.12]
	at org.junit.runners.ParentRunner$2.evaluate(ParentRunner.java:268) [junit-4.12.jar:4.12]
	at org.springframework.test.context.junit4.statements.RunBeforeTestClassCallbacks.evaluate(RunBeforeTestClassCallbacks.java:61) [spring-test-4.3.8.RELEASE.jar:4.3.8.RELEASE]
	at org.springframework.test.context.junit4.statements.RunAfterTestClassCallbacks.evaluate(RunAfterTestClassCallbacks.java:70) [spring-test-4.3.8.RELEASE.jar:4.3.8.RELEASE]
	at org.junit.runners.ParentRunner.run(ParentRunner.java:363) [junit-4.12.jar:4.12]
	at org.springframework.test.context.junit4.SpringJUnit4ClassRunner.run(SpringJUnit4ClassRunner.java:191) [spring-test-4.3.8.RELEASE.jar:4.3.8.RELEASE]
	at org.apache.maven.surefire.junit4.JUnit4Provider.execute(JUnit4Provider.java:365) [surefire-junit4-2.20.jar:2.20]
	at org.apache.maven.surefire.junit4.JUnit4Provider.executeWithRerun(JUnit4Provider.java:272) [surefire-junit4-2.20.jar:2.20]
	at org.apache.maven.surefire.junit4.JUnit4Provider.executeTestSet(JUnit4Provider.java:236) [surefire-junit4-2.20.jar:2.20]
	at org.apache.maven.surefire.junit4.JUnit4Provider.invoke(JUnit4Provider.java:159) [surefire-junit4-2.20.jar:2.20]
	at org.apache.maven.surefire.booter.ForkedBooter.invokeProviderInSameClassLoader(ForkedBooter.java:386) [surefire-booter-2.20.jar:2.20]
	at org.apache.maven.surefire.booter.ForkedBooter.runSuitesInProcess(ForkedBooter.java:323) [surefire-booter-2.20.jar:2.20]
	at org.apache.maven.surefire.booter.ForkedBooter.main(ForkedBooter.java:143) [surefire-booter-2.20.jar:2.20]

2018-12-22 13:24:22.464 ERROR 11736 --- [           main] o.apache.catalina.core.StandardService   : Failed to start connector [Connector[HTTP/1.1-8080]]

org.apache.catalina.LifecycleException: Failed to start component [Connector[HTTP/1.1-8080]]
	at org.apache.catalina.util.LifecycleBase.start(LifecycleBase.java:167) ~[tomcat-embed-core-8.5.14.jar:8.5.14]
	at org.apache.catalina.core.StandardService.addConnector(StandardService.java:225) ~[tomcat-embed-core-8.5.14.jar:8.5.14]
	at org.springframework.boot.context.embedded.tomcat.TomcatEmbeddedServletContainer.addPreviouslyRemovedConnectors(TomcatEmbeddedServletContainer.java:247) [spring-boot-1.5.3.RELEASE.jar:1.5.3.RELEASE]
	at org.springframework.boot.context.embedded.tomcat.TomcatEmbeddedServletContainer.start(TomcatEmbeddedServletContainer.java:190) [spring-boot-1.5.3.RELEASE.jar:1.5.3.RELEASE]
	at org.springframework.boot.context.embedded.EmbeddedWebApplicationContext.startEmbeddedServletContainer(EmbeddedWebApplicationContext.java:297) [spring-boot-1.5.3.RELEASE.jar:1.5.3.RELEASE]
	at org.springframework.boot.context.embedded.EmbeddedWebApplicationContext.finishRefresh(EmbeddedWebApplicationContext.java:145) [spring-boot-1.5.3.RELEASE.jar:1.5.3.RELEASE]
	at org.springframework.context.support.AbstractApplicationContext.refresh(AbstractApplicationContext.java:545) [spring-context-4.3.8.RELEASE.jar:4.3.8.RELEASE]
	at org.springframework.boot.context.embedded.EmbeddedWebApplicationContext.refresh(EmbeddedWebApplicationContext.java:122) [spring-boot-1.5.3.RELEASE.jar:1.5.3.RELEASE]
	at org.springframework.boot.SpringApplication.refresh(SpringApplication.java:737) [spring-boot-1.5.3.RELEASE.jar:1.5.3.RELEASE]
	at org.springframework.boot.SpringApplication.refreshContext(SpringApplication.java:370) [spring-boot-1.5.3.RELEASE.jar:1.5.3.RELEASE]
	at org.springframework.boot.SpringApplication.run(SpringApplication.java:314) [spring-boot-1.5.3.RELEASE.jar:1.5.3.RELEASE]
	at org.springframework.boot.test.context.SpringBootContextLoader.loadContext(SpringBootContextLoader.java:120) [spring-boot-test-1.5.3.RELEASE.jar:1.5.3.RELEASE]
	at org.springframework.test.context.cache.DefaultCacheAwareContextLoaderDelegate.loadContextInternal(DefaultCacheAwareContextLoaderDelegate.java:98) [spring-test-4.3.8.RELEASE.jar:4.3.8.RELEASE]
	at org.springframework.test.context.cache.DefaultCacheAwareContextLoaderDelegate.loadContext(DefaultCacheAwareContextLoaderDelegate.java:116) [spring-test-4.3.8.RELEASE.jar:4.3.8.RELEASE]
	at org.springframework.test.context.support.DefaultTestContext.getApplicationContext(DefaultTestContext.java:83) [spring-test-4.3.8.RELEASE.jar:4.3.8.RELEASE]
	at org.springframework.test.context.support.DependencyInjectionTestExecutionListener.injectDependencies(DependencyInjectionTestExecutionListener.java:117) [spring-test-4.3.8.RELEASE.jar:4.3.8.RELEASE]
	at org.springframework.test.context.support.DependencyInjectionTestExecutionListener.prepareTestInstance(DependencyInjectionTestExecutionListener.java:83) [spring-test-4.3.8.RELEASE.jar:4.3.8.RELEASE]
	at org.springframework.boot.test.autoconfigure.SpringBootDependencyInjectionTestExecutionListener.prepareTestInstance(SpringBootDependencyInjectionTestExecutionListener.java:44) [spring-boot-test-autoconfigure-1.5.3.RELEASE.jar:1.5.3.RELEASE]
	at org.springframework.test.context.TestContextManager.prepareTestInstance(TestContextManager.java:230) [spring-test-4.3.8.RELEASE.jar:4.3.8.RELEASE]
	at org.springframework.test.context.junit4.SpringJUnit4ClassRunner.createTest(SpringJUnit4ClassRunner.java:228) [spring-test-4.3.8.RELEASE.jar:4.3.8.RELEASE]
	at org.springframework.test.context.junit4.SpringJUnit4ClassRunner$1.runReflectiveCall(SpringJUnit4ClassRunner.java:287) [spring-test-4.3.8.RELEASE.jar:4.3.8.RELEASE]
	at org.junit.internal.runners.model.ReflectiveCallable.run(ReflectiveCallable.java:12) [junit-4.12.jar:4.12]
	at org.springframework.test.context.junit4.SpringJUnit4ClassRunner.methodBlock(SpringJUnit4ClassRunner.java:289) [spring-test-4.3.8.RELEASE.jar:4.3.8.RELEASE]
	at org.springframework.test.context.junit4.SpringJUnit4ClassRunner.runChild(SpringJUnit4ClassRunner.java:247) [spring-test-4.3.8.RELEASE.jar:4.3.8.RELEASE]
	at org.springframework.test.context.junit4.SpringJUnit4ClassRunner.runChild(SpringJUnit4ClassRunner.java:94) [spring-test-4.3.8.RELEASE.jar:4.3.8.RELEASE]
	at org.junit.runners.ParentRunner$3.run(ParentRunner.java:290) [junit-4.12.jar:4.12]
	at org.junit.runners.ParentRunner$1.schedule(ParentRunner.java:71) [junit-4.12.jar:4.12]
	at org.junit.runners.ParentRunner.runChildren(ParentRunner.java:288) [junit-4.12.jar:4.12]
	at org.junit.runners.ParentRunner.access$000(ParentRunner.java:58) [junit-4.12.jar:4.12]
	at org.junit.runners.ParentRunner$2.evaluate(ParentRunner.java:268) [junit-4.12.jar:4.12]
	at org.springframework.test.context.junit4.statements.RunBeforeTestClassCallbacks.evaluate(RunBeforeTestClassCallbacks.java:61) [spring-test-4.3.8.RELEASE.jar:4.3.8.RELEASE]
	at org.springframework.test.context.junit4.statements.RunAfterTestClassCallbacks.evaluate(RunAfterTestClassCallbacks.java:70) [spring-test-4.3.8.RELEASE.jar:4.3.8.RELEASE]
	at org.junit.runners.ParentRunner.run(ParentRunner.java:363) [junit-4.12.jar:4.12]
	at org.springframework.test.context.junit4.SpringJUnit4ClassRunner.run(SpringJUnit4ClassRunner.java:191) [spring-test-4.3.8.RELEASE.jar:4.3.8.RELEASE]
	at org.apache.maven.surefire.junit4.JUnit4Provider.execute(JUnit4Provider.java:365) [surefire-junit4-2.20.jar:2.20]
	at org.apache.maven.surefire.junit4.JUnit4Provider.executeWithRerun(JUnit4Provider.java:272) [surefire-junit4-2.20.jar:2.20]
	at org.apache.maven.surefire.junit4.JUnit4Provider.executeTestSet(JUnit4Provider.java:236) [surefire-junit4-2.20.jar:2.20]
	at org.apache.maven.surefire.junit4.JUnit4Provider.invoke(JUnit4Provider.java:159) [surefire-junit4-2.20.jar:2.20]
	at org.apache.maven.surefire.booter.ForkedBooter.invokeProviderInSameClassLoader(ForkedBooter.java:386) [surefire-booter-2.20.jar:2.20]
	at org.apache.maven.surefire.booter.ForkedBooter.runSuitesInProcess(ForkedBooter.java:323) [surefire-booter-2.20.jar:2.20]
	at org.apache.maven.surefire.booter.ForkedBooter.main(ForkedBooter.java:143) [surefire-booter-2.20.jar:2.20]
Caused by: org.apache.catalina.LifecycleException: service.getName(): "Tomcat";  Protocol handler start failed
	at org.apache.catalina.connector.Connector.startInternal(Connector.java:1000) ~[tomcat-embed-core-8.5.14.jar:8.5.14]
	at org.apache.catalina.util.LifecycleBase.start(LifecycleBase.java:150) ~[tomcat-embed-core-8.5.14.jar:8.5.14]
	... 40 common frames omitted
Caused by: java.net.BindException: Address already in use: bind
	at sun.nio.ch.Net.bind0(Native Method) ~[na:1.8.0_191]
	at sun.nio.ch.Net.bind(Net.java:433) ~[na:1.8.0_191]
	at sun.nio.ch.Net.bind(Net.java:425) ~[na:1.8.0_191]
	at sun.nio.ch.ServerSocketChannelImpl.bind(ServerSocketChannelImpl.java:223) ~[na:1.8.0_191]
	at sun.nio.ch.ServerSocketAdaptor.bind(ServerSocketAdaptor.java:74) ~[na:1.8.0_191]
	at org.apache.tomcat.util.net.NioEndpoint.bind(NioEndpoint.java:210) ~[tomcat-embed-core-8.5.14.jar:8.5.14]
	at org.apache.tomcat.util.net.AbstractEndpoint.start(AbstractEndpoint.java:978) ~[tomcat-embed-core-8.5.14.jar:8.5.14]
	at org.apache.coyote.AbstractProtocol.start(AbstractProtocol.java:628) ~[tomcat-embed-core-8.5.14.jar:8.5.14]
	at org.apache.catalina.connector.Connector.startInternal(Connector.java:993) ~[tomcat-embed-core-8.5.14.jar:8.5.14]
	... 41 common frames omitted

2018-12-22 13:24:22.677  INFO 11736 --- [           main] o.apache.catalina.core.StandardService   : Stopping service Tomcat
2018-12-22 13:24:22.682  INFO 11736 --- [           main] utoConfigurationReportLoggingInitializer : 

Error starting ApplicationContext. To display the auto-configuration report re-run your application with 'debug' enabled.
2018-12-22 13:24:22.684 ERROR 11736 --- [           main] o.s.b.d.LoggingFailureAnalysisReporter   : 

***************************
APPLICATION FAILED TO START
***************************

Description:

The Tomcat connector configured to listen on port 8080 failed to start. The port may already be in use or the connector may be misconfigured.

Action:

Verify the connector's configuration, identify and stop any process that's listening on port 8080, or configure this application to listen on another port.

2018-12-22 13:24:22.684  INFO 11736 --- [           main] ationConfigEmbeddedWebApplicationContext : Closing org.springframework.boot.context.embedded.AnnotationConfigEmbeddedWebApplicationContext@1c79d307: startup date [Sat Dec 22 13:24:20 IST 2018]; root of context hierarchy
2018-12-22 13:24:22.685  INFO 11736 --- [           main] o.z.vogon.web.PersistenceConfiguration   : Unloading JDBC drivers
2018-12-22 13:24:22.685  INFO 11736 --- [           main] j.LocalContainerEntityManagerFactoryBean : Closing JPA EntityManagerFactory for persistence unit 'VogonPU'
2018-12-22 13:24:22.685  INFO 11736 --- [           main] org.hibernate.orm.connections.pooling    : HHH10001008: Cleaning up connection pool [jdbc:h2:mem:test]

  .   ____          _            __ _ _
 /\\ / ___'_ __ _ _(_)_ __  __ _ \ \ \ \
( ( )\___ | '_ | '_| | '_ \/ _` | \ \ \ \
 \\/  ___)| |_)| | | | | || (_| |  ) ) ) )
  '  |____| .__|_| |_|_| |_\__, | / / / /
 =========|_|==============|___/=/_/_/_/
 :: Spring Boot ::        (v1.5.3.RELEASE)

2018-12-22 13:24:22.721  INFO 11736 --- [           main] o.z.v.w.TransactionsControllerWriteTest  : Starting TransactionsControllerWriteTest on GOPAL with PID 11736 (started by GOPAL$ in C:\Program Files (x86)\Jenkins\workspace\Maven_project\vogon-web)
2018-12-22 13:24:22.721  INFO 11736 --- [           main] o.z.v.w.TransactionsControllerWriteTest  : No active profile set, falling back to default profiles: default
2018-12-22 13:24:22.723  INFO 11736 --- [           main] ationConfigEmbeddedWebApplicationContext : Refreshing org.springframework.boot.context.embedded.AnnotationConfigEmbeddedWebApplicationContext@431c1c0b: startup date [Sat Dec 22 13:24:22 IST 2018]; root of context hierarchy
2018-12-22 13:24:23.194  INFO 11736 --- [           main] o.s.b.f.s.DefaultListableBeanFactory     : Overriding bean definition for bean 'entityManagerFactory' with a different definition: replacing [Root bean: class [null]; scope=; abstract=false; lazyInit=false; autowireMode=3; dependencyCheck=0; autowireCandidate=true; primary=false; factoryBeanName=persistenceConfiguration; factoryMethodName=entityManagerFactory; initMethodName=null; destroyMethodName=(inferred); defined in class path resource [org/zlogic/vogon/web/PersistenceConfiguration.class]] with [Root bean: class [null]; scope=; abstract=false; lazyInit=false; autowireMode=3; dependencyCheck=0; autowireCandidate=true; primary=false; factoryBeanName=databaseConfiguration; factoryMethodName=entityManagerFactory; initMethodName=null; destroyMethodName=(inferred); defined in org.zlogic.vogon.web.DatabaseConfiguration]
2018-12-22 13:24:23.470  INFO 11736 --- [           main] trationDelegate$BeanPostProcessorChecker : Bean 'org.springframework.security.config.annotation.configuration.ObjectPostProcessorConfiguration' of type [org.springframework.security.config.annotation.configuration.ObjectPostProcessorConfiguration$$EnhancerBySpringCGLIB$$be8c3acc] is not eligible for getting processed by all BeanPostProcessors (for example: not eligible for auto-proxying)
2018-12-22 13:24:23.473  INFO 11736 --- [           main] trationDelegate$BeanPostProcessorChecker : Bean 'objectPostProcessor' of type [org.springframework.security.config.annotation.configuration.AutowireBeanFactoryObjectPostProcessor] is not eligible for getting processed by all BeanPostProcessors (for example: not eligible for auto-proxying)
2018-12-22 13:24:23.474  INFO 11736 --- [           main] trationDelegate$BeanPostProcessorChecker : Bean 'org.springframework.security.access.expression.method.DefaultMethodSecurityExpressionHandler@342977f4' of type [org.springframework.security.oauth2.provider.expression.OAuth2MethodSecurityExpressionHandler] is not eligible for getting processed by all BeanPostProcessors (for example: not eligible for auto-proxying)
2018-12-22 13:24:23.479  INFO 11736 --- [           main] trationDelegate$BeanPostProcessorChecker : Bean 'org.springframework.security.config.annotation.method.configuration.GlobalMethodSecurityConfiguration' of type [org.springframework.security.config.annotation.method.configuration.GlobalMethodSecurityConfiguration$$EnhancerBySpringCGLIB$$e360dd7e] is not eligible for getting processed by all BeanPostProcessors (for example: not eligible for auto-proxying)
2018-12-22 13:24:23.481  INFO 11736 --- [           main] trationDelegate$BeanPostProcessorChecker : Bean 'methodSecurityMetadataSource' of type [org.springframework.security.access.method.DelegatingMethodSecurityMetadataSource] is not eligible for getting processed by all BeanPostProcessors (for example: not eligible for auto-proxying)
2018-12-22 13:24:23.487  INFO 11736 --- [           main] trationDelegate$BeanPostProcessorChecker : Bean 'org.springframework.transaction.annotation.ProxyTransactionManagementConfiguration' of type [org.springframework.transaction.annotation.ProxyTransactionManagementConfiguration$$EnhancerBySpringCGLIB$$25de7292] is not eligible for getting processed by all BeanPostProcessors (for example: not eligible for auto-proxying)
2018-12-22 13:24:23.497  INFO 11736 --- [           main] trationDelegate$BeanPostProcessorChecker : Bean 'security.oauth2.client-org.springframework.boot.autoconfigure.security.oauth2.OAuth2ClientProperties' of type [org.springframework.boot.autoconfigure.security.oauth2.OAuth2ClientProperties] is not eligible for getting processed by all BeanPostProcessors (for example: not eligible for auto-proxying)
2018-12-22 13:24:23.497  INFO 11736 --- [           main] trationDelegate$BeanPostProcessorChecker : Bean 'org.springframework.boot.autoconfigure.security.oauth2.OAuth2AutoConfiguration' of type [org.springframework.boot.autoconfigure.security.oauth2.OAuth2AutoConfiguration$$EnhancerBySpringCGLIB$$dd282e92] is not eligible for getting processed by all BeanPostProcessors (for example: not eligible for auto-proxying)
2018-12-22 13:24:23.497  INFO 11736 --- [           main] trationDelegate$BeanPostProcessorChecker : Bean 'resourceServerProperties' of type [org.springframework.boot.autoconfigure.security.oauth2.resource.ResourceServerProperties] is not eligible for getting processed by all BeanPostProcessors (for example: not eligible for auto-proxying)
2018-12-22 13:24:23.528  INFO 11736 --- [           main] org.zlogic.vogon.web.TomcatConfigurer    : Using keystore C:\Program Files (x86)\Jenkins\workspace\Maven_project\vogon-web\target/vogonweb.keystore with password ********
2018-12-22 13:24:23.561  INFO 11736 --- [           main] s.b.c.e.t.TomcatEmbeddedServletContainer : Tomcat initialized with port(s): 8080 (http) 8443 (https)
2018-12-22 13:24:23.562  INFO 11736 --- [           main] o.apache.catalina.core.StandardService   : Starting service Tomcat
2018-12-22 13:24:23.562  INFO 11736 --- [           main] org.apache.catalina.core.StandardEngine  : Starting Servlet Engine: Apache Tomcat/8.5.14
2018-12-22 13:24:23.580  INFO 11736 --- [ost-startStop-1] org.apache.jasper.servlet.TldScanner     : At least one JAR was scanned for TLDs yet contained no TLDs. Enable debug logging for this logger for a complete list of JARs that were scanned but no TLDs were found in them. Skipping unneeded JARs during scanning can improve startup time and JSP compilation time.
2018-12-22 13:24:23.580  INFO 11736 --- [ost-startStop-1] o.a.c.c.C.[Tomcat-155].[localhost].[/]   : Initializing Spring embedded WebApplicationContext
2018-12-22 13:24:23.580  INFO 11736 --- [ost-startStop-1] o.s.web.context.ContextLoader            : Root WebApplicationContext: initialization completed in 857 ms
2018-12-22 13:24:23.819  INFO 11736 --- [ost-startStop-1] o.s.b.w.servlet.FilterRegistrationBean   : Mapping filter: 'metricsFilter' to: [/*]
2018-12-22 13:24:23.819  INFO 11736 --- [ost-startStop-1] o.s.b.w.servlet.FilterRegistrationBean   : Mapping filter: 'characterEncodingFilter' to: [/*]
2018-12-22 13:24:23.820  INFO 11736 --- [ost-startStop-1] o.s.b.w.servlet.FilterRegistrationBean   : Mapping filter: 'hiddenHttpMethodFilter' to: [/*]
2018-12-22 13:24:23.820  INFO 11736 --- [ost-startStop-1] o.s.b.w.servlet.FilterRegistrationBean   : Mapping filter: 'httpPutFormContentFilter' to: [/*]
2018-12-22 13:24:23.820  INFO 11736 --- [ost-startStop-1] o.s.b.w.servlet.FilterRegistrationBean   : Mapping filter: 'requestContextFilter' to: [/*]
2018-12-22 13:24:23.820  INFO 11736 --- [ost-startStop-1] .s.DelegatingFilterProxyRegistrationBean : Mapping filter: 'springSecurityFilterChain' to: [/*]
2018-12-22 13:24:23.820  INFO 11736 --- [ost-startStop-1] o.s.b.w.servlet.FilterRegistrationBean   : Mapping filter: 'webRequestLoggingFilter' to: [/*]
2018-12-22 13:24:23.820  INFO 11736 --- [ost-startStop-1] o.s.b.w.servlet.FilterRegistrationBean   : Mapping filter: 'applicationContextIdFilter' to: [/*]
2018-12-22 13:24:23.820  INFO 11736 --- [ost-startStop-1] o.s.b.w.servlet.ServletRegistrationBean  : Mapping servlet: 'dispatcherServlet' to [/]
2018-12-22 13:24:23.849  INFO 11736 --- [           main] j.LocalContainerEntityManagerFactoryBean : Building JPA container EntityManagerFactory for persistence unit 'VogonPU'
2018-12-22 13:24:23.849  INFO 11736 --- [           main] o.hibernate.jpa.internal.util.LogHelper  : HHH000204: Processing PersistenceUnitInfo [
	name: VogonPU
	...]
2018-12-22 13:24:23.856  WARN 11736 --- [           main] org.hibernate.orm.connections.pooling    : HHH10001002: Using Hibernate built-in connection pool (not for production use!)
2018-12-22 13:24:23.856  INFO 11736 --- [           main] org.hibernate.orm.connections.pooling    : HHH10001005: using driver [org.h2.Driver] at URL [jdbc:h2:mem:test]
2018-12-22 13:24:23.857  INFO 11736 --- [           main] org.hibernate.orm.connections.pooling    : HHH10001001: Connection properties: {}
2018-12-22 13:24:23.857  INFO 11736 --- [           main] org.hibernate.orm.connections.pooling    : HHH10001003: Autocommit mode: false
2018-12-22 13:24:23.857  INFO 11736 --- [           main] .c.i.DriverManagerConnectionProviderImpl : HHH000115: Hibernate connection pool size: 20 (min=1)
2018-12-22 13:24:23.857  INFO 11736 --- [           main] org.hibernate.dialect.Dialect            : HHH000400: Using dialect: org.hibernate.dialect.H2Dialect
2018-12-22 13:24:23.882  INFO 11736 --- [           main] org.hibernate.orm.connections.access     : HHH10001501: Connection obtained from JdbcConnectionAccess [org.hibernate.engine.jdbc.env.internal.JdbcEnvironmentInitiator$ConnectionProviderJdbcConnectionAccess@bca1d8] for (non-JTA) DDL execution was not in auto-commit mode; the Connection 'local transaction' will be committed and the Connection will be set into auto-commit mode.
2018-12-22 13:24:23.897  INFO 11736 --- [           main] j.LocalContainerEntityManagerFactoryBean : Initialized JPA EntityManagerFactory for persistence unit 'VogonPU'
2018-12-22 13:24:24.365  INFO 11736 --- [           main] .s.o.p.e.FrameworkEndpointHandlerMapping : Mapped "{[/oauth/authorize]}" onto public org.springframework.web.servlet.ModelAndView org.springframework.security.oauth2.provider.endpoint.AuthorizationEndpoint.authorize(java.util.Map<java.lang.String, java.lang.Object>,java.util.Map<java.lang.String, java.lang.String>,org.springframework.web.bind.support.SessionStatus,java.security.Principal)
2018-12-22 13:24:24.365  INFO 11736 --- [           main] .s.o.p.e.FrameworkEndpointHandlerMapping : Mapped "{[/oauth/authorize],methods=[POST],params=[user_oauth_approval]}" onto public org.springframework.web.servlet.View org.springframework.security.oauth2.provider.endpoint.AuthorizationEndpoint.approveOrDeny(java.util.Map<java.lang.String, java.lang.String>,java.util.Map<java.lang.String, ?>,org.springframework.web.bind.support.SessionStatus,java.security.Principal)
2018-12-22 13:24:24.365  INFO 11736 --- [           main] .s.o.p.e.FrameworkEndpointHandlerMapping : Mapped "{[/oauth/token],methods=[GET]}" onto public org.springframework.http.ResponseEntity<org.springframework.security.oauth2.common.OAuth2AccessToken> org.springframework.security.oauth2.provider.endpoint.TokenEndpoint.getAccessToken(java.security.Principal,java.util.Map<java.lang.String, java.lang.String>) throws org.springframework.web.HttpRequestMethodNotSupportedException
2018-12-22 13:24:24.365  INFO 11736 --- [           main] .s.o.p.e.FrameworkEndpointHandlerMapping : Mapped "{[/oauth/token],methods=[POST]}" onto public org.springframework.http.ResponseEntity<org.springframework.security.oauth2.common.OAuth2AccessToken> org.springframework.security.oauth2.provider.endpoint.TokenEndpoint.postAccessToken(java.security.Principal,java.util.Map<java.lang.String, java.lang.String>) throws org.springframework.web.HttpRequestMethodNotSupportedException
2018-12-22 13:24:24.365  INFO 11736 --- [           main] .s.o.p.e.FrameworkEndpointHandlerMapping : Mapped "{[/oauth/check_token]}" onto public java.util.Map<java.lang.String, ?> org.springframework.security.oauth2.provider.endpoint.CheckTokenEndpoint.checkToken(java.lang.String)
2018-12-22 13:24:24.365  INFO 11736 --- [           main] .s.o.p.e.FrameworkEndpointHandlerMapping : Mapped "{[/oauth/confirm_access]}" onto public org.springframework.web.servlet.ModelAndView org.springframework.security.oauth2.provider.endpoint.WhitelabelApprovalEndpoint.getAccessConfirmation(java.util.Map<java.lang.String, java.lang.Object>,javax.servlet.http.HttpServletRequest) throws java.lang.Exception
2018-12-22 13:24:24.365  INFO 11736 --- [           main] .s.o.p.e.FrameworkEndpointHandlerMapping : Mapped "{[/oauth/error]}" onto public org.springframework.web.servlet.ModelAndView org.springframework.security.oauth2.provider.endpoint.WhitelabelErrorEndpoint.handleError(javax.servlet.http.HttpServletRequest)
2018-12-22 13:24:24.562  INFO 11736 --- [           main] o.s.s.web.DefaultSecurityFilterChain     : Creating filter chain: OrRequestMatcher [requestMatchers=[Ant [pattern='/oauth/token'], Ant [pattern='/oauth/token_key'], Ant [pattern='/oauth/check_token']]], [org.springframework.security.web.context.request.async.WebAsyncManagerIntegrationFilter@391093e8, org.springframework.security.web.context.SecurityContextPersistenceFilter@24fab6e2, org.springframework.security.web.header.HeaderWriterFilter@4976cb7, org.springframework.security.web.authentication.logout.LogoutFilter@3f731a50, org.springframework.security.oauth2.provider.client.ClientCredentialsTokenEndpointFilter@132d2542, org.springframework.security.web.authentication.www.BasicAuthenticationFilter@7e6179cf, org.springframework.security.web.savedrequest.RequestCacheAwareFilter@486d9a0, org.springframework.security.web.servletapi.SecurityContextHolderAwareRequestFilter@3bcbff53, org.springframework.security.web.authentication.AnonymousAuthenticationFilter@7f92111b, org.springframework.security.web.session.SessionManagementFilter@4f496eb4, org.springframework.security.web.access.ExceptionTranslationFilter@1b67777a, org.springframework.security.web.access.intercept.FilterSecurityInterceptor@2aa8f06e]
2018-12-22 13:24:24.562  INFO 11736 --- [           main] o.s.s.web.DefaultSecurityFilterChain     : Creating filter chain: org.springframework.boot.actuate.autoconfigure.ManagementWebSecurityAutoConfiguration$LazyEndpointPathRequestMatcher@120bb6ca, [org.springframework.security.web.context.request.async.WebAsyncManagerIntegrationFilter@5ebd2f33, org.springframework.security.web.context.SecurityContextPersistenceFilter@69d56df4, org.springframework.security.web.header.HeaderWriterFilter@5427f341, org.springframework.security.web.authentication.logout.LogoutFilter@3ab2783f, org.springframework.security.web.authentication.www.BasicAuthenticationFilter@17aca249, org.springframework.security.web.savedrequest.RequestCacheAwareFilter@e29c3b9, org.springframework.security.web.servletapi.SecurityContextHolderAwareRequestFilter@657f84c6, org.springframework.security.web.authentication.AnonymousAuthenticationFilter@2b23bbd3, org.springframework.security.web.session.SessionManagementFilter@45035224, org.springframework.security.web.access.ExceptionTranslationFilter@2d99404f, org.springframework.security.web.access.intercept.FilterSecurityInterceptor@3e896c43]
2018-12-22 13:24:24.578  INFO 11736 --- [           main] o.s.s.w.a.c.ChannelProcessingFilter      : Validated configuration attributes
2018-12-22 13:24:24.578  INFO 11736 --- [           main] o.s.s.web.DefaultSecurityFilterChain     : Creating filter chain: org.springframework.security.oauth2.config.annotation.web.configuration.ResourceServerConfiguration$NotOAuthRequestMatcher@5f138b46, [org.springframework.security.web.access.channel.ChannelProcessingFilter@14c995f4, org.springframework.security.web.context.request.async.WebAsyncManagerIntegrationFilter@1dbc1c05, org.springframework.security.web.context.SecurityContextPersistenceFilter@74a44da2, org.springframework.security.web.header.HeaderWriterFilter@1de9495d, org.springframework.security.web.authentication.logout.LogoutFilter@66c83b9a, org.springframework.security.oauth2.provider.authentication.OAuth2AuthenticationProcessingFilter@34d459fd, org.springframework.security.web.savedrequest.RequestCacheAwareFilter@6bcdb234, org.springframework.security.web.servletapi.SecurityContextHolderAwareRequestFilter@3cb9bdb1, org.springframework.security.web.authentication.AnonymousAuthenticationFilter@7540ca5e, org.springframework.security.web.session.SessionManagementFilter@22ff0a86, org.springframework.security.web.access.ExceptionTranslationFilter@4a0aaf85, org.springframework.security.web.access.intercept.FilterSecurityInterceptor@7e1b47af]
2018-12-22 13:24:24.675  INFO 11736 --- [           main] s.w.s.m.m.a.RequestMappingHandlerAdapter : Looking for @ControllerAdvice: org.springframework.boot.context.embedded.AnnotationConfigEmbeddedWebApplicationContext@431c1c0b: startup date [Sat Dec 22 13:24:22 IST 2018]; root of context hierarchy
2018-12-22 13:24:24.688  INFO 11736 --- [           main] s.w.s.m.m.a.RequestMappingHandlerMapping : Mapped "{[/service/accounts],methods=[GET],produces=[application/json]}" onto public java.util.Collection<org.zlogic.vogon.data.FinanceAccount> org.zlogic.vogon.web.controller.AccountsController.getAllAccounts(org.zlogic.vogon.web.security.VogonSecurityUser)
2018-12-22 13:24:24.688  INFO 11736 --- [           main] s.w.s.m.m.a.RequestMappingHandlerMapping : Mapped "{[/service/accounts],methods=[POST],produces=[application/json]}" onto public java.util.Collection<org.zlogic.vogon.data.FinanceAccount> org.zlogic.vogon.web.controller.AccountsController.updateAccounts(java.util.Collection<org.zlogic.vogon.data.FinanceAccount>,org.zlogic.vogon.web.security.VogonSecurityUser)
2018-12-22 13:24:24.688  INFO 11736 --- [           main] s.w.s.m.m.a.RequestMappingHandlerMapping : Mapped "{[/service/analytics/tags],methods=[GET],produces=[application/json]}" onto public java.util.Set<java.lang.String> org.zlogic.vogon.web.controller.AnalyticsController.getAllTags(org.zlogic.vogon.web.security.VogonSecurityUser)
2018-12-22 13:24:24.688  INFO 11736 --- [           main] s.w.s.m.m.a.RequestMappingHandlerMapping : Mapped "{[/service/analytics],methods=[POST],produces=[application/json]}" onto public java.util.Map<java.lang.String, org.zlogic.vogon.data.report.Report> org.zlogic.vogon.web.controller.AnalyticsController.getReport(org.zlogic.vogon.data.report.ReportFactory,org.zlogic.vogon.web.security.VogonSecurityUser)
2018-12-22 13:24:24.688  INFO 11736 --- [           main] s.w.s.m.m.a.RequestMappingHandlerMapping : Mapped "{[/service/currencies],methods=[GET],produces=[application/json]}" onto public java.util.Collection<org.zlogic.vogon.web.data.model.CurrencyDetails> org.zlogic.vogon.web.controller.CurrenciesController.getAllCurrencies()
2018-12-22 13:24:24.688  INFO 11736 --- [           main] s.w.s.m.m.a.RequestMappingHandlerMapping : Mapped "{[/service/export],methods=[GET || POST]}" onto public org.springframework.http.HttpEntity<byte[]> org.zlogic.vogon.web.controller.DataController.exportDataJSON(org.zlogic.vogon.web.security.VogonSecurityUser) throws java.lang.RuntimeException
2018-12-22 13:24:24.688  INFO 11736 --- [           main] s.w.s.m.m.a.RequestMappingHandlerMapping : Mapped "{[/service/import],methods=[POST],consumes=[multipart/form-data],produces=[application/json]}" onto public java.lang.Boolean org.zlogic.vogon.web.controller.DataController.importData(org.springframework.web.multipart.MultipartFile,org.zlogic.vogon.web.security.VogonSecurityUser) throws java.lang.RuntimeException
2018-12-22 13:24:24.688  INFO 11736 --- [           main] s.w.s.m.m.a.RequestMappingHandlerMapping : Mapped "{[/fragments/{fragment}.fragment]}" onto public org.springframework.web.servlet.ModelAndView org.zlogic.vogon.web.controller.JspController.fragmentModelAndView(java.lang.String)
2018-12-22 13:24:24.688  INFO 11736 --- [           main] s.w.s.m.m.a.RequestMappingHandlerMapping : Mapped "{[/]}" onto public org.springframework.web.servlet.ModelAndView org.zlogic.vogon.web.controller.JspController.indexModelAndView()
2018-12-22 13:24:24.689  INFO 11736 --- [           main] s.w.s.m.m.a.RequestMappingHandlerMapping : Mapped "{[/oauth/logout],methods=[POST]}" onto public void org.zlogic.vogon.web.controller.LogoutController.logout(org.springframework.security.oauth2.provider.OAuth2Authentication) throws org.zlogic.vogon.web.security.UsernameExistsException
2018-12-22 13:24:24.689  INFO 11736 --- [           main] s.w.s.m.m.a.RequestMappingHandlerMapping : Mapped "{[/register],methods=[POST],produces=[application/json]}" onto public org.zlogic.vogon.data.VogonUser org.zlogic.vogon.web.controller.RegistrationController.register(org.zlogic.vogon.data.VogonUser) throws org.zlogic.vogon.web.security.UsernameExistsException
2018-12-22 13:24:24.689  INFO 11736 --- [           main] s.w.s.m.m.a.RequestMappingHandlerMapping : Mapped "{[/service/transactions/transaction/{id}],methods=[GET],produces=[application/json]}" onto public org.zlogic.vogon.web.data.model.FinanceTransactionJson org.zlogic.vogon.web.controller.TransactionsController.getTransaction(long,org.zlogic.vogon.web.security.VogonSecurityUser)
2018-12-22 13:24:24.689  INFO 11736 --- [           main] s.w.s.m.m.a.RequestMappingHandlerMapping : Mapped "{[/service/transactions],methods=[GET],produces=[application/json]}" onto public java.util.Collection<org.zlogic.vogon.web.data.model.FinanceTransactionJson> org.zlogic.vogon.web.controller.TransactionsController.getTransactions(java.lang.Integer,org.zlogic.vogon.web.controller.TransactionsController$SortColumn,org.springframework.data.domain.Sort$Direction,java.lang.String,java.util.Date,java.util.Collection<java.lang.String>,org.zlogic.vogon.web.security.VogonSecurityUser)
2018-12-22 13:24:24.689  INFO 11736 --- [           main] s.w.s.m.m.a.RequestMappingHandlerMapping : Mapped "{[/service/transactions],methods=[POST],produces=[application/json]}" onto public org.zlogic.vogon.web.data.model.FinanceTransactionJson org.zlogic.vogon.web.controller.TransactionsController.submitTransaction(org.zlogic.vogon.web.data.model.FinanceTransactionJson,org.zlogic.vogon.web.security.VogonSecurityUser)
2018-12-22 13:24:24.689  INFO 11736 --- [           main] s.w.s.m.m.a.RequestMappingHandlerMapping : Mapped "{[/service/transactions/pages],methods=[GET],produces=[application/json]}" onto public long org.zlogic.vogon.web.controller.TransactionsController.getTransactionsCount(org.zlogic.vogon.web.security.VogonSecurityUser)
2018-12-22 13:24:24.689  INFO 11736 --- [           main] s.w.s.m.m.a.RequestMappingHandlerMapping : Mapped "{[/service/transactions/transaction/{id}],methods=[DELETE],produces=[application/json]}" onto public org.zlogic.vogon.web.data.model.FinanceTransactionJson org.zlogic.vogon.web.controller.TransactionsController.deleteTransaction(long,org.zlogic.vogon.web.security.VogonSecurityUser)
2018-12-22 13:24:24.689  INFO 11736 --- [           main] s.w.s.m.m.a.RequestMappingHandlerMapping : Mapped "{[/service/user],methods=[POST],produces=[application/json]}" onto public org.zlogic.vogon.data.VogonUser org.zlogic.vogon.web.controller.UsersController.submitUser(org.zlogic.vogon.data.VogonUser,org.zlogic.vogon.web.security.VogonSecurityUser) throws org.zlogic.vogon.web.security.UsernameExistsException
2018-12-22 13:24:24.689  INFO 11736 --- [           main] s.w.s.m.m.a.RequestMappingHandlerMapping : Mapped "{[/service/user],methods=[GET],produces=[application/json]}" onto public org.zlogic.vogon.data.VogonUser org.zlogic.vogon.web.controller.UsersController.getUserData(org.zlogic.vogon.web.security.VogonSecurityUser)
2018-12-22 13:24:24.690  INFO 11736 --- [           main] s.w.s.m.m.a.RequestMappingHandlerMapping : Mapped "{[/error]}" onto public org.springframework.http.ResponseEntity<java.util.Map<java.lang.String, java.lang.Object>> org.springframework.boot.autoconfigure.web.BasicErrorController.error(javax.servlet.http.HttpServletRequest)
2018-12-22 13:24:24.690  INFO 11736 --- [           main] s.w.s.m.m.a.RequestMappingHandlerMapping : Mapped "{[/error],produces=[text/html]}" onto public org.springframework.web.servlet.ModelAndView org.springframework.boot.autoconfigure.web.BasicErrorController.errorHtml(javax.servlet.http.HttpServletRequest,javax.servlet.http.HttpServletResponse)
2018-12-22 13:24:24.706  INFO 11736 --- [           main] o.s.w.s.handler.SimpleUrlHandlerMapping  : Root mapping to handler of type [class org.springframework.web.servlet.mvc.ParameterizableViewController]
2018-12-22 13:24:24.873  INFO 11736 --- [           main] o.s.w.s.handler.SimpleUrlHandlerMapping  : Mapped URL path [/webjars/**] onto handler of type [class org.springframework.web.servlet.resource.ResourceHttpRequestHandler]
2018-12-22 13:24:24.873  INFO 11736 --- [           main] o.s.w.s.handler.SimpleUrlHandlerMapping  : Mapped URL path [/**] onto handler of type [class org.springframework.web.servlet.resource.ResourceHttpRequestHandler]
2018-12-22 13:24:24.874  INFO 11736 --- [           main] o.s.w.s.handler.SimpleUrlHandlerMapping  : Mapped URL path [/**] onto handler of type [class org.springframework.web.servlet.resource.DefaultServletHttpRequestHandler]
2018-12-22 13:24:24.922  INFO 11736 --- [           main] o.s.w.s.handler.SimpleUrlHandlerMapping  : Mapped URL path [/**/favicon.ico] onto handler of type [class org.springframework.web.servlet.resource.ResourceHttpRequestHandler]
2018-12-22 13:24:25.108  INFO 11736 --- [           main] o.s.b.a.e.mvc.EndpointHandlerMapping     : Mapped "{[/mappings || /mappings.json],methods=[GET],produces=[application/vnd.spring-boot.actuator.v1+json || application/json]}" onto public java.lang.Object org.springframework.boot.actuate.endpoint.mvc.EndpointMvcAdapter.invoke()
2018-12-22 13:24:25.108  INFO 11736 --- [           main] o.s.b.a.e.mvc.EndpointHandlerMapping     : Mapped "{[/configprops || /configprops.json],methods=[GET],produces=[application/vnd.spring-boot.actuator.v1+json || application/json]}" onto public java.lang.Object org.springframework.boot.actuate.endpoint.mvc.EndpointMvcAdapter.invoke()
2018-12-22 13:24:25.108  INFO 11736 --- [           main] o.s.b.a.e.mvc.EndpointHandlerMapping     : Mapped "{[/loggers/{name:.*}],methods=[GET],produces=[application/vnd.spring-boot.actuator.v1+json || application/json]}" onto public java.lang.Object org.springframework.boot.actuate.endpoint.mvc.LoggersMvcEndpoint.get(java.lang.String)
2018-12-22 13:24:25.108  INFO 11736 --- [           main] o.s.b.a.e.mvc.EndpointHandlerMapping     : Mapped "{[/loggers/{name:.*}],methods=[POST],consumes=[application/vnd.spring-boot.actuator.v1+json || application/json],produces=[application/vnd.spring-boot.actuator.v1+json || application/json]}" onto public java.lang.Object org.springframework.boot.actuate.endpoint.mvc.LoggersMvcEndpoint.set(java.lang.String,java.util.Map<java.lang.String, java.lang.String>)
2018-12-22 13:24:25.108  INFO 11736 --- [           main] o.s.b.a.e.mvc.EndpointHandlerMapping     : Mapped "{[/loggers || /loggers.json],methods=[GET],produces=[application/vnd.spring-boot.actuator.v1+json || application/json]}" onto public java.lang.Object org.springframework.boot.actuate.endpoint.mvc.EndpointMvcAdapter.invoke()
2018-12-22 13:24:25.108  INFO 11736 --- [           main] o.s.b.a.e.mvc.EndpointHandlerMapping     : Mapped "{[/trace || /trace.json],methods=[GET],produces=[application/vnd.spring-boot.actuator.v1+json || application/json]}" onto public java.lang.Object org.springframework.boot.actuate.endpoint.mvc.EndpointMvcAdapter.invoke()
2018-12-22 13:24:25.108  INFO 11736 --- [           main] o.s.b.a.e.mvc.EndpointHandlerMapping     : Mapped "{[/autoconfig || /autoconfig.json],methods=[GET],produces=[application/vnd.spring-boot.actuator.v1+json || application/json]}" onto public java.lang.Object org.springframework.boot.actuate.endpoint.mvc.EndpointMvcAdapter.invoke()
2018-12-22 13:24:25.109  INFO 11736 --- [           main] o.s.b.a.e.mvc.EndpointHandlerMapping     : Mapped "{[/env/{name:.*}],methods=[GET],produces=[application/vnd.spring-boot.actuator.v1+json || application/json]}" onto public java.lang.Object org.springframework.boot.actuate.endpoint.mvc.EnvironmentMvcEndpoint.value(java.lang.String)
2018-12-22 13:24:25.109  INFO 11736 --- [           main] o.s.b.a.e.mvc.EndpointHandlerMapping     : Mapped "{[/env || /env.json],methods=[GET],produces=[application/vnd.spring-boot.actuator.v1+json || application/json]}" onto public java.lang.Object org.springframework.boot.actuate.endpoint.mvc.EndpointMvcAdapter.invoke()
2018-12-22 13:24:25.109  INFO 11736 --- [           main] o.s.b.a.e.mvc.EndpointHandlerMapping     : Mapped "{[/auditevents || /auditevents.json],methods=[GET],produces=[application/vnd.spring-boot.actuator.v1+json || application/json]}" onto public org.springframework.http.ResponseEntity<?> org.springframework.boot.actuate.endpoint.mvc.AuditEventsMvcEndpoint.findByPrincipalAndAfterAndType(java.lang.String,java.util.Date,java.lang.String)
2018-12-22 13:24:25.109  INFO 11736 --- [           main] o.s.b.a.e.mvc.EndpointHandlerMapping     : Mapped "{[/dump || /dump.json],methods=[GET],produces=[application/vnd.spring-boot.actuator.v1+json || application/json]}" onto public java.lang.Object org.springframework.boot.actuate.endpoint.mvc.EndpointMvcAdapter.invoke()
2018-12-22 13:24:25.109  INFO 11736 --- [           main] o.s.b.a.e.mvc.EndpointHandlerMapping     : Mapped "{[/heapdump || /heapdump.json],methods=[GET],produces=[application/octet-stream]}" onto public void org.springframework.boot.actuate.endpoint.mvc.HeapdumpMvcEndpoint.invoke(boolean,javax.servlet.http.HttpServletRequest,javax.servlet.http.HttpServletResponse) throws java.io.IOException,javax.servlet.ServletException
2018-12-22 13:24:25.110  INFO 11736 --- [           main] o.s.b.a.e.mvc.EndpointHandlerMapping     : Mapped "{[/metrics/{name:.*}],methods=[GET],produces=[application/vnd.spring-boot.actuator.v1+json || application/json]}" onto public java.lang.Object org.springframework.boot.actuate.endpoint.mvc.MetricsMvcEndpoint.value(java.lang.String)
2018-12-22 13:24:25.110  INFO 11736 --- [           main] o.s.b.a.e.mvc.EndpointHandlerMapping     : Mapped "{[/metrics || /metrics.json],methods=[GET],produces=[application/vnd.spring-boot.actuator.v1+json || application/json]}" onto public java.lang.Object org.springframework.boot.actuate.endpoint.mvc.EndpointMvcAdapter.invoke()
2018-12-22 13:24:25.110  INFO 11736 --- [           main] o.s.b.a.e.mvc.EndpointHandlerMapping     : Mapped "{[/info || /info.json],methods=[GET],produces=[application/vnd.spring-boot.actuator.v1+json || application/json]}" onto public java.lang.Object org.springframework.boot.actuate.endpoint.mvc.EndpointMvcAdapter.invoke()
2018-12-22 13:24:25.110  INFO 11736 --- [           main] o.s.b.a.e.mvc.EndpointHandlerMapping     : Mapped "{[/health || /health.json],methods=[GET],produces=[application/vnd.spring-boot.actuator.v1+json || application/json]}" onto public java.lang.Object org.springframework.boot.actuate.endpoint.mvc.HealthMvcEndpoint.invoke(javax.servlet.http.HttpServletRequest,java.security.Principal)
2018-12-22 13:24:25.110  INFO 11736 --- [           main] o.s.b.a.e.mvc.EndpointHandlerMapping     : Mapped "{[/beans || /beans.json],methods=[GET],produces=[application/vnd.spring-boot.actuator.v1+json || application/json]}" onto public java.lang.Object org.springframework.boot.actuate.endpoint.mvc.EndpointMvcAdapter.invoke()
2018-12-22 13:24:25.195 ERROR 11736 --- [           main] o.a.coyote.http11.Http11NioProtocol      : Failed to start end point associated with ProtocolHandler ["http-nio-8080"]

java.net.BindException: Address already in use: bind
	at sun.nio.ch.Net.bind0(Native Method) ~[na:1.8.0_191]
	at sun.nio.ch.Net.bind(Net.java:433) ~[na:1.8.0_191]
	at sun.nio.ch.Net.bind(Net.java:425) ~[na:1.8.0_191]
	at sun.nio.ch.ServerSocketChannelImpl.bind(ServerSocketChannelImpl.java:223) ~[na:1.8.0_191]
	at sun.nio.ch.ServerSocketAdaptor.bind(ServerSocketAdaptor.java:74) ~[na:1.8.0_191]
	at org.apache.tomcat.util.net.NioEndpoint.bind(NioEndpoint.java:210) ~[tomcat-embed-core-8.5.14.jar:8.5.14]
	at org.apache.tomcat.util.net.AbstractEndpoint.start(AbstractEndpoint.java:978) ~[tomcat-embed-core-8.5.14.jar:8.5.14]
	at org.apache.coyote.AbstractProtocol.start(AbstractProtocol.java:628) ~[tomcat-embed-core-8.5.14.jar:8.5.14]
	at org.apache.catalina.connector.Connector.startInternal(Connector.java:993) [tomcat-embed-core-8.5.14.jar:8.5.14]
	at org.apache.catalina.util.LifecycleBase.start(LifecycleBase.java:150) [tomcat-embed-core-8.5.14.jar:8.5.14]
	at org.apache.catalina.core.StandardService.addConnector(StandardService.java:225) [tomcat-embed-core-8.5.14.jar:8.5.14]
	at org.springframework.boot.context.embedded.tomcat.TomcatEmbeddedServletContainer.addPreviouslyRemovedConnectors(TomcatEmbeddedServletContainer.java:247) [spring-boot-1.5.3.RELEASE.jar:1.5.3.RELEASE]
	at org.springframework.boot.context.embedded.tomcat.TomcatEmbeddedServletContainer.start(TomcatEmbeddedServletContainer.java:190) [spring-boot-1.5.3.RELEASE.jar:1.5.3.RELEASE]
	at org.springframework.boot.context.embedded.EmbeddedWebApplicationContext.startEmbeddedServletContainer(EmbeddedWebApplicationContext.java:297) [spring-boot-1.5.3.RELEASE.jar:1.5.3.RELEASE]
	at org.springframework.boot.context.embedded.EmbeddedWebApplicationContext.finishRefresh(EmbeddedWebApplicationContext.java:145) [spring-boot-1.5.3.RELEASE.jar:1.5.3.RELEASE]
	at org.springframework.context.support.AbstractApplicationContext.refresh(AbstractApplicationContext.java:545) [spring-context-4.3.8.RELEASE.jar:4.3.8.RELEASE]
	at org.springframework.boot.context.embedded.EmbeddedWebApplicationContext.refresh(EmbeddedWebApplicationContext.java:122) [spring-boot-1.5.3.RELEASE.jar:1.5.3.RELEASE]
	at org.springframework.boot.SpringApplication.refresh(SpringApplication.java:737) [spring-boot-1.5.3.RELEASE.jar:1.5.3.RELEASE]
	at org.springframework.boot.SpringApplication.refreshContext(SpringApplication.java:370) [spring-boot-1.5.3.RELEASE.jar:1.5.3.RELEASE]
	at org.springframework.boot.SpringApplication.run(SpringApplication.java:314) [spring-boot-1.5.3.RELEASE.jar:1.5.3.RELEASE]
	at org.springframework.boot.test.context.SpringBootContextLoader.loadContext(SpringBootContextLoader.java:120) [spring-boot-test-1.5.3.RELEASE.jar:1.5.3.RELEASE]
	at org.springframework.test.context.cache.DefaultCacheAwareContextLoaderDelegate.loadContextInternal(DefaultCacheAwareContextLoaderDelegate.java:98) [spring-test-4.3.8.RELEASE.jar:4.3.8.RELEASE]
	at org.springframework.test.context.cache.DefaultCacheAwareContextLoaderDelegate.loadContext(DefaultCacheAwareContextLoaderDelegate.java:116) [spring-test-4.3.8.RELEASE.jar:4.3.8.RELEASE]
	at org.springframework.test.context.support.DefaultTestContext.getApplicationContext(DefaultTestContext.java:83) [spring-test-4.3.8.RELEASE.jar:4.3.8.RELEASE]
	at org.springframework.boot.test.autoconfigure.SpringBootDependencyInjectionTestExecutionListener.prepareTestInstance(SpringBootDependencyInjectionTestExecutionListener.java:47) [spring-boot-test-autoconfigure-1.5.3.RELEASE.jar:1.5.3.RELEASE]
	at org.springframework.test.context.TestContextManager.prepareTestInstance(TestContextManager.java:230) [spring-test-4.3.8.RELEASE.jar:4.3.8.RELEASE]
	at org.springframework.test.context.junit4.SpringJUnit4ClassRunner.createTest(SpringJUnit4ClassRunner.java:228) [spring-test-4.3.8.RELEASE.jar:4.3.8.RELEASE]
	at org.springframework.test.context.junit4.SpringJUnit4ClassRunner$1.runReflectiveCall(SpringJUnit4ClassRunner.java:287) [spring-test-4.3.8.RELEASE.jar:4.3.8.RELEASE]
	at org.junit.internal.runners.model.ReflectiveCallable.run(ReflectiveCallable.java:12) [junit-4.12.jar:4.12]
	at org.springframework.test.context.junit4.SpringJUnit4ClassRunner.methodBlock(SpringJUnit4ClassRunner.java:289) [spring-test-4.3.8.RELEASE.jar:4.3.8.RELEASE]
	at org.springframework.test.context.junit4.SpringJUnit4ClassRunner.runChild(SpringJUnit4ClassRunner.java:247) [spring-test-4.3.8.RELEASE.jar:4.3.8.RELEASE]
	at org.springframework.test.context.junit4.SpringJUnit4ClassRunner.runChild(SpringJUnit4ClassRunner.java:94) [spring-test-4.3.8.RELEASE.jar:4.3.8.RELEASE]
	at org.junit.runners.ParentRunner$3.run(ParentRunner.java:290) [junit-4.12.jar:4.12]
	at org.junit.runners.ParentRunner$1.schedule(ParentRunner.java:71) [junit-4.12.jar:4.12]
	at org.junit.runners.ParentRunner.runChildren(ParentRunner.java:288) [junit-4.12.jar:4.12]
	at org.junit.runners.ParentRunner.access$000(ParentRunner.java:58) [junit-4.12.jar:4.12]
	at org.junit.runners.ParentRunner$2.evaluate(ParentRunner.java:268) [junit-4.12.jar:4.12]
	at org.springframework.test.context.junit4.statements.RunBeforeTestClassCallbacks.evaluate(RunBeforeTestClassCallbacks.java:61) [spring-test-4.3.8.RELEASE.jar:4.3.8.RELEASE]
	at org.springframework.test.context.junit4.statements.RunAfterTestClassCallbacks.evaluate(RunAfterTestClassCallbacks.java:70) [spring-test-4.3.8.RELEASE.jar:4.3.8.RELEASE]
	at org.junit.runners.ParentRunner.run(ParentRunner.java:363) [junit-4.12.jar:4.12]
	at org.springframework.test.context.junit4.SpringJUnit4ClassRunner.run(SpringJUnit4ClassRunner.java:191) [spring-test-4.3.8.RELEASE.jar:4.3.8.RELEASE]
	at org.apache.maven.surefire.junit4.JUnit4Provider.execute(JUnit4Provider.java:365) [surefire-junit4-2.20.jar:2.20]
	at org.apache.maven.surefire.junit4.JUnit4Provider.executeWithRerun(JUnit4Provider.java:272) [surefire-junit4-2.20.jar:2.20]
	at org.apache.maven.surefire.junit4.JUnit4Provider.executeTestSet(JUnit4Provider.java:236) [surefire-junit4-2.20.jar:2.20]
	at org.apache.maven.surefire.junit4.JUnit4Provider.invoke(JUnit4Provider.java:159) [surefire-junit4-2.20.jar:2.20]
	at org.apache.maven.surefire.booter.ForkedBooter.invokeProviderInSameClassLoader(ForkedBooter.java:386) [surefire-booter-2.20.jar:2.20]
	at org.apache.maven.surefire.booter.ForkedBooter.runSuitesInProcess(ForkedBooter.java:323) [surefire-booter-2.20.jar:2.20]
	at org.apache.maven.surefire.booter.ForkedBooter.main(ForkedBooter.java:143) [surefire-booter-2.20.jar:2.20]

2018-12-22 13:24:25.195 ERROR 11736 --- [           main] o.apache.catalina.core.StandardService   : Failed to start connector [Connector[HTTP/1.1-8080]]

org.apache.catalina.LifecycleException: Failed to start component [Connector[HTTP/1.1-8080]]
	at org.apache.catalina.util.LifecycleBase.start(LifecycleBase.java:167) ~[tomcat-embed-core-8.5.14.jar:8.5.14]
	at org.apache.catalina.core.StandardService.addConnector(StandardService.java:225) ~[tomcat-embed-core-8.5.14.jar:8.5.14]
	at org.springframework.boot.context.embedded.tomcat.TomcatEmbeddedServletContainer.addPreviouslyRemovedConnectors(TomcatEmbeddedServletContainer.java:247) [spring-boot-1.5.3.RELEASE.jar:1.5.3.RELEASE]
	at org.springframework.boot.context.embedded.tomcat.TomcatEmbeddedServletContainer.start(TomcatEmbeddedServletContainer.java:190) [spring-boot-1.5.3.RELEASE.jar:1.5.3.RELEASE]
	at org.springframework.boot.context.embedded.EmbeddedWebApplicationContext.startEmbeddedServletContainer(EmbeddedWebApplicationContext.java:297) [spring-boot-1.5.3.RELEASE.jar:1.5.3.RELEASE]
	at org.springframework.boot.context.embedded.EmbeddedWebApplicationContext.finishRefresh(EmbeddedWebApplicationContext.java:145) [spring-boot-1.5.3.RELEASE.jar:1.5.3.RELEASE]
	at org.springframework.context.support.AbstractApplicationContext.refresh(AbstractApplicationContext.java:545) [spring-context-4.3.8.RELEASE.jar:4.3.8.RELEASE]
	at org.springframework.boot.context.embedded.EmbeddedWebApplicationContext.refresh(EmbeddedWebApplicationContext.java:122) [spring-boot-1.5.3.RELEASE.jar:1.5.3.RELEASE]
	at org.springframework.boot.SpringApplication.refresh(SpringApplication.java:737) [spring-boot-1.5.3.RELEASE.jar:1.5.3.RELEASE]
	at org.springframework.boot.SpringApplication.refreshContext(SpringApplication.java:370) [spring-boot-1.5.3.RELEASE.jar:1.5.3.RELEASE]
	at org.springframework.boot.SpringApplication.run(SpringApplication.java:314) [spring-boot-1.5.3.RELEASE.jar:1.5.3.RELEASE]
	at org.springframework.boot.test.context.SpringBootContextLoader.loadContext(SpringBootContextLoader.java:120) [spring-boot-test-1.5.3.RELEASE.jar:1.5.3.RELEASE]
	at org.springframework.test.context.cache.DefaultCacheAwareContextLoaderDelegate.loadContextInternal(DefaultCacheAwareContextLoaderDelegate.java:98) [spring-test-4.3.8.RELEASE.jar:4.3.8.RELEASE]
	at org.springframework.test.context.cache.DefaultCacheAwareContextLoaderDelegate.loadContext(DefaultCacheAwareContextLoaderDelegate.java:116) [spring-test-4.3.8.RELEASE.jar:4.3.8.RELEASE]
	at org.springframework.test.context.support.DefaultTestContext.getApplicationContext(DefaultTestContext.java:83) [spring-test-4.3.8.RELEASE.jar:4.3.8.RELEASE]
	at org.springframework.boot.test.autoconfigure.SpringBootDependencyInjectionTestExecutionListener.prepareTestInstance(SpringBootDependencyInjectionTestExecutionListener.java:47) [spring-boot-test-autoconfigure-1.5.3.RELEASE.jar:1.5.3.RELEASE]
	at org.springframework.test.context.TestContextManager.prepareTestInstance(TestContextManager.java:230) [spring-test-4.3.8.RELEASE.jar:4.3.8.RELEASE]
	at org.springframework.test.context.junit4.SpringJUnit4ClassRunner.createTest(SpringJUnit4ClassRunner.java:228) [spring-test-4.3.8.RELEASE.jar:4.3.8.RELEASE]
	at org.springframework.test.context.junit4.SpringJUnit4ClassRunner$1.runReflectiveCall(SpringJUnit4ClassRunner.java:287) [spring-test-4.3.8.RELEASE.jar:4.3.8.RELEASE]
	at org.junit.internal.runners.model.ReflectiveCallable.run(ReflectiveCallable.java:12) [junit-4.12.jar:4.12]
	at org.springframework.test.context.junit4.SpringJUnit4ClassRunner.methodBlock(SpringJUnit4ClassRunner.java:289) [spring-test-4.3.8.RELEASE.jar:4.3.8.RELEASE]
	at org.springframework.test.context.junit4.SpringJUnit4ClassRunner.runChild(SpringJUnit4ClassRunner.java:247) [spring-test-4.3.8.RELEASE.jar:4.3.8.RELEASE]
	at org.springframework.test.context.junit4.SpringJUnit4ClassRunner.runChild(SpringJUnit4ClassRunner.java:94) [spring-test-4.3.8.RELEASE.jar:4.3.8.RELEASE]
	at org.junit.runners.ParentRunner$3.run(ParentRunner.java:290) [junit-4.12.jar:4.12]
	at org.junit.runners.ParentRunner$1.schedule(ParentRunner.java:71) [junit-4.12.jar:4.12]
	at org.junit.runners.ParentRunner.runChildren(ParentRunner.java:288) [junit-4.12.jar:4.12]
	at org.junit.runners.ParentRunner.access$000(ParentRunner.java:58) [junit-4.12.jar:4.12]
	at org.junit.runners.ParentRunner$2.evaluate(ParentRunner.java:268) [junit-4.12.jar:4.12]
	at org.springframework.test.context.junit4.statements.RunBeforeTestClassCallbacks.evaluate(RunBeforeTestClassCallbacks.java:61) [spring-test-4.3.8.RELEASE.jar:4.3.8.RELEASE]
	at org.springframework.test.context.junit4.statements.RunAfterTestClassCallbacks.evaluate(RunAfterTestClassCallbacks.java:70) [spring-test-4.3.8.RELEASE.jar:4.3.8.RELEASE]
	at org.junit.runners.ParentRunner.run(ParentRunner.java:363) [junit-4.12.jar:4.12]
	at org.springframework.test.context.junit4.SpringJUnit4ClassRunner.run(SpringJUnit4ClassRunner.java:191) [spring-test-4.3.8.RELEASE.jar:4.3.8.RELEASE]
	at org.apache.maven.surefire.junit4.JUnit4Provider.execute(JUnit4Provider.java:365) [surefire-junit4-2.20.jar:2.20]
	at org.apache.maven.surefire.junit4.JUnit4Provider.executeWithRerun(JUnit4Provider.java:272) [surefire-junit4-2.20.jar:2.20]
	at org.apache.maven.surefire.junit4.JUnit4Provider.executeTestSet(JUnit4Provider.java:236) [surefire-junit4-2.20.jar:2.20]
	at org.apache.maven.surefire.junit4.JUnit4Provider.invoke(JUnit4Provider.java:159) [surefire-junit4-2.20.jar:2.20]
	at org.apache.maven.surefire.booter.ForkedBooter.invokeProviderInSameClassLoader(ForkedBooter.java:386) [surefire-booter-2.20.jar:2.20]
	at org.apache.maven.surefire.booter.ForkedBooter.runSuitesInProcess(ForkedBooter.java:323) [surefire-booter-2.20.jar:2.20]
	at org.apache.maven.surefire.booter.ForkedBooter.main(ForkedBooter.java:143) [surefire-booter-2.20.jar:2.20]
Caused by: org.apache.catalina.LifecycleException: service.getName(): "Tomcat";  Protocol handler start failed
	at org.apache.catalina.connector.Connector.startInternal(Connector.java:1000) ~[tomcat-embed-core-8.5.14.jar:8.5.14]
	at org.apache.catalina.util.LifecycleBase.start(LifecycleBase.java:150) ~[tomcat-embed-core-8.5.14.jar:8.5.14]
	... 38 common frames omitted
Caused by: java.net.BindException: Address already in use: bind
	at sun.nio.ch.Net.bind0(Native Method) ~[na:1.8.0_191]
	at sun.nio.ch.Net.bind(Net.java:433) ~[na:1.8.0_191]
	at sun.nio.ch.Net.bind(Net.java:425) ~[na:1.8.0_191]
	at sun.nio.ch.ServerSocketChannelImpl.bind(ServerSocketChannelImpl.java:223) ~[na:1.8.0_191]
	at sun.nio.ch.ServerSocketAdaptor.bind(ServerSocketAdaptor.java:74) ~[na:1.8.0_191]
	at org.apache.tomcat.util.net.NioEndpoint.bind(NioEndpoint.java:210) ~[tomcat-embed-core-8.5.14.jar:8.5.14]
	at org.apache.tomcat.util.net.AbstractEndpoint.start(AbstractEndpoint.java:978) ~[tomcat-embed-core-8.5.14.jar:8.5.14]
	at org.apache.coyote.AbstractProtocol.start(AbstractProtocol.java:628) ~[tomcat-embed-core-8.5.14.jar:8.5.14]
	at org.apache.catalina.connector.Connector.startInternal(Connector.java:993) ~[tomcat-embed-core-8.5.14.jar:8.5.14]
	... 39 common frames omitted

2018-12-22 13:24:25.360  INFO 11736 --- [           main] o.apache.catalina.core.StandardService   : Stopping service Tomcat
2018-12-22 13:24:25.360  INFO 11736 --- [           main] utoConfigurationReportLoggingInitializer : 

Error starting ApplicationContext. To display the auto-configuration report re-run your application with 'debug' enabled.
2018-12-22 13:24:25.360 ERROR 11736 --- [           main] o.s.b.d.LoggingFailureAnalysisReporter   : 

***************************
APPLICATION FAILED TO START
***************************

Description:

The Tomcat connector configured to listen on port 8080 failed to start. The port may already be in use or the connector may be misconfigured.

Action:

Verify the connector's configuration, identify and stop any process that's listening on port 8080, or configure this application to listen on another port.

2018-12-22 13:24:25.360  INFO 11736 --- [           main] ationConfigEmbeddedWebApplicationContext : Closing org.springframework.boot.context.embedded.AnnotationConfigEmbeddedWebApplicationContext@431c1c0b: startup date [Sat Dec 22 13:24:22 IST 2018]; root of context hierarchy
2018-12-22 13:24:25.360  INFO 11736 --- [           main] o.z.vogon.web.PersistenceConfiguration   : Unloading JDBC drivers
2018-12-22 13:24:25.360  INFO 11736 --- [           main] j.LocalContainerEntityManagerFactoryBean : Closing JPA EntityManagerFactory for persistence unit 'VogonPU'
2018-12-22 13:24:25.360  INFO 11736 --- [           main] org.hibernate.orm.connections.pooling    : HHH10001008: Cleaning up connection pool [jdbc:h2:mem:test]
2018-12-22 13:24:25.360 ERROR 11736 --- [           main] o.s.test.context.TestContextManager      : Caught exception while allowing TestExecutionListener [org.springframework.boot.test.autoconfigure.SpringBootDependencyInjectionTestExecutionListener@482cd077] to prepare test instance [org.zlogic.vogon.web.TransactionsControllerWriteTest@5f844c3a]

java.lang.IllegalStateException: Failed to load ApplicationContext
	at org.springframework.test.context.cache.DefaultCacheAwareContextLoaderDelegate.loadContext(DefaultCacheAwareContextLoaderDelegate.java:124) ~[spring-test-4.3.8.RELEASE.jar:4.3.8.RELEASE]
	at org.springframework.test.context.support.DefaultTestContext.getApplicationContext(DefaultTestContext.java:83) ~[spring-test-4.3.8.RELEASE.jar:4.3.8.RELEASE]
	at org.springframework.boot.test.autoconfigure.SpringBootDependencyInjectionTestExecutionListener.prepareTestInstance(SpringBootDependencyInjectionTestExecutionListener.java:47) ~[spring-boot-test-autoconfigure-1.5.3.RELEASE.jar:1.5.3.RELEASE]
	at org.springframework.test.context.TestContextManager.prepareTestInstance(TestContextManager.java:230) ~[spring-test-4.3.8.RELEASE.jar:4.3.8.RELEASE]
	at org.springframework.test.context.junit4.SpringJUnit4ClassRunner.createTest(SpringJUnit4ClassRunner.java:228) [spring-test-4.3.8.RELEASE.jar:4.3.8.RELEASE]
	at org.springframework.test.context.junit4.SpringJUnit4ClassRunner$1.runReflectiveCall(SpringJUnit4ClassRunner.java:287) [spring-test-4.3.8.RELEASE.jar:4.3.8.RELEASE]
	at org.junit.internal.runners.model.ReflectiveCallable.run(ReflectiveCallable.java:12) [junit-4.12.jar:4.12]
	at org.springframework.test.context.junit4.SpringJUnit4ClassRunner.methodBlock(SpringJUnit4ClassRunner.java:289) [spring-test-4.3.8.RELEASE.jar:4.3.8.RELEASE]
	at org.springframework.test.context.junit4.SpringJUnit4ClassRunner.runChild(SpringJUnit4ClassRunner.java:247) [spring-test-4.3.8.RELEASE.jar:4.3.8.RELEASE]
	at org.springframework.test.context.junit4.SpringJUnit4ClassRunner.runChild(SpringJUnit4ClassRunner.java:94) [spring-test-4.3.8.RELEASE.jar:4.3.8.RELEASE]
	at org.junit.runners.ParentRunner$3.run(ParentRunner.java:290) [junit-4.12.jar:4.12]
	at org.junit.runners.ParentRunner$1.schedule(ParentRunner.java:71) [junit-4.12.jar:4.12]
	at org.junit.runners.ParentRunner.runChildren(ParentRunner.java:288) [junit-4.12.jar:4.12]
	at org.junit.runners.ParentRunner.access$000(ParentRunner.java:58) [junit-4.12.jar:4.12]
	at org.junit.runners.ParentRunner$2.evaluate(ParentRunner.java:268) [junit-4.12.jar:4.12]
	at org.springframework.test.context.junit4.statements.RunBeforeTestClassCallbacks.evaluate(RunBeforeTestClassCallbacks.java:61) [spring-test-4.3.8.RELEASE.jar:4.3.8.RELEASE]
	at org.springframework.test.context.junit4.statements.RunAfterTestClassCallbacks.evaluate(RunAfterTestClassCallbacks.java:70) [spring-test-4.3.8.RELEASE.jar:4.3.8.RELEASE]
	at org.junit.runners.ParentRunner.run(ParentRunner.java:363) [junit-4.12.jar:4.12]
	at org.springframework.test.context.junit4.SpringJUnit4ClassRunner.run(SpringJUnit4ClassRunner.java:191) [spring-test-4.3.8.RELEASE.jar:4.3.8.RELEASE]
	at org.apache.maven.surefire.junit4.JUnit4Provider.execute(JUnit4Provider.java:365) [surefire-junit4-2.20.jar:2.20]
	at org.apache.maven.surefire.junit4.JUnit4Provider.executeWithRerun(JUnit4Provider.java:272) [surefire-junit4-2.20.jar:2.20]
	at org.apache.maven.surefire.junit4.JUnit4Provider.executeTestSet(JUnit4Provider.java:236) [surefire-junit4-2.20.jar:2.20]
	at org.apache.maven.surefire.junit4.JUnit4Provider.invoke(JUnit4Provider.java:159) [surefire-junit4-2.20.jar:2.20]
	at org.apache.maven.surefire.booter.ForkedBooter.invokeProviderInSameClassLoader(ForkedBooter.java:386) [surefire-booter-2.20.jar:2.20]
	at org.apache.maven.surefire.booter.ForkedBooter.runSuitesInProcess(ForkedBooter.java:323) [surefire-booter-2.20.jar:2.20]
	at org.apache.maven.surefire.booter.ForkedBooter.main(ForkedBooter.java:143) [surefire-booter-2.20.jar:2.20]
Caused by: org.springframework.boot.context.embedded.tomcat.ConnectorStartFailedException: Connector configured to listen on port 8080 failed to start
	at org.springframework.boot.context.embedded.tomcat.TomcatEmbeddedServletContainer.checkThatConnectorsHaveStarted(TomcatEmbeddedServletContainer.java:219) ~[spring-boot-1.5.3.RELEASE.jar:1.5.3.RELEASE]
	at org.springframework.boot.context.embedded.tomcat.TomcatEmbeddedServletContainer.start(TomcatEmbeddedServletContainer.java:195) ~[spring-boot-1.5.3.RELEASE.jar:1.5.3.RELEASE]
	at org.springframework.boot.context.embedded.EmbeddedWebApplicationContext.startEmbeddedServletContainer(EmbeddedWebApplicationContext.java:297) ~[spring-boot-1.5.3.RELEASE.jar:1.5.3.RELEASE]
	at org.springframework.boot.context.embedded.EmbeddedWebApplicationContext.finishRefresh(EmbeddedWebApplicationContext.java:145) ~[spring-boot-1.5.3.RELEASE.jar:1.5.3.RELEASE]
	at org.springframework.context.support.AbstractApplicationContext.refresh(AbstractApplicationContext.java:545) ~[spring-context-4.3.8.RELEASE.jar:4.3.8.RELEASE]
	at org.springframework.boot.context.embedded.EmbeddedWebApplicationContext.refresh(EmbeddedWebApplicationContext.java:122) ~[spring-boot-1.5.3.RELEASE.jar:1.5.3.RELEASE]
	at org.springframework.boot.SpringApplication.refresh(SpringApplication.java:737) ~[spring-boot-1.5.3.RELEASE.jar:1.5.3.RELEASE]
	at org.springframework.boot.SpringApplication.refreshContext(SpringApplication.java:370) ~[spring-boot-1.5.3.RELEASE.jar:1.5.3.RELEASE]
	at org.springframework.boot.SpringApplication.run(SpringApplication.java:314) ~[spring-boot-1.5.3.RELEASE.jar:1.5.3.RELEASE]
	at org.springframework.boot.test.context.SpringBootContextLoader.loadContext(SpringBootContextLoader.java:120) ~[spring-boot-test-1.5.3.RELEASE.jar:1.5.3.RELEASE]
	at org.springframework.test.context.cache.DefaultCacheAwareContextLoaderDelegate.loadContextInternal(DefaultCacheAwareContextLoaderDelegate.java:98) ~[spring-test-4.3.8.RELEASE.jar:4.3.8.RELEASE]
	at org.springframework.test.context.cache.DefaultCacheAwareContextLoaderDelegate.loadContext(DefaultCacheAwareContextLoaderDelegate.java:116) ~[spring-test-4.3.8.RELEASE.jar:4.3.8.RELEASE]
	... 25 common frames omitted

]]></system-out>
  </testcase>
  <testcase name="testChangeAccountsNoToken" classname="org.zlogic.vogon.web.TransactionsControllerWriteTest" time="0">
    <error message="Failed to load ApplicationContext" type="java.lang.IllegalStateException">java.lang.IllegalStateException: Failed to load ApplicationContext
Caused by: org.springframework.boot.context.embedded.tomcat.ConnectorStartFailedException: Connector configured to listen on port 8080 failed to start
</error>
    <system-out><![CDATA[
  .   ____          _            __ _ _
 /\\ / ___'_ __ _ _(_)_ __  __ _ \ \ \ \
( ( )\___ | '_ | '_| | '_ \/ _` | \ \ \ \
 \\/  ___)| |_)| | | | | || (_| |  ) ) ) )
  '  |____| .__|_| |_|_| |_\__, | / / / /
 =========|_|==============|___/=/_/_/_/
 :: Spring Boot ::        (v1.5.3.RELEASE)

2018-12-22 13:24:25.434  INFO 11736 --- [           main] o.z.v.w.TransactionsControllerWriteTest  : Starting TransactionsControllerWriteTest on GOPAL with PID 11736 (started by GOPAL$ in C:\Program Files (x86)\Jenkins\workspace\Maven_project\vogon-web)
2018-12-22 13:24:25.435  INFO 11736 --- [           main] o.z.v.w.TransactionsControllerWriteTest  : No active profile set, falling back to default profiles: default
2018-12-22 13:24:25.437  INFO 11736 --- [           main] ationConfigEmbeddedWebApplicationContext : Refreshing org.springframework.boot.context.embedded.AnnotationConfigEmbeddedWebApplicationContext@5ce52559: startup date [Sat Dec 22 13:24:25 IST 2018]; root of context hierarchy
2018-12-22 13:24:26.194  INFO 11736 --- [           main] o.s.b.f.s.DefaultListableBeanFactory     : Overriding bean definition for bean 'entityManagerFactory' with a different definition: replacing [Root bean: class [null]; scope=; abstract=false; lazyInit=false; autowireMode=3; dependencyCheck=0; autowireCandidate=true; primary=false; factoryBeanName=persistenceConfiguration; factoryMethodName=entityManagerFactory; initMethodName=null; destroyMethodName=(inferred); defined in class path resource [org/zlogic/vogon/web/PersistenceConfiguration.class]] with [Root bean: class [null]; scope=; abstract=false; lazyInit=false; autowireMode=3; dependencyCheck=0; autowireCandidate=true; primary=false; factoryBeanName=databaseConfiguration; factoryMethodName=entityManagerFactory; initMethodName=null; destroyMethodName=(inferred); defined in org.zlogic.vogon.web.DatabaseConfiguration]
2018-12-22 13:24:26.647  INFO 11736 --- [           main] trationDelegate$BeanPostProcessorChecker : Bean 'org.springframework.security.config.annotation.configuration.ObjectPostProcessorConfiguration' of type [org.springframework.security.config.annotation.configuration.ObjectPostProcessorConfiguration$$EnhancerBySpringCGLIB$$be8c3acc] is not eligible for getting processed by all BeanPostProcessors (for example: not eligible for auto-proxying)
2018-12-22 13:24:26.662  INFO 11736 --- [           main] trationDelegate$BeanPostProcessorChecker : Bean 'objectPostProcessor' of type [org.springframework.security.config.annotation.configuration.AutowireBeanFactoryObjectPostProcessor] is not eligible for getting processed by all BeanPostProcessors (for example: not eligible for auto-proxying)
2018-12-22 13:24:26.662  INFO 11736 --- [           main] trationDelegate$BeanPostProcessorChecker : Bean 'org.springframework.security.access.expression.method.DefaultMethodSecurityExpressionHandler@78dcee5a' of type [org.springframework.security.oauth2.provider.expression.OAuth2MethodSecurityExpressionHandler] is not eligible for getting processed by all BeanPostProcessors (for example: not eligible for auto-proxying)
2018-12-22 13:24:26.678  INFO 11736 --- [           main] trationDelegate$BeanPostProcessorChecker : Bean 'org.springframework.security.config.annotation.method.configuration.GlobalMethodSecurityConfiguration' of type [org.springframework.security.config.annotation.method.configuration.GlobalMethodSecurityConfiguration$$EnhancerBySpringCGLIB$$e360dd7e] is not eligible for getting processed by all BeanPostProcessors (for example: not eligible for auto-proxying)
2018-12-22 13:24:26.678  INFO 11736 --- [           main] trationDelegate$BeanPostProcessorChecker : Bean 'methodSecurityMetadataSource' of type [org.springframework.security.access.method.DelegatingMethodSecurityMetadataSource] is not eligible for getting processed by all BeanPostProcessors (for example: not eligible for auto-proxying)
2018-12-22 13:24:26.700  INFO 11736 --- [           main] trationDelegate$BeanPostProcessorChecker : Bean 'org.springframework.transaction.annotation.ProxyTransactionManagementConfiguration' of type [org.springframework.transaction.annotation.ProxyTransactionManagementConfiguration$$EnhancerBySpringCGLIB$$25de7292] is not eligible for getting processed by all BeanPostProcessors (for example: not eligible for auto-proxying)
2018-12-22 13:24:26.735  INFO 11736 --- [           main] trationDelegate$BeanPostProcessorChecker : Bean 'security.oauth2.client-org.springframework.boot.autoconfigure.security.oauth2.OAuth2ClientProperties' of type [org.springframework.boot.autoconfigure.security.oauth2.OAuth2ClientProperties] is not eligible for getting processed by all BeanPostProcessors (for example: not eligible for auto-proxying)
2018-12-22 13:24:26.737  INFO 11736 --- [           main] trationDelegate$BeanPostProcessorChecker : Bean 'org.springframework.boot.autoconfigure.security.oauth2.OAuth2AutoConfiguration' of type [org.springframework.boot.autoconfigure.security.oauth2.OAuth2AutoConfiguration$$EnhancerBySpringCGLIB$$dd282e92] is not eligible for getting processed by all BeanPostProcessors (for example: not eligible for auto-proxying)
2018-12-22 13:24:26.745  INFO 11736 --- [           main] trationDelegate$BeanPostProcessorChecker : Bean 'resourceServerProperties' of type [org.springframework.boot.autoconfigure.security.oauth2.resource.ResourceServerProperties] is not eligible for getting processed by all BeanPostProcessors (for example: not eligible for auto-proxying)
2018-12-22 13:24:26.822  INFO 11736 --- [           main] org.zlogic.vogon.web.TomcatConfigurer    : Using keystore C:\Program Files (x86)\Jenkins\workspace\Maven_project\vogon-web\target/vogonweb.keystore with password ********
2018-12-22 13:24:26.849  INFO 11736 --- [           main] s.b.c.e.t.TomcatEmbeddedServletContainer : Tomcat initialized with port(s): 8080 (http) 8443 (https)
2018-12-22 13:24:26.850  INFO 11736 --- [           main] o.apache.catalina.core.StandardService   : Starting service Tomcat
2018-12-22 13:24:26.850  INFO 11736 --- [           main] org.apache.catalina.core.StandardEngine  : Starting Servlet Engine: Apache Tomcat/8.5.14
2018-12-22 13:24:26.893  INFO 11736 --- [ost-startStop-1] org.apache.jasper.servlet.TldScanner     : At least one JAR was scanned for TLDs yet contained no TLDs. Enable debug logging for this logger for a complete list of JARs that were scanned but no TLDs were found in them. Skipping unneeded JARs during scanning can improve startup time and JSP compilation time.
2018-12-22 13:24:26.895  INFO 11736 --- [ost-startStop-1] o.a.c.c.C.[Tomcat-156].[localhost].[/]   : Initializing Spring embedded WebApplicationContext
2018-12-22 13:24:26.895  INFO 11736 --- [ost-startStop-1] o.s.web.context.ContextLoader            : Root WebApplicationContext: initialization completed in 1458 ms
2018-12-22 13:24:27.109  INFO 11736 --- [ost-startStop-1] o.s.b.w.servlet.FilterRegistrationBean   : Mapping filter: 'metricsFilter' to: [/*]
2018-12-22 13:24:27.109  INFO 11736 --- [ost-startStop-1] o.s.b.w.servlet.FilterRegistrationBean   : Mapping filter: 'characterEncodingFilter' to: [/*]
2018-12-22 13:24:27.109  INFO 11736 --- [ost-startStop-1] o.s.b.w.servlet.FilterRegistrationBean   : Mapping filter: 'hiddenHttpMethodFilter' to: [/*]
2018-12-22 13:24:27.109  INFO 11736 --- [ost-startStop-1] o.s.b.w.servlet.FilterRegistrationBean   : Mapping filter: 'httpPutFormContentFilter' to: [/*]
2018-12-22 13:24:27.109  INFO 11736 --- [ost-startStop-1] o.s.b.w.servlet.FilterRegistrationBean   : Mapping filter: 'requestContextFilter' to: [/*]
2018-12-22 13:24:27.109  INFO 11736 --- [ost-startStop-1] .s.DelegatingFilterProxyRegistrationBean : Mapping filter: 'springSecurityFilterChain' to: [/*]
2018-12-22 13:24:27.109  INFO 11736 --- [ost-startStop-1] o.s.b.w.servlet.FilterRegistrationBean   : Mapping filter: 'webRequestLoggingFilter' to: [/*]
2018-12-22 13:24:27.109  INFO 11736 --- [ost-startStop-1] o.s.b.w.servlet.FilterRegistrationBean   : Mapping filter: 'applicationContextIdFilter' to: [/*]
2018-12-22 13:24:27.109  INFO 11736 --- [ost-startStop-1] o.s.b.w.servlet.ServletRegistrationBean  : Mapping servlet: 'dispatcherServlet' to [/]
2018-12-22 13:24:27.126  INFO 11736 --- [           main] j.LocalContainerEntityManagerFactoryBean : Building JPA container EntityManagerFactory for persistence unit 'VogonPU'
2018-12-22 13:24:27.126  INFO 11736 --- [           main] o.hibernate.jpa.internal.util.LogHelper  : HHH000204: Processing PersistenceUnitInfo [
	name: VogonPU
	...]
2018-12-22 13:24:27.131  WARN 11736 --- [           main] org.hibernate.orm.connections.pooling    : HHH10001002: Using Hibernate built-in connection pool (not for production use!)
2018-12-22 13:24:27.131  INFO 11736 --- [           main] org.hibernate.orm.connections.pooling    : HHH10001005: using driver [org.h2.Driver] at URL [jdbc:h2:mem:test]
2018-12-22 13:24:27.131  INFO 11736 --- [           main] org.hibernate.orm.connections.pooling    : HHH10001001: Connection properties: {}
2018-12-22 13:24:27.131  INFO 11736 --- [           main] org.hibernate.orm.connections.pooling    : HHH10001003: Autocommit mode: false
2018-12-22 13:24:27.131  INFO 11736 --- [           main] .c.i.DriverManagerConnectionProviderImpl : HHH000115: Hibernate connection pool size: 20 (min=1)
2018-12-22 13:24:27.132  INFO 11736 --- [           main] org.hibernate.dialect.Dialect            : HHH000400: Using dialect: org.hibernate.dialect.H2Dialect
2018-12-22 13:24:27.142  INFO 11736 --- [           main] org.hibernate.orm.connections.access     : HHH10001501: Connection obtained from JdbcConnectionAccess [org.hibernate.engine.jdbc.env.internal.JdbcEnvironmentInitiator$ConnectionProviderJdbcConnectionAccess@14cdd879] for (non-JTA) DDL execution was not in auto-commit mode; the Connection 'local transaction' will be committed and the Connection will be set into auto-commit mode.
2018-12-22 13:24:27.155  INFO 11736 --- [           main] j.LocalContainerEntityManagerFactoryBean : Initialized JPA EntityManagerFactory for persistence unit 'VogonPU'
2018-12-22 13:24:27.482  INFO 11736 --- [           main] .s.o.p.e.FrameworkEndpointHandlerMapping : Mapped "{[/oauth/authorize]}" onto public org.springframework.web.servlet.ModelAndView org.springframework.security.oauth2.provider.endpoint.AuthorizationEndpoint.authorize(java.util.Map<java.lang.String, java.lang.Object>,java.util.Map<java.lang.String, java.lang.String>,org.springframework.web.bind.support.SessionStatus,java.security.Principal)
2018-12-22 13:24:27.483  INFO 11736 --- [           main] .s.o.p.e.FrameworkEndpointHandlerMapping : Mapped "{[/oauth/authorize],methods=[POST],params=[user_oauth_approval]}" onto public org.springframework.web.servlet.View org.springframework.security.oauth2.provider.endpoint.AuthorizationEndpoint.approveOrDeny(java.util.Map<java.lang.String, java.lang.String>,java.util.Map<java.lang.String, ?>,org.springframework.web.bind.support.SessionStatus,java.security.Principal)
2018-12-22 13:24:27.483  INFO 11736 --- [           main] .s.o.p.e.FrameworkEndpointHandlerMapping : Mapped "{[/oauth/token],methods=[GET]}" onto public org.springframework.http.ResponseEntity<org.springframework.security.oauth2.common.OAuth2AccessToken> org.springframework.security.oauth2.provider.endpoint.TokenEndpoint.getAccessToken(java.security.Principal,java.util.Map<java.lang.String, java.lang.String>) throws org.springframework.web.HttpRequestMethodNotSupportedException
2018-12-22 13:24:27.483  INFO 11736 --- [           main] .s.o.p.e.FrameworkEndpointHandlerMapping : Mapped "{[/oauth/token],methods=[POST]}" onto public org.springframework.http.ResponseEntity<org.springframework.security.oauth2.common.OAuth2AccessToken> org.springframework.security.oauth2.provider.endpoint.TokenEndpoint.postAccessToken(java.security.Principal,java.util.Map<java.lang.String, java.lang.String>) throws org.springframework.web.HttpRequestMethodNotSupportedException
2018-12-22 13:24:27.483  INFO 11736 --- [           main] .s.o.p.e.FrameworkEndpointHandlerMapping : Mapped "{[/oauth/check_token]}" onto public java.util.Map<java.lang.String, ?> org.springframework.security.oauth2.provider.endpoint.CheckTokenEndpoint.checkToken(java.lang.String)
2018-12-22 13:24:27.483  INFO 11736 --- [           main] .s.o.p.e.FrameworkEndpointHandlerMapping : Mapped "{[/oauth/confirm_access]}" onto public org.springframework.web.servlet.ModelAndView org.springframework.security.oauth2.provider.endpoint.WhitelabelApprovalEndpoint.getAccessConfirmation(java.util.Map<java.lang.String, java.lang.Object>,javax.servlet.http.HttpServletRequest) throws java.lang.Exception
2018-12-22 13:24:27.483  INFO 11736 --- [           main] .s.o.p.e.FrameworkEndpointHandlerMapping : Mapped "{[/oauth/error]}" onto public org.springframework.web.servlet.ModelAndView org.springframework.security.oauth2.provider.endpoint.WhitelabelErrorEndpoint.handleError(javax.servlet.http.HttpServletRequest)
2018-12-22 13:24:27.703  INFO 11736 --- [           main] o.s.s.web.DefaultSecurityFilterChain     : Creating filter chain: OrRequestMatcher [requestMatchers=[Ant [pattern='/oauth/token'], Ant [pattern='/oauth/token_key'], Ant [pattern='/oauth/check_token']]], [org.springframework.security.web.context.request.async.WebAsyncManagerIntegrationFilter@6edc03df, org.springframework.security.web.context.SecurityContextPersistenceFilter@50c87cd9, org.springframework.security.web.header.HeaderWriterFilter@7f22c9f0, org.springframework.security.web.authentication.logout.LogoutFilter@5699df8e, org.springframework.security.oauth2.provider.client.ClientCredentialsTokenEndpointFilter@68c317ac, org.springframework.security.web.authentication.www.BasicAuthenticationFilter@1d2cb620, org.springframework.security.web.savedrequest.RequestCacheAwareFilter@18834cbd, org.springframework.security.web.servletapi.SecurityContextHolderAwareRequestFilter@71876b14, org.springframework.security.web.authentication.AnonymousAuthenticationFilter@1c6069da, org.springframework.security.web.session.SessionManagementFilter@2160cb29, org.springframework.security.web.access.ExceptionTranslationFilter@20cd09d4, org.springframework.security.web.access.intercept.FilterSecurityInterceptor@6ef995ff]
2018-12-22 13:24:27.704  INFO 11736 --- [           main] o.s.s.web.DefaultSecurityFilterChain     : Creating filter chain: org.springframework.boot.actuate.autoconfigure.ManagementWebSecurityAutoConfiguration$LazyEndpointPathRequestMatcher@16a328a8, [org.springframework.security.web.context.request.async.WebAsyncManagerIntegrationFilter@7944a1ed, org.springframework.security.web.context.SecurityContextPersistenceFilter@5bd93417, org.springframework.security.web.header.HeaderWriterFilter@158b32c3, org.springframework.security.web.authentication.logout.LogoutFilter@2e720f4, org.springframework.security.web.authentication.www.BasicAuthenticationFilter@bfdaeed, org.springframework.security.web.savedrequest.RequestCacheAwareFilter@4f288a47, org.springframework.security.web.servletapi.SecurityContextHolderAwareRequestFilter@3f9a44b, org.springframework.security.web.authentication.AnonymousAuthenticationFilter@25c56ef4, org.springframework.security.web.session.SessionManagementFilter@f81c3db, org.springframework.security.web.access.ExceptionTranslationFilter@2426186b, org.springframework.security.web.access.intercept.FilterSecurityInterceptor@7f347d2c]
2018-12-22 13:24:27.720  INFO 11736 --- [           main] o.s.s.w.a.c.ChannelProcessingFilter      : Validated configuration attributes
2018-12-22 13:24:27.724  INFO 11736 --- [           main] o.s.s.web.DefaultSecurityFilterChain     : Creating filter chain: org.springframework.security.oauth2.config.annotation.web.configuration.ResourceServerConfiguration$NotOAuthRequestMatcher@4c10f4d8, [org.springframework.security.web.access.channel.ChannelProcessingFilter@68df8124, org.springframework.security.web.context.request.async.WebAsyncManagerIntegrationFilter@79d66edf, org.springframework.security.web.context.SecurityContextPersistenceFilter@7af2e81f, org.springframework.security.web.header.HeaderWriterFilter@74d1ea0c, org.springframework.security.web.authentication.logout.LogoutFilter@6df716b4, org.springframework.security.oauth2.provider.authentication.OAuth2AuthenticationProcessingFilter@1642de7c, org.springframework.security.web.savedrequest.RequestCacheAwareFilter@24aa948, org.springframework.security.web.servletapi.SecurityContextHolderAwareRequestFilter@7930a287, org.springframework.security.web.authentication.AnonymousAuthenticationFilter@4b5ec2fa, org.springframework.security.web.session.SessionManagementFilter@30d490ed, org.springframework.security.web.access.ExceptionTranslationFilter@5d74b687, org.springframework.security.web.access.intercept.FilterSecurityInterceptor@c94a2e7]
2018-12-22 13:24:27.809  INFO 11736 --- [           main] s.w.s.m.m.a.RequestMappingHandlerAdapter : Looking for @ControllerAdvice: org.springframework.boot.context.embedded.AnnotationConfigEmbeddedWebApplicationContext@5ce52559: startup date [Sat Dec 22 13:24:25 IST 2018]; root of context hierarchy
2018-12-22 13:24:27.824  INFO 11736 --- [           main] s.w.s.m.m.a.RequestMappingHandlerMapping : Mapped "{[/service/accounts],methods=[GET],produces=[application/json]}" onto public java.util.Collection<org.zlogic.vogon.data.FinanceAccount> org.zlogic.vogon.web.controller.AccountsController.getAllAccounts(org.zlogic.vogon.web.security.VogonSecurityUser)
2018-12-22 13:24:27.825  INFO 11736 --- [           main] s.w.s.m.m.a.RequestMappingHandlerMapping : Mapped "{[/service/accounts],methods=[POST],produces=[application/json]}" onto public java.util.Collection<org.zlogic.vogon.data.FinanceAccount> org.zlogic.vogon.web.controller.AccountsController.updateAccounts(java.util.Collection<org.zlogic.vogon.data.FinanceAccount>,org.zlogic.vogon.web.security.VogonSecurityUser)
2018-12-22 13:24:27.825  INFO 11736 --- [           main] s.w.s.m.m.a.RequestMappingHandlerMapping : Mapped "{[/service/analytics/tags],methods=[GET],produces=[application/json]}" onto public java.util.Set<java.lang.String> org.zlogic.vogon.web.controller.AnalyticsController.getAllTags(org.zlogic.vogon.web.security.VogonSecurityUser)
2018-12-22 13:24:27.826  INFO 11736 --- [           main] s.w.s.m.m.a.RequestMappingHandlerMapping : Mapped "{[/service/analytics],methods=[POST],produces=[application/json]}" onto public java.util.Map<java.lang.String, org.zlogic.vogon.data.report.Report> org.zlogic.vogon.web.controller.AnalyticsController.getReport(org.zlogic.vogon.data.report.ReportFactory,org.zlogic.vogon.web.security.VogonSecurityUser)
2018-12-22 13:24:27.826  INFO 11736 --- [           main] s.w.s.m.m.a.RequestMappingHandlerMapping : Mapped "{[/service/currencies],methods=[GET],produces=[application/json]}" onto public java.util.Collection<org.zlogic.vogon.web.data.model.CurrencyDetails> org.zlogic.vogon.web.controller.CurrenciesController.getAllCurrencies()
2018-12-22 13:24:27.826  INFO 11736 --- [           main] s.w.s.m.m.a.RequestMappingHandlerMapping : Mapped "{[/service/export],methods=[GET || POST]}" onto public org.springframework.http.HttpEntity<byte[]> org.zlogic.vogon.web.controller.DataController.exportDataJSON(org.zlogic.vogon.web.security.VogonSecurityUser) throws java.lang.RuntimeException
2018-12-22 13:24:27.826  INFO 11736 --- [           main] s.w.s.m.m.a.RequestMappingHandlerMapping : Mapped "{[/service/import],methods=[POST],consumes=[multipart/form-data],produces=[application/json]}" onto public java.lang.Boolean org.zlogic.vogon.web.controller.DataController.importData(org.springframework.web.multipart.MultipartFile,org.zlogic.vogon.web.security.VogonSecurityUser) throws java.lang.RuntimeException
2018-12-22 13:24:27.826  INFO 11736 --- [           main] s.w.s.m.m.a.RequestMappingHandlerMapping : Mapped "{[/fragments/{fragment}.fragment]}" onto public org.springframework.web.servlet.ModelAndView org.zlogic.vogon.web.controller.JspController.fragmentModelAndView(java.lang.String)
2018-12-22 13:24:27.826  INFO 11736 --- [           main] s.w.s.m.m.a.RequestMappingHandlerMapping : Mapped "{[/]}" onto public org.springframework.web.servlet.ModelAndView org.zlogic.vogon.web.controller.JspController.indexModelAndView()
2018-12-22 13:24:27.826  INFO 11736 --- [           main] s.w.s.m.m.a.RequestMappingHandlerMapping : Mapped "{[/oauth/logout],methods=[POST]}" onto public void org.zlogic.vogon.web.controller.LogoutController.logout(org.springframework.security.oauth2.provider.OAuth2Authentication) throws org.zlogic.vogon.web.security.UsernameExistsException
2018-12-22 13:24:27.826  INFO 11736 --- [           main] s.w.s.m.m.a.RequestMappingHandlerMapping : Mapped "{[/register],methods=[POST],produces=[application/json]}" onto public org.zlogic.vogon.data.VogonUser org.zlogic.vogon.web.controller.RegistrationController.register(org.zlogic.vogon.data.VogonUser) throws org.zlogic.vogon.web.security.UsernameExistsException
2018-12-22 13:24:27.826  INFO 11736 --- [           main] s.w.s.m.m.a.RequestMappingHandlerMapping : Mapped "{[/service/transactions/transaction/{id}],methods=[GET],produces=[application/json]}" onto public org.zlogic.vogon.web.data.model.FinanceTransactionJson org.zlogic.vogon.web.controller.TransactionsController.getTransaction(long,org.zlogic.vogon.web.security.VogonSecurityUser)
2018-12-22 13:24:27.826  INFO 11736 --- [           main] s.w.s.m.m.a.RequestMappingHandlerMapping : Mapped "{[/service/transactions],methods=[GET],produces=[application/json]}" onto public java.util.Collection<org.zlogic.vogon.web.data.model.FinanceTransactionJson> org.zlogic.vogon.web.controller.TransactionsController.getTransactions(java.lang.Integer,org.zlogic.vogon.web.controller.TransactionsController$SortColumn,org.springframework.data.domain.Sort$Direction,java.lang.String,java.util.Date,java.util.Collection<java.lang.String>,org.zlogic.vogon.web.security.VogonSecurityUser)
2018-12-22 13:24:27.826  INFO 11736 --- [           main] s.w.s.m.m.a.RequestMappingHandlerMapping : Mapped "{[/service/transactions],methods=[POST],produces=[application/json]}" onto public org.zlogic.vogon.web.data.model.FinanceTransactionJson org.zlogic.vogon.web.controller.TransactionsController.submitTransaction(org.zlogic.vogon.web.data.model.FinanceTransactionJson,org.zlogic.vogon.web.security.VogonSecurityUser)
2018-12-22 13:24:27.827  INFO 11736 --- [           main] s.w.s.m.m.a.RequestMappingHandlerMapping : Mapped "{[/service/transactions/pages],methods=[GET],produces=[application/json]}" onto public long org.zlogic.vogon.web.controller.TransactionsController.getTransactionsCount(org.zlogic.vogon.web.security.VogonSecurityUser)
2018-12-22 13:24:27.827  INFO 11736 --- [           main] s.w.s.m.m.a.RequestMappingHandlerMapping : Mapped "{[/service/transactions/transaction/{id}],methods=[DELETE],produces=[application/json]}" onto public org.zlogic.vogon.web.data.model.FinanceTransactionJson org.zlogic.vogon.web.controller.TransactionsController.deleteTransaction(long,org.zlogic.vogon.web.security.VogonSecurityUser)
2018-12-22 13:24:27.827  INFO 11736 --- [           main] s.w.s.m.m.a.RequestMappingHandlerMapping : Mapped "{[/service/user],methods=[POST],produces=[application/json]}" onto public org.zlogic.vogon.data.VogonUser org.zlogic.vogon.web.controller.UsersController.submitUser(org.zlogic.vogon.data.VogonUser,org.zlogic.vogon.web.security.VogonSecurityUser) throws org.zlogic.vogon.web.security.UsernameExistsException
2018-12-22 13:24:27.827  INFO 11736 --- [           main] s.w.s.m.m.a.RequestMappingHandlerMapping : Mapped "{[/service/user],methods=[GET],produces=[application/json]}" onto public org.zlogic.vogon.data.VogonUser org.zlogic.vogon.web.controller.UsersController.getUserData(org.zlogic.vogon.web.security.VogonSecurityUser)
2018-12-22 13:24:27.828  INFO 11736 --- [           main] s.w.s.m.m.a.RequestMappingHandlerMapping : Mapped "{[/error]}" onto public org.springframework.http.ResponseEntity<java.util.Map<java.lang.String, java.lang.Object>> org.springframework.boot.autoconfigure.web.BasicErrorController.error(javax.servlet.http.HttpServletRequest)
2018-12-22 13:24:27.828  INFO 11736 --- [           main] s.w.s.m.m.a.RequestMappingHandlerMapping : Mapped "{[/error],produces=[text/html]}" onto public org.springframework.web.servlet.ModelAndView org.springframework.boot.autoconfigure.web.BasicErrorController.errorHtml(javax.servlet.http.HttpServletRequest,javax.servlet.http.HttpServletResponse)
2018-12-22 13:24:27.844  INFO 11736 --- [           main] o.s.w.s.handler.SimpleUrlHandlerMapping  : Root mapping to handler of type [class org.springframework.web.servlet.mvc.ParameterizableViewController]
2018-12-22 13:24:28.000  INFO 11736 --- [           main] o.s.w.s.handler.SimpleUrlHandlerMapping  : Mapped URL path [/webjars/**] onto handler of type [class org.springframework.web.servlet.resource.ResourceHttpRequestHandler]
2018-12-22 13:24:28.000  INFO 11736 --- [           main] o.s.w.s.handler.SimpleUrlHandlerMapping  : Mapped URL path [/**] onto handler of type [class org.springframework.web.servlet.resource.ResourceHttpRequestHandler]
2018-12-22 13:24:28.000  INFO 11736 --- [           main] o.s.w.s.handler.SimpleUrlHandlerMapping  : Mapped URL path [/**] onto handler of type [class org.springframework.web.servlet.resource.DefaultServletHttpRequestHandler]
2018-12-22 13:24:28.016  INFO 11736 --- [           main] o.s.w.s.handler.SimpleUrlHandlerMapping  : Mapped URL path [/**/favicon.ico] onto handler of type [class org.springframework.web.servlet.resource.ResourceHttpRequestHandler]
2018-12-22 13:24:28.362  INFO 11736 --- [           main] o.s.b.a.e.mvc.EndpointHandlerMapping     : Mapped "{[/loggers/{name:.*}],methods=[GET],produces=[application/vnd.spring-boot.actuator.v1+json || application/json]}" onto public java.lang.Object org.springframework.boot.actuate.endpoint.mvc.LoggersMvcEndpoint.get(java.lang.String)
2018-12-22 13:24:28.362  INFO 11736 --- [           main] o.s.b.a.e.mvc.EndpointHandlerMapping     : Mapped "{[/loggers/{name:.*}],methods=[POST],consumes=[application/vnd.spring-boot.actuator.v1+json || application/json],produces=[application/vnd.spring-boot.actuator.v1+json || application/json]}" onto public java.lang.Object org.springframework.boot.actuate.endpoint.mvc.LoggersMvcEndpoint.set(java.lang.String,java.util.Map<java.lang.String, java.lang.String>)
2018-12-22 13:24:28.362  INFO 11736 --- [           main] o.s.b.a.e.mvc.EndpointHandlerMapping     : Mapped "{[/loggers || /loggers.json],methods=[GET],produces=[application/vnd.spring-boot.actuator.v1+json || application/json]}" onto public java.lang.Object org.springframework.boot.actuate.endpoint.mvc.EndpointMvcAdapter.invoke()
2018-12-22 13:24:28.362  INFO 11736 --- [           main] o.s.b.a.e.mvc.EndpointHandlerMapping     : Mapped "{[/auditevents || /auditevents.json],methods=[GET],produces=[application/vnd.spring-boot.actuator.v1+json || application/json]}" onto public org.springframework.http.ResponseEntity<?> org.springframework.boot.actuate.endpoint.mvc.AuditEventsMvcEndpoint.findByPrincipalAndAfterAndType(java.lang.String,java.util.Date,java.lang.String)
2018-12-22 13:24:28.362  INFO 11736 --- [           main] o.s.b.a.e.mvc.EndpointHandlerMapping     : Mapped "{[/info || /info.json],methods=[GET],produces=[application/vnd.spring-boot.actuator.v1+json || application/json]}" onto public java.lang.Object org.springframework.boot.actuate.endpoint.mvc.EndpointMvcAdapter.invoke()
2018-12-22 13:24:28.362  INFO 11736 --- [           main] o.s.b.a.e.mvc.EndpointHandlerMapping     : Mapped "{[/env/{name:.*}],methods=[GET],produces=[application/vnd.spring-boot.actuator.v1+json || application/json]}" onto public java.lang.Object org.springframework.boot.actuate.endpoint.mvc.EnvironmentMvcEndpoint.value(java.lang.String)
2018-12-22 13:24:28.362  INFO 11736 --- [           main] o.s.b.a.e.mvc.EndpointHandlerMapping     : Mapped "{[/env || /env.json],methods=[GET],produces=[application/vnd.spring-boot.actuator.v1+json || application/json]}" onto public java.lang.Object org.springframework.boot.actuate.endpoint.mvc.EndpointMvcAdapter.invoke()
2018-12-22 13:24:28.362  INFO 11736 --- [           main] o.s.b.a.e.mvc.EndpointHandlerMapping     : Mapped "{[/heapdump || /heapdump.json],methods=[GET],produces=[application/octet-stream]}" onto public void org.springframework.boot.actuate.endpoint.mvc.HeapdumpMvcEndpoint.invoke(boolean,javax.servlet.http.HttpServletRequest,javax.servlet.http.HttpServletResponse) throws java.io.IOException,javax.servlet.ServletException
2018-12-22 13:24:28.362  INFO 11736 --- [           main] o.s.b.a.e.mvc.EndpointHandlerMapping     : Mapped "{[/beans || /beans.json],methods=[GET],produces=[application/vnd.spring-boot.actuator.v1+json || application/json]}" onto public java.lang.Object org.springframework.boot.actuate.endpoint.mvc.EndpointMvcAdapter.invoke()
2018-12-22 13:24:28.362  INFO 11736 --- [           main] o.s.b.a.e.mvc.EndpointHandlerMapping     : Mapped "{[/health || /health.json],methods=[GET],produces=[application/vnd.spring-boot.actuator.v1+json || application/json]}" onto public java.lang.Object org.springframework.boot.actuate.endpoint.mvc.HealthMvcEndpoint.invoke(javax.servlet.http.HttpServletRequest,java.security.Principal)
2018-12-22 13:24:28.362  INFO 11736 --- [           main] o.s.b.a.e.mvc.EndpointHandlerMapping     : Mapped "{[/autoconfig || /autoconfig.json],methods=[GET],produces=[application/vnd.spring-boot.actuator.v1+json || application/json]}" onto public java.lang.Object org.springframework.boot.actuate.endpoint.mvc.EndpointMvcAdapter.invoke()
2018-12-22 13:24:28.362  INFO 11736 --- [           main] o.s.b.a.e.mvc.EndpointHandlerMapping     : Mapped "{[/metrics/{name:.*}],methods=[GET],produces=[application/vnd.spring-boot.actuator.v1+json || application/json]}" onto public java.lang.Object org.springframework.boot.actuate.endpoint.mvc.MetricsMvcEndpoint.value(java.lang.String)
2018-12-22 13:24:28.362  INFO 11736 --- [           main] o.s.b.a.e.mvc.EndpointHandlerMapping     : Mapped "{[/metrics || /metrics.json],methods=[GET],produces=[application/vnd.spring-boot.actuator.v1+json || application/json]}" onto public java.lang.Object org.springframework.boot.actuate.endpoint.mvc.EndpointMvcAdapter.invoke()
2018-12-22 13:24:28.362  INFO 11736 --- [           main] o.s.b.a.e.mvc.EndpointHandlerMapping     : Mapped "{[/configprops || /configprops.json],methods=[GET],produces=[application/vnd.spring-boot.actuator.v1+json || application/json]}" onto public java.lang.Object org.springframework.boot.actuate.endpoint.mvc.EndpointMvcAdapter.invoke()
2018-12-22 13:24:28.362  INFO 11736 --- [           main] o.s.b.a.e.mvc.EndpointHandlerMapping     : Mapped "{[/trace || /trace.json],methods=[GET],produces=[application/vnd.spring-boot.actuator.v1+json || application/json]}" onto public java.lang.Object org.springframework.boot.actuate.endpoint.mvc.EndpointMvcAdapter.invoke()
2018-12-22 13:24:28.362  INFO 11736 --- [           main] o.s.b.a.e.mvc.EndpointHandlerMapping     : Mapped "{[/mappings || /mappings.json],methods=[GET],produces=[application/vnd.spring-boot.actuator.v1+json || application/json]}" onto public java.lang.Object org.springframework.boot.actuate.endpoint.mvc.EndpointMvcAdapter.invoke()
2018-12-22 13:24:28.362  INFO 11736 --- [           main] o.s.b.a.e.mvc.EndpointHandlerMapping     : Mapped "{[/dump || /dump.json],methods=[GET],produces=[application/vnd.spring-boot.actuator.v1+json || application/json]}" onto public java.lang.Object org.springframework.boot.actuate.endpoint.mvc.EndpointMvcAdapter.invoke()
2018-12-22 13:24:28.478 ERROR 11736 --- [           main] o.a.coyote.http11.Http11NioProtocol      : Failed to start end point associated with ProtocolHandler ["http-nio-8080"]

java.net.BindException: Address already in use: bind
	at sun.nio.ch.Net.bind0(Native Method) ~[na:1.8.0_191]
	at sun.nio.ch.Net.bind(Net.java:433) ~[na:1.8.0_191]
	at sun.nio.ch.Net.bind(Net.java:425) ~[na:1.8.0_191]
	at sun.nio.ch.ServerSocketChannelImpl.bind(ServerSocketChannelImpl.java:223) ~[na:1.8.0_191]
	at sun.nio.ch.ServerSocketAdaptor.bind(ServerSocketAdaptor.java:74) ~[na:1.8.0_191]
	at org.apache.tomcat.util.net.NioEndpoint.bind(NioEndpoint.java:210) ~[tomcat-embed-core-8.5.14.jar:8.5.14]
	at org.apache.tomcat.util.net.AbstractEndpoint.start(AbstractEndpoint.java:978) ~[tomcat-embed-core-8.5.14.jar:8.5.14]
	at org.apache.coyote.AbstractProtocol.start(AbstractProtocol.java:628) ~[tomcat-embed-core-8.5.14.jar:8.5.14]
	at org.apache.catalina.connector.Connector.startInternal(Connector.java:993) [tomcat-embed-core-8.5.14.jar:8.5.14]
	at org.apache.catalina.util.LifecycleBase.start(LifecycleBase.java:150) [tomcat-embed-core-8.5.14.jar:8.5.14]
	at org.apache.catalina.core.StandardService.addConnector(StandardService.java:225) [tomcat-embed-core-8.5.14.jar:8.5.14]
	at org.springframework.boot.context.embedded.tomcat.TomcatEmbeddedServletContainer.addPreviouslyRemovedConnectors(TomcatEmbeddedServletContainer.java:247) [spring-boot-1.5.3.RELEASE.jar:1.5.3.RELEASE]
	at org.springframework.boot.context.embedded.tomcat.TomcatEmbeddedServletContainer.start(TomcatEmbeddedServletContainer.java:190) [spring-boot-1.5.3.RELEASE.jar:1.5.3.RELEASE]
	at org.springframework.boot.context.embedded.EmbeddedWebApplicationContext.startEmbeddedServletContainer(EmbeddedWebApplicationContext.java:297) [spring-boot-1.5.3.RELEASE.jar:1.5.3.RELEASE]
	at org.springframework.boot.context.embedded.EmbeddedWebApplicationContext.finishRefresh(EmbeddedWebApplicationContext.java:145) [spring-boot-1.5.3.RELEASE.jar:1.5.3.RELEASE]
	at org.springframework.context.support.AbstractApplicationContext.refresh(AbstractApplicationContext.java:545) [spring-context-4.3.8.RELEASE.jar:4.3.8.RELEASE]
	at org.springframework.boot.context.embedded.EmbeddedWebApplicationContext.refresh(EmbeddedWebApplicationContext.java:122) [spring-boot-1.5.3.RELEASE.jar:1.5.3.RELEASE]
	at org.springframework.boot.SpringApplication.refresh(SpringApplication.java:737) [spring-boot-1.5.3.RELEASE.jar:1.5.3.RELEASE]
	at org.springframework.boot.SpringApplication.refreshContext(SpringApplication.java:370) [spring-boot-1.5.3.RELEASE.jar:1.5.3.RELEASE]
	at org.springframework.boot.SpringApplication.run(SpringApplication.java:314) [spring-boot-1.5.3.RELEASE.jar:1.5.3.RELEASE]
	at org.springframework.boot.test.context.SpringBootContextLoader.loadContext(SpringBootContextLoader.java:120) [spring-boot-test-1.5.3.RELEASE.jar:1.5.3.RELEASE]
	at org.springframework.test.context.cache.DefaultCacheAwareContextLoaderDelegate.loadContextInternal(DefaultCacheAwareContextLoaderDelegate.java:98) [spring-test-4.3.8.RELEASE.jar:4.3.8.RELEASE]
	at org.springframework.test.context.cache.DefaultCacheAwareContextLoaderDelegate.loadContext(DefaultCacheAwareContextLoaderDelegate.java:116) [spring-test-4.3.8.RELEASE.jar:4.3.8.RELEASE]
	at org.springframework.test.context.support.DefaultTestContext.getApplicationContext(DefaultTestContext.java:83) [spring-test-4.3.8.RELEASE.jar:4.3.8.RELEASE]
	at org.springframework.test.context.support.DependencyInjectionTestExecutionListener.injectDependencies(DependencyInjectionTestExecutionListener.java:117) [spring-test-4.3.8.RELEASE.jar:4.3.8.RELEASE]
	at org.springframework.test.context.support.DependencyInjectionTestExecutionListener.prepareTestInstance(DependencyInjectionTestExecutionListener.java:83) [spring-test-4.3.8.RELEASE.jar:4.3.8.RELEASE]
	at org.springframework.boot.test.autoconfigure.SpringBootDependencyInjectionTestExecutionListener.prepareTestInstance(SpringBootDependencyInjectionTestExecutionListener.java:44) [spring-boot-test-autoconfigure-1.5.3.RELEASE.jar:1.5.3.RELEASE]
	at org.springframework.test.context.TestContextManager.prepareTestInstance(TestContextManager.java:230) [spring-test-4.3.8.RELEASE.jar:4.3.8.RELEASE]
	at org.springframework.test.context.junit4.SpringJUnit4ClassRunner.createTest(SpringJUnit4ClassRunner.java:228) [spring-test-4.3.8.RELEASE.jar:4.3.8.RELEASE]
	at org.springframework.test.context.junit4.SpringJUnit4ClassRunner$1.runReflectiveCall(SpringJUnit4ClassRunner.java:287) [spring-test-4.3.8.RELEASE.jar:4.3.8.RELEASE]
	at org.junit.internal.runners.model.ReflectiveCallable.run(ReflectiveCallable.java:12) [junit-4.12.jar:4.12]
	at org.springframework.test.context.junit4.SpringJUnit4ClassRunner.methodBlock(SpringJUnit4ClassRunner.java:289) [spring-test-4.3.8.RELEASE.jar:4.3.8.RELEASE]
	at org.springframework.test.context.junit4.SpringJUnit4ClassRunner.runChild(SpringJUnit4ClassRunner.java:247) [spring-test-4.3.8.RELEASE.jar:4.3.8.RELEASE]
	at org.springframework.test.context.junit4.SpringJUnit4ClassRunner.runChild(SpringJUnit4ClassRunner.java:94) [spring-test-4.3.8.RELEASE.jar:4.3.8.RELEASE]
	at org.junit.runners.ParentRunner$3.run(ParentRunner.java:290) [junit-4.12.jar:4.12]
	at org.junit.runners.ParentRunner$1.schedule(ParentRunner.java:71) [junit-4.12.jar:4.12]
	at org.junit.runners.ParentRunner.runChildren(ParentRunner.java:288) [junit-4.12.jar:4.12]
	at org.junit.runners.ParentRunner.access$000(ParentRunner.java:58) [junit-4.12.jar:4.12]
	at org.junit.runners.ParentRunner$2.evaluate(ParentRunner.java:268) [junit-4.12.jar:4.12]
	at org.springframework.test.context.junit4.statements.RunBeforeTestClassCallbacks.evaluate(RunBeforeTestClassCallbacks.java:61) [spring-test-4.3.8.RELEASE.jar:4.3.8.RELEASE]
	at org.springframework.test.context.junit4.statements.RunAfterTestClassCallbacks.evaluate(RunAfterTestClassCallbacks.java:70) [spring-test-4.3.8.RELEASE.jar:4.3.8.RELEASE]
	at org.junit.runners.ParentRunner.run(ParentRunner.java:363) [junit-4.12.jar:4.12]
	at org.springframework.test.context.junit4.SpringJUnit4ClassRunner.run(SpringJUnit4ClassRunner.java:191) [spring-test-4.3.8.RELEASE.jar:4.3.8.RELEASE]
	at org.apache.maven.surefire.junit4.JUnit4Provider.execute(JUnit4Provider.java:365) [surefire-junit4-2.20.jar:2.20]
	at org.apache.maven.surefire.junit4.JUnit4Provider.executeWithRerun(JUnit4Provider.java:272) [surefire-junit4-2.20.jar:2.20]
	at org.apache.maven.surefire.junit4.JUnit4Provider.executeTestSet(JUnit4Provider.java:236) [surefire-junit4-2.20.jar:2.20]
	at org.apache.maven.surefire.junit4.JUnit4Provider.invoke(JUnit4Provider.java:159) [surefire-junit4-2.20.jar:2.20]
	at org.apache.maven.surefire.booter.ForkedBooter.invokeProviderInSameClassLoader(ForkedBooter.java:386) [surefire-booter-2.20.jar:2.20]
	at org.apache.maven.surefire.booter.ForkedBooter.runSuitesInProcess(ForkedBooter.java:323) [surefire-booter-2.20.jar:2.20]
	at org.apache.maven.surefire.booter.ForkedBooter.main(ForkedBooter.java:143) [surefire-booter-2.20.jar:2.20]

2018-12-22 13:24:28.479 ERROR 11736 --- [           main] o.apache.catalina.core.StandardService   : Failed to start connector [Connector[HTTP/1.1-8080]]

org.apache.catalina.LifecycleException: Failed to start component [Connector[HTTP/1.1-8080]]
	at org.apache.catalina.util.LifecycleBase.start(LifecycleBase.java:167) ~[tomcat-embed-core-8.5.14.jar:8.5.14]
	at org.apache.catalina.core.StandardService.addConnector(StandardService.java:225) ~[tomcat-embed-core-8.5.14.jar:8.5.14]
	at org.springframework.boot.context.embedded.tomcat.TomcatEmbeddedServletContainer.addPreviouslyRemovedConnectors(TomcatEmbeddedServletContainer.java:247) [spring-boot-1.5.3.RELEASE.jar:1.5.3.RELEASE]
	at org.springframework.boot.context.embedded.tomcat.TomcatEmbeddedServletContainer.start(TomcatEmbeddedServletContainer.java:190) [spring-boot-1.5.3.RELEASE.jar:1.5.3.RELEASE]
	at org.springframework.boot.context.embedded.EmbeddedWebApplicationContext.startEmbeddedServletContainer(EmbeddedWebApplicationContext.java:297) [spring-boot-1.5.3.RELEASE.jar:1.5.3.RELEASE]
	at org.springframework.boot.context.embedded.EmbeddedWebApplicationContext.finishRefresh(EmbeddedWebApplicationContext.java:145) [spring-boot-1.5.3.RELEASE.jar:1.5.3.RELEASE]
	at org.springframework.context.support.AbstractApplicationContext.refresh(AbstractApplicationContext.java:545) [spring-context-4.3.8.RELEASE.jar:4.3.8.RELEASE]
	at org.springframework.boot.context.embedded.EmbeddedWebApplicationContext.refresh(EmbeddedWebApplicationContext.java:122) [spring-boot-1.5.3.RELEASE.jar:1.5.3.RELEASE]
	at org.springframework.boot.SpringApplication.refresh(SpringApplication.java:737) [spring-boot-1.5.3.RELEASE.jar:1.5.3.RELEASE]
	at org.springframework.boot.SpringApplication.refreshContext(SpringApplication.java:370) [spring-boot-1.5.3.RELEASE.jar:1.5.3.RELEASE]
	at org.springframework.boot.SpringApplication.run(SpringApplication.java:314) [spring-boot-1.5.3.RELEASE.jar:1.5.3.RELEASE]
	at org.springframework.boot.test.context.SpringBootContextLoader.loadContext(SpringBootContextLoader.java:120) [spring-boot-test-1.5.3.RELEASE.jar:1.5.3.RELEASE]
	at org.springframework.test.context.cache.DefaultCacheAwareContextLoaderDelegate.loadContextInternal(DefaultCacheAwareContextLoaderDelegate.java:98) [spring-test-4.3.8.RELEASE.jar:4.3.8.RELEASE]
	at org.springframework.test.context.cache.DefaultCacheAwareContextLoaderDelegate.loadContext(DefaultCacheAwareContextLoaderDelegate.java:116) [spring-test-4.3.8.RELEASE.jar:4.3.8.RELEASE]
	at org.springframework.test.context.support.DefaultTestContext.getApplicationContext(DefaultTestContext.java:83) [spring-test-4.3.8.RELEASE.jar:4.3.8.RELEASE]
	at org.springframework.test.context.support.DependencyInjectionTestExecutionListener.injectDependencies(DependencyInjectionTestExecutionListener.java:117) [spring-test-4.3.8.RELEASE.jar:4.3.8.RELEASE]
	at org.springframework.test.context.support.DependencyInjectionTestExecutionListener.prepareTestInstance(DependencyInjectionTestExecutionListener.java:83) [spring-test-4.3.8.RELEASE.jar:4.3.8.RELEASE]
	at org.springframework.boot.test.autoconfigure.SpringBootDependencyInjectionTestExecutionListener.prepareTestInstance(SpringBootDependencyInjectionTestExecutionListener.java:44) [spring-boot-test-autoconfigure-1.5.3.RELEASE.jar:1.5.3.RELEASE]
	at org.springframework.test.context.TestContextManager.prepareTestInstance(TestContextManager.java:230) [spring-test-4.3.8.RELEASE.jar:4.3.8.RELEASE]
	at org.springframework.test.context.junit4.SpringJUnit4ClassRunner.createTest(SpringJUnit4ClassRunner.java:228) [spring-test-4.3.8.RELEASE.jar:4.3.8.RELEASE]
	at org.springframework.test.context.junit4.SpringJUnit4ClassRunner$1.runReflectiveCall(SpringJUnit4ClassRunner.java:287) [spring-test-4.3.8.RELEASE.jar:4.3.8.RELEASE]
	at org.junit.internal.runners.model.ReflectiveCallable.run(ReflectiveCallable.java:12) [junit-4.12.jar:4.12]
	at org.springframework.test.context.junit4.SpringJUnit4ClassRunner.methodBlock(SpringJUnit4ClassRunner.java:289) [spring-test-4.3.8.RELEASE.jar:4.3.8.RELEASE]
	at org.springframework.test.context.junit4.SpringJUnit4ClassRunner.runChild(SpringJUnit4ClassRunner.java:247) [spring-test-4.3.8.RELEASE.jar:4.3.8.RELEASE]
	at org.springframework.test.context.junit4.SpringJUnit4ClassRunner.runChild(SpringJUnit4ClassRunner.java:94) [spring-test-4.3.8.RELEASE.jar:4.3.8.RELEASE]
	at org.junit.runners.ParentRunner$3.run(ParentRunner.java:290) [junit-4.12.jar:4.12]
	at org.junit.runners.ParentRunner$1.schedule(ParentRunner.java:71) [junit-4.12.jar:4.12]
	at org.junit.runners.ParentRunner.runChildren(ParentRunner.java:288) [junit-4.12.jar:4.12]
	at org.junit.runners.ParentRunner.access$000(ParentRunner.java:58) [junit-4.12.jar:4.12]
	at org.junit.runners.ParentRunner$2.evaluate(ParentRunner.java:268) [junit-4.12.jar:4.12]
	at org.springframework.test.context.junit4.statements.RunBeforeTestClassCallbacks.evaluate(RunBeforeTestClassCallbacks.java:61) [spring-test-4.3.8.RELEASE.jar:4.3.8.RELEASE]
	at org.springframework.test.context.junit4.statements.RunAfterTestClassCallbacks.evaluate(RunAfterTestClassCallbacks.java:70) [spring-test-4.3.8.RELEASE.jar:4.3.8.RELEASE]
	at org.junit.runners.ParentRunner.run(ParentRunner.java:363) [junit-4.12.jar:4.12]
	at org.springframework.test.context.junit4.SpringJUnit4ClassRunner.run(SpringJUnit4ClassRunner.java:191) [spring-test-4.3.8.RELEASE.jar:4.3.8.RELEASE]
	at org.apache.maven.surefire.junit4.JUnit4Provider.execute(JUnit4Provider.java:365) [surefire-junit4-2.20.jar:2.20]
	at org.apache.maven.surefire.junit4.JUnit4Provider.executeWithRerun(JUnit4Provider.java:272) [surefire-junit4-2.20.jar:2.20]
	at org.apache.maven.surefire.junit4.JUnit4Provider.executeTestSet(JUnit4Provider.java:236) [surefire-junit4-2.20.jar:2.20]
	at org.apache.maven.surefire.junit4.JUnit4Provider.invoke(JUnit4Provider.java:159) [surefire-junit4-2.20.jar:2.20]
	at org.apache.maven.surefire.booter.ForkedBooter.invokeProviderInSameClassLoader(ForkedBooter.java:386) [surefire-booter-2.20.jar:2.20]
	at org.apache.maven.surefire.booter.ForkedBooter.runSuitesInProcess(ForkedBooter.java:323) [surefire-booter-2.20.jar:2.20]
	at org.apache.maven.surefire.booter.ForkedBooter.main(ForkedBooter.java:143) [surefire-booter-2.20.jar:2.20]
Caused by: org.apache.catalina.LifecycleException: service.getName(): "Tomcat";  Protocol handler start failed
	at org.apache.catalina.connector.Connector.startInternal(Connector.java:1000) ~[tomcat-embed-core-8.5.14.jar:8.5.14]
	at org.apache.catalina.util.LifecycleBase.start(LifecycleBase.java:150) ~[tomcat-embed-core-8.5.14.jar:8.5.14]
	... 40 common frames omitted
Caused by: java.net.BindException: Address already in use: bind
	at sun.nio.ch.Net.bind0(Native Method) ~[na:1.8.0_191]
	at sun.nio.ch.Net.bind(Net.java:433) ~[na:1.8.0_191]
	at sun.nio.ch.Net.bind(Net.java:425) ~[na:1.8.0_191]
	at sun.nio.ch.ServerSocketChannelImpl.bind(ServerSocketChannelImpl.java:223) ~[na:1.8.0_191]
	at sun.nio.ch.ServerSocketAdaptor.bind(ServerSocketAdaptor.java:74) ~[na:1.8.0_191]
	at org.apache.tomcat.util.net.NioEndpoint.bind(NioEndpoint.java:210) ~[tomcat-embed-core-8.5.14.jar:8.5.14]
	at org.apache.tomcat.util.net.AbstractEndpoint.start(AbstractEndpoint.java:978) ~[tomcat-embed-core-8.5.14.jar:8.5.14]
	at org.apache.coyote.AbstractProtocol.start(AbstractProtocol.java:628) ~[tomcat-embed-core-8.5.14.jar:8.5.14]
	at org.apache.catalina.connector.Connector.startInternal(Connector.java:993) ~[tomcat-embed-core-8.5.14.jar:8.5.14]
	... 41 common frames omitted

2018-12-22 13:24:28.628  INFO 11736 --- [           main] o.apache.catalina.core.StandardService   : Stopping service Tomcat
2018-12-22 13:24:28.633  INFO 11736 --- [           main] utoConfigurationReportLoggingInitializer : 

Error starting ApplicationContext. To display the auto-configuration report re-run your application with 'debug' enabled.
2018-12-22 13:24:28.635 ERROR 11736 --- [           main] o.s.b.d.LoggingFailureAnalysisReporter   : 

***************************
APPLICATION FAILED TO START
***************************

Description:

The Tomcat connector configured to listen on port 8080 failed to start. The port may already be in use or the connector may be misconfigured.

Action:

Verify the connector's configuration, identify and stop any process that's listening on port 8080, or configure this application to listen on another port.

2018-12-22 13:24:28.635  INFO 11736 --- [           main] ationConfigEmbeddedWebApplicationContext : Closing org.springframework.boot.context.embedded.AnnotationConfigEmbeddedWebApplicationContext@5ce52559: startup date [Sat Dec 22 13:24:25 IST 2018]; root of context hierarchy
2018-12-22 13:24:28.637  INFO 11736 --- [           main] o.z.vogon.web.PersistenceConfiguration   : Unloading JDBC drivers
2018-12-22 13:24:28.637  INFO 11736 --- [           main] j.LocalContainerEntityManagerFactoryBean : Closing JPA EntityManagerFactory for persistence unit 'VogonPU'
2018-12-22 13:24:28.637  INFO 11736 --- [           main] org.hibernate.orm.connections.pooling    : HHH10001008: Cleaning up connection pool [jdbc:h2:mem:test]

  .   ____          _            __ _ _
 /\\ / ___'_ __ _ _(_)_ __  __ _ \ \ \ \
( ( )\___ | '_ | '_| | '_ \/ _` | \ \ \ \
 \\/  ___)| |_)| | | | | || (_| |  ) ) ) )
  '  |____| .__|_| |_|_| |_\__, | / / / /
 =========|_|==============|___/=/_/_/_/
 :: Spring Boot ::        (v1.5.3.RELEASE)

2018-12-22 13:24:28.668  INFO 11736 --- [           main] o.z.v.w.TransactionsControllerWriteTest  : Starting TransactionsControllerWriteTest on GOPAL with PID 11736 (started by GOPAL$ in C:\Program Files (x86)\Jenkins\workspace\Maven_project\vogon-web)
2018-12-22 13:24:28.668  INFO 11736 --- [           main] o.z.v.w.TransactionsControllerWriteTest  : No active profile set, falling back to default profiles: default
2018-12-22 13:24:28.670  INFO 11736 --- [           main] ationConfigEmbeddedWebApplicationContext : Refreshing org.springframework.boot.context.embedded.AnnotationConfigEmbeddedWebApplicationContext@4ce4aa82: startup date [Sat Dec 22 13:24:28 IST 2018]; root of context hierarchy
2018-12-22 13:24:28.978  INFO 11736 --- [           main] o.s.b.f.s.DefaultListableBeanFactory     : Overriding bean definition for bean 'entityManagerFactory' with a different definition: replacing [Root bean: class [null]; scope=; abstract=false; lazyInit=false; autowireMode=3; dependencyCheck=0; autowireCandidate=true; primary=false; factoryBeanName=persistenceConfiguration; factoryMethodName=entityManagerFactory; initMethodName=null; destroyMethodName=(inferred); defined in class path resource [org/zlogic/vogon/web/PersistenceConfiguration.class]] with [Root bean: class [null]; scope=; abstract=false; lazyInit=false; autowireMode=3; dependencyCheck=0; autowireCandidate=true; primary=false; factoryBeanName=databaseConfiguration; factoryMethodName=entityManagerFactory; initMethodName=null; destroyMethodName=(inferred); defined in org.zlogic.vogon.web.DatabaseConfiguration]
2018-12-22 13:24:29.145  INFO 11736 --- [           main] trationDelegate$BeanPostProcessorChecker : Bean 'org.springframework.security.config.annotation.configuration.ObjectPostProcessorConfiguration' of type [org.springframework.security.config.annotation.configuration.ObjectPostProcessorConfiguration$$EnhancerBySpringCGLIB$$be8c3acc] is not eligible for getting processed by all BeanPostProcessors (for example: not eligible for auto-proxying)
2018-12-22 13:24:29.152  INFO 11736 --- [           main] trationDelegate$BeanPostProcessorChecker : Bean 'objectPostProcessor' of type [org.springframework.security.config.annotation.configuration.AutowireBeanFactoryObjectPostProcessor] is not eligible for getting processed by all BeanPostProcessors (for example: not eligible for auto-proxying)
2018-12-22 13:24:29.153  INFO 11736 --- [           main] trationDelegate$BeanPostProcessorChecker : Bean 'org.springframework.security.access.expression.method.DefaultMethodSecurityExpressionHandler@17785969' of type [org.springframework.security.oauth2.provider.expression.OAuth2MethodSecurityExpressionHandler] is not eligible for getting processed by all BeanPostProcessors (for example: not eligible for auto-proxying)
2018-12-22 13:24:29.159  INFO 11736 --- [           main] trationDelegate$BeanPostProcessorChecker : Bean 'org.springframework.security.config.annotation.method.configuration.GlobalMethodSecurityConfiguration' of type [org.springframework.security.config.annotation.method.configuration.GlobalMethodSecurityConfiguration$$EnhancerBySpringCGLIB$$e360dd7e] is not eligible for getting processed by all BeanPostProcessors (for example: not eligible for auto-proxying)
2018-12-22 13:24:29.161  INFO 11736 --- [           main] trationDelegate$BeanPostProcessorChecker : Bean 'methodSecurityMetadataSource' of type [org.springframework.security.access.method.DelegatingMethodSecurityMetadataSource] is not eligible for getting processed by all BeanPostProcessors (for example: not eligible for auto-proxying)
2018-12-22 13:24:29.171  INFO 11736 --- [           main] trationDelegate$BeanPostProcessorChecker : Bean 'org.springframework.transaction.annotation.ProxyTransactionManagementConfiguration' of type [org.springframework.transaction.annotation.ProxyTransactionManagementConfiguration$$EnhancerBySpringCGLIB$$25de7292] is not eligible for getting processed by all BeanPostProcessors (for example: not eligible for auto-proxying)
2018-12-22 13:24:29.185  INFO 11736 --- [           main] trationDelegate$BeanPostProcessorChecker : Bean 'security.oauth2.client-org.springframework.boot.autoconfigure.security.oauth2.OAuth2ClientProperties' of type [org.springframework.boot.autoconfigure.security.oauth2.OAuth2ClientProperties] is not eligible for getting processed by all BeanPostProcessors (for example: not eligible for auto-proxying)
2018-12-22 13:24:29.187  INFO 11736 --- [           main] trationDelegate$BeanPostProcessorChecker : Bean 'org.springframework.boot.autoconfigure.security.oauth2.OAuth2AutoConfiguration' of type [org.springframework.boot.autoconfigure.security.oauth2.OAuth2AutoConfiguration$$EnhancerBySpringCGLIB$$dd282e92] is not eligible for getting processed by all BeanPostProcessors (for example: not eligible for auto-proxying)
2018-12-22 13:24:29.192  INFO 11736 --- [           main] trationDelegate$BeanPostProcessorChecker : Bean 'resourceServerProperties' of type [org.springframework.boot.autoconfigure.security.oauth2.resource.ResourceServerProperties] is not eligible for getting processed by all BeanPostProcessors (for example: not eligible for auto-proxying)
2018-12-22 13:24:29.229  INFO 11736 --- [           main] org.zlogic.vogon.web.TomcatConfigurer    : Using keystore C:\Program Files (x86)\Jenkins\workspace\Maven_project\vogon-web\target/vogonweb.keystore with password ********
2018-12-22 13:24:29.251  INFO 11736 --- [           main] s.b.c.e.t.TomcatEmbeddedServletContainer : Tomcat initialized with port(s): 8080 (http) 8443 (https)
2018-12-22 13:24:29.251  INFO 11736 --- [           main] o.apache.catalina.core.StandardService   : Starting service Tomcat
2018-12-22 13:24:29.251  INFO 11736 --- [           main] org.apache.catalina.core.StandardEngine  : Starting Servlet Engine: Apache Tomcat/8.5.14
2018-12-22 13:24:29.284  INFO 11736 --- [ost-startStop-1] org.apache.jasper.servlet.TldScanner     : At least one JAR was scanned for TLDs yet contained no TLDs. Enable debug logging for this logger for a complete list of JARs that were scanned but no TLDs were found in them. Skipping unneeded JARs during scanning can improve startup time and JSP compilation time.
2018-12-22 13:24:29.286  INFO 11736 --- [ost-startStop-1] o.a.c.c.C.[Tomcat-157].[localhost].[/]   : Initializing Spring embedded WebApplicationContext
2018-12-22 13:24:29.286  INFO 11736 --- [ost-startStop-1] o.s.web.context.ContextLoader            : Root WebApplicationContext: initialization completed in 616 ms
2018-12-22 13:24:29.447  INFO 11736 --- [ost-startStop-1] o.s.b.w.servlet.FilterRegistrationBean   : Mapping filter: 'metricsFilter' to: [/*]
2018-12-22 13:24:29.447  INFO 11736 --- [ost-startStop-1] o.s.b.w.servlet.FilterRegistrationBean   : Mapping filter: 'characterEncodingFilter' to: [/*]
2018-12-22 13:24:29.447  INFO 11736 --- [ost-startStop-1] o.s.b.w.servlet.FilterRegistrationBean   : Mapping filter: 'hiddenHttpMethodFilter' to: [/*]
2018-12-22 13:24:29.447  INFO 11736 --- [ost-startStop-1] o.s.b.w.servlet.FilterRegistrationBean   : Mapping filter: 'httpPutFormContentFilter' to: [/*]
2018-12-22 13:24:29.447  INFO 11736 --- [ost-startStop-1] o.s.b.w.servlet.FilterRegistrationBean   : Mapping filter: 'requestContextFilter' to: [/*]
2018-12-22 13:24:29.447  INFO 11736 --- [ost-startStop-1] .s.DelegatingFilterProxyRegistrationBean : Mapping filter: 'springSecurityFilterChain' to: [/*]
2018-12-22 13:24:29.447  INFO 11736 --- [ost-startStop-1] o.s.b.w.servlet.FilterRegistrationBean   : Mapping filter: 'webRequestLoggingFilter' to: [/*]
2018-12-22 13:24:29.447  INFO 11736 --- [ost-startStop-1] o.s.b.w.servlet.FilterRegistrationBean   : Mapping filter: 'applicationContextIdFilter' to: [/*]
2018-12-22 13:24:29.447  INFO 11736 --- [ost-startStop-1] o.s.b.w.servlet.ServletRegistrationBean  : Mapping servlet: 'dispatcherServlet' to [/]
2018-12-22 13:24:29.459  INFO 11736 --- [           main] j.LocalContainerEntityManagerFactoryBean : Building JPA container EntityManagerFactory for persistence unit 'VogonPU'
2018-12-22 13:24:29.459  INFO 11736 --- [           main] o.hibernate.jpa.internal.util.LogHelper  : HHH000204: Processing PersistenceUnitInfo [
	name: VogonPU
	...]
2018-12-22 13:24:29.463  WARN 11736 --- [           main] org.hibernate.orm.connections.pooling    : HHH10001002: Using Hibernate built-in connection pool (not for production use!)
2018-12-22 13:24:29.463  INFO 11736 --- [           main] org.hibernate.orm.connections.pooling    : HHH10001005: using driver [org.h2.Driver] at URL [jdbc:h2:mem:test]
2018-12-22 13:24:29.463  INFO 11736 --- [           main] org.hibernate.orm.connections.pooling    : HHH10001001: Connection properties: {}
2018-12-22 13:24:29.463  INFO 11736 --- [           main] org.hibernate.orm.connections.pooling    : HHH10001003: Autocommit mode: false
2018-12-22 13:24:29.463  INFO 11736 --- [           main] .c.i.DriverManagerConnectionProviderImpl : HHH000115: Hibernate connection pool size: 20 (min=1)
2018-12-22 13:24:29.463  INFO 11736 --- [           main] org.hibernate.dialect.Dialect            : HHH000400: Using dialect: org.hibernate.dialect.H2Dialect
2018-12-22 13:24:29.463  INFO 11736 --- [           main] org.hibernate.orm.connections.access     : HHH10001501: Connection obtained from JdbcConnectionAccess [org.hibernate.engine.jdbc.env.internal.JdbcEnvironmentInitiator$ConnectionProviderJdbcConnectionAccess@1caae527] for (non-JTA) DDL execution was not in auto-commit mode; the Connection 'local transaction' will be committed and the Connection will be set into auto-commit mode.
2018-12-22 13:24:29.478  INFO 11736 --- [           main] j.LocalContainerEntityManagerFactoryBean : Initialized JPA EntityManagerFactory for persistence unit 'VogonPU'
2018-12-22 13:24:29.933  INFO 11736 --- [           main] .s.o.p.e.FrameworkEndpointHandlerMapping : Mapped "{[/oauth/authorize]}" onto public org.springframework.web.servlet.ModelAndView org.springframework.security.oauth2.provider.endpoint.AuthorizationEndpoint.authorize(java.util.Map<java.lang.String, java.lang.Object>,java.util.Map<java.lang.String, java.lang.String>,org.springframework.web.bind.support.SessionStatus,java.security.Principal)
2018-12-22 13:24:29.933  INFO 11736 --- [           main] .s.o.p.e.FrameworkEndpointHandlerMapping : Mapped "{[/oauth/authorize],methods=[POST],params=[user_oauth_approval]}" onto public org.springframework.web.servlet.View org.springframework.security.oauth2.provider.endpoint.AuthorizationEndpoint.approveOrDeny(java.util.Map<java.lang.String, java.lang.String>,java.util.Map<java.lang.String, ?>,org.springframework.web.bind.support.SessionStatus,java.security.Principal)
2018-12-22 13:24:29.933  INFO 11736 --- [           main] .s.o.p.e.FrameworkEndpointHandlerMapping : Mapped "{[/oauth/token],methods=[GET]}" onto public org.springframework.http.ResponseEntity<org.springframework.security.oauth2.common.OAuth2AccessToken> org.springframework.security.oauth2.provider.endpoint.TokenEndpoint.getAccessToken(java.security.Principal,java.util.Map<java.lang.String, java.lang.String>) throws org.springframework.web.HttpRequestMethodNotSupportedException
2018-12-22 13:24:29.934  INFO 11736 --- [           main] .s.o.p.e.FrameworkEndpointHandlerMapping : Mapped "{[/oauth/token],methods=[POST]}" onto public org.springframework.http.ResponseEntity<org.springframework.security.oauth2.common.OAuth2AccessToken> org.springframework.security.oauth2.provider.endpoint.TokenEndpoint.postAccessToken(java.security.Principal,java.util.Map<java.lang.String, java.lang.String>) throws org.springframework.web.HttpRequestMethodNotSupportedException
2018-12-22 13:24:29.934  INFO 11736 --- [           main] .s.o.p.e.FrameworkEndpointHandlerMapping : Mapped "{[/oauth/check_token]}" onto public java.util.Map<java.lang.String, ?> org.springframework.security.oauth2.provider.endpoint.CheckTokenEndpoint.checkToken(java.lang.String)
2018-12-22 13:24:29.934  INFO 11736 --- [           main] .s.o.p.e.FrameworkEndpointHandlerMapping : Mapped "{[/oauth/confirm_access]}" onto public org.springframework.web.servlet.ModelAndView org.springframework.security.oauth2.provider.endpoint.WhitelabelApprovalEndpoint.getAccessConfirmation(java.util.Map<java.lang.String, java.lang.Object>,javax.servlet.http.HttpServletRequest) throws java.lang.Exception
2018-12-22 13:24:29.934  INFO 11736 --- [           main] .s.o.p.e.FrameworkEndpointHandlerMapping : Mapped "{[/oauth/error]}" onto public org.springframework.web.servlet.ModelAndView org.springframework.security.oauth2.provider.endpoint.WhitelabelErrorEndpoint.handleError(javax.servlet.http.HttpServletRequest)
2018-12-22 13:24:30.369  INFO 11736 --- [           main] o.s.s.web.DefaultSecurityFilterChain     : Creating filter chain: OrRequestMatcher [requestMatchers=[Ant [pattern='/oauth/token'], Ant [pattern='/oauth/token_key'], Ant [pattern='/oauth/check_token']]], [org.springframework.security.web.context.request.async.WebAsyncManagerIntegrationFilter@622dbadb, org.springframework.security.web.context.SecurityContextPersistenceFilter@1d3abeac, org.springframework.security.web.header.HeaderWriterFilter@4bdc6544, org.springframework.security.web.authentication.logout.LogoutFilter@34232031, org.springframework.security.oauth2.provider.client.ClientCredentialsTokenEndpointFilter@404590f, org.springframework.security.web.authentication.www.BasicAuthenticationFilter@1873ceed, org.springframework.security.web.savedrequest.RequestCacheAwareFilter@2a93b34c, org.springframework.security.web.servletapi.SecurityContextHolderAwareRequestFilter@2cd151f, org.springframework.security.web.authentication.AnonymousAuthenticationFilter@149851cc, org.springframework.security.web.session.SessionManagementFilter@33b0bd1a, org.springframework.security.web.access.ExceptionTranslationFilter@7258b8c7, org.springframework.security.web.access.intercept.FilterSecurityInterceptor@137b851f]
2018-12-22 13:24:30.371  INFO 11736 --- [           main] o.s.s.web.DefaultSecurityFilterChain     : Creating filter chain: org.springframework.boot.actuate.autoconfigure.ManagementWebSecurityAutoConfiguration$LazyEndpointPathRequestMatcher@3ef45a73, [org.springframework.security.web.context.request.async.WebAsyncManagerIntegrationFilter@1f6f2e0f, org.springframework.security.web.context.SecurityContextPersistenceFilter@45378966, org.springframework.security.web.header.HeaderWriterFilter@40904e62, org.springframework.security.web.authentication.logout.LogoutFilter@4e2a57e7, org.springframework.security.web.authentication.www.BasicAuthenticationFilter@7e4769b3, org.springframework.security.web.savedrequest.RequestCacheAwareFilter@57cc0888, org.springframework.security.web.servletapi.SecurityContextHolderAwareRequestFilter@15edaf4d, org.springframework.security.web.authentication.AnonymousAuthenticationFilter@16a2f5ee, org.springframework.security.web.session.SessionManagementFilter@6b6ef1, org.springframework.security.web.access.ExceptionTranslationFilter@5768b038, org.springframework.security.web.access.intercept.FilterSecurityInterceptor@2d249c10]
2018-12-22 13:24:30.386  INFO 11736 --- [           main] o.s.s.w.a.c.ChannelProcessingFilter      : Validated configuration attributes
2018-12-22 13:24:30.389  INFO 11736 --- [           main] o.s.s.web.DefaultSecurityFilterChain     : Creating filter chain: org.springframework.security.oauth2.config.annotation.web.configuration.ResourceServerConfiguration$NotOAuthRequestMatcher@5b39092a, [org.springframework.security.web.access.channel.ChannelProcessingFilter@7e85f819, org.springframework.security.web.context.request.async.WebAsyncManagerIntegrationFilter@199092aa, org.springframework.security.web.context.SecurityContextPersistenceFilter@2e5f8bdf, org.springframework.security.web.header.HeaderWriterFilter@3fc64284, org.springframework.security.web.authentication.logout.LogoutFilter@5ef74c0f, org.springframework.security.oauth2.provider.authentication.OAuth2AuthenticationProcessingFilter@15e506fa, org.springframework.security.web.savedrequest.RequestCacheAwareFilter@6e21a3eb, org.springframework.security.web.servletapi.SecurityContextHolderAwareRequestFilter@63fe1ec9, org.springframework.security.web.authentication.AnonymousAuthenticationFilter@298c5492, org.springframework.security.web.session.SessionManagementFilter@e267253, org.springframework.security.web.access.ExceptionTranslationFilter@6ba5637c, org.springframework.security.web.access.intercept.FilterSecurityInterceptor@6a363843]
2018-12-22 13:24:30.461  INFO 11736 --- [           main] s.w.s.m.m.a.RequestMappingHandlerAdapter : Looking for @ControllerAdvice: org.springframework.boot.context.embedded.AnnotationConfigEmbeddedWebApplicationContext@4ce4aa82: startup date [Sat Dec 22 13:24:28 IST 2018]; root of context hierarchy
2018-12-22 13:24:30.487  INFO 11736 --- [           main] s.w.s.m.m.a.RequestMappingHandlerMapping : Mapped "{[/service/accounts],methods=[GET],produces=[application/json]}" onto public java.util.Collection<org.zlogic.vogon.data.FinanceAccount> org.zlogic.vogon.web.controller.AccountsController.getAllAccounts(org.zlogic.vogon.web.security.VogonSecurityUser)
2018-12-22 13:24:30.487  INFO 11736 --- [           main] s.w.s.m.m.a.RequestMappingHandlerMapping : Mapped "{[/service/accounts],methods=[POST],produces=[application/json]}" onto public java.util.Collection<org.zlogic.vogon.data.FinanceAccount> org.zlogic.vogon.web.controller.AccountsController.updateAccounts(java.util.Collection<org.zlogic.vogon.data.FinanceAccount>,org.zlogic.vogon.web.security.VogonSecurityUser)
2018-12-22 13:24:30.488  INFO 11736 --- [           main] s.w.s.m.m.a.RequestMappingHandlerMapping : Mapped "{[/service/analytics/tags],methods=[GET],produces=[application/json]}" onto public java.util.Set<java.lang.String> org.zlogic.vogon.web.controller.AnalyticsController.getAllTags(org.zlogic.vogon.web.security.VogonSecurityUser)
2018-12-22 13:24:30.488  INFO 11736 --- [           main] s.w.s.m.m.a.RequestMappingHandlerMapping : Mapped "{[/service/analytics],methods=[POST],produces=[application/json]}" onto public java.util.Map<java.lang.String, org.zlogic.vogon.data.report.Report> org.zlogic.vogon.web.controller.AnalyticsController.getReport(org.zlogic.vogon.data.report.ReportFactory,org.zlogic.vogon.web.security.VogonSecurityUser)
2018-12-22 13:24:30.488  INFO 11736 --- [           main] s.w.s.m.m.a.RequestMappingHandlerMapping : Mapped "{[/service/currencies],methods=[GET],produces=[application/json]}" onto public java.util.Collection<org.zlogic.vogon.web.data.model.CurrencyDetails> org.zlogic.vogon.web.controller.CurrenciesController.getAllCurrencies()
2018-12-22 13:24:30.488  INFO 11736 --- [           main] s.w.s.m.m.a.RequestMappingHandlerMapping : Mapped "{[/service/export],methods=[GET || POST]}" onto public org.springframework.http.HttpEntity<byte[]> org.zlogic.vogon.web.controller.DataController.exportDataJSON(org.zlogic.vogon.web.security.VogonSecurityUser) throws java.lang.RuntimeException
2018-12-22 13:24:30.488  INFO 11736 --- [           main] s.w.s.m.m.a.RequestMappingHandlerMapping : Mapped "{[/service/import],methods=[POST],consumes=[multipart/form-data],produces=[application/json]}" onto public java.lang.Boolean org.zlogic.vogon.web.controller.DataController.importData(org.springframework.web.multipart.MultipartFile,org.zlogic.vogon.web.security.VogonSecurityUser) throws java.lang.RuntimeException
2018-12-22 13:24:30.488  INFO 11736 --- [           main] s.w.s.m.m.a.RequestMappingHandlerMapping : Mapped "{[/fragments/{fragment}.fragment]}" onto public org.springframework.web.servlet.ModelAndView org.zlogic.vogon.web.controller.JspController.fragmentModelAndView(java.lang.String)
2018-12-22 13:24:30.488  INFO 11736 --- [           main] s.w.s.m.m.a.RequestMappingHandlerMapping : Mapped "{[/]}" onto public org.springframework.web.servlet.ModelAndView org.zlogic.vogon.web.controller.JspController.indexModelAndView()
2018-12-22 13:24:30.488  INFO 11736 --- [           main] s.w.s.m.m.a.RequestMappingHandlerMapping : Mapped "{[/oauth/logout],methods=[POST]}" onto public void org.zlogic.vogon.web.controller.LogoutController.logout(org.springframework.security.oauth2.provider.OAuth2Authentication) throws org.zlogic.vogon.web.security.UsernameExistsException
2018-12-22 13:24:30.488  INFO 11736 --- [           main] s.w.s.m.m.a.RequestMappingHandlerMapping : Mapped "{[/register],methods=[POST],produces=[application/json]}" onto public org.zlogic.vogon.data.VogonUser org.zlogic.vogon.web.controller.RegistrationController.register(org.zlogic.vogon.data.VogonUser) throws org.zlogic.vogon.web.security.UsernameExistsException
2018-12-22 13:24:30.489  INFO 11736 --- [           main] s.w.s.m.m.a.RequestMappingHandlerMapping : Mapped "{[/service/transactions/transaction/{id}],methods=[GET],produces=[application/json]}" onto public org.zlogic.vogon.web.data.model.FinanceTransactionJson org.zlogic.vogon.web.controller.TransactionsController.getTransaction(long,org.zlogic.vogon.web.security.VogonSecurityUser)
2018-12-22 13:24:30.489  INFO 11736 --- [           main] s.w.s.m.m.a.RequestMappingHandlerMapping : Mapped "{[/service/transactions],methods=[GET],produces=[application/json]}" onto public java.util.Collection<org.zlogic.vogon.web.data.model.FinanceTransactionJson> org.zlogic.vogon.web.controller.TransactionsController.getTransactions(java.lang.Integer,org.zlogic.vogon.web.controller.TransactionsController$SortColumn,org.springframework.data.domain.Sort$Direction,java.lang.String,java.util.Date,java.util.Collection<java.lang.String>,org.zlogic.vogon.web.security.VogonSecurityUser)
2018-12-22 13:24:30.489  INFO 11736 --- [           main] s.w.s.m.m.a.RequestMappingHandlerMapping : Mapped "{[/service/transactions],methods=[POST],produces=[application/json]}" onto public org.zlogic.vogon.web.data.model.FinanceTransactionJson org.zlogic.vogon.web.controller.TransactionsController.submitTransaction(org.zlogic.vogon.web.data.model.FinanceTransactionJson,org.zlogic.vogon.web.security.VogonSecurityUser)
2018-12-22 13:24:30.489  INFO 11736 --- [           main] s.w.s.m.m.a.RequestMappingHandlerMapping : Mapped "{[/service/transactions/pages],methods=[GET],produces=[application/json]}" onto public long org.zlogic.vogon.web.controller.TransactionsController.getTransactionsCount(org.zlogic.vogon.web.security.VogonSecurityUser)
2018-12-22 13:24:30.489  INFO 11736 --- [           main] s.w.s.m.m.a.RequestMappingHandlerMapping : Mapped "{[/service/transactions/transaction/{id}],methods=[DELETE],produces=[application/json]}" onto public org.zlogic.vogon.web.data.model.FinanceTransactionJson org.zlogic.vogon.web.controller.TransactionsController.deleteTransaction(long,org.zlogic.vogon.web.security.VogonSecurityUser)
2018-12-22 13:24:30.489  INFO 11736 --- [           main] s.w.s.m.m.a.RequestMappingHandlerMapping : Mapped "{[/service/user],methods=[POST],produces=[application/json]}" onto public org.zlogic.vogon.data.VogonUser org.zlogic.vogon.web.controller.UsersController.submitUser(org.zlogic.vogon.data.VogonUser,org.zlogic.vogon.web.security.VogonSecurityUser) throws org.zlogic.vogon.web.security.UsernameExistsException
2018-12-22 13:24:30.489  INFO 11736 --- [           main] s.w.s.m.m.a.RequestMappingHandlerMapping : Mapped "{[/service/user],methods=[GET],produces=[application/json]}" onto public org.zlogic.vogon.data.VogonUser org.zlogic.vogon.web.controller.UsersController.getUserData(org.zlogic.vogon.web.security.VogonSecurityUser)
2018-12-22 13:24:30.490  INFO 11736 --- [           main] s.w.s.m.m.a.RequestMappingHandlerMapping : Mapped "{[/error]}" onto public org.springframework.http.ResponseEntity<java.util.Map<java.lang.String, java.lang.Object>> org.springframework.boot.autoconfigure.web.BasicErrorController.error(javax.servlet.http.HttpServletRequest)
2018-12-22 13:24:30.490  INFO 11736 --- [           main] s.w.s.m.m.a.RequestMappingHandlerMapping : Mapped "{[/error],produces=[text/html]}" onto public org.springframework.web.servlet.ModelAndView org.springframework.boot.autoconfigure.web.BasicErrorController.errorHtml(javax.servlet.http.HttpServletRequest,javax.servlet.http.HttpServletResponse)
2018-12-22 13:24:30.503  INFO 11736 --- [           main] o.s.w.s.handler.SimpleUrlHandlerMapping  : Root mapping to handler of type [class org.springframework.web.servlet.mvc.ParameterizableViewController]
2018-12-22 13:24:30.685  INFO 11736 --- [           main] o.s.w.s.handler.SimpleUrlHandlerMapping  : Mapped URL path [/webjars/**] onto handler of type [class org.springframework.web.servlet.resource.ResourceHttpRequestHandler]
2018-12-22 13:24:30.685  INFO 11736 --- [           main] o.s.w.s.handler.SimpleUrlHandlerMapping  : Mapped URL path [/**] onto handler of type [class org.springframework.web.servlet.resource.ResourceHttpRequestHandler]
2018-12-22 13:24:30.686  INFO 11736 --- [           main] o.s.w.s.handler.SimpleUrlHandlerMapping  : Mapped URL path [/**] onto handler of type [class org.springframework.web.servlet.resource.DefaultServletHttpRequestHandler]
2018-12-22 13:24:30.708  INFO 11736 --- [           main] o.s.w.s.handler.SimpleUrlHandlerMapping  : Mapped URL path [/**/favicon.ico] onto handler of type [class org.springframework.web.servlet.resource.ResourceHttpRequestHandler]
2018-12-22 13:24:31.073  INFO 11736 --- [           main] o.s.b.a.e.mvc.EndpointHandlerMapping     : Mapped "{[/env/{name:.*}],methods=[GET],produces=[application/vnd.spring-boot.actuator.v1+json || application/json]}" onto public java.lang.Object org.springframework.boot.actuate.endpoint.mvc.EnvironmentMvcEndpoint.value(java.lang.String)
2018-12-22 13:24:31.073  INFO 11736 --- [           main] o.s.b.a.e.mvc.EndpointHandlerMapping     : Mapped "{[/env || /env.json],methods=[GET],produces=[application/vnd.spring-boot.actuator.v1+json || application/json]}" onto public java.lang.Object org.springframework.boot.actuate.endpoint.mvc.EndpointMvcAdapter.invoke()
2018-12-22 13:24:31.073  INFO 11736 --- [           main] o.s.b.a.e.mvc.EndpointHandlerMapping     : Mapped "{[/dump || /dump.json],methods=[GET],produces=[application/vnd.spring-boot.actuator.v1+json || application/json]}" onto public java.lang.Object org.springframework.boot.actuate.endpoint.mvc.EndpointMvcAdapter.invoke()
2018-12-22 13:24:31.073  INFO 11736 --- [           main] o.s.b.a.e.mvc.EndpointHandlerMapping     : Mapped "{[/loggers/{name:.*}],methods=[GET],produces=[application/vnd.spring-boot.actuator.v1+json || application/json]}" onto public java.lang.Object org.springframework.boot.actuate.endpoint.mvc.LoggersMvcEndpoint.get(java.lang.String)
2018-12-22 13:24:31.073  INFO 11736 --- [           main] o.s.b.a.e.mvc.EndpointHandlerMapping     : Mapped "{[/loggers/{name:.*}],methods=[POST],consumes=[application/vnd.spring-boot.actuator.v1+json || application/json],produces=[application/vnd.spring-boot.actuator.v1+json || application/json]}" onto public java.lang.Object org.springframework.boot.actuate.endpoint.mvc.LoggersMvcEndpoint.set(java.lang.String,java.util.Map<java.lang.String, java.lang.String>)
2018-12-22 13:24:31.073  INFO 11736 --- [           main] o.s.b.a.e.mvc.EndpointHandlerMapping     : Mapped "{[/loggers || /loggers.json],methods=[GET],produces=[application/vnd.spring-boot.actuator.v1+json || application/json]}" onto public java.lang.Object org.springframework.boot.actuate.endpoint.mvc.EndpointMvcAdapter.invoke()
2018-12-22 13:24:31.074  INFO 11736 --- [           main] o.s.b.a.e.mvc.EndpointHandlerMapping     : Mapped "{[/health || /health.json],methods=[GET],produces=[application/vnd.spring-boot.actuator.v1+json || application/json]}" onto public java.lang.Object org.springframework.boot.actuate.endpoint.mvc.HealthMvcEndpoint.invoke(javax.servlet.http.HttpServletRequest,java.security.Principal)
2018-12-22 13:24:31.074  INFO 11736 --- [           main] o.s.b.a.e.mvc.EndpointHandlerMapping     : Mapped "{[/beans || /beans.json],methods=[GET],produces=[application/vnd.spring-boot.actuator.v1+json || application/json]}" onto public java.lang.Object org.springframework.boot.actuate.endpoint.mvc.EndpointMvcAdapter.invoke()
2018-12-22 13:24:31.074  INFO 11736 --- [           main] o.s.b.a.e.mvc.EndpointHandlerMapping     : Mapped "{[/info || /info.json],methods=[GET],produces=[application/vnd.spring-boot.actuator.v1+json || application/json]}" onto public java.lang.Object org.springframework.boot.actuate.endpoint.mvc.EndpointMvcAdapter.invoke()
2018-12-22 13:24:31.074  INFO 11736 --- [           main] o.s.b.a.e.mvc.EndpointHandlerMapping     : Mapped "{[/trace || /trace.json],methods=[GET],produces=[application/vnd.spring-boot.actuator.v1+json || application/json]}" onto public java.lang.Object org.springframework.boot.actuate.endpoint.mvc.EndpointMvcAdapter.invoke()
2018-12-22 13:24:31.083  INFO 11736 --- [           main] o.s.b.a.e.mvc.EndpointHandlerMapping     : Mapped "{[/configprops || /configprops.json],methods=[GET],produces=[application/vnd.spring-boot.actuator.v1+json || application/json]}" onto public java.lang.Object org.springframework.boot.actuate.endpoint.mvc.EndpointMvcAdapter.invoke()
2018-12-22 13:24:31.084  INFO 11736 --- [           main] o.s.b.a.e.mvc.EndpointHandlerMapping     : Mapped "{[/mappings || /mappings.json],methods=[GET],produces=[application/vnd.spring-boot.actuator.v1+json || application/json]}" onto public java.lang.Object org.springframework.boot.actuate.endpoint.mvc.EndpointMvcAdapter.invoke()
2018-12-22 13:24:31.085  INFO 11736 --- [           main] o.s.b.a.e.mvc.EndpointHandlerMapping     : Mapped "{[/autoconfig || /autoconfig.json],methods=[GET],produces=[application/vnd.spring-boot.actuator.v1+json || application/json]}" onto public java.lang.Object org.springframework.boot.actuate.endpoint.mvc.EndpointMvcAdapter.invoke()
2018-12-22 13:24:31.085  INFO 11736 --- [           main] o.s.b.a.e.mvc.EndpointHandlerMapping     : Mapped "{[/metrics/{name:.*}],methods=[GET],produces=[application/vnd.spring-boot.actuator.v1+json || application/json]}" onto public java.lang.Object org.springframework.boot.actuate.endpoint.mvc.MetricsMvcEndpoint.value(java.lang.String)
2018-12-22 13:24:31.085  INFO 11736 --- [           main] o.s.b.a.e.mvc.EndpointHandlerMapping     : Mapped "{[/metrics || /metrics.json],methods=[GET],produces=[application/vnd.spring-boot.actuator.v1+json || application/json]}" onto public java.lang.Object org.springframework.boot.actuate.endpoint.mvc.EndpointMvcAdapter.invoke()
2018-12-22 13:24:31.085  INFO 11736 --- [           main] o.s.b.a.e.mvc.EndpointHandlerMapping     : Mapped "{[/heapdump || /heapdump.json],methods=[GET],produces=[application/octet-stream]}" onto public void org.springframework.boot.actuate.endpoint.mvc.HeapdumpMvcEndpoint.invoke(boolean,javax.servlet.http.HttpServletRequest,javax.servlet.http.HttpServletResponse) throws java.io.IOException,javax.servlet.ServletException
2018-12-22 13:24:31.086  INFO 11736 --- [           main] o.s.b.a.e.mvc.EndpointHandlerMapping     : Mapped "{[/auditevents || /auditevents.json],methods=[GET],produces=[application/vnd.spring-boot.actuator.v1+json || application/json]}" onto public org.springframework.http.ResponseEntity<?> org.springframework.boot.actuate.endpoint.mvc.AuditEventsMvcEndpoint.findByPrincipalAndAfterAndType(java.lang.String,java.util.Date,java.lang.String)
2018-12-22 13:24:31.379 ERROR 11736 --- [           main] o.a.coyote.http11.Http11NioProtocol      : Failed to start end point associated with ProtocolHandler ["http-nio-8080"]

java.net.BindException: Address already in use: bind
	at sun.nio.ch.Net.bind0(Native Method) ~[na:1.8.0_191]
	at sun.nio.ch.Net.bind(Net.java:433) ~[na:1.8.0_191]
	at sun.nio.ch.Net.bind(Net.java:425) ~[na:1.8.0_191]
	at sun.nio.ch.ServerSocketChannelImpl.bind(ServerSocketChannelImpl.java:223) ~[na:1.8.0_191]
	at sun.nio.ch.ServerSocketAdaptor.bind(ServerSocketAdaptor.java:74) ~[na:1.8.0_191]
	at org.apache.tomcat.util.net.NioEndpoint.bind(NioEndpoint.java:210) ~[tomcat-embed-core-8.5.14.jar:8.5.14]
	at org.apache.tomcat.util.net.AbstractEndpoint.start(AbstractEndpoint.java:978) ~[tomcat-embed-core-8.5.14.jar:8.5.14]
	at org.apache.coyote.AbstractProtocol.start(AbstractProtocol.java:628) ~[tomcat-embed-core-8.5.14.jar:8.5.14]
	at org.apache.catalina.connector.Connector.startInternal(Connector.java:993) [tomcat-embed-core-8.5.14.jar:8.5.14]
	at org.apache.catalina.util.LifecycleBase.start(LifecycleBase.java:150) [tomcat-embed-core-8.5.14.jar:8.5.14]
	at org.apache.catalina.core.StandardService.addConnector(StandardService.java:225) [tomcat-embed-core-8.5.14.jar:8.5.14]
	at org.springframework.boot.context.embedded.tomcat.TomcatEmbeddedServletContainer.addPreviouslyRemovedConnectors(TomcatEmbeddedServletContainer.java:247) [spring-boot-1.5.3.RELEASE.jar:1.5.3.RELEASE]
	at org.springframework.boot.context.embedded.tomcat.TomcatEmbeddedServletContainer.start(TomcatEmbeddedServletContainer.java:190) [spring-boot-1.5.3.RELEASE.jar:1.5.3.RELEASE]
	at org.springframework.boot.context.embedded.EmbeddedWebApplicationContext.startEmbeddedServletContainer(EmbeddedWebApplicationContext.java:297) [spring-boot-1.5.3.RELEASE.jar:1.5.3.RELEASE]
	at org.springframework.boot.context.embedded.EmbeddedWebApplicationContext.finishRefresh(EmbeddedWebApplicationContext.java:145) [spring-boot-1.5.3.RELEASE.jar:1.5.3.RELEASE]
	at org.springframework.context.support.AbstractApplicationContext.refresh(AbstractApplicationContext.java:545) [spring-context-4.3.8.RELEASE.jar:4.3.8.RELEASE]
	at org.springframework.boot.context.embedded.EmbeddedWebApplicationContext.refresh(EmbeddedWebApplicationContext.java:122) [spring-boot-1.5.3.RELEASE.jar:1.5.3.RELEASE]
	at org.springframework.boot.SpringApplication.refresh(SpringApplication.java:737) [spring-boot-1.5.3.RELEASE.jar:1.5.3.RELEASE]
	at org.springframework.boot.SpringApplication.refreshContext(SpringApplication.java:370) [spring-boot-1.5.3.RELEASE.jar:1.5.3.RELEASE]
	at org.springframework.boot.SpringApplication.run(SpringApplication.java:314) [spring-boot-1.5.3.RELEASE.jar:1.5.3.RELEASE]
	at org.springframework.boot.test.context.SpringBootContextLoader.loadContext(SpringBootContextLoader.java:120) [spring-boot-test-1.5.3.RELEASE.jar:1.5.3.RELEASE]
	at org.springframework.test.context.cache.DefaultCacheAwareContextLoaderDelegate.loadContextInternal(DefaultCacheAwareContextLoaderDelegate.java:98) [spring-test-4.3.8.RELEASE.jar:4.3.8.RELEASE]
	at org.springframework.test.context.cache.DefaultCacheAwareContextLoaderDelegate.loadContext(DefaultCacheAwareContextLoaderDelegate.java:116) [spring-test-4.3.8.RELEASE.jar:4.3.8.RELEASE]
	at org.springframework.test.context.support.DefaultTestContext.getApplicationContext(DefaultTestContext.java:83) [spring-test-4.3.8.RELEASE.jar:4.3.8.RELEASE]
	at org.springframework.boot.test.autoconfigure.SpringBootDependencyInjectionTestExecutionListener.prepareTestInstance(SpringBootDependencyInjectionTestExecutionListener.java:47) [spring-boot-test-autoconfigure-1.5.3.RELEASE.jar:1.5.3.RELEASE]
	at org.springframework.test.context.TestContextManager.prepareTestInstance(TestContextManager.java:230) [spring-test-4.3.8.RELEASE.jar:4.3.8.RELEASE]
	at org.springframework.test.context.junit4.SpringJUnit4ClassRunner.createTest(SpringJUnit4ClassRunner.java:228) [spring-test-4.3.8.RELEASE.jar:4.3.8.RELEASE]
	at org.springframework.test.context.junit4.SpringJUnit4ClassRunner$1.runReflectiveCall(SpringJUnit4ClassRunner.java:287) [spring-test-4.3.8.RELEASE.jar:4.3.8.RELEASE]
	at org.junit.internal.runners.model.ReflectiveCallable.run(ReflectiveCallable.java:12) [junit-4.12.jar:4.12]
	at org.springframework.test.context.junit4.SpringJUnit4ClassRunner.methodBlock(SpringJUnit4ClassRunner.java:289) [spring-test-4.3.8.RELEASE.jar:4.3.8.RELEASE]
	at org.springframework.test.context.junit4.SpringJUnit4ClassRunner.runChild(SpringJUnit4ClassRunner.java:247) [spring-test-4.3.8.RELEASE.jar:4.3.8.RELEASE]
	at org.springframework.test.context.junit4.SpringJUnit4ClassRunner.runChild(SpringJUnit4ClassRunner.java:94) [spring-test-4.3.8.RELEASE.jar:4.3.8.RELEASE]
	at org.junit.runners.ParentRunner$3.run(ParentRunner.java:290) [junit-4.12.jar:4.12]
	at org.junit.runners.ParentRunner$1.schedule(ParentRunner.java:71) [junit-4.12.jar:4.12]
	at org.junit.runners.ParentRunner.runChildren(ParentRunner.java:288) [junit-4.12.jar:4.12]
	at org.junit.runners.ParentRunner.access$000(ParentRunner.java:58) [junit-4.12.jar:4.12]
	at org.junit.runners.ParentRunner$2.evaluate(ParentRunner.java:268) [junit-4.12.jar:4.12]
	at org.springframework.test.context.junit4.statements.RunBeforeTestClassCallbacks.evaluate(RunBeforeTestClassCallbacks.java:61) [spring-test-4.3.8.RELEASE.jar:4.3.8.RELEASE]
	at org.springframework.test.context.junit4.statements.RunAfterTestClassCallbacks.evaluate(RunAfterTestClassCallbacks.java:70) [spring-test-4.3.8.RELEASE.jar:4.3.8.RELEASE]
	at org.junit.runners.ParentRunner.run(ParentRunner.java:363) [junit-4.12.jar:4.12]
	at org.springframework.test.context.junit4.SpringJUnit4ClassRunner.run(SpringJUnit4ClassRunner.java:191) [spring-test-4.3.8.RELEASE.jar:4.3.8.RELEASE]
	at org.apache.maven.surefire.junit4.JUnit4Provider.execute(JUnit4Provider.java:365) [surefire-junit4-2.20.jar:2.20]
	at org.apache.maven.surefire.junit4.JUnit4Provider.executeWithRerun(JUnit4Provider.java:272) [surefire-junit4-2.20.jar:2.20]
	at org.apache.maven.surefire.junit4.JUnit4Provider.executeTestSet(JUnit4Provider.java:236) [surefire-junit4-2.20.jar:2.20]
	at org.apache.maven.surefire.junit4.JUnit4Provider.invoke(JUnit4Provider.java:159) [surefire-junit4-2.20.jar:2.20]
	at org.apache.maven.surefire.booter.ForkedBooter.invokeProviderInSameClassLoader(ForkedBooter.java:386) [surefire-booter-2.20.jar:2.20]
	at org.apache.maven.surefire.booter.ForkedBooter.runSuitesInProcess(ForkedBooter.java:323) [surefire-booter-2.20.jar:2.20]
	at org.apache.maven.surefire.booter.ForkedBooter.main(ForkedBooter.java:143) [surefire-booter-2.20.jar:2.20]

2018-12-22 13:24:31.385 ERROR 11736 --- [           main] o.apache.catalina.core.StandardService   : Failed to start connector [Connector[HTTP/1.1-8080]]

org.apache.catalina.LifecycleException: Failed to start component [Connector[HTTP/1.1-8080]]
	at org.apache.catalina.util.LifecycleBase.start(LifecycleBase.java:167) ~[tomcat-embed-core-8.5.14.jar:8.5.14]
	at org.apache.catalina.core.StandardService.addConnector(StandardService.java:225) ~[tomcat-embed-core-8.5.14.jar:8.5.14]
	at org.springframework.boot.context.embedded.tomcat.TomcatEmbeddedServletContainer.addPreviouslyRemovedConnectors(TomcatEmbeddedServletContainer.java:247) [spring-boot-1.5.3.RELEASE.jar:1.5.3.RELEASE]
	at org.springframework.boot.context.embedded.tomcat.TomcatEmbeddedServletContainer.start(TomcatEmbeddedServletContainer.java:190) [spring-boot-1.5.3.RELEASE.jar:1.5.3.RELEASE]
	at org.springframework.boot.context.embedded.EmbeddedWebApplicationContext.startEmbeddedServletContainer(EmbeddedWebApplicationContext.java:297) [spring-boot-1.5.3.RELEASE.jar:1.5.3.RELEASE]
	at org.springframework.boot.context.embedded.EmbeddedWebApplicationContext.finishRefresh(EmbeddedWebApplicationContext.java:145) [spring-boot-1.5.3.RELEASE.jar:1.5.3.RELEASE]
	at org.springframework.context.support.AbstractApplicationContext.refresh(AbstractApplicationContext.java:545) [spring-context-4.3.8.RELEASE.jar:4.3.8.RELEASE]
	at org.springframework.boot.context.embedded.EmbeddedWebApplicationContext.refresh(EmbeddedWebApplicationContext.java:122) [spring-boot-1.5.3.RELEASE.jar:1.5.3.RELEASE]
	at org.springframework.boot.SpringApplication.refresh(SpringApplication.java:737) [spring-boot-1.5.3.RELEASE.jar:1.5.3.RELEASE]
	at org.springframework.boot.SpringApplication.refreshContext(SpringApplication.java:370) [spring-boot-1.5.3.RELEASE.jar:1.5.3.RELEASE]
	at org.springframework.boot.SpringApplication.run(SpringApplication.java:314) [spring-boot-1.5.3.RELEASE.jar:1.5.3.RELEASE]
	at org.springframework.boot.test.context.SpringBootContextLoader.loadContext(SpringBootContextLoader.java:120) [spring-boot-test-1.5.3.RELEASE.jar:1.5.3.RELEASE]
	at org.springframework.test.context.cache.DefaultCacheAwareContextLoaderDelegate.loadContextInternal(DefaultCacheAwareContextLoaderDelegate.java:98) [spring-test-4.3.8.RELEASE.jar:4.3.8.RELEASE]
	at org.springframework.test.context.cache.DefaultCacheAwareContextLoaderDelegate.loadContext(DefaultCacheAwareContextLoaderDelegate.java:116) [spring-test-4.3.8.RELEASE.jar:4.3.8.RELEASE]
	at org.springframework.test.context.support.DefaultTestContext.getApplicationContext(DefaultTestContext.java:83) [spring-test-4.3.8.RELEASE.jar:4.3.8.RELEASE]
	at org.springframework.boot.test.autoconfigure.SpringBootDependencyInjectionTestExecutionListener.prepareTestInstance(SpringBootDependencyInjectionTestExecutionListener.java:47) [spring-boot-test-autoconfigure-1.5.3.RELEASE.jar:1.5.3.RELEASE]
	at org.springframework.test.context.TestContextManager.prepareTestInstance(TestContextManager.java:230) [spring-test-4.3.8.RELEASE.jar:4.3.8.RELEASE]
	at org.springframework.test.context.junit4.SpringJUnit4ClassRunner.createTest(SpringJUnit4ClassRunner.java:228) [spring-test-4.3.8.RELEASE.jar:4.3.8.RELEASE]
	at org.springframework.test.context.junit4.SpringJUnit4ClassRunner$1.runReflectiveCall(SpringJUnit4ClassRunner.java:287) [spring-test-4.3.8.RELEASE.jar:4.3.8.RELEASE]
	at org.junit.internal.runners.model.ReflectiveCallable.run(ReflectiveCallable.java:12) [junit-4.12.jar:4.12]
	at org.springframework.test.context.junit4.SpringJUnit4ClassRunner.methodBlock(SpringJUnit4ClassRunner.java:289) [spring-test-4.3.8.RELEASE.jar:4.3.8.RELEASE]
	at org.springframework.test.context.junit4.SpringJUnit4ClassRunner.runChild(SpringJUnit4ClassRunner.java:247) [spring-test-4.3.8.RELEASE.jar:4.3.8.RELEASE]
	at org.springframework.test.context.junit4.SpringJUnit4ClassRunner.runChild(SpringJUnit4ClassRunner.java:94) [spring-test-4.3.8.RELEASE.jar:4.3.8.RELEASE]
	at org.junit.runners.ParentRunner$3.run(ParentRunner.java:290) [junit-4.12.jar:4.12]
	at org.junit.runners.ParentRunner$1.schedule(ParentRunner.java:71) [junit-4.12.jar:4.12]
	at org.junit.runners.ParentRunner.runChildren(ParentRunner.java:288) [junit-4.12.jar:4.12]
	at org.junit.runners.ParentRunner.access$000(ParentRunner.java:58) [junit-4.12.jar:4.12]
	at org.junit.runners.ParentRunner$2.evaluate(ParentRunner.java:268) [junit-4.12.jar:4.12]
	at org.springframework.test.context.junit4.statements.RunBeforeTestClassCallbacks.evaluate(RunBeforeTestClassCallbacks.java:61) [spring-test-4.3.8.RELEASE.jar:4.3.8.RELEASE]
	at org.springframework.test.context.junit4.statements.RunAfterTestClassCallbacks.evaluate(RunAfterTestClassCallbacks.java:70) [spring-test-4.3.8.RELEASE.jar:4.3.8.RELEASE]
	at org.junit.runners.ParentRunner.run(ParentRunner.java:363) [junit-4.12.jar:4.12]
	at org.springframework.test.context.junit4.SpringJUnit4ClassRunner.run(SpringJUnit4ClassRunner.java:191) [spring-test-4.3.8.RELEASE.jar:4.3.8.RELEASE]
	at org.apache.maven.surefire.junit4.JUnit4Provider.execute(JUnit4Provider.java:365) [surefire-junit4-2.20.jar:2.20]
	at org.apache.maven.surefire.junit4.JUnit4Provider.executeWithRerun(JUnit4Provider.java:272) [surefire-junit4-2.20.jar:2.20]
	at org.apache.maven.surefire.junit4.JUnit4Provider.executeTestSet(JUnit4Provider.java:236) [surefire-junit4-2.20.jar:2.20]
	at org.apache.maven.surefire.junit4.JUnit4Provider.invoke(JUnit4Provider.java:159) [surefire-junit4-2.20.jar:2.20]
	at org.apache.maven.surefire.booter.ForkedBooter.invokeProviderInSameClassLoader(ForkedBooter.java:386) [surefire-booter-2.20.jar:2.20]
	at org.apache.maven.surefire.booter.ForkedBooter.runSuitesInProcess(ForkedBooter.java:323) [surefire-booter-2.20.jar:2.20]
	at org.apache.maven.surefire.booter.ForkedBooter.main(ForkedBooter.java:143) [surefire-booter-2.20.jar:2.20]
Caused by: org.apache.catalina.LifecycleException: service.getName(): "Tomcat";  Protocol handler start failed
	at org.apache.catalina.connector.Connector.startInternal(Connector.java:1000) ~[tomcat-embed-core-8.5.14.jar:8.5.14]
	at org.apache.catalina.util.LifecycleBase.start(LifecycleBase.java:150) ~[tomcat-embed-core-8.5.14.jar:8.5.14]
	... 38 common frames omitted
Caused by: java.net.BindException: Address already in use: bind
	at sun.nio.ch.Net.bind0(Native Method) ~[na:1.8.0_191]
	at sun.nio.ch.Net.bind(Net.java:433) ~[na:1.8.0_191]
	at sun.nio.ch.Net.bind(Net.java:425) ~[na:1.8.0_191]
	at sun.nio.ch.ServerSocketChannelImpl.bind(ServerSocketChannelImpl.java:223) ~[na:1.8.0_191]
	at sun.nio.ch.ServerSocketAdaptor.bind(ServerSocketAdaptor.java:74) ~[na:1.8.0_191]
	at org.apache.tomcat.util.net.NioEndpoint.bind(NioEndpoint.java:210) ~[tomcat-embed-core-8.5.14.jar:8.5.14]
	at org.apache.tomcat.util.net.AbstractEndpoint.start(AbstractEndpoint.java:978) ~[tomcat-embed-core-8.5.14.jar:8.5.14]
	at org.apache.coyote.AbstractProtocol.start(AbstractProtocol.java:628) ~[tomcat-embed-core-8.5.14.jar:8.5.14]
	at org.apache.catalina.connector.Connector.startInternal(Connector.java:993) ~[tomcat-embed-core-8.5.14.jar:8.5.14]
	... 39 common frames omitted

2018-12-22 13:24:31.832  INFO 11736 --- [           main] o.apache.catalina.core.StandardService   : Stopping service Tomcat
2018-12-22 13:24:31.838  INFO 11736 --- [           main] utoConfigurationReportLoggingInitializer : 

Error starting ApplicationContext. To display the auto-configuration report re-run your application with 'debug' enabled.
2018-12-22 13:24:31.839 ERROR 11736 --- [           main] o.s.b.d.LoggingFailureAnalysisReporter   : 

***************************
APPLICATION FAILED TO START
***************************

Description:

The Tomcat connector configured to listen on port 8080 failed to start. The port may already be in use or the connector may be misconfigured.

Action:

Verify the connector's configuration, identify and stop any process that's listening on port 8080, or configure this application to listen on another port.

2018-12-22 13:24:31.839  INFO 11736 --- [           main] ationConfigEmbeddedWebApplicationContext : Closing org.springframework.boot.context.embedded.AnnotationConfigEmbeddedWebApplicationContext@4ce4aa82: startup date [Sat Dec 22 13:24:28 IST 2018]; root of context hierarchy
2018-12-22 13:24:31.841  INFO 11736 --- [           main] o.z.vogon.web.PersistenceConfiguration   : Unloading JDBC drivers
2018-12-22 13:24:31.841  INFO 11736 --- [           main] j.LocalContainerEntityManagerFactoryBean : Closing JPA EntityManagerFactory for persistence unit 'VogonPU'
2018-12-22 13:24:31.841  INFO 11736 --- [           main] org.hibernate.orm.connections.pooling    : HHH10001008: Cleaning up connection pool [jdbc:h2:mem:test]
2018-12-22 13:24:31.842 ERROR 11736 --- [           main] o.s.test.context.TestContextManager      : Caught exception while allowing TestExecutionListener [org.springframework.boot.test.autoconfigure.SpringBootDependencyInjectionTestExecutionListener@482cd077] to prepare test instance [org.zlogic.vogon.web.TransactionsControllerWriteTest@54f525c2]

java.lang.IllegalStateException: Failed to load ApplicationContext
	at org.springframework.test.context.cache.DefaultCacheAwareContextLoaderDelegate.loadContext(DefaultCacheAwareContextLoaderDelegate.java:124) ~[spring-test-4.3.8.RELEASE.jar:4.3.8.RELEASE]
	at org.springframework.test.context.support.DefaultTestContext.getApplicationContext(DefaultTestContext.java:83) ~[spring-test-4.3.8.RELEASE.jar:4.3.8.RELEASE]
	at org.springframework.boot.test.autoconfigure.SpringBootDependencyInjectionTestExecutionListener.prepareTestInstance(SpringBootDependencyInjectionTestExecutionListener.java:47) ~[spring-boot-test-autoconfigure-1.5.3.RELEASE.jar:1.5.3.RELEASE]
	at org.springframework.test.context.TestContextManager.prepareTestInstance(TestContextManager.java:230) ~[spring-test-4.3.8.RELEASE.jar:4.3.8.RELEASE]
	at org.springframework.test.context.junit4.SpringJUnit4ClassRunner.createTest(SpringJUnit4ClassRunner.java:228) [spring-test-4.3.8.RELEASE.jar:4.3.8.RELEASE]
	at org.springframework.test.context.junit4.SpringJUnit4ClassRunner$1.runReflectiveCall(SpringJUnit4ClassRunner.java:287) [spring-test-4.3.8.RELEASE.jar:4.3.8.RELEASE]
	at org.junit.internal.runners.model.ReflectiveCallable.run(ReflectiveCallable.java:12) [junit-4.12.jar:4.12]
	at org.springframework.test.context.junit4.SpringJUnit4ClassRunner.methodBlock(SpringJUnit4ClassRunner.java:289) [spring-test-4.3.8.RELEASE.jar:4.3.8.RELEASE]
	at org.springframework.test.context.junit4.SpringJUnit4ClassRunner.runChild(SpringJUnit4ClassRunner.java:247) [spring-test-4.3.8.RELEASE.jar:4.3.8.RELEASE]
	at org.springframework.test.context.junit4.SpringJUnit4ClassRunner.runChild(SpringJUnit4ClassRunner.java:94) [spring-test-4.3.8.RELEASE.jar:4.3.8.RELEASE]
	at org.junit.runners.ParentRunner$3.run(ParentRunner.java:290) [junit-4.12.jar:4.12]
	at org.junit.runners.ParentRunner$1.schedule(ParentRunner.java:71) [junit-4.12.jar:4.12]
	at org.junit.runners.ParentRunner.runChildren(ParentRunner.java:288) [junit-4.12.jar:4.12]
	at org.junit.runners.ParentRunner.access$000(ParentRunner.java:58) [junit-4.12.jar:4.12]
	at org.junit.runners.ParentRunner$2.evaluate(ParentRunner.java:268) [junit-4.12.jar:4.12]
	at org.springframework.test.context.junit4.statements.RunBeforeTestClassCallbacks.evaluate(RunBeforeTestClassCallbacks.java:61) [spring-test-4.3.8.RELEASE.jar:4.3.8.RELEASE]
	at org.springframework.test.context.junit4.statements.RunAfterTestClassCallbacks.evaluate(RunAfterTestClassCallbacks.java:70) [spring-test-4.3.8.RELEASE.jar:4.3.8.RELEASE]
	at org.junit.runners.ParentRunner.run(ParentRunner.java:363) [junit-4.12.jar:4.12]
	at org.springframework.test.context.junit4.SpringJUnit4ClassRunner.run(SpringJUnit4ClassRunner.java:191) [spring-test-4.3.8.RELEASE.jar:4.3.8.RELEASE]
	at org.apache.maven.surefire.junit4.JUnit4Provider.execute(JUnit4Provider.java:365) [surefire-junit4-2.20.jar:2.20]
	at org.apache.maven.surefire.junit4.JUnit4Provider.executeWithRerun(JUnit4Provider.java:272) [surefire-junit4-2.20.jar:2.20]
	at org.apache.maven.surefire.junit4.JUnit4Provider.executeTestSet(JUnit4Provider.java:236) [surefire-junit4-2.20.jar:2.20]
	at org.apache.maven.surefire.junit4.JUnit4Provider.invoke(JUnit4Provider.java:159) [surefire-junit4-2.20.jar:2.20]
	at org.apache.maven.surefire.booter.ForkedBooter.invokeProviderInSameClassLoader(ForkedBooter.java:386) [surefire-booter-2.20.jar:2.20]
	at org.apache.maven.surefire.booter.ForkedBooter.runSuitesInProcess(ForkedBooter.java:323) [surefire-booter-2.20.jar:2.20]
	at org.apache.maven.surefire.booter.ForkedBooter.main(ForkedBooter.java:143) [surefire-booter-2.20.jar:2.20]
Caused by: org.springframework.boot.context.embedded.tomcat.ConnectorStartFailedException: Connector configured to listen on port 8080 failed to start
	at org.springframework.boot.context.embedded.tomcat.TomcatEmbeddedServletContainer.checkThatConnectorsHaveStarted(TomcatEmbeddedServletContainer.java:219) ~[spring-boot-1.5.3.RELEASE.jar:1.5.3.RELEASE]
	at org.springframework.boot.context.embedded.tomcat.TomcatEmbeddedServletContainer.start(TomcatEmbeddedServletContainer.java:195) ~[spring-boot-1.5.3.RELEASE.jar:1.5.3.RELEASE]
	at org.springframework.boot.context.embedded.EmbeddedWebApplicationContext.startEmbeddedServletContainer(EmbeddedWebApplicationContext.java:297) ~[spring-boot-1.5.3.RELEASE.jar:1.5.3.RELEASE]
	at org.springframework.boot.context.embedded.EmbeddedWebApplicationContext.finishRefresh(EmbeddedWebApplicationContext.java:145) ~[spring-boot-1.5.3.RELEASE.jar:1.5.3.RELEASE]
	at org.springframework.context.support.AbstractApplicationContext.refresh(AbstractApplicationContext.java:545) ~[spring-context-4.3.8.RELEASE.jar:4.3.8.RELEASE]
	at org.springframework.boot.context.embedded.EmbeddedWebApplicationContext.refresh(EmbeddedWebApplicationContext.java:122) ~[spring-boot-1.5.3.RELEASE.jar:1.5.3.RELEASE]
	at org.springframework.boot.SpringApplication.refresh(SpringApplication.java:737) ~[spring-boot-1.5.3.RELEASE.jar:1.5.3.RELEASE]
	at org.springframework.boot.SpringApplication.refreshContext(SpringApplication.java:370) ~[spring-boot-1.5.3.RELEASE.jar:1.5.3.RELEASE]
	at org.springframework.boot.SpringApplication.run(SpringApplication.java:314) ~[spring-boot-1.5.3.RELEASE.jar:1.5.3.RELEASE]
	at org.springframework.boot.test.context.SpringBootContextLoader.loadContext(SpringBootContextLoader.java:120) ~[spring-boot-test-1.5.3.RELEASE.jar:1.5.3.RELEASE]
	at org.springframework.test.context.cache.DefaultCacheAwareContextLoaderDelegate.loadContextInternal(DefaultCacheAwareContextLoaderDelegate.java:98) ~[spring-test-4.3.8.RELEASE.jar:4.3.8.RELEASE]
	at org.springframework.test.context.cache.DefaultCacheAwareContextLoaderDelegate.loadContext(DefaultCacheAwareContextLoaderDelegate.java:116) ~[spring-test-4.3.8.RELEASE.jar:4.3.8.RELEASE]
	... 25 common frames omitted

]]></system-out>
  </testcase>
</testsuite>