<?xml version="1.0" encoding="UTF-8"?>
<testsuite xmlns:xsi="http://www.w3.org/2001/XMLSchema-instance" xsi:noNamespaceSchemaLocation="https://maven.apache.org/surefire/maven-surefire-plugin/xsd/surefire-test-report.xsd" name="org.zlogic.vogon.web.AuthenticationTest" time="18.432" tests="5" errors="5" skipped="0" failures="0">
  <properties>
    <property name="java.runtime.name" value="Java(TM) SE Runtime Environment"/>
    <property name="sun.boot.library.path" value="C:\Program Files\Java\jdk1.8.0_191\jre\bin"/>
    <property name="java.vm.version" value="25.191-b12"/>
    <property name="java.vm.vendor" value="Oracle Corporation"/>
    <property name="maven.multiModuleProjectDirectory" value="C:\Program Files (x86)\Jenkins\workspace\Maven_project"/>
    <property name="java.vendor.url" value="http://java.oracle.com/"/>
    <property name="path.separator" value=";"/>
    <property name="guice.disable.misplaced.annotation.check" value="true"/>
    <property name="java.vm.name" value="Java HotSpot(TM) 64-Bit Server VM"/>
    <property name="file.encoding.pkg" value="sun.io"/>
    <property name="user.script" value=""/>
    <property name="user.country" value="IN"/>
    <property name="sun.java.launcher" value="SUN_STANDARD"/>
    <property name="sun.os.patch.level" value=""/>
    <property name="java.vm.specification.name" value="Java Virtual Machine Specification"/>
    <property name="user.dir" value="C:\Program Files (x86)\Jenkins\workspace\Maven_project"/>
    <property name="java.runtime.version" value="1.8.0_191-b12"/>
    <property name="java.awt.graphicsenv" value="sun.awt.Win32GraphicsEnvironment"/>
    <property name="java.endorsed.dirs" value="C:\Program Files\Java\jdk1.8.0_191\jre\lib\endorsed"/>
    <property name="os.arch" value="amd64"/>
    <property name="java.io.tmpdir" value="C:\WINDOWS\TEMP\"/>
    <property name="line.separator" value="&#10;"/>
    <property name="java.vm.specification.vendor" value="Oracle Corporation"/>
    <property name="user.variant" value=""/>
    <property name="os.name" value="Windows 10"/>
    <property name="classworlds.conf" value="C:\apache-maven-3.5.4\bin\..\bin\m2.conf"/>
    <property name="sun.jnu.encoding" value="Cp1252"/>
    <property name="java.library.path" value="C:\Program Files\Java\jdk1.8.0_191\bin;C:\WINDOWS\Sun\Java\bin;C:\WINDOWS\system32;C:\WINDOWS;C:\apache-maven-3.5.4/bin;C:\Program Files\Java\jdk1.8.0_191/bin;C:\Program Files\Java\jdk1.8.0_191/bin;C:\Program Files\Java\jdk1.7.0_79\bin;C:\WINDOWSsystem32;C:\WINDOWS;C:\WINDOWS\system32;C:\WINDOWS\system32\config\systemprofile\AppData\Local\Microsoft\WindowsApps;."/>
    <property name="maven.conf" value="C:\apache-maven-3.5.4\bin\../conf"/>
    <property name="java.specification.name" value="Java Platform API Specification"/>
    <property name="java.class.version" value="52.0"/>
    <property name="sun.management.compiler" value="HotSpot 64-Bit Tiered Compilers"/>
    <property name="os.version" value="10.0"/>
    <property name="library.jansi.path" value="C:\apache-maven-3.5.4\bin\..\lib\jansi-native"/>
    <property name="user.home" value="C:\WINDOWS\system32\config\systemprofile"/>
    <property name="user.timezone" value="Asia/Calcutta"/>
    <property name="java.awt.printerjob" value="sun.awt.windows.WPrinterJob"/>
    <property name="java.specification.version" value="1.8"/>
    <property name="file.encoding" value="Cp1252"/>
    <property name="user.name" value="GOPAL$"/>
    <property name="java.class.path" value="C:\apache-maven-3.5.4\bin\..\boot\plexus-classworlds-2.5.2.jar"/>
    <property name="java.vm.specification.version" value="1.8"/>
    <property name="sun.arch.data.model" value="64"/>
    <property name="java.home" value="C:\Program Files\Java\jdk1.8.0_191\jre"/>
    <property name="sun.java.command" value="org.codehaus.plexus.classworlds.launcher.Launcher package"/>
    <property name="java.specification.vendor" value="Oracle Corporation"/>
    <property name="user.language" value="en"/>
    <property name="awt.toolkit" value="sun.awt.windows.WToolkit"/>
    <property name="java.vm.info" value="mixed mode"/>
    <property name="java.version" value="1.8.0_191"/>
    <property name="java.ext.dirs" value="C:\Program Files\Java\jdk1.8.0_191\jre\lib\ext;C:\WINDOWS\Sun\Java\lib\ext"/>
    <property name="sun.boot.class.path" value="C:\Program Files\Java\jdk1.8.0_191\jre\lib\resources.jar;C:\Program Files\Java\jdk1.8.0_191\jre\lib\rt.jar;C:\Program Files\Java\jdk1.8.0_191\jre\lib\sunrsasign.jar;C:\Program Files\Java\jdk1.8.0_191\jre\lib\jsse.jar;C:\Program Files\Java\jdk1.8.0_191\jre\lib\jce.jar;C:\Program Files\Java\jdk1.8.0_191\jre\lib\charsets.jar;C:\Program Files\Java\jdk1.8.0_191\jre\lib\jfr.jar;C:\Program Files\Java\jdk1.8.0_191\jre\classes"/>
    <property name="java.vendor" value="Oracle Corporation"/>
    <property name="maven.home" value="C:\apache-maven-3.5.4\bin\.."/>
    <property name="file.separator" value="\"/>
    <property name="java.vendor.url.bug" value="http://bugreport.sun.com/bugreport/"/>
    <property name="sun.cpu.endian" value="little"/>
    <property name="sun.io.unicode.encoding" value="UnicodeLittle"/>
    <property name="sun.desktop" value="windows"/>
    <property name="sun.cpu.isalist" value="amd64"/>
  </properties>
  <testcase name="testExpiredTokens" classname="org.zlogic.vogon.web.AuthenticationTest" time="0">
    <error message="Failed to load ApplicationContext" type="java.lang.IllegalStateException">java.lang.IllegalStateException: Failed to load ApplicationContext
Caused by: org.springframework.boot.context.embedded.tomcat.ConnectorStartFailedException: Connector configured to listen on port 8080 failed to start
</error>
    <system-out><![CDATA[2018-12-22 13:20:10.648  INFO 11736 --- [           main] .b.t.c.SpringBootTestContextBootstrapper : Neither @ContextConfiguration nor @ContextHierarchy found for test class [org.zlogic.vogon.web.AuthenticationTest], using SpringBootContextLoader
2018-12-22 13:20:10.648  INFO 11736 --- [           main] o.s.t.c.support.AbstractContextLoader    : Could not detect default resource locations for test class [org.zlogic.vogon.web.AuthenticationTest]: no resource found for suffixes {-context.xml, Context.groovy}.
2018-12-22 13:20:10.664  INFO 11736 --- [           main] .b.t.c.SpringBootTestContextBootstrapper : Loaded default TestExecutionListener class names from location [META-INF/spring.factories]: [org.springframework.boot.test.mock.mockito.MockitoTestExecutionListener, org.springframework.boot.test.mock.mockito.ResetMocksTestExecutionListener, org.springframework.boot.test.autoconfigure.restdocs.RestDocsTestExecutionListener, org.springframework.boot.test.autoconfigure.web.client.MockRestServiceServerResetTestExecutionListener, org.springframework.boot.test.autoconfigure.web.servlet.MockMvcPrintOnlyOnFailureTestExecutionListener, org.springframework.boot.test.autoconfigure.web.servlet.WebDriverTestExecutionListener, org.springframework.test.context.web.ServletTestExecutionListener, org.springframework.test.context.support.DirtiesContextBeforeModesTestExecutionListener, org.springframework.test.context.support.DependencyInjectionTestExecutionListener, org.springframework.test.context.support.DirtiesContextTestExecutionListener, org.springframework.test.context.transaction.TransactionalTestExecutionListener, org.springframework.test.context.jdbc.SqlScriptsTestExecutionListener]
2018-12-22 13:20:10.664  INFO 11736 --- [           main] .b.t.c.SpringBootTestContextBootstrapper : Using TestExecutionListeners: [org.springframework.test.context.web.ServletTestExecutionListener@1fec5b27, org.springframework.test.context.support.DirtiesContextBeforeModesTestExecutionListener@1afb1549, org.springframework.boot.test.autoconfigure.SpringBootDependencyInjectionTestExecutionListener@671c93a5, org.springframework.test.context.support.DirtiesContextTestExecutionListener@62c36714, org.springframework.test.context.transaction.TransactionalTestExecutionListener@1f0b3d08, org.springframework.test.context.jdbc.SqlScriptsTestExecutionListener@5d1822fd, org.springframework.boot.test.autoconfigure.restdocs.RestDocsTestExecutionListener@5e9a0340, org.springframework.boot.test.autoconfigure.web.servlet.MockMvcPrintOnlyOnFailureTestExecutionListener@27182440, org.springframework.boot.test.mock.mockito.MockitoTestExecutionListener@613daed6, org.springframework.boot.test.mock.mockito.ResetMocksTestExecutionListener@7d2e67c6, org.springframework.boot.test.autoconfigure.web.client.MockRestServiceServerResetTestExecutionListener@73a0eb20, org.springframework.boot.test.autoconfigure.web.servlet.WebDriverTestExecutionListener@15fcfb30]

  .   ____          _            __ _ _
 /\\ / ___'_ __ _ _(_)_ __  __ _ \ \ \ \
( ( )\___ | '_ | '_| | '_ \/ _` | \ \ \ \
 \\/  ___)| |_)| | | | | || (_| |  ) ) ) )
  '  |____| .__|_| |_|_| |_\__, | / / / /
 =========|_|==============|___/=/_/_/_/
 :: Spring Boot ::        (v1.5.3.RELEASE)

2018-12-22 13:20:10.695  INFO 11736 --- [           main] org.zlogic.vogon.web.AuthenticationTest  : Starting AuthenticationTest on GOPAL with PID 11736 (started by GOPAL$ in C:\Program Files (x86)\Jenkins\workspace\Maven_project\vogon-web)
2018-12-22 13:20:10.695  INFO 11736 --- [           main] org.zlogic.vogon.web.AuthenticationTest  : No active profile set, falling back to default profiles: default
2018-12-22 13:20:10.695  INFO 11736 --- [           main] ationConfigEmbeddedWebApplicationContext : Refreshing org.springframework.boot.context.embedded.AnnotationConfigEmbeddedWebApplicationContext@1529cb1b: startup date [Sat Dec 22 13:20:10 IST 2018]; root of context hierarchy
2018-12-22 13:20:10.978  INFO 11736 --- [           main] o.s.b.f.s.DefaultListableBeanFactory     : Overriding bean definition for bean 'entityManagerFactory' with a different definition: replacing [Root bean: class [null]; scope=; abstract=false; lazyInit=false; autowireMode=3; dependencyCheck=0; autowireCandidate=true; primary=false; factoryBeanName=persistenceConfiguration; factoryMethodName=entityManagerFactory; initMethodName=null; destroyMethodName=(inferred); defined in class path resource [org/zlogic/vogon/web/PersistenceConfiguration.class]] with [Root bean: class [null]; scope=; abstract=false; lazyInit=false; autowireMode=3; dependencyCheck=0; autowireCandidate=true; primary=false; factoryBeanName=databaseConfiguration; factoryMethodName=entityManagerFactory; initMethodName=null; destroyMethodName=(inferred); defined in org.zlogic.vogon.web.DatabaseConfiguration]
2018-12-22 13:20:11.132  INFO 11736 --- [           main] trationDelegate$BeanPostProcessorChecker : Bean 'org.springframework.security.config.annotation.configuration.ObjectPostProcessorConfiguration' of type [org.springframework.security.config.annotation.configuration.ObjectPostProcessorConfiguration$$EnhancerBySpringCGLIB$$be8c3acc] is not eligible for getting processed by all BeanPostProcessors (for example: not eligible for auto-proxying)
2018-12-22 13:20:11.147  INFO 11736 --- [           main] trationDelegate$BeanPostProcessorChecker : Bean 'objectPostProcessor' of type [org.springframework.security.config.annotation.configuration.AutowireBeanFactoryObjectPostProcessor] is not eligible for getting processed by all BeanPostProcessors (for example: not eligible for auto-proxying)
2018-12-22 13:20:11.147  INFO 11736 --- [           main] trationDelegate$BeanPostProcessorChecker : Bean 'org.springframework.security.access.expression.method.DefaultMethodSecurityExpressionHandler@4fa2adee' of type [org.springframework.security.oauth2.provider.expression.OAuth2MethodSecurityExpressionHandler] is not eligible for getting processed by all BeanPostProcessors (for example: not eligible for auto-proxying)
2018-12-22 13:20:11.147  INFO 11736 --- [           main] trationDelegate$BeanPostProcessorChecker : Bean 'org.springframework.security.config.annotation.method.configuration.GlobalMethodSecurityConfiguration' of type [org.springframework.security.config.annotation.method.configuration.GlobalMethodSecurityConfiguration$$EnhancerBySpringCGLIB$$e360dd7e] is not eligible for getting processed by all BeanPostProcessors (for example: not eligible for auto-proxying)
2018-12-22 13:20:11.147  INFO 11736 --- [           main] trationDelegate$BeanPostProcessorChecker : Bean 'methodSecurityMetadataSource' of type [org.springframework.security.access.method.DelegatingMethodSecurityMetadataSource] is not eligible for getting processed by all BeanPostProcessors (for example: not eligible for auto-proxying)
2018-12-22 13:20:11.147  INFO 11736 --- [           main] trationDelegate$BeanPostProcessorChecker : Bean 'org.springframework.transaction.annotation.ProxyTransactionManagementConfiguration' of type [org.springframework.transaction.annotation.ProxyTransactionManagementConfiguration$$EnhancerBySpringCGLIB$$25de7292] is not eligible for getting processed by all BeanPostProcessors (for example: not eligible for auto-proxying)
2018-12-22 13:20:11.163  INFO 11736 --- [           main] trationDelegate$BeanPostProcessorChecker : Bean 'security.oauth2.client-org.springframework.boot.autoconfigure.security.oauth2.OAuth2ClientProperties' of type [org.springframework.boot.autoconfigure.security.oauth2.OAuth2ClientProperties] is not eligible for getting processed by all BeanPostProcessors (for example: not eligible for auto-proxying)
2018-12-22 13:20:11.163  INFO 11736 --- [           main] trationDelegate$BeanPostProcessorChecker : Bean 'org.springframework.boot.autoconfigure.security.oauth2.OAuth2AutoConfiguration' of type [org.springframework.boot.autoconfigure.security.oauth2.OAuth2AutoConfiguration$$EnhancerBySpringCGLIB$$dd282e92] is not eligible for getting processed by all BeanPostProcessors (for example: not eligible for auto-proxying)
2018-12-22 13:20:11.179  INFO 11736 --- [           main] trationDelegate$BeanPostProcessorChecker : Bean 'resourceServerProperties' of type [org.springframework.boot.autoconfigure.security.oauth2.resource.ResourceServerProperties] is not eligible for getting processed by all BeanPostProcessors (for example: not eligible for auto-proxying)
2018-12-22 13:20:11.210  INFO 11736 --- [           main] org.zlogic.vogon.web.TomcatConfigurer    : Using keystore C:\Program Files (x86)\Jenkins\workspace\Maven_project\vogon-web\target/vogonweb.keystore with password ********
2018-12-22 13:20:11.226  INFO 11736 --- [           main] s.b.c.e.t.TomcatEmbeddedServletContainer : Tomcat initialized with port(s): 8080 (http) 8443 (https)
2018-12-22 13:20:11.226  INFO 11736 --- [           main] o.apache.catalina.core.StandardService   : Starting service Tomcat
2018-12-22 13:20:11.226  INFO 11736 --- [           main] org.apache.catalina.core.StandardEngine  : Starting Servlet Engine: Apache Tomcat/8.5.14
2018-12-22 13:20:11.272  INFO 11736 --- [ost-startStop-1] org.apache.jasper.servlet.TldScanner     : At least one JAR was scanned for TLDs yet contained no TLDs. Enable debug logging for this logger for a complete list of JARs that were scanned but no TLDs were found in them. Skipping unneeded JARs during scanning can improve startup time and JSP compilation time.
2018-12-22 13:20:11.272  INFO 11736 --- [ost-startStop-1] o.a.c.c.C.[Tomcat-48].[localhost].[/]    : Initializing Spring embedded WebApplicationContext
2018-12-22 13:20:11.272  INFO 11736 --- [ost-startStop-1] o.s.web.context.ContextLoader            : Root WebApplicationContext: initialization completed in 577 ms
2018-12-22 13:20:11.444  INFO 11736 --- [ost-startStop-1] o.s.b.w.servlet.FilterRegistrationBean   : Mapping filter: 'metricsFilter' to: [/*]
2018-12-22 13:20:11.444  INFO 11736 --- [ost-startStop-1] o.s.b.w.servlet.FilterRegistrationBean   : Mapping filter: 'characterEncodingFilter' to: [/*]
2018-12-22 13:20:11.444  INFO 11736 --- [ost-startStop-1] o.s.b.w.servlet.FilterRegistrationBean   : Mapping filter: 'hiddenHttpMethodFilter' to: [/*]
2018-12-22 13:20:11.444  INFO 11736 --- [ost-startStop-1] o.s.b.w.servlet.FilterRegistrationBean   : Mapping filter: 'httpPutFormContentFilter' to: [/*]
2018-12-22 13:20:11.444  INFO 11736 --- [ost-startStop-1] o.s.b.w.servlet.FilterRegistrationBean   : Mapping filter: 'requestContextFilter' to: [/*]
2018-12-22 13:20:11.444  INFO 11736 --- [ost-startStop-1] .s.DelegatingFilterProxyRegistrationBean : Mapping filter: 'springSecurityFilterChain' to: [/*]
2018-12-22 13:20:11.444  INFO 11736 --- [ost-startStop-1] o.s.b.w.servlet.FilterRegistrationBean   : Mapping filter: 'webRequestLoggingFilter' to: [/*]
2018-12-22 13:20:11.444  INFO 11736 --- [ost-startStop-1] o.s.b.w.servlet.FilterRegistrationBean   : Mapping filter: 'applicationContextIdFilter' to: [/*]
2018-12-22 13:20:11.444  INFO 11736 --- [ost-startStop-1] o.s.b.w.servlet.ServletRegistrationBean  : Mapping servlet: 'dispatcherServlet' to [/]
2018-12-22 13:20:11.460  INFO 11736 --- [           main] j.LocalContainerEntityManagerFactoryBean : Building JPA container EntityManagerFactory for persistence unit 'VogonPU'
2018-12-22 13:20:11.460  INFO 11736 --- [           main] o.hibernate.jpa.internal.util.LogHelper  : HHH000204: Processing PersistenceUnitInfo [
	name: VogonPU
	...]
2018-12-22 13:20:11.460  WARN 11736 --- [           main] org.hibernate.orm.connections.pooling    : HHH10001002: Using Hibernate built-in connection pool (not for production use!)
2018-12-22 13:20:11.460  INFO 11736 --- [           main] org.hibernate.orm.connections.pooling    : HHH10001005: using driver [org.h2.Driver] at URL [jdbc:h2:mem:test]
2018-12-22 13:20:11.460  INFO 11736 --- [           main] org.hibernate.orm.connections.pooling    : HHH10001001: Connection properties: {}
2018-12-22 13:20:11.460  INFO 11736 --- [           main] org.hibernate.orm.connections.pooling    : HHH10001003: Autocommit mode: false
2018-12-22 13:20:11.460  INFO 11736 --- [           main] .c.i.DriverManagerConnectionProviderImpl : HHH000115: Hibernate connection pool size: 20 (min=1)
2018-12-22 13:20:11.460  INFO 11736 --- [           main] org.hibernate.dialect.Dialect            : HHH000400: Using dialect: org.hibernate.dialect.H2Dialect
2018-12-22 13:20:11.491  INFO 11736 --- [           main] org.hibernate.orm.connections.access     : HHH10001501: Connection obtained from JdbcConnectionAccess [org.hibernate.engine.jdbc.env.internal.JdbcEnvironmentInitiator$ConnectionProviderJdbcConnectionAccess@2b7f0722] for (non-JTA) DDL execution was not in auto-commit mode; the Connection 'local transaction' will be committed and the Connection will be set into auto-commit mode.
2018-12-22 13:20:11.491  INFO 11736 --- [           main] j.LocalContainerEntityManagerFactoryBean : Initialized JPA EntityManagerFactory for persistence unit 'VogonPU'
2018-12-22 13:20:11.850  INFO 11736 --- [           main] .s.o.p.e.FrameworkEndpointHandlerMapping : Mapped "{[/oauth/authorize]}" onto public org.springframework.web.servlet.ModelAndView org.springframework.security.oauth2.provider.endpoint.AuthorizationEndpoint.authorize(java.util.Map<java.lang.String, java.lang.Object>,java.util.Map<java.lang.String, java.lang.String>,org.springframework.web.bind.support.SessionStatus,java.security.Principal)
2018-12-22 13:20:11.850  INFO 11736 --- [           main] .s.o.p.e.FrameworkEndpointHandlerMapping : Mapped "{[/oauth/authorize],methods=[POST],params=[user_oauth_approval]}" onto public org.springframework.web.servlet.View org.springframework.security.oauth2.provider.endpoint.AuthorizationEndpoint.approveOrDeny(java.util.Map<java.lang.String, java.lang.String>,java.util.Map<java.lang.String, ?>,org.springframework.web.bind.support.SessionStatus,java.security.Principal)
2018-12-22 13:20:11.850  INFO 11736 --- [           main] .s.o.p.e.FrameworkEndpointHandlerMapping : Mapped "{[/oauth/token],methods=[GET]}" onto public org.springframework.http.ResponseEntity<org.springframework.security.oauth2.common.OAuth2AccessToken> org.springframework.security.oauth2.provider.endpoint.TokenEndpoint.getAccessToken(java.security.Principal,java.util.Map<java.lang.String, java.lang.String>) throws org.springframework.web.HttpRequestMethodNotSupportedException
2018-12-22 13:20:11.850  INFO 11736 --- [           main] .s.o.p.e.FrameworkEndpointHandlerMapping : Mapped "{[/oauth/token],methods=[POST]}" onto public org.springframework.http.ResponseEntity<org.springframework.security.oauth2.common.OAuth2AccessToken> org.springframework.security.oauth2.provider.endpoint.TokenEndpoint.postAccessToken(java.security.Principal,java.util.Map<java.lang.String, java.lang.String>) throws org.springframework.web.HttpRequestMethodNotSupportedException
2018-12-22 13:20:11.850  INFO 11736 --- [           main] .s.o.p.e.FrameworkEndpointHandlerMapping : Mapped "{[/oauth/check_token]}" onto public java.util.Map<java.lang.String, ?> org.springframework.security.oauth2.provider.endpoint.CheckTokenEndpoint.checkToken(java.lang.String)
2018-12-22 13:20:11.850  INFO 11736 --- [           main] .s.o.p.e.FrameworkEndpointHandlerMapping : Mapped "{[/oauth/confirm_access]}" onto public org.springframework.web.servlet.ModelAndView org.springframework.security.oauth2.provider.endpoint.WhitelabelApprovalEndpoint.getAccessConfirmation(java.util.Map<java.lang.String, java.lang.Object>,javax.servlet.http.HttpServletRequest) throws java.lang.Exception
2018-12-22 13:20:11.850  INFO 11736 --- [           main] .s.o.p.e.FrameworkEndpointHandlerMapping : Mapped "{[/oauth/error]}" onto public org.springframework.web.servlet.ModelAndView org.springframework.security.oauth2.provider.endpoint.WhitelabelErrorEndpoint.handleError(javax.servlet.http.HttpServletRequest)
2018-12-22 13:20:12.053  INFO 11736 --- [           main] o.s.s.web.DefaultSecurityFilterChain     : Creating filter chain: OrRequestMatcher [requestMatchers=[Ant [pattern='/oauth/token'], Ant [pattern='/oauth/token_key'], Ant [pattern='/oauth/check_token']]], [org.springframework.security.web.context.request.async.WebAsyncManagerIntegrationFilter@5dd6c6cb, org.springframework.security.web.context.SecurityContextPersistenceFilter@23a0759f, org.springframework.security.web.header.HeaderWriterFilter@49255add, org.springframework.security.web.authentication.logout.LogoutFilter@bf4566e, org.springframework.security.oauth2.provider.client.ClientCredentialsTokenEndpointFilter@65ea9492, org.springframework.security.web.authentication.www.BasicAuthenticationFilter@67291ecf, org.springframework.security.web.savedrequest.RequestCacheAwareFilter@2bfd5425, org.springframework.security.web.servletapi.SecurityContextHolderAwareRequestFilter@486d0035, org.springframework.security.web.authentication.AnonymousAuthenticationFilter@71be59c9, org.springframework.security.web.session.SessionManagementFilter@43300d43, org.springframework.security.web.access.ExceptionTranslationFilter@8d010ae, org.springframework.security.web.access.intercept.FilterSecurityInterceptor@164dcdd2]
2018-12-22 13:20:12.053  INFO 11736 --- [           main] o.s.s.web.DefaultSecurityFilterChain     : Creating filter chain: org.springframework.boot.actuate.autoconfigure.ManagementWebSecurityAutoConfiguration$LazyEndpointPathRequestMatcher@1515ddef, [org.springframework.security.web.context.request.async.WebAsyncManagerIntegrationFilter@90c807, org.springframework.security.web.context.SecurityContextPersistenceFilter@73f4f438, org.springframework.security.web.header.HeaderWriterFilter@7cdb2488, org.springframework.security.web.authentication.logout.LogoutFilter@5067b6a4, org.springframework.security.web.authentication.www.BasicAuthenticationFilter@51969394, org.springframework.security.web.savedrequest.RequestCacheAwareFilter@490e334d, org.springframework.security.web.servletapi.SecurityContextHolderAwareRequestFilter@6cd4b180, org.springframework.security.web.authentication.AnonymousAuthenticationFilter@10d9550b, org.springframework.security.web.session.SessionManagementFilter@ae6cd2b, org.springframework.security.web.access.ExceptionTranslationFilter@5e8c9982, org.springframework.security.web.access.intercept.FilterSecurityInterceptor@6c7f84ca]
2018-12-22 13:20:12.080  INFO 11736 --- [           main] o.s.s.w.a.c.ChannelProcessingFilter      : Validated configuration attributes
2018-12-22 13:20:12.085  INFO 11736 --- [           main] o.s.s.web.DefaultSecurityFilterChain     : Creating filter chain: org.springframework.security.oauth2.config.annotation.web.configuration.ResourceServerConfiguration$NotOAuthRequestMatcher@c7c9e20, [org.springframework.security.web.access.channel.ChannelProcessingFilter@588ba190, org.springframework.security.web.context.request.async.WebAsyncManagerIntegrationFilter@4685a30, org.springframework.security.web.context.SecurityContextPersistenceFilter@97137fa, org.springframework.security.web.header.HeaderWriterFilter@632704e7, org.springframework.security.web.authentication.logout.LogoutFilter@444df60f, org.springframework.security.oauth2.provider.authentication.OAuth2AuthenticationProcessingFilter@69579d09, org.springframework.security.web.savedrequest.RequestCacheAwareFilter@6ac9845, org.springframework.security.web.servletapi.SecurityContextHolderAwareRequestFilter@5d77b44b, org.springframework.security.web.authentication.AnonymousAuthenticationFilter@1c607a00, org.springframework.security.web.session.SessionManagementFilter@22776a80, org.springframework.security.web.access.ExceptionTranslationFilter@23f584fd, org.springframework.security.web.access.intercept.FilterSecurityInterceptor@28a879c7]
2018-12-22 13:20:12.165  INFO 11736 --- [           main] s.w.s.m.m.a.RequestMappingHandlerAdapter : Looking for @ControllerAdvice: org.springframework.boot.context.embedded.AnnotationConfigEmbeddedWebApplicationContext@1529cb1b: startup date [Sat Dec 22 13:20:10 IST 2018]; root of context hierarchy
2018-12-22 13:20:12.180  INFO 11736 --- [           main] s.w.s.m.m.a.RequestMappingHandlerMapping : Mapped "{[/service/accounts],methods=[GET],produces=[application/json]}" onto public java.util.Collection<org.zlogic.vogon.data.FinanceAccount> org.zlogic.vogon.web.controller.AccountsController.getAllAccounts(org.zlogic.vogon.web.security.VogonSecurityUser)
2018-12-22 13:20:12.180  INFO 11736 --- [           main] s.w.s.m.m.a.RequestMappingHandlerMapping : Mapped "{[/service/accounts],methods=[POST],produces=[application/json]}" onto public java.util.Collection<org.zlogic.vogon.data.FinanceAccount> org.zlogic.vogon.web.controller.AccountsController.updateAccounts(java.util.Collection<org.zlogic.vogon.data.FinanceAccount>,org.zlogic.vogon.web.security.VogonSecurityUser)
2018-12-22 13:20:12.180  INFO 11736 --- [           main] s.w.s.m.m.a.RequestMappingHandlerMapping : Mapped "{[/service/analytics/tags],methods=[GET],produces=[application/json]}" onto public java.util.Set<java.lang.String> org.zlogic.vogon.web.controller.AnalyticsController.getAllTags(org.zlogic.vogon.web.security.VogonSecurityUser)
2018-12-22 13:20:12.180  INFO 11736 --- [           main] s.w.s.m.m.a.RequestMappingHandlerMapping : Mapped "{[/service/analytics],methods=[POST],produces=[application/json]}" onto public java.util.Map<java.lang.String, org.zlogic.vogon.data.report.Report> org.zlogic.vogon.web.controller.AnalyticsController.getReport(org.zlogic.vogon.data.report.ReportFactory,org.zlogic.vogon.web.security.VogonSecurityUser)
2018-12-22 13:20:12.180  INFO 11736 --- [           main] s.w.s.m.m.a.RequestMappingHandlerMapping : Mapped "{[/service/currencies],methods=[GET],produces=[application/json]}" onto public java.util.Collection<org.zlogic.vogon.web.data.model.CurrencyDetails> org.zlogic.vogon.web.controller.CurrenciesController.getAllCurrencies()
2018-12-22 13:20:12.180  INFO 11736 --- [           main] s.w.s.m.m.a.RequestMappingHandlerMapping : Mapped "{[/service/export],methods=[GET || POST]}" onto public org.springframework.http.HttpEntity<byte[]> org.zlogic.vogon.web.controller.DataController.exportDataJSON(org.zlogic.vogon.web.security.VogonSecurityUser) throws java.lang.RuntimeException
2018-12-22 13:20:12.180  INFO 11736 --- [           main] s.w.s.m.m.a.RequestMappingHandlerMapping : Mapped "{[/service/import],methods=[POST],consumes=[multipart/form-data],produces=[application/json]}" onto public java.lang.Boolean org.zlogic.vogon.web.controller.DataController.importData(org.springframework.web.multipart.MultipartFile,org.zlogic.vogon.web.security.VogonSecurityUser) throws java.lang.RuntimeException
2018-12-22 13:20:12.180  INFO 11736 --- [           main] s.w.s.m.m.a.RequestMappingHandlerMapping : Mapped "{[/fragments/{fragment}.fragment]}" onto public org.springframework.web.servlet.ModelAndView org.zlogic.vogon.web.controller.JspController.fragmentModelAndView(java.lang.String)
2018-12-22 13:20:12.180  INFO 11736 --- [           main] s.w.s.m.m.a.RequestMappingHandlerMapping : Mapped "{[/]}" onto public org.springframework.web.servlet.ModelAndView org.zlogic.vogon.web.controller.JspController.indexModelAndView()
2018-12-22 13:20:12.180  INFO 11736 --- [           main] s.w.s.m.m.a.RequestMappingHandlerMapping : Mapped "{[/oauth/logout],methods=[POST]}" onto public void org.zlogic.vogon.web.controller.LogoutController.logout(org.springframework.security.oauth2.provider.OAuth2Authentication) throws org.zlogic.vogon.web.security.UsernameExistsException
2018-12-22 13:20:12.180  INFO 11736 --- [           main] s.w.s.m.m.a.RequestMappingHandlerMapping : Mapped "{[/register],methods=[POST],produces=[application/json]}" onto public org.zlogic.vogon.data.VogonUser org.zlogic.vogon.web.controller.RegistrationController.register(org.zlogic.vogon.data.VogonUser) throws org.zlogic.vogon.web.security.UsernameExistsException
2018-12-22 13:20:12.180  INFO 11736 --- [           main] s.w.s.m.m.a.RequestMappingHandlerMapping : Mapped "{[/service/transactions/transaction/{id}],methods=[GET],produces=[application/json]}" onto public org.zlogic.vogon.web.data.model.FinanceTransactionJson org.zlogic.vogon.web.controller.TransactionsController.getTransaction(long,org.zlogic.vogon.web.security.VogonSecurityUser)
2018-12-22 13:20:12.180  INFO 11736 --- [           main] s.w.s.m.m.a.RequestMappingHandlerMapping : Mapped "{[/service/transactions],methods=[GET],produces=[application/json]}" onto public java.util.Collection<org.zlogic.vogon.web.data.model.FinanceTransactionJson> org.zlogic.vogon.web.controller.TransactionsController.getTransactions(java.lang.Integer,org.zlogic.vogon.web.controller.TransactionsController$SortColumn,org.springframework.data.domain.Sort$Direction,java.lang.String,java.util.Date,java.util.Collection<java.lang.String>,org.zlogic.vogon.web.security.VogonSecurityUser)
2018-12-22 13:20:12.180  INFO 11736 --- [           main] s.w.s.m.m.a.RequestMappingHandlerMapping : Mapped "{[/service/transactions],methods=[POST],produces=[application/json]}" onto public org.zlogic.vogon.web.data.model.FinanceTransactionJson org.zlogic.vogon.web.controller.TransactionsController.submitTransaction(org.zlogic.vogon.web.data.model.FinanceTransactionJson,org.zlogic.vogon.web.security.VogonSecurityUser)
2018-12-22 13:20:12.180  INFO 11736 --- [           main] s.w.s.m.m.a.RequestMappingHandlerMapping : Mapped "{[/service/transactions/pages],methods=[GET],produces=[application/json]}" onto public long org.zlogic.vogon.web.controller.TransactionsController.getTransactionsCount(org.zlogic.vogon.web.security.VogonSecurityUser)
2018-12-22 13:20:12.180  INFO 11736 --- [           main] s.w.s.m.m.a.RequestMappingHandlerMapping : Mapped "{[/service/transactions/transaction/{id}],methods=[DELETE],produces=[application/json]}" onto public org.zlogic.vogon.web.data.model.FinanceTransactionJson org.zlogic.vogon.web.controller.TransactionsController.deleteTransaction(long,org.zlogic.vogon.web.security.VogonSecurityUser)
2018-12-22 13:20:12.180  INFO 11736 --- [           main] s.w.s.m.m.a.RequestMappingHandlerMapping : Mapped "{[/service/user],methods=[POST],produces=[application/json]}" onto public org.zlogic.vogon.data.VogonUser org.zlogic.vogon.web.controller.UsersController.submitUser(org.zlogic.vogon.data.VogonUser,org.zlogic.vogon.web.security.VogonSecurityUser) throws org.zlogic.vogon.web.security.UsernameExistsException
2018-12-22 13:20:12.180  INFO 11736 --- [           main] s.w.s.m.m.a.RequestMappingHandlerMapping : Mapped "{[/service/user],methods=[GET],produces=[application/json]}" onto public org.zlogic.vogon.data.VogonUser org.zlogic.vogon.web.controller.UsersController.getUserData(org.zlogic.vogon.web.security.VogonSecurityUser)
2018-12-22 13:20:12.180  INFO 11736 --- [           main] s.w.s.m.m.a.RequestMappingHandlerMapping : Mapped "{[/error]}" onto public org.springframework.http.ResponseEntity<java.util.Map<java.lang.String, java.lang.Object>> org.springframework.boot.autoconfigure.web.BasicErrorController.error(javax.servlet.http.HttpServletRequest)
2018-12-22 13:20:12.180  INFO 11736 --- [           main] s.w.s.m.m.a.RequestMappingHandlerMapping : Mapped "{[/error],produces=[text/html]}" onto public org.springframework.web.servlet.ModelAndView org.springframework.boot.autoconfigure.web.BasicErrorController.errorHtml(javax.servlet.http.HttpServletRequest,javax.servlet.http.HttpServletResponse)
2018-12-22 13:20:12.196  INFO 11736 --- [           main] o.s.w.s.handler.SimpleUrlHandlerMapping  : Root mapping to handler of type [class org.springframework.web.servlet.mvc.ParameterizableViewController]
2018-12-22 13:20:12.415  INFO 11736 --- [           main] o.s.w.s.handler.SimpleUrlHandlerMapping  : Mapped URL path [/webjars/**] onto handler of type [class org.springframework.web.servlet.resource.ResourceHttpRequestHandler]
2018-12-22 13:20:12.415  INFO 11736 --- [           main] o.s.w.s.handler.SimpleUrlHandlerMapping  : Mapped URL path [/**] onto handler of type [class org.springframework.web.servlet.resource.ResourceHttpRequestHandler]
2018-12-22 13:20:12.415  INFO 11736 --- [           main] o.s.w.s.handler.SimpleUrlHandlerMapping  : Mapped URL path [/**] onto handler of type [class org.springframework.web.servlet.resource.DefaultServletHttpRequestHandler]
2018-12-22 13:20:12.446  INFO 11736 --- [           main] o.s.w.s.handler.SimpleUrlHandlerMapping  : Mapped URL path [/**/favicon.ico] onto handler of type [class org.springframework.web.servlet.resource.ResourceHttpRequestHandler]
2018-12-22 13:20:12.665  INFO 11736 --- [           main] o.s.b.a.e.mvc.EndpointHandlerMapping     : Mapped "{[/dump || /dump.json],methods=[GET],produces=[application/vnd.spring-boot.actuator.v1+json || application/json]}" onto public java.lang.Object org.springframework.boot.actuate.endpoint.mvc.EndpointMvcAdapter.invoke()
2018-12-22 13:20:12.665  INFO 11736 --- [           main] o.s.b.a.e.mvc.EndpointHandlerMapping     : Mapped "{[/configprops || /configprops.json],methods=[GET],produces=[application/vnd.spring-boot.actuator.v1+json || application/json]}" onto public java.lang.Object org.springframework.boot.actuate.endpoint.mvc.EndpointMvcAdapter.invoke()
2018-12-22 13:20:12.665  INFO 11736 --- [           main] o.s.b.a.e.mvc.EndpointHandlerMapping     : Mapped "{[/mappings || /mappings.json],methods=[GET],produces=[application/vnd.spring-boot.actuator.v1+json || application/json]}" onto public java.lang.Object org.springframework.boot.actuate.endpoint.mvc.EndpointMvcAdapter.invoke()
2018-12-22 13:20:12.665  INFO 11736 --- [           main] o.s.b.a.e.mvc.EndpointHandlerMapping     : Mapped "{[/metrics/{name:.*}],methods=[GET],produces=[application/vnd.spring-boot.actuator.v1+json || application/json]}" onto public java.lang.Object org.springframework.boot.actuate.endpoint.mvc.MetricsMvcEndpoint.value(java.lang.String)
2018-12-22 13:20:12.665  INFO 11736 --- [           main] o.s.b.a.e.mvc.EndpointHandlerMapping     : Mapped "{[/metrics || /metrics.json],methods=[GET],produces=[application/vnd.spring-boot.actuator.v1+json || application/json]}" onto public java.lang.Object org.springframework.boot.actuate.endpoint.mvc.EndpointMvcAdapter.invoke()
2018-12-22 13:20:12.665  INFO 11736 --- [           main] o.s.b.a.e.mvc.EndpointHandlerMapping     : Mapped "{[/trace || /trace.json],methods=[GET],produces=[application/vnd.spring-boot.actuator.v1+json || application/json]}" onto public java.lang.Object org.springframework.boot.actuate.endpoint.mvc.EndpointMvcAdapter.invoke()
2018-12-22 13:20:12.665  INFO 11736 --- [           main] o.s.b.a.e.mvc.EndpointHandlerMapping     : Mapped "{[/autoconfig || /autoconfig.json],methods=[GET],produces=[application/vnd.spring-boot.actuator.v1+json || application/json]}" onto public java.lang.Object org.springframework.boot.actuate.endpoint.mvc.EndpointMvcAdapter.invoke()
2018-12-22 13:20:12.665  INFO 11736 --- [           main] o.s.b.a.e.mvc.EndpointHandlerMapping     : Mapped "{[/info || /info.json],methods=[GET],produces=[application/vnd.spring-boot.actuator.v1+json || application/json]}" onto public java.lang.Object org.springframework.boot.actuate.endpoint.mvc.EndpointMvcAdapter.invoke()
2018-12-22 13:20:12.665  INFO 11736 --- [           main] o.s.b.a.e.mvc.EndpointHandlerMapping     : Mapped "{[/auditevents || /auditevents.json],methods=[GET],produces=[application/vnd.spring-boot.actuator.v1+json || application/json]}" onto public org.springframework.http.ResponseEntity<?> org.springframework.boot.actuate.endpoint.mvc.AuditEventsMvcEndpoint.findByPrincipalAndAfterAndType(java.lang.String,java.util.Date,java.lang.String)
2018-12-22 13:20:12.665  INFO 11736 --- [           main] o.s.b.a.e.mvc.EndpointHandlerMapping     : Mapped "{[/beans || /beans.json],methods=[GET],produces=[application/vnd.spring-boot.actuator.v1+json || application/json]}" onto public java.lang.Object org.springframework.boot.actuate.endpoint.mvc.EndpointMvcAdapter.invoke()
2018-12-22 13:20:12.665  INFO 11736 --- [           main] o.s.b.a.e.mvc.EndpointHandlerMapping     : Mapped "{[/env/{name:.*}],methods=[GET],produces=[application/vnd.spring-boot.actuator.v1+json || application/json]}" onto public java.lang.Object org.springframework.boot.actuate.endpoint.mvc.EnvironmentMvcEndpoint.value(java.lang.String)
2018-12-22 13:20:12.665  INFO 11736 --- [           main] o.s.b.a.e.mvc.EndpointHandlerMapping     : Mapped "{[/env || /env.json],methods=[GET],produces=[application/vnd.spring-boot.actuator.v1+json || application/json]}" onto public java.lang.Object org.springframework.boot.actuate.endpoint.mvc.EndpointMvcAdapter.invoke()
2018-12-22 13:20:12.665  INFO 11736 --- [           main] o.s.b.a.e.mvc.EndpointHandlerMapping     : Mapped "{[/health || /health.json],methods=[GET],produces=[application/vnd.spring-boot.actuator.v1+json || application/json]}" onto public java.lang.Object org.springframework.boot.actuate.endpoint.mvc.HealthMvcEndpoint.invoke(javax.servlet.http.HttpServletRequest,java.security.Principal)
2018-12-22 13:20:12.665  INFO 11736 --- [           main] o.s.b.a.e.mvc.EndpointHandlerMapping     : Mapped "{[/loggers/{name:.*}],methods=[GET],produces=[application/vnd.spring-boot.actuator.v1+json || application/json]}" onto public java.lang.Object org.springframework.boot.actuate.endpoint.mvc.LoggersMvcEndpoint.get(java.lang.String)
2018-12-22 13:20:12.665  INFO 11736 --- [           main] o.s.b.a.e.mvc.EndpointHandlerMapping     : Mapped "{[/loggers/{name:.*}],methods=[POST],consumes=[application/vnd.spring-boot.actuator.v1+json || application/json],produces=[application/vnd.spring-boot.actuator.v1+json || application/json]}" onto public java.lang.Object org.springframework.boot.actuate.endpoint.mvc.LoggersMvcEndpoint.set(java.lang.String,java.util.Map<java.lang.String, java.lang.String>)
2018-12-22 13:20:12.665  INFO 11736 --- [           main] o.s.b.a.e.mvc.EndpointHandlerMapping     : Mapped "{[/loggers || /loggers.json],methods=[GET],produces=[application/vnd.spring-boot.actuator.v1+json || application/json]}" onto public java.lang.Object org.springframework.boot.actuate.endpoint.mvc.EndpointMvcAdapter.invoke()
2018-12-22 13:20:12.665  INFO 11736 --- [           main] o.s.b.a.e.mvc.EndpointHandlerMapping     : Mapped "{[/heapdump || /heapdump.json],methods=[GET],produces=[application/octet-stream]}" onto public void org.springframework.boot.actuate.endpoint.mvc.HeapdumpMvcEndpoint.invoke(boolean,javax.servlet.http.HttpServletRequest,javax.servlet.http.HttpServletResponse) throws java.io.IOException,javax.servlet.ServletException
2018-12-22 13:20:12.758 ERROR 11736 --- [           main] o.a.coyote.http11.Http11NioProtocol      : Failed to start end point associated with ProtocolHandler ["http-nio-8080"]

java.net.BindException: Address already in use: bind
	at sun.nio.ch.Net.bind0(Native Method) ~[na:1.8.0_191]
	at sun.nio.ch.Net.bind(Net.java:433) ~[na:1.8.0_191]
	at sun.nio.ch.Net.bind(Net.java:425) ~[na:1.8.0_191]
	at sun.nio.ch.ServerSocketChannelImpl.bind(ServerSocketChannelImpl.java:223) ~[na:1.8.0_191]
	at sun.nio.ch.ServerSocketAdaptor.bind(ServerSocketAdaptor.java:74) ~[na:1.8.0_191]
	at org.apache.tomcat.util.net.NioEndpoint.bind(NioEndpoint.java:210) ~[tomcat-embed-core-8.5.14.jar:8.5.14]
	at org.apache.tomcat.util.net.AbstractEndpoint.start(AbstractEndpoint.java:978) ~[tomcat-embed-core-8.5.14.jar:8.5.14]
	at org.apache.coyote.AbstractProtocol.start(AbstractProtocol.java:628) ~[tomcat-embed-core-8.5.14.jar:8.5.14]
	at org.apache.catalina.connector.Connector.startInternal(Connector.java:993) [tomcat-embed-core-8.5.14.jar:8.5.14]
	at org.apache.catalina.util.LifecycleBase.start(LifecycleBase.java:150) [tomcat-embed-core-8.5.14.jar:8.5.14]
	at org.apache.catalina.core.StandardService.addConnector(StandardService.java:225) [tomcat-embed-core-8.5.14.jar:8.5.14]
	at org.springframework.boot.context.embedded.tomcat.TomcatEmbeddedServletContainer.addPreviouslyRemovedConnectors(TomcatEmbeddedServletContainer.java:247) [spring-boot-1.5.3.RELEASE.jar:1.5.3.RELEASE]
	at org.springframework.boot.context.embedded.tomcat.TomcatEmbeddedServletContainer.start(TomcatEmbeddedServletContainer.java:190) [spring-boot-1.5.3.RELEASE.jar:1.5.3.RELEASE]
	at org.springframework.boot.context.embedded.EmbeddedWebApplicationContext.startEmbeddedServletContainer(EmbeddedWebApplicationContext.java:297) [spring-boot-1.5.3.RELEASE.jar:1.5.3.RELEASE]
	at org.springframework.boot.context.embedded.EmbeddedWebApplicationContext.finishRefresh(EmbeddedWebApplicationContext.java:145) [spring-boot-1.5.3.RELEASE.jar:1.5.3.RELEASE]
	at org.springframework.context.support.AbstractApplicationContext.refresh(AbstractApplicationContext.java:545) [spring-context-4.3.8.RELEASE.jar:4.3.8.RELEASE]
	at org.springframework.boot.context.embedded.EmbeddedWebApplicationContext.refresh(EmbeddedWebApplicationContext.java:122) [spring-boot-1.5.3.RELEASE.jar:1.5.3.RELEASE]
	at org.springframework.boot.SpringApplication.refresh(SpringApplication.java:737) [spring-boot-1.5.3.RELEASE.jar:1.5.3.RELEASE]
	at org.springframework.boot.SpringApplication.refreshContext(SpringApplication.java:370) [spring-boot-1.5.3.RELEASE.jar:1.5.3.RELEASE]
	at org.springframework.boot.SpringApplication.run(SpringApplication.java:314) [spring-boot-1.5.3.RELEASE.jar:1.5.3.RELEASE]
	at org.springframework.boot.test.context.SpringBootContextLoader.loadContext(SpringBootContextLoader.java:120) [spring-boot-test-1.5.3.RELEASE.jar:1.5.3.RELEASE]
	at org.springframework.test.context.cache.DefaultCacheAwareContextLoaderDelegate.loadContextInternal(DefaultCacheAwareContextLoaderDelegate.java:98) [spring-test-4.3.8.RELEASE.jar:4.3.8.RELEASE]
	at org.springframework.test.context.cache.DefaultCacheAwareContextLoaderDelegate.loadContext(DefaultCacheAwareContextLoaderDelegate.java:116) [spring-test-4.3.8.RELEASE.jar:4.3.8.RELEASE]
	at org.springframework.test.context.support.DefaultTestContext.getApplicationContext(DefaultTestContext.java:83) [spring-test-4.3.8.RELEASE.jar:4.3.8.RELEASE]
	at org.springframework.test.context.support.DependencyInjectionTestExecutionListener.injectDependencies(DependencyInjectionTestExecutionListener.java:117) [spring-test-4.3.8.RELEASE.jar:4.3.8.RELEASE]
	at org.springframework.test.context.support.DependencyInjectionTestExecutionListener.prepareTestInstance(DependencyInjectionTestExecutionListener.java:83) [spring-test-4.3.8.RELEASE.jar:4.3.8.RELEASE]
	at org.springframework.boot.test.autoconfigure.SpringBootDependencyInjectionTestExecutionListener.prepareTestInstance(SpringBootDependencyInjectionTestExecutionListener.java:44) [spring-boot-test-autoconfigure-1.5.3.RELEASE.jar:1.5.3.RELEASE]
	at org.springframework.test.context.TestContextManager.prepareTestInstance(TestContextManager.java:230) [spring-test-4.3.8.RELEASE.jar:4.3.8.RELEASE]
	at org.springframework.test.context.junit4.SpringJUnit4ClassRunner.createTest(SpringJUnit4ClassRunner.java:228) [spring-test-4.3.8.RELEASE.jar:4.3.8.RELEASE]
	at org.springframework.test.context.junit4.SpringJUnit4ClassRunner$1.runReflectiveCall(SpringJUnit4ClassRunner.java:287) [spring-test-4.3.8.RELEASE.jar:4.3.8.RELEASE]
	at org.junit.internal.runners.model.ReflectiveCallable.run(ReflectiveCallable.java:12) [junit-4.12.jar:4.12]
	at org.springframework.test.context.junit4.SpringJUnit4ClassRunner.methodBlock(SpringJUnit4ClassRunner.java:289) [spring-test-4.3.8.RELEASE.jar:4.3.8.RELEASE]
	at org.springframework.test.context.junit4.SpringJUnit4ClassRunner.runChild(SpringJUnit4ClassRunner.java:247) [spring-test-4.3.8.RELEASE.jar:4.3.8.RELEASE]
	at org.springframework.test.context.junit4.SpringJUnit4ClassRunner.runChild(SpringJUnit4ClassRunner.java:94) [spring-test-4.3.8.RELEASE.jar:4.3.8.RELEASE]
	at org.junit.runners.ParentRunner$3.run(ParentRunner.java:290) [junit-4.12.jar:4.12]
	at org.junit.runners.ParentRunner$1.schedule(ParentRunner.java:71) [junit-4.12.jar:4.12]
	at org.junit.runners.ParentRunner.runChildren(ParentRunner.java:288) [junit-4.12.jar:4.12]
	at org.junit.runners.ParentRunner.access$000(ParentRunner.java:58) [junit-4.12.jar:4.12]
	at org.junit.runners.ParentRunner$2.evaluate(ParentRunner.java:268) [junit-4.12.jar:4.12]
	at org.springframework.test.context.junit4.statements.RunBeforeTestClassCallbacks.evaluate(RunBeforeTestClassCallbacks.java:61) [spring-test-4.3.8.RELEASE.jar:4.3.8.RELEASE]
	at org.springframework.test.context.junit4.statements.RunAfterTestClassCallbacks.evaluate(RunAfterTestClassCallbacks.java:70) [spring-test-4.3.8.RELEASE.jar:4.3.8.RELEASE]
	at org.junit.runners.ParentRunner.run(ParentRunner.java:363) [junit-4.12.jar:4.12]
	at org.springframework.test.context.junit4.SpringJUnit4ClassRunner.run(SpringJUnit4ClassRunner.java:191) [spring-test-4.3.8.RELEASE.jar:4.3.8.RELEASE]
	at org.apache.maven.surefire.junit4.JUnit4Provider.execute(JUnit4Provider.java:365) [surefire-junit4-2.20.jar:2.20]
	at org.apache.maven.surefire.junit4.JUnit4Provider.executeWithRerun(JUnit4Provider.java:272) [surefire-junit4-2.20.jar:2.20]
	at org.apache.maven.surefire.junit4.JUnit4Provider.executeTestSet(JUnit4Provider.java:236) [surefire-junit4-2.20.jar:2.20]
	at org.apache.maven.surefire.junit4.JUnit4Provider.invoke(JUnit4Provider.java:159) [surefire-junit4-2.20.jar:2.20]
	at org.apache.maven.surefire.booter.ForkedBooter.invokeProviderInSameClassLoader(ForkedBooter.java:386) [surefire-booter-2.20.jar:2.20]
	at org.apache.maven.surefire.booter.ForkedBooter.runSuitesInProcess(ForkedBooter.java:323) [surefire-booter-2.20.jar:2.20]
	at org.apache.maven.surefire.booter.ForkedBooter.main(ForkedBooter.java:143) [surefire-booter-2.20.jar:2.20]

2018-12-22 13:20:12.758 ERROR 11736 --- [           main] o.apache.catalina.core.StandardService   : Failed to start connector [Connector[HTTP/1.1-8080]]

org.apache.catalina.LifecycleException: Failed to start component [Connector[HTTP/1.1-8080]]
	at org.apache.catalina.util.LifecycleBase.start(LifecycleBase.java:167) ~[tomcat-embed-core-8.5.14.jar:8.5.14]
	at org.apache.catalina.core.StandardService.addConnector(StandardService.java:225) ~[tomcat-embed-core-8.5.14.jar:8.5.14]
	at org.springframework.boot.context.embedded.tomcat.TomcatEmbeddedServletContainer.addPreviouslyRemovedConnectors(TomcatEmbeddedServletContainer.java:247) [spring-boot-1.5.3.RELEASE.jar:1.5.3.RELEASE]
	at org.springframework.boot.context.embedded.tomcat.TomcatEmbeddedServletContainer.start(TomcatEmbeddedServletContainer.java:190) [spring-boot-1.5.3.RELEASE.jar:1.5.3.RELEASE]
	at org.springframework.boot.context.embedded.EmbeddedWebApplicationContext.startEmbeddedServletContainer(EmbeddedWebApplicationContext.java:297) [spring-boot-1.5.3.RELEASE.jar:1.5.3.RELEASE]
	at org.springframework.boot.context.embedded.EmbeddedWebApplicationContext.finishRefresh(EmbeddedWebApplicationContext.java:145) [spring-boot-1.5.3.RELEASE.jar:1.5.3.RELEASE]
	at org.springframework.context.support.AbstractApplicationContext.refresh(AbstractApplicationContext.java:545) [spring-context-4.3.8.RELEASE.jar:4.3.8.RELEASE]
	at org.springframework.boot.context.embedded.EmbeddedWebApplicationContext.refresh(EmbeddedWebApplicationContext.java:122) [spring-boot-1.5.3.RELEASE.jar:1.5.3.RELEASE]
	at org.springframework.boot.SpringApplication.refresh(SpringApplication.java:737) [spring-boot-1.5.3.RELEASE.jar:1.5.3.RELEASE]
	at org.springframework.boot.SpringApplication.refreshContext(SpringApplication.java:370) [spring-boot-1.5.3.RELEASE.jar:1.5.3.RELEASE]
	at org.springframework.boot.SpringApplication.run(SpringApplication.java:314) [spring-boot-1.5.3.RELEASE.jar:1.5.3.RELEASE]
	at org.springframework.boot.test.context.SpringBootContextLoader.loadContext(SpringBootContextLoader.java:120) [spring-boot-test-1.5.3.RELEASE.jar:1.5.3.RELEASE]
	at org.springframework.test.context.cache.DefaultCacheAwareContextLoaderDelegate.loadContextInternal(DefaultCacheAwareContextLoaderDelegate.java:98) [spring-test-4.3.8.RELEASE.jar:4.3.8.RELEASE]
	at org.springframework.test.context.cache.DefaultCacheAwareContextLoaderDelegate.loadContext(DefaultCacheAwareContextLoaderDelegate.java:116) [spring-test-4.3.8.RELEASE.jar:4.3.8.RELEASE]
	at org.springframework.test.context.support.DefaultTestContext.getApplicationContext(DefaultTestContext.java:83) [spring-test-4.3.8.RELEASE.jar:4.3.8.RELEASE]
	at org.springframework.test.context.support.DependencyInjectionTestExecutionListener.injectDependencies(DependencyInjectionTestExecutionListener.java:117) [spring-test-4.3.8.RELEASE.jar:4.3.8.RELEASE]
	at org.springframework.test.context.support.DependencyInjectionTestExecutionListener.prepareTestInstance(DependencyInjectionTestExecutionListener.java:83) [spring-test-4.3.8.RELEASE.jar:4.3.8.RELEASE]
	at org.springframework.boot.test.autoconfigure.SpringBootDependencyInjectionTestExecutionListener.prepareTestInstance(SpringBootDependencyInjectionTestExecutionListener.java:44) [spring-boot-test-autoconfigure-1.5.3.RELEASE.jar:1.5.3.RELEASE]
	at org.springframework.test.context.TestContextManager.prepareTestInstance(TestContextManager.java:230) [spring-test-4.3.8.RELEASE.jar:4.3.8.RELEASE]
	at org.springframework.test.context.junit4.SpringJUnit4ClassRunner.createTest(SpringJUnit4ClassRunner.java:228) [spring-test-4.3.8.RELEASE.jar:4.3.8.RELEASE]
	at org.springframework.test.context.junit4.SpringJUnit4ClassRunner$1.runReflectiveCall(SpringJUnit4ClassRunner.java:287) [spring-test-4.3.8.RELEASE.jar:4.3.8.RELEASE]
	at org.junit.internal.runners.model.ReflectiveCallable.run(ReflectiveCallable.java:12) [junit-4.12.jar:4.12]
	at org.springframework.test.context.junit4.SpringJUnit4ClassRunner.methodBlock(SpringJUnit4ClassRunner.java:289) [spring-test-4.3.8.RELEASE.jar:4.3.8.RELEASE]
	at org.springframework.test.context.junit4.SpringJUnit4ClassRunner.runChild(SpringJUnit4ClassRunner.java:247) [spring-test-4.3.8.RELEASE.jar:4.3.8.RELEASE]
	at org.springframework.test.context.junit4.SpringJUnit4ClassRunner.runChild(SpringJUnit4ClassRunner.java:94) [spring-test-4.3.8.RELEASE.jar:4.3.8.RELEASE]
	at org.junit.runners.ParentRunner$3.run(ParentRunner.java:290) [junit-4.12.jar:4.12]
	at org.junit.runners.ParentRunner$1.schedule(ParentRunner.java:71) [junit-4.12.jar:4.12]
	at org.junit.runners.ParentRunner.runChildren(ParentRunner.java:288) [junit-4.12.jar:4.12]
	at org.junit.runners.ParentRunner.access$000(ParentRunner.java:58) [junit-4.12.jar:4.12]
	at org.junit.runners.ParentRunner$2.evaluate(ParentRunner.java:268) [junit-4.12.jar:4.12]
	at org.springframework.test.context.junit4.statements.RunBeforeTestClassCallbacks.evaluate(RunBeforeTestClassCallbacks.java:61) [spring-test-4.3.8.RELEASE.jar:4.3.8.RELEASE]
	at org.springframework.test.context.junit4.statements.RunAfterTestClassCallbacks.evaluate(RunAfterTestClassCallbacks.java:70) [spring-test-4.3.8.RELEASE.jar:4.3.8.RELEASE]
	at org.junit.runners.ParentRunner.run(ParentRunner.java:363) [junit-4.12.jar:4.12]
	at org.springframework.test.context.junit4.SpringJUnit4ClassRunner.run(SpringJUnit4ClassRunner.java:191) [spring-test-4.3.8.RELEASE.jar:4.3.8.RELEASE]
	at org.apache.maven.surefire.junit4.JUnit4Provider.execute(JUnit4Provider.java:365) [surefire-junit4-2.20.jar:2.20]
	at org.apache.maven.surefire.junit4.JUnit4Provider.executeWithRerun(JUnit4Provider.java:272) [surefire-junit4-2.20.jar:2.20]
	at org.apache.maven.surefire.junit4.JUnit4Provider.executeTestSet(JUnit4Provider.java:236) [surefire-junit4-2.20.jar:2.20]
	at org.apache.maven.surefire.junit4.JUnit4Provider.invoke(JUnit4Provider.java:159) [surefire-junit4-2.20.jar:2.20]
	at org.apache.maven.surefire.booter.ForkedBooter.invokeProviderInSameClassLoader(ForkedBooter.java:386) [surefire-booter-2.20.jar:2.20]
	at org.apache.maven.surefire.booter.ForkedBooter.runSuitesInProcess(ForkedBooter.java:323) [surefire-booter-2.20.jar:2.20]
	at org.apache.maven.surefire.booter.ForkedBooter.main(ForkedBooter.java:143) [surefire-booter-2.20.jar:2.20]
Caused by: org.apache.catalina.LifecycleException: service.getName(): "Tomcat";  Protocol handler start failed
	at org.apache.catalina.connector.Connector.startInternal(Connector.java:1000) ~[tomcat-embed-core-8.5.14.jar:8.5.14]
	at org.apache.catalina.util.LifecycleBase.start(LifecycleBase.java:150) ~[tomcat-embed-core-8.5.14.jar:8.5.14]
	... 40 common frames omitted
Caused by: java.net.BindException: Address already in use: bind
	at sun.nio.ch.Net.bind0(Native Method) ~[na:1.8.0_191]
	at sun.nio.ch.Net.bind(Net.java:433) ~[na:1.8.0_191]
	at sun.nio.ch.Net.bind(Net.java:425) ~[na:1.8.0_191]
	at sun.nio.ch.ServerSocketChannelImpl.bind(ServerSocketChannelImpl.java:223) ~[na:1.8.0_191]
	at sun.nio.ch.ServerSocketAdaptor.bind(ServerSocketAdaptor.java:74) ~[na:1.8.0_191]
	at org.apache.tomcat.util.net.NioEndpoint.bind(NioEndpoint.java:210) ~[tomcat-embed-core-8.5.14.jar:8.5.14]
	at org.apache.tomcat.util.net.AbstractEndpoint.start(AbstractEndpoint.java:978) ~[tomcat-embed-core-8.5.14.jar:8.5.14]
	at org.apache.coyote.AbstractProtocol.start(AbstractProtocol.java:628) ~[tomcat-embed-core-8.5.14.jar:8.5.14]
	at org.apache.catalina.connector.Connector.startInternal(Connector.java:993) ~[tomcat-embed-core-8.5.14.jar:8.5.14]
	... 41 common frames omitted

2018-12-22 13:20:13.008  INFO 11736 --- [           main] o.apache.catalina.core.StandardService   : Stopping service Tomcat
2018-12-22 13:20:13.008  INFO 11736 --- [           main] utoConfigurationReportLoggingInitializer : 

Error starting ApplicationContext. To display the auto-configuration report re-run your application with 'debug' enabled.
2018-12-22 13:20:13.008 ERROR 11736 --- [           main] o.s.b.d.LoggingFailureAnalysisReporter   : 

***************************
APPLICATION FAILED TO START
***************************

Description:

The Tomcat connector configured to listen on port 8080 failed to start. The port may already be in use or the connector may be misconfigured.

Action:

Verify the connector's configuration, identify and stop any process that's listening on port 8080, or configure this application to listen on another port.

2018-12-22 13:20:13.008  INFO 11736 --- [           main] ationConfigEmbeddedWebApplicationContext : Closing org.springframework.boot.context.embedded.AnnotationConfigEmbeddedWebApplicationContext@1529cb1b: startup date [Sat Dec 22 13:20:10 IST 2018]; root of context hierarchy
2018-12-22 13:20:13.008  INFO 11736 --- [           main] o.z.vogon.web.PersistenceConfiguration   : Unloading JDBC drivers
2018-12-22 13:20:13.008  INFO 11736 --- [           main] j.LocalContainerEntityManagerFactoryBean : Closing JPA EntityManagerFactory for persistence unit 'VogonPU'
2018-12-22 13:20:13.008  INFO 11736 --- [           main] org.hibernate.orm.connections.pooling    : HHH10001008: Cleaning up connection pool [jdbc:h2:mem:test]

  .   ____          _            __ _ _
 /\\ / ___'_ __ _ _(_)_ __  __ _ \ \ \ \
( ( )\___ | '_ | '_| | '_ \/ _` | \ \ \ \
 \\/  ___)| |_)| | | | | || (_| |  ) ) ) )
  '  |____| .__|_| |_|_| |_\__, | / / / /
 =========|_|==============|___/=/_/_/_/
 :: Spring Boot ::        (v1.5.3.RELEASE)

2018-12-22 13:20:13.039  INFO 11736 --- [           main] org.zlogic.vogon.web.AuthenticationTest  : Starting AuthenticationTest on GOPAL with PID 11736 (started by GOPAL$ in C:\Program Files (x86)\Jenkins\workspace\Maven_project\vogon-web)
2018-12-22 13:20:13.039  INFO 11736 --- [           main] org.zlogic.vogon.web.AuthenticationTest  : No active profile set, falling back to default profiles: default
2018-12-22 13:20:13.039  INFO 11736 --- [           main] ationConfigEmbeddedWebApplicationContext : Refreshing org.springframework.boot.context.embedded.AnnotationConfigEmbeddedWebApplicationContext@51d2ec2f: startup date [Sat Dec 22 13:20:13 IST 2018]; root of context hierarchy
2018-12-22 13:20:13.356  INFO 11736 --- [           main] o.s.b.f.s.DefaultListableBeanFactory     : Overriding bean definition for bean 'entityManagerFactory' with a different definition: replacing [Root bean: class [null]; scope=; abstract=false; lazyInit=false; autowireMode=3; dependencyCheck=0; autowireCandidate=true; primary=false; factoryBeanName=persistenceConfiguration; factoryMethodName=entityManagerFactory; initMethodName=null; destroyMethodName=(inferred); defined in class path resource [org/zlogic/vogon/web/PersistenceConfiguration.class]] with [Root bean: class [null]; scope=; abstract=false; lazyInit=false; autowireMode=3; dependencyCheck=0; autowireCandidate=true; primary=false; factoryBeanName=databaseConfiguration; factoryMethodName=entityManagerFactory; initMethodName=null; destroyMethodName=(inferred); defined in org.zlogic.vogon.web.DatabaseConfiguration]
2018-12-22 13:20:13.512  INFO 11736 --- [           main] trationDelegate$BeanPostProcessorChecker : Bean 'org.springframework.security.config.annotation.configuration.ObjectPostProcessorConfiguration' of type [org.springframework.security.config.annotation.configuration.ObjectPostProcessorConfiguration$$EnhancerBySpringCGLIB$$be8c3acc] is not eligible for getting processed by all BeanPostProcessors (for example: not eligible for auto-proxying)
2018-12-22 13:20:13.512  INFO 11736 --- [           main] trationDelegate$BeanPostProcessorChecker : Bean 'objectPostProcessor' of type [org.springframework.security.config.annotation.configuration.AutowireBeanFactoryObjectPostProcessor] is not eligible for getting processed by all BeanPostProcessors (for example: not eligible for auto-proxying)
2018-12-22 13:20:13.512  INFO 11736 --- [           main] trationDelegate$BeanPostProcessorChecker : Bean 'org.springframework.security.access.expression.method.DefaultMethodSecurityExpressionHandler@33afc45e' of type [org.springframework.security.oauth2.provider.expression.OAuth2MethodSecurityExpressionHandler] is not eligible for getting processed by all BeanPostProcessors (for example: not eligible for auto-proxying)
2018-12-22 13:20:13.528  INFO 11736 --- [           main] trationDelegate$BeanPostProcessorChecker : Bean 'org.springframework.security.config.annotation.method.configuration.GlobalMethodSecurityConfiguration' of type [org.springframework.security.config.annotation.method.configuration.GlobalMethodSecurityConfiguration$$EnhancerBySpringCGLIB$$e360dd7e] is not eligible for getting processed by all BeanPostProcessors (for example: not eligible for auto-proxying)
2018-12-22 13:20:13.528  INFO 11736 --- [           main] trationDelegate$BeanPostProcessorChecker : Bean 'methodSecurityMetadataSource' of type [org.springframework.security.access.method.DelegatingMethodSecurityMetadataSource] is not eligible for getting processed by all BeanPostProcessors (for example: not eligible for auto-proxying)
2018-12-22 13:20:13.528  INFO 11736 --- [           main] trationDelegate$BeanPostProcessorChecker : Bean 'org.springframework.transaction.annotation.ProxyTransactionManagementConfiguration' of type [org.springframework.transaction.annotation.ProxyTransactionManagementConfiguration$$EnhancerBySpringCGLIB$$25de7292] is not eligible for getting processed by all BeanPostProcessors (for example: not eligible for auto-proxying)
2018-12-22 13:20:13.544  INFO 11736 --- [           main] trationDelegate$BeanPostProcessorChecker : Bean 'security.oauth2.client-org.springframework.boot.autoconfigure.security.oauth2.OAuth2ClientProperties' of type [org.springframework.boot.autoconfigure.security.oauth2.OAuth2ClientProperties] is not eligible for getting processed by all BeanPostProcessors (for example: not eligible for auto-proxying)
2018-12-22 13:20:13.544  INFO 11736 --- [           main] trationDelegate$BeanPostProcessorChecker : Bean 'org.springframework.boot.autoconfigure.security.oauth2.OAuth2AutoConfiguration' of type [org.springframework.boot.autoconfigure.security.oauth2.OAuth2AutoConfiguration$$EnhancerBySpringCGLIB$$dd282e92] is not eligible for getting processed by all BeanPostProcessors (for example: not eligible for auto-proxying)
2018-12-22 13:20:13.544  INFO 11736 --- [           main] trationDelegate$BeanPostProcessorChecker : Bean 'resourceServerProperties' of type [org.springframework.boot.autoconfigure.security.oauth2.resource.ResourceServerProperties] is not eligible for getting processed by all BeanPostProcessors (for example: not eligible for auto-proxying)
2018-12-22 13:20:13.590  INFO 11736 --- [           main] org.zlogic.vogon.web.TomcatConfigurer    : Using keystore C:\Program Files (x86)\Jenkins\workspace\Maven_project\vogon-web\target/vogonweb.keystore with password ********
2018-12-22 13:20:13.622  INFO 11736 --- [           main] s.b.c.e.t.TomcatEmbeddedServletContainer : Tomcat initialized with port(s): 8080 (http) 8443 (https)
2018-12-22 13:20:13.622  INFO 11736 --- [           main] o.apache.catalina.core.StandardService   : Starting service Tomcat
2018-12-22 13:20:13.622  INFO 11736 --- [           main] org.apache.catalina.core.StandardEngine  : Starting Servlet Engine: Apache Tomcat/8.5.14
2018-12-22 13:20:13.653  INFO 11736 --- [ost-startStop-1] org.apache.jasper.servlet.TldScanner     : At least one JAR was scanned for TLDs yet contained no TLDs. Enable debug logging for this logger for a complete list of JARs that were scanned but no TLDs were found in them. Skipping unneeded JARs during scanning can improve startup time and JSP compilation time.
2018-12-22 13:20:13.653  INFO 11736 --- [ost-startStop-1] o.a.c.c.C.[Tomcat-49].[localhost].[/]    : Initializing Spring embedded WebApplicationContext
2018-12-22 13:20:13.653  INFO 11736 --- [ost-startStop-1] o.s.web.context.ContextLoader            : Root WebApplicationContext: initialization completed in 614 ms
2018-12-22 13:20:13.822  INFO 11736 --- [ost-startStop-1] o.s.b.w.servlet.FilterRegistrationBean   : Mapping filter: 'metricsFilter' to: [/*]
2018-12-22 13:20:13.822  INFO 11736 --- [ost-startStop-1] o.s.b.w.servlet.FilterRegistrationBean   : Mapping filter: 'characterEncodingFilter' to: [/*]
2018-12-22 13:20:13.822  INFO 11736 --- [ost-startStop-1] o.s.b.w.servlet.FilterRegistrationBean   : Mapping filter: 'hiddenHttpMethodFilter' to: [/*]
2018-12-22 13:20:13.822  INFO 11736 --- [ost-startStop-1] o.s.b.w.servlet.FilterRegistrationBean   : Mapping filter: 'httpPutFormContentFilter' to: [/*]
2018-12-22 13:20:13.822  INFO 11736 --- [ost-startStop-1] o.s.b.w.servlet.FilterRegistrationBean   : Mapping filter: 'requestContextFilter' to: [/*]
2018-12-22 13:20:13.822  INFO 11736 --- [ost-startStop-1] .s.DelegatingFilterProxyRegistrationBean : Mapping filter: 'springSecurityFilterChain' to: [/*]
2018-12-22 13:20:13.822  INFO 11736 --- [ost-startStop-1] o.s.b.w.servlet.FilterRegistrationBean   : Mapping filter: 'webRequestLoggingFilter' to: [/*]
2018-12-22 13:20:13.822  INFO 11736 --- [ost-startStop-1] o.s.b.w.servlet.FilterRegistrationBean   : Mapping filter: 'applicationContextIdFilter' to: [/*]
2018-12-22 13:20:13.822  INFO 11736 --- [ost-startStop-1] o.s.b.w.servlet.ServletRegistrationBean  : Mapping servlet: 'dispatcherServlet' to [/]
2018-12-22 13:20:13.838  INFO 11736 --- [           main] j.LocalContainerEntityManagerFactoryBean : Building JPA container EntityManagerFactory for persistence unit 'VogonPU'
2018-12-22 13:20:13.838  INFO 11736 --- [           main] o.hibernate.jpa.internal.util.LogHelper  : HHH000204: Processing PersistenceUnitInfo [
	name: VogonPU
	...]
2018-12-22 13:20:13.854  WARN 11736 --- [           main] org.hibernate.orm.connections.pooling    : HHH10001002: Using Hibernate built-in connection pool (not for production use!)
2018-12-22 13:20:13.854  INFO 11736 --- [           main] org.hibernate.orm.connections.pooling    : HHH10001005: using driver [org.h2.Driver] at URL [jdbc:h2:mem:test]
2018-12-22 13:20:13.854  INFO 11736 --- [           main] org.hibernate.orm.connections.pooling    : HHH10001001: Connection properties: {}
2018-12-22 13:20:13.854  INFO 11736 --- [           main] org.hibernate.orm.connections.pooling    : HHH10001003: Autocommit mode: false
2018-12-22 13:20:13.854  INFO 11736 --- [           main] .c.i.DriverManagerConnectionProviderImpl : HHH000115: Hibernate connection pool size: 20 (min=1)
2018-12-22 13:20:13.854  INFO 11736 --- [           main] org.hibernate.dialect.Dialect            : HHH000400: Using dialect: org.hibernate.dialect.H2Dialect
2018-12-22 13:20:13.869  INFO 11736 --- [           main] org.hibernate.orm.connections.access     : HHH10001501: Connection obtained from JdbcConnectionAccess [org.hibernate.engine.jdbc.env.internal.JdbcEnvironmentInitiator$ConnectionProviderJdbcConnectionAccess@7676f06a] for (non-JTA) DDL execution was not in auto-commit mode; the Connection 'local transaction' will be committed and the Connection will be set into auto-commit mode.
2018-12-22 13:20:13.885  INFO 11736 --- [           main] j.LocalContainerEntityManagerFactoryBean : Initialized JPA EntityManagerFactory for persistence unit 'VogonPU'
2018-12-22 13:20:14.255  INFO 11736 --- [           main] .s.o.p.e.FrameworkEndpointHandlerMapping : Mapped "{[/oauth/authorize]}" onto public org.springframework.web.servlet.ModelAndView org.springframework.security.oauth2.provider.endpoint.AuthorizationEndpoint.authorize(java.util.Map<java.lang.String, java.lang.Object>,java.util.Map<java.lang.String, java.lang.String>,org.springframework.web.bind.support.SessionStatus,java.security.Principal)
2018-12-22 13:20:14.255  INFO 11736 --- [           main] .s.o.p.e.FrameworkEndpointHandlerMapping : Mapped "{[/oauth/authorize],methods=[POST],params=[user_oauth_approval]}" onto public org.springframework.web.servlet.View org.springframework.security.oauth2.provider.endpoint.AuthorizationEndpoint.approveOrDeny(java.util.Map<java.lang.String, java.lang.String>,java.util.Map<java.lang.String, ?>,org.springframework.web.bind.support.SessionStatus,java.security.Principal)
2018-12-22 13:20:14.255  INFO 11736 --- [           main] .s.o.p.e.FrameworkEndpointHandlerMapping : Mapped "{[/oauth/token],methods=[GET]}" onto public org.springframework.http.ResponseEntity<org.springframework.security.oauth2.common.OAuth2AccessToken> org.springframework.security.oauth2.provider.endpoint.TokenEndpoint.getAccessToken(java.security.Principal,java.util.Map<java.lang.String, java.lang.String>) throws org.springframework.web.HttpRequestMethodNotSupportedException
2018-12-22 13:20:14.255  INFO 11736 --- [           main] .s.o.p.e.FrameworkEndpointHandlerMapping : Mapped "{[/oauth/token],methods=[POST]}" onto public org.springframework.http.ResponseEntity<org.springframework.security.oauth2.common.OAuth2AccessToken> org.springframework.security.oauth2.provider.endpoint.TokenEndpoint.postAccessToken(java.security.Principal,java.util.Map<java.lang.String, java.lang.String>) throws org.springframework.web.HttpRequestMethodNotSupportedException
2018-12-22 13:20:14.255  INFO 11736 --- [           main] .s.o.p.e.FrameworkEndpointHandlerMapping : Mapped "{[/oauth/check_token]}" onto public java.util.Map<java.lang.String, ?> org.springframework.security.oauth2.provider.endpoint.CheckTokenEndpoint.checkToken(java.lang.String)
2018-12-22 13:20:14.255  INFO 11736 --- [           main] .s.o.p.e.FrameworkEndpointHandlerMapping : Mapped "{[/oauth/confirm_access]}" onto public org.springframework.web.servlet.ModelAndView org.springframework.security.oauth2.provider.endpoint.WhitelabelApprovalEndpoint.getAccessConfirmation(java.util.Map<java.lang.String, java.lang.Object>,javax.servlet.http.HttpServletRequest) throws java.lang.Exception
2018-12-22 13:20:14.255  INFO 11736 --- [           main] .s.o.p.e.FrameworkEndpointHandlerMapping : Mapped "{[/oauth/error]}" onto public org.springframework.web.servlet.ModelAndView org.springframework.security.oauth2.provider.endpoint.WhitelabelErrorEndpoint.handleError(javax.servlet.http.HttpServletRequest)
2018-12-22 13:20:14.442  INFO 11736 --- [           main] o.s.s.web.DefaultSecurityFilterChain     : Creating filter chain: OrRequestMatcher [requestMatchers=[Ant [pattern='/oauth/token'], Ant [pattern='/oauth/token_key'], Ant [pattern='/oauth/check_token']]], [org.springframework.security.web.context.request.async.WebAsyncManagerIntegrationFilter@2508ea67, org.springframework.security.web.context.SecurityContextPersistenceFilter@1f17bba3, org.springframework.security.web.header.HeaderWriterFilter@68f0bdd3, org.springframework.security.web.authentication.logout.LogoutFilter@67e36a47, org.springframework.security.oauth2.provider.client.ClientCredentialsTokenEndpointFilter@16785760, org.springframework.security.web.authentication.www.BasicAuthenticationFilter@699964d6, org.springframework.security.web.savedrequest.RequestCacheAwareFilter@672b5ca6, org.springframework.security.web.servletapi.SecurityContextHolderAwareRequestFilter@ad86bb5, org.springframework.security.web.authentication.AnonymousAuthenticationFilter@11ec7c18, org.springframework.security.web.session.SessionManagementFilter@64a13eef, org.springframework.security.web.access.ExceptionTranslationFilter@6c8288d7, org.springframework.security.web.access.intercept.FilterSecurityInterceptor@4d13916a]
2018-12-22 13:20:14.442  INFO 11736 --- [           main] o.s.s.web.DefaultSecurityFilterChain     : Creating filter chain: org.springframework.boot.actuate.autoconfigure.ManagementWebSecurityAutoConfiguration$LazyEndpointPathRequestMatcher@4e1e080b, [org.springframework.security.web.context.request.async.WebAsyncManagerIntegrationFilter@7cacbf25, org.springframework.security.web.context.SecurityContextPersistenceFilter@786cd893, org.springframework.security.web.header.HeaderWriterFilter@3c4fd051, org.springframework.security.web.authentication.logout.LogoutFilter@961a6d2, org.springframework.security.web.authentication.www.BasicAuthenticationFilter@18dcb063, org.springframework.security.web.savedrequest.RequestCacheAwareFilter@746637c0, org.springframework.security.web.servletapi.SecurityContextHolderAwareRequestFilter@3669ac45, org.springframework.security.web.authentication.AnonymousAuthenticationFilter@496758dc, org.springframework.security.web.session.SessionManagementFilter@5a2ca371, org.springframework.security.web.access.ExceptionTranslationFilter@35373628, org.springframework.security.web.access.intercept.FilterSecurityInterceptor@7f4946fa]
2018-12-22 13:20:14.458  INFO 11736 --- [           main] o.s.s.w.a.c.ChannelProcessingFilter      : Validated configuration attributes
2018-12-22 13:20:14.458  INFO 11736 --- [           main] o.s.s.web.DefaultSecurityFilterChain     : Creating filter chain: org.springframework.security.oauth2.config.annotation.web.configuration.ResourceServerConfiguration$NotOAuthRequestMatcher@d540aed, [org.springframework.security.web.access.channel.ChannelProcessingFilter@66f2f077, org.springframework.security.web.context.request.async.WebAsyncManagerIntegrationFilter@3eed9e60, org.springframework.security.web.context.SecurityContextPersistenceFilter@73509a0c, org.springframework.security.web.header.HeaderWriterFilter@6fa54be, org.springframework.security.web.authentication.logout.LogoutFilter@e8dc0e6, org.springframework.security.oauth2.provider.authentication.OAuth2AuthenticationProcessingFilter@543e4ee2, org.springframework.security.web.savedrequest.RequestCacheAwareFilter@33283784, org.springframework.security.web.servletapi.SecurityContextHolderAwareRequestFilter@67a3dafb, org.springframework.security.web.authentication.AnonymousAuthenticationFilter@7d404caf, org.springframework.security.web.session.SessionManagementFilter@3dca91b8, org.springframework.security.web.access.ExceptionTranslationFilter@5e23c369, org.springframework.security.web.access.intercept.FilterSecurityInterceptor@730d70c7]
2018-12-22 13:20:14.536  INFO 11736 --- [           main] s.w.s.m.m.a.RequestMappingHandlerAdapter : Looking for @ControllerAdvice: org.springframework.boot.context.embedded.AnnotationConfigEmbeddedWebApplicationContext@51d2ec2f: startup date [Sat Dec 22 13:20:13 IST 2018]; root of context hierarchy
2018-12-22 13:20:14.552  INFO 11736 --- [           main] s.w.s.m.m.a.RequestMappingHandlerMapping : Mapped "{[/service/accounts],methods=[GET],produces=[application/json]}" onto public java.util.Collection<org.zlogic.vogon.data.FinanceAccount> org.zlogic.vogon.web.controller.AccountsController.getAllAccounts(org.zlogic.vogon.web.security.VogonSecurityUser)
2018-12-22 13:20:14.552  INFO 11736 --- [           main] s.w.s.m.m.a.RequestMappingHandlerMapping : Mapped "{[/service/accounts],methods=[POST],produces=[application/json]}" onto public java.util.Collection<org.zlogic.vogon.data.FinanceAccount> org.zlogic.vogon.web.controller.AccountsController.updateAccounts(java.util.Collection<org.zlogic.vogon.data.FinanceAccount>,org.zlogic.vogon.web.security.VogonSecurityUser)
2018-12-22 13:20:14.552  INFO 11736 --- [           main] s.w.s.m.m.a.RequestMappingHandlerMapping : Mapped "{[/service/analytics/tags],methods=[GET],produces=[application/json]}" onto public java.util.Set<java.lang.String> org.zlogic.vogon.web.controller.AnalyticsController.getAllTags(org.zlogic.vogon.web.security.VogonSecurityUser)
2018-12-22 13:20:14.552  INFO 11736 --- [           main] s.w.s.m.m.a.RequestMappingHandlerMapping : Mapped "{[/service/analytics],methods=[POST],produces=[application/json]}" onto public java.util.Map<java.lang.String, org.zlogic.vogon.data.report.Report> org.zlogic.vogon.web.controller.AnalyticsController.getReport(org.zlogic.vogon.data.report.ReportFactory,org.zlogic.vogon.web.security.VogonSecurityUser)
2018-12-22 13:20:14.552  INFO 11736 --- [           main] s.w.s.m.m.a.RequestMappingHandlerMapping : Mapped "{[/service/currencies],methods=[GET],produces=[application/json]}" onto public java.util.Collection<org.zlogic.vogon.web.data.model.CurrencyDetails> org.zlogic.vogon.web.controller.CurrenciesController.getAllCurrencies()
2018-12-22 13:20:14.552  INFO 11736 --- [           main] s.w.s.m.m.a.RequestMappingHandlerMapping : Mapped "{[/service/export],methods=[GET || POST]}" onto public org.springframework.http.HttpEntity<byte[]> org.zlogic.vogon.web.controller.DataController.exportDataJSON(org.zlogic.vogon.web.security.VogonSecurityUser) throws java.lang.RuntimeException
2018-12-22 13:20:14.552  INFO 11736 --- [           main] s.w.s.m.m.a.RequestMappingHandlerMapping : Mapped "{[/service/import],methods=[POST],consumes=[multipart/form-data],produces=[application/json]}" onto public java.lang.Boolean org.zlogic.vogon.web.controller.DataController.importData(org.springframework.web.multipart.MultipartFile,org.zlogic.vogon.web.security.VogonSecurityUser) throws java.lang.RuntimeException
2018-12-22 13:20:14.552  INFO 11736 --- [           main] s.w.s.m.m.a.RequestMappingHandlerMapping : Mapped "{[/fragments/{fragment}.fragment]}" onto public org.springframework.web.servlet.ModelAndView org.zlogic.vogon.web.controller.JspController.fragmentModelAndView(java.lang.String)
2018-12-22 13:20:14.552  INFO 11736 --- [           main] s.w.s.m.m.a.RequestMappingHandlerMapping : Mapped "{[/]}" onto public org.springframework.web.servlet.ModelAndView org.zlogic.vogon.web.controller.JspController.indexModelAndView()
2018-12-22 13:20:14.552  INFO 11736 --- [           main] s.w.s.m.m.a.RequestMappingHandlerMapping : Mapped "{[/oauth/logout],methods=[POST]}" onto public void org.zlogic.vogon.web.controller.LogoutController.logout(org.springframework.security.oauth2.provider.OAuth2Authentication) throws org.zlogic.vogon.web.security.UsernameExistsException
2018-12-22 13:20:14.552  INFO 11736 --- [           main] s.w.s.m.m.a.RequestMappingHandlerMapping : Mapped "{[/register],methods=[POST],produces=[application/json]}" onto public org.zlogic.vogon.data.VogonUser org.zlogic.vogon.web.controller.RegistrationController.register(org.zlogic.vogon.data.VogonUser) throws org.zlogic.vogon.web.security.UsernameExistsException
2018-12-22 13:20:14.552  INFO 11736 --- [           main] s.w.s.m.m.a.RequestMappingHandlerMapping : Mapped "{[/service/transactions/transaction/{id}],methods=[GET],produces=[application/json]}" onto public org.zlogic.vogon.web.data.model.FinanceTransactionJson org.zlogic.vogon.web.controller.TransactionsController.getTransaction(long,org.zlogic.vogon.web.security.VogonSecurityUser)
2018-12-22 13:20:14.552  INFO 11736 --- [           main] s.w.s.m.m.a.RequestMappingHandlerMapping : Mapped "{[/service/transactions],methods=[GET],produces=[application/json]}" onto public java.util.Collection<org.zlogic.vogon.web.data.model.FinanceTransactionJson> org.zlogic.vogon.web.controller.TransactionsController.getTransactions(java.lang.Integer,org.zlogic.vogon.web.controller.TransactionsController$SortColumn,org.springframework.data.domain.Sort$Direction,java.lang.String,java.util.Date,java.util.Collection<java.lang.String>,org.zlogic.vogon.web.security.VogonSecurityUser)
2018-12-22 13:20:14.552  INFO 11736 --- [           main] s.w.s.m.m.a.RequestMappingHandlerMapping : Mapped "{[/service/transactions],methods=[POST],produces=[application/json]}" onto public org.zlogic.vogon.web.data.model.FinanceTransactionJson org.zlogic.vogon.web.controller.TransactionsController.submitTransaction(org.zlogic.vogon.web.data.model.FinanceTransactionJson,org.zlogic.vogon.web.security.VogonSecurityUser)
2018-12-22 13:20:14.552  INFO 11736 --- [           main] s.w.s.m.m.a.RequestMappingHandlerMapping : Mapped "{[/service/transactions/pages],methods=[GET],produces=[application/json]}" onto public long org.zlogic.vogon.web.controller.TransactionsController.getTransactionsCount(org.zlogic.vogon.web.security.VogonSecurityUser)
2018-12-22 13:20:14.552  INFO 11736 --- [           main] s.w.s.m.m.a.RequestMappingHandlerMapping : Mapped "{[/service/transactions/transaction/{id}],methods=[DELETE],produces=[application/json]}" onto public org.zlogic.vogon.web.data.model.FinanceTransactionJson org.zlogic.vogon.web.controller.TransactionsController.deleteTransaction(long,org.zlogic.vogon.web.security.VogonSecurityUser)
2018-12-22 13:20:14.552  INFO 11736 --- [           main] s.w.s.m.m.a.RequestMappingHandlerMapping : Mapped "{[/service/user],methods=[POST],produces=[application/json]}" onto public org.zlogic.vogon.data.VogonUser org.zlogic.vogon.web.controller.UsersController.submitUser(org.zlogic.vogon.data.VogonUser,org.zlogic.vogon.web.security.VogonSecurityUser) throws org.zlogic.vogon.web.security.UsernameExistsException
2018-12-22 13:20:14.552  INFO 11736 --- [           main] s.w.s.m.m.a.RequestMappingHandlerMapping : Mapped "{[/service/user],methods=[GET],produces=[application/json]}" onto public org.zlogic.vogon.data.VogonUser org.zlogic.vogon.web.controller.UsersController.getUserData(org.zlogic.vogon.web.security.VogonSecurityUser)
2018-12-22 13:20:14.552  INFO 11736 --- [           main] s.w.s.m.m.a.RequestMappingHandlerMapping : Mapped "{[/error]}" onto public org.springframework.http.ResponseEntity<java.util.Map<java.lang.String, java.lang.Object>> org.springframework.boot.autoconfigure.web.BasicErrorController.error(javax.servlet.http.HttpServletRequest)
2018-12-22 13:20:14.552  INFO 11736 --- [           main] s.w.s.m.m.a.RequestMappingHandlerMapping : Mapped "{[/error],produces=[text/html]}" onto public org.springframework.web.servlet.ModelAndView org.springframework.boot.autoconfigure.web.BasicErrorController.errorHtml(javax.servlet.http.HttpServletRequest,javax.servlet.http.HttpServletResponse)
2018-12-22 13:20:14.567  INFO 11736 --- [           main] o.s.w.s.handler.SimpleUrlHandlerMapping  : Root mapping to handler of type [class org.springframework.web.servlet.mvc.ParameterizableViewController]
2018-12-22 13:20:14.755  INFO 11736 --- [           main] o.s.w.s.handler.SimpleUrlHandlerMapping  : Mapped URL path [/webjars/**] onto handler of type [class org.springframework.web.servlet.resource.ResourceHttpRequestHandler]
2018-12-22 13:20:14.755  INFO 11736 --- [           main] o.s.w.s.handler.SimpleUrlHandlerMapping  : Mapped URL path [/**] onto handler of type [class org.springframework.web.servlet.resource.ResourceHttpRequestHandler]
2018-12-22 13:20:14.755  INFO 11736 --- [           main] o.s.w.s.handler.SimpleUrlHandlerMapping  : Mapped URL path [/**] onto handler of type [class org.springframework.web.servlet.resource.DefaultServletHttpRequestHandler]
2018-12-22 13:20:14.786  INFO 11736 --- [           main] o.s.w.s.handler.SimpleUrlHandlerMapping  : Mapped URL path [/**/favicon.ico] onto handler of type [class org.springframework.web.servlet.resource.ResourceHttpRequestHandler]
2018-12-22 13:20:15.005  INFO 11736 --- [           main] o.s.b.a.e.mvc.EndpointHandlerMapping     : Mapped "{[/autoconfig || /autoconfig.json],methods=[GET],produces=[application/vnd.spring-boot.actuator.v1+json || application/json]}" onto public java.lang.Object org.springframework.boot.actuate.endpoint.mvc.EndpointMvcAdapter.invoke()
2018-12-22 13:20:15.005  INFO 11736 --- [           main] o.s.b.a.e.mvc.EndpointHandlerMapping     : Mapped "{[/trace || /trace.json],methods=[GET],produces=[application/vnd.spring-boot.actuator.v1+json || application/json]}" onto public java.lang.Object org.springframework.boot.actuate.endpoint.mvc.EndpointMvcAdapter.invoke()
2018-12-22 13:20:15.005  INFO 11736 --- [           main] o.s.b.a.e.mvc.EndpointHandlerMapping     : Mapped "{[/heapdump || /heapdump.json],methods=[GET],produces=[application/octet-stream]}" onto public void org.springframework.boot.actuate.endpoint.mvc.HeapdumpMvcEndpoint.invoke(boolean,javax.servlet.http.HttpServletRequest,javax.servlet.http.HttpServletResponse) throws java.io.IOException,javax.servlet.ServletException
2018-12-22 13:20:15.005  INFO 11736 --- [           main] o.s.b.a.e.mvc.EndpointHandlerMapping     : Mapped "{[/configprops || /configprops.json],methods=[GET],produces=[application/vnd.spring-boot.actuator.v1+json || application/json]}" onto public java.lang.Object org.springframework.boot.actuate.endpoint.mvc.EndpointMvcAdapter.invoke()
2018-12-22 13:20:15.005  INFO 11736 --- [           main] o.s.b.a.e.mvc.EndpointHandlerMapping     : Mapped "{[/health || /health.json],methods=[GET],produces=[application/vnd.spring-boot.actuator.v1+json || application/json]}" onto public java.lang.Object org.springframework.boot.actuate.endpoint.mvc.HealthMvcEndpoint.invoke(javax.servlet.http.HttpServletRequest,java.security.Principal)
2018-12-22 13:20:15.005  INFO 11736 --- [           main] o.s.b.a.e.mvc.EndpointHandlerMapping     : Mapped "{[/metrics/{name:.*}],methods=[GET],produces=[application/vnd.spring-boot.actuator.v1+json || application/json]}" onto public java.lang.Object org.springframework.boot.actuate.endpoint.mvc.MetricsMvcEndpoint.value(java.lang.String)
2018-12-22 13:20:15.005  INFO 11736 --- [           main] o.s.b.a.e.mvc.EndpointHandlerMapping     : Mapped "{[/metrics || /metrics.json],methods=[GET],produces=[application/vnd.spring-boot.actuator.v1+json || application/json]}" onto public java.lang.Object org.springframework.boot.actuate.endpoint.mvc.EndpointMvcAdapter.invoke()
2018-12-22 13:20:15.005  INFO 11736 --- [           main] o.s.b.a.e.mvc.EndpointHandlerMapping     : Mapped "{[/dump || /dump.json],methods=[GET],produces=[application/vnd.spring-boot.actuator.v1+json || application/json]}" onto public java.lang.Object org.springframework.boot.actuate.endpoint.mvc.EndpointMvcAdapter.invoke()
2018-12-22 13:20:15.005  INFO 11736 --- [           main] o.s.b.a.e.mvc.EndpointHandlerMapping     : Mapped "{[/env/{name:.*}],methods=[GET],produces=[application/vnd.spring-boot.actuator.v1+json || application/json]}" onto public java.lang.Object org.springframework.boot.actuate.endpoint.mvc.EnvironmentMvcEndpoint.value(java.lang.String)
2018-12-22 13:20:15.005  INFO 11736 --- [           main] o.s.b.a.e.mvc.EndpointHandlerMapping     : Mapped "{[/env || /env.json],methods=[GET],produces=[application/vnd.spring-boot.actuator.v1+json || application/json]}" onto public java.lang.Object org.springframework.boot.actuate.endpoint.mvc.EndpointMvcAdapter.invoke()
2018-12-22 13:20:15.005  INFO 11736 --- [           main] o.s.b.a.e.mvc.EndpointHandlerMapping     : Mapped "{[/beans || /beans.json],methods=[GET],produces=[application/vnd.spring-boot.actuator.v1+json || application/json]}" onto public java.lang.Object org.springframework.boot.actuate.endpoint.mvc.EndpointMvcAdapter.invoke()
2018-12-22 13:20:15.005  INFO 11736 --- [           main] o.s.b.a.e.mvc.EndpointHandlerMapping     : Mapped "{[/loggers/{name:.*}],methods=[GET],produces=[application/vnd.spring-boot.actuator.v1+json || application/json]}" onto public java.lang.Object org.springframework.boot.actuate.endpoint.mvc.LoggersMvcEndpoint.get(java.lang.String)
2018-12-22 13:20:15.005  INFO 11736 --- [           main] o.s.b.a.e.mvc.EndpointHandlerMapping     : Mapped "{[/loggers/{name:.*}],methods=[POST],consumes=[application/vnd.spring-boot.actuator.v1+json || application/json],produces=[application/vnd.spring-boot.actuator.v1+json || application/json]}" onto public java.lang.Object org.springframework.boot.actuate.endpoint.mvc.LoggersMvcEndpoint.set(java.lang.String,java.util.Map<java.lang.String, java.lang.String>)
2018-12-22 13:20:15.005  INFO 11736 --- [           main] o.s.b.a.e.mvc.EndpointHandlerMapping     : Mapped "{[/loggers || /loggers.json],methods=[GET],produces=[application/vnd.spring-boot.actuator.v1+json || application/json]}" onto public java.lang.Object org.springframework.boot.actuate.endpoint.mvc.EndpointMvcAdapter.invoke()
2018-12-22 13:20:15.005  INFO 11736 --- [           main] o.s.b.a.e.mvc.EndpointHandlerMapping     : Mapped "{[/mappings || /mappings.json],methods=[GET],produces=[application/vnd.spring-boot.actuator.v1+json || application/json]}" onto public java.lang.Object org.springframework.boot.actuate.endpoint.mvc.EndpointMvcAdapter.invoke()
2018-12-22 13:20:15.005  INFO 11736 --- [           main] o.s.b.a.e.mvc.EndpointHandlerMapping     : Mapped "{[/info || /info.json],methods=[GET],produces=[application/vnd.spring-boot.actuator.v1+json || application/json]}" onto public java.lang.Object org.springframework.boot.actuate.endpoint.mvc.EndpointMvcAdapter.invoke()
2018-12-22 13:20:15.005  INFO 11736 --- [           main] o.s.b.a.e.mvc.EndpointHandlerMapping     : Mapped "{[/auditevents || /auditevents.json],methods=[GET],produces=[application/vnd.spring-boot.actuator.v1+json || application/json]}" onto public org.springframework.http.ResponseEntity<?> org.springframework.boot.actuate.endpoint.mvc.AuditEventsMvcEndpoint.findByPrincipalAndAfterAndType(java.lang.String,java.util.Date,java.lang.String)
2018-12-22 13:20:15.094 ERROR 11736 --- [           main] o.a.coyote.http11.Http11NioProtocol      : Failed to start end point associated with ProtocolHandler ["http-nio-8080"]

java.net.BindException: Address already in use: bind
	at sun.nio.ch.Net.bind0(Native Method) ~[na:1.8.0_191]
	at sun.nio.ch.Net.bind(Net.java:433) ~[na:1.8.0_191]
	at sun.nio.ch.Net.bind(Net.java:425) ~[na:1.8.0_191]
	at sun.nio.ch.ServerSocketChannelImpl.bind(ServerSocketChannelImpl.java:223) ~[na:1.8.0_191]
	at sun.nio.ch.ServerSocketAdaptor.bind(ServerSocketAdaptor.java:74) ~[na:1.8.0_191]
	at org.apache.tomcat.util.net.NioEndpoint.bind(NioEndpoint.java:210) ~[tomcat-embed-core-8.5.14.jar:8.5.14]
	at org.apache.tomcat.util.net.AbstractEndpoint.start(AbstractEndpoint.java:978) ~[tomcat-embed-core-8.5.14.jar:8.5.14]
	at org.apache.coyote.AbstractProtocol.start(AbstractProtocol.java:628) ~[tomcat-embed-core-8.5.14.jar:8.5.14]
	at org.apache.catalina.connector.Connector.startInternal(Connector.java:993) [tomcat-embed-core-8.5.14.jar:8.5.14]
	at org.apache.catalina.util.LifecycleBase.start(LifecycleBase.java:150) [tomcat-embed-core-8.5.14.jar:8.5.14]
	at org.apache.catalina.core.StandardService.addConnector(StandardService.java:225) [tomcat-embed-core-8.5.14.jar:8.5.14]
	at org.springframework.boot.context.embedded.tomcat.TomcatEmbeddedServletContainer.addPreviouslyRemovedConnectors(TomcatEmbeddedServletContainer.java:247) [spring-boot-1.5.3.RELEASE.jar:1.5.3.RELEASE]
	at org.springframework.boot.context.embedded.tomcat.TomcatEmbeddedServletContainer.start(TomcatEmbeddedServletContainer.java:190) [spring-boot-1.5.3.RELEASE.jar:1.5.3.RELEASE]
	at org.springframework.boot.context.embedded.EmbeddedWebApplicationContext.startEmbeddedServletContainer(EmbeddedWebApplicationContext.java:297) [spring-boot-1.5.3.RELEASE.jar:1.5.3.RELEASE]
	at org.springframework.boot.context.embedded.EmbeddedWebApplicationContext.finishRefresh(EmbeddedWebApplicationContext.java:145) [spring-boot-1.5.3.RELEASE.jar:1.5.3.RELEASE]
	at org.springframework.context.support.AbstractApplicationContext.refresh(AbstractApplicationContext.java:545) [spring-context-4.3.8.RELEASE.jar:4.3.8.RELEASE]
	at org.springframework.boot.context.embedded.EmbeddedWebApplicationContext.refresh(EmbeddedWebApplicationContext.java:122) [spring-boot-1.5.3.RELEASE.jar:1.5.3.RELEASE]
	at org.springframework.boot.SpringApplication.refresh(SpringApplication.java:737) [spring-boot-1.5.3.RELEASE.jar:1.5.3.RELEASE]
	at org.springframework.boot.SpringApplication.refreshContext(SpringApplication.java:370) [spring-boot-1.5.3.RELEASE.jar:1.5.3.RELEASE]
	at org.springframework.boot.SpringApplication.run(SpringApplication.java:314) [spring-boot-1.5.3.RELEASE.jar:1.5.3.RELEASE]
	at org.springframework.boot.test.context.SpringBootContextLoader.loadContext(SpringBootContextLoader.java:120) [spring-boot-test-1.5.3.RELEASE.jar:1.5.3.RELEASE]
	at org.springframework.test.context.cache.DefaultCacheAwareContextLoaderDelegate.loadContextInternal(DefaultCacheAwareContextLoaderDelegate.java:98) [spring-test-4.3.8.RELEASE.jar:4.3.8.RELEASE]
	at org.springframework.test.context.cache.DefaultCacheAwareContextLoaderDelegate.loadContext(DefaultCacheAwareContextLoaderDelegate.java:116) [spring-test-4.3.8.RELEASE.jar:4.3.8.RELEASE]
	at org.springframework.test.context.support.DefaultTestContext.getApplicationContext(DefaultTestContext.java:83) [spring-test-4.3.8.RELEASE.jar:4.3.8.RELEASE]
	at org.springframework.boot.test.autoconfigure.SpringBootDependencyInjectionTestExecutionListener.prepareTestInstance(SpringBootDependencyInjectionTestExecutionListener.java:47) [spring-boot-test-autoconfigure-1.5.3.RELEASE.jar:1.5.3.RELEASE]
	at org.springframework.test.context.TestContextManager.prepareTestInstance(TestContextManager.java:230) [spring-test-4.3.8.RELEASE.jar:4.3.8.RELEASE]
	at org.springframework.test.context.junit4.SpringJUnit4ClassRunner.createTest(SpringJUnit4ClassRunner.java:228) [spring-test-4.3.8.RELEASE.jar:4.3.8.RELEASE]
	at org.springframework.test.context.junit4.SpringJUnit4ClassRunner$1.runReflectiveCall(SpringJUnit4ClassRunner.java:287) [spring-test-4.3.8.RELEASE.jar:4.3.8.RELEASE]
	at org.junit.internal.runners.model.ReflectiveCallable.run(ReflectiveCallable.java:12) [junit-4.12.jar:4.12]
	at org.springframework.test.context.junit4.SpringJUnit4ClassRunner.methodBlock(SpringJUnit4ClassRunner.java:289) [spring-test-4.3.8.RELEASE.jar:4.3.8.RELEASE]
	at org.springframework.test.context.junit4.SpringJUnit4ClassRunner.runChild(SpringJUnit4ClassRunner.java:247) [spring-test-4.3.8.RELEASE.jar:4.3.8.RELEASE]
	at org.springframework.test.context.junit4.SpringJUnit4ClassRunner.runChild(SpringJUnit4ClassRunner.java:94) [spring-test-4.3.8.RELEASE.jar:4.3.8.RELEASE]
	at org.junit.runners.ParentRunner$3.run(ParentRunner.java:290) [junit-4.12.jar:4.12]
	at org.junit.runners.ParentRunner$1.schedule(ParentRunner.java:71) [junit-4.12.jar:4.12]
	at org.junit.runners.ParentRunner.runChildren(ParentRunner.java:288) [junit-4.12.jar:4.12]
	at org.junit.runners.ParentRunner.access$000(ParentRunner.java:58) [junit-4.12.jar:4.12]
	at org.junit.runners.ParentRunner$2.evaluate(ParentRunner.java:268) [junit-4.12.jar:4.12]
	at org.springframework.test.context.junit4.statements.RunBeforeTestClassCallbacks.evaluate(RunBeforeTestClassCallbacks.java:61) [spring-test-4.3.8.RELEASE.jar:4.3.8.RELEASE]
	at org.springframework.test.context.junit4.statements.RunAfterTestClassCallbacks.evaluate(RunAfterTestClassCallbacks.java:70) [spring-test-4.3.8.RELEASE.jar:4.3.8.RELEASE]
	at org.junit.runners.ParentRunner.run(ParentRunner.java:363) [junit-4.12.jar:4.12]
	at org.springframework.test.context.junit4.SpringJUnit4ClassRunner.run(SpringJUnit4ClassRunner.java:191) [spring-test-4.3.8.RELEASE.jar:4.3.8.RELEASE]
	at org.apache.maven.surefire.junit4.JUnit4Provider.execute(JUnit4Provider.java:365) [surefire-junit4-2.20.jar:2.20]
	at org.apache.maven.surefire.junit4.JUnit4Provider.executeWithRerun(JUnit4Provider.java:272) [surefire-junit4-2.20.jar:2.20]
	at org.apache.maven.surefire.junit4.JUnit4Provider.executeTestSet(JUnit4Provider.java:236) [surefire-junit4-2.20.jar:2.20]
	at org.apache.maven.surefire.junit4.JUnit4Provider.invoke(JUnit4Provider.java:159) [surefire-junit4-2.20.jar:2.20]
	at org.apache.maven.surefire.booter.ForkedBooter.invokeProviderInSameClassLoader(ForkedBooter.java:386) [surefire-booter-2.20.jar:2.20]
	at org.apache.maven.surefire.booter.ForkedBooter.runSuitesInProcess(ForkedBooter.java:323) [surefire-booter-2.20.jar:2.20]
	at org.apache.maven.surefire.booter.ForkedBooter.main(ForkedBooter.java:143) [surefire-booter-2.20.jar:2.20]

2018-12-22 13:20:15.094 ERROR 11736 --- [           main] o.apache.catalina.core.StandardService   : Failed to start connector [Connector[HTTP/1.1-8080]]

org.apache.catalina.LifecycleException: Failed to start component [Connector[HTTP/1.1-8080]]
	at org.apache.catalina.util.LifecycleBase.start(LifecycleBase.java:167) ~[tomcat-embed-core-8.5.14.jar:8.5.14]
	at org.apache.catalina.core.StandardService.addConnector(StandardService.java:225) ~[tomcat-embed-core-8.5.14.jar:8.5.14]
	at org.springframework.boot.context.embedded.tomcat.TomcatEmbeddedServletContainer.addPreviouslyRemovedConnectors(TomcatEmbeddedServletContainer.java:247) [spring-boot-1.5.3.RELEASE.jar:1.5.3.RELEASE]
	at org.springframework.boot.context.embedded.tomcat.TomcatEmbeddedServletContainer.start(TomcatEmbeddedServletContainer.java:190) [spring-boot-1.5.3.RELEASE.jar:1.5.3.RELEASE]
	at org.springframework.boot.context.embedded.EmbeddedWebApplicationContext.startEmbeddedServletContainer(EmbeddedWebApplicationContext.java:297) [spring-boot-1.5.3.RELEASE.jar:1.5.3.RELEASE]
	at org.springframework.boot.context.embedded.EmbeddedWebApplicationContext.finishRefresh(EmbeddedWebApplicationContext.java:145) [spring-boot-1.5.3.RELEASE.jar:1.5.3.RELEASE]
	at org.springframework.context.support.AbstractApplicationContext.refresh(AbstractApplicationContext.java:545) [spring-context-4.3.8.RELEASE.jar:4.3.8.RELEASE]
	at org.springframework.boot.context.embedded.EmbeddedWebApplicationContext.refresh(EmbeddedWebApplicationContext.java:122) [spring-boot-1.5.3.RELEASE.jar:1.5.3.RELEASE]
	at org.springframework.boot.SpringApplication.refresh(SpringApplication.java:737) [spring-boot-1.5.3.RELEASE.jar:1.5.3.RELEASE]
	at org.springframework.boot.SpringApplication.refreshContext(SpringApplication.java:370) [spring-boot-1.5.3.RELEASE.jar:1.5.3.RELEASE]
	at org.springframework.boot.SpringApplication.run(SpringApplication.java:314) [spring-boot-1.5.3.RELEASE.jar:1.5.3.RELEASE]
	at org.springframework.boot.test.context.SpringBootContextLoader.loadContext(SpringBootContextLoader.java:120) [spring-boot-test-1.5.3.RELEASE.jar:1.5.3.RELEASE]
	at org.springframework.test.context.cache.DefaultCacheAwareContextLoaderDelegate.loadContextInternal(DefaultCacheAwareContextLoaderDelegate.java:98) [spring-test-4.3.8.RELEASE.jar:4.3.8.RELEASE]
	at org.springframework.test.context.cache.DefaultCacheAwareContextLoaderDelegate.loadContext(DefaultCacheAwareContextLoaderDelegate.java:116) [spring-test-4.3.8.RELEASE.jar:4.3.8.RELEASE]
	at org.springframework.test.context.support.DefaultTestContext.getApplicationContext(DefaultTestContext.java:83) [spring-test-4.3.8.RELEASE.jar:4.3.8.RELEASE]
	at org.springframework.boot.test.autoconfigure.SpringBootDependencyInjectionTestExecutionListener.prepareTestInstance(SpringBootDependencyInjectionTestExecutionListener.java:47) [spring-boot-test-autoconfigure-1.5.3.RELEASE.jar:1.5.3.RELEASE]
	at org.springframework.test.context.TestContextManager.prepareTestInstance(TestContextManager.java:230) [spring-test-4.3.8.RELEASE.jar:4.3.8.RELEASE]
	at org.springframework.test.context.junit4.SpringJUnit4ClassRunner.createTest(SpringJUnit4ClassRunner.java:228) [spring-test-4.3.8.RELEASE.jar:4.3.8.RELEASE]
	at org.springframework.test.context.junit4.SpringJUnit4ClassRunner$1.runReflectiveCall(SpringJUnit4ClassRunner.java:287) [spring-test-4.3.8.RELEASE.jar:4.3.8.RELEASE]
	at org.junit.internal.runners.model.ReflectiveCallable.run(ReflectiveCallable.java:12) [junit-4.12.jar:4.12]
	at org.springframework.test.context.junit4.SpringJUnit4ClassRunner.methodBlock(SpringJUnit4ClassRunner.java:289) [spring-test-4.3.8.RELEASE.jar:4.3.8.RELEASE]
	at org.springframework.test.context.junit4.SpringJUnit4ClassRunner.runChild(SpringJUnit4ClassRunner.java:247) [spring-test-4.3.8.RELEASE.jar:4.3.8.RELEASE]
	at org.springframework.test.context.junit4.SpringJUnit4ClassRunner.runChild(SpringJUnit4ClassRunner.java:94) [spring-test-4.3.8.RELEASE.jar:4.3.8.RELEASE]
	at org.junit.runners.ParentRunner$3.run(ParentRunner.java:290) [junit-4.12.jar:4.12]
	at org.junit.runners.ParentRunner$1.schedule(ParentRunner.java:71) [junit-4.12.jar:4.12]
	at org.junit.runners.ParentRunner.runChildren(ParentRunner.java:288) [junit-4.12.jar:4.12]
	at org.junit.runners.ParentRunner.access$000(ParentRunner.java:58) [junit-4.12.jar:4.12]
	at org.junit.runners.ParentRunner$2.evaluate(ParentRunner.java:268) [junit-4.12.jar:4.12]
	at org.springframework.test.context.junit4.statements.RunBeforeTestClassCallbacks.evaluate(RunBeforeTestClassCallbacks.java:61) [spring-test-4.3.8.RELEASE.jar:4.3.8.RELEASE]
	at org.springframework.test.context.junit4.statements.RunAfterTestClassCallbacks.evaluate(RunAfterTestClassCallbacks.java:70) [spring-test-4.3.8.RELEASE.jar:4.3.8.RELEASE]
	at org.junit.runners.ParentRunner.run(ParentRunner.java:363) [junit-4.12.jar:4.12]
	at org.springframework.test.context.junit4.SpringJUnit4ClassRunner.run(SpringJUnit4ClassRunner.java:191) [spring-test-4.3.8.RELEASE.jar:4.3.8.RELEASE]
	at org.apache.maven.surefire.junit4.JUnit4Provider.execute(JUnit4Provider.java:365) [surefire-junit4-2.20.jar:2.20]
	at org.apache.maven.surefire.junit4.JUnit4Provider.executeWithRerun(JUnit4Provider.java:272) [surefire-junit4-2.20.jar:2.20]
	at org.apache.maven.surefire.junit4.JUnit4Provider.executeTestSet(JUnit4Provider.java:236) [surefire-junit4-2.20.jar:2.20]
	at org.apache.maven.surefire.junit4.JUnit4Provider.invoke(JUnit4Provider.java:159) [surefire-junit4-2.20.jar:2.20]
	at org.apache.maven.surefire.booter.ForkedBooter.invokeProviderInSameClassLoader(ForkedBooter.java:386) [surefire-booter-2.20.jar:2.20]
	at org.apache.maven.surefire.booter.ForkedBooter.runSuitesInProcess(ForkedBooter.java:323) [surefire-booter-2.20.jar:2.20]
	at org.apache.maven.surefire.booter.ForkedBooter.main(ForkedBooter.java:143) [surefire-booter-2.20.jar:2.20]
Caused by: org.apache.catalina.LifecycleException: service.getName(): "Tomcat";  Protocol handler start failed
	at org.apache.catalina.connector.Connector.startInternal(Connector.java:1000) ~[tomcat-embed-core-8.5.14.jar:8.5.14]
	at org.apache.catalina.util.LifecycleBase.start(LifecycleBase.java:150) ~[tomcat-embed-core-8.5.14.jar:8.5.14]
	... 38 common frames omitted
Caused by: java.net.BindException: Address already in use: bind
	at sun.nio.ch.Net.bind0(Native Method) ~[na:1.8.0_191]
	at sun.nio.ch.Net.bind(Net.java:433) ~[na:1.8.0_191]
	at sun.nio.ch.Net.bind(Net.java:425) ~[na:1.8.0_191]
	at sun.nio.ch.ServerSocketChannelImpl.bind(ServerSocketChannelImpl.java:223) ~[na:1.8.0_191]
	at sun.nio.ch.ServerSocketAdaptor.bind(ServerSocketAdaptor.java:74) ~[na:1.8.0_191]
	at org.apache.tomcat.util.net.NioEndpoint.bind(NioEndpoint.java:210) ~[tomcat-embed-core-8.5.14.jar:8.5.14]
	at org.apache.tomcat.util.net.AbstractEndpoint.start(AbstractEndpoint.java:978) ~[tomcat-embed-core-8.5.14.jar:8.5.14]
	at org.apache.coyote.AbstractProtocol.start(AbstractProtocol.java:628) ~[tomcat-embed-core-8.5.14.jar:8.5.14]
	at org.apache.catalina.connector.Connector.startInternal(Connector.java:993) ~[tomcat-embed-core-8.5.14.jar:8.5.14]
	... 39 common frames omitted

2018-12-22 13:20:15.313  INFO 11736 --- [           main] o.apache.catalina.core.StandardService   : Stopping service Tomcat
2018-12-22 13:20:15.313  INFO 11736 --- [           main] utoConfigurationReportLoggingInitializer : 

Error starting ApplicationContext. To display the auto-configuration report re-run your application with 'debug' enabled.
2018-12-22 13:20:15.313 ERROR 11736 --- [           main] o.s.b.d.LoggingFailureAnalysisReporter   : 

***************************
APPLICATION FAILED TO START
***************************

Description:

The Tomcat connector configured to listen on port 8080 failed to start. The port may already be in use or the connector may be misconfigured.

Action:

Verify the connector's configuration, identify and stop any process that's listening on port 8080, or configure this application to listen on another port.

2018-12-22 13:20:15.313  INFO 11736 --- [           main] ationConfigEmbeddedWebApplicationContext : Closing org.springframework.boot.context.embedded.AnnotationConfigEmbeddedWebApplicationContext@51d2ec2f: startup date [Sat Dec 22 13:20:13 IST 2018]; root of context hierarchy
2018-12-22 13:20:15.313  INFO 11736 --- [           main] o.z.vogon.web.PersistenceConfiguration   : Unloading JDBC drivers
2018-12-22 13:20:15.313  INFO 11736 --- [           main] j.LocalContainerEntityManagerFactoryBean : Closing JPA EntityManagerFactory for persistence unit 'VogonPU'
2018-12-22 13:20:15.313  INFO 11736 --- [           main] org.hibernate.orm.connections.pooling    : HHH10001008: Cleaning up connection pool [jdbc:h2:mem:test]
2018-12-22 13:20:15.313 ERROR 11736 --- [           main] o.s.test.context.TestContextManager      : Caught exception while allowing TestExecutionListener [org.springframework.boot.test.autoconfigure.SpringBootDependencyInjectionTestExecutionListener@671c93a5] to prepare test instance [org.zlogic.vogon.web.AuthenticationTest@6855e7de]

java.lang.IllegalStateException: Failed to load ApplicationContext
	at org.springframework.test.context.cache.DefaultCacheAwareContextLoaderDelegate.loadContext(DefaultCacheAwareContextLoaderDelegate.java:124) ~[spring-test-4.3.8.RELEASE.jar:4.3.8.RELEASE]
	at org.springframework.test.context.support.DefaultTestContext.getApplicationContext(DefaultTestContext.java:83) ~[spring-test-4.3.8.RELEASE.jar:4.3.8.RELEASE]
	at org.springframework.boot.test.autoconfigure.SpringBootDependencyInjectionTestExecutionListener.prepareTestInstance(SpringBootDependencyInjectionTestExecutionListener.java:47) ~[spring-boot-test-autoconfigure-1.5.3.RELEASE.jar:1.5.3.RELEASE]
	at org.springframework.test.context.TestContextManager.prepareTestInstance(TestContextManager.java:230) ~[spring-test-4.3.8.RELEASE.jar:4.3.8.RELEASE]
	at org.springframework.test.context.junit4.SpringJUnit4ClassRunner.createTest(SpringJUnit4ClassRunner.java:228) [spring-test-4.3.8.RELEASE.jar:4.3.8.RELEASE]
	at org.springframework.test.context.junit4.SpringJUnit4ClassRunner$1.runReflectiveCall(SpringJUnit4ClassRunner.java:287) [spring-test-4.3.8.RELEASE.jar:4.3.8.RELEASE]
	at org.junit.internal.runners.model.ReflectiveCallable.run(ReflectiveCallable.java:12) [junit-4.12.jar:4.12]
	at org.springframework.test.context.junit4.SpringJUnit4ClassRunner.methodBlock(SpringJUnit4ClassRunner.java:289) [spring-test-4.3.8.RELEASE.jar:4.3.8.RELEASE]
	at org.springframework.test.context.junit4.SpringJUnit4ClassRunner.runChild(SpringJUnit4ClassRunner.java:247) [spring-test-4.3.8.RELEASE.jar:4.3.8.RELEASE]
	at org.springframework.test.context.junit4.SpringJUnit4ClassRunner.runChild(SpringJUnit4ClassRunner.java:94) [spring-test-4.3.8.RELEASE.jar:4.3.8.RELEASE]
	at org.junit.runners.ParentRunner$3.run(ParentRunner.java:290) [junit-4.12.jar:4.12]
	at org.junit.runners.ParentRunner$1.schedule(ParentRunner.java:71) [junit-4.12.jar:4.12]
	at org.junit.runners.ParentRunner.runChildren(ParentRunner.java:288) [junit-4.12.jar:4.12]
	at org.junit.runners.ParentRunner.access$000(ParentRunner.java:58) [junit-4.12.jar:4.12]
	at org.junit.runners.ParentRunner$2.evaluate(ParentRunner.java:268) [junit-4.12.jar:4.12]
	at org.springframework.test.context.junit4.statements.RunBeforeTestClassCallbacks.evaluate(RunBeforeTestClassCallbacks.java:61) [spring-test-4.3.8.RELEASE.jar:4.3.8.RELEASE]
	at org.springframework.test.context.junit4.statements.RunAfterTestClassCallbacks.evaluate(RunAfterTestClassCallbacks.java:70) [spring-test-4.3.8.RELEASE.jar:4.3.8.RELEASE]
	at org.junit.runners.ParentRunner.run(ParentRunner.java:363) [junit-4.12.jar:4.12]
	at org.springframework.test.context.junit4.SpringJUnit4ClassRunner.run(SpringJUnit4ClassRunner.java:191) [spring-test-4.3.8.RELEASE.jar:4.3.8.RELEASE]
	at org.apache.maven.surefire.junit4.JUnit4Provider.execute(JUnit4Provider.java:365) [surefire-junit4-2.20.jar:2.20]
	at org.apache.maven.surefire.junit4.JUnit4Provider.executeWithRerun(JUnit4Provider.java:272) [surefire-junit4-2.20.jar:2.20]
	at org.apache.maven.surefire.junit4.JUnit4Provider.executeTestSet(JUnit4Provider.java:236) [surefire-junit4-2.20.jar:2.20]
	at org.apache.maven.surefire.junit4.JUnit4Provider.invoke(JUnit4Provider.java:159) [surefire-junit4-2.20.jar:2.20]
	at org.apache.maven.surefire.booter.ForkedBooter.invokeProviderInSameClassLoader(ForkedBooter.java:386) [surefire-booter-2.20.jar:2.20]
	at org.apache.maven.surefire.booter.ForkedBooter.runSuitesInProcess(ForkedBooter.java:323) [surefire-booter-2.20.jar:2.20]
	at org.apache.maven.surefire.booter.ForkedBooter.main(ForkedBooter.java:143) [surefire-booter-2.20.jar:2.20]
Caused by: org.springframework.boot.context.embedded.tomcat.ConnectorStartFailedException: Connector configured to listen on port 8080 failed to start
	at org.springframework.boot.context.embedded.tomcat.TomcatEmbeddedServletContainer.checkThatConnectorsHaveStarted(TomcatEmbeddedServletContainer.java:219) ~[spring-boot-1.5.3.RELEASE.jar:1.5.3.RELEASE]
	at org.springframework.boot.context.embedded.tomcat.TomcatEmbeddedServletContainer.start(TomcatEmbeddedServletContainer.java:195) ~[spring-boot-1.5.3.RELEASE.jar:1.5.3.RELEASE]
	at org.springframework.boot.context.embedded.EmbeddedWebApplicationContext.startEmbeddedServletContainer(EmbeddedWebApplicationContext.java:297) ~[spring-boot-1.5.3.RELEASE.jar:1.5.3.RELEASE]
	at org.springframework.boot.context.embedded.EmbeddedWebApplicationContext.finishRefresh(EmbeddedWebApplicationContext.java:145) ~[spring-boot-1.5.3.RELEASE.jar:1.5.3.RELEASE]
	at org.springframework.context.support.AbstractApplicationContext.refresh(AbstractApplicationContext.java:545) ~[spring-context-4.3.8.RELEASE.jar:4.3.8.RELEASE]
	at org.springframework.boot.context.embedded.EmbeddedWebApplicationContext.refresh(EmbeddedWebApplicationContext.java:122) ~[spring-boot-1.5.3.RELEASE.jar:1.5.3.RELEASE]
	at org.springframework.boot.SpringApplication.refresh(SpringApplication.java:737) ~[spring-boot-1.5.3.RELEASE.jar:1.5.3.RELEASE]
	at org.springframework.boot.SpringApplication.refreshContext(SpringApplication.java:370) ~[spring-boot-1.5.3.RELEASE.jar:1.5.3.RELEASE]
	at org.springframework.boot.SpringApplication.run(SpringApplication.java:314) ~[spring-boot-1.5.3.RELEASE.jar:1.5.3.RELEASE]
	at org.springframework.boot.test.context.SpringBootContextLoader.loadContext(SpringBootContextLoader.java:120) ~[spring-boot-test-1.5.3.RELEASE.jar:1.5.3.RELEASE]
	at org.springframework.test.context.cache.DefaultCacheAwareContextLoaderDelegate.loadContextInternal(DefaultCacheAwareContextLoaderDelegate.java:98) ~[spring-test-4.3.8.RELEASE.jar:4.3.8.RELEASE]
	at org.springframework.test.context.cache.DefaultCacheAwareContextLoaderDelegate.loadContext(DefaultCacheAwareContextLoaderDelegate.java:116) ~[spring-test-4.3.8.RELEASE.jar:4.3.8.RELEASE]
	... 25 common frames omitted

]]></system-out>
  </testcase>
  <testcase name="testAuthenticationIncorrectPassword" classname="org.zlogic.vogon.web.AuthenticationTest" time="0">
    <error message="Failed to load ApplicationContext" type="java.lang.IllegalStateException">java.lang.IllegalStateException: Failed to load ApplicationContext
Caused by: org.springframework.boot.context.embedded.tomcat.ConnectorStartFailedException: Connector configured to listen on port 8080 failed to start
</error>
    <system-out><![CDATA[
  .   ____          _            __ _ _
 /\\ / ___'_ __ _ _(_)_ __  __ _ \ \ \ \
( ( )\___ | '_ | '_| | '_ \/ _` | \ \ \ \
 \\/  ___)| |_)| | | | | || (_| |  ) ) ) )
  '  |____| .__|_| |_|_| |_\__, | / / / /
 =========|_|==============|___/=/_/_/_/
 :: Spring Boot ::        (v1.5.3.RELEASE)

2018-12-22 13:20:15.344  INFO 11736 --- [           main] org.zlogic.vogon.web.AuthenticationTest  : Starting AuthenticationTest on GOPAL with PID 11736 (started by GOPAL$ in C:\Program Files (x86)\Jenkins\workspace\Maven_project\vogon-web)
2018-12-22 13:20:15.344  INFO 11736 --- [           main] org.zlogic.vogon.web.AuthenticationTest  : No active profile set, falling back to default profiles: default
2018-12-22 13:20:15.344  INFO 11736 --- [           main] ationConfigEmbeddedWebApplicationContext : Refreshing org.springframework.boot.context.embedded.AnnotationConfigEmbeddedWebApplicationContext@69262db6: startup date [Sat Dec 22 13:20:15 IST 2018]; root of context hierarchy
2018-12-22 13:20:15.641  INFO 11736 --- [           main] o.s.b.f.s.DefaultListableBeanFactory     : Overriding bean definition for bean 'entityManagerFactory' with a different definition: replacing [Root bean: class [null]; scope=; abstract=false; lazyInit=false; autowireMode=3; dependencyCheck=0; autowireCandidate=true; primary=false; factoryBeanName=persistenceConfiguration; factoryMethodName=entityManagerFactory; initMethodName=null; destroyMethodName=(inferred); defined in class path resource [org/zlogic/vogon/web/PersistenceConfiguration.class]] with [Root bean: class [null]; scope=; abstract=false; lazyInit=false; autowireMode=3; dependencyCheck=0; autowireCandidate=true; primary=false; factoryBeanName=databaseConfiguration; factoryMethodName=entityManagerFactory; initMethodName=null; destroyMethodName=(inferred); defined in org.zlogic.vogon.web.DatabaseConfiguration]
2018-12-22 13:20:15.813  INFO 11736 --- [           main] trationDelegate$BeanPostProcessorChecker : Bean 'org.springframework.security.config.annotation.configuration.ObjectPostProcessorConfiguration' of type [org.springframework.security.config.annotation.configuration.ObjectPostProcessorConfiguration$$EnhancerBySpringCGLIB$$be8c3acc] is not eligible for getting processed by all BeanPostProcessors (for example: not eligible for auto-proxying)
2018-12-22 13:20:15.813  INFO 11736 --- [           main] trationDelegate$BeanPostProcessorChecker : Bean 'objectPostProcessor' of type [org.springframework.security.config.annotation.configuration.AutowireBeanFactoryObjectPostProcessor] is not eligible for getting processed by all BeanPostProcessors (for example: not eligible for auto-proxying)
2018-12-22 13:20:15.813  INFO 11736 --- [           main] trationDelegate$BeanPostProcessorChecker : Bean 'org.springframework.security.access.expression.method.DefaultMethodSecurityExpressionHandler@59741f64' of type [org.springframework.security.oauth2.provider.expression.OAuth2MethodSecurityExpressionHandler] is not eligible for getting processed by all BeanPostProcessors (for example: not eligible for auto-proxying)
2018-12-22 13:20:15.813  INFO 11736 --- [           main] trationDelegate$BeanPostProcessorChecker : Bean 'org.springframework.security.config.annotation.method.configuration.GlobalMethodSecurityConfiguration' of type [org.springframework.security.config.annotation.method.configuration.GlobalMethodSecurityConfiguration$$EnhancerBySpringCGLIB$$e360dd7e] is not eligible for getting processed by all BeanPostProcessors (for example: not eligible for auto-proxying)
2018-12-22 13:20:15.813  INFO 11736 --- [           main] trationDelegate$BeanPostProcessorChecker : Bean 'methodSecurityMetadataSource' of type [org.springframework.security.access.method.DelegatingMethodSecurityMetadataSource] is not eligible for getting processed by all BeanPostProcessors (for example: not eligible for auto-proxying)
2018-12-22 13:20:15.828  INFO 11736 --- [           main] trationDelegate$BeanPostProcessorChecker : Bean 'org.springframework.transaction.annotation.ProxyTransactionManagementConfiguration' of type [org.springframework.transaction.annotation.ProxyTransactionManagementConfiguration$$EnhancerBySpringCGLIB$$25de7292] is not eligible for getting processed by all BeanPostProcessors (for example: not eligible for auto-proxying)
2018-12-22 13:20:15.844  INFO 11736 --- [           main] trationDelegate$BeanPostProcessorChecker : Bean 'security.oauth2.client-org.springframework.boot.autoconfigure.security.oauth2.OAuth2ClientProperties' of type [org.springframework.boot.autoconfigure.security.oauth2.OAuth2ClientProperties] is not eligible for getting processed by all BeanPostProcessors (for example: not eligible for auto-proxying)
2018-12-22 13:20:15.844  INFO 11736 --- [           main] trationDelegate$BeanPostProcessorChecker : Bean 'org.springframework.boot.autoconfigure.security.oauth2.OAuth2AutoConfiguration' of type [org.springframework.boot.autoconfigure.security.oauth2.OAuth2AutoConfiguration$$EnhancerBySpringCGLIB$$dd282e92] is not eligible for getting processed by all BeanPostProcessors (for example: not eligible for auto-proxying)
2018-12-22 13:20:15.844  INFO 11736 --- [           main] trationDelegate$BeanPostProcessorChecker : Bean 'resourceServerProperties' of type [org.springframework.boot.autoconfigure.security.oauth2.resource.ResourceServerProperties] is not eligible for getting processed by all BeanPostProcessors (for example: not eligible for auto-proxying)
2018-12-22 13:20:15.922  INFO 11736 --- [           main] org.zlogic.vogon.web.TomcatConfigurer    : Using keystore C:\Program Files (x86)\Jenkins\workspace\Maven_project\vogon-web\target/vogonweb.keystore with password ********
2018-12-22 13:20:15.938  INFO 11736 --- [           main] s.b.c.e.t.TomcatEmbeddedServletContainer : Tomcat initialized with port(s): 8080 (http) 8443 (https)
2018-12-22 13:20:15.938  INFO 11736 --- [           main] o.apache.catalina.core.StandardService   : Starting service Tomcat
2018-12-22 13:20:15.938  INFO 11736 --- [           main] org.apache.catalina.core.StandardEngine  : Starting Servlet Engine: Apache Tomcat/8.5.14
2018-12-22 13:20:15.984  INFO 11736 --- [ost-startStop-1] org.apache.jasper.servlet.TldScanner     : At least one JAR was scanned for TLDs yet contained no TLDs. Enable debug logging for this logger for a complete list of JARs that were scanned but no TLDs were found in them. Skipping unneeded JARs during scanning can improve startup time and JSP compilation time.
2018-12-22 13:20:15.984  INFO 11736 --- [ost-startStop-1] o.a.c.c.C.[Tomcat-50].[localhost].[/]    : Initializing Spring embedded WebApplicationContext
2018-12-22 13:20:15.984  INFO 11736 --- [ost-startStop-1] o.s.web.context.ContextLoader            : Root WebApplicationContext: initialization completed in 640 ms
2018-12-22 13:20:16.211  INFO 11736 --- [ost-startStop-1] o.s.b.w.servlet.FilterRegistrationBean   : Mapping filter: 'metricsFilter' to: [/*]
2018-12-22 13:20:16.211  INFO 11736 --- [ost-startStop-1] o.s.b.w.servlet.FilterRegistrationBean   : Mapping filter: 'characterEncodingFilter' to: [/*]
2018-12-22 13:20:16.211  INFO 11736 --- [ost-startStop-1] o.s.b.w.servlet.FilterRegistrationBean   : Mapping filter: 'hiddenHttpMethodFilter' to: [/*]
2018-12-22 13:20:16.211  INFO 11736 --- [ost-startStop-1] o.s.b.w.servlet.FilterRegistrationBean   : Mapping filter: 'httpPutFormContentFilter' to: [/*]
2018-12-22 13:20:16.211  INFO 11736 --- [ost-startStop-1] o.s.b.w.servlet.FilterRegistrationBean   : Mapping filter: 'requestContextFilter' to: [/*]
2018-12-22 13:20:16.211  INFO 11736 --- [ost-startStop-1] .s.DelegatingFilterProxyRegistrationBean : Mapping filter: 'springSecurityFilterChain' to: [/*]
2018-12-22 13:20:16.211  INFO 11736 --- [ost-startStop-1] o.s.b.w.servlet.FilterRegistrationBean   : Mapping filter: 'webRequestLoggingFilter' to: [/*]
2018-12-22 13:20:16.211  INFO 11736 --- [ost-startStop-1] o.s.b.w.servlet.FilterRegistrationBean   : Mapping filter: 'applicationContextIdFilter' to: [/*]
2018-12-22 13:20:16.211  INFO 11736 --- [ost-startStop-1] o.s.b.w.servlet.ServletRegistrationBean  : Mapping servlet: 'dispatcherServlet' to [/]
2018-12-22 13:20:16.226  INFO 11736 --- [           main] j.LocalContainerEntityManagerFactoryBean : Building JPA container EntityManagerFactory for persistence unit 'VogonPU'
2018-12-22 13:20:16.226  INFO 11736 --- [           main] o.hibernate.jpa.internal.util.LogHelper  : HHH000204: Processing PersistenceUnitInfo [
	name: VogonPU
	...]
2018-12-22 13:20:16.226  WARN 11736 --- [           main] org.hibernate.orm.connections.pooling    : HHH10001002: Using Hibernate built-in connection pool (not for production use!)
2018-12-22 13:20:16.226  INFO 11736 --- [           main] org.hibernate.orm.connections.pooling    : HHH10001005: using driver [org.h2.Driver] at URL [jdbc:h2:mem:test]
2018-12-22 13:20:16.226  INFO 11736 --- [           main] org.hibernate.orm.connections.pooling    : HHH10001001: Connection properties: {}
2018-12-22 13:20:16.226  INFO 11736 --- [           main] org.hibernate.orm.connections.pooling    : HHH10001003: Autocommit mode: false
2018-12-22 13:20:16.226  INFO 11736 --- [           main] .c.i.DriverManagerConnectionProviderImpl : HHH000115: Hibernate connection pool size: 20 (min=1)
2018-12-22 13:20:16.226  INFO 11736 --- [           main] org.hibernate.dialect.Dialect            : HHH000400: Using dialect: org.hibernate.dialect.H2Dialect
2018-12-22 13:20:16.258  INFO 11736 --- [           main] org.hibernate.orm.connections.access     : HHH10001501: Connection obtained from JdbcConnectionAccess [org.hibernate.engine.jdbc.env.internal.JdbcEnvironmentInitiator$ConnectionProviderJdbcConnectionAccess@615c5e54] for (non-JTA) DDL execution was not in auto-commit mode; the Connection 'local transaction' will be committed and the Connection will be set into auto-commit mode.
2018-12-22 13:20:16.258  INFO 11736 --- [           main] j.LocalContainerEntityManagerFactoryBean : Initialized JPA EntityManagerFactory for persistence unit 'VogonPU'
2018-12-22 13:20:16.570  INFO 11736 --- [           main] .s.o.p.e.FrameworkEndpointHandlerMapping : Mapped "{[/oauth/authorize]}" onto public org.springframework.web.servlet.ModelAndView org.springframework.security.oauth2.provider.endpoint.AuthorizationEndpoint.authorize(java.util.Map<java.lang.String, java.lang.Object>,java.util.Map<java.lang.String, java.lang.String>,org.springframework.web.bind.support.SessionStatus,java.security.Principal)
2018-12-22 13:20:16.570  INFO 11736 --- [           main] .s.o.p.e.FrameworkEndpointHandlerMapping : Mapped "{[/oauth/authorize],methods=[POST],params=[user_oauth_approval]}" onto public org.springframework.web.servlet.View org.springframework.security.oauth2.provider.endpoint.AuthorizationEndpoint.approveOrDeny(java.util.Map<java.lang.String, java.lang.String>,java.util.Map<java.lang.String, ?>,org.springframework.web.bind.support.SessionStatus,java.security.Principal)
2018-12-22 13:20:16.570  INFO 11736 --- [           main] .s.o.p.e.FrameworkEndpointHandlerMapping : Mapped "{[/oauth/token],methods=[GET]}" onto public org.springframework.http.ResponseEntity<org.springframework.security.oauth2.common.OAuth2AccessToken> org.springframework.security.oauth2.provider.endpoint.TokenEndpoint.getAccessToken(java.security.Principal,java.util.Map<java.lang.String, java.lang.String>) throws org.springframework.web.HttpRequestMethodNotSupportedException
2018-12-22 13:20:16.570  INFO 11736 --- [           main] .s.o.p.e.FrameworkEndpointHandlerMapping : Mapped "{[/oauth/token],methods=[POST]}" onto public org.springframework.http.ResponseEntity<org.springframework.security.oauth2.common.OAuth2AccessToken> org.springframework.security.oauth2.provider.endpoint.TokenEndpoint.postAccessToken(java.security.Principal,java.util.Map<java.lang.String, java.lang.String>) throws org.springframework.web.HttpRequestMethodNotSupportedException
2018-12-22 13:20:16.570  INFO 11736 --- [           main] .s.o.p.e.FrameworkEndpointHandlerMapping : Mapped "{[/oauth/check_token]}" onto public java.util.Map<java.lang.String, ?> org.springframework.security.oauth2.provider.endpoint.CheckTokenEndpoint.checkToken(java.lang.String)
2018-12-22 13:20:16.570  INFO 11736 --- [           main] .s.o.p.e.FrameworkEndpointHandlerMapping : Mapped "{[/oauth/confirm_access]}" onto public org.springframework.web.servlet.ModelAndView org.springframework.security.oauth2.provider.endpoint.WhitelabelApprovalEndpoint.getAccessConfirmation(java.util.Map<java.lang.String, java.lang.Object>,javax.servlet.http.HttpServletRequest) throws java.lang.Exception
2018-12-22 13:20:16.570  INFO 11736 --- [           main] .s.o.p.e.FrameworkEndpointHandlerMapping : Mapped "{[/oauth/error]}" onto public org.springframework.web.servlet.ModelAndView org.springframework.security.oauth2.provider.endpoint.WhitelabelErrorEndpoint.handleError(javax.servlet.http.HttpServletRequest)
2018-12-22 13:20:16.775  INFO 11736 --- [           main] o.s.s.web.DefaultSecurityFilterChain     : Creating filter chain: OrRequestMatcher [requestMatchers=[Ant [pattern='/oauth/token'], Ant [pattern='/oauth/token_key'], Ant [pattern='/oauth/check_token']]], [org.springframework.security.web.context.request.async.WebAsyncManagerIntegrationFilter@6e741d6b, org.springframework.security.web.context.SecurityContextPersistenceFilter@6b498644, org.springframework.security.web.header.HeaderWriterFilter@78302f86, org.springframework.security.web.authentication.logout.LogoutFilter@2bdd4505, org.springframework.security.oauth2.provider.client.ClientCredentialsTokenEndpointFilter@4ddcb466, org.springframework.security.web.authentication.www.BasicAuthenticationFilter@279fda90, org.springframework.security.web.savedrequest.RequestCacheAwareFilter@3b648811, org.springframework.security.web.servletapi.SecurityContextHolderAwareRequestFilter@42d1dce4, org.springframework.security.web.authentication.AnonymousAuthenticationFilter@287cfa1c, org.springframework.security.web.session.SessionManagementFilter@75039cdf, org.springframework.security.web.access.ExceptionTranslationFilter@b0b7ed2, org.springframework.security.web.access.intercept.FilterSecurityInterceptor@79477403]
2018-12-22 13:20:16.776  INFO 11736 --- [           main] o.s.s.web.DefaultSecurityFilterChain     : Creating filter chain: org.springframework.boot.actuate.autoconfigure.ManagementWebSecurityAutoConfiguration$LazyEndpointPathRequestMatcher@7b10a252, [org.springframework.security.web.context.request.async.WebAsyncManagerIntegrationFilter@6949927e, org.springframework.security.web.context.SecurityContextPersistenceFilter@65e68759, org.springframework.security.web.header.HeaderWriterFilter@29bad117, org.springframework.security.web.authentication.logout.LogoutFilter@469e2759, org.springframework.security.web.authentication.www.BasicAuthenticationFilter@6e0ba0eb, org.springframework.security.web.savedrequest.RequestCacheAwareFilter@3b953175, org.springframework.security.web.servletapi.SecurityContextHolderAwareRequestFilter@44586d79, org.springframework.security.web.authentication.AnonymousAuthenticationFilter@7cc2d6fd, org.springframework.security.web.session.SessionManagementFilter@29357e3d, org.springframework.security.web.access.ExceptionTranslationFilter@5351bf97, org.springframework.security.web.access.intercept.FilterSecurityInterceptor@1c612fed]
2018-12-22 13:20:16.778  INFO 11736 --- [           main] o.s.s.w.a.c.ChannelProcessingFilter      : Validated configuration attributes
2018-12-22 13:20:16.793  INFO 11736 --- [           main] o.s.s.web.DefaultSecurityFilterChain     : Creating filter chain: org.springframework.security.oauth2.config.annotation.web.configuration.ResourceServerConfiguration$NotOAuthRequestMatcher@755f1046, [org.springframework.security.web.access.channel.ChannelProcessingFilter@6c38a460, org.springframework.security.web.context.request.async.WebAsyncManagerIntegrationFilter@115b1fa1, org.springframework.security.web.context.SecurityContextPersistenceFilter@22b49355, org.springframework.security.web.header.HeaderWriterFilter@730ef, org.springframework.security.web.authentication.logout.LogoutFilter@20710f4f, org.springframework.security.oauth2.provider.authentication.OAuth2AuthenticationProcessingFilter@4b594020, org.springframework.security.web.savedrequest.RequestCacheAwareFilter@37db739c, org.springframework.security.web.servletapi.SecurityContextHolderAwareRequestFilter@e62bdc0, org.springframework.security.web.authentication.AnonymousAuthenticationFilter@49034e35, org.springframework.security.web.session.SessionManagementFilter@710be6cd, org.springframework.security.web.access.ExceptionTranslationFilter@61ce8691, org.springframework.security.web.access.intercept.FilterSecurityInterceptor@14f55411]
2018-12-22 13:20:16.856  INFO 11736 --- [           main] s.w.s.m.m.a.RequestMappingHandlerAdapter : Looking for @ControllerAdvice: org.springframework.boot.context.embedded.AnnotationConfigEmbeddedWebApplicationContext@69262db6: startup date [Sat Dec 22 13:20:15 IST 2018]; root of context hierarchy
2018-12-22 13:20:16.872  INFO 11736 --- [           main] s.w.s.m.m.a.RequestMappingHandlerMapping : Mapped "{[/service/accounts],methods=[GET],produces=[application/json]}" onto public java.util.Collection<org.zlogic.vogon.data.FinanceAccount> org.zlogic.vogon.web.controller.AccountsController.getAllAccounts(org.zlogic.vogon.web.security.VogonSecurityUser)
2018-12-22 13:20:16.872  INFO 11736 --- [           main] s.w.s.m.m.a.RequestMappingHandlerMapping : Mapped "{[/service/accounts],methods=[POST],produces=[application/json]}" onto public java.util.Collection<org.zlogic.vogon.data.FinanceAccount> org.zlogic.vogon.web.controller.AccountsController.updateAccounts(java.util.Collection<org.zlogic.vogon.data.FinanceAccount>,org.zlogic.vogon.web.security.VogonSecurityUser)
2018-12-22 13:20:16.872  INFO 11736 --- [           main] s.w.s.m.m.a.RequestMappingHandlerMapping : Mapped "{[/service/analytics/tags],methods=[GET],produces=[application/json]}" onto public java.util.Set<java.lang.String> org.zlogic.vogon.web.controller.AnalyticsController.getAllTags(org.zlogic.vogon.web.security.VogonSecurityUser)
2018-12-22 13:20:16.872  INFO 11736 --- [           main] s.w.s.m.m.a.RequestMappingHandlerMapping : Mapped "{[/service/analytics],methods=[POST],produces=[application/json]}" onto public java.util.Map<java.lang.String, org.zlogic.vogon.data.report.Report> org.zlogic.vogon.web.controller.AnalyticsController.getReport(org.zlogic.vogon.data.report.ReportFactory,org.zlogic.vogon.web.security.VogonSecurityUser)
2018-12-22 13:20:16.872  INFO 11736 --- [           main] s.w.s.m.m.a.RequestMappingHandlerMapping : Mapped "{[/service/currencies],methods=[GET],produces=[application/json]}" onto public java.util.Collection<org.zlogic.vogon.web.data.model.CurrencyDetails> org.zlogic.vogon.web.controller.CurrenciesController.getAllCurrencies()
2018-12-22 13:20:16.872  INFO 11736 --- [           main] s.w.s.m.m.a.RequestMappingHandlerMapping : Mapped "{[/service/export],methods=[GET || POST]}" onto public org.springframework.http.HttpEntity<byte[]> org.zlogic.vogon.web.controller.DataController.exportDataJSON(org.zlogic.vogon.web.security.VogonSecurityUser) throws java.lang.RuntimeException
2018-12-22 13:20:16.872  INFO 11736 --- [           main] s.w.s.m.m.a.RequestMappingHandlerMapping : Mapped "{[/service/import],methods=[POST],consumes=[multipart/form-data],produces=[application/json]}" onto public java.lang.Boolean org.zlogic.vogon.web.controller.DataController.importData(org.springframework.web.multipart.MultipartFile,org.zlogic.vogon.web.security.VogonSecurityUser) throws java.lang.RuntimeException
2018-12-22 13:20:16.872  INFO 11736 --- [           main] s.w.s.m.m.a.RequestMappingHandlerMapping : Mapped "{[/fragments/{fragment}.fragment]}" onto public org.springframework.web.servlet.ModelAndView org.zlogic.vogon.web.controller.JspController.fragmentModelAndView(java.lang.String)
2018-12-22 13:20:16.872  INFO 11736 --- [           main] s.w.s.m.m.a.RequestMappingHandlerMapping : Mapped "{[/]}" onto public org.springframework.web.servlet.ModelAndView org.zlogic.vogon.web.controller.JspController.indexModelAndView()
2018-12-22 13:20:16.872  INFO 11736 --- [           main] s.w.s.m.m.a.RequestMappingHandlerMapping : Mapped "{[/oauth/logout],methods=[POST]}" onto public void org.zlogic.vogon.web.controller.LogoutController.logout(org.springframework.security.oauth2.provider.OAuth2Authentication) throws org.zlogic.vogon.web.security.UsernameExistsException
2018-12-22 13:20:16.872  INFO 11736 --- [           main] s.w.s.m.m.a.RequestMappingHandlerMapping : Mapped "{[/register],methods=[POST],produces=[application/json]}" onto public org.zlogic.vogon.data.VogonUser org.zlogic.vogon.web.controller.RegistrationController.register(org.zlogic.vogon.data.VogonUser) throws org.zlogic.vogon.web.security.UsernameExistsException
2018-12-22 13:20:16.872  INFO 11736 --- [           main] s.w.s.m.m.a.RequestMappingHandlerMapping : Mapped "{[/service/transactions/transaction/{id}],methods=[GET],produces=[application/json]}" onto public org.zlogic.vogon.web.data.model.FinanceTransactionJson org.zlogic.vogon.web.controller.TransactionsController.getTransaction(long,org.zlogic.vogon.web.security.VogonSecurityUser)
2018-12-22 13:20:16.872  INFO 11736 --- [           main] s.w.s.m.m.a.RequestMappingHandlerMapping : Mapped "{[/service/transactions],methods=[GET],produces=[application/json]}" onto public java.util.Collection<org.zlogic.vogon.web.data.model.FinanceTransactionJson> org.zlogic.vogon.web.controller.TransactionsController.getTransactions(java.lang.Integer,org.zlogic.vogon.web.controller.TransactionsController$SortColumn,org.springframework.data.domain.Sort$Direction,java.lang.String,java.util.Date,java.util.Collection<java.lang.String>,org.zlogic.vogon.web.security.VogonSecurityUser)
2018-12-22 13:20:16.872  INFO 11736 --- [           main] s.w.s.m.m.a.RequestMappingHandlerMapping : Mapped "{[/service/transactions],methods=[POST],produces=[application/json]}" onto public org.zlogic.vogon.web.data.model.FinanceTransactionJson org.zlogic.vogon.web.controller.TransactionsController.submitTransaction(org.zlogic.vogon.web.data.model.FinanceTransactionJson,org.zlogic.vogon.web.security.VogonSecurityUser)
2018-12-22 13:20:16.872  INFO 11736 --- [           main] s.w.s.m.m.a.RequestMappingHandlerMapping : Mapped "{[/service/transactions/pages],methods=[GET],produces=[application/json]}" onto public long org.zlogic.vogon.web.controller.TransactionsController.getTransactionsCount(org.zlogic.vogon.web.security.VogonSecurityUser)
2018-12-22 13:20:16.872  INFO 11736 --- [           main] s.w.s.m.m.a.RequestMappingHandlerMapping : Mapped "{[/service/transactions/transaction/{id}],methods=[DELETE],produces=[application/json]}" onto public org.zlogic.vogon.web.data.model.FinanceTransactionJson org.zlogic.vogon.web.controller.TransactionsController.deleteTransaction(long,org.zlogic.vogon.web.security.VogonSecurityUser)
2018-12-22 13:20:16.872  INFO 11736 --- [           main] s.w.s.m.m.a.RequestMappingHandlerMapping : Mapped "{[/service/user],methods=[POST],produces=[application/json]}" onto public org.zlogic.vogon.data.VogonUser org.zlogic.vogon.web.controller.UsersController.submitUser(org.zlogic.vogon.data.VogonUser,org.zlogic.vogon.web.security.VogonSecurityUser) throws org.zlogic.vogon.web.security.UsernameExistsException
2018-12-22 13:20:16.872  INFO 11736 --- [           main] s.w.s.m.m.a.RequestMappingHandlerMapping : Mapped "{[/service/user],methods=[GET],produces=[application/json]}" onto public org.zlogic.vogon.data.VogonUser org.zlogic.vogon.web.controller.UsersController.getUserData(org.zlogic.vogon.web.security.VogonSecurityUser)
2018-12-22 13:20:16.887  INFO 11736 --- [           main] s.w.s.m.m.a.RequestMappingHandlerMapping : Mapped "{[/error]}" onto public org.springframework.http.ResponseEntity<java.util.Map<java.lang.String, java.lang.Object>> org.springframework.boot.autoconfigure.web.BasicErrorController.error(javax.servlet.http.HttpServletRequest)
2018-12-22 13:20:16.887  INFO 11736 --- [           main] s.w.s.m.m.a.RequestMappingHandlerMapping : Mapped "{[/error],produces=[text/html]}" onto public org.springframework.web.servlet.ModelAndView org.springframework.boot.autoconfigure.web.BasicErrorController.errorHtml(javax.servlet.http.HttpServletRequest,javax.servlet.http.HttpServletResponse)
2018-12-22 13:20:16.908  INFO 11736 --- [           main] o.s.w.s.handler.SimpleUrlHandlerMapping  : Root mapping to handler of type [class org.springframework.web.servlet.mvc.ParameterizableViewController]
2018-12-22 13:20:17.080  INFO 11736 --- [           main] o.s.w.s.handler.SimpleUrlHandlerMapping  : Mapped URL path [/webjars/**] onto handler of type [class org.springframework.web.servlet.resource.ResourceHttpRequestHandler]
2018-12-22 13:20:17.080  INFO 11736 --- [           main] o.s.w.s.handler.SimpleUrlHandlerMapping  : Mapped URL path [/**] onto handler of type [class org.springframework.web.servlet.resource.ResourceHttpRequestHandler]
2018-12-22 13:20:17.080  INFO 11736 --- [           main] o.s.w.s.handler.SimpleUrlHandlerMapping  : Mapped URL path [/**] onto handler of type [class org.springframework.web.servlet.resource.DefaultServletHttpRequestHandler]
2018-12-22 13:20:17.096  INFO 11736 --- [           main] o.s.w.s.handler.SimpleUrlHandlerMapping  : Mapped URL path [/**/favicon.ico] onto handler of type [class org.springframework.web.servlet.resource.ResourceHttpRequestHandler]
2018-12-22 13:20:17.283  INFO 11736 --- [           main] o.s.b.a.e.mvc.EndpointHandlerMapping     : Mapped "{[/auditevents || /auditevents.json],methods=[GET],produces=[application/vnd.spring-boot.actuator.v1+json || application/json]}" onto public org.springframework.http.ResponseEntity<?> org.springframework.boot.actuate.endpoint.mvc.AuditEventsMvcEndpoint.findByPrincipalAndAfterAndType(java.lang.String,java.util.Date,java.lang.String)
2018-12-22 13:20:17.283  INFO 11736 --- [           main] o.s.b.a.e.mvc.EndpointHandlerMapping     : Mapped "{[/dump || /dump.json],methods=[GET],produces=[application/vnd.spring-boot.actuator.v1+json || application/json]}" onto public java.lang.Object org.springframework.boot.actuate.endpoint.mvc.EndpointMvcAdapter.invoke()
2018-12-22 13:20:17.283  INFO 11736 --- [           main] o.s.b.a.e.mvc.EndpointHandlerMapping     : Mapped "{[/loggers/{name:.*}],methods=[GET],produces=[application/vnd.spring-boot.actuator.v1+json || application/json]}" onto public java.lang.Object org.springframework.boot.actuate.endpoint.mvc.LoggersMvcEndpoint.get(java.lang.String)
2018-12-22 13:20:17.283  INFO 11736 --- [           main] o.s.b.a.e.mvc.EndpointHandlerMapping     : Mapped "{[/loggers/{name:.*}],methods=[POST],consumes=[application/vnd.spring-boot.actuator.v1+json || application/json],produces=[application/vnd.spring-boot.actuator.v1+json || application/json]}" onto public java.lang.Object org.springframework.boot.actuate.endpoint.mvc.LoggersMvcEndpoint.set(java.lang.String,java.util.Map<java.lang.String, java.lang.String>)
2018-12-22 13:20:17.283  INFO 11736 --- [           main] o.s.b.a.e.mvc.EndpointHandlerMapping     : Mapped "{[/loggers || /loggers.json],methods=[GET],produces=[application/vnd.spring-boot.actuator.v1+json || application/json]}" onto public java.lang.Object org.springframework.boot.actuate.endpoint.mvc.EndpointMvcAdapter.invoke()
2018-12-22 13:20:17.283  INFO 11736 --- [           main] o.s.b.a.e.mvc.EndpointHandlerMapping     : Mapped "{[/metrics/{name:.*}],methods=[GET],produces=[application/vnd.spring-boot.actuator.v1+json || application/json]}" onto public java.lang.Object org.springframework.boot.actuate.endpoint.mvc.MetricsMvcEndpoint.value(java.lang.String)
2018-12-22 13:20:17.283  INFO 11736 --- [           main] o.s.b.a.e.mvc.EndpointHandlerMapping     : Mapped "{[/metrics || /metrics.json],methods=[GET],produces=[application/vnd.spring-boot.actuator.v1+json || application/json]}" onto public java.lang.Object org.springframework.boot.actuate.endpoint.mvc.EndpointMvcAdapter.invoke()
2018-12-22 13:20:17.283  INFO 11736 --- [           main] o.s.b.a.e.mvc.EndpointHandlerMapping     : Mapped "{[/autoconfig || /autoconfig.json],methods=[GET],produces=[application/vnd.spring-boot.actuator.v1+json || application/json]}" onto public java.lang.Object org.springframework.boot.actuate.endpoint.mvc.EndpointMvcAdapter.invoke()
2018-12-22 13:20:17.283  INFO 11736 --- [           main] o.s.b.a.e.mvc.EndpointHandlerMapping     : Mapped "{[/beans || /beans.json],methods=[GET],produces=[application/vnd.spring-boot.actuator.v1+json || application/json]}" onto public java.lang.Object org.springframework.boot.actuate.endpoint.mvc.EndpointMvcAdapter.invoke()
2018-12-22 13:20:17.283  INFO 11736 --- [           main] o.s.b.a.e.mvc.EndpointHandlerMapping     : Mapped "{[/info || /info.json],methods=[GET],produces=[application/vnd.spring-boot.actuator.v1+json || application/json]}" onto public java.lang.Object org.springframework.boot.actuate.endpoint.mvc.EndpointMvcAdapter.invoke()
2018-12-22 13:20:17.283  INFO 11736 --- [           main] o.s.b.a.e.mvc.EndpointHandlerMapping     : Mapped "{[/health || /health.json],methods=[GET],produces=[application/vnd.spring-boot.actuator.v1+json || application/json]}" onto public java.lang.Object org.springframework.boot.actuate.endpoint.mvc.HealthMvcEndpoint.invoke(javax.servlet.http.HttpServletRequest,java.security.Principal)
2018-12-22 13:20:17.283  INFO 11736 --- [           main] o.s.b.a.e.mvc.EndpointHandlerMapping     : Mapped "{[/env/{name:.*}],methods=[GET],produces=[application/vnd.spring-boot.actuator.v1+json || application/json]}" onto public java.lang.Object org.springframework.boot.actuate.endpoint.mvc.EnvironmentMvcEndpoint.value(java.lang.String)
2018-12-22 13:20:17.283  INFO 11736 --- [           main] o.s.b.a.e.mvc.EndpointHandlerMapping     : Mapped "{[/env || /env.json],methods=[GET],produces=[application/vnd.spring-boot.actuator.v1+json || application/json]}" onto public java.lang.Object org.springframework.boot.actuate.endpoint.mvc.EndpointMvcAdapter.invoke()
2018-12-22 13:20:17.283  INFO 11736 --- [           main] o.s.b.a.e.mvc.EndpointHandlerMapping     : Mapped "{[/trace || /trace.json],methods=[GET],produces=[application/vnd.spring-boot.actuator.v1+json || application/json]}" onto public java.lang.Object org.springframework.boot.actuate.endpoint.mvc.EndpointMvcAdapter.invoke()
2018-12-22 13:20:17.283  INFO 11736 --- [           main] o.s.b.a.e.mvc.EndpointHandlerMapping     : Mapped "{[/heapdump || /heapdump.json],methods=[GET],produces=[application/octet-stream]}" onto public void org.springframework.boot.actuate.endpoint.mvc.HeapdumpMvcEndpoint.invoke(boolean,javax.servlet.http.HttpServletRequest,javax.servlet.http.HttpServletResponse) throws java.io.IOException,javax.servlet.ServletException
2018-12-22 13:20:17.283  INFO 11736 --- [           main] o.s.b.a.e.mvc.EndpointHandlerMapping     : Mapped "{[/mappings || /mappings.json],methods=[GET],produces=[application/vnd.spring-boot.actuator.v1+json || application/json]}" onto public java.lang.Object org.springframework.boot.actuate.endpoint.mvc.EndpointMvcAdapter.invoke()
2018-12-22 13:20:17.283  INFO 11736 --- [           main] o.s.b.a.e.mvc.EndpointHandlerMapping     : Mapped "{[/configprops || /configprops.json],methods=[GET],produces=[application/vnd.spring-boot.actuator.v1+json || application/json]}" onto public java.lang.Object org.springframework.boot.actuate.endpoint.mvc.EndpointMvcAdapter.invoke()
2018-12-22 13:20:17.377 ERROR 11736 --- [           main] o.a.coyote.http11.Http11NioProtocol      : Failed to start end point associated with ProtocolHandler ["http-nio-8080"]

java.net.BindException: Address already in use: bind
	at sun.nio.ch.Net.bind0(Native Method) ~[na:1.8.0_191]
	at sun.nio.ch.Net.bind(Net.java:433) ~[na:1.8.0_191]
	at sun.nio.ch.Net.bind(Net.java:425) ~[na:1.8.0_191]
	at sun.nio.ch.ServerSocketChannelImpl.bind(ServerSocketChannelImpl.java:223) ~[na:1.8.0_191]
	at sun.nio.ch.ServerSocketAdaptor.bind(ServerSocketAdaptor.java:74) ~[na:1.8.0_191]
	at org.apache.tomcat.util.net.NioEndpoint.bind(NioEndpoint.java:210) ~[tomcat-embed-core-8.5.14.jar:8.5.14]
	at org.apache.tomcat.util.net.AbstractEndpoint.start(AbstractEndpoint.java:978) ~[tomcat-embed-core-8.5.14.jar:8.5.14]
	at org.apache.coyote.AbstractProtocol.start(AbstractProtocol.java:628) ~[tomcat-embed-core-8.5.14.jar:8.5.14]
	at org.apache.catalina.connector.Connector.startInternal(Connector.java:993) [tomcat-embed-core-8.5.14.jar:8.5.14]
	at org.apache.catalina.util.LifecycleBase.start(LifecycleBase.java:150) [tomcat-embed-core-8.5.14.jar:8.5.14]
	at org.apache.catalina.core.StandardService.addConnector(StandardService.java:225) [tomcat-embed-core-8.5.14.jar:8.5.14]
	at org.springframework.boot.context.embedded.tomcat.TomcatEmbeddedServletContainer.addPreviouslyRemovedConnectors(TomcatEmbeddedServletContainer.java:247) [spring-boot-1.5.3.RELEASE.jar:1.5.3.RELEASE]
	at org.springframework.boot.context.embedded.tomcat.TomcatEmbeddedServletContainer.start(TomcatEmbeddedServletContainer.java:190) [spring-boot-1.5.3.RELEASE.jar:1.5.3.RELEASE]
	at org.springframework.boot.context.embedded.EmbeddedWebApplicationContext.startEmbeddedServletContainer(EmbeddedWebApplicationContext.java:297) [spring-boot-1.5.3.RELEASE.jar:1.5.3.RELEASE]
	at org.springframework.boot.context.embedded.EmbeddedWebApplicationContext.finishRefresh(EmbeddedWebApplicationContext.java:145) [spring-boot-1.5.3.RELEASE.jar:1.5.3.RELEASE]
	at org.springframework.context.support.AbstractApplicationContext.refresh(AbstractApplicationContext.java:545) [spring-context-4.3.8.RELEASE.jar:4.3.8.RELEASE]
	at org.springframework.boot.context.embedded.EmbeddedWebApplicationContext.refresh(EmbeddedWebApplicationContext.java:122) [spring-boot-1.5.3.RELEASE.jar:1.5.3.RELEASE]
	at org.springframework.boot.SpringApplication.refresh(SpringApplication.java:737) [spring-boot-1.5.3.RELEASE.jar:1.5.3.RELEASE]
	at org.springframework.boot.SpringApplication.refreshContext(SpringApplication.java:370) [spring-boot-1.5.3.RELEASE.jar:1.5.3.RELEASE]
	at org.springframework.boot.SpringApplication.run(SpringApplication.java:314) [spring-boot-1.5.3.RELEASE.jar:1.5.3.RELEASE]
	at org.springframework.boot.test.context.SpringBootContextLoader.loadContext(SpringBootContextLoader.java:120) [spring-boot-test-1.5.3.RELEASE.jar:1.5.3.RELEASE]
	at org.springframework.test.context.cache.DefaultCacheAwareContextLoaderDelegate.loadContextInternal(DefaultCacheAwareContextLoaderDelegate.java:98) [spring-test-4.3.8.RELEASE.jar:4.3.8.RELEASE]
	at org.springframework.test.context.cache.DefaultCacheAwareContextLoaderDelegate.loadContext(DefaultCacheAwareContextLoaderDelegate.java:116) [spring-test-4.3.8.RELEASE.jar:4.3.8.RELEASE]
	at org.springframework.test.context.support.DefaultTestContext.getApplicationContext(DefaultTestContext.java:83) [spring-test-4.3.8.RELEASE.jar:4.3.8.RELEASE]
	at org.springframework.test.context.support.DependencyInjectionTestExecutionListener.injectDependencies(DependencyInjectionTestExecutionListener.java:117) [spring-test-4.3.8.RELEASE.jar:4.3.8.RELEASE]
	at org.springframework.test.context.support.DependencyInjectionTestExecutionListener.prepareTestInstance(DependencyInjectionTestExecutionListener.java:83) [spring-test-4.3.8.RELEASE.jar:4.3.8.RELEASE]
	at org.springframework.boot.test.autoconfigure.SpringBootDependencyInjectionTestExecutionListener.prepareTestInstance(SpringBootDependencyInjectionTestExecutionListener.java:44) [spring-boot-test-autoconfigure-1.5.3.RELEASE.jar:1.5.3.RELEASE]
	at org.springframework.test.context.TestContextManager.prepareTestInstance(TestContextManager.java:230) [spring-test-4.3.8.RELEASE.jar:4.3.8.RELEASE]
	at org.springframework.test.context.junit4.SpringJUnit4ClassRunner.createTest(SpringJUnit4ClassRunner.java:228) [spring-test-4.3.8.RELEASE.jar:4.3.8.RELEASE]
	at org.springframework.test.context.junit4.SpringJUnit4ClassRunner$1.runReflectiveCall(SpringJUnit4ClassRunner.java:287) [spring-test-4.3.8.RELEASE.jar:4.3.8.RELEASE]
	at org.junit.internal.runners.model.ReflectiveCallable.run(ReflectiveCallable.java:12) [junit-4.12.jar:4.12]
	at org.springframework.test.context.junit4.SpringJUnit4ClassRunner.methodBlock(SpringJUnit4ClassRunner.java:289) [spring-test-4.3.8.RELEASE.jar:4.3.8.RELEASE]
	at org.springframework.test.context.junit4.SpringJUnit4ClassRunner.runChild(SpringJUnit4ClassRunner.java:247) [spring-test-4.3.8.RELEASE.jar:4.3.8.RELEASE]
	at org.springframework.test.context.junit4.SpringJUnit4ClassRunner.runChild(SpringJUnit4ClassRunner.java:94) [spring-test-4.3.8.RELEASE.jar:4.3.8.RELEASE]
	at org.junit.runners.ParentRunner$3.run(ParentRunner.java:290) [junit-4.12.jar:4.12]
	at org.junit.runners.ParentRunner$1.schedule(ParentRunner.java:71) [junit-4.12.jar:4.12]
	at org.junit.runners.ParentRunner.runChildren(ParentRunner.java:288) [junit-4.12.jar:4.12]
	at org.junit.runners.ParentRunner.access$000(ParentRunner.java:58) [junit-4.12.jar:4.12]
	at org.junit.runners.ParentRunner$2.evaluate(ParentRunner.java:268) [junit-4.12.jar:4.12]
	at org.springframework.test.context.junit4.statements.RunBeforeTestClassCallbacks.evaluate(RunBeforeTestClassCallbacks.java:61) [spring-test-4.3.8.RELEASE.jar:4.3.8.RELEASE]
	at org.springframework.test.context.junit4.statements.RunAfterTestClassCallbacks.evaluate(RunAfterTestClassCallbacks.java:70) [spring-test-4.3.8.RELEASE.jar:4.3.8.RELEASE]
	at org.junit.runners.ParentRunner.run(ParentRunner.java:363) [junit-4.12.jar:4.12]
	at org.springframework.test.context.junit4.SpringJUnit4ClassRunner.run(SpringJUnit4ClassRunner.java:191) [spring-test-4.3.8.RELEASE.jar:4.3.8.RELEASE]
	at org.apache.maven.surefire.junit4.JUnit4Provider.execute(JUnit4Provider.java:365) [surefire-junit4-2.20.jar:2.20]
	at org.apache.maven.surefire.junit4.JUnit4Provider.executeWithRerun(JUnit4Provider.java:272) [surefire-junit4-2.20.jar:2.20]
	at org.apache.maven.surefire.junit4.JUnit4Provider.executeTestSet(JUnit4Provider.java:236) [surefire-junit4-2.20.jar:2.20]
	at org.apache.maven.surefire.junit4.JUnit4Provider.invoke(JUnit4Provider.java:159) [surefire-junit4-2.20.jar:2.20]
	at org.apache.maven.surefire.booter.ForkedBooter.invokeProviderInSameClassLoader(ForkedBooter.java:386) [surefire-booter-2.20.jar:2.20]
	at org.apache.maven.surefire.booter.ForkedBooter.runSuitesInProcess(ForkedBooter.java:323) [surefire-booter-2.20.jar:2.20]
	at org.apache.maven.surefire.booter.ForkedBooter.main(ForkedBooter.java:143) [surefire-booter-2.20.jar:2.20]

2018-12-22 13:20:17.377 ERROR 11736 --- [           main] o.apache.catalina.core.StandardService   : Failed to start connector [Connector[HTTP/1.1-8080]]

org.apache.catalina.LifecycleException: Failed to start component [Connector[HTTP/1.1-8080]]
	at org.apache.catalina.util.LifecycleBase.start(LifecycleBase.java:167) ~[tomcat-embed-core-8.5.14.jar:8.5.14]
	at org.apache.catalina.core.StandardService.addConnector(StandardService.java:225) ~[tomcat-embed-core-8.5.14.jar:8.5.14]
	at org.springframework.boot.context.embedded.tomcat.TomcatEmbeddedServletContainer.addPreviouslyRemovedConnectors(TomcatEmbeddedServletContainer.java:247) [spring-boot-1.5.3.RELEASE.jar:1.5.3.RELEASE]
	at org.springframework.boot.context.embedded.tomcat.TomcatEmbeddedServletContainer.start(TomcatEmbeddedServletContainer.java:190) [spring-boot-1.5.3.RELEASE.jar:1.5.3.RELEASE]
	at org.springframework.boot.context.embedded.EmbeddedWebApplicationContext.startEmbeddedServletContainer(EmbeddedWebApplicationContext.java:297) [spring-boot-1.5.3.RELEASE.jar:1.5.3.RELEASE]
	at org.springframework.boot.context.embedded.EmbeddedWebApplicationContext.finishRefresh(EmbeddedWebApplicationContext.java:145) [spring-boot-1.5.3.RELEASE.jar:1.5.3.RELEASE]
	at org.springframework.context.support.AbstractApplicationContext.refresh(AbstractApplicationContext.java:545) [spring-context-4.3.8.RELEASE.jar:4.3.8.RELEASE]
	at org.springframework.boot.context.embedded.EmbeddedWebApplicationContext.refresh(EmbeddedWebApplicationContext.java:122) [spring-boot-1.5.3.RELEASE.jar:1.5.3.RELEASE]
	at org.springframework.boot.SpringApplication.refresh(SpringApplication.java:737) [spring-boot-1.5.3.RELEASE.jar:1.5.3.RELEASE]
	at org.springframework.boot.SpringApplication.refreshContext(SpringApplication.java:370) [spring-boot-1.5.3.RELEASE.jar:1.5.3.RELEASE]
	at org.springframework.boot.SpringApplication.run(SpringApplication.java:314) [spring-boot-1.5.3.RELEASE.jar:1.5.3.RELEASE]
	at org.springframework.boot.test.context.SpringBootContextLoader.loadContext(SpringBootContextLoader.java:120) [spring-boot-test-1.5.3.RELEASE.jar:1.5.3.RELEASE]
	at org.springframework.test.context.cache.DefaultCacheAwareContextLoaderDelegate.loadContextInternal(DefaultCacheAwareContextLoaderDelegate.java:98) [spring-test-4.3.8.RELEASE.jar:4.3.8.RELEASE]
	at org.springframework.test.context.cache.DefaultCacheAwareContextLoaderDelegate.loadContext(DefaultCacheAwareContextLoaderDelegate.java:116) [spring-test-4.3.8.RELEASE.jar:4.3.8.RELEASE]
	at org.springframework.test.context.support.DefaultTestContext.getApplicationContext(DefaultTestContext.java:83) [spring-test-4.3.8.RELEASE.jar:4.3.8.RELEASE]
	at org.springframework.test.context.support.DependencyInjectionTestExecutionListener.injectDependencies(DependencyInjectionTestExecutionListener.java:117) [spring-test-4.3.8.RELEASE.jar:4.3.8.RELEASE]
	at org.springframework.test.context.support.DependencyInjectionTestExecutionListener.prepareTestInstance(DependencyInjectionTestExecutionListener.java:83) [spring-test-4.3.8.RELEASE.jar:4.3.8.RELEASE]
	at org.springframework.boot.test.autoconfigure.SpringBootDependencyInjectionTestExecutionListener.prepareTestInstance(SpringBootDependencyInjectionTestExecutionListener.java:44) [spring-boot-test-autoconfigure-1.5.3.RELEASE.jar:1.5.3.RELEASE]
	at org.springframework.test.context.TestContextManager.prepareTestInstance(TestContextManager.java:230) [spring-test-4.3.8.RELEASE.jar:4.3.8.RELEASE]
	at org.springframework.test.context.junit4.SpringJUnit4ClassRunner.createTest(SpringJUnit4ClassRunner.java:228) [spring-test-4.3.8.RELEASE.jar:4.3.8.RELEASE]
	at org.springframework.test.context.junit4.SpringJUnit4ClassRunner$1.runReflectiveCall(SpringJUnit4ClassRunner.java:287) [spring-test-4.3.8.RELEASE.jar:4.3.8.RELEASE]
	at org.junit.internal.runners.model.ReflectiveCallable.run(ReflectiveCallable.java:12) [junit-4.12.jar:4.12]
	at org.springframework.test.context.junit4.SpringJUnit4ClassRunner.methodBlock(SpringJUnit4ClassRunner.java:289) [spring-test-4.3.8.RELEASE.jar:4.3.8.RELEASE]
	at org.springframework.test.context.junit4.SpringJUnit4ClassRunner.runChild(SpringJUnit4ClassRunner.java:247) [spring-test-4.3.8.RELEASE.jar:4.3.8.RELEASE]
	at org.springframework.test.context.junit4.SpringJUnit4ClassRunner.runChild(SpringJUnit4ClassRunner.java:94) [spring-test-4.3.8.RELEASE.jar:4.3.8.RELEASE]
	at org.junit.runners.ParentRunner$3.run(ParentRunner.java:290) [junit-4.12.jar:4.12]
	at org.junit.runners.ParentRunner$1.schedule(ParentRunner.java:71) [junit-4.12.jar:4.12]
	at org.junit.runners.ParentRunner.runChildren(ParentRunner.java:288) [junit-4.12.jar:4.12]
	at org.junit.runners.ParentRunner.access$000(ParentRunner.java:58) [junit-4.12.jar:4.12]
	at org.junit.runners.ParentRunner$2.evaluate(ParentRunner.java:268) [junit-4.12.jar:4.12]
	at org.springframework.test.context.junit4.statements.RunBeforeTestClassCallbacks.evaluate(RunBeforeTestClassCallbacks.java:61) [spring-test-4.3.8.RELEASE.jar:4.3.8.RELEASE]
	at org.springframework.test.context.junit4.statements.RunAfterTestClassCallbacks.evaluate(RunAfterTestClassCallbacks.java:70) [spring-test-4.3.8.RELEASE.jar:4.3.8.RELEASE]
	at org.junit.runners.ParentRunner.run(ParentRunner.java:363) [junit-4.12.jar:4.12]
	at org.springframework.test.context.junit4.SpringJUnit4ClassRunner.run(SpringJUnit4ClassRunner.java:191) [spring-test-4.3.8.RELEASE.jar:4.3.8.RELEASE]
	at org.apache.maven.surefire.junit4.JUnit4Provider.execute(JUnit4Provider.java:365) [surefire-junit4-2.20.jar:2.20]
	at org.apache.maven.surefire.junit4.JUnit4Provider.executeWithRerun(JUnit4Provider.java:272) [surefire-junit4-2.20.jar:2.20]
	at org.apache.maven.surefire.junit4.JUnit4Provider.executeTestSet(JUnit4Provider.java:236) [surefire-junit4-2.20.jar:2.20]
	at org.apache.maven.surefire.junit4.JUnit4Provider.invoke(JUnit4Provider.java:159) [surefire-junit4-2.20.jar:2.20]
	at org.apache.maven.surefire.booter.ForkedBooter.invokeProviderInSameClassLoader(ForkedBooter.java:386) [surefire-booter-2.20.jar:2.20]
	at org.apache.maven.surefire.booter.ForkedBooter.runSuitesInProcess(ForkedBooter.java:323) [surefire-booter-2.20.jar:2.20]
	at org.apache.maven.surefire.booter.ForkedBooter.main(ForkedBooter.java:143) [surefire-booter-2.20.jar:2.20]
Caused by: org.apache.catalina.LifecycleException: service.getName(): "Tomcat";  Protocol handler start failed
	at org.apache.catalina.connector.Connector.startInternal(Connector.java:1000) ~[tomcat-embed-core-8.5.14.jar:8.5.14]
	at org.apache.catalina.util.LifecycleBase.start(LifecycleBase.java:150) ~[tomcat-embed-core-8.5.14.jar:8.5.14]
	... 40 common frames omitted
Caused by: java.net.BindException: Address already in use: bind
	at sun.nio.ch.Net.bind0(Native Method) ~[na:1.8.0_191]
	at sun.nio.ch.Net.bind(Net.java:433) ~[na:1.8.0_191]
	at sun.nio.ch.Net.bind(Net.java:425) ~[na:1.8.0_191]
	at sun.nio.ch.ServerSocketChannelImpl.bind(ServerSocketChannelImpl.java:223) ~[na:1.8.0_191]
	at sun.nio.ch.ServerSocketAdaptor.bind(ServerSocketAdaptor.java:74) ~[na:1.8.0_191]
	at org.apache.tomcat.util.net.NioEndpoint.bind(NioEndpoint.java:210) ~[tomcat-embed-core-8.5.14.jar:8.5.14]
	at org.apache.tomcat.util.net.AbstractEndpoint.start(AbstractEndpoint.java:978) ~[tomcat-embed-core-8.5.14.jar:8.5.14]
	at org.apache.coyote.AbstractProtocol.start(AbstractProtocol.java:628) ~[tomcat-embed-core-8.5.14.jar:8.5.14]
	at org.apache.catalina.connector.Connector.startInternal(Connector.java:993) ~[tomcat-embed-core-8.5.14.jar:8.5.14]
	... 41 common frames omitted

2018-12-22 13:20:17.393  INFO 11736 --- [           main] o.apache.catalina.core.StandardService   : Stopping service Tomcat
2018-12-22 13:20:17.408  INFO 11736 --- [           main] utoConfigurationReportLoggingInitializer : 

Error starting ApplicationContext. To display the auto-configuration report re-run your application with 'debug' enabled.
2018-12-22 13:20:17.408 ERROR 11736 --- [           main] o.s.b.d.LoggingFailureAnalysisReporter   : 

***************************
APPLICATION FAILED TO START
***************************

Description:

The Tomcat connector configured to listen on port 8080 failed to start. The port may already be in use or the connector may be misconfigured.

Action:

Verify the connector's configuration, identify and stop any process that's listening on port 8080, or configure this application to listen on another port.

2018-12-22 13:20:17.408  INFO 11736 --- [           main] ationConfigEmbeddedWebApplicationContext : Closing org.springframework.boot.context.embedded.AnnotationConfigEmbeddedWebApplicationContext@69262db6: startup date [Sat Dec 22 13:20:15 IST 2018]; root of context hierarchy
2018-12-22 13:20:17.408  INFO 11736 --- [           main] o.z.vogon.web.PersistenceConfiguration   : Unloading JDBC drivers
2018-12-22 13:20:17.408  INFO 11736 --- [           main] j.LocalContainerEntityManagerFactoryBean : Closing JPA EntityManagerFactory for persistence unit 'VogonPU'
2018-12-22 13:20:17.408  INFO 11736 --- [           main] org.hibernate.orm.connections.pooling    : HHH10001008: Cleaning up connection pool [jdbc:h2:mem:test]

  .   ____          _            __ _ _
 /\\ / ___'_ __ _ _(_)_ __  __ _ \ \ \ \
( ( )\___ | '_ | '_| | '_ \/ _` | \ \ \ \
 \\/  ___)| |_)| | | | | || (_| |  ) ) ) )
  '  |____| .__|_| |_|_| |_\__, | / / / /
 =========|_|==============|___/=/_/_/_/
 :: Spring Boot ::        (v1.5.3.RELEASE)

2018-12-22 13:20:17.440  INFO 11736 --- [           main] org.zlogic.vogon.web.AuthenticationTest  : Starting AuthenticationTest on GOPAL with PID 11736 (started by GOPAL$ in C:\Program Files (x86)\Jenkins\workspace\Maven_project\vogon-web)
2018-12-22 13:20:17.440  INFO 11736 --- [           main] org.zlogic.vogon.web.AuthenticationTest  : No active profile set, falling back to default profiles: default
2018-12-22 13:20:17.440  INFO 11736 --- [           main] ationConfigEmbeddedWebApplicationContext : Refreshing org.springframework.boot.context.embedded.AnnotationConfigEmbeddedWebApplicationContext@fb70d7b: startup date [Sat Dec 22 13:20:17 IST 2018]; root of context hierarchy
2018-12-22 13:20:17.721  INFO 11736 --- [           main] o.s.b.f.s.DefaultListableBeanFactory     : Overriding bean definition for bean 'entityManagerFactory' with a different definition: replacing [Root bean: class [null]; scope=; abstract=false; lazyInit=false; autowireMode=3; dependencyCheck=0; autowireCandidate=true; primary=false; factoryBeanName=persistenceConfiguration; factoryMethodName=entityManagerFactory; initMethodName=null; destroyMethodName=(inferred); defined in class path resource [org/zlogic/vogon/web/PersistenceConfiguration.class]] with [Root bean: class [null]; scope=; abstract=false; lazyInit=false; autowireMode=3; dependencyCheck=0; autowireCandidate=true; primary=false; factoryBeanName=databaseConfiguration; factoryMethodName=entityManagerFactory; initMethodName=null; destroyMethodName=(inferred); defined in org.zlogic.vogon.web.DatabaseConfiguration]
2018-12-22 13:20:17.846  INFO 11736 --- [           main] trationDelegate$BeanPostProcessorChecker : Bean 'org.springframework.security.config.annotation.configuration.ObjectPostProcessorConfiguration' of type [org.springframework.security.config.annotation.configuration.ObjectPostProcessorConfiguration$$EnhancerBySpringCGLIB$$be8c3acc] is not eligible for getting processed by all BeanPostProcessors (for example: not eligible for auto-proxying)
2018-12-22 13:20:17.846  INFO 11736 --- [           main] trationDelegate$BeanPostProcessorChecker : Bean 'objectPostProcessor' of type [org.springframework.security.config.annotation.configuration.AutowireBeanFactoryObjectPostProcessor] is not eligible for getting processed by all BeanPostProcessors (for example: not eligible for auto-proxying)
2018-12-22 13:20:17.846  INFO 11736 --- [           main] trationDelegate$BeanPostProcessorChecker : Bean 'org.springframework.security.access.expression.method.DefaultMethodSecurityExpressionHandler@757ceefd' of type [org.springframework.security.oauth2.provider.expression.OAuth2MethodSecurityExpressionHandler] is not eligible for getting processed by all BeanPostProcessors (for example: not eligible for auto-proxying)
2018-12-22 13:20:17.861  INFO 11736 --- [           main] trationDelegate$BeanPostProcessorChecker : Bean 'org.springframework.security.config.annotation.method.configuration.GlobalMethodSecurityConfiguration' of type [org.springframework.security.config.annotation.method.configuration.GlobalMethodSecurityConfiguration$$EnhancerBySpringCGLIB$$e360dd7e] is not eligible for getting processed by all BeanPostProcessors (for example: not eligible for auto-proxying)
2018-12-22 13:20:17.861  INFO 11736 --- [           main] trationDelegate$BeanPostProcessorChecker : Bean 'methodSecurityMetadataSource' of type [org.springframework.security.access.method.DelegatingMethodSecurityMetadataSource] is not eligible for getting processed by all BeanPostProcessors (for example: not eligible for auto-proxying)
2018-12-22 13:20:17.861  INFO 11736 --- [           main] trationDelegate$BeanPostProcessorChecker : Bean 'org.springframework.transaction.annotation.ProxyTransactionManagementConfiguration' of type [org.springframework.transaction.annotation.ProxyTransactionManagementConfiguration$$EnhancerBySpringCGLIB$$25de7292] is not eligible for getting processed by all BeanPostProcessors (for example: not eligible for auto-proxying)
2018-12-22 13:20:17.877  INFO 11736 --- [           main] trationDelegate$BeanPostProcessorChecker : Bean 'security.oauth2.client-org.springframework.boot.autoconfigure.security.oauth2.OAuth2ClientProperties' of type [org.springframework.boot.autoconfigure.security.oauth2.OAuth2ClientProperties] is not eligible for getting processed by all BeanPostProcessors (for example: not eligible for auto-proxying)
2018-12-22 13:20:17.877  INFO 11736 --- [           main] trationDelegate$BeanPostProcessorChecker : Bean 'org.springframework.boot.autoconfigure.security.oauth2.OAuth2AutoConfiguration' of type [org.springframework.boot.autoconfigure.security.oauth2.OAuth2AutoConfiguration$$EnhancerBySpringCGLIB$$dd282e92] is not eligible for getting processed by all BeanPostProcessors (for example: not eligible for auto-proxying)
2018-12-22 13:20:17.877  INFO 11736 --- [           main] trationDelegate$BeanPostProcessorChecker : Bean 'resourceServerProperties' of type [org.springframework.boot.autoconfigure.security.oauth2.resource.ResourceServerProperties] is not eligible for getting processed by all BeanPostProcessors (for example: not eligible for auto-proxying)
2018-12-22 13:20:17.911  INFO 11736 --- [           main] org.zlogic.vogon.web.TomcatConfigurer    : Using keystore C:\Program Files (x86)\Jenkins\workspace\Maven_project\vogon-web\target/vogonweb.keystore with password ********
2018-12-22 13:20:17.942  INFO 11736 --- [           main] s.b.c.e.t.TomcatEmbeddedServletContainer : Tomcat initialized with port(s): 8080 (http) 8443 (https)
2018-12-22 13:20:17.942  INFO 11736 --- [           main] o.apache.catalina.core.StandardService   : Starting service Tomcat
2018-12-22 13:20:17.942  INFO 11736 --- [           main] org.apache.catalina.core.StandardEngine  : Starting Servlet Engine: Apache Tomcat/8.5.14
2018-12-22 13:20:17.973  INFO 11736 --- [ost-startStop-1] org.apache.jasper.servlet.TldScanner     : At least one JAR was scanned for TLDs yet contained no TLDs. Enable debug logging for this logger for a complete list of JARs that were scanned but no TLDs were found in them. Skipping unneeded JARs during scanning can improve startup time and JSP compilation time.
2018-12-22 13:20:17.973  INFO 11736 --- [ost-startStop-1] o.a.c.c.C.[Tomcat-51].[localhost].[/]    : Initializing Spring embedded WebApplicationContext
2018-12-22 13:20:17.973  INFO 11736 --- [ost-startStop-1] o.s.web.context.ContextLoader            : Root WebApplicationContext: initialization completed in 533 ms
2018-12-22 13:20:18.155  INFO 11736 --- [ost-startStop-1] o.s.b.w.servlet.FilterRegistrationBean   : Mapping filter: 'metricsFilter' to: [/*]
2018-12-22 13:20:18.155  INFO 11736 --- [ost-startStop-1] o.s.b.w.servlet.FilterRegistrationBean   : Mapping filter: 'characterEncodingFilter' to: [/*]
2018-12-22 13:20:18.155  INFO 11736 --- [ost-startStop-1] o.s.b.w.servlet.FilterRegistrationBean   : Mapping filter: 'hiddenHttpMethodFilter' to: [/*]
2018-12-22 13:20:18.155  INFO 11736 --- [ost-startStop-1] o.s.b.w.servlet.FilterRegistrationBean   : Mapping filter: 'httpPutFormContentFilter' to: [/*]
2018-12-22 13:20:18.155  INFO 11736 --- [ost-startStop-1] o.s.b.w.servlet.FilterRegistrationBean   : Mapping filter: 'requestContextFilter' to: [/*]
2018-12-22 13:20:18.155  INFO 11736 --- [ost-startStop-1] .s.DelegatingFilterProxyRegistrationBean : Mapping filter: 'springSecurityFilterChain' to: [/*]
2018-12-22 13:20:18.155  INFO 11736 --- [ost-startStop-1] o.s.b.w.servlet.FilterRegistrationBean   : Mapping filter: 'webRequestLoggingFilter' to: [/*]
2018-12-22 13:20:18.155  INFO 11736 --- [ost-startStop-1] o.s.b.w.servlet.FilterRegistrationBean   : Mapping filter: 'applicationContextIdFilter' to: [/*]
2018-12-22 13:20:18.155  INFO 11736 --- [ost-startStop-1] o.s.b.w.servlet.ServletRegistrationBean  : Mapping servlet: 'dispatcherServlet' to [/]
2018-12-22 13:20:18.166  INFO 11736 --- [           main] j.LocalContainerEntityManagerFactoryBean : Building JPA container EntityManagerFactory for persistence unit 'VogonPU'
2018-12-22 13:20:18.166  INFO 11736 --- [           main] o.hibernate.jpa.internal.util.LogHelper  : HHH000204: Processing PersistenceUnitInfo [
	name: VogonPU
	...]
2018-12-22 13:20:18.170  WARN 11736 --- [           main] org.hibernate.orm.connections.pooling    : HHH10001002: Using Hibernate built-in connection pool (not for production use!)
2018-12-22 13:20:18.170  INFO 11736 --- [           main] org.hibernate.orm.connections.pooling    : HHH10001005: using driver [org.h2.Driver] at URL [jdbc:h2:mem:test]
2018-12-22 13:20:18.170  INFO 11736 --- [           main] org.hibernate.orm.connections.pooling    : HHH10001001: Connection properties: {}
2018-12-22 13:20:18.170  INFO 11736 --- [           main] org.hibernate.orm.connections.pooling    : HHH10001003: Autocommit mode: false
2018-12-22 13:20:18.170  INFO 11736 --- [           main] .c.i.DriverManagerConnectionProviderImpl : HHH000115: Hibernate connection pool size: 20 (min=1)
2018-12-22 13:20:18.171  INFO 11736 --- [           main] org.hibernate.dialect.Dialect            : HHH000400: Using dialect: org.hibernate.dialect.H2Dialect
2018-12-22 13:20:18.178  INFO 11736 --- [           main] org.hibernate.orm.connections.access     : HHH10001501: Connection obtained from JdbcConnectionAccess [org.hibernate.engine.jdbc.env.internal.JdbcEnvironmentInitiator$ConnectionProviderJdbcConnectionAccess@1bcb7199] for (non-JTA) DDL execution was not in auto-commit mode; the Connection 'local transaction' will be committed and the Connection will be set into auto-commit mode.
2018-12-22 13:20:18.194  INFO 11736 --- [           main] j.LocalContainerEntityManagerFactoryBean : Initialized JPA EntityManagerFactory for persistence unit 'VogonPU'
2018-12-22 13:20:18.490  INFO 11736 --- [           main] .s.o.p.e.FrameworkEndpointHandlerMapping : Mapped "{[/oauth/authorize]}" onto public org.springframework.web.servlet.ModelAndView org.springframework.security.oauth2.provider.endpoint.AuthorizationEndpoint.authorize(java.util.Map<java.lang.String, java.lang.Object>,java.util.Map<java.lang.String, java.lang.String>,org.springframework.web.bind.support.SessionStatus,java.security.Principal)
2018-12-22 13:20:18.490  INFO 11736 --- [           main] .s.o.p.e.FrameworkEndpointHandlerMapping : Mapped "{[/oauth/authorize],methods=[POST],params=[user_oauth_approval]}" onto public org.springframework.web.servlet.View org.springframework.security.oauth2.provider.endpoint.AuthorizationEndpoint.approveOrDeny(java.util.Map<java.lang.String, java.lang.String>,java.util.Map<java.lang.String, ?>,org.springframework.web.bind.support.SessionStatus,java.security.Principal)
2018-12-22 13:20:18.490  INFO 11736 --- [           main] .s.o.p.e.FrameworkEndpointHandlerMapping : Mapped "{[/oauth/token],methods=[GET]}" onto public org.springframework.http.ResponseEntity<org.springframework.security.oauth2.common.OAuth2AccessToken> org.springframework.security.oauth2.provider.endpoint.TokenEndpoint.getAccessToken(java.security.Principal,java.util.Map<java.lang.String, java.lang.String>) throws org.springframework.web.HttpRequestMethodNotSupportedException
2018-12-22 13:20:18.490  INFO 11736 --- [           main] .s.o.p.e.FrameworkEndpointHandlerMapping : Mapped "{[/oauth/token],methods=[POST]}" onto public org.springframework.http.ResponseEntity<org.springframework.security.oauth2.common.OAuth2AccessToken> org.springframework.security.oauth2.provider.endpoint.TokenEndpoint.postAccessToken(java.security.Principal,java.util.Map<java.lang.String, java.lang.String>) throws org.springframework.web.HttpRequestMethodNotSupportedException
2018-12-22 13:20:18.490  INFO 11736 --- [           main] .s.o.p.e.FrameworkEndpointHandlerMapping : Mapped "{[/oauth/check_token]}" onto public java.util.Map<java.lang.String, ?> org.springframework.security.oauth2.provider.endpoint.CheckTokenEndpoint.checkToken(java.lang.String)
2018-12-22 13:20:18.490  INFO 11736 --- [           main] .s.o.p.e.FrameworkEndpointHandlerMapping : Mapped "{[/oauth/confirm_access]}" onto public org.springframework.web.servlet.ModelAndView org.springframework.security.oauth2.provider.endpoint.WhitelabelApprovalEndpoint.getAccessConfirmation(java.util.Map<java.lang.String, java.lang.Object>,javax.servlet.http.HttpServletRequest) throws java.lang.Exception
2018-12-22 13:20:18.490  INFO 11736 --- [           main] .s.o.p.e.FrameworkEndpointHandlerMapping : Mapped "{[/oauth/error]}" onto public org.springframework.web.servlet.ModelAndView org.springframework.security.oauth2.provider.endpoint.WhitelabelErrorEndpoint.handleError(javax.servlet.http.HttpServletRequest)
2018-12-22 13:20:18.693  INFO 11736 --- [           main] o.s.s.web.DefaultSecurityFilterChain     : Creating filter chain: OrRequestMatcher [requestMatchers=[Ant [pattern='/oauth/token'], Ant [pattern='/oauth/token_key'], Ant [pattern='/oauth/check_token']]], [org.springframework.security.web.context.request.async.WebAsyncManagerIntegrationFilter@6c343471, org.springframework.security.web.context.SecurityContextPersistenceFilter@2ee97531, org.springframework.security.web.header.HeaderWriterFilter@56b73210, org.springframework.security.web.authentication.logout.LogoutFilter@61dcf582, org.springframework.security.oauth2.provider.client.ClientCredentialsTokenEndpointFilter@7ec0a1e7, org.springframework.security.web.authentication.www.BasicAuthenticationFilter@28170dc8, org.springframework.security.web.savedrequest.RequestCacheAwareFilter@1e064e71, org.springframework.security.web.servletapi.SecurityContextHolderAwareRequestFilter@714ec813, org.springframework.security.web.authentication.AnonymousAuthenticationFilter@c9b6fea, org.springframework.security.web.session.SessionManagementFilter@43ca6919, org.springframework.security.web.access.ExceptionTranslationFilter@345081fc, org.springframework.security.web.access.intercept.FilterSecurityInterceptor@35b7c8bf]
2018-12-22 13:20:18.693  INFO 11736 --- [           main] o.s.s.web.DefaultSecurityFilterChain     : Creating filter chain: org.springframework.boot.actuate.autoconfigure.ManagementWebSecurityAutoConfiguration$LazyEndpointPathRequestMatcher@2ae5bff2, [org.springframework.security.web.context.request.async.WebAsyncManagerIntegrationFilter@30cc0b14, org.springframework.security.web.context.SecurityContextPersistenceFilter@73051689, org.springframework.security.web.header.HeaderWriterFilter@1d8fc02d, org.springframework.security.web.authentication.logout.LogoutFilter@4537c6df, org.springframework.security.web.authentication.www.BasicAuthenticationFilter@26995368, org.springframework.security.web.savedrequest.RequestCacheAwareFilter@217e7354, org.springframework.security.web.servletapi.SecurityContextHolderAwareRequestFilter@429341fe, org.springframework.security.web.authentication.AnonymousAuthenticationFilter@1b2f799c, org.springframework.security.web.session.SessionManagementFilter@2905c4cf, org.springframework.security.web.access.ExceptionTranslationFilter@37a3a7f, org.springframework.security.web.access.intercept.FilterSecurityInterceptor@61e9443d]
2018-12-22 13:20:18.709  INFO 11736 --- [           main] o.s.s.w.a.c.ChannelProcessingFilter      : Validated configuration attributes
2018-12-22 13:20:18.709  INFO 11736 --- [           main] o.s.s.web.DefaultSecurityFilterChain     : Creating filter chain: org.springframework.security.oauth2.config.annotation.web.configuration.ResourceServerConfiguration$NotOAuthRequestMatcher@7343eba5, [org.springframework.security.web.access.channel.ChannelProcessingFilter@13083f14, org.springframework.security.web.context.request.async.WebAsyncManagerIntegrationFilter@3ef779e5, org.springframework.security.web.context.SecurityContextPersistenceFilter@3aa39048, org.springframework.security.web.header.HeaderWriterFilter@4dc2bb83, org.springframework.security.web.authentication.logout.LogoutFilter@5c5a3113, org.springframework.security.oauth2.provider.authentication.OAuth2AuthenticationProcessingFilter@3a321f0d, org.springframework.security.web.savedrequest.RequestCacheAwareFilter@1e8ba48c, org.springframework.security.web.servletapi.SecurityContextHolderAwareRequestFilter@46cd1a7d, org.springframework.security.web.authentication.AnonymousAuthenticationFilter@3209d497, org.springframework.security.web.session.SessionManagementFilter@5539e699, org.springframework.security.web.access.ExceptionTranslationFilter@2e3147af, org.springframework.security.web.access.intercept.FilterSecurityInterceptor@391d0f67]
2018-12-22 13:20:18.787  INFO 11736 --- [           main] s.w.s.m.m.a.RequestMappingHandlerAdapter : Looking for @ControllerAdvice: org.springframework.boot.context.embedded.AnnotationConfigEmbeddedWebApplicationContext@fb70d7b: startup date [Sat Dec 22 13:20:17 IST 2018]; root of context hierarchy
2018-12-22 13:20:18.803  INFO 11736 --- [           main] s.w.s.m.m.a.RequestMappingHandlerMapping : Mapped "{[/service/accounts],methods=[GET],produces=[application/json]}" onto public java.util.Collection<org.zlogic.vogon.data.FinanceAccount> org.zlogic.vogon.web.controller.AccountsController.getAllAccounts(org.zlogic.vogon.web.security.VogonSecurityUser)
2018-12-22 13:20:18.803  INFO 11736 --- [           main] s.w.s.m.m.a.RequestMappingHandlerMapping : Mapped "{[/service/accounts],methods=[POST],produces=[application/json]}" onto public java.util.Collection<org.zlogic.vogon.data.FinanceAccount> org.zlogic.vogon.web.controller.AccountsController.updateAccounts(java.util.Collection<org.zlogic.vogon.data.FinanceAccount>,org.zlogic.vogon.web.security.VogonSecurityUser)
2018-12-22 13:20:18.803  INFO 11736 --- [           main] s.w.s.m.m.a.RequestMappingHandlerMapping : Mapped "{[/service/analytics/tags],methods=[GET],produces=[application/json]}" onto public java.util.Set<java.lang.String> org.zlogic.vogon.web.controller.AnalyticsController.getAllTags(org.zlogic.vogon.web.security.VogonSecurityUser)
2018-12-22 13:20:18.803  INFO 11736 --- [           main] s.w.s.m.m.a.RequestMappingHandlerMapping : Mapped "{[/service/analytics],methods=[POST],produces=[application/json]}" onto public java.util.Map<java.lang.String, org.zlogic.vogon.data.report.Report> org.zlogic.vogon.web.controller.AnalyticsController.getReport(org.zlogic.vogon.data.report.ReportFactory,org.zlogic.vogon.web.security.VogonSecurityUser)
2018-12-22 13:20:18.803  INFO 11736 --- [           main] s.w.s.m.m.a.RequestMappingHandlerMapping : Mapped "{[/service/currencies],methods=[GET],produces=[application/json]}" onto public java.util.Collection<org.zlogic.vogon.web.data.model.CurrencyDetails> org.zlogic.vogon.web.controller.CurrenciesController.getAllCurrencies()
2018-12-22 13:20:18.803  INFO 11736 --- [           main] s.w.s.m.m.a.RequestMappingHandlerMapping : Mapped "{[/service/export],methods=[GET || POST]}" onto public org.springframework.http.HttpEntity<byte[]> org.zlogic.vogon.web.controller.DataController.exportDataJSON(org.zlogic.vogon.web.security.VogonSecurityUser) throws java.lang.RuntimeException
2018-12-22 13:20:18.803  INFO 11736 --- [           main] s.w.s.m.m.a.RequestMappingHandlerMapping : Mapped "{[/service/import],methods=[POST],consumes=[multipart/form-data],produces=[application/json]}" onto public java.lang.Boolean org.zlogic.vogon.web.controller.DataController.importData(org.springframework.web.multipart.MultipartFile,org.zlogic.vogon.web.security.VogonSecurityUser) throws java.lang.RuntimeException
2018-12-22 13:20:18.803  INFO 11736 --- [           main] s.w.s.m.m.a.RequestMappingHandlerMapping : Mapped "{[/fragments/{fragment}.fragment]}" onto public org.springframework.web.servlet.ModelAndView org.zlogic.vogon.web.controller.JspController.fragmentModelAndView(java.lang.String)
2018-12-22 13:20:18.803  INFO 11736 --- [           main] s.w.s.m.m.a.RequestMappingHandlerMapping : Mapped "{[/]}" onto public org.springframework.web.servlet.ModelAndView org.zlogic.vogon.web.controller.JspController.indexModelAndView()
2018-12-22 13:20:18.803  INFO 11736 --- [           main] s.w.s.m.m.a.RequestMappingHandlerMapping : Mapped "{[/oauth/logout],methods=[POST]}" onto public void org.zlogic.vogon.web.controller.LogoutController.logout(org.springframework.security.oauth2.provider.OAuth2Authentication) throws org.zlogic.vogon.web.security.UsernameExistsException
2018-12-22 13:20:18.803  INFO 11736 --- [           main] s.w.s.m.m.a.RequestMappingHandlerMapping : Mapped "{[/register],methods=[POST],produces=[application/json]}" onto public org.zlogic.vogon.data.VogonUser org.zlogic.vogon.web.controller.RegistrationController.register(org.zlogic.vogon.data.VogonUser) throws org.zlogic.vogon.web.security.UsernameExistsException
2018-12-22 13:20:18.803  INFO 11736 --- [           main] s.w.s.m.m.a.RequestMappingHandlerMapping : Mapped "{[/service/transactions/transaction/{id}],methods=[GET],produces=[application/json]}" onto public org.zlogic.vogon.web.data.model.FinanceTransactionJson org.zlogic.vogon.web.controller.TransactionsController.getTransaction(long,org.zlogic.vogon.web.security.VogonSecurityUser)
2018-12-22 13:20:18.803  INFO 11736 --- [           main] s.w.s.m.m.a.RequestMappingHandlerMapping : Mapped "{[/service/transactions],methods=[GET],produces=[application/json]}" onto public java.util.Collection<org.zlogic.vogon.web.data.model.FinanceTransactionJson> org.zlogic.vogon.web.controller.TransactionsController.getTransactions(java.lang.Integer,org.zlogic.vogon.web.controller.TransactionsController$SortColumn,org.springframework.data.domain.Sort$Direction,java.lang.String,java.util.Date,java.util.Collection<java.lang.String>,org.zlogic.vogon.web.security.VogonSecurityUser)
2018-12-22 13:20:18.803  INFO 11736 --- [           main] s.w.s.m.m.a.RequestMappingHandlerMapping : Mapped "{[/service/transactions],methods=[POST],produces=[application/json]}" onto public org.zlogic.vogon.web.data.model.FinanceTransactionJson org.zlogic.vogon.web.controller.TransactionsController.submitTransaction(org.zlogic.vogon.web.data.model.FinanceTransactionJson,org.zlogic.vogon.web.security.VogonSecurityUser)
2018-12-22 13:20:18.803  INFO 11736 --- [           main] s.w.s.m.m.a.RequestMappingHandlerMapping : Mapped "{[/service/transactions/pages],methods=[GET],produces=[application/json]}" onto public long org.zlogic.vogon.web.controller.TransactionsController.getTransactionsCount(org.zlogic.vogon.web.security.VogonSecurityUser)
2018-12-22 13:20:18.803  INFO 11736 --- [           main] s.w.s.m.m.a.RequestMappingHandlerMapping : Mapped "{[/service/transactions/transaction/{id}],methods=[DELETE],produces=[application/json]}" onto public org.zlogic.vogon.web.data.model.FinanceTransactionJson org.zlogic.vogon.web.controller.TransactionsController.deleteTransaction(long,org.zlogic.vogon.web.security.VogonSecurityUser)
2018-12-22 13:20:18.803  INFO 11736 --- [           main] s.w.s.m.m.a.RequestMappingHandlerMapping : Mapped "{[/service/user],methods=[POST],produces=[application/json]}" onto public org.zlogic.vogon.data.VogonUser org.zlogic.vogon.web.controller.UsersController.submitUser(org.zlogic.vogon.data.VogonUser,org.zlogic.vogon.web.security.VogonSecurityUser) throws org.zlogic.vogon.web.security.UsernameExistsException
2018-12-22 13:20:18.803  INFO 11736 --- [           main] s.w.s.m.m.a.RequestMappingHandlerMapping : Mapped "{[/service/user],methods=[GET],produces=[application/json]}" onto public org.zlogic.vogon.data.VogonUser org.zlogic.vogon.web.controller.UsersController.getUserData(org.zlogic.vogon.web.security.VogonSecurityUser)
2018-12-22 13:20:18.803  INFO 11736 --- [           main] s.w.s.m.m.a.RequestMappingHandlerMapping : Mapped "{[/error]}" onto public org.springframework.http.ResponseEntity<java.util.Map<java.lang.String, java.lang.Object>> org.springframework.boot.autoconfigure.web.BasicErrorController.error(javax.servlet.http.HttpServletRequest)
2018-12-22 13:20:18.803  INFO 11736 --- [           main] s.w.s.m.m.a.RequestMappingHandlerMapping : Mapped "{[/error],produces=[text/html]}" onto public org.springframework.web.servlet.ModelAndView org.springframework.boot.autoconfigure.web.BasicErrorController.errorHtml(javax.servlet.http.HttpServletRequest,javax.servlet.http.HttpServletResponse)
2018-12-22 13:20:18.818  INFO 11736 --- [           main] o.s.w.s.handler.SimpleUrlHandlerMapping  : Root mapping to handler of type [class org.springframework.web.servlet.mvc.ParameterizableViewController]
2018-12-22 13:20:18.975  INFO 11736 --- [           main] o.s.w.s.handler.SimpleUrlHandlerMapping  : Mapped URL path [/webjars/**] onto handler of type [class org.springframework.web.servlet.resource.ResourceHttpRequestHandler]
2018-12-22 13:20:18.975  INFO 11736 --- [           main] o.s.w.s.handler.SimpleUrlHandlerMapping  : Mapped URL path [/**] onto handler of type [class org.springframework.web.servlet.resource.ResourceHttpRequestHandler]
2018-12-22 13:20:18.975  INFO 11736 --- [           main] o.s.w.s.handler.SimpleUrlHandlerMapping  : Mapped URL path [/**] onto handler of type [class org.springframework.web.servlet.resource.DefaultServletHttpRequestHandler]
2018-12-22 13:20:19.006  INFO 11736 --- [           main] o.s.w.s.handler.SimpleUrlHandlerMapping  : Mapped URL path [/**/favicon.ico] onto handler of type [class org.springframework.web.servlet.resource.ResourceHttpRequestHandler]
2018-12-22 13:20:19.179  INFO 11736 --- [           main] o.s.b.a.e.mvc.EndpointHandlerMapping     : Mapped "{[/health || /health.json],methods=[GET],produces=[application/vnd.spring-boot.actuator.v1+json || application/json]}" onto public java.lang.Object org.springframework.boot.actuate.endpoint.mvc.HealthMvcEndpoint.invoke(javax.servlet.http.HttpServletRequest,java.security.Principal)
2018-12-22 13:20:19.179  INFO 11736 --- [           main] o.s.b.a.e.mvc.EndpointHandlerMapping     : Mapped "{[/dump || /dump.json],methods=[GET],produces=[application/vnd.spring-boot.actuator.v1+json || application/json]}" onto public java.lang.Object org.springframework.boot.actuate.endpoint.mvc.EndpointMvcAdapter.invoke()
2018-12-22 13:20:19.179  INFO 11736 --- [           main] o.s.b.a.e.mvc.EndpointHandlerMapping     : Mapped "{[/loggers/{name:.*}],methods=[GET],produces=[application/vnd.spring-boot.actuator.v1+json || application/json]}" onto public java.lang.Object org.springframework.boot.actuate.endpoint.mvc.LoggersMvcEndpoint.get(java.lang.String)
2018-12-22 13:20:19.179  INFO 11736 --- [           main] o.s.b.a.e.mvc.EndpointHandlerMapping     : Mapped "{[/loggers/{name:.*}],methods=[POST],consumes=[application/vnd.spring-boot.actuator.v1+json || application/json],produces=[application/vnd.spring-boot.actuator.v1+json || application/json]}" onto public java.lang.Object org.springframework.boot.actuate.endpoint.mvc.LoggersMvcEndpoint.set(java.lang.String,java.util.Map<java.lang.String, java.lang.String>)
2018-12-22 13:20:19.179  INFO 11736 --- [           main] o.s.b.a.e.mvc.EndpointHandlerMapping     : Mapped "{[/loggers || /loggers.json],methods=[GET],produces=[application/vnd.spring-boot.actuator.v1+json || application/json]}" onto public java.lang.Object org.springframework.boot.actuate.endpoint.mvc.EndpointMvcAdapter.invoke()
2018-12-22 13:20:19.179  INFO 11736 --- [           main] o.s.b.a.e.mvc.EndpointHandlerMapping     : Mapped "{[/configprops || /configprops.json],methods=[GET],produces=[application/vnd.spring-boot.actuator.v1+json || application/json]}" onto public java.lang.Object org.springframework.boot.actuate.endpoint.mvc.EndpointMvcAdapter.invoke()
2018-12-22 13:20:19.179  INFO 11736 --- [           main] o.s.b.a.e.mvc.EndpointHandlerMapping     : Mapped "{[/env/{name:.*}],methods=[GET],produces=[application/vnd.spring-boot.actuator.v1+json || application/json]}" onto public java.lang.Object org.springframework.boot.actuate.endpoint.mvc.EnvironmentMvcEndpoint.value(java.lang.String)
2018-12-22 13:20:19.179  INFO 11736 --- [           main] o.s.b.a.e.mvc.EndpointHandlerMapping     : Mapped "{[/env || /env.json],methods=[GET],produces=[application/vnd.spring-boot.actuator.v1+json || application/json]}" onto public java.lang.Object org.springframework.boot.actuate.endpoint.mvc.EndpointMvcAdapter.invoke()
2018-12-22 13:20:19.179  INFO 11736 --- [           main] o.s.b.a.e.mvc.EndpointHandlerMapping     : Mapped "{[/auditevents || /auditevents.json],methods=[GET],produces=[application/vnd.spring-boot.actuator.v1+json || application/json]}" onto public org.springframework.http.ResponseEntity<?> org.springframework.boot.actuate.endpoint.mvc.AuditEventsMvcEndpoint.findByPrincipalAndAfterAndType(java.lang.String,java.util.Date,java.lang.String)
2018-12-22 13:20:19.179  INFO 11736 --- [           main] o.s.b.a.e.mvc.EndpointHandlerMapping     : Mapped "{[/mappings || /mappings.json],methods=[GET],produces=[application/vnd.spring-boot.actuator.v1+json || application/json]}" onto public java.lang.Object org.springframework.boot.actuate.endpoint.mvc.EndpointMvcAdapter.invoke()
2018-12-22 13:20:19.179  INFO 11736 --- [           main] o.s.b.a.e.mvc.EndpointHandlerMapping     : Mapped "{[/autoconfig || /autoconfig.json],methods=[GET],produces=[application/vnd.spring-boot.actuator.v1+json || application/json]}" onto public java.lang.Object org.springframework.boot.actuate.endpoint.mvc.EndpointMvcAdapter.invoke()
2018-12-22 13:20:19.179  INFO 11736 --- [           main] o.s.b.a.e.mvc.EndpointHandlerMapping     : Mapped "{[/beans || /beans.json],methods=[GET],produces=[application/vnd.spring-boot.actuator.v1+json || application/json]}" onto public java.lang.Object org.springframework.boot.actuate.endpoint.mvc.EndpointMvcAdapter.invoke()
2018-12-22 13:20:19.179  INFO 11736 --- [           main] o.s.b.a.e.mvc.EndpointHandlerMapping     : Mapped "{[/info || /info.json],methods=[GET],produces=[application/vnd.spring-boot.actuator.v1+json || application/json]}" onto public java.lang.Object org.springframework.boot.actuate.endpoint.mvc.EndpointMvcAdapter.invoke()
2018-12-22 13:20:19.179  INFO 11736 --- [           main] o.s.b.a.e.mvc.EndpointHandlerMapping     : Mapped "{[/heapdump || /heapdump.json],methods=[GET],produces=[application/octet-stream]}" onto public void org.springframework.boot.actuate.endpoint.mvc.HeapdumpMvcEndpoint.invoke(boolean,javax.servlet.http.HttpServletRequest,javax.servlet.http.HttpServletResponse) throws java.io.IOException,javax.servlet.ServletException
2018-12-22 13:20:19.179  INFO 11736 --- [           main] o.s.b.a.e.mvc.EndpointHandlerMapping     : Mapped "{[/trace || /trace.json],methods=[GET],produces=[application/vnd.spring-boot.actuator.v1+json || application/json]}" onto public java.lang.Object org.springframework.boot.actuate.endpoint.mvc.EndpointMvcAdapter.invoke()
2018-12-22 13:20:19.179  INFO 11736 --- [           main] o.s.b.a.e.mvc.EndpointHandlerMapping     : Mapped "{[/metrics/{name:.*}],methods=[GET],produces=[application/vnd.spring-boot.actuator.v1+json || application/json]}" onto public java.lang.Object org.springframework.boot.actuate.endpoint.mvc.MetricsMvcEndpoint.value(java.lang.String)
2018-12-22 13:20:19.179  INFO 11736 --- [           main] o.s.b.a.e.mvc.EndpointHandlerMapping     : Mapped "{[/metrics || /metrics.json],methods=[GET],produces=[application/vnd.spring-boot.actuator.v1+json || application/json]}" onto public java.lang.Object org.springframework.boot.actuate.endpoint.mvc.EndpointMvcAdapter.invoke()
2018-12-22 13:20:19.273 ERROR 11736 --- [           main] o.a.coyote.http11.Http11NioProtocol      : Failed to start end point associated with ProtocolHandler ["http-nio-8080"]

java.net.BindException: Address already in use: bind
	at sun.nio.ch.Net.bind0(Native Method) ~[na:1.8.0_191]
	at sun.nio.ch.Net.bind(Net.java:433) ~[na:1.8.0_191]
	at sun.nio.ch.Net.bind(Net.java:425) ~[na:1.8.0_191]
	at sun.nio.ch.ServerSocketChannelImpl.bind(ServerSocketChannelImpl.java:223) ~[na:1.8.0_191]
	at sun.nio.ch.ServerSocketAdaptor.bind(ServerSocketAdaptor.java:74) ~[na:1.8.0_191]
	at org.apache.tomcat.util.net.NioEndpoint.bind(NioEndpoint.java:210) ~[tomcat-embed-core-8.5.14.jar:8.5.14]
	at org.apache.tomcat.util.net.AbstractEndpoint.start(AbstractEndpoint.java:978) ~[tomcat-embed-core-8.5.14.jar:8.5.14]
	at org.apache.coyote.AbstractProtocol.start(AbstractProtocol.java:628) ~[tomcat-embed-core-8.5.14.jar:8.5.14]
	at org.apache.catalina.connector.Connector.startInternal(Connector.java:993) [tomcat-embed-core-8.5.14.jar:8.5.14]
	at org.apache.catalina.util.LifecycleBase.start(LifecycleBase.java:150) [tomcat-embed-core-8.5.14.jar:8.5.14]
	at org.apache.catalina.core.StandardService.addConnector(StandardService.java:225) [tomcat-embed-core-8.5.14.jar:8.5.14]
	at org.springframework.boot.context.embedded.tomcat.TomcatEmbeddedServletContainer.addPreviouslyRemovedConnectors(TomcatEmbeddedServletContainer.java:247) [spring-boot-1.5.3.RELEASE.jar:1.5.3.RELEASE]
	at org.springframework.boot.context.embedded.tomcat.TomcatEmbeddedServletContainer.start(TomcatEmbeddedServletContainer.java:190) [spring-boot-1.5.3.RELEASE.jar:1.5.3.RELEASE]
	at org.springframework.boot.context.embedded.EmbeddedWebApplicationContext.startEmbeddedServletContainer(EmbeddedWebApplicationContext.java:297) [spring-boot-1.5.3.RELEASE.jar:1.5.3.RELEASE]
	at org.springframework.boot.context.embedded.EmbeddedWebApplicationContext.finishRefresh(EmbeddedWebApplicationContext.java:145) [spring-boot-1.5.3.RELEASE.jar:1.5.3.RELEASE]
	at org.springframework.context.support.AbstractApplicationContext.refresh(AbstractApplicationContext.java:545) [spring-context-4.3.8.RELEASE.jar:4.3.8.RELEASE]
	at org.springframework.boot.context.embedded.EmbeddedWebApplicationContext.refresh(EmbeddedWebApplicationContext.java:122) [spring-boot-1.5.3.RELEASE.jar:1.5.3.RELEASE]
	at org.springframework.boot.SpringApplication.refresh(SpringApplication.java:737) [spring-boot-1.5.3.RELEASE.jar:1.5.3.RELEASE]
	at org.springframework.boot.SpringApplication.refreshContext(SpringApplication.java:370) [spring-boot-1.5.3.RELEASE.jar:1.5.3.RELEASE]
	at org.springframework.boot.SpringApplication.run(SpringApplication.java:314) [spring-boot-1.5.3.RELEASE.jar:1.5.3.RELEASE]
	at org.springframework.boot.test.context.SpringBootContextLoader.loadContext(SpringBootContextLoader.java:120) [spring-boot-test-1.5.3.RELEASE.jar:1.5.3.RELEASE]
	at org.springframework.test.context.cache.DefaultCacheAwareContextLoaderDelegate.loadContextInternal(DefaultCacheAwareContextLoaderDelegate.java:98) [spring-test-4.3.8.RELEASE.jar:4.3.8.RELEASE]
	at org.springframework.test.context.cache.DefaultCacheAwareContextLoaderDelegate.loadContext(DefaultCacheAwareContextLoaderDelegate.java:116) [spring-test-4.3.8.RELEASE.jar:4.3.8.RELEASE]
	at org.springframework.test.context.support.DefaultTestContext.getApplicationContext(DefaultTestContext.java:83) [spring-test-4.3.8.RELEASE.jar:4.3.8.RELEASE]
	at org.springframework.boot.test.autoconfigure.SpringBootDependencyInjectionTestExecutionListener.prepareTestInstance(SpringBootDependencyInjectionTestExecutionListener.java:47) [spring-boot-test-autoconfigure-1.5.3.RELEASE.jar:1.5.3.RELEASE]
	at org.springframework.test.context.TestContextManager.prepareTestInstance(TestContextManager.java:230) [spring-test-4.3.8.RELEASE.jar:4.3.8.RELEASE]
	at org.springframework.test.context.junit4.SpringJUnit4ClassRunner.createTest(SpringJUnit4ClassRunner.java:228) [spring-test-4.3.8.RELEASE.jar:4.3.8.RELEASE]
	at org.springframework.test.context.junit4.SpringJUnit4ClassRunner$1.runReflectiveCall(SpringJUnit4ClassRunner.java:287) [spring-test-4.3.8.RELEASE.jar:4.3.8.RELEASE]
	at org.junit.internal.runners.model.ReflectiveCallable.run(ReflectiveCallable.java:12) [junit-4.12.jar:4.12]
	at org.springframework.test.context.junit4.SpringJUnit4ClassRunner.methodBlock(SpringJUnit4ClassRunner.java:289) [spring-test-4.3.8.RELEASE.jar:4.3.8.RELEASE]
	at org.springframework.test.context.junit4.SpringJUnit4ClassRunner.runChild(SpringJUnit4ClassRunner.java:247) [spring-test-4.3.8.RELEASE.jar:4.3.8.RELEASE]
	at org.springframework.test.context.junit4.SpringJUnit4ClassRunner.runChild(SpringJUnit4ClassRunner.java:94) [spring-test-4.3.8.RELEASE.jar:4.3.8.RELEASE]
	at org.junit.runners.ParentRunner$3.run(ParentRunner.java:290) [junit-4.12.jar:4.12]
	at org.junit.runners.ParentRunner$1.schedule(ParentRunner.java:71) [junit-4.12.jar:4.12]
	at org.junit.runners.ParentRunner.runChildren(ParentRunner.java:288) [junit-4.12.jar:4.12]
	at org.junit.runners.ParentRunner.access$000(ParentRunner.java:58) [junit-4.12.jar:4.12]
	at org.junit.runners.ParentRunner$2.evaluate(ParentRunner.java:268) [junit-4.12.jar:4.12]
	at org.springframework.test.context.junit4.statements.RunBeforeTestClassCallbacks.evaluate(RunBeforeTestClassCallbacks.java:61) [spring-test-4.3.8.RELEASE.jar:4.3.8.RELEASE]
	at org.springframework.test.context.junit4.statements.RunAfterTestClassCallbacks.evaluate(RunAfterTestClassCallbacks.java:70) [spring-test-4.3.8.RELEASE.jar:4.3.8.RELEASE]
	at org.junit.runners.ParentRunner.run(ParentRunner.java:363) [junit-4.12.jar:4.12]
	at org.springframework.test.context.junit4.SpringJUnit4ClassRunner.run(SpringJUnit4ClassRunner.java:191) [spring-test-4.3.8.RELEASE.jar:4.3.8.RELEASE]
	at org.apache.maven.surefire.junit4.JUnit4Provider.execute(JUnit4Provider.java:365) [surefire-junit4-2.20.jar:2.20]
	at org.apache.maven.surefire.junit4.JUnit4Provider.executeWithRerun(JUnit4Provider.java:272) [surefire-junit4-2.20.jar:2.20]
	at org.apache.maven.surefire.junit4.JUnit4Provider.executeTestSet(JUnit4Provider.java:236) [surefire-junit4-2.20.jar:2.20]
	at org.apache.maven.surefire.junit4.JUnit4Provider.invoke(JUnit4Provider.java:159) [surefire-junit4-2.20.jar:2.20]
	at org.apache.maven.surefire.booter.ForkedBooter.invokeProviderInSameClassLoader(ForkedBooter.java:386) [surefire-booter-2.20.jar:2.20]
	at org.apache.maven.surefire.booter.ForkedBooter.runSuitesInProcess(ForkedBooter.java:323) [surefire-booter-2.20.jar:2.20]
	at org.apache.maven.surefire.booter.ForkedBooter.main(ForkedBooter.java:143) [surefire-booter-2.20.jar:2.20]

2018-12-22 13:20:19.273 ERROR 11736 --- [           main] o.apache.catalina.core.StandardService   : Failed to start connector [Connector[HTTP/1.1-8080]]

org.apache.catalina.LifecycleException: Failed to start component [Connector[HTTP/1.1-8080]]
	at org.apache.catalina.util.LifecycleBase.start(LifecycleBase.java:167) ~[tomcat-embed-core-8.5.14.jar:8.5.14]
	at org.apache.catalina.core.StandardService.addConnector(StandardService.java:225) ~[tomcat-embed-core-8.5.14.jar:8.5.14]
	at org.springframework.boot.context.embedded.tomcat.TomcatEmbeddedServletContainer.addPreviouslyRemovedConnectors(TomcatEmbeddedServletContainer.java:247) [spring-boot-1.5.3.RELEASE.jar:1.5.3.RELEASE]
	at org.springframework.boot.context.embedded.tomcat.TomcatEmbeddedServletContainer.start(TomcatEmbeddedServletContainer.java:190) [spring-boot-1.5.3.RELEASE.jar:1.5.3.RELEASE]
	at org.springframework.boot.context.embedded.EmbeddedWebApplicationContext.startEmbeddedServletContainer(EmbeddedWebApplicationContext.java:297) [spring-boot-1.5.3.RELEASE.jar:1.5.3.RELEASE]
	at org.springframework.boot.context.embedded.EmbeddedWebApplicationContext.finishRefresh(EmbeddedWebApplicationContext.java:145) [spring-boot-1.5.3.RELEASE.jar:1.5.3.RELEASE]
	at org.springframework.context.support.AbstractApplicationContext.refresh(AbstractApplicationContext.java:545) [spring-context-4.3.8.RELEASE.jar:4.3.8.RELEASE]
	at org.springframework.boot.context.embedded.EmbeddedWebApplicationContext.refresh(EmbeddedWebApplicationContext.java:122) [spring-boot-1.5.3.RELEASE.jar:1.5.3.RELEASE]
	at org.springframework.boot.SpringApplication.refresh(SpringApplication.java:737) [spring-boot-1.5.3.RELEASE.jar:1.5.3.RELEASE]
	at org.springframework.boot.SpringApplication.refreshContext(SpringApplication.java:370) [spring-boot-1.5.3.RELEASE.jar:1.5.3.RELEASE]
	at org.springframework.boot.SpringApplication.run(SpringApplication.java:314) [spring-boot-1.5.3.RELEASE.jar:1.5.3.RELEASE]
	at org.springframework.boot.test.context.SpringBootContextLoader.loadContext(SpringBootContextLoader.java:120) [spring-boot-test-1.5.3.RELEASE.jar:1.5.3.RELEASE]
	at org.springframework.test.context.cache.DefaultCacheAwareContextLoaderDelegate.loadContextInternal(DefaultCacheAwareContextLoaderDelegate.java:98) [spring-test-4.3.8.RELEASE.jar:4.3.8.RELEASE]
	at org.springframework.test.context.cache.DefaultCacheAwareContextLoaderDelegate.loadContext(DefaultCacheAwareContextLoaderDelegate.java:116) [spring-test-4.3.8.RELEASE.jar:4.3.8.RELEASE]
	at org.springframework.test.context.support.DefaultTestContext.getApplicationContext(DefaultTestContext.java:83) [spring-test-4.3.8.RELEASE.jar:4.3.8.RELEASE]
	at org.springframework.boot.test.autoconfigure.SpringBootDependencyInjectionTestExecutionListener.prepareTestInstance(SpringBootDependencyInjectionTestExecutionListener.java:47) [spring-boot-test-autoconfigure-1.5.3.RELEASE.jar:1.5.3.RELEASE]
	at org.springframework.test.context.TestContextManager.prepareTestInstance(TestContextManager.java:230) [spring-test-4.3.8.RELEASE.jar:4.3.8.RELEASE]
	at org.springframework.test.context.junit4.SpringJUnit4ClassRunner.createTest(SpringJUnit4ClassRunner.java:228) [spring-test-4.3.8.RELEASE.jar:4.3.8.RELEASE]
	at org.springframework.test.context.junit4.SpringJUnit4ClassRunner$1.runReflectiveCall(SpringJUnit4ClassRunner.java:287) [spring-test-4.3.8.RELEASE.jar:4.3.8.RELEASE]
	at org.junit.internal.runners.model.ReflectiveCallable.run(ReflectiveCallable.java:12) [junit-4.12.jar:4.12]
	at org.springframework.test.context.junit4.SpringJUnit4ClassRunner.methodBlock(SpringJUnit4ClassRunner.java:289) [spring-test-4.3.8.RELEASE.jar:4.3.8.RELEASE]
	at org.springframework.test.context.junit4.SpringJUnit4ClassRunner.runChild(SpringJUnit4ClassRunner.java:247) [spring-test-4.3.8.RELEASE.jar:4.3.8.RELEASE]
	at org.springframework.test.context.junit4.SpringJUnit4ClassRunner.runChild(SpringJUnit4ClassRunner.java:94) [spring-test-4.3.8.RELEASE.jar:4.3.8.RELEASE]
	at org.junit.runners.ParentRunner$3.run(ParentRunner.java:290) [junit-4.12.jar:4.12]
	at org.junit.runners.ParentRunner$1.schedule(ParentRunner.java:71) [junit-4.12.jar:4.12]
	at org.junit.runners.ParentRunner.runChildren(ParentRunner.java:288) [junit-4.12.jar:4.12]
	at org.junit.runners.ParentRunner.access$000(ParentRunner.java:58) [junit-4.12.jar:4.12]
	at org.junit.runners.ParentRunner$2.evaluate(ParentRunner.java:268) [junit-4.12.jar:4.12]
	at org.springframework.test.context.junit4.statements.RunBeforeTestClassCallbacks.evaluate(RunBeforeTestClassCallbacks.java:61) [spring-test-4.3.8.RELEASE.jar:4.3.8.RELEASE]
	at org.springframework.test.context.junit4.statements.RunAfterTestClassCallbacks.evaluate(RunAfterTestClassCallbacks.java:70) [spring-test-4.3.8.RELEASE.jar:4.3.8.RELEASE]
	at org.junit.runners.ParentRunner.run(ParentRunner.java:363) [junit-4.12.jar:4.12]
	at org.springframework.test.context.junit4.SpringJUnit4ClassRunner.run(SpringJUnit4ClassRunner.java:191) [spring-test-4.3.8.RELEASE.jar:4.3.8.RELEASE]
	at org.apache.maven.surefire.junit4.JUnit4Provider.execute(JUnit4Provider.java:365) [surefire-junit4-2.20.jar:2.20]
	at org.apache.maven.surefire.junit4.JUnit4Provider.executeWithRerun(JUnit4Provider.java:272) [surefire-junit4-2.20.jar:2.20]
	at org.apache.maven.surefire.junit4.JUnit4Provider.executeTestSet(JUnit4Provider.java:236) [surefire-junit4-2.20.jar:2.20]
	at org.apache.maven.surefire.junit4.JUnit4Provider.invoke(JUnit4Provider.java:159) [surefire-junit4-2.20.jar:2.20]
	at org.apache.maven.surefire.booter.ForkedBooter.invokeProviderInSameClassLoader(ForkedBooter.java:386) [surefire-booter-2.20.jar:2.20]
	at org.apache.maven.surefire.booter.ForkedBooter.runSuitesInProcess(ForkedBooter.java:323) [surefire-booter-2.20.jar:2.20]
	at org.apache.maven.surefire.booter.ForkedBooter.main(ForkedBooter.java:143) [surefire-booter-2.20.jar:2.20]
Caused by: org.apache.catalina.LifecycleException: service.getName(): "Tomcat";  Protocol handler start failed
	at org.apache.catalina.connector.Connector.startInternal(Connector.java:1000) ~[tomcat-embed-core-8.5.14.jar:8.5.14]
	at org.apache.catalina.util.LifecycleBase.start(LifecycleBase.java:150) ~[tomcat-embed-core-8.5.14.jar:8.5.14]
	... 38 common frames omitted
Caused by: java.net.BindException: Address already in use: bind
	at sun.nio.ch.Net.bind0(Native Method) ~[na:1.8.0_191]
	at sun.nio.ch.Net.bind(Net.java:433) ~[na:1.8.0_191]
	at sun.nio.ch.Net.bind(Net.java:425) ~[na:1.8.0_191]
	at sun.nio.ch.ServerSocketChannelImpl.bind(ServerSocketChannelImpl.java:223) ~[na:1.8.0_191]
	at sun.nio.ch.ServerSocketAdaptor.bind(ServerSocketAdaptor.java:74) ~[na:1.8.0_191]
	at org.apache.tomcat.util.net.NioEndpoint.bind(NioEndpoint.java:210) ~[tomcat-embed-core-8.5.14.jar:8.5.14]
	at org.apache.tomcat.util.net.AbstractEndpoint.start(AbstractEndpoint.java:978) ~[tomcat-embed-core-8.5.14.jar:8.5.14]
	at org.apache.coyote.AbstractProtocol.start(AbstractProtocol.java:628) ~[tomcat-embed-core-8.5.14.jar:8.5.14]
	at org.apache.catalina.connector.Connector.startInternal(Connector.java:993) ~[tomcat-embed-core-8.5.14.jar:8.5.14]
	... 39 common frames omitted

2018-12-22 13:20:19.429  INFO 11736 --- [           main] o.apache.catalina.core.StandardService   : Stopping service Tomcat
2018-12-22 13:20:19.429  INFO 11736 --- [           main] utoConfigurationReportLoggingInitializer : 

Error starting ApplicationContext. To display the auto-configuration report re-run your application with 'debug' enabled.
2018-12-22 13:20:19.429 ERROR 11736 --- [           main] o.s.b.d.LoggingFailureAnalysisReporter   : 

***************************
APPLICATION FAILED TO START
***************************

Description:

The Tomcat connector configured to listen on port 8080 failed to start. The port may already be in use or the connector may be misconfigured.

Action:

Verify the connector's configuration, identify and stop any process that's listening on port 8080, or configure this application to listen on another port.

2018-12-22 13:20:19.429  INFO 11736 --- [           main] ationConfigEmbeddedWebApplicationContext : Closing org.springframework.boot.context.embedded.AnnotationConfigEmbeddedWebApplicationContext@fb70d7b: startup date [Sat Dec 22 13:20:17 IST 2018]; root of context hierarchy
2018-12-22 13:20:19.429  INFO 11736 --- [           main] o.z.vogon.web.PersistenceConfiguration   : Unloading JDBC drivers
2018-12-22 13:20:19.429  INFO 11736 --- [           main] j.LocalContainerEntityManagerFactoryBean : Closing JPA EntityManagerFactory for persistence unit 'VogonPU'
2018-12-22 13:20:19.429  INFO 11736 --- [           main] org.hibernate.orm.connections.pooling    : HHH10001008: Cleaning up connection pool [jdbc:h2:mem:test]
2018-12-22 13:20:19.429 ERROR 11736 --- [           main] o.s.test.context.TestContextManager      : Caught exception while allowing TestExecutionListener [org.springframework.boot.test.autoconfigure.SpringBootDependencyInjectionTestExecutionListener@671c93a5] to prepare test instance [org.zlogic.vogon.web.AuthenticationTest@764b217e]

java.lang.IllegalStateException: Failed to load ApplicationContext
	at org.springframework.test.context.cache.DefaultCacheAwareContextLoaderDelegate.loadContext(DefaultCacheAwareContextLoaderDelegate.java:124) ~[spring-test-4.3.8.RELEASE.jar:4.3.8.RELEASE]
	at org.springframework.test.context.support.DefaultTestContext.getApplicationContext(DefaultTestContext.java:83) ~[spring-test-4.3.8.RELEASE.jar:4.3.8.RELEASE]
	at org.springframework.boot.test.autoconfigure.SpringBootDependencyInjectionTestExecutionListener.prepareTestInstance(SpringBootDependencyInjectionTestExecutionListener.java:47) ~[spring-boot-test-autoconfigure-1.5.3.RELEASE.jar:1.5.3.RELEASE]
	at org.springframework.test.context.TestContextManager.prepareTestInstance(TestContextManager.java:230) ~[spring-test-4.3.8.RELEASE.jar:4.3.8.RELEASE]
	at org.springframework.test.context.junit4.SpringJUnit4ClassRunner.createTest(SpringJUnit4ClassRunner.java:228) [spring-test-4.3.8.RELEASE.jar:4.3.8.RELEASE]
	at org.springframework.test.context.junit4.SpringJUnit4ClassRunner$1.runReflectiveCall(SpringJUnit4ClassRunner.java:287) [spring-test-4.3.8.RELEASE.jar:4.3.8.RELEASE]
	at org.junit.internal.runners.model.ReflectiveCallable.run(ReflectiveCallable.java:12) [junit-4.12.jar:4.12]
	at org.springframework.test.context.junit4.SpringJUnit4ClassRunner.methodBlock(SpringJUnit4ClassRunner.java:289) [spring-test-4.3.8.RELEASE.jar:4.3.8.RELEASE]
	at org.springframework.test.context.junit4.SpringJUnit4ClassRunner.runChild(SpringJUnit4ClassRunner.java:247) [spring-test-4.3.8.RELEASE.jar:4.3.8.RELEASE]
	at org.springframework.test.context.junit4.SpringJUnit4ClassRunner.runChild(SpringJUnit4ClassRunner.java:94) [spring-test-4.3.8.RELEASE.jar:4.3.8.RELEASE]
	at org.junit.runners.ParentRunner$3.run(ParentRunner.java:290) [junit-4.12.jar:4.12]
	at org.junit.runners.ParentRunner$1.schedule(ParentRunner.java:71) [junit-4.12.jar:4.12]
	at org.junit.runners.ParentRunner.runChildren(ParentRunner.java:288) [junit-4.12.jar:4.12]
	at org.junit.runners.ParentRunner.access$000(ParentRunner.java:58) [junit-4.12.jar:4.12]
	at org.junit.runners.ParentRunner$2.evaluate(ParentRunner.java:268) [junit-4.12.jar:4.12]
	at org.springframework.test.context.junit4.statements.RunBeforeTestClassCallbacks.evaluate(RunBeforeTestClassCallbacks.java:61) [spring-test-4.3.8.RELEASE.jar:4.3.8.RELEASE]
	at org.springframework.test.context.junit4.statements.RunAfterTestClassCallbacks.evaluate(RunAfterTestClassCallbacks.java:70) [spring-test-4.3.8.RELEASE.jar:4.3.8.RELEASE]
	at org.junit.runners.ParentRunner.run(ParentRunner.java:363) [junit-4.12.jar:4.12]
	at org.springframework.test.context.junit4.SpringJUnit4ClassRunner.run(SpringJUnit4ClassRunner.java:191) [spring-test-4.3.8.RELEASE.jar:4.3.8.RELEASE]
	at org.apache.maven.surefire.junit4.JUnit4Provider.execute(JUnit4Provider.java:365) [surefire-junit4-2.20.jar:2.20]
	at org.apache.maven.surefire.junit4.JUnit4Provider.executeWithRerun(JUnit4Provider.java:272) [surefire-junit4-2.20.jar:2.20]
	at org.apache.maven.surefire.junit4.JUnit4Provider.executeTestSet(JUnit4Provider.java:236) [surefire-junit4-2.20.jar:2.20]
	at org.apache.maven.surefire.junit4.JUnit4Provider.invoke(JUnit4Provider.java:159) [surefire-junit4-2.20.jar:2.20]
	at org.apache.maven.surefire.booter.ForkedBooter.invokeProviderInSameClassLoader(ForkedBooter.java:386) [surefire-booter-2.20.jar:2.20]
	at org.apache.maven.surefire.booter.ForkedBooter.runSuitesInProcess(ForkedBooter.java:323) [surefire-booter-2.20.jar:2.20]
	at org.apache.maven.surefire.booter.ForkedBooter.main(ForkedBooter.java:143) [surefire-booter-2.20.jar:2.20]
Caused by: org.springframework.boot.context.embedded.tomcat.ConnectorStartFailedException: Connector configured to listen on port 8080 failed to start
	at org.springframework.boot.context.embedded.tomcat.TomcatEmbeddedServletContainer.checkThatConnectorsHaveStarted(TomcatEmbeddedServletContainer.java:219) ~[spring-boot-1.5.3.RELEASE.jar:1.5.3.RELEASE]
	at org.springframework.boot.context.embedded.tomcat.TomcatEmbeddedServletContainer.start(TomcatEmbeddedServletContainer.java:195) ~[spring-boot-1.5.3.RELEASE.jar:1.5.3.RELEASE]
	at org.springframework.boot.context.embedded.EmbeddedWebApplicationContext.startEmbeddedServletContainer(EmbeddedWebApplicationContext.java:297) ~[spring-boot-1.5.3.RELEASE.jar:1.5.3.RELEASE]
	at org.springframework.boot.context.embedded.EmbeddedWebApplicationContext.finishRefresh(EmbeddedWebApplicationContext.java:145) ~[spring-boot-1.5.3.RELEASE.jar:1.5.3.RELEASE]
	at org.springframework.context.support.AbstractApplicationContext.refresh(AbstractApplicationContext.java:545) ~[spring-context-4.3.8.RELEASE.jar:4.3.8.RELEASE]
	at org.springframework.boot.context.embedded.EmbeddedWebApplicationContext.refresh(EmbeddedWebApplicationContext.java:122) ~[spring-boot-1.5.3.RELEASE.jar:1.5.3.RELEASE]
	at org.springframework.boot.SpringApplication.refresh(SpringApplication.java:737) ~[spring-boot-1.5.3.RELEASE.jar:1.5.3.RELEASE]
	at org.springframework.boot.SpringApplication.refreshContext(SpringApplication.java:370) ~[spring-boot-1.5.3.RELEASE.jar:1.5.3.RELEASE]
	at org.springframework.boot.SpringApplication.run(SpringApplication.java:314) ~[spring-boot-1.5.3.RELEASE.jar:1.5.3.RELEASE]
	at org.springframework.boot.test.context.SpringBootContextLoader.loadContext(SpringBootContextLoader.java:120) ~[spring-boot-test-1.5.3.RELEASE.jar:1.5.3.RELEASE]
	at org.springframework.test.context.cache.DefaultCacheAwareContextLoaderDelegate.loadContextInternal(DefaultCacheAwareContextLoaderDelegate.java:98) ~[spring-test-4.3.8.RELEASE.jar:4.3.8.RELEASE]
	at org.springframework.test.context.cache.DefaultCacheAwareContextLoaderDelegate.loadContext(DefaultCacheAwareContextLoaderDelegate.java:116) ~[spring-test-4.3.8.RELEASE.jar:4.3.8.RELEASE]
	... 25 common frames omitted

]]></system-out>
  </testcase>
  <testcase name="testAuthenticationInvalidTokenPassword" classname="org.zlogic.vogon.web.AuthenticationTest" time="0">
    <error message="Failed to load ApplicationContext" type="java.lang.IllegalStateException">java.lang.IllegalStateException: Failed to load ApplicationContext
Caused by: org.springframework.boot.context.embedded.tomcat.ConnectorStartFailedException: Connector configured to listen on port 8080 failed to start
</error>
    <system-out><![CDATA[
  .   ____          _            __ _ _
 /\\ / ___'_ __ _ _(_)_ __  __ _ \ \ \ \
( ( )\___ | '_ | '_| | '_ \/ _` | \ \ \ \
 \\/  ___)| |_)| | | | | || (_| |  ) ) ) )
  '  |____| .__|_| |_|_| |_\__, | / / / /
 =========|_|==============|___/=/_/_/_/
 :: Spring Boot ::        (v1.5.3.RELEASE)

2018-12-22 13:20:19.460  INFO 11736 --- [           main] org.zlogic.vogon.web.AuthenticationTest  : Starting AuthenticationTest on GOPAL with PID 11736 (started by GOPAL$ in C:\Program Files (x86)\Jenkins\workspace\Maven_project\vogon-web)
2018-12-22 13:20:19.460  INFO 11736 --- [           main] org.zlogic.vogon.web.AuthenticationTest  : No active profile set, falling back to default profiles: default
2018-12-22 13:20:19.460  INFO 11736 --- [           main] ationConfigEmbeddedWebApplicationContext : Refreshing org.springframework.boot.context.embedded.AnnotationConfigEmbeddedWebApplicationContext@49f4bf7: startup date [Sat Dec 22 13:20:19 IST 2018]; root of context hierarchy
2018-12-22 13:20:19.734  INFO 11736 --- [           main] o.s.b.f.s.DefaultListableBeanFactory     : Overriding bean definition for bean 'entityManagerFactory' with a different definition: replacing [Root bean: class [null]; scope=; abstract=false; lazyInit=false; autowireMode=3; dependencyCheck=0; autowireCandidate=true; primary=false; factoryBeanName=persistenceConfiguration; factoryMethodName=entityManagerFactory; initMethodName=null; destroyMethodName=(inferred); defined in class path resource [org/zlogic/vogon/web/PersistenceConfiguration.class]] with [Root bean: class [null]; scope=; abstract=false; lazyInit=false; autowireMode=3; dependencyCheck=0; autowireCandidate=true; primary=false; factoryBeanName=databaseConfiguration; factoryMethodName=entityManagerFactory; initMethodName=null; destroyMethodName=(inferred); defined in org.zlogic.vogon.web.DatabaseConfiguration]
2018-12-22 13:20:19.857  INFO 11736 --- [           main] trationDelegate$BeanPostProcessorChecker : Bean 'org.springframework.security.config.annotation.configuration.ObjectPostProcessorConfiguration' of type [org.springframework.security.config.annotation.configuration.ObjectPostProcessorConfiguration$$EnhancerBySpringCGLIB$$be8c3acc] is not eligible for getting processed by all BeanPostProcessors (for example: not eligible for auto-proxying)
2018-12-22 13:20:19.857  INFO 11736 --- [           main] trationDelegate$BeanPostProcessorChecker : Bean 'objectPostProcessor' of type [org.springframework.security.config.annotation.configuration.AutowireBeanFactoryObjectPostProcessor] is not eligible for getting processed by all BeanPostProcessors (for example: not eligible for auto-proxying)
2018-12-22 13:20:19.872  INFO 11736 --- [           main] trationDelegate$BeanPostProcessorChecker : Bean 'org.springframework.security.access.expression.method.DefaultMethodSecurityExpressionHandler@c258a5e' of type [org.springframework.security.oauth2.provider.expression.OAuth2MethodSecurityExpressionHandler] is not eligible for getting processed by all BeanPostProcessors (for example: not eligible for auto-proxying)
2018-12-22 13:20:19.872  INFO 11736 --- [           main] trationDelegate$BeanPostProcessorChecker : Bean 'org.springframework.security.config.annotation.method.configuration.GlobalMethodSecurityConfiguration' of type [org.springframework.security.config.annotation.method.configuration.GlobalMethodSecurityConfiguration$$EnhancerBySpringCGLIB$$e360dd7e] is not eligible for getting processed by all BeanPostProcessors (for example: not eligible for auto-proxying)
2018-12-22 13:20:19.872  INFO 11736 --- [           main] trationDelegate$BeanPostProcessorChecker : Bean 'methodSecurityMetadataSource' of type [org.springframework.security.access.method.DelegatingMethodSecurityMetadataSource] is not eligible for getting processed by all BeanPostProcessors (for example: not eligible for auto-proxying)
2018-12-22 13:20:19.872  INFO 11736 --- [           main] trationDelegate$BeanPostProcessorChecker : Bean 'org.springframework.transaction.annotation.ProxyTransactionManagementConfiguration' of type [org.springframework.transaction.annotation.ProxyTransactionManagementConfiguration$$EnhancerBySpringCGLIB$$25de7292] is not eligible for getting processed by all BeanPostProcessors (for example: not eligible for auto-proxying)
2018-12-22 13:20:19.888  INFO 11736 --- [           main] trationDelegate$BeanPostProcessorChecker : Bean 'security.oauth2.client-org.springframework.boot.autoconfigure.security.oauth2.OAuth2ClientProperties' of type [org.springframework.boot.autoconfigure.security.oauth2.OAuth2ClientProperties] is not eligible for getting processed by all BeanPostProcessors (for example: not eligible for auto-proxying)
2018-12-22 13:20:19.888  INFO 11736 --- [           main] trationDelegate$BeanPostProcessorChecker : Bean 'org.springframework.boot.autoconfigure.security.oauth2.OAuth2AutoConfiguration' of type [org.springframework.boot.autoconfigure.security.oauth2.OAuth2AutoConfiguration$$EnhancerBySpringCGLIB$$dd282e92] is not eligible for getting processed by all BeanPostProcessors (for example: not eligible for auto-proxying)
2018-12-22 13:20:19.904  INFO 11736 --- [           main] trationDelegate$BeanPostProcessorChecker : Bean 'resourceServerProperties' of type [org.springframework.boot.autoconfigure.security.oauth2.resource.ResourceServerProperties] is not eligible for getting processed by all BeanPostProcessors (for example: not eligible for auto-proxying)
2018-12-22 13:20:19.935  INFO 11736 --- [           main] org.zlogic.vogon.web.TomcatConfigurer    : Using keystore C:\Program Files (x86)\Jenkins\workspace\Maven_project\vogon-web\target/vogonweb.keystore with password ********
2018-12-22 13:20:19.951  INFO 11736 --- [           main] s.b.c.e.t.TomcatEmbeddedServletContainer : Tomcat initialized with port(s): 8080 (http) 8443 (https)
2018-12-22 13:20:19.951  INFO 11736 --- [           main] o.apache.catalina.core.StandardService   : Starting service Tomcat
2018-12-22 13:20:19.951  INFO 11736 --- [           main] org.apache.catalina.core.StandardEngine  : Starting Servlet Engine: Apache Tomcat/8.5.14
2018-12-22 13:20:19.982  INFO 11736 --- [ost-startStop-1] org.apache.jasper.servlet.TldScanner     : At least one JAR was scanned for TLDs yet contained no TLDs. Enable debug logging for this logger for a complete list of JARs that were scanned but no TLDs were found in them. Skipping unneeded JARs during scanning can improve startup time and JSP compilation time.
2018-12-22 13:20:19.982  INFO 11736 --- [ost-startStop-1] o.a.c.c.C.[Tomcat-52].[localhost].[/]    : Initializing Spring embedded WebApplicationContext
2018-12-22 13:20:19.982  INFO 11736 --- [ost-startStop-1] o.s.web.context.ContextLoader            : Root WebApplicationContext: initialization completed in 522 ms
2018-12-22 13:20:20.133  INFO 11736 --- [ost-startStop-1] o.s.b.w.servlet.FilterRegistrationBean   : Mapping filter: 'metricsFilter' to: [/*]
2018-12-22 13:20:20.133  INFO 11736 --- [ost-startStop-1] o.s.b.w.servlet.FilterRegistrationBean   : Mapping filter: 'characterEncodingFilter' to: [/*]
2018-12-22 13:20:20.133  INFO 11736 --- [ost-startStop-1] o.s.b.w.servlet.FilterRegistrationBean   : Mapping filter: 'hiddenHttpMethodFilter' to: [/*]
2018-12-22 13:20:20.133  INFO 11736 --- [ost-startStop-1] o.s.b.w.servlet.FilterRegistrationBean   : Mapping filter: 'httpPutFormContentFilter' to: [/*]
2018-12-22 13:20:20.133  INFO 11736 --- [ost-startStop-1] o.s.b.w.servlet.FilterRegistrationBean   : Mapping filter: 'requestContextFilter' to: [/*]
2018-12-22 13:20:20.133  INFO 11736 --- [ost-startStop-1] .s.DelegatingFilterProxyRegistrationBean : Mapping filter: 'springSecurityFilterChain' to: [/*]
2018-12-22 13:20:20.133  INFO 11736 --- [ost-startStop-1] o.s.b.w.servlet.FilterRegistrationBean   : Mapping filter: 'webRequestLoggingFilter' to: [/*]
2018-12-22 13:20:20.133  INFO 11736 --- [ost-startStop-1] o.s.b.w.servlet.FilterRegistrationBean   : Mapping filter: 'applicationContextIdFilter' to: [/*]
2018-12-22 13:20:20.133  INFO 11736 --- [ost-startStop-1] o.s.b.w.servlet.ServletRegistrationBean  : Mapping servlet: 'dispatcherServlet' to [/]
2018-12-22 13:20:20.148  INFO 11736 --- [           main] j.LocalContainerEntityManagerFactoryBean : Building JPA container EntityManagerFactory for persistence unit 'VogonPU'
2018-12-22 13:20:20.148  INFO 11736 --- [           main] o.hibernate.jpa.internal.util.LogHelper  : HHH000204: Processing PersistenceUnitInfo [
	name: VogonPU
	...]
2018-12-22 13:20:20.148  WARN 11736 --- [           main] org.hibernate.orm.connections.pooling    : HHH10001002: Using Hibernate built-in connection pool (not for production use!)
2018-12-22 13:20:20.148  INFO 11736 --- [           main] org.hibernate.orm.connections.pooling    : HHH10001005: using driver [org.h2.Driver] at URL [jdbc:h2:mem:test]
2018-12-22 13:20:20.148  INFO 11736 --- [           main] org.hibernate.orm.connections.pooling    : HHH10001001: Connection properties: {}
2018-12-22 13:20:20.148  INFO 11736 --- [           main] org.hibernate.orm.connections.pooling    : HHH10001003: Autocommit mode: false
2018-12-22 13:20:20.148  INFO 11736 --- [           main] .c.i.DriverManagerConnectionProviderImpl : HHH000115: Hibernate connection pool size: 20 (min=1)
2018-12-22 13:20:20.148  INFO 11736 --- [           main] org.hibernate.dialect.Dialect            : HHH000400: Using dialect: org.hibernate.dialect.H2Dialect
2018-12-22 13:20:20.180  INFO 11736 --- [           main] org.hibernate.orm.connections.access     : HHH10001501: Connection obtained from JdbcConnectionAccess [org.hibernate.engine.jdbc.env.internal.JdbcEnvironmentInitiator$ConnectionProviderJdbcConnectionAccess@23780b58] for (non-JTA) DDL execution was not in auto-commit mode; the Connection 'local transaction' will be committed and the Connection will be set into auto-commit mode.
2018-12-22 13:20:20.195  INFO 11736 --- [           main] j.LocalContainerEntityManagerFactoryBean : Initialized JPA EntityManagerFactory for persistence unit 'VogonPU'
2018-12-22 13:20:20.508  INFO 11736 --- [           main] .s.o.p.e.FrameworkEndpointHandlerMapping : Mapped "{[/oauth/authorize]}" onto public org.springframework.web.servlet.ModelAndView org.springframework.security.oauth2.provider.endpoint.AuthorizationEndpoint.authorize(java.util.Map<java.lang.String, java.lang.Object>,java.util.Map<java.lang.String, java.lang.String>,org.springframework.web.bind.support.SessionStatus,java.security.Principal)
2018-12-22 13:20:20.508  INFO 11736 --- [           main] .s.o.p.e.FrameworkEndpointHandlerMapping : Mapped "{[/oauth/authorize],methods=[POST],params=[user_oauth_approval]}" onto public org.springframework.web.servlet.View org.springframework.security.oauth2.provider.endpoint.AuthorizationEndpoint.approveOrDeny(java.util.Map<java.lang.String, java.lang.String>,java.util.Map<java.lang.String, ?>,org.springframework.web.bind.support.SessionStatus,java.security.Principal)
2018-12-22 13:20:20.508  INFO 11736 --- [           main] .s.o.p.e.FrameworkEndpointHandlerMapping : Mapped "{[/oauth/token],methods=[GET]}" onto public org.springframework.http.ResponseEntity<org.springframework.security.oauth2.common.OAuth2AccessToken> org.springframework.security.oauth2.provider.endpoint.TokenEndpoint.getAccessToken(java.security.Principal,java.util.Map<java.lang.String, java.lang.String>) throws org.springframework.web.HttpRequestMethodNotSupportedException
2018-12-22 13:20:20.508  INFO 11736 --- [           main] .s.o.p.e.FrameworkEndpointHandlerMapping : Mapped "{[/oauth/token],methods=[POST]}" onto public org.springframework.http.ResponseEntity<org.springframework.security.oauth2.common.OAuth2AccessToken> org.springframework.security.oauth2.provider.endpoint.TokenEndpoint.postAccessToken(java.security.Principal,java.util.Map<java.lang.String, java.lang.String>) throws org.springframework.web.HttpRequestMethodNotSupportedException
2018-12-22 13:20:20.508  INFO 11736 --- [           main] .s.o.p.e.FrameworkEndpointHandlerMapping : Mapped "{[/oauth/check_token]}" onto public java.util.Map<java.lang.String, ?> org.springframework.security.oauth2.provider.endpoint.CheckTokenEndpoint.checkToken(java.lang.String)
2018-12-22 13:20:20.508  INFO 11736 --- [           main] .s.o.p.e.FrameworkEndpointHandlerMapping : Mapped "{[/oauth/confirm_access]}" onto public org.springframework.web.servlet.ModelAndView org.springframework.security.oauth2.provider.endpoint.WhitelabelApprovalEndpoint.getAccessConfirmation(java.util.Map<java.lang.String, java.lang.Object>,javax.servlet.http.HttpServletRequest) throws java.lang.Exception
2018-12-22 13:20:20.508  INFO 11736 --- [           main] .s.o.p.e.FrameworkEndpointHandlerMapping : Mapped "{[/oauth/error]}" onto public org.springframework.web.servlet.ModelAndView org.springframework.security.oauth2.provider.endpoint.WhitelabelErrorEndpoint.handleError(javax.servlet.http.HttpServletRequest)
2018-12-22 13:20:20.695  INFO 11736 --- [           main] o.s.s.web.DefaultSecurityFilterChain     : Creating filter chain: OrRequestMatcher [requestMatchers=[Ant [pattern='/oauth/token'], Ant [pattern='/oauth/token_key'], Ant [pattern='/oauth/check_token']]], [org.springframework.security.web.context.request.async.WebAsyncManagerIntegrationFilter@498a33da, org.springframework.security.web.context.SecurityContextPersistenceFilter@397ae942, org.springframework.security.web.header.HeaderWriterFilter@3b31d050, org.springframework.security.web.authentication.logout.LogoutFilter@5e202cb5, org.springframework.security.oauth2.provider.client.ClientCredentialsTokenEndpointFilter@27d72d6e, org.springframework.security.web.authentication.www.BasicAuthenticationFilter@1048d8e0, org.springframework.security.web.savedrequest.RequestCacheAwareFilter@55b0b5e5, org.springframework.security.web.servletapi.SecurityContextHolderAwareRequestFilter@60b65c53, org.springframework.security.web.authentication.AnonymousAuthenticationFilter@3d22eeb, org.springframework.security.web.session.SessionManagementFilter@510de4b4, org.springframework.security.web.access.ExceptionTranslationFilter@260945e5, org.springframework.security.web.access.intercept.FilterSecurityInterceptor@40208af9]
2018-12-22 13:20:20.695  INFO 11736 --- [           main] o.s.s.web.DefaultSecurityFilterChain     : Creating filter chain: org.springframework.boot.actuate.autoconfigure.ManagementWebSecurityAutoConfiguration$LazyEndpointPathRequestMatcher@577037bc, [org.springframework.security.web.context.request.async.WebAsyncManagerIntegrationFilter@41a3c30f, org.springframework.security.web.context.SecurityContextPersistenceFilter@194642eb, org.springframework.security.web.header.HeaderWriterFilter@2b368f3d, org.springframework.security.web.authentication.logout.LogoutFilter@6e8249c6, org.springframework.security.web.authentication.www.BasicAuthenticationFilter@3f25b36b, org.springframework.security.web.savedrequest.RequestCacheAwareFilter@4f7e4713, org.springframework.security.web.servletapi.SecurityContextHolderAwareRequestFilter@502e66a6, org.springframework.security.web.authentication.AnonymousAuthenticationFilter@3ba37ed9, org.springframework.security.web.session.SessionManagementFilter@5fac27d2, org.springframework.security.web.access.ExceptionTranslationFilter@2b2fb828, org.springframework.security.web.access.intercept.FilterSecurityInterceptor@43c727ad]
2018-12-22 13:20:20.711  INFO 11736 --- [           main] o.s.s.w.a.c.ChannelProcessingFilter      : Validated configuration attributes
2018-12-22 13:20:20.711  INFO 11736 --- [           main] o.s.s.web.DefaultSecurityFilterChain     : Creating filter chain: org.springframework.security.oauth2.config.annotation.web.configuration.ResourceServerConfiguration$NotOAuthRequestMatcher@4aea0b04, [org.springframework.security.web.access.channel.ChannelProcessingFilter@1751f9e1, org.springframework.security.web.context.request.async.WebAsyncManagerIntegrationFilter@712a2798, org.springframework.security.web.context.SecurityContextPersistenceFilter@e16415f, org.springframework.security.web.header.HeaderWriterFilter@2fdadb1a, org.springframework.security.web.authentication.logout.LogoutFilter@75075bee, org.springframework.security.oauth2.provider.authentication.OAuth2AuthenticationProcessingFilter@48937734, org.springframework.security.web.savedrequest.RequestCacheAwareFilter@53dfab20, org.springframework.security.web.servletapi.SecurityContextHolderAwareRequestFilter@2aa4a84a, org.springframework.security.web.authentication.AnonymousAuthenticationFilter@61593f0e, org.springframework.security.web.session.SessionManagementFilter@12bdafa, org.springframework.security.web.access.ExceptionTranslationFilter@eea6fc2, org.springframework.security.web.access.intercept.FilterSecurityInterceptor@32063b8a]
2018-12-22 13:20:20.789  INFO 11736 --- [           main] s.w.s.m.m.a.RequestMappingHandlerAdapter : Looking for @ControllerAdvice: org.springframework.boot.context.embedded.AnnotationConfigEmbeddedWebApplicationContext@49f4bf7: startup date [Sat Dec 22 13:20:19 IST 2018]; root of context hierarchy
2018-12-22 13:20:20.804  INFO 11736 --- [           main] s.w.s.m.m.a.RequestMappingHandlerMapping : Mapped "{[/service/accounts],methods=[GET],produces=[application/json]}" onto public java.util.Collection<org.zlogic.vogon.data.FinanceAccount> org.zlogic.vogon.web.controller.AccountsController.getAllAccounts(org.zlogic.vogon.web.security.VogonSecurityUser)
2018-12-22 13:20:20.804  INFO 11736 --- [           main] s.w.s.m.m.a.RequestMappingHandlerMapping : Mapped "{[/service/accounts],methods=[POST],produces=[application/json]}" onto public java.util.Collection<org.zlogic.vogon.data.FinanceAccount> org.zlogic.vogon.web.controller.AccountsController.updateAccounts(java.util.Collection<org.zlogic.vogon.data.FinanceAccount>,org.zlogic.vogon.web.security.VogonSecurityUser)
2018-12-22 13:20:20.804  INFO 11736 --- [           main] s.w.s.m.m.a.RequestMappingHandlerMapping : Mapped "{[/service/analytics/tags],methods=[GET],produces=[application/json]}" onto public java.util.Set<java.lang.String> org.zlogic.vogon.web.controller.AnalyticsController.getAllTags(org.zlogic.vogon.web.security.VogonSecurityUser)
2018-12-22 13:20:20.804  INFO 11736 --- [           main] s.w.s.m.m.a.RequestMappingHandlerMapping : Mapped "{[/service/analytics],methods=[POST],produces=[application/json]}" onto public java.util.Map<java.lang.String, org.zlogic.vogon.data.report.Report> org.zlogic.vogon.web.controller.AnalyticsController.getReport(org.zlogic.vogon.data.report.ReportFactory,org.zlogic.vogon.web.security.VogonSecurityUser)
2018-12-22 13:20:20.804  INFO 11736 --- [           main] s.w.s.m.m.a.RequestMappingHandlerMapping : Mapped "{[/service/currencies],methods=[GET],produces=[application/json]}" onto public java.util.Collection<org.zlogic.vogon.web.data.model.CurrencyDetails> org.zlogic.vogon.web.controller.CurrenciesController.getAllCurrencies()
2018-12-22 13:20:20.804  INFO 11736 --- [           main] s.w.s.m.m.a.RequestMappingHandlerMapping : Mapped "{[/service/export],methods=[GET || POST]}" onto public org.springframework.http.HttpEntity<byte[]> org.zlogic.vogon.web.controller.DataController.exportDataJSON(org.zlogic.vogon.web.security.VogonSecurityUser) throws java.lang.RuntimeException
2018-12-22 13:20:20.804  INFO 11736 --- [           main] s.w.s.m.m.a.RequestMappingHandlerMapping : Mapped "{[/service/import],methods=[POST],consumes=[multipart/form-data],produces=[application/json]}" onto public java.lang.Boolean org.zlogic.vogon.web.controller.DataController.importData(org.springframework.web.multipart.MultipartFile,org.zlogic.vogon.web.security.VogonSecurityUser) throws java.lang.RuntimeException
2018-12-22 13:20:20.804  INFO 11736 --- [           main] s.w.s.m.m.a.RequestMappingHandlerMapping : Mapped "{[/fragments/{fragment}.fragment]}" onto public org.springframework.web.servlet.ModelAndView org.zlogic.vogon.web.controller.JspController.fragmentModelAndView(java.lang.String)
2018-12-22 13:20:20.804  INFO 11736 --- [           main] s.w.s.m.m.a.RequestMappingHandlerMapping : Mapped "{[/]}" onto public org.springframework.web.servlet.ModelAndView org.zlogic.vogon.web.controller.JspController.indexModelAndView()
2018-12-22 13:20:20.804  INFO 11736 --- [           main] s.w.s.m.m.a.RequestMappingHandlerMapping : Mapped "{[/oauth/logout],methods=[POST]}" onto public void org.zlogic.vogon.web.controller.LogoutController.logout(org.springframework.security.oauth2.provider.OAuth2Authentication) throws org.zlogic.vogon.web.security.UsernameExistsException
2018-12-22 13:20:20.804  INFO 11736 --- [           main] s.w.s.m.m.a.RequestMappingHandlerMapping : Mapped "{[/register],methods=[POST],produces=[application/json]}" onto public org.zlogic.vogon.data.VogonUser org.zlogic.vogon.web.controller.RegistrationController.register(org.zlogic.vogon.data.VogonUser) throws org.zlogic.vogon.web.security.UsernameExistsException
2018-12-22 13:20:20.804  INFO 11736 --- [           main] s.w.s.m.m.a.RequestMappingHandlerMapping : Mapped "{[/service/transactions/transaction/{id}],methods=[GET],produces=[application/json]}" onto public org.zlogic.vogon.web.data.model.FinanceTransactionJson org.zlogic.vogon.web.controller.TransactionsController.getTransaction(long,org.zlogic.vogon.web.security.VogonSecurityUser)
2018-12-22 13:20:20.804  INFO 11736 --- [           main] s.w.s.m.m.a.RequestMappingHandlerMapping : Mapped "{[/service/transactions],methods=[GET],produces=[application/json]}" onto public java.util.Collection<org.zlogic.vogon.web.data.model.FinanceTransactionJson> org.zlogic.vogon.web.controller.TransactionsController.getTransactions(java.lang.Integer,org.zlogic.vogon.web.controller.TransactionsController$SortColumn,org.springframework.data.domain.Sort$Direction,java.lang.String,java.util.Date,java.util.Collection<java.lang.String>,org.zlogic.vogon.web.security.VogonSecurityUser)
2018-12-22 13:20:20.804  INFO 11736 --- [           main] s.w.s.m.m.a.RequestMappingHandlerMapping : Mapped "{[/service/transactions],methods=[POST],produces=[application/json]}" onto public org.zlogic.vogon.web.data.model.FinanceTransactionJson org.zlogic.vogon.web.controller.TransactionsController.submitTransaction(org.zlogic.vogon.web.data.model.FinanceTransactionJson,org.zlogic.vogon.web.security.VogonSecurityUser)
2018-12-22 13:20:20.804  INFO 11736 --- [           main] s.w.s.m.m.a.RequestMappingHandlerMapping : Mapped "{[/service/transactions/pages],methods=[GET],produces=[application/json]}" onto public long org.zlogic.vogon.web.controller.TransactionsController.getTransactionsCount(org.zlogic.vogon.web.security.VogonSecurityUser)
2018-12-22 13:20:20.804  INFO 11736 --- [           main] s.w.s.m.m.a.RequestMappingHandlerMapping : Mapped "{[/service/transactions/transaction/{id}],methods=[DELETE],produces=[application/json]}" onto public org.zlogic.vogon.web.data.model.FinanceTransactionJson org.zlogic.vogon.web.controller.TransactionsController.deleteTransaction(long,org.zlogic.vogon.web.security.VogonSecurityUser)
2018-12-22 13:20:20.804  INFO 11736 --- [           main] s.w.s.m.m.a.RequestMappingHandlerMapping : Mapped "{[/service/user],methods=[POST],produces=[application/json]}" onto public org.zlogic.vogon.data.VogonUser org.zlogic.vogon.web.controller.UsersController.submitUser(org.zlogic.vogon.data.VogonUser,org.zlogic.vogon.web.security.VogonSecurityUser) throws org.zlogic.vogon.web.security.UsernameExistsException
2018-12-22 13:20:20.804  INFO 11736 --- [           main] s.w.s.m.m.a.RequestMappingHandlerMapping : Mapped "{[/service/user],methods=[GET],produces=[application/json]}" onto public org.zlogic.vogon.data.VogonUser org.zlogic.vogon.web.controller.UsersController.getUserData(org.zlogic.vogon.web.security.VogonSecurityUser)
2018-12-22 13:20:20.804  INFO 11736 --- [           main] s.w.s.m.m.a.RequestMappingHandlerMapping : Mapped "{[/error]}" onto public org.springframework.http.ResponseEntity<java.util.Map<java.lang.String, java.lang.Object>> org.springframework.boot.autoconfigure.web.BasicErrorController.error(javax.servlet.http.HttpServletRequest)
2018-12-22 13:20:20.804  INFO 11736 --- [           main] s.w.s.m.m.a.RequestMappingHandlerMapping : Mapped "{[/error],produces=[text/html]}" onto public org.springframework.web.servlet.ModelAndView org.springframework.boot.autoconfigure.web.BasicErrorController.errorHtml(javax.servlet.http.HttpServletRequest,javax.servlet.http.HttpServletResponse)
2018-12-22 13:20:20.820  INFO 11736 --- [           main] o.s.w.s.handler.SimpleUrlHandlerMapping  : Root mapping to handler of type [class org.springframework.web.servlet.mvc.ParameterizableViewController]
2018-12-22 13:20:20.984  INFO 11736 --- [           main] o.s.w.s.handler.SimpleUrlHandlerMapping  : Mapped URL path [/webjars/**] onto handler of type [class org.springframework.web.servlet.resource.ResourceHttpRequestHandler]
2018-12-22 13:20:20.984  INFO 11736 --- [           main] o.s.w.s.handler.SimpleUrlHandlerMapping  : Mapped URL path [/**] onto handler of type [class org.springframework.web.servlet.resource.ResourceHttpRequestHandler]
2018-12-22 13:20:20.984  INFO 11736 --- [           main] o.s.w.s.handler.SimpleUrlHandlerMapping  : Mapped URL path [/**] onto handler of type [class org.springframework.web.servlet.resource.DefaultServletHttpRequestHandler]
2018-12-22 13:20:20.999  INFO 11736 --- [           main] o.s.w.s.handler.SimpleUrlHandlerMapping  : Mapped URL path [/**/favicon.ico] onto handler of type [class org.springframework.web.servlet.resource.ResourceHttpRequestHandler]
2018-12-22 13:20:21.175  INFO 11736 --- [           main] o.s.b.a.e.mvc.EndpointHandlerMapping     : Mapped "{[/dump || /dump.json],methods=[GET],produces=[application/vnd.spring-boot.actuator.v1+json || application/json]}" onto public java.lang.Object org.springframework.boot.actuate.endpoint.mvc.EndpointMvcAdapter.invoke()
2018-12-22 13:20:21.175  INFO 11736 --- [           main] o.s.b.a.e.mvc.EndpointHandlerMapping     : Mapped "{[/mappings || /mappings.json],methods=[GET],produces=[application/vnd.spring-boot.actuator.v1+json || application/json]}" onto public java.lang.Object org.springframework.boot.actuate.endpoint.mvc.EndpointMvcAdapter.invoke()
2018-12-22 13:20:21.175  INFO 11736 --- [           main] o.s.b.a.e.mvc.EndpointHandlerMapping     : Mapped "{[/configprops || /configprops.json],methods=[GET],produces=[application/vnd.spring-boot.actuator.v1+json || application/json]}" onto public java.lang.Object org.springframework.boot.actuate.endpoint.mvc.EndpointMvcAdapter.invoke()
2018-12-22 13:20:21.175  INFO 11736 --- [           main] o.s.b.a.e.mvc.EndpointHandlerMapping     : Mapped "{[/beans || /beans.json],methods=[GET],produces=[application/vnd.spring-boot.actuator.v1+json || application/json]}" onto public java.lang.Object org.springframework.boot.actuate.endpoint.mvc.EndpointMvcAdapter.invoke()
2018-12-22 13:20:21.175  INFO 11736 --- [           main] o.s.b.a.e.mvc.EndpointHandlerMapping     : Mapped "{[/info || /info.json],methods=[GET],produces=[application/vnd.spring-boot.actuator.v1+json || application/json]}" onto public java.lang.Object org.springframework.boot.actuate.endpoint.mvc.EndpointMvcAdapter.invoke()
2018-12-22 13:20:21.175  INFO 11736 --- [           main] o.s.b.a.e.mvc.EndpointHandlerMapping     : Mapped "{[/health || /health.json],methods=[GET],produces=[application/vnd.spring-boot.actuator.v1+json || application/json]}" onto public java.lang.Object org.springframework.boot.actuate.endpoint.mvc.HealthMvcEndpoint.invoke(javax.servlet.http.HttpServletRequest,java.security.Principal)
2018-12-22 13:20:21.175  INFO 11736 --- [           main] o.s.b.a.e.mvc.EndpointHandlerMapping     : Mapped "{[/trace || /trace.json],methods=[GET],produces=[application/vnd.spring-boot.actuator.v1+json || application/json]}" onto public java.lang.Object org.springframework.boot.actuate.endpoint.mvc.EndpointMvcAdapter.invoke()
2018-12-22 13:20:21.175  INFO 11736 --- [           main] o.s.b.a.e.mvc.EndpointHandlerMapping     : Mapped "{[/auditevents || /auditevents.json],methods=[GET],produces=[application/vnd.spring-boot.actuator.v1+json || application/json]}" onto public org.springframework.http.ResponseEntity<?> org.springframework.boot.actuate.endpoint.mvc.AuditEventsMvcEndpoint.findByPrincipalAndAfterAndType(java.lang.String,java.util.Date,java.lang.String)
2018-12-22 13:20:21.175  INFO 11736 --- [           main] o.s.b.a.e.mvc.EndpointHandlerMapping     : Mapped "{[/env/{name:.*}],methods=[GET],produces=[application/vnd.spring-boot.actuator.v1+json || application/json]}" onto public java.lang.Object org.springframework.boot.actuate.endpoint.mvc.EnvironmentMvcEndpoint.value(java.lang.String)
2018-12-22 13:20:21.175  INFO 11736 --- [           main] o.s.b.a.e.mvc.EndpointHandlerMapping     : Mapped "{[/env || /env.json],methods=[GET],produces=[application/vnd.spring-boot.actuator.v1+json || application/json]}" onto public java.lang.Object org.springframework.boot.actuate.endpoint.mvc.EndpointMvcAdapter.invoke()
2018-12-22 13:20:21.175  INFO 11736 --- [           main] o.s.b.a.e.mvc.EndpointHandlerMapping     : Mapped "{[/heapdump || /heapdump.json],methods=[GET],produces=[application/octet-stream]}" onto public void org.springframework.boot.actuate.endpoint.mvc.HeapdumpMvcEndpoint.invoke(boolean,javax.servlet.http.HttpServletRequest,javax.servlet.http.HttpServletResponse) throws java.io.IOException,javax.servlet.ServletException
2018-12-22 13:20:21.175  INFO 11736 --- [           main] o.s.b.a.e.mvc.EndpointHandlerMapping     : Mapped "{[/metrics/{name:.*}],methods=[GET],produces=[application/vnd.spring-boot.actuator.v1+json || application/json]}" onto public java.lang.Object org.springframework.boot.actuate.endpoint.mvc.MetricsMvcEndpoint.value(java.lang.String)
2018-12-22 13:20:21.175  INFO 11736 --- [           main] o.s.b.a.e.mvc.EndpointHandlerMapping     : Mapped "{[/metrics || /metrics.json],methods=[GET],produces=[application/vnd.spring-boot.actuator.v1+json || application/json]}" onto public java.lang.Object org.springframework.boot.actuate.endpoint.mvc.EndpointMvcAdapter.invoke()
2018-12-22 13:20:21.175  INFO 11736 --- [           main] o.s.b.a.e.mvc.EndpointHandlerMapping     : Mapped "{[/autoconfig || /autoconfig.json],methods=[GET],produces=[application/vnd.spring-boot.actuator.v1+json || application/json]}" onto public java.lang.Object org.springframework.boot.actuate.endpoint.mvc.EndpointMvcAdapter.invoke()
2018-12-22 13:20:21.175  INFO 11736 --- [           main] o.s.b.a.e.mvc.EndpointHandlerMapping     : Mapped "{[/loggers/{name:.*}],methods=[GET],produces=[application/vnd.spring-boot.actuator.v1+json || application/json]}" onto public java.lang.Object org.springframework.boot.actuate.endpoint.mvc.LoggersMvcEndpoint.get(java.lang.String)
2018-12-22 13:20:21.175  INFO 11736 --- [           main] o.s.b.a.e.mvc.EndpointHandlerMapping     : Mapped "{[/loggers/{name:.*}],methods=[POST],consumes=[application/vnd.spring-boot.actuator.v1+json || application/json],produces=[application/vnd.spring-boot.actuator.v1+json || application/json]}" onto public java.lang.Object org.springframework.boot.actuate.endpoint.mvc.LoggersMvcEndpoint.set(java.lang.String,java.util.Map<java.lang.String, java.lang.String>)
2018-12-22 13:20:21.175  INFO 11736 --- [           main] o.s.b.a.e.mvc.EndpointHandlerMapping     : Mapped "{[/loggers || /loggers.json],methods=[GET],produces=[application/vnd.spring-boot.actuator.v1+json || application/json]}" onto public java.lang.Object org.springframework.boot.actuate.endpoint.mvc.EndpointMvcAdapter.invoke()
2018-12-22 13:20:21.269 ERROR 11736 --- [           main] o.a.coyote.http11.Http11NioProtocol      : Failed to start end point associated with ProtocolHandler ["http-nio-8080"]

java.net.BindException: Address already in use: bind
	at sun.nio.ch.Net.bind0(Native Method) ~[na:1.8.0_191]
	at sun.nio.ch.Net.bind(Net.java:433) ~[na:1.8.0_191]
	at sun.nio.ch.Net.bind(Net.java:425) ~[na:1.8.0_191]
	at sun.nio.ch.ServerSocketChannelImpl.bind(ServerSocketChannelImpl.java:223) ~[na:1.8.0_191]
	at sun.nio.ch.ServerSocketAdaptor.bind(ServerSocketAdaptor.java:74) ~[na:1.8.0_191]
	at org.apache.tomcat.util.net.NioEndpoint.bind(NioEndpoint.java:210) ~[tomcat-embed-core-8.5.14.jar:8.5.14]
	at org.apache.tomcat.util.net.AbstractEndpoint.start(AbstractEndpoint.java:978) ~[tomcat-embed-core-8.5.14.jar:8.5.14]
	at org.apache.coyote.AbstractProtocol.start(AbstractProtocol.java:628) ~[tomcat-embed-core-8.5.14.jar:8.5.14]
	at org.apache.catalina.connector.Connector.startInternal(Connector.java:993) [tomcat-embed-core-8.5.14.jar:8.5.14]
	at org.apache.catalina.util.LifecycleBase.start(LifecycleBase.java:150) [tomcat-embed-core-8.5.14.jar:8.5.14]
	at org.apache.catalina.core.StandardService.addConnector(StandardService.java:225) [tomcat-embed-core-8.5.14.jar:8.5.14]
	at org.springframework.boot.context.embedded.tomcat.TomcatEmbeddedServletContainer.addPreviouslyRemovedConnectors(TomcatEmbeddedServletContainer.java:247) [spring-boot-1.5.3.RELEASE.jar:1.5.3.RELEASE]
	at org.springframework.boot.context.embedded.tomcat.TomcatEmbeddedServletContainer.start(TomcatEmbeddedServletContainer.java:190) [spring-boot-1.5.3.RELEASE.jar:1.5.3.RELEASE]
	at org.springframework.boot.context.embedded.EmbeddedWebApplicationContext.startEmbeddedServletContainer(EmbeddedWebApplicationContext.java:297) [spring-boot-1.5.3.RELEASE.jar:1.5.3.RELEASE]
	at org.springframework.boot.context.embedded.EmbeddedWebApplicationContext.finishRefresh(EmbeddedWebApplicationContext.java:145) [spring-boot-1.5.3.RELEASE.jar:1.5.3.RELEASE]
	at org.springframework.context.support.AbstractApplicationContext.refresh(AbstractApplicationContext.java:545) [spring-context-4.3.8.RELEASE.jar:4.3.8.RELEASE]
	at org.springframework.boot.context.embedded.EmbeddedWebApplicationContext.refresh(EmbeddedWebApplicationContext.java:122) [spring-boot-1.5.3.RELEASE.jar:1.5.3.RELEASE]
	at org.springframework.boot.SpringApplication.refresh(SpringApplication.java:737) [spring-boot-1.5.3.RELEASE.jar:1.5.3.RELEASE]
	at org.springframework.boot.SpringApplication.refreshContext(SpringApplication.java:370) [spring-boot-1.5.3.RELEASE.jar:1.5.3.RELEASE]
	at org.springframework.boot.SpringApplication.run(SpringApplication.java:314) [spring-boot-1.5.3.RELEASE.jar:1.5.3.RELEASE]
	at org.springframework.boot.test.context.SpringBootContextLoader.loadContext(SpringBootContextLoader.java:120) [spring-boot-test-1.5.3.RELEASE.jar:1.5.3.RELEASE]
	at org.springframework.test.context.cache.DefaultCacheAwareContextLoaderDelegate.loadContextInternal(DefaultCacheAwareContextLoaderDelegate.java:98) [spring-test-4.3.8.RELEASE.jar:4.3.8.RELEASE]
	at org.springframework.test.context.cache.DefaultCacheAwareContextLoaderDelegate.loadContext(DefaultCacheAwareContextLoaderDelegate.java:116) [spring-test-4.3.8.RELEASE.jar:4.3.8.RELEASE]
	at org.springframework.test.context.support.DefaultTestContext.getApplicationContext(DefaultTestContext.java:83) [spring-test-4.3.8.RELEASE.jar:4.3.8.RELEASE]
	at org.springframework.test.context.support.DependencyInjectionTestExecutionListener.injectDependencies(DependencyInjectionTestExecutionListener.java:117) [spring-test-4.3.8.RELEASE.jar:4.3.8.RELEASE]
	at org.springframework.test.context.support.DependencyInjectionTestExecutionListener.prepareTestInstance(DependencyInjectionTestExecutionListener.java:83) [spring-test-4.3.8.RELEASE.jar:4.3.8.RELEASE]
	at org.springframework.boot.test.autoconfigure.SpringBootDependencyInjectionTestExecutionListener.prepareTestInstance(SpringBootDependencyInjectionTestExecutionListener.java:44) [spring-boot-test-autoconfigure-1.5.3.RELEASE.jar:1.5.3.RELEASE]
	at org.springframework.test.context.TestContextManager.prepareTestInstance(TestContextManager.java:230) [spring-test-4.3.8.RELEASE.jar:4.3.8.RELEASE]
	at org.springframework.test.context.junit4.SpringJUnit4ClassRunner.createTest(SpringJUnit4ClassRunner.java:228) [spring-test-4.3.8.RELEASE.jar:4.3.8.RELEASE]
	at org.springframework.test.context.junit4.SpringJUnit4ClassRunner$1.runReflectiveCall(SpringJUnit4ClassRunner.java:287) [spring-test-4.3.8.RELEASE.jar:4.3.8.RELEASE]
	at org.junit.internal.runners.model.ReflectiveCallable.run(ReflectiveCallable.java:12) [junit-4.12.jar:4.12]
	at org.springframework.test.context.junit4.SpringJUnit4ClassRunner.methodBlock(SpringJUnit4ClassRunner.java:289) [spring-test-4.3.8.RELEASE.jar:4.3.8.RELEASE]
	at org.springframework.test.context.junit4.SpringJUnit4ClassRunner.runChild(SpringJUnit4ClassRunner.java:247) [spring-test-4.3.8.RELEASE.jar:4.3.8.RELEASE]
	at org.springframework.test.context.junit4.SpringJUnit4ClassRunner.runChild(SpringJUnit4ClassRunner.java:94) [spring-test-4.3.8.RELEASE.jar:4.3.8.RELEASE]
	at org.junit.runners.ParentRunner$3.run(ParentRunner.java:290) [junit-4.12.jar:4.12]
	at org.junit.runners.ParentRunner$1.schedule(ParentRunner.java:71) [junit-4.12.jar:4.12]
	at org.junit.runners.ParentRunner.runChildren(ParentRunner.java:288) [junit-4.12.jar:4.12]
	at org.junit.runners.ParentRunner.access$000(ParentRunner.java:58) [junit-4.12.jar:4.12]
	at org.junit.runners.ParentRunner$2.evaluate(ParentRunner.java:268) [junit-4.12.jar:4.12]
	at org.springframework.test.context.junit4.statements.RunBeforeTestClassCallbacks.evaluate(RunBeforeTestClassCallbacks.java:61) [spring-test-4.3.8.RELEASE.jar:4.3.8.RELEASE]
	at org.springframework.test.context.junit4.statements.RunAfterTestClassCallbacks.evaluate(RunAfterTestClassCallbacks.java:70) [spring-test-4.3.8.RELEASE.jar:4.3.8.RELEASE]
	at org.junit.runners.ParentRunner.run(ParentRunner.java:363) [junit-4.12.jar:4.12]
	at org.springframework.test.context.junit4.SpringJUnit4ClassRunner.run(SpringJUnit4ClassRunner.java:191) [spring-test-4.3.8.RELEASE.jar:4.3.8.RELEASE]
	at org.apache.maven.surefire.junit4.JUnit4Provider.execute(JUnit4Provider.java:365) [surefire-junit4-2.20.jar:2.20]
	at org.apache.maven.surefire.junit4.JUnit4Provider.executeWithRerun(JUnit4Provider.java:272) [surefire-junit4-2.20.jar:2.20]
	at org.apache.maven.surefire.junit4.JUnit4Provider.executeTestSet(JUnit4Provider.java:236) [surefire-junit4-2.20.jar:2.20]
	at org.apache.maven.surefire.junit4.JUnit4Provider.invoke(JUnit4Provider.java:159) [surefire-junit4-2.20.jar:2.20]
	at org.apache.maven.surefire.booter.ForkedBooter.invokeProviderInSameClassLoader(ForkedBooter.java:386) [surefire-booter-2.20.jar:2.20]
	at org.apache.maven.surefire.booter.ForkedBooter.runSuitesInProcess(ForkedBooter.java:323) [surefire-booter-2.20.jar:2.20]
	at org.apache.maven.surefire.booter.ForkedBooter.main(ForkedBooter.java:143) [surefire-booter-2.20.jar:2.20]

2018-12-22 13:20:21.269 ERROR 11736 --- [           main] o.apache.catalina.core.StandardService   : Failed to start connector [Connector[HTTP/1.1-8080]]

org.apache.catalina.LifecycleException: Failed to start component [Connector[HTTP/1.1-8080]]
	at org.apache.catalina.util.LifecycleBase.start(LifecycleBase.java:167) ~[tomcat-embed-core-8.5.14.jar:8.5.14]
	at org.apache.catalina.core.StandardService.addConnector(StandardService.java:225) ~[tomcat-embed-core-8.5.14.jar:8.5.14]
	at org.springframework.boot.context.embedded.tomcat.TomcatEmbeddedServletContainer.addPreviouslyRemovedConnectors(TomcatEmbeddedServletContainer.java:247) [spring-boot-1.5.3.RELEASE.jar:1.5.3.RELEASE]
	at org.springframework.boot.context.embedded.tomcat.TomcatEmbeddedServletContainer.start(TomcatEmbeddedServletContainer.java:190) [spring-boot-1.5.3.RELEASE.jar:1.5.3.RELEASE]
	at org.springframework.boot.context.embedded.EmbeddedWebApplicationContext.startEmbeddedServletContainer(EmbeddedWebApplicationContext.java:297) [spring-boot-1.5.3.RELEASE.jar:1.5.3.RELEASE]
	at org.springframework.boot.context.embedded.EmbeddedWebApplicationContext.finishRefresh(EmbeddedWebApplicationContext.java:145) [spring-boot-1.5.3.RELEASE.jar:1.5.3.RELEASE]
	at org.springframework.context.support.AbstractApplicationContext.refresh(AbstractApplicationContext.java:545) [spring-context-4.3.8.RELEASE.jar:4.3.8.RELEASE]
	at org.springframework.boot.context.embedded.EmbeddedWebApplicationContext.refresh(EmbeddedWebApplicationContext.java:122) [spring-boot-1.5.3.RELEASE.jar:1.5.3.RELEASE]
	at org.springframework.boot.SpringApplication.refresh(SpringApplication.java:737) [spring-boot-1.5.3.RELEASE.jar:1.5.3.RELEASE]
	at org.springframework.boot.SpringApplication.refreshContext(SpringApplication.java:370) [spring-boot-1.5.3.RELEASE.jar:1.5.3.RELEASE]
	at org.springframework.boot.SpringApplication.run(SpringApplication.java:314) [spring-boot-1.5.3.RELEASE.jar:1.5.3.RELEASE]
	at org.springframework.boot.test.context.SpringBootContextLoader.loadContext(SpringBootContextLoader.java:120) [spring-boot-test-1.5.3.RELEASE.jar:1.5.3.RELEASE]
	at org.springframework.test.context.cache.DefaultCacheAwareContextLoaderDelegate.loadContextInternal(DefaultCacheAwareContextLoaderDelegate.java:98) [spring-test-4.3.8.RELEASE.jar:4.3.8.RELEASE]
	at org.springframework.test.context.cache.DefaultCacheAwareContextLoaderDelegate.loadContext(DefaultCacheAwareContextLoaderDelegate.java:116) [spring-test-4.3.8.RELEASE.jar:4.3.8.RELEASE]
	at org.springframework.test.context.support.DefaultTestContext.getApplicationContext(DefaultTestContext.java:83) [spring-test-4.3.8.RELEASE.jar:4.3.8.RELEASE]
	at org.springframework.test.context.support.DependencyInjectionTestExecutionListener.injectDependencies(DependencyInjectionTestExecutionListener.java:117) [spring-test-4.3.8.RELEASE.jar:4.3.8.RELEASE]
	at org.springframework.test.context.support.DependencyInjectionTestExecutionListener.prepareTestInstance(DependencyInjectionTestExecutionListener.java:83) [spring-test-4.3.8.RELEASE.jar:4.3.8.RELEASE]
	at org.springframework.boot.test.autoconfigure.SpringBootDependencyInjectionTestExecutionListener.prepareTestInstance(SpringBootDependencyInjectionTestExecutionListener.java:44) [spring-boot-test-autoconfigure-1.5.3.RELEASE.jar:1.5.3.RELEASE]
	at org.springframework.test.context.TestContextManager.prepareTestInstance(TestContextManager.java:230) [spring-test-4.3.8.RELEASE.jar:4.3.8.RELEASE]
	at org.springframework.test.context.junit4.SpringJUnit4ClassRunner.createTest(SpringJUnit4ClassRunner.java:228) [spring-test-4.3.8.RELEASE.jar:4.3.8.RELEASE]
	at org.springframework.test.context.junit4.SpringJUnit4ClassRunner$1.runReflectiveCall(SpringJUnit4ClassRunner.java:287) [spring-test-4.3.8.RELEASE.jar:4.3.8.RELEASE]
	at org.junit.internal.runners.model.ReflectiveCallable.run(ReflectiveCallable.java:12) [junit-4.12.jar:4.12]
	at org.springframework.test.context.junit4.SpringJUnit4ClassRunner.methodBlock(SpringJUnit4ClassRunner.java:289) [spring-test-4.3.8.RELEASE.jar:4.3.8.RELEASE]
	at org.springframework.test.context.junit4.SpringJUnit4ClassRunner.runChild(SpringJUnit4ClassRunner.java:247) [spring-test-4.3.8.RELEASE.jar:4.3.8.RELEASE]
	at org.springframework.test.context.junit4.SpringJUnit4ClassRunner.runChild(SpringJUnit4ClassRunner.java:94) [spring-test-4.3.8.RELEASE.jar:4.3.8.RELEASE]
	at org.junit.runners.ParentRunner$3.run(ParentRunner.java:290) [junit-4.12.jar:4.12]
	at org.junit.runners.ParentRunner$1.schedule(ParentRunner.java:71) [junit-4.12.jar:4.12]
	at org.junit.runners.ParentRunner.runChildren(ParentRunner.java:288) [junit-4.12.jar:4.12]
	at org.junit.runners.ParentRunner.access$000(ParentRunner.java:58) [junit-4.12.jar:4.12]
	at org.junit.runners.ParentRunner$2.evaluate(ParentRunner.java:268) [junit-4.12.jar:4.12]
	at org.springframework.test.context.junit4.statements.RunBeforeTestClassCallbacks.evaluate(RunBeforeTestClassCallbacks.java:61) [spring-test-4.3.8.RELEASE.jar:4.3.8.RELEASE]
	at org.springframework.test.context.junit4.statements.RunAfterTestClassCallbacks.evaluate(RunAfterTestClassCallbacks.java:70) [spring-test-4.3.8.RELEASE.jar:4.3.8.RELEASE]
	at org.junit.runners.ParentRunner.run(ParentRunner.java:363) [junit-4.12.jar:4.12]
	at org.springframework.test.context.junit4.SpringJUnit4ClassRunner.run(SpringJUnit4ClassRunner.java:191) [spring-test-4.3.8.RELEASE.jar:4.3.8.RELEASE]
	at org.apache.maven.surefire.junit4.JUnit4Provider.execute(JUnit4Provider.java:365) [surefire-junit4-2.20.jar:2.20]
	at org.apache.maven.surefire.junit4.JUnit4Provider.executeWithRerun(JUnit4Provider.java:272) [surefire-junit4-2.20.jar:2.20]
	at org.apache.maven.surefire.junit4.JUnit4Provider.executeTestSet(JUnit4Provider.java:236) [surefire-junit4-2.20.jar:2.20]
	at org.apache.maven.surefire.junit4.JUnit4Provider.invoke(JUnit4Provider.java:159) [surefire-junit4-2.20.jar:2.20]
	at org.apache.maven.surefire.booter.ForkedBooter.invokeProviderInSameClassLoader(ForkedBooter.java:386) [surefire-booter-2.20.jar:2.20]
	at org.apache.maven.surefire.booter.ForkedBooter.runSuitesInProcess(ForkedBooter.java:323) [surefire-booter-2.20.jar:2.20]
	at org.apache.maven.surefire.booter.ForkedBooter.main(ForkedBooter.java:143) [surefire-booter-2.20.jar:2.20]
Caused by: org.apache.catalina.LifecycleException: service.getName(): "Tomcat";  Protocol handler start failed
	at org.apache.catalina.connector.Connector.startInternal(Connector.java:1000) ~[tomcat-embed-core-8.5.14.jar:8.5.14]
	at org.apache.catalina.util.LifecycleBase.start(LifecycleBase.java:150) ~[tomcat-embed-core-8.5.14.jar:8.5.14]
	... 40 common frames omitted
Caused by: java.net.BindException: Address already in use: bind
	at sun.nio.ch.Net.bind0(Native Method) ~[na:1.8.0_191]
	at sun.nio.ch.Net.bind(Net.java:433) ~[na:1.8.0_191]
	at sun.nio.ch.Net.bind(Net.java:425) ~[na:1.8.0_191]
	at sun.nio.ch.ServerSocketChannelImpl.bind(ServerSocketChannelImpl.java:223) ~[na:1.8.0_191]
	at sun.nio.ch.ServerSocketAdaptor.bind(ServerSocketAdaptor.java:74) ~[na:1.8.0_191]
	at org.apache.tomcat.util.net.NioEndpoint.bind(NioEndpoint.java:210) ~[tomcat-embed-core-8.5.14.jar:8.5.14]
	at org.apache.tomcat.util.net.AbstractEndpoint.start(AbstractEndpoint.java:978) ~[tomcat-embed-core-8.5.14.jar:8.5.14]
	at org.apache.coyote.AbstractProtocol.start(AbstractProtocol.java:628) ~[tomcat-embed-core-8.5.14.jar:8.5.14]
	at org.apache.catalina.connector.Connector.startInternal(Connector.java:993) ~[tomcat-embed-core-8.5.14.jar:8.5.14]
	... 41 common frames omitted

2018-12-22 13:20:21.425  INFO 11736 --- [           main] o.apache.catalina.core.StandardService   : Stopping service Tomcat
2018-12-22 13:20:21.425  INFO 11736 --- [           main] utoConfigurationReportLoggingInitializer : 

Error starting ApplicationContext. To display the auto-configuration report re-run your application with 'debug' enabled.
2018-12-22 13:20:21.425 ERROR 11736 --- [           main] o.s.b.d.LoggingFailureAnalysisReporter   : 

***************************
APPLICATION FAILED TO START
***************************

Description:

The Tomcat connector configured to listen on port 8080 failed to start. The port may already be in use or the connector may be misconfigured.

Action:

Verify the connector's configuration, identify and stop any process that's listening on port 8080, or configure this application to listen on another port.

2018-12-22 13:20:21.425  INFO 11736 --- [           main] ationConfigEmbeddedWebApplicationContext : Closing org.springframework.boot.context.embedded.AnnotationConfigEmbeddedWebApplicationContext@49f4bf7: startup date [Sat Dec 22 13:20:19 IST 2018]; root of context hierarchy
2018-12-22 13:20:21.425  INFO 11736 --- [           main] o.z.vogon.web.PersistenceConfiguration   : Unloading JDBC drivers
2018-12-22 13:20:21.425  INFO 11736 --- [           main] j.LocalContainerEntityManagerFactoryBean : Closing JPA EntityManagerFactory for persistence unit 'VogonPU'
2018-12-22 13:20:21.425  INFO 11736 --- [           main] org.hibernate.orm.connections.pooling    : HHH10001008: Cleaning up connection pool [jdbc:h2:mem:test]

  .   ____          _            __ _ _
 /\\ / ___'_ __ _ _(_)_ __  __ _ \ \ \ \
( ( )\___ | '_ | '_| | '_ \/ _` | \ \ \ \
 \\/  ___)| |_)| | | | | || (_| |  ) ) ) )
  '  |____| .__|_| |_|_| |_\__, | / / / /
 =========|_|==============|___/=/_/_/_/
 :: Spring Boot ::        (v1.5.3.RELEASE)

2018-12-22 13:20:21.456  INFO 11736 --- [           main] org.zlogic.vogon.web.AuthenticationTest  : Starting AuthenticationTest on GOPAL with PID 11736 (started by GOPAL$ in C:\Program Files (x86)\Jenkins\workspace\Maven_project\vogon-web)
2018-12-22 13:20:21.456  INFO 11736 --- [           main] org.zlogic.vogon.web.AuthenticationTest  : No active profile set, falling back to default profiles: default
2018-12-22 13:20:21.456  INFO 11736 --- [           main] ationConfigEmbeddedWebApplicationContext : Refreshing org.springframework.boot.context.embedded.AnnotationConfigEmbeddedWebApplicationContext@2c0199a4: startup date [Sat Dec 22 13:20:21 IST 2018]; root of context hierarchy
2018-12-22 13:20:21.722  INFO 11736 --- [           main] o.s.b.f.s.DefaultListableBeanFactory     : Overriding bean definition for bean 'entityManagerFactory' with a different definition: replacing [Root bean: class [null]; scope=; abstract=false; lazyInit=false; autowireMode=3; dependencyCheck=0; autowireCandidate=true; primary=false; factoryBeanName=persistenceConfiguration; factoryMethodName=entityManagerFactory; initMethodName=null; destroyMethodName=(inferred); defined in class path resource [org/zlogic/vogon/web/PersistenceConfiguration.class]] with [Root bean: class [null]; scope=; abstract=false; lazyInit=false; autowireMode=3; dependencyCheck=0; autowireCandidate=true; primary=false; factoryBeanName=databaseConfiguration; factoryMethodName=entityManagerFactory; initMethodName=null; destroyMethodName=(inferred); defined in org.zlogic.vogon.web.DatabaseConfiguration]
2018-12-22 13:20:21.847  INFO 11736 --- [           main] trationDelegate$BeanPostProcessorChecker : Bean 'org.springframework.security.config.annotation.configuration.ObjectPostProcessorConfiguration' of type [org.springframework.security.config.annotation.configuration.ObjectPostProcessorConfiguration$$EnhancerBySpringCGLIB$$be8c3acc] is not eligible for getting processed by all BeanPostProcessors (for example: not eligible for auto-proxying)
2018-12-22 13:20:21.847  INFO 11736 --- [           main] trationDelegate$BeanPostProcessorChecker : Bean 'objectPostProcessor' of type [org.springframework.security.config.annotation.configuration.AutowireBeanFactoryObjectPostProcessor] is not eligible for getting processed by all BeanPostProcessors (for example: not eligible for auto-proxying)
2018-12-22 13:20:21.862  INFO 11736 --- [           main] trationDelegate$BeanPostProcessorChecker : Bean 'org.springframework.security.access.expression.method.DefaultMethodSecurityExpressionHandler@2e6ae625' of type [org.springframework.security.oauth2.provider.expression.OAuth2MethodSecurityExpressionHandler] is not eligible for getting processed by all BeanPostProcessors (for example: not eligible for auto-proxying)
2018-12-22 13:20:21.862  INFO 11736 --- [           main] trationDelegate$BeanPostProcessorChecker : Bean 'org.springframework.security.config.annotation.method.configuration.GlobalMethodSecurityConfiguration' of type [org.springframework.security.config.annotation.method.configuration.GlobalMethodSecurityConfiguration$$EnhancerBySpringCGLIB$$e360dd7e] is not eligible for getting processed by all BeanPostProcessors (for example: not eligible for auto-proxying)
2018-12-22 13:20:21.862  INFO 11736 --- [           main] trationDelegate$BeanPostProcessorChecker : Bean 'methodSecurityMetadataSource' of type [org.springframework.security.access.method.DelegatingMethodSecurityMetadataSource] is not eligible for getting processed by all BeanPostProcessors (for example: not eligible for auto-proxying)
2018-12-22 13:20:21.862  INFO 11736 --- [           main] trationDelegate$BeanPostProcessorChecker : Bean 'org.springframework.transaction.annotation.ProxyTransactionManagementConfiguration' of type [org.springframework.transaction.annotation.ProxyTransactionManagementConfiguration$$EnhancerBySpringCGLIB$$25de7292] is not eligible for getting processed by all BeanPostProcessors (for example: not eligible for auto-proxying)
2018-12-22 13:20:21.878  INFO 11736 --- [           main] trationDelegate$BeanPostProcessorChecker : Bean 'security.oauth2.client-org.springframework.boot.autoconfigure.security.oauth2.OAuth2ClientProperties' of type [org.springframework.boot.autoconfigure.security.oauth2.OAuth2ClientProperties] is not eligible for getting processed by all BeanPostProcessors (for example: not eligible for auto-proxying)
2018-12-22 13:20:21.878  INFO 11736 --- [           main] trationDelegate$BeanPostProcessorChecker : Bean 'org.springframework.boot.autoconfigure.security.oauth2.OAuth2AutoConfiguration' of type [org.springframework.boot.autoconfigure.security.oauth2.OAuth2AutoConfiguration$$EnhancerBySpringCGLIB$$dd282e92] is not eligible for getting processed by all BeanPostProcessors (for example: not eligible for auto-proxying)
2018-12-22 13:20:21.893  INFO 11736 --- [           main] trationDelegate$BeanPostProcessorChecker : Bean 'resourceServerProperties' of type [org.springframework.boot.autoconfigure.security.oauth2.resource.ResourceServerProperties] is not eligible for getting processed by all BeanPostProcessors (for example: not eligible for auto-proxying)
2018-12-22 13:20:21.925  INFO 11736 --- [           main] org.zlogic.vogon.web.TomcatConfigurer    : Using keystore C:\Program Files (x86)\Jenkins\workspace\Maven_project\vogon-web\target/vogonweb.keystore with password ********
2018-12-22 13:20:21.940  INFO 11736 --- [           main] s.b.c.e.t.TomcatEmbeddedServletContainer : Tomcat initialized with port(s): 8080 (http) 8443 (https)
2018-12-22 13:20:21.940  INFO 11736 --- [           main] o.apache.catalina.core.StandardService   : Starting service Tomcat
2018-12-22 13:20:21.940  INFO 11736 --- [           main] org.apache.catalina.core.StandardEngine  : Starting Servlet Engine: Apache Tomcat/8.5.14
2018-12-22 13:20:21.971  INFO 11736 --- [ost-startStop-1] org.apache.jasper.servlet.TldScanner     : At least one JAR was scanned for TLDs yet contained no TLDs. Enable debug logging for this logger for a complete list of JARs that were scanned but no TLDs were found in them. Skipping unneeded JARs during scanning can improve startup time and JSP compilation time.
2018-12-22 13:20:21.971  INFO 11736 --- [ost-startStop-1] o.a.c.c.C.[Tomcat-53].[localhost].[/]    : Initializing Spring embedded WebApplicationContext
2018-12-22 13:20:21.971  INFO 11736 --- [ost-startStop-1] o.s.web.context.ContextLoader            : Root WebApplicationContext: initialization completed in 515 ms
2018-12-22 13:20:22.134  INFO 11736 --- [ost-startStop-1] o.s.b.w.servlet.FilterRegistrationBean   : Mapping filter: 'metricsFilter' to: [/*]
2018-12-22 13:20:22.134  INFO 11736 --- [ost-startStop-1] o.s.b.w.servlet.FilterRegistrationBean   : Mapping filter: 'characterEncodingFilter' to: [/*]
2018-12-22 13:20:22.134  INFO 11736 --- [ost-startStop-1] o.s.b.w.servlet.FilterRegistrationBean   : Mapping filter: 'hiddenHttpMethodFilter' to: [/*]
2018-12-22 13:20:22.134  INFO 11736 --- [ost-startStop-1] o.s.b.w.servlet.FilterRegistrationBean   : Mapping filter: 'httpPutFormContentFilter' to: [/*]
2018-12-22 13:20:22.134  INFO 11736 --- [ost-startStop-1] o.s.b.w.servlet.FilterRegistrationBean   : Mapping filter: 'requestContextFilter' to: [/*]
2018-12-22 13:20:22.134  INFO 11736 --- [ost-startStop-1] .s.DelegatingFilterProxyRegistrationBean : Mapping filter: 'springSecurityFilterChain' to: [/*]
2018-12-22 13:20:22.134  INFO 11736 --- [ost-startStop-1] o.s.b.w.servlet.FilterRegistrationBean   : Mapping filter: 'webRequestLoggingFilter' to: [/*]
2018-12-22 13:20:22.134  INFO 11736 --- [ost-startStop-1] o.s.b.w.servlet.FilterRegistrationBean   : Mapping filter: 'applicationContextIdFilter' to: [/*]
2018-12-22 13:20:22.134  INFO 11736 --- [ost-startStop-1] o.s.b.w.servlet.ServletRegistrationBean  : Mapping servlet: 'dispatcherServlet' to [/]
2018-12-22 13:20:22.150  INFO 11736 --- [           main] j.LocalContainerEntityManagerFactoryBean : Building JPA container EntityManagerFactory for persistence unit 'VogonPU'
2018-12-22 13:20:22.150  INFO 11736 --- [           main] o.hibernate.jpa.internal.util.LogHelper  : HHH000204: Processing PersistenceUnitInfo [
	name: VogonPU
	...]
2018-12-22 13:20:22.165  WARN 11736 --- [           main] org.hibernate.orm.connections.pooling    : HHH10001002: Using Hibernate built-in connection pool (not for production use!)
2018-12-22 13:20:22.165  INFO 11736 --- [           main] org.hibernate.orm.connections.pooling    : HHH10001005: using driver [org.h2.Driver] at URL [jdbc:h2:mem:test]
2018-12-22 13:20:22.165  INFO 11736 --- [           main] org.hibernate.orm.connections.pooling    : HHH10001001: Connection properties: {}
2018-12-22 13:20:22.165  INFO 11736 --- [           main] org.hibernate.orm.connections.pooling    : HHH10001003: Autocommit mode: false
2018-12-22 13:20:22.165  INFO 11736 --- [           main] .c.i.DriverManagerConnectionProviderImpl : HHH000115: Hibernate connection pool size: 20 (min=1)
2018-12-22 13:20:22.165  INFO 11736 --- [           main] org.hibernate.dialect.Dialect            : HHH000400: Using dialect: org.hibernate.dialect.H2Dialect
2018-12-22 13:20:22.181  INFO 11736 --- [           main] org.hibernate.orm.connections.access     : HHH10001501: Connection obtained from JdbcConnectionAccess [org.hibernate.engine.jdbc.env.internal.JdbcEnvironmentInitiator$ConnectionProviderJdbcConnectionAccess@36de9bff] for (non-JTA) DDL execution was not in auto-commit mode; the Connection 'local transaction' will be committed and the Connection will be set into auto-commit mode.
2018-12-22 13:20:22.196  INFO 11736 --- [           main] j.LocalContainerEntityManagerFactoryBean : Initialized JPA EntityManagerFactory for persistence unit 'VogonPU'
2018-12-22 13:20:22.540  INFO 11736 --- [           main] .s.o.p.e.FrameworkEndpointHandlerMapping : Mapped "{[/oauth/authorize]}" onto public org.springframework.web.servlet.ModelAndView org.springframework.security.oauth2.provider.endpoint.AuthorizationEndpoint.authorize(java.util.Map<java.lang.String, java.lang.Object>,java.util.Map<java.lang.String, java.lang.String>,org.springframework.web.bind.support.SessionStatus,java.security.Principal)
2018-12-22 13:20:22.540  INFO 11736 --- [           main] .s.o.p.e.FrameworkEndpointHandlerMapping : Mapped "{[/oauth/authorize],methods=[POST],params=[user_oauth_approval]}" onto public org.springframework.web.servlet.View org.springframework.security.oauth2.provider.endpoint.AuthorizationEndpoint.approveOrDeny(java.util.Map<java.lang.String, java.lang.String>,java.util.Map<java.lang.String, ?>,org.springframework.web.bind.support.SessionStatus,java.security.Principal)
2018-12-22 13:20:22.540  INFO 11736 --- [           main] .s.o.p.e.FrameworkEndpointHandlerMapping : Mapped "{[/oauth/token],methods=[GET]}" onto public org.springframework.http.ResponseEntity<org.springframework.security.oauth2.common.OAuth2AccessToken> org.springframework.security.oauth2.provider.endpoint.TokenEndpoint.getAccessToken(java.security.Principal,java.util.Map<java.lang.String, java.lang.String>) throws org.springframework.web.HttpRequestMethodNotSupportedException
2018-12-22 13:20:22.540  INFO 11736 --- [           main] .s.o.p.e.FrameworkEndpointHandlerMapping : Mapped "{[/oauth/token],methods=[POST]}" onto public org.springframework.http.ResponseEntity<org.springframework.security.oauth2.common.OAuth2AccessToken> org.springframework.security.oauth2.provider.endpoint.TokenEndpoint.postAccessToken(java.security.Principal,java.util.Map<java.lang.String, java.lang.String>) throws org.springframework.web.HttpRequestMethodNotSupportedException
2018-12-22 13:20:22.540  INFO 11736 --- [           main] .s.o.p.e.FrameworkEndpointHandlerMapping : Mapped "{[/oauth/check_token]}" onto public java.util.Map<java.lang.String, ?> org.springframework.security.oauth2.provider.endpoint.CheckTokenEndpoint.checkToken(java.lang.String)
2018-12-22 13:20:22.540  INFO 11736 --- [           main] .s.o.p.e.FrameworkEndpointHandlerMapping : Mapped "{[/oauth/confirm_access]}" onto public org.springframework.web.servlet.ModelAndView org.springframework.security.oauth2.provider.endpoint.WhitelabelApprovalEndpoint.getAccessConfirmation(java.util.Map<java.lang.String, java.lang.Object>,javax.servlet.http.HttpServletRequest) throws java.lang.Exception
2018-12-22 13:20:22.540  INFO 11736 --- [           main] .s.o.p.e.FrameworkEndpointHandlerMapping : Mapped "{[/oauth/error]}" onto public org.springframework.web.servlet.ModelAndView org.springframework.security.oauth2.provider.endpoint.WhitelabelErrorEndpoint.handleError(javax.servlet.http.HttpServletRequest)
2018-12-22 13:20:22.779  INFO 11736 --- [           main] o.s.s.web.DefaultSecurityFilterChain     : Creating filter chain: OrRequestMatcher [requestMatchers=[Ant [pattern='/oauth/token'], Ant [pattern='/oauth/token_key'], Ant [pattern='/oauth/check_token']]], [org.springframework.security.web.context.request.async.WebAsyncManagerIntegrationFilter@15a1407c, org.springframework.security.web.context.SecurityContextPersistenceFilter@39c4fb2, org.springframework.security.web.header.HeaderWriterFilter@37fc24f4, org.springframework.security.web.authentication.logout.LogoutFilter@5713865b, org.springframework.security.oauth2.provider.client.ClientCredentialsTokenEndpointFilter@3d033b17, org.springframework.security.web.authentication.www.BasicAuthenticationFilter@285679ad, org.springframework.security.web.savedrequest.RequestCacheAwareFilter@5780286, org.springframework.security.web.servletapi.SecurityContextHolderAwareRequestFilter@53754d59, org.springframework.security.web.authentication.AnonymousAuthenticationFilter@3b3cac99, org.springframework.security.web.session.SessionManagementFilter@62bcdbcf, org.springframework.security.web.access.ExceptionTranslationFilter@6d1d7ff8, org.springframework.security.web.access.intercept.FilterSecurityInterceptor@4ba1a69a]
2018-12-22 13:20:22.779  INFO 11736 --- [           main] o.s.s.web.DefaultSecurityFilterChain     : Creating filter chain: org.springframework.boot.actuate.autoconfigure.ManagementWebSecurityAutoConfiguration$LazyEndpointPathRequestMatcher@29b2c36c, [org.springframework.security.web.context.request.async.WebAsyncManagerIntegrationFilter@2748fe2a, org.springframework.security.web.context.SecurityContextPersistenceFilter@35db70d7, org.springframework.security.web.header.HeaderWriterFilter@57945b94, org.springframework.security.web.authentication.logout.LogoutFilter@e4f3677, org.springframework.security.web.authentication.www.BasicAuthenticationFilter@2bd974d5, org.springframework.security.web.savedrequest.RequestCacheAwareFilter@54a7b85e, org.springframework.security.web.servletapi.SecurityContextHolderAwareRequestFilter@219a01a5, org.springframework.security.web.authentication.AnonymousAuthenticationFilter@1ce8979d, org.springframework.security.web.session.SessionManagementFilter@173709a8, org.springframework.security.web.access.ExceptionTranslationFilter@57c6cb71, org.springframework.security.web.access.intercept.FilterSecurityInterceptor@4e2eb6a8]
2018-12-22 13:20:22.826  INFO 11736 --- [           main] o.s.s.w.a.c.ChannelProcessingFilter      : Validated configuration attributes
2018-12-22 13:20:22.826  INFO 11736 --- [           main] o.s.s.web.DefaultSecurityFilterChain     : Creating filter chain: org.springframework.security.oauth2.config.annotation.web.configuration.ResourceServerConfiguration$NotOAuthRequestMatcher@1a914d7e, [org.springframework.security.web.access.channel.ChannelProcessingFilter@7cbd3df5, org.springframework.security.web.context.request.async.WebAsyncManagerIntegrationFilter@6efea081, org.springframework.security.web.context.SecurityContextPersistenceFilter@6d20b05, org.springframework.security.web.header.HeaderWriterFilter@16b0ddc5, org.springframework.security.web.authentication.logout.LogoutFilter@60f96a69, org.springframework.security.oauth2.provider.authentication.OAuth2AuthenticationProcessingFilter@7c394de7, org.springframework.security.web.savedrequest.RequestCacheAwareFilter@4f42b97c, org.springframework.security.web.servletapi.SecurityContextHolderAwareRequestFilter@5f0c0ba4, org.springframework.security.web.authentication.AnonymousAuthenticationFilter@313fae5d, org.springframework.security.web.session.SessionManagementFilter@4d4e509c, org.springframework.security.web.access.ExceptionTranslationFilter@7407bbd8, org.springframework.security.web.access.intercept.FilterSecurityInterceptor@786b8f5b]
2018-12-22 13:20:22.982  INFO 11736 --- [           main] s.w.s.m.m.a.RequestMappingHandlerAdapter : Looking for @ControllerAdvice: org.springframework.boot.context.embedded.AnnotationConfigEmbeddedWebApplicationContext@2c0199a4: startup date [Sat Dec 22 13:20:21 IST 2018]; root of context hierarchy
2018-12-22 13:20:23.029  INFO 11736 --- [           main] s.w.s.m.m.a.RequestMappingHandlerMapping : Mapped "{[/service/accounts],methods=[GET],produces=[application/json]}" onto public java.util.Collection<org.zlogic.vogon.data.FinanceAccount> org.zlogic.vogon.web.controller.AccountsController.getAllAccounts(org.zlogic.vogon.web.security.VogonSecurityUser)
2018-12-22 13:20:23.029  INFO 11736 --- [           main] s.w.s.m.m.a.RequestMappingHandlerMapping : Mapped "{[/service/accounts],methods=[POST],produces=[application/json]}" onto public java.util.Collection<org.zlogic.vogon.data.FinanceAccount> org.zlogic.vogon.web.controller.AccountsController.updateAccounts(java.util.Collection<org.zlogic.vogon.data.FinanceAccount>,org.zlogic.vogon.web.security.VogonSecurityUser)
2018-12-22 13:20:23.029  INFO 11736 --- [           main] s.w.s.m.m.a.RequestMappingHandlerMapping : Mapped "{[/service/analytics/tags],methods=[GET],produces=[application/json]}" onto public java.util.Set<java.lang.String> org.zlogic.vogon.web.controller.AnalyticsController.getAllTags(org.zlogic.vogon.web.security.VogonSecurityUser)
2018-12-22 13:20:23.029  INFO 11736 --- [           main] s.w.s.m.m.a.RequestMappingHandlerMapping : Mapped "{[/service/analytics],methods=[POST],produces=[application/json]}" onto public java.util.Map<java.lang.String, org.zlogic.vogon.data.report.Report> org.zlogic.vogon.web.controller.AnalyticsController.getReport(org.zlogic.vogon.data.report.ReportFactory,org.zlogic.vogon.web.security.VogonSecurityUser)
2018-12-22 13:20:23.029  INFO 11736 --- [           main] s.w.s.m.m.a.RequestMappingHandlerMapping : Mapped "{[/service/currencies],methods=[GET],produces=[application/json]}" onto public java.util.Collection<org.zlogic.vogon.web.data.model.CurrencyDetails> org.zlogic.vogon.web.controller.CurrenciesController.getAllCurrencies()
2018-12-22 13:20:23.029  INFO 11736 --- [           main] s.w.s.m.m.a.RequestMappingHandlerMapping : Mapped "{[/service/export],methods=[GET || POST]}" onto public org.springframework.http.HttpEntity<byte[]> org.zlogic.vogon.web.controller.DataController.exportDataJSON(org.zlogic.vogon.web.security.VogonSecurityUser) throws java.lang.RuntimeException
2018-12-22 13:20:23.029  INFO 11736 --- [           main] s.w.s.m.m.a.RequestMappingHandlerMapping : Mapped "{[/service/import],methods=[POST],consumes=[multipart/form-data],produces=[application/json]}" onto public java.lang.Boolean org.zlogic.vogon.web.controller.DataController.importData(org.springframework.web.multipart.MultipartFile,org.zlogic.vogon.web.security.VogonSecurityUser) throws java.lang.RuntimeException
2018-12-22 13:20:23.045  INFO 11736 --- [           main] s.w.s.m.m.a.RequestMappingHandlerMapping : Mapped "{[/fragments/{fragment}.fragment]}" onto public org.springframework.web.servlet.ModelAndView org.zlogic.vogon.web.controller.JspController.fragmentModelAndView(java.lang.String)
2018-12-22 13:20:23.045  INFO 11736 --- [           main] s.w.s.m.m.a.RequestMappingHandlerMapping : Mapped "{[/]}" onto public org.springframework.web.servlet.ModelAndView org.zlogic.vogon.web.controller.JspController.indexModelAndView()
2018-12-22 13:20:23.045  INFO 11736 --- [           main] s.w.s.m.m.a.RequestMappingHandlerMapping : Mapped "{[/oauth/logout],methods=[POST]}" onto public void org.zlogic.vogon.web.controller.LogoutController.logout(org.springframework.security.oauth2.provider.OAuth2Authentication) throws org.zlogic.vogon.web.security.UsernameExistsException
2018-12-22 13:20:23.060  INFO 11736 --- [           main] s.w.s.m.m.a.RequestMappingHandlerMapping : Mapped "{[/register],methods=[POST],produces=[application/json]}" onto public org.zlogic.vogon.data.VogonUser org.zlogic.vogon.web.controller.RegistrationController.register(org.zlogic.vogon.data.VogonUser) throws org.zlogic.vogon.web.security.UsernameExistsException
2018-12-22 13:20:23.060  INFO 11736 --- [           main] s.w.s.m.m.a.RequestMappingHandlerMapping : Mapped "{[/service/transactions/transaction/{id}],methods=[GET],produces=[application/json]}" onto public org.zlogic.vogon.web.data.model.FinanceTransactionJson org.zlogic.vogon.web.controller.TransactionsController.getTransaction(long,org.zlogic.vogon.web.security.VogonSecurityUser)
2018-12-22 13:20:23.060  INFO 11736 --- [           main] s.w.s.m.m.a.RequestMappingHandlerMapping : Mapped "{[/service/transactions],methods=[GET],produces=[application/json]}" onto public java.util.Collection<org.zlogic.vogon.web.data.model.FinanceTransactionJson> org.zlogic.vogon.web.controller.TransactionsController.getTransactions(java.lang.Integer,org.zlogic.vogon.web.controller.TransactionsController$SortColumn,org.springframework.data.domain.Sort$Direction,java.lang.String,java.util.Date,java.util.Collection<java.lang.String>,org.zlogic.vogon.web.security.VogonSecurityUser)
2018-12-22 13:20:23.060  INFO 11736 --- [           main] s.w.s.m.m.a.RequestMappingHandlerMapping : Mapped "{[/service/transactions],methods=[POST],produces=[application/json]}" onto public org.zlogic.vogon.web.data.model.FinanceTransactionJson org.zlogic.vogon.web.controller.TransactionsController.submitTransaction(org.zlogic.vogon.web.data.model.FinanceTransactionJson,org.zlogic.vogon.web.security.VogonSecurityUser)
2018-12-22 13:20:23.060  INFO 11736 --- [           main] s.w.s.m.m.a.RequestMappingHandlerMapping : Mapped "{[/service/transactions/pages],methods=[GET],produces=[application/json]}" onto public long org.zlogic.vogon.web.controller.TransactionsController.getTransactionsCount(org.zlogic.vogon.web.security.VogonSecurityUser)
2018-12-22 13:20:23.060  INFO 11736 --- [           main] s.w.s.m.m.a.RequestMappingHandlerMapping : Mapped "{[/service/transactions/transaction/{id}],methods=[DELETE],produces=[application/json]}" onto public org.zlogic.vogon.web.data.model.FinanceTransactionJson org.zlogic.vogon.web.controller.TransactionsController.deleteTransaction(long,org.zlogic.vogon.web.security.VogonSecurityUser)
2018-12-22 13:20:23.060  INFO 11736 --- [           main] s.w.s.m.m.a.RequestMappingHandlerMapping : Mapped "{[/service/user],methods=[POST],produces=[application/json]}" onto public org.zlogic.vogon.data.VogonUser org.zlogic.vogon.web.controller.UsersController.submitUser(org.zlogic.vogon.data.VogonUser,org.zlogic.vogon.web.security.VogonSecurityUser) throws org.zlogic.vogon.web.security.UsernameExistsException
2018-12-22 13:20:23.060  INFO 11736 --- [           main] s.w.s.m.m.a.RequestMappingHandlerMapping : Mapped "{[/service/user],methods=[GET],produces=[application/json]}" onto public org.zlogic.vogon.data.VogonUser org.zlogic.vogon.web.controller.UsersController.getUserData(org.zlogic.vogon.web.security.VogonSecurityUser)
2018-12-22 13:20:23.060  INFO 11736 --- [           main] s.w.s.m.m.a.RequestMappingHandlerMapping : Mapped "{[/error]}" onto public org.springframework.http.ResponseEntity<java.util.Map<java.lang.String, java.lang.Object>> org.springframework.boot.autoconfigure.web.BasicErrorController.error(javax.servlet.http.HttpServletRequest)
2018-12-22 13:20:23.060  INFO 11736 --- [           main] s.w.s.m.m.a.RequestMappingHandlerMapping : Mapped "{[/error],produces=[text/html]}" onto public org.springframework.web.servlet.ModelAndView org.springframework.boot.autoconfigure.web.BasicErrorController.errorHtml(javax.servlet.http.HttpServletRequest,javax.servlet.http.HttpServletResponse)
2018-12-22 13:20:23.076  INFO 11736 --- [           main] o.s.w.s.handler.SimpleUrlHandlerMapping  : Root mapping to handler of type [class org.springframework.web.servlet.mvc.ParameterizableViewController]
2018-12-22 13:20:23.334  INFO 11736 --- [           main] o.s.w.s.handler.SimpleUrlHandlerMapping  : Mapped URL path [/webjars/**] onto handler of type [class org.springframework.web.servlet.resource.ResourceHttpRequestHandler]
2018-12-22 13:20:23.334  INFO 11736 --- [           main] o.s.w.s.handler.SimpleUrlHandlerMapping  : Mapped URL path [/**] onto handler of type [class org.springframework.web.servlet.resource.ResourceHttpRequestHandler]
2018-12-22 13:20:23.334  INFO 11736 --- [           main] o.s.w.s.handler.SimpleUrlHandlerMapping  : Mapped URL path [/**] onto handler of type [class org.springframework.web.servlet.resource.DefaultServletHttpRequestHandler]
2018-12-22 13:20:23.349  INFO 11736 --- [           main] o.s.w.s.handler.SimpleUrlHandlerMapping  : Mapped URL path [/**/favicon.ico] onto handler of type [class org.springframework.web.servlet.resource.ResourceHttpRequestHandler]
2018-12-22 13:20:23.724  INFO 11736 --- [           main] o.s.b.a.e.mvc.EndpointHandlerMapping     : Mapped "{[/auditevents || /auditevents.json],methods=[GET],produces=[application/vnd.spring-boot.actuator.v1+json || application/json]}" onto public org.springframework.http.ResponseEntity<?> org.springframework.boot.actuate.endpoint.mvc.AuditEventsMvcEndpoint.findByPrincipalAndAfterAndType(java.lang.String,java.util.Date,java.lang.String)
2018-12-22 13:20:23.724  INFO 11736 --- [           main] o.s.b.a.e.mvc.EndpointHandlerMapping     : Mapped "{[/loggers/{name:.*}],methods=[GET],produces=[application/vnd.spring-boot.actuator.v1+json || application/json]}" onto public java.lang.Object org.springframework.boot.actuate.endpoint.mvc.LoggersMvcEndpoint.get(java.lang.String)
2018-12-22 13:20:23.724  INFO 11736 --- [           main] o.s.b.a.e.mvc.EndpointHandlerMapping     : Mapped "{[/loggers/{name:.*}],methods=[POST],consumes=[application/vnd.spring-boot.actuator.v1+json || application/json],produces=[application/vnd.spring-boot.actuator.v1+json || application/json]}" onto public java.lang.Object org.springframework.boot.actuate.endpoint.mvc.LoggersMvcEndpoint.set(java.lang.String,java.util.Map<java.lang.String, java.lang.String>)
2018-12-22 13:20:23.724  INFO 11736 --- [           main] o.s.b.a.e.mvc.EndpointHandlerMapping     : Mapped "{[/loggers || /loggers.json],methods=[GET],produces=[application/vnd.spring-boot.actuator.v1+json || application/json]}" onto public java.lang.Object org.springframework.boot.actuate.endpoint.mvc.EndpointMvcAdapter.invoke()
2018-12-22 13:20:23.724  INFO 11736 --- [           main] o.s.b.a.e.mvc.EndpointHandlerMapping     : Mapped "{[/configprops || /configprops.json],methods=[GET],produces=[application/vnd.spring-boot.actuator.v1+json || application/json]}" onto public java.lang.Object org.springframework.boot.actuate.endpoint.mvc.EndpointMvcAdapter.invoke()
2018-12-22 13:20:23.724  INFO 11736 --- [           main] o.s.b.a.e.mvc.EndpointHandlerMapping     : Mapped "{[/info || /info.json],methods=[GET],produces=[application/vnd.spring-boot.actuator.v1+json || application/json]}" onto public java.lang.Object org.springframework.boot.actuate.endpoint.mvc.EndpointMvcAdapter.invoke()
2018-12-22 13:20:23.740  INFO 11736 --- [           main] o.s.b.a.e.mvc.EndpointHandlerMapping     : Mapped "{[/beans || /beans.json],methods=[GET],produces=[application/vnd.spring-boot.actuator.v1+json || application/json]}" onto public java.lang.Object org.springframework.boot.actuate.endpoint.mvc.EndpointMvcAdapter.invoke()
2018-12-22 13:20:23.740  INFO 11736 --- [           main] o.s.b.a.e.mvc.EndpointHandlerMapping     : Mapped "{[/health || /health.json],methods=[GET],produces=[application/vnd.spring-boot.actuator.v1+json || application/json]}" onto public java.lang.Object org.springframework.boot.actuate.endpoint.mvc.HealthMvcEndpoint.invoke(javax.servlet.http.HttpServletRequest,java.security.Principal)
2018-12-22 13:20:23.740  INFO 11736 --- [           main] o.s.b.a.e.mvc.EndpointHandlerMapping     : Mapped "{[/autoconfig || /autoconfig.json],methods=[GET],produces=[application/vnd.spring-boot.actuator.v1+json || application/json]}" onto public java.lang.Object org.springframework.boot.actuate.endpoint.mvc.EndpointMvcAdapter.invoke()
2018-12-22 13:20:23.740  INFO 11736 --- [           main] o.s.b.a.e.mvc.EndpointHandlerMapping     : Mapped "{[/env/{name:.*}],methods=[GET],produces=[application/vnd.spring-boot.actuator.v1+json || application/json]}" onto public java.lang.Object org.springframework.boot.actuate.endpoint.mvc.EnvironmentMvcEndpoint.value(java.lang.String)
2018-12-22 13:20:23.740  INFO 11736 --- [           main] o.s.b.a.e.mvc.EndpointHandlerMapping     : Mapped "{[/env || /env.json],methods=[GET],produces=[application/vnd.spring-boot.actuator.v1+json || application/json]}" onto public java.lang.Object org.springframework.boot.actuate.endpoint.mvc.EndpointMvcAdapter.invoke()
2018-12-22 13:20:23.740  INFO 11736 --- [           main] o.s.b.a.e.mvc.EndpointHandlerMapping     : Mapped "{[/metrics/{name:.*}],methods=[GET],produces=[application/vnd.spring-boot.actuator.v1+json || application/json]}" onto public java.lang.Object org.springframework.boot.actuate.endpoint.mvc.MetricsMvcEndpoint.value(java.lang.String)
2018-12-22 13:20:23.740  INFO 11736 --- [           main] o.s.b.a.e.mvc.EndpointHandlerMapping     : Mapped "{[/metrics || /metrics.json],methods=[GET],produces=[application/vnd.spring-boot.actuator.v1+json || application/json]}" onto public java.lang.Object org.springframework.boot.actuate.endpoint.mvc.EndpointMvcAdapter.invoke()
2018-12-22 13:20:23.740  INFO 11736 --- [           main] o.s.b.a.e.mvc.EndpointHandlerMapping     : Mapped "{[/heapdump || /heapdump.json],methods=[GET],produces=[application/octet-stream]}" onto public void org.springframework.boot.actuate.endpoint.mvc.HeapdumpMvcEndpoint.invoke(boolean,javax.servlet.http.HttpServletRequest,javax.servlet.http.HttpServletResponse) throws java.io.IOException,javax.servlet.ServletException
2018-12-22 13:20:23.740  INFO 11736 --- [           main] o.s.b.a.e.mvc.EndpointHandlerMapping     : Mapped "{[/trace || /trace.json],methods=[GET],produces=[application/vnd.spring-boot.actuator.v1+json || application/json]}" onto public java.lang.Object org.springframework.boot.actuate.endpoint.mvc.EndpointMvcAdapter.invoke()
2018-12-22 13:20:23.740  INFO 11736 --- [           main] o.s.b.a.e.mvc.EndpointHandlerMapping     : Mapped "{[/mappings || /mappings.json],methods=[GET],produces=[application/vnd.spring-boot.actuator.v1+json || application/json]}" onto public java.lang.Object org.springframework.boot.actuate.endpoint.mvc.EndpointMvcAdapter.invoke()
2018-12-22 13:20:23.740  INFO 11736 --- [           main] o.s.b.a.e.mvc.EndpointHandlerMapping     : Mapped "{[/dump || /dump.json],methods=[GET],produces=[application/vnd.spring-boot.actuator.v1+json || application/json]}" onto public java.lang.Object org.springframework.boot.actuate.endpoint.mvc.EndpointMvcAdapter.invoke()
2018-12-22 13:20:23.946 ERROR 11736 --- [           main] o.a.coyote.http11.Http11NioProtocol      : Failed to start end point associated with ProtocolHandler ["http-nio-8080"]

java.net.BindException: Address already in use: bind
	at sun.nio.ch.Net.bind0(Native Method) ~[na:1.8.0_191]
	at sun.nio.ch.Net.bind(Net.java:433) ~[na:1.8.0_191]
	at sun.nio.ch.Net.bind(Net.java:425) ~[na:1.8.0_191]
	at sun.nio.ch.ServerSocketChannelImpl.bind(ServerSocketChannelImpl.java:223) ~[na:1.8.0_191]
	at sun.nio.ch.ServerSocketAdaptor.bind(ServerSocketAdaptor.java:74) ~[na:1.8.0_191]
	at org.apache.tomcat.util.net.NioEndpoint.bind(NioEndpoint.java:210) ~[tomcat-embed-core-8.5.14.jar:8.5.14]
	at org.apache.tomcat.util.net.AbstractEndpoint.start(AbstractEndpoint.java:978) ~[tomcat-embed-core-8.5.14.jar:8.5.14]
	at org.apache.coyote.AbstractProtocol.start(AbstractProtocol.java:628) ~[tomcat-embed-core-8.5.14.jar:8.5.14]
	at org.apache.catalina.connector.Connector.startInternal(Connector.java:993) [tomcat-embed-core-8.5.14.jar:8.5.14]
	at org.apache.catalina.util.LifecycleBase.start(LifecycleBase.java:150) [tomcat-embed-core-8.5.14.jar:8.5.14]
	at org.apache.catalina.core.StandardService.addConnector(StandardService.java:225) [tomcat-embed-core-8.5.14.jar:8.5.14]
	at org.springframework.boot.context.embedded.tomcat.TomcatEmbeddedServletContainer.addPreviouslyRemovedConnectors(TomcatEmbeddedServletContainer.java:247) [spring-boot-1.5.3.RELEASE.jar:1.5.3.RELEASE]
	at org.springframework.boot.context.embedded.tomcat.TomcatEmbeddedServletContainer.start(TomcatEmbeddedServletContainer.java:190) [spring-boot-1.5.3.RELEASE.jar:1.5.3.RELEASE]
	at org.springframework.boot.context.embedded.EmbeddedWebApplicationContext.startEmbeddedServletContainer(EmbeddedWebApplicationContext.java:297) [spring-boot-1.5.3.RELEASE.jar:1.5.3.RELEASE]
	at org.springframework.boot.context.embedded.EmbeddedWebApplicationContext.finishRefresh(EmbeddedWebApplicationContext.java:145) [spring-boot-1.5.3.RELEASE.jar:1.5.3.RELEASE]
	at org.springframework.context.support.AbstractApplicationContext.refresh(AbstractApplicationContext.java:545) [spring-context-4.3.8.RELEASE.jar:4.3.8.RELEASE]
	at org.springframework.boot.context.embedded.EmbeddedWebApplicationContext.refresh(EmbeddedWebApplicationContext.java:122) [spring-boot-1.5.3.RELEASE.jar:1.5.3.RELEASE]
	at org.springframework.boot.SpringApplication.refresh(SpringApplication.java:737) [spring-boot-1.5.3.RELEASE.jar:1.5.3.RELEASE]
	at org.springframework.boot.SpringApplication.refreshContext(SpringApplication.java:370) [spring-boot-1.5.3.RELEASE.jar:1.5.3.RELEASE]
	at org.springframework.boot.SpringApplication.run(SpringApplication.java:314) [spring-boot-1.5.3.RELEASE.jar:1.5.3.RELEASE]
	at org.springframework.boot.test.context.SpringBootContextLoader.loadContext(SpringBootContextLoader.java:120) [spring-boot-test-1.5.3.RELEASE.jar:1.5.3.RELEASE]
	at org.springframework.test.context.cache.DefaultCacheAwareContextLoaderDelegate.loadContextInternal(DefaultCacheAwareContextLoaderDelegate.java:98) [spring-test-4.3.8.RELEASE.jar:4.3.8.RELEASE]
	at org.springframework.test.context.cache.DefaultCacheAwareContextLoaderDelegate.loadContext(DefaultCacheAwareContextLoaderDelegate.java:116) [spring-test-4.3.8.RELEASE.jar:4.3.8.RELEASE]
	at org.springframework.test.context.support.DefaultTestContext.getApplicationContext(DefaultTestContext.java:83) [spring-test-4.3.8.RELEASE.jar:4.3.8.RELEASE]
	at org.springframework.boot.test.autoconfigure.SpringBootDependencyInjectionTestExecutionListener.prepareTestInstance(SpringBootDependencyInjectionTestExecutionListener.java:47) [spring-boot-test-autoconfigure-1.5.3.RELEASE.jar:1.5.3.RELEASE]
	at org.springframework.test.context.TestContextManager.prepareTestInstance(TestContextManager.java:230) [spring-test-4.3.8.RELEASE.jar:4.3.8.RELEASE]
	at org.springframework.test.context.junit4.SpringJUnit4ClassRunner.createTest(SpringJUnit4ClassRunner.java:228) [spring-test-4.3.8.RELEASE.jar:4.3.8.RELEASE]
	at org.springframework.test.context.junit4.SpringJUnit4ClassRunner$1.runReflectiveCall(SpringJUnit4ClassRunner.java:287) [spring-test-4.3.8.RELEASE.jar:4.3.8.RELEASE]
	at org.junit.internal.runners.model.ReflectiveCallable.run(ReflectiveCallable.java:12) [junit-4.12.jar:4.12]
	at org.springframework.test.context.junit4.SpringJUnit4ClassRunner.methodBlock(SpringJUnit4ClassRunner.java:289) [spring-test-4.3.8.RELEASE.jar:4.3.8.RELEASE]
	at org.springframework.test.context.junit4.SpringJUnit4ClassRunner.runChild(SpringJUnit4ClassRunner.java:247) [spring-test-4.3.8.RELEASE.jar:4.3.8.RELEASE]
	at org.springframework.test.context.junit4.SpringJUnit4ClassRunner.runChild(SpringJUnit4ClassRunner.java:94) [spring-test-4.3.8.RELEASE.jar:4.3.8.RELEASE]
	at org.junit.runners.ParentRunner$3.run(ParentRunner.java:290) [junit-4.12.jar:4.12]
	at org.junit.runners.ParentRunner$1.schedule(ParentRunner.java:71) [junit-4.12.jar:4.12]
	at org.junit.runners.ParentRunner.runChildren(ParentRunner.java:288) [junit-4.12.jar:4.12]
	at org.junit.runners.ParentRunner.access$000(ParentRunner.java:58) [junit-4.12.jar:4.12]
	at org.junit.runners.ParentRunner$2.evaluate(ParentRunner.java:268) [junit-4.12.jar:4.12]
	at org.springframework.test.context.junit4.statements.RunBeforeTestClassCallbacks.evaluate(RunBeforeTestClassCallbacks.java:61) [spring-test-4.3.8.RELEASE.jar:4.3.8.RELEASE]
	at org.springframework.test.context.junit4.statements.RunAfterTestClassCallbacks.evaluate(RunAfterTestClassCallbacks.java:70) [spring-test-4.3.8.RELEASE.jar:4.3.8.RELEASE]
	at org.junit.runners.ParentRunner.run(ParentRunner.java:363) [junit-4.12.jar:4.12]
	at org.springframework.test.context.junit4.SpringJUnit4ClassRunner.run(SpringJUnit4ClassRunner.java:191) [spring-test-4.3.8.RELEASE.jar:4.3.8.RELEASE]
	at org.apache.maven.surefire.junit4.JUnit4Provider.execute(JUnit4Provider.java:365) [surefire-junit4-2.20.jar:2.20]
	at org.apache.maven.surefire.junit4.JUnit4Provider.executeWithRerun(JUnit4Provider.java:272) [surefire-junit4-2.20.jar:2.20]
	at org.apache.maven.surefire.junit4.JUnit4Provider.executeTestSet(JUnit4Provider.java:236) [surefire-junit4-2.20.jar:2.20]
	at org.apache.maven.surefire.junit4.JUnit4Provider.invoke(JUnit4Provider.java:159) [surefire-junit4-2.20.jar:2.20]
	at org.apache.maven.surefire.booter.ForkedBooter.invokeProviderInSameClassLoader(ForkedBooter.java:386) [surefire-booter-2.20.jar:2.20]
	at org.apache.maven.surefire.booter.ForkedBooter.runSuitesInProcess(ForkedBooter.java:323) [surefire-booter-2.20.jar:2.20]
	at org.apache.maven.surefire.booter.ForkedBooter.main(ForkedBooter.java:143) [surefire-booter-2.20.jar:2.20]

2018-12-22 13:20:23.947 ERROR 11736 --- [           main] o.apache.catalina.core.StandardService   : Failed to start connector [Connector[HTTP/1.1-8080]]

org.apache.catalina.LifecycleException: Failed to start component [Connector[HTTP/1.1-8080]]
	at org.apache.catalina.util.LifecycleBase.start(LifecycleBase.java:167) ~[tomcat-embed-core-8.5.14.jar:8.5.14]
	at org.apache.catalina.core.StandardService.addConnector(StandardService.java:225) ~[tomcat-embed-core-8.5.14.jar:8.5.14]
	at org.springframework.boot.context.embedded.tomcat.TomcatEmbeddedServletContainer.addPreviouslyRemovedConnectors(TomcatEmbeddedServletContainer.java:247) [spring-boot-1.5.3.RELEASE.jar:1.5.3.RELEASE]
	at org.springframework.boot.context.embedded.tomcat.TomcatEmbeddedServletContainer.start(TomcatEmbeddedServletContainer.java:190) [spring-boot-1.5.3.RELEASE.jar:1.5.3.RELEASE]
	at org.springframework.boot.context.embedded.EmbeddedWebApplicationContext.startEmbeddedServletContainer(EmbeddedWebApplicationContext.java:297) [spring-boot-1.5.3.RELEASE.jar:1.5.3.RELEASE]
	at org.springframework.boot.context.embedded.EmbeddedWebApplicationContext.finishRefresh(EmbeddedWebApplicationContext.java:145) [spring-boot-1.5.3.RELEASE.jar:1.5.3.RELEASE]
	at org.springframework.context.support.AbstractApplicationContext.refresh(AbstractApplicationContext.java:545) [spring-context-4.3.8.RELEASE.jar:4.3.8.RELEASE]
	at org.springframework.boot.context.embedded.EmbeddedWebApplicationContext.refresh(EmbeddedWebApplicationContext.java:122) [spring-boot-1.5.3.RELEASE.jar:1.5.3.RELEASE]
	at org.springframework.boot.SpringApplication.refresh(SpringApplication.java:737) [spring-boot-1.5.3.RELEASE.jar:1.5.3.RELEASE]
	at org.springframework.boot.SpringApplication.refreshContext(SpringApplication.java:370) [spring-boot-1.5.3.RELEASE.jar:1.5.3.RELEASE]
	at org.springframework.boot.SpringApplication.run(SpringApplication.java:314) [spring-boot-1.5.3.RELEASE.jar:1.5.3.RELEASE]
	at org.springframework.boot.test.context.SpringBootContextLoader.loadContext(SpringBootContextLoader.java:120) [spring-boot-test-1.5.3.RELEASE.jar:1.5.3.RELEASE]
	at org.springframework.test.context.cache.DefaultCacheAwareContextLoaderDelegate.loadContextInternal(DefaultCacheAwareContextLoaderDelegate.java:98) [spring-test-4.3.8.RELEASE.jar:4.3.8.RELEASE]
	at org.springframework.test.context.cache.DefaultCacheAwareContextLoaderDelegate.loadContext(DefaultCacheAwareContextLoaderDelegate.java:116) [spring-test-4.3.8.RELEASE.jar:4.3.8.RELEASE]
	at org.springframework.test.context.support.DefaultTestContext.getApplicationContext(DefaultTestContext.java:83) [spring-test-4.3.8.RELEASE.jar:4.3.8.RELEASE]
	at org.springframework.boot.test.autoconfigure.SpringBootDependencyInjectionTestExecutionListener.prepareTestInstance(SpringBootDependencyInjectionTestExecutionListener.java:47) [spring-boot-test-autoconfigure-1.5.3.RELEASE.jar:1.5.3.RELEASE]
	at org.springframework.test.context.TestContextManager.prepareTestInstance(TestContextManager.java:230) [spring-test-4.3.8.RELEASE.jar:4.3.8.RELEASE]
	at org.springframework.test.context.junit4.SpringJUnit4ClassRunner.createTest(SpringJUnit4ClassRunner.java:228) [spring-test-4.3.8.RELEASE.jar:4.3.8.RELEASE]
	at org.springframework.test.context.junit4.SpringJUnit4ClassRunner$1.runReflectiveCall(SpringJUnit4ClassRunner.java:287) [spring-test-4.3.8.RELEASE.jar:4.3.8.RELEASE]
	at org.junit.internal.runners.model.ReflectiveCallable.run(ReflectiveCallable.java:12) [junit-4.12.jar:4.12]
	at org.springframework.test.context.junit4.SpringJUnit4ClassRunner.methodBlock(SpringJUnit4ClassRunner.java:289) [spring-test-4.3.8.RELEASE.jar:4.3.8.RELEASE]
	at org.springframework.test.context.junit4.SpringJUnit4ClassRunner.runChild(SpringJUnit4ClassRunner.java:247) [spring-test-4.3.8.RELEASE.jar:4.3.8.RELEASE]
	at org.springframework.test.context.junit4.SpringJUnit4ClassRunner.runChild(SpringJUnit4ClassRunner.java:94) [spring-test-4.3.8.RELEASE.jar:4.3.8.RELEASE]
	at org.junit.runners.ParentRunner$3.run(ParentRunner.java:290) [junit-4.12.jar:4.12]
	at org.junit.runners.ParentRunner$1.schedule(ParentRunner.java:71) [junit-4.12.jar:4.12]
	at org.junit.runners.ParentRunner.runChildren(ParentRunner.java:288) [junit-4.12.jar:4.12]
	at org.junit.runners.ParentRunner.access$000(ParentRunner.java:58) [junit-4.12.jar:4.12]
	at org.junit.runners.ParentRunner$2.evaluate(ParentRunner.java:268) [junit-4.12.jar:4.12]
	at org.springframework.test.context.junit4.statements.RunBeforeTestClassCallbacks.evaluate(RunBeforeTestClassCallbacks.java:61) [spring-test-4.3.8.RELEASE.jar:4.3.8.RELEASE]
	at org.springframework.test.context.junit4.statements.RunAfterTestClassCallbacks.evaluate(RunAfterTestClassCallbacks.java:70) [spring-test-4.3.8.RELEASE.jar:4.3.8.RELEASE]
	at org.junit.runners.ParentRunner.run(ParentRunner.java:363) [junit-4.12.jar:4.12]
	at org.springframework.test.context.junit4.SpringJUnit4ClassRunner.run(SpringJUnit4ClassRunner.java:191) [spring-test-4.3.8.RELEASE.jar:4.3.8.RELEASE]
	at org.apache.maven.surefire.junit4.JUnit4Provider.execute(JUnit4Provider.java:365) [surefire-junit4-2.20.jar:2.20]
	at org.apache.maven.surefire.junit4.JUnit4Provider.executeWithRerun(JUnit4Provider.java:272) [surefire-junit4-2.20.jar:2.20]
	at org.apache.maven.surefire.junit4.JUnit4Provider.executeTestSet(JUnit4Provider.java:236) [surefire-junit4-2.20.jar:2.20]
	at org.apache.maven.surefire.junit4.JUnit4Provider.invoke(JUnit4Provider.java:159) [surefire-junit4-2.20.jar:2.20]
	at org.apache.maven.surefire.booter.ForkedBooter.invokeProviderInSameClassLoader(ForkedBooter.java:386) [surefire-booter-2.20.jar:2.20]
	at org.apache.maven.surefire.booter.ForkedBooter.runSuitesInProcess(ForkedBooter.java:323) [surefire-booter-2.20.jar:2.20]
	at org.apache.maven.surefire.booter.ForkedBooter.main(ForkedBooter.java:143) [surefire-booter-2.20.jar:2.20]
Caused by: org.apache.catalina.LifecycleException: service.getName(): "Tomcat";  Protocol handler start failed
	at org.apache.catalina.connector.Connector.startInternal(Connector.java:1000) ~[tomcat-embed-core-8.5.14.jar:8.5.14]
	at org.apache.catalina.util.LifecycleBase.start(LifecycleBase.java:150) ~[tomcat-embed-core-8.5.14.jar:8.5.14]
	... 38 common frames omitted
Caused by: java.net.BindException: Address already in use: bind
	at sun.nio.ch.Net.bind0(Native Method) ~[na:1.8.0_191]
	at sun.nio.ch.Net.bind(Net.java:433) ~[na:1.8.0_191]
	at sun.nio.ch.Net.bind(Net.java:425) ~[na:1.8.0_191]
	at sun.nio.ch.ServerSocketChannelImpl.bind(ServerSocketChannelImpl.java:223) ~[na:1.8.0_191]
	at sun.nio.ch.ServerSocketAdaptor.bind(ServerSocketAdaptor.java:74) ~[na:1.8.0_191]
	at org.apache.tomcat.util.net.NioEndpoint.bind(NioEndpoint.java:210) ~[tomcat-embed-core-8.5.14.jar:8.5.14]
	at org.apache.tomcat.util.net.AbstractEndpoint.start(AbstractEndpoint.java:978) ~[tomcat-embed-core-8.5.14.jar:8.5.14]
	at org.apache.coyote.AbstractProtocol.start(AbstractProtocol.java:628) ~[tomcat-embed-core-8.5.14.jar:8.5.14]
	at org.apache.catalina.connector.Connector.startInternal(Connector.java:993) ~[tomcat-embed-core-8.5.14.jar:8.5.14]
	... 39 common frames omitted

2018-12-22 13:20:24.167  INFO 11736 --- [           main] o.apache.catalina.core.StandardService   : Stopping service Tomcat
2018-12-22 13:20:24.167  INFO 11736 --- [           main] utoConfigurationReportLoggingInitializer : 

Error starting ApplicationContext. To display the auto-configuration report re-run your application with 'debug' enabled.
2018-12-22 13:20:24.183 ERROR 11736 --- [           main] o.s.b.d.LoggingFailureAnalysisReporter   : 

***************************
APPLICATION FAILED TO START
***************************

Description:

The Tomcat connector configured to listen on port 8080 failed to start. The port may already be in use or the connector may be misconfigured.

Action:

Verify the connector's configuration, identify and stop any process that's listening on port 8080, or configure this application to listen on another port.

2018-12-22 13:20:24.183  INFO 11736 --- [           main] ationConfigEmbeddedWebApplicationContext : Closing org.springframework.boot.context.embedded.AnnotationConfigEmbeddedWebApplicationContext@2c0199a4: startup date [Sat Dec 22 13:20:21 IST 2018]; root of context hierarchy
2018-12-22 13:20:24.183  INFO 11736 --- [           main] o.z.vogon.web.PersistenceConfiguration   : Unloading JDBC drivers
2018-12-22 13:20:24.183  INFO 11736 --- [           main] j.LocalContainerEntityManagerFactoryBean : Closing JPA EntityManagerFactory for persistence unit 'VogonPU'
2018-12-22 13:20:24.183  INFO 11736 --- [           main] org.hibernate.orm.connections.pooling    : HHH10001008: Cleaning up connection pool [jdbc:h2:mem:test]
2018-12-22 13:20:24.183 ERROR 11736 --- [           main] o.s.test.context.TestContextManager      : Caught exception while allowing TestExecutionListener [org.springframework.boot.test.autoconfigure.SpringBootDependencyInjectionTestExecutionListener@671c93a5] to prepare test instance [org.zlogic.vogon.web.AuthenticationTest@7b9410e]

java.lang.IllegalStateException: Failed to load ApplicationContext
	at org.springframework.test.context.cache.DefaultCacheAwareContextLoaderDelegate.loadContext(DefaultCacheAwareContextLoaderDelegate.java:124) ~[spring-test-4.3.8.RELEASE.jar:4.3.8.RELEASE]
	at org.springframework.test.context.support.DefaultTestContext.getApplicationContext(DefaultTestContext.java:83) ~[spring-test-4.3.8.RELEASE.jar:4.3.8.RELEASE]
	at org.springframework.boot.test.autoconfigure.SpringBootDependencyInjectionTestExecutionListener.prepareTestInstance(SpringBootDependencyInjectionTestExecutionListener.java:47) ~[spring-boot-test-autoconfigure-1.5.3.RELEASE.jar:1.5.3.RELEASE]
	at org.springframework.test.context.TestContextManager.prepareTestInstance(TestContextManager.java:230) ~[spring-test-4.3.8.RELEASE.jar:4.3.8.RELEASE]
	at org.springframework.test.context.junit4.SpringJUnit4ClassRunner.createTest(SpringJUnit4ClassRunner.java:228) [spring-test-4.3.8.RELEASE.jar:4.3.8.RELEASE]
	at org.springframework.test.context.junit4.SpringJUnit4ClassRunner$1.runReflectiveCall(SpringJUnit4ClassRunner.java:287) [spring-test-4.3.8.RELEASE.jar:4.3.8.RELEASE]
	at org.junit.internal.runners.model.ReflectiveCallable.run(ReflectiveCallable.java:12) [junit-4.12.jar:4.12]
	at org.springframework.test.context.junit4.SpringJUnit4ClassRunner.methodBlock(SpringJUnit4ClassRunner.java:289) [spring-test-4.3.8.RELEASE.jar:4.3.8.RELEASE]
	at org.springframework.test.context.junit4.SpringJUnit4ClassRunner.runChild(SpringJUnit4ClassRunner.java:247) [spring-test-4.3.8.RELEASE.jar:4.3.8.RELEASE]
	at org.springframework.test.context.junit4.SpringJUnit4ClassRunner.runChild(SpringJUnit4ClassRunner.java:94) [spring-test-4.3.8.RELEASE.jar:4.3.8.RELEASE]
	at org.junit.runners.ParentRunner$3.run(ParentRunner.java:290) [junit-4.12.jar:4.12]
	at org.junit.runners.ParentRunner$1.schedule(ParentRunner.java:71) [junit-4.12.jar:4.12]
	at org.junit.runners.ParentRunner.runChildren(ParentRunner.java:288) [junit-4.12.jar:4.12]
	at org.junit.runners.ParentRunner.access$000(ParentRunner.java:58) [junit-4.12.jar:4.12]
	at org.junit.runners.ParentRunner$2.evaluate(ParentRunner.java:268) [junit-4.12.jar:4.12]
	at org.springframework.test.context.junit4.statements.RunBeforeTestClassCallbacks.evaluate(RunBeforeTestClassCallbacks.java:61) [spring-test-4.3.8.RELEASE.jar:4.3.8.RELEASE]
	at org.springframework.test.context.junit4.statements.RunAfterTestClassCallbacks.evaluate(RunAfterTestClassCallbacks.java:70) [spring-test-4.3.8.RELEASE.jar:4.3.8.RELEASE]
	at org.junit.runners.ParentRunner.run(ParentRunner.java:363) [junit-4.12.jar:4.12]
	at org.springframework.test.context.junit4.SpringJUnit4ClassRunner.run(SpringJUnit4ClassRunner.java:191) [spring-test-4.3.8.RELEASE.jar:4.3.8.RELEASE]
	at org.apache.maven.surefire.junit4.JUnit4Provider.execute(JUnit4Provider.java:365) [surefire-junit4-2.20.jar:2.20]
	at org.apache.maven.surefire.junit4.JUnit4Provider.executeWithRerun(JUnit4Provider.java:272) [surefire-junit4-2.20.jar:2.20]
	at org.apache.maven.surefire.junit4.JUnit4Provider.executeTestSet(JUnit4Provider.java:236) [surefire-junit4-2.20.jar:2.20]
	at org.apache.maven.surefire.junit4.JUnit4Provider.invoke(JUnit4Provider.java:159) [surefire-junit4-2.20.jar:2.20]
	at org.apache.maven.surefire.booter.ForkedBooter.invokeProviderInSameClassLoader(ForkedBooter.java:386) [surefire-booter-2.20.jar:2.20]
	at org.apache.maven.surefire.booter.ForkedBooter.runSuitesInProcess(ForkedBooter.java:323) [surefire-booter-2.20.jar:2.20]
	at org.apache.maven.surefire.booter.ForkedBooter.main(ForkedBooter.java:143) [surefire-booter-2.20.jar:2.20]
Caused by: org.springframework.boot.context.embedded.tomcat.ConnectorStartFailedException: Connector configured to listen on port 8080 failed to start
	at org.springframework.boot.context.embedded.tomcat.TomcatEmbeddedServletContainer.checkThatConnectorsHaveStarted(TomcatEmbeddedServletContainer.java:219) ~[spring-boot-1.5.3.RELEASE.jar:1.5.3.RELEASE]
	at org.springframework.boot.context.embedded.tomcat.TomcatEmbeddedServletContainer.start(TomcatEmbeddedServletContainer.java:195) ~[spring-boot-1.5.3.RELEASE.jar:1.5.3.RELEASE]
	at org.springframework.boot.context.embedded.EmbeddedWebApplicationContext.startEmbeddedServletContainer(EmbeddedWebApplicationContext.java:297) ~[spring-boot-1.5.3.RELEASE.jar:1.5.3.RELEASE]
	at org.springframework.boot.context.embedded.EmbeddedWebApplicationContext.finishRefresh(EmbeddedWebApplicationContext.java:145) ~[spring-boot-1.5.3.RELEASE.jar:1.5.3.RELEASE]
	at org.springframework.context.support.AbstractApplicationContext.refresh(AbstractApplicationContext.java:545) ~[spring-context-4.3.8.RELEASE.jar:4.3.8.RELEASE]
	at org.springframework.boot.context.embedded.EmbeddedWebApplicationContext.refresh(EmbeddedWebApplicationContext.java:122) ~[spring-boot-1.5.3.RELEASE.jar:1.5.3.RELEASE]
	at org.springframework.boot.SpringApplication.refresh(SpringApplication.java:737) ~[spring-boot-1.5.3.RELEASE.jar:1.5.3.RELEASE]
	at org.springframework.boot.SpringApplication.refreshContext(SpringApplication.java:370) ~[spring-boot-1.5.3.RELEASE.jar:1.5.3.RELEASE]
	at org.springframework.boot.SpringApplication.run(SpringApplication.java:314) ~[spring-boot-1.5.3.RELEASE.jar:1.5.3.RELEASE]
	at org.springframework.boot.test.context.SpringBootContextLoader.loadContext(SpringBootContextLoader.java:120) ~[spring-boot-test-1.5.3.RELEASE.jar:1.5.3.RELEASE]
	at org.springframework.test.context.cache.DefaultCacheAwareContextLoaderDelegate.loadContextInternal(DefaultCacheAwareContextLoaderDelegate.java:98) ~[spring-test-4.3.8.RELEASE.jar:4.3.8.RELEASE]
	at org.springframework.test.context.cache.DefaultCacheAwareContextLoaderDelegate.loadContext(DefaultCacheAwareContextLoaderDelegate.java:116) ~[spring-test-4.3.8.RELEASE.jar:4.3.8.RELEASE]
	... 25 common frames omitted

]]></system-out>
  </testcase>
  <testcase name="testAuthentication" classname="org.zlogic.vogon.web.AuthenticationTest" time="0">
    <error message="Failed to load ApplicationContext" type="java.lang.IllegalStateException">java.lang.IllegalStateException: Failed to load ApplicationContext
Caused by: org.springframework.boot.context.embedded.tomcat.ConnectorStartFailedException: Connector configured to listen on port 8080 failed to start
</error>
    <system-out><![CDATA[
  .   ____          _            __ _ _
 /\\ / ___'_ __ _ _(_)_ __  __ _ \ \ \ \
( ( )\___ | '_ | '_| | '_ \/ _` | \ \ \ \
 \\/  ___)| |_)| | | | | || (_| |  ) ) ) )
  '  |____| .__|_| |_|_| |_\__, | / / / /
 =========|_|==============|___/=/_/_/_/
 :: Spring Boot ::        (v1.5.3.RELEASE)

2018-12-22 13:20:24.229  INFO 11736 --- [           main] org.zlogic.vogon.web.AuthenticationTest  : Starting AuthenticationTest on GOPAL with PID 11736 (started by GOPAL$ in C:\Program Files (x86)\Jenkins\workspace\Maven_project\vogon-web)
2018-12-22 13:20:24.229  INFO 11736 --- [           main] org.zlogic.vogon.web.AuthenticationTest  : No active profile set, falling back to default profiles: default
2018-12-22 13:20:24.229  INFO 11736 --- [           main] ationConfigEmbeddedWebApplicationContext : Refreshing org.springframework.boot.context.embedded.AnnotationConfigEmbeddedWebApplicationContext@1b33617: startup date [Sat Dec 22 13:20:24 IST 2018]; root of context hierarchy
2018-12-22 13:20:24.505  INFO 11736 --- [           main] o.s.b.f.s.DefaultListableBeanFactory     : Overriding bean definition for bean 'entityManagerFactory' with a different definition: replacing [Root bean: class [null]; scope=; abstract=false; lazyInit=false; autowireMode=3; dependencyCheck=0; autowireCandidate=true; primary=false; factoryBeanName=persistenceConfiguration; factoryMethodName=entityManagerFactory; initMethodName=null; destroyMethodName=(inferred); defined in class path resource [org/zlogic/vogon/web/PersistenceConfiguration.class]] with [Root bean: class [null]; scope=; abstract=false; lazyInit=false; autowireMode=3; dependencyCheck=0; autowireCandidate=true; primary=false; factoryBeanName=databaseConfiguration; factoryMethodName=entityManagerFactory; initMethodName=null; destroyMethodName=(inferred); defined in org.zlogic.vogon.web.DatabaseConfiguration]
2018-12-22 13:20:24.677  INFO 11736 --- [           main] trationDelegate$BeanPostProcessorChecker : Bean 'org.springframework.security.config.annotation.configuration.ObjectPostProcessorConfiguration' of type [org.springframework.security.config.annotation.configuration.ObjectPostProcessorConfiguration$$EnhancerBySpringCGLIB$$be8c3acc] is not eligible for getting processed by all BeanPostProcessors (for example: not eligible for auto-proxying)
2018-12-22 13:20:24.677  INFO 11736 --- [           main] trationDelegate$BeanPostProcessorChecker : Bean 'objectPostProcessor' of type [org.springframework.security.config.annotation.configuration.AutowireBeanFactoryObjectPostProcessor] is not eligible for getting processed by all BeanPostProcessors (for example: not eligible for auto-proxying)
2018-12-22 13:20:24.677  INFO 11736 --- [           main] trationDelegate$BeanPostProcessorChecker : Bean 'org.springframework.security.access.expression.method.DefaultMethodSecurityExpressionHandler@23b551bf' of type [org.springframework.security.oauth2.provider.expression.OAuth2MethodSecurityExpressionHandler] is not eligible for getting processed by all BeanPostProcessors (for example: not eligible for auto-proxying)
2018-12-22 13:20:24.692  INFO 11736 --- [           main] trationDelegate$BeanPostProcessorChecker : Bean 'org.springframework.security.config.annotation.method.configuration.GlobalMethodSecurityConfiguration' of type [org.springframework.security.config.annotation.method.configuration.GlobalMethodSecurityConfiguration$$EnhancerBySpringCGLIB$$e360dd7e] is not eligible for getting processed by all BeanPostProcessors (for example: not eligible for auto-proxying)
2018-12-22 13:20:24.692  INFO 11736 --- [           main] trationDelegate$BeanPostProcessorChecker : Bean 'methodSecurityMetadataSource' of type [org.springframework.security.access.method.DelegatingMethodSecurityMetadataSource] is not eligible for getting processed by all BeanPostProcessors (for example: not eligible for auto-proxying)
2018-12-22 13:20:24.692  INFO 11736 --- [           main] trationDelegate$BeanPostProcessorChecker : Bean 'org.springframework.transaction.annotation.ProxyTransactionManagementConfiguration' of type [org.springframework.transaction.annotation.ProxyTransactionManagementConfiguration$$EnhancerBySpringCGLIB$$25de7292] is not eligible for getting processed by all BeanPostProcessors (for example: not eligible for auto-proxying)
2018-12-22 13:20:24.708  INFO 11736 --- [           main] trationDelegate$BeanPostProcessorChecker : Bean 'security.oauth2.client-org.springframework.boot.autoconfigure.security.oauth2.OAuth2ClientProperties' of type [org.springframework.boot.autoconfigure.security.oauth2.OAuth2ClientProperties] is not eligible for getting processed by all BeanPostProcessors (for example: not eligible for auto-proxying)
2018-12-22 13:20:24.724  INFO 11736 --- [           main] trationDelegate$BeanPostProcessorChecker : Bean 'org.springframework.boot.autoconfigure.security.oauth2.OAuth2AutoConfiguration' of type [org.springframework.boot.autoconfigure.security.oauth2.OAuth2AutoConfiguration$$EnhancerBySpringCGLIB$$dd282e92] is not eligible for getting processed by all BeanPostProcessors (for example: not eligible for auto-proxying)
2018-12-22 13:20:24.724  INFO 11736 --- [           main] trationDelegate$BeanPostProcessorChecker : Bean 'resourceServerProperties' of type [org.springframework.boot.autoconfigure.security.oauth2.resource.ResourceServerProperties] is not eligible for getting processed by all BeanPostProcessors (for example: not eligible for auto-proxying)
2018-12-22 13:20:24.755  INFO 11736 --- [           main] org.zlogic.vogon.web.TomcatConfigurer    : Using keystore C:\Program Files (x86)\Jenkins\workspace\Maven_project\vogon-web\target/vogonweb.keystore with password ********
2018-12-22 13:20:24.802  INFO 11736 --- [           main] s.b.c.e.t.TomcatEmbeddedServletContainer : Tomcat initialized with port(s): 8080 (http) 8443 (https)
2018-12-22 13:20:24.802  INFO 11736 --- [           main] o.apache.catalina.core.StandardService   : Starting service Tomcat
2018-12-22 13:20:24.802  INFO 11736 --- [           main] org.apache.catalina.core.StandardEngine  : Starting Servlet Engine: Apache Tomcat/8.5.14
2018-12-22 13:20:24.848  INFO 11736 --- [ost-startStop-1] org.apache.jasper.servlet.TldScanner     : At least one JAR was scanned for TLDs yet contained no TLDs. Enable debug logging for this logger for a complete list of JARs that were scanned but no TLDs were found in them. Skipping unneeded JARs during scanning can improve startup time and JSP compilation time.
2018-12-22 13:20:24.848  INFO 11736 --- [ost-startStop-1] o.a.c.c.C.[Tomcat-54].[localhost].[/]    : Initializing Spring embedded WebApplicationContext
2018-12-22 13:20:24.848  INFO 11736 --- [ost-startStop-1] o.s.web.context.ContextLoader            : Root WebApplicationContext: initialization completed in 619 ms
2018-12-22 13:20:25.130  INFO 11736 --- [ost-startStop-1] o.s.b.w.servlet.FilterRegistrationBean   : Mapping filter: 'metricsFilter' to: [/*]
2018-12-22 13:20:25.130  INFO 11736 --- [ost-startStop-1] o.s.b.w.servlet.FilterRegistrationBean   : Mapping filter: 'characterEncodingFilter' to: [/*]
2018-12-22 13:20:25.130  INFO 11736 --- [ost-startStop-1] o.s.b.w.servlet.FilterRegistrationBean   : Mapping filter: 'hiddenHttpMethodFilter' to: [/*]
2018-12-22 13:20:25.130  INFO 11736 --- [ost-startStop-1] o.s.b.w.servlet.FilterRegistrationBean   : Mapping filter: 'httpPutFormContentFilter' to: [/*]
2018-12-22 13:20:25.130  INFO 11736 --- [ost-startStop-1] o.s.b.w.servlet.FilterRegistrationBean   : Mapping filter: 'requestContextFilter' to: [/*]
2018-12-22 13:20:25.130  INFO 11736 --- [ost-startStop-1] .s.DelegatingFilterProxyRegistrationBean : Mapping filter: 'springSecurityFilterChain' to: [/*]
2018-12-22 13:20:25.130  INFO 11736 --- [ost-startStop-1] o.s.b.w.servlet.FilterRegistrationBean   : Mapping filter: 'webRequestLoggingFilter' to: [/*]
2018-12-22 13:20:25.130  INFO 11736 --- [ost-startStop-1] o.s.b.w.servlet.FilterRegistrationBean   : Mapping filter: 'applicationContextIdFilter' to: [/*]
2018-12-22 13:20:25.130  INFO 11736 --- [ost-startStop-1] o.s.b.w.servlet.ServletRegistrationBean  : Mapping servlet: 'dispatcherServlet' to [/]
2018-12-22 13:20:25.177  INFO 11736 --- [           main] j.LocalContainerEntityManagerFactoryBean : Building JPA container EntityManagerFactory for persistence unit 'VogonPU'
2018-12-22 13:20:25.177  INFO 11736 --- [           main] o.hibernate.jpa.internal.util.LogHelper  : HHH000204: Processing PersistenceUnitInfo [
	name: VogonPU
	...]
2018-12-22 13:20:25.177  WARN 11736 --- [           main] org.hibernate.orm.connections.pooling    : HHH10001002: Using Hibernate built-in connection pool (not for production use!)
2018-12-22 13:20:25.177  INFO 11736 --- [           main] org.hibernate.orm.connections.pooling    : HHH10001005: using driver [org.h2.Driver] at URL [jdbc:h2:mem:test]
2018-12-22 13:20:25.177  INFO 11736 --- [           main] org.hibernate.orm.connections.pooling    : HHH10001001: Connection properties: {}
2018-12-22 13:20:25.177  INFO 11736 --- [           main] org.hibernate.orm.connections.pooling    : HHH10001003: Autocommit mode: false
2018-12-22 13:20:25.177  INFO 11736 --- [           main] .c.i.DriverManagerConnectionProviderImpl : HHH000115: Hibernate connection pool size: 20 (min=1)
2018-12-22 13:20:25.177  INFO 11736 --- [           main] org.hibernate.dialect.Dialect            : HHH000400: Using dialect: org.hibernate.dialect.H2Dialect
2018-12-22 13:20:25.239  INFO 11736 --- [           main] org.hibernate.orm.connections.access     : HHH10001501: Connection obtained from JdbcConnectionAccess [org.hibernate.engine.jdbc.env.internal.JdbcEnvironmentInitiator$ConnectionProviderJdbcConnectionAccess@4f032a60] for (non-JTA) DDL execution was not in auto-commit mode; the Connection 'local transaction' will be committed and the Connection will be set into auto-commit mode.
2018-12-22 13:20:25.255  INFO 11736 --- [           main] j.LocalContainerEntityManagerFactoryBean : Initialized JPA EntityManagerFactory for persistence unit 'VogonPU'
2018-12-22 13:20:25.875  INFO 11736 --- [           main] .s.o.p.e.FrameworkEndpointHandlerMapping : Mapped "{[/oauth/authorize]}" onto public org.springframework.web.servlet.ModelAndView org.springframework.security.oauth2.provider.endpoint.AuthorizationEndpoint.authorize(java.util.Map<java.lang.String, java.lang.Object>,java.util.Map<java.lang.String, java.lang.String>,org.springframework.web.bind.support.SessionStatus,java.security.Principal)
2018-12-22 13:20:25.875  INFO 11736 --- [           main] .s.o.p.e.FrameworkEndpointHandlerMapping : Mapped "{[/oauth/authorize],methods=[POST],params=[user_oauth_approval]}" onto public org.springframework.web.servlet.View org.springframework.security.oauth2.provider.endpoint.AuthorizationEndpoint.approveOrDeny(java.util.Map<java.lang.String, java.lang.String>,java.util.Map<java.lang.String, ?>,org.springframework.web.bind.support.SessionStatus,java.security.Principal)
2018-12-22 13:20:25.875  INFO 11736 --- [           main] .s.o.p.e.FrameworkEndpointHandlerMapping : Mapped "{[/oauth/token],methods=[GET]}" onto public org.springframework.http.ResponseEntity<org.springframework.security.oauth2.common.OAuth2AccessToken> org.springframework.security.oauth2.provider.endpoint.TokenEndpoint.getAccessToken(java.security.Principal,java.util.Map<java.lang.String, java.lang.String>) throws org.springframework.web.HttpRequestMethodNotSupportedException
2018-12-22 13:20:25.875  INFO 11736 --- [           main] .s.o.p.e.FrameworkEndpointHandlerMapping : Mapped "{[/oauth/token],methods=[POST]}" onto public org.springframework.http.ResponseEntity<org.springframework.security.oauth2.common.OAuth2AccessToken> org.springframework.security.oauth2.provider.endpoint.TokenEndpoint.postAccessToken(java.security.Principal,java.util.Map<java.lang.String, java.lang.String>) throws org.springframework.web.HttpRequestMethodNotSupportedException
2018-12-22 13:20:25.875  INFO 11736 --- [           main] .s.o.p.e.FrameworkEndpointHandlerMapping : Mapped "{[/oauth/check_token]}" onto public java.util.Map<java.lang.String, ?> org.springframework.security.oauth2.provider.endpoint.CheckTokenEndpoint.checkToken(java.lang.String)
2018-12-22 13:20:25.875  INFO 11736 --- [           main] .s.o.p.e.FrameworkEndpointHandlerMapping : Mapped "{[/oauth/confirm_access]}" onto public org.springframework.web.servlet.ModelAndView org.springframework.security.oauth2.provider.endpoint.WhitelabelApprovalEndpoint.getAccessConfirmation(java.util.Map<java.lang.String, java.lang.Object>,javax.servlet.http.HttpServletRequest) throws java.lang.Exception
2018-12-22 13:20:25.875  INFO 11736 --- [           main] .s.o.p.e.FrameworkEndpointHandlerMapping : Mapped "{[/oauth/error]}" onto public org.springframework.web.servlet.ModelAndView org.springframework.security.oauth2.provider.endpoint.WhitelabelErrorEndpoint.handleError(javax.servlet.http.HttpServletRequest)
2018-12-22 13:20:26.078  INFO 11736 --- [           main] o.s.s.web.DefaultSecurityFilterChain     : Creating filter chain: OrRequestMatcher [requestMatchers=[Ant [pattern='/oauth/token'], Ant [pattern='/oauth/token_key'], Ant [pattern='/oauth/check_token']]], [org.springframework.security.web.context.request.async.WebAsyncManagerIntegrationFilter@74d24e69, org.springframework.security.web.context.SecurityContextPersistenceFilter@738cad9, org.springframework.security.web.header.HeaderWriterFilter@43ce9ca8, org.springframework.security.web.authentication.logout.LogoutFilter@7bdc3b3e, org.springframework.security.oauth2.provider.client.ClientCredentialsTokenEndpointFilter@5902623f, org.springframework.security.web.authentication.www.BasicAuthenticationFilter@6f2040a2, org.springframework.security.web.savedrequest.RequestCacheAwareFilter@1a8a8b75, org.springframework.security.web.servletapi.SecurityContextHolderAwareRequestFilter@2d967f50, org.springframework.security.web.authentication.AnonymousAuthenticationFilter@70888723, org.springframework.security.web.session.SessionManagementFilter@54b05581, org.springframework.security.web.access.ExceptionTranslationFilter@4b9ac6a5, org.springframework.security.web.access.intercept.FilterSecurityInterceptor@726f7205]
2018-12-22 13:20:26.078  INFO 11736 --- [           main] o.s.s.web.DefaultSecurityFilterChain     : Creating filter chain: org.springframework.boot.actuate.autoconfigure.ManagementWebSecurityAutoConfiguration$LazyEndpointPathRequestMatcher@458105e4, [org.springframework.security.web.context.request.async.WebAsyncManagerIntegrationFilter@30a90a50, org.springframework.security.web.context.SecurityContextPersistenceFilter@7917b7f6, org.springframework.security.web.header.HeaderWriterFilter@755b7316, org.springframework.security.web.authentication.logout.LogoutFilter@36dbea54, org.springframework.security.web.authentication.www.BasicAuthenticationFilter@4328b3bd, org.springframework.security.web.savedrequest.RequestCacheAwareFilter@7c5c05bb, org.springframework.security.web.servletapi.SecurityContextHolderAwareRequestFilter@52b10ae5, org.springframework.security.web.authentication.AnonymousAuthenticationFilter@48e224fb, org.springframework.security.web.session.SessionManagementFilter@376a7c83, org.springframework.security.web.access.ExceptionTranslationFilter@15d2139c, org.springframework.security.web.access.intercept.FilterSecurityInterceptor@29aa2335]
2018-12-22 13:20:26.093  INFO 11736 --- [           main] o.s.s.w.a.c.ChannelProcessingFilter      : Validated configuration attributes
2018-12-22 13:20:26.093  INFO 11736 --- [           main] o.s.s.web.DefaultSecurityFilterChain     : Creating filter chain: org.springframework.security.oauth2.config.annotation.web.configuration.ResourceServerConfiguration$NotOAuthRequestMatcher@4b664bb2, [org.springframework.security.web.access.channel.ChannelProcessingFilter@77d5caf5, org.springframework.security.web.context.request.async.WebAsyncManagerIntegrationFilter@6cd24830, org.springframework.security.web.context.SecurityContextPersistenceFilter@97cc76b, org.springframework.security.web.header.HeaderWriterFilter@1c98d50, org.springframework.security.web.authentication.logout.LogoutFilter@44fd3914, org.springframework.security.oauth2.provider.authentication.OAuth2AuthenticationProcessingFilter@6e64f9fb, org.springframework.security.web.savedrequest.RequestCacheAwareFilter@345eacc, org.springframework.security.web.servletapi.SecurityContextHolderAwareRequestFilter@4e2b54f9, org.springframework.security.web.authentication.AnonymousAuthenticationFilter@4d7d0ad8, org.springframework.security.web.session.SessionManagementFilter@4b183890, org.springframework.security.web.access.ExceptionTranslationFilter@738f3787, org.springframework.security.web.access.intercept.FilterSecurityInterceptor@8438adf]
2018-12-22 13:20:26.187  INFO 11736 --- [           main] s.w.s.m.m.a.RequestMappingHandlerAdapter : Looking for @ControllerAdvice: org.springframework.boot.context.embedded.AnnotationConfigEmbeddedWebApplicationContext@1b33617: startup date [Sat Dec 22 13:20:24 IST 2018]; root of context hierarchy
2018-12-22 13:20:26.187  INFO 11736 --- [           main] s.w.s.m.m.a.RequestMappingHandlerMapping : Mapped "{[/service/accounts],methods=[GET],produces=[application/json]}" onto public java.util.Collection<org.zlogic.vogon.data.FinanceAccount> org.zlogic.vogon.web.controller.AccountsController.getAllAccounts(org.zlogic.vogon.web.security.VogonSecurityUser)
2018-12-22 13:20:26.187  INFO 11736 --- [           main] s.w.s.m.m.a.RequestMappingHandlerMapping : Mapped "{[/service/accounts],methods=[POST],produces=[application/json]}" onto public java.util.Collection<org.zlogic.vogon.data.FinanceAccount> org.zlogic.vogon.web.controller.AccountsController.updateAccounts(java.util.Collection<org.zlogic.vogon.data.FinanceAccount>,org.zlogic.vogon.web.security.VogonSecurityUser)
2018-12-22 13:20:26.187  INFO 11736 --- [           main] s.w.s.m.m.a.RequestMappingHandlerMapping : Mapped "{[/service/analytics/tags],methods=[GET],produces=[application/json]}" onto public java.util.Set<java.lang.String> org.zlogic.vogon.web.controller.AnalyticsController.getAllTags(org.zlogic.vogon.web.security.VogonSecurityUser)
2018-12-22 13:20:26.187  INFO 11736 --- [           main] s.w.s.m.m.a.RequestMappingHandlerMapping : Mapped "{[/service/analytics],methods=[POST],produces=[application/json]}" onto public java.util.Map<java.lang.String, org.zlogic.vogon.data.report.Report> org.zlogic.vogon.web.controller.AnalyticsController.getReport(org.zlogic.vogon.data.report.ReportFactory,org.zlogic.vogon.web.security.VogonSecurityUser)
2018-12-22 13:20:26.187  INFO 11736 --- [           main] s.w.s.m.m.a.RequestMappingHandlerMapping : Mapped "{[/service/currencies],methods=[GET],produces=[application/json]}" onto public java.util.Collection<org.zlogic.vogon.web.data.model.CurrencyDetails> org.zlogic.vogon.web.controller.CurrenciesController.getAllCurrencies()
2018-12-22 13:20:26.187  INFO 11736 --- [           main] s.w.s.m.m.a.RequestMappingHandlerMapping : Mapped "{[/service/export],methods=[GET || POST]}" onto public org.springframework.http.HttpEntity<byte[]> org.zlogic.vogon.web.controller.DataController.exportDataJSON(org.zlogic.vogon.web.security.VogonSecurityUser) throws java.lang.RuntimeException
2018-12-22 13:20:26.187  INFO 11736 --- [           main] s.w.s.m.m.a.RequestMappingHandlerMapping : Mapped "{[/service/import],methods=[POST],consumes=[multipart/form-data],produces=[application/json]}" onto public java.lang.Boolean org.zlogic.vogon.web.controller.DataController.importData(org.springframework.web.multipart.MultipartFile,org.zlogic.vogon.web.security.VogonSecurityUser) throws java.lang.RuntimeException
2018-12-22 13:20:26.187  INFO 11736 --- [           main] s.w.s.m.m.a.RequestMappingHandlerMapping : Mapped "{[/fragments/{fragment}.fragment]}" onto public org.springframework.web.servlet.ModelAndView org.zlogic.vogon.web.controller.JspController.fragmentModelAndView(java.lang.String)
2018-12-22 13:20:26.187  INFO 11736 --- [           main] s.w.s.m.m.a.RequestMappingHandlerMapping : Mapped "{[/]}" onto public org.springframework.web.servlet.ModelAndView org.zlogic.vogon.web.controller.JspController.indexModelAndView()
2018-12-22 13:20:26.187  INFO 11736 --- [           main] s.w.s.m.m.a.RequestMappingHandlerMapping : Mapped "{[/oauth/logout],methods=[POST]}" onto public void org.zlogic.vogon.web.controller.LogoutController.logout(org.springframework.security.oauth2.provider.OAuth2Authentication) throws org.zlogic.vogon.web.security.UsernameExistsException
2018-12-22 13:20:26.203  INFO 11736 --- [           main] s.w.s.m.m.a.RequestMappingHandlerMapping : Mapped "{[/register],methods=[POST],produces=[application/json]}" onto public org.zlogic.vogon.data.VogonUser org.zlogic.vogon.web.controller.RegistrationController.register(org.zlogic.vogon.data.VogonUser) throws org.zlogic.vogon.web.security.UsernameExistsException
2018-12-22 13:20:26.203  INFO 11736 --- [           main] s.w.s.m.m.a.RequestMappingHandlerMapping : Mapped "{[/service/transactions/transaction/{id}],methods=[GET],produces=[application/json]}" onto public org.zlogic.vogon.web.data.model.FinanceTransactionJson org.zlogic.vogon.web.controller.TransactionsController.getTransaction(long,org.zlogic.vogon.web.security.VogonSecurityUser)
2018-12-22 13:20:26.203  INFO 11736 --- [           main] s.w.s.m.m.a.RequestMappingHandlerMapping : Mapped "{[/service/transactions],methods=[GET],produces=[application/json]}" onto public java.util.Collection<org.zlogic.vogon.web.data.model.FinanceTransactionJson> org.zlogic.vogon.web.controller.TransactionsController.getTransactions(java.lang.Integer,org.zlogic.vogon.web.controller.TransactionsController$SortColumn,org.springframework.data.domain.Sort$Direction,java.lang.String,java.util.Date,java.util.Collection<java.lang.String>,org.zlogic.vogon.web.security.VogonSecurityUser)
2018-12-22 13:20:26.203  INFO 11736 --- [           main] s.w.s.m.m.a.RequestMappingHandlerMapping : Mapped "{[/service/transactions],methods=[POST],produces=[application/json]}" onto public org.zlogic.vogon.web.data.model.FinanceTransactionJson org.zlogic.vogon.web.controller.TransactionsController.submitTransaction(org.zlogic.vogon.web.data.model.FinanceTransactionJson,org.zlogic.vogon.web.security.VogonSecurityUser)
2018-12-22 13:20:26.203  INFO 11736 --- [           main] s.w.s.m.m.a.RequestMappingHandlerMapping : Mapped "{[/service/transactions/pages],methods=[GET],produces=[application/json]}" onto public long org.zlogic.vogon.web.controller.TransactionsController.getTransactionsCount(org.zlogic.vogon.web.security.VogonSecurityUser)
2018-12-22 13:20:26.203  INFO 11736 --- [           main] s.w.s.m.m.a.RequestMappingHandlerMapping : Mapped "{[/service/transactions/transaction/{id}],methods=[DELETE],produces=[application/json]}" onto public org.zlogic.vogon.web.data.model.FinanceTransactionJson org.zlogic.vogon.web.controller.TransactionsController.deleteTransaction(long,org.zlogic.vogon.web.security.VogonSecurityUser)
2018-12-22 13:20:26.203  INFO 11736 --- [           main] s.w.s.m.m.a.RequestMappingHandlerMapping : Mapped "{[/service/user],methods=[POST],produces=[application/json]}" onto public org.zlogic.vogon.data.VogonUser org.zlogic.vogon.web.controller.UsersController.submitUser(org.zlogic.vogon.data.VogonUser,org.zlogic.vogon.web.security.VogonSecurityUser) throws org.zlogic.vogon.web.security.UsernameExistsException
2018-12-22 13:20:26.203  INFO 11736 --- [           main] s.w.s.m.m.a.RequestMappingHandlerMapping : Mapped "{[/service/user],methods=[GET],produces=[application/json]}" onto public org.zlogic.vogon.data.VogonUser org.zlogic.vogon.web.controller.UsersController.getUserData(org.zlogic.vogon.web.security.VogonSecurityUser)
2018-12-22 13:20:26.203  INFO 11736 --- [           main] s.w.s.m.m.a.RequestMappingHandlerMapping : Mapped "{[/error]}" onto public org.springframework.http.ResponseEntity<java.util.Map<java.lang.String, java.lang.Object>> org.springframework.boot.autoconfigure.web.BasicErrorController.error(javax.servlet.http.HttpServletRequest)
2018-12-22 13:20:26.203  INFO 11736 --- [           main] s.w.s.m.m.a.RequestMappingHandlerMapping : Mapped "{[/error],produces=[text/html]}" onto public org.springframework.web.servlet.ModelAndView org.springframework.boot.autoconfigure.web.BasicErrorController.errorHtml(javax.servlet.http.HttpServletRequest,javax.servlet.http.HttpServletResponse)
2018-12-22 13:20:26.218  INFO 11736 --- [           main] o.s.w.s.handler.SimpleUrlHandlerMapping  : Root mapping to handler of type [class org.springframework.web.servlet.mvc.ParameterizableViewController]
2018-12-22 13:20:26.374  INFO 11736 --- [           main] o.s.w.s.handler.SimpleUrlHandlerMapping  : Mapped URL path [/webjars/**] onto handler of type [class org.springframework.web.servlet.resource.ResourceHttpRequestHandler]
2018-12-22 13:20:26.374  INFO 11736 --- [           main] o.s.w.s.handler.SimpleUrlHandlerMapping  : Mapped URL path [/**] onto handler of type [class org.springframework.web.servlet.resource.ResourceHttpRequestHandler]
2018-12-22 13:20:26.374  INFO 11736 --- [           main] o.s.w.s.handler.SimpleUrlHandlerMapping  : Mapped URL path [/**] onto handler of type [class org.springframework.web.servlet.resource.DefaultServletHttpRequestHandler]
2018-12-22 13:20:26.406  INFO 11736 --- [           main] o.s.w.s.handler.SimpleUrlHandlerMapping  : Mapped URL path [/**/favicon.ico] onto handler of type [class org.springframework.web.servlet.resource.ResourceHttpRequestHandler]
2018-12-22 13:20:26.578  INFO 11736 --- [           main] o.s.b.a.e.mvc.EndpointHandlerMapping     : Mapped "{[/env/{name:.*}],methods=[GET],produces=[application/vnd.spring-boot.actuator.v1+json || application/json]}" onto public java.lang.Object org.springframework.boot.actuate.endpoint.mvc.EnvironmentMvcEndpoint.value(java.lang.String)
2018-12-22 13:20:26.578  INFO 11736 --- [           main] o.s.b.a.e.mvc.EndpointHandlerMapping     : Mapped "{[/env || /env.json],methods=[GET],produces=[application/vnd.spring-boot.actuator.v1+json || application/json]}" onto public java.lang.Object org.springframework.boot.actuate.endpoint.mvc.EndpointMvcAdapter.invoke()
2018-12-22 13:20:26.578  INFO 11736 --- [           main] o.s.b.a.e.mvc.EndpointHandlerMapping     : Mapped "{[/loggers/{name:.*}],methods=[GET],produces=[application/vnd.spring-boot.actuator.v1+json || application/json]}" onto public java.lang.Object org.springframework.boot.actuate.endpoint.mvc.LoggersMvcEndpoint.get(java.lang.String)
2018-12-22 13:20:26.578  INFO 11736 --- [           main] o.s.b.a.e.mvc.EndpointHandlerMapping     : Mapped "{[/loggers/{name:.*}],methods=[POST],consumes=[application/vnd.spring-boot.actuator.v1+json || application/json],produces=[application/vnd.spring-boot.actuator.v1+json || application/json]}" onto public java.lang.Object org.springframework.boot.actuate.endpoint.mvc.LoggersMvcEndpoint.set(java.lang.String,java.util.Map<java.lang.String, java.lang.String>)
2018-12-22 13:20:26.578  INFO 11736 --- [           main] o.s.b.a.e.mvc.EndpointHandlerMapping     : Mapped "{[/loggers || /loggers.json],methods=[GET],produces=[application/vnd.spring-boot.actuator.v1+json || application/json]}" onto public java.lang.Object org.springframework.boot.actuate.endpoint.mvc.EndpointMvcAdapter.invoke()
2018-12-22 13:20:26.578  INFO 11736 --- [           main] o.s.b.a.e.mvc.EndpointHandlerMapping     : Mapped "{[/configprops || /configprops.json],methods=[GET],produces=[application/vnd.spring-boot.actuator.v1+json || application/json]}" onto public java.lang.Object org.springframework.boot.actuate.endpoint.mvc.EndpointMvcAdapter.invoke()
2018-12-22 13:20:26.578  INFO 11736 --- [           main] o.s.b.a.e.mvc.EndpointHandlerMapping     : Mapped "{[/metrics/{name:.*}],methods=[GET],produces=[application/vnd.spring-boot.actuator.v1+json || application/json]}" onto public java.lang.Object org.springframework.boot.actuate.endpoint.mvc.MetricsMvcEndpoint.value(java.lang.String)
2018-12-22 13:20:26.578  INFO 11736 --- [           main] o.s.b.a.e.mvc.EndpointHandlerMapping     : Mapped "{[/metrics || /metrics.json],methods=[GET],produces=[application/vnd.spring-boot.actuator.v1+json || application/json]}" onto public java.lang.Object org.springframework.boot.actuate.endpoint.mvc.EndpointMvcAdapter.invoke()
2018-12-22 13:20:26.578  INFO 11736 --- [           main] o.s.b.a.e.mvc.EndpointHandlerMapping     : Mapped "{[/info || /info.json],methods=[GET],produces=[application/vnd.spring-boot.actuator.v1+json || application/json]}" onto public java.lang.Object org.springframework.boot.actuate.endpoint.mvc.EndpointMvcAdapter.invoke()
2018-12-22 13:20:26.578  INFO 11736 --- [           main] o.s.b.a.e.mvc.EndpointHandlerMapping     : Mapped "{[/autoconfig || /autoconfig.json],methods=[GET],produces=[application/vnd.spring-boot.actuator.v1+json || application/json]}" onto public java.lang.Object org.springframework.boot.actuate.endpoint.mvc.EndpointMvcAdapter.invoke()
2018-12-22 13:20:26.578  INFO 11736 --- [           main] o.s.b.a.e.mvc.EndpointHandlerMapping     : Mapped "{[/trace || /trace.json],methods=[GET],produces=[application/vnd.spring-boot.actuator.v1+json || application/json]}" onto public java.lang.Object org.springframework.boot.actuate.endpoint.mvc.EndpointMvcAdapter.invoke()
2018-12-22 13:20:26.578  INFO 11736 --- [           main] o.s.b.a.e.mvc.EndpointHandlerMapping     : Mapped "{[/auditevents || /auditevents.json],methods=[GET],produces=[application/vnd.spring-boot.actuator.v1+json || application/json]}" onto public org.springframework.http.ResponseEntity<?> org.springframework.boot.actuate.endpoint.mvc.AuditEventsMvcEndpoint.findByPrincipalAndAfterAndType(java.lang.String,java.util.Date,java.lang.String)
2018-12-22 13:20:26.578  INFO 11736 --- [           main] o.s.b.a.e.mvc.EndpointHandlerMapping     : Mapped "{[/beans || /beans.json],methods=[GET],produces=[application/vnd.spring-boot.actuator.v1+json || application/json]}" onto public java.lang.Object org.springframework.boot.actuate.endpoint.mvc.EndpointMvcAdapter.invoke()
2018-12-22 13:20:26.578  INFO 11736 --- [           main] o.s.b.a.e.mvc.EndpointHandlerMapping     : Mapped "{[/mappings || /mappings.json],methods=[GET],produces=[application/vnd.spring-boot.actuator.v1+json || application/json]}" onto public java.lang.Object org.springframework.boot.actuate.endpoint.mvc.EndpointMvcAdapter.invoke()
2018-12-22 13:20:26.578  INFO 11736 --- [           main] o.s.b.a.e.mvc.EndpointHandlerMapping     : Mapped "{[/dump || /dump.json],methods=[GET],produces=[application/vnd.spring-boot.actuator.v1+json || application/json]}" onto public java.lang.Object org.springframework.boot.actuate.endpoint.mvc.EndpointMvcAdapter.invoke()
2018-12-22 13:20:26.593  INFO 11736 --- [           main] o.s.b.a.e.mvc.EndpointHandlerMapping     : Mapped "{[/health || /health.json],methods=[GET],produces=[application/vnd.spring-boot.actuator.v1+json || application/json]}" onto public java.lang.Object org.springframework.boot.actuate.endpoint.mvc.HealthMvcEndpoint.invoke(javax.servlet.http.HttpServletRequest,java.security.Principal)
2018-12-22 13:20:26.593  INFO 11736 --- [           main] o.s.b.a.e.mvc.EndpointHandlerMapping     : Mapped "{[/heapdump || /heapdump.json],methods=[GET],produces=[application/octet-stream]}" onto public void org.springframework.boot.actuate.endpoint.mvc.HeapdumpMvcEndpoint.invoke(boolean,javax.servlet.http.HttpServletRequest,javax.servlet.http.HttpServletResponse) throws java.io.IOException,javax.servlet.ServletException
2018-12-22 13:20:26.687 ERROR 11736 --- [           main] o.a.coyote.http11.Http11NioProtocol      : Failed to start end point associated with ProtocolHandler ["http-nio-8080"]

java.net.BindException: Address already in use: bind
	at sun.nio.ch.Net.bind0(Native Method) ~[na:1.8.0_191]
	at sun.nio.ch.Net.bind(Net.java:433) ~[na:1.8.0_191]
	at sun.nio.ch.Net.bind(Net.java:425) ~[na:1.8.0_191]
	at sun.nio.ch.ServerSocketChannelImpl.bind(ServerSocketChannelImpl.java:223) ~[na:1.8.0_191]
	at sun.nio.ch.ServerSocketAdaptor.bind(ServerSocketAdaptor.java:74) ~[na:1.8.0_191]
	at org.apache.tomcat.util.net.NioEndpoint.bind(NioEndpoint.java:210) ~[tomcat-embed-core-8.5.14.jar:8.5.14]
	at org.apache.tomcat.util.net.AbstractEndpoint.start(AbstractEndpoint.java:978) ~[tomcat-embed-core-8.5.14.jar:8.5.14]
	at org.apache.coyote.AbstractProtocol.start(AbstractProtocol.java:628) ~[tomcat-embed-core-8.5.14.jar:8.5.14]
	at org.apache.catalina.connector.Connector.startInternal(Connector.java:993) [tomcat-embed-core-8.5.14.jar:8.5.14]
	at org.apache.catalina.util.LifecycleBase.start(LifecycleBase.java:150) [tomcat-embed-core-8.5.14.jar:8.5.14]
	at org.apache.catalina.core.StandardService.addConnector(StandardService.java:225) [tomcat-embed-core-8.5.14.jar:8.5.14]
	at org.springframework.boot.context.embedded.tomcat.TomcatEmbeddedServletContainer.addPreviouslyRemovedConnectors(TomcatEmbeddedServletContainer.java:247) [spring-boot-1.5.3.RELEASE.jar:1.5.3.RELEASE]
	at org.springframework.boot.context.embedded.tomcat.TomcatEmbeddedServletContainer.start(TomcatEmbeddedServletContainer.java:190) [spring-boot-1.5.3.RELEASE.jar:1.5.3.RELEASE]
	at org.springframework.boot.context.embedded.EmbeddedWebApplicationContext.startEmbeddedServletContainer(EmbeddedWebApplicationContext.java:297) [spring-boot-1.5.3.RELEASE.jar:1.5.3.RELEASE]
	at org.springframework.boot.context.embedded.EmbeddedWebApplicationContext.finishRefresh(EmbeddedWebApplicationContext.java:145) [spring-boot-1.5.3.RELEASE.jar:1.5.3.RELEASE]
	at org.springframework.context.support.AbstractApplicationContext.refresh(AbstractApplicationContext.java:545) [spring-context-4.3.8.RELEASE.jar:4.3.8.RELEASE]
	at org.springframework.boot.context.embedded.EmbeddedWebApplicationContext.refresh(EmbeddedWebApplicationContext.java:122) [spring-boot-1.5.3.RELEASE.jar:1.5.3.RELEASE]
	at org.springframework.boot.SpringApplication.refresh(SpringApplication.java:737) [spring-boot-1.5.3.RELEASE.jar:1.5.3.RELEASE]
	at org.springframework.boot.SpringApplication.refreshContext(SpringApplication.java:370) [spring-boot-1.5.3.RELEASE.jar:1.5.3.RELEASE]
	at org.springframework.boot.SpringApplication.run(SpringApplication.java:314) [spring-boot-1.5.3.RELEASE.jar:1.5.3.RELEASE]
	at org.springframework.boot.test.context.SpringBootContextLoader.loadContext(SpringBootContextLoader.java:120) [spring-boot-test-1.5.3.RELEASE.jar:1.5.3.RELEASE]
	at org.springframework.test.context.cache.DefaultCacheAwareContextLoaderDelegate.loadContextInternal(DefaultCacheAwareContextLoaderDelegate.java:98) [spring-test-4.3.8.RELEASE.jar:4.3.8.RELEASE]
	at org.springframework.test.context.cache.DefaultCacheAwareContextLoaderDelegate.loadContext(DefaultCacheAwareContextLoaderDelegate.java:116) [spring-test-4.3.8.RELEASE.jar:4.3.8.RELEASE]
	at org.springframework.test.context.support.DefaultTestContext.getApplicationContext(DefaultTestContext.java:83) [spring-test-4.3.8.RELEASE.jar:4.3.8.RELEASE]
	at org.springframework.test.context.support.DependencyInjectionTestExecutionListener.injectDependencies(DependencyInjectionTestExecutionListener.java:117) [spring-test-4.3.8.RELEASE.jar:4.3.8.RELEASE]
	at org.springframework.test.context.support.DependencyInjectionTestExecutionListener.prepareTestInstance(DependencyInjectionTestExecutionListener.java:83) [spring-test-4.3.8.RELEASE.jar:4.3.8.RELEASE]
	at org.springframework.boot.test.autoconfigure.SpringBootDependencyInjectionTestExecutionListener.prepareTestInstance(SpringBootDependencyInjectionTestExecutionListener.java:44) [spring-boot-test-autoconfigure-1.5.3.RELEASE.jar:1.5.3.RELEASE]
	at org.springframework.test.context.TestContextManager.prepareTestInstance(TestContextManager.java:230) [spring-test-4.3.8.RELEASE.jar:4.3.8.RELEASE]
	at org.springframework.test.context.junit4.SpringJUnit4ClassRunner.createTest(SpringJUnit4ClassRunner.java:228) [spring-test-4.3.8.RELEASE.jar:4.3.8.RELEASE]
	at org.springframework.test.context.junit4.SpringJUnit4ClassRunner$1.runReflectiveCall(SpringJUnit4ClassRunner.java:287) [spring-test-4.3.8.RELEASE.jar:4.3.8.RELEASE]
	at org.junit.internal.runners.model.ReflectiveCallable.run(ReflectiveCallable.java:12) [junit-4.12.jar:4.12]
	at org.springframework.test.context.junit4.SpringJUnit4ClassRunner.methodBlock(SpringJUnit4ClassRunner.java:289) [spring-test-4.3.8.RELEASE.jar:4.3.8.RELEASE]
	at org.springframework.test.context.junit4.SpringJUnit4ClassRunner.runChild(SpringJUnit4ClassRunner.java:247) [spring-test-4.3.8.RELEASE.jar:4.3.8.RELEASE]
	at org.springframework.test.context.junit4.SpringJUnit4ClassRunner.runChild(SpringJUnit4ClassRunner.java:94) [spring-test-4.3.8.RELEASE.jar:4.3.8.RELEASE]
	at org.junit.runners.ParentRunner$3.run(ParentRunner.java:290) [junit-4.12.jar:4.12]
	at org.junit.runners.ParentRunner$1.schedule(ParentRunner.java:71) [junit-4.12.jar:4.12]
	at org.junit.runners.ParentRunner.runChildren(ParentRunner.java:288) [junit-4.12.jar:4.12]
	at org.junit.runners.ParentRunner.access$000(ParentRunner.java:58) [junit-4.12.jar:4.12]
	at org.junit.runners.ParentRunner$2.evaluate(ParentRunner.java:268) [junit-4.12.jar:4.12]
	at org.springframework.test.context.junit4.statements.RunBeforeTestClassCallbacks.evaluate(RunBeforeTestClassCallbacks.java:61) [spring-test-4.3.8.RELEASE.jar:4.3.8.RELEASE]
	at org.springframework.test.context.junit4.statements.RunAfterTestClassCallbacks.evaluate(RunAfterTestClassCallbacks.java:70) [spring-test-4.3.8.RELEASE.jar:4.3.8.RELEASE]
	at org.junit.runners.ParentRunner.run(ParentRunner.java:363) [junit-4.12.jar:4.12]
	at org.springframework.test.context.junit4.SpringJUnit4ClassRunner.run(SpringJUnit4ClassRunner.java:191) [spring-test-4.3.8.RELEASE.jar:4.3.8.RELEASE]
	at org.apache.maven.surefire.junit4.JUnit4Provider.execute(JUnit4Provider.java:365) [surefire-junit4-2.20.jar:2.20]
	at org.apache.maven.surefire.junit4.JUnit4Provider.executeWithRerun(JUnit4Provider.java:272) [surefire-junit4-2.20.jar:2.20]
	at org.apache.maven.surefire.junit4.JUnit4Provider.executeTestSet(JUnit4Provider.java:236) [surefire-junit4-2.20.jar:2.20]
	at org.apache.maven.surefire.junit4.JUnit4Provider.invoke(JUnit4Provider.java:159) [surefire-junit4-2.20.jar:2.20]
	at org.apache.maven.surefire.booter.ForkedBooter.invokeProviderInSameClassLoader(ForkedBooter.java:386) [surefire-booter-2.20.jar:2.20]
	at org.apache.maven.surefire.booter.ForkedBooter.runSuitesInProcess(ForkedBooter.java:323) [surefire-booter-2.20.jar:2.20]
	at org.apache.maven.surefire.booter.ForkedBooter.main(ForkedBooter.java:143) [surefire-booter-2.20.jar:2.20]

2018-12-22 13:20:26.687 ERROR 11736 --- [           main] o.apache.catalina.core.StandardService   : Failed to start connector [Connector[HTTP/1.1-8080]]

org.apache.catalina.LifecycleException: Failed to start component [Connector[HTTP/1.1-8080]]
	at org.apache.catalina.util.LifecycleBase.start(LifecycleBase.java:167) ~[tomcat-embed-core-8.5.14.jar:8.5.14]
	at org.apache.catalina.core.StandardService.addConnector(StandardService.java:225) ~[tomcat-embed-core-8.5.14.jar:8.5.14]
	at org.springframework.boot.context.embedded.tomcat.TomcatEmbeddedServletContainer.addPreviouslyRemovedConnectors(TomcatEmbeddedServletContainer.java:247) [spring-boot-1.5.3.RELEASE.jar:1.5.3.RELEASE]
	at org.springframework.boot.context.embedded.tomcat.TomcatEmbeddedServletContainer.start(TomcatEmbeddedServletContainer.java:190) [spring-boot-1.5.3.RELEASE.jar:1.5.3.RELEASE]
	at org.springframework.boot.context.embedded.EmbeddedWebApplicationContext.startEmbeddedServletContainer(EmbeddedWebApplicationContext.java:297) [spring-boot-1.5.3.RELEASE.jar:1.5.3.RELEASE]
	at org.springframework.boot.context.embedded.EmbeddedWebApplicationContext.finishRefresh(EmbeddedWebApplicationContext.java:145) [spring-boot-1.5.3.RELEASE.jar:1.5.3.RELEASE]
	at org.springframework.context.support.AbstractApplicationContext.refresh(AbstractApplicationContext.java:545) [spring-context-4.3.8.RELEASE.jar:4.3.8.RELEASE]
	at org.springframework.boot.context.embedded.EmbeddedWebApplicationContext.refresh(EmbeddedWebApplicationContext.java:122) [spring-boot-1.5.3.RELEASE.jar:1.5.3.RELEASE]
	at org.springframework.boot.SpringApplication.refresh(SpringApplication.java:737) [spring-boot-1.5.3.RELEASE.jar:1.5.3.RELEASE]
	at org.springframework.boot.SpringApplication.refreshContext(SpringApplication.java:370) [spring-boot-1.5.3.RELEASE.jar:1.5.3.RELEASE]
	at org.springframework.boot.SpringApplication.run(SpringApplication.java:314) [spring-boot-1.5.3.RELEASE.jar:1.5.3.RELEASE]
	at org.springframework.boot.test.context.SpringBootContextLoader.loadContext(SpringBootContextLoader.java:120) [spring-boot-test-1.5.3.RELEASE.jar:1.5.3.RELEASE]
	at org.springframework.test.context.cache.DefaultCacheAwareContextLoaderDelegate.loadContextInternal(DefaultCacheAwareContextLoaderDelegate.java:98) [spring-test-4.3.8.RELEASE.jar:4.3.8.RELEASE]
	at org.springframework.test.context.cache.DefaultCacheAwareContextLoaderDelegate.loadContext(DefaultCacheAwareContextLoaderDelegate.java:116) [spring-test-4.3.8.RELEASE.jar:4.3.8.RELEASE]
	at org.springframework.test.context.support.DefaultTestContext.getApplicationContext(DefaultTestContext.java:83) [spring-test-4.3.8.RELEASE.jar:4.3.8.RELEASE]
	at org.springframework.test.context.support.DependencyInjectionTestExecutionListener.injectDependencies(DependencyInjectionTestExecutionListener.java:117) [spring-test-4.3.8.RELEASE.jar:4.3.8.RELEASE]
	at org.springframework.test.context.support.DependencyInjectionTestExecutionListener.prepareTestInstance(DependencyInjectionTestExecutionListener.java:83) [spring-test-4.3.8.RELEASE.jar:4.3.8.RELEASE]
	at org.springframework.boot.test.autoconfigure.SpringBootDependencyInjectionTestExecutionListener.prepareTestInstance(SpringBootDependencyInjectionTestExecutionListener.java:44) [spring-boot-test-autoconfigure-1.5.3.RELEASE.jar:1.5.3.RELEASE]
	at org.springframework.test.context.TestContextManager.prepareTestInstance(TestContextManager.java:230) [spring-test-4.3.8.RELEASE.jar:4.3.8.RELEASE]
	at org.springframework.test.context.junit4.SpringJUnit4ClassRunner.createTest(SpringJUnit4ClassRunner.java:228) [spring-test-4.3.8.RELEASE.jar:4.3.8.RELEASE]
	at org.springframework.test.context.junit4.SpringJUnit4ClassRunner$1.runReflectiveCall(SpringJUnit4ClassRunner.java:287) [spring-test-4.3.8.RELEASE.jar:4.3.8.RELEASE]
	at org.junit.internal.runners.model.ReflectiveCallable.run(ReflectiveCallable.java:12) [junit-4.12.jar:4.12]
	at org.springframework.test.context.junit4.SpringJUnit4ClassRunner.methodBlock(SpringJUnit4ClassRunner.java:289) [spring-test-4.3.8.RELEASE.jar:4.3.8.RELEASE]
	at org.springframework.test.context.junit4.SpringJUnit4ClassRunner.runChild(SpringJUnit4ClassRunner.java:247) [spring-test-4.3.8.RELEASE.jar:4.3.8.RELEASE]
	at org.springframework.test.context.junit4.SpringJUnit4ClassRunner.runChild(SpringJUnit4ClassRunner.java:94) [spring-test-4.3.8.RELEASE.jar:4.3.8.RELEASE]
	at org.junit.runners.ParentRunner$3.run(ParentRunner.java:290) [junit-4.12.jar:4.12]
	at org.junit.runners.ParentRunner$1.schedule(ParentRunner.java:71) [junit-4.12.jar:4.12]
	at org.junit.runners.ParentRunner.runChildren(ParentRunner.java:288) [junit-4.12.jar:4.12]
	at org.junit.runners.ParentRunner.access$000(ParentRunner.java:58) [junit-4.12.jar:4.12]
	at org.junit.runners.ParentRunner$2.evaluate(ParentRunner.java:268) [junit-4.12.jar:4.12]
	at org.springframework.test.context.junit4.statements.RunBeforeTestClassCallbacks.evaluate(RunBeforeTestClassCallbacks.java:61) [spring-test-4.3.8.RELEASE.jar:4.3.8.RELEASE]
	at org.springframework.test.context.junit4.statements.RunAfterTestClassCallbacks.evaluate(RunAfterTestClassCallbacks.java:70) [spring-test-4.3.8.RELEASE.jar:4.3.8.RELEASE]
	at org.junit.runners.ParentRunner.run(ParentRunner.java:363) [junit-4.12.jar:4.12]
	at org.springframework.test.context.junit4.SpringJUnit4ClassRunner.run(SpringJUnit4ClassRunner.java:191) [spring-test-4.3.8.RELEASE.jar:4.3.8.RELEASE]
	at org.apache.maven.surefire.junit4.JUnit4Provider.execute(JUnit4Provider.java:365) [surefire-junit4-2.20.jar:2.20]
	at org.apache.maven.surefire.junit4.JUnit4Provider.executeWithRerun(JUnit4Provider.java:272) [surefire-junit4-2.20.jar:2.20]
	at org.apache.maven.surefire.junit4.JUnit4Provider.executeTestSet(JUnit4Provider.java:236) [surefire-junit4-2.20.jar:2.20]
	at org.apache.maven.surefire.junit4.JUnit4Provider.invoke(JUnit4Provider.java:159) [surefire-junit4-2.20.jar:2.20]
	at org.apache.maven.surefire.booter.ForkedBooter.invokeProviderInSameClassLoader(ForkedBooter.java:386) [surefire-booter-2.20.jar:2.20]
	at org.apache.maven.surefire.booter.ForkedBooter.runSuitesInProcess(ForkedBooter.java:323) [surefire-booter-2.20.jar:2.20]
	at org.apache.maven.surefire.booter.ForkedBooter.main(ForkedBooter.java:143) [surefire-booter-2.20.jar:2.20]
Caused by: org.apache.catalina.LifecycleException: service.getName(): "Tomcat";  Protocol handler start failed
	at org.apache.catalina.connector.Connector.startInternal(Connector.java:1000) ~[tomcat-embed-core-8.5.14.jar:8.5.14]
	at org.apache.catalina.util.LifecycleBase.start(LifecycleBase.java:150) ~[tomcat-embed-core-8.5.14.jar:8.5.14]
	... 40 common frames omitted
Caused by: java.net.BindException: Address already in use: bind
	at sun.nio.ch.Net.bind0(Native Method) ~[na:1.8.0_191]
	at sun.nio.ch.Net.bind(Net.java:433) ~[na:1.8.0_191]
	at sun.nio.ch.Net.bind(Net.java:425) ~[na:1.8.0_191]
	at sun.nio.ch.ServerSocketChannelImpl.bind(ServerSocketChannelImpl.java:223) ~[na:1.8.0_191]
	at sun.nio.ch.ServerSocketAdaptor.bind(ServerSocketAdaptor.java:74) ~[na:1.8.0_191]
	at org.apache.tomcat.util.net.NioEndpoint.bind(NioEndpoint.java:210) ~[tomcat-embed-core-8.5.14.jar:8.5.14]
	at org.apache.tomcat.util.net.AbstractEndpoint.start(AbstractEndpoint.java:978) ~[tomcat-embed-core-8.5.14.jar:8.5.14]
	at org.apache.coyote.AbstractProtocol.start(AbstractProtocol.java:628) ~[tomcat-embed-core-8.5.14.jar:8.5.14]
	at org.apache.catalina.connector.Connector.startInternal(Connector.java:993) ~[tomcat-embed-core-8.5.14.jar:8.5.14]
	... 41 common frames omitted

2018-12-22 13:20:26.872  INFO 11736 --- [           main] o.apache.catalina.core.StandardService   : Stopping service Tomcat
2018-12-22 13:20:26.872  INFO 11736 --- [           main] utoConfigurationReportLoggingInitializer : 

Error starting ApplicationContext. To display the auto-configuration report re-run your application with 'debug' enabled.
2018-12-22 13:20:26.872 ERROR 11736 --- [           main] o.s.b.d.LoggingFailureAnalysisReporter   : 

***************************
APPLICATION FAILED TO START
***************************

Description:

The Tomcat connector configured to listen on port 8080 failed to start. The port may already be in use or the connector may be misconfigured.

Action:

Verify the connector's configuration, identify and stop any process that's listening on port 8080, or configure this application to listen on another port.

2018-12-22 13:20:26.872  INFO 11736 --- [           main] ationConfigEmbeddedWebApplicationContext : Closing org.springframework.boot.context.embedded.AnnotationConfigEmbeddedWebApplicationContext@1b33617: startup date [Sat Dec 22 13:20:24 IST 2018]; root of context hierarchy
2018-12-22 13:20:26.887  INFO 11736 --- [           main] o.z.vogon.web.PersistenceConfiguration   : Unloading JDBC drivers
2018-12-22 13:20:26.887  INFO 11736 --- [           main] j.LocalContainerEntityManagerFactoryBean : Closing JPA EntityManagerFactory for persistence unit 'VogonPU'
2018-12-22 13:20:26.887  INFO 11736 --- [           main] org.hibernate.orm.connections.pooling    : HHH10001008: Cleaning up connection pool [jdbc:h2:mem:test]

  .   ____          _            __ _ _
 /\\ / ___'_ __ _ _(_)_ __  __ _ \ \ \ \
( ( )\___ | '_ | '_| | '_ \/ _` | \ \ \ \
 \\/  ___)| |_)| | | | | || (_| |  ) ) ) )
  '  |____| .__|_| |_|_| |_\__, | / / / /
 =========|_|==============|___/=/_/_/_/
 :: Spring Boot ::        (v1.5.3.RELEASE)

2018-12-22 13:20:26.934  INFO 11736 --- [           main] org.zlogic.vogon.web.AuthenticationTest  : Starting AuthenticationTest on GOPAL with PID 11736 (started by GOPAL$ in C:\Program Files (x86)\Jenkins\workspace\Maven_project\vogon-web)
2018-12-22 13:20:26.934  INFO 11736 --- [           main] org.zlogic.vogon.web.AuthenticationTest  : No active profile set, falling back to default profiles: default
2018-12-22 13:20:26.934  INFO 11736 --- [           main] ationConfigEmbeddedWebApplicationContext : Refreshing org.springframework.boot.context.embedded.AnnotationConfigEmbeddedWebApplicationContext@53ffdb3d: startup date [Sat Dec 22 13:20:26 IST 2018]; root of context hierarchy
2018-12-22 13:20:27.215  INFO 11736 --- [           main] o.s.b.f.s.DefaultListableBeanFactory     : Overriding bean definition for bean 'entityManagerFactory' with a different definition: replacing [Root bean: class [null]; scope=; abstract=false; lazyInit=false; autowireMode=3; dependencyCheck=0; autowireCandidate=true; primary=false; factoryBeanName=persistenceConfiguration; factoryMethodName=entityManagerFactory; initMethodName=null; destroyMethodName=(inferred); defined in class path resource [org/zlogic/vogon/web/PersistenceConfiguration.class]] with [Root bean: class [null]; scope=; abstract=false; lazyInit=false; autowireMode=3; dependencyCheck=0; autowireCandidate=true; primary=false; factoryBeanName=databaseConfiguration; factoryMethodName=entityManagerFactory; initMethodName=null; destroyMethodName=(inferred); defined in org.zlogic.vogon.web.DatabaseConfiguration]
2018-12-22 13:20:27.371  INFO 11736 --- [           main] trationDelegate$BeanPostProcessorChecker : Bean 'org.springframework.security.config.annotation.configuration.ObjectPostProcessorConfiguration' of type [org.springframework.security.config.annotation.configuration.ObjectPostProcessorConfiguration$$EnhancerBySpringCGLIB$$be8c3acc] is not eligible for getting processed by all BeanPostProcessors (for example: not eligible for auto-proxying)
2018-12-22 13:20:27.387  INFO 11736 --- [           main] trationDelegate$BeanPostProcessorChecker : Bean 'objectPostProcessor' of type [org.springframework.security.config.annotation.configuration.AutowireBeanFactoryObjectPostProcessor] is not eligible for getting processed by all BeanPostProcessors (for example: not eligible for auto-proxying)
2018-12-22 13:20:27.387  INFO 11736 --- [           main] trationDelegate$BeanPostProcessorChecker : Bean 'org.springframework.security.access.expression.method.DefaultMethodSecurityExpressionHandler@6792b128' of type [org.springframework.security.oauth2.provider.expression.OAuth2MethodSecurityExpressionHandler] is not eligible for getting processed by all BeanPostProcessors (for example: not eligible for auto-proxying)
2018-12-22 13:20:27.402  INFO 11736 --- [           main] trationDelegate$BeanPostProcessorChecker : Bean 'org.springframework.security.config.annotation.method.configuration.GlobalMethodSecurityConfiguration' of type [org.springframework.security.config.annotation.method.configuration.GlobalMethodSecurityConfiguration$$EnhancerBySpringCGLIB$$e360dd7e] is not eligible for getting processed by all BeanPostProcessors (for example: not eligible for auto-proxying)
2018-12-22 13:20:27.418  INFO 11736 --- [           main] trationDelegate$BeanPostProcessorChecker : Bean 'methodSecurityMetadataSource' of type [org.springframework.security.access.method.DelegatingMethodSecurityMetadataSource] is not eligible for getting processed by all BeanPostProcessors (for example: not eligible for auto-proxying)
2018-12-22 13:20:27.418  INFO 11736 --- [           main] trationDelegate$BeanPostProcessorChecker : Bean 'org.springframework.transaction.annotation.ProxyTransactionManagementConfiguration' of type [org.springframework.transaction.annotation.ProxyTransactionManagementConfiguration$$EnhancerBySpringCGLIB$$25de7292] is not eligible for getting processed by all BeanPostProcessors (for example: not eligible for auto-proxying)
2018-12-22 13:20:27.480  INFO 11736 --- [           main] trationDelegate$BeanPostProcessorChecker : Bean 'security.oauth2.client-org.springframework.boot.autoconfigure.security.oauth2.OAuth2ClientProperties' of type [org.springframework.boot.autoconfigure.security.oauth2.OAuth2ClientProperties] is not eligible for getting processed by all BeanPostProcessors (for example: not eligible for auto-proxying)
2018-12-22 13:20:27.480  INFO 11736 --- [           main] trationDelegate$BeanPostProcessorChecker : Bean 'org.springframework.boot.autoconfigure.security.oauth2.OAuth2AutoConfiguration' of type [org.springframework.boot.autoconfigure.security.oauth2.OAuth2AutoConfiguration$$EnhancerBySpringCGLIB$$dd282e92] is not eligible for getting processed by all BeanPostProcessors (for example: not eligible for auto-proxying)
2018-12-22 13:20:27.496  INFO 11736 --- [           main] trationDelegate$BeanPostProcessorChecker : Bean 'resourceServerProperties' of type [org.springframework.boot.autoconfigure.security.oauth2.resource.ResourceServerProperties] is not eligible for getting processed by all BeanPostProcessors (for example: not eligible for auto-proxying)
2018-12-22 13:20:27.574  INFO 11736 --- [           main] org.zlogic.vogon.web.TomcatConfigurer    : Using keystore C:\Program Files (x86)\Jenkins\workspace\Maven_project\vogon-web\target/vogonweb.keystore with password ********
2018-12-22 13:20:27.621  INFO 11736 --- [           main] s.b.c.e.t.TomcatEmbeddedServletContainer : Tomcat initialized with port(s): 8080 (http) 8443 (https)
2018-12-22 13:20:27.621  INFO 11736 --- [           main] o.apache.catalina.core.StandardService   : Starting service Tomcat
2018-12-22 13:20:27.621  INFO 11736 --- [           main] org.apache.catalina.core.StandardEngine  : Starting Servlet Engine: Apache Tomcat/8.5.14
2018-12-22 13:20:27.652  INFO 11736 --- [ost-startStop-1] org.apache.jasper.servlet.TldScanner     : At least one JAR was scanned for TLDs yet contained no TLDs. Enable debug logging for this logger for a complete list of JARs that were scanned but no TLDs were found in them. Skipping unneeded JARs during scanning can improve startup time and JSP compilation time.
2018-12-22 13:20:27.652  INFO 11736 --- [ost-startStop-1] o.a.c.c.C.[Tomcat-55].[localhost].[/]    : Initializing Spring embedded WebApplicationContext
2018-12-22 13:20:27.652  INFO 11736 --- [ost-startStop-1] o.s.web.context.ContextLoader            : Root WebApplicationContext: initialization completed in 718 ms
2018-12-22 13:20:27.793  INFO 11736 --- [ost-startStop-1] o.s.b.w.servlet.FilterRegistrationBean   : Mapping filter: 'metricsFilter' to: [/*]
2018-12-22 13:20:27.793  INFO 11736 --- [ost-startStop-1] o.s.b.w.servlet.FilterRegistrationBean   : Mapping filter: 'characterEncodingFilter' to: [/*]
2018-12-22 13:20:27.793  INFO 11736 --- [ost-startStop-1] o.s.b.w.servlet.FilterRegistrationBean   : Mapping filter: 'hiddenHttpMethodFilter' to: [/*]
2018-12-22 13:20:27.793  INFO 11736 --- [ost-startStop-1] o.s.b.w.servlet.FilterRegistrationBean   : Mapping filter: 'httpPutFormContentFilter' to: [/*]
2018-12-22 13:20:27.793  INFO 11736 --- [ost-startStop-1] o.s.b.w.servlet.FilterRegistrationBean   : Mapping filter: 'requestContextFilter' to: [/*]
2018-12-22 13:20:27.793  INFO 11736 --- [ost-startStop-1] .s.DelegatingFilterProxyRegistrationBean : Mapping filter: 'springSecurityFilterChain' to: [/*]
2018-12-22 13:20:27.793  INFO 11736 --- [ost-startStop-1] o.s.b.w.servlet.FilterRegistrationBean   : Mapping filter: 'webRequestLoggingFilter' to: [/*]
2018-12-22 13:20:27.793  INFO 11736 --- [ost-startStop-1] o.s.b.w.servlet.FilterRegistrationBean   : Mapping filter: 'applicationContextIdFilter' to: [/*]
2018-12-22 13:20:27.793  INFO 11736 --- [ost-startStop-1] o.s.b.w.servlet.ServletRegistrationBean  : Mapping servlet: 'dispatcherServlet' to [/]
2018-12-22 13:20:27.808  INFO 11736 --- [           main] j.LocalContainerEntityManagerFactoryBean : Building JPA container EntityManagerFactory for persistence unit 'VogonPU'
2018-12-22 13:20:27.808  INFO 11736 --- [           main] o.hibernate.jpa.internal.util.LogHelper  : HHH000204: Processing PersistenceUnitInfo [
	name: VogonPU
	...]
2018-12-22 13:20:27.808  WARN 11736 --- [           main] org.hibernate.orm.connections.pooling    : HHH10001002: Using Hibernate built-in connection pool (not for production use!)
2018-12-22 13:20:27.808  INFO 11736 --- [           main] org.hibernate.orm.connections.pooling    : HHH10001005: using driver [org.h2.Driver] at URL [jdbc:h2:mem:test]
2018-12-22 13:20:27.808  INFO 11736 --- [           main] org.hibernate.orm.connections.pooling    : HHH10001001: Connection properties: {}
2018-12-22 13:20:27.808  INFO 11736 --- [           main] org.hibernate.orm.connections.pooling    : HHH10001003: Autocommit mode: false
2018-12-22 13:20:27.808  INFO 11736 --- [           main] .c.i.DriverManagerConnectionProviderImpl : HHH000115: Hibernate connection pool size: 20 (min=1)
2018-12-22 13:20:27.808  INFO 11736 --- [           main] org.hibernate.dialect.Dialect            : HHH000400: Using dialect: org.hibernate.dialect.H2Dialect
2018-12-22 13:20:27.824  INFO 11736 --- [           main] org.hibernate.orm.connections.access     : HHH10001501: Connection obtained from JdbcConnectionAccess [org.hibernate.engine.jdbc.env.internal.JdbcEnvironmentInitiator$ConnectionProviderJdbcConnectionAccess@69cdfc5d] for (non-JTA) DDL execution was not in auto-commit mode; the Connection 'local transaction' will be committed and the Connection will be set into auto-commit mode.
2018-12-22 13:20:27.840  INFO 11736 --- [           main] j.LocalContainerEntityManagerFactoryBean : Initialized JPA EntityManagerFactory for persistence unit 'VogonPU'
2018-12-22 13:20:28.212  INFO 11736 --- [           main] .s.o.p.e.FrameworkEndpointHandlerMapping : Mapped "{[/oauth/authorize]}" onto public org.springframework.web.servlet.ModelAndView org.springframework.security.oauth2.provider.endpoint.AuthorizationEndpoint.authorize(java.util.Map<java.lang.String, java.lang.Object>,java.util.Map<java.lang.String, java.lang.String>,org.springframework.web.bind.support.SessionStatus,java.security.Principal)
2018-12-22 13:20:28.212  INFO 11736 --- [           main] .s.o.p.e.FrameworkEndpointHandlerMapping : Mapped "{[/oauth/authorize],methods=[POST],params=[user_oauth_approval]}" onto public org.springframework.web.servlet.View org.springframework.security.oauth2.provider.endpoint.AuthorizationEndpoint.approveOrDeny(java.util.Map<java.lang.String, java.lang.String>,java.util.Map<java.lang.String, ?>,org.springframework.web.bind.support.SessionStatus,java.security.Principal)
2018-12-22 13:20:28.212  INFO 11736 --- [           main] .s.o.p.e.FrameworkEndpointHandlerMapping : Mapped "{[/oauth/token],methods=[GET]}" onto public org.springframework.http.ResponseEntity<org.springframework.security.oauth2.common.OAuth2AccessToken> org.springframework.security.oauth2.provider.endpoint.TokenEndpoint.getAccessToken(java.security.Principal,java.util.Map<java.lang.String, java.lang.String>) throws org.springframework.web.HttpRequestMethodNotSupportedException
2018-12-22 13:20:28.212  INFO 11736 --- [           main] .s.o.p.e.FrameworkEndpointHandlerMapping : Mapped "{[/oauth/token],methods=[POST]}" onto public org.springframework.http.ResponseEntity<org.springframework.security.oauth2.common.OAuth2AccessToken> org.springframework.security.oauth2.provider.endpoint.TokenEndpoint.postAccessToken(java.security.Principal,java.util.Map<java.lang.String, java.lang.String>) throws org.springframework.web.HttpRequestMethodNotSupportedException
2018-12-22 13:20:28.212  INFO 11736 --- [           main] .s.o.p.e.FrameworkEndpointHandlerMapping : Mapped "{[/oauth/check_token]}" onto public java.util.Map<java.lang.String, ?> org.springframework.security.oauth2.provider.endpoint.CheckTokenEndpoint.checkToken(java.lang.String)
2018-12-22 13:20:28.228  INFO 11736 --- [           main] .s.o.p.e.FrameworkEndpointHandlerMapping : Mapped "{[/oauth/confirm_access]}" onto public org.springframework.web.servlet.ModelAndView org.springframework.security.oauth2.provider.endpoint.WhitelabelApprovalEndpoint.getAccessConfirmation(java.util.Map<java.lang.String, java.lang.Object>,javax.servlet.http.HttpServletRequest) throws java.lang.Exception
2018-12-22 13:20:28.228  INFO 11736 --- [           main] .s.o.p.e.FrameworkEndpointHandlerMapping : Mapped "{[/oauth/error]}" onto public org.springframework.web.servlet.ModelAndView org.springframework.security.oauth2.provider.endpoint.WhitelabelErrorEndpoint.handleError(javax.servlet.http.HttpServletRequest)
2018-12-22 13:20:28.724  INFO 11736 --- [           main] o.s.s.web.DefaultSecurityFilterChain     : Creating filter chain: OrRequestMatcher [requestMatchers=[Ant [pattern='/oauth/token'], Ant [pattern='/oauth/token_key'], Ant [pattern='/oauth/check_token']]], [org.springframework.security.web.context.request.async.WebAsyncManagerIntegrationFilter@3d3baa6b, org.springframework.security.web.context.SecurityContextPersistenceFilter@75d9ffb1, org.springframework.security.web.header.HeaderWriterFilter@531c416b, org.springframework.security.web.authentication.logout.LogoutFilter@16c5119e, org.springframework.security.oauth2.provider.client.ClientCredentialsTokenEndpointFilter@22e5e850, org.springframework.security.web.authentication.www.BasicAuthenticationFilter@5491f526, org.springframework.security.web.savedrequest.RequestCacheAwareFilter@301a0a6b, org.springframework.security.web.servletapi.SecurityContextHolderAwareRequestFilter@1bc121a, org.springframework.security.web.authentication.AnonymousAuthenticationFilter@20ab8fbd, org.springframework.security.web.session.SessionManagementFilter@37041d5e, org.springframework.security.web.access.ExceptionTranslationFilter@35ee0d0c, org.springframework.security.web.access.intercept.FilterSecurityInterceptor@66d99f43]
2018-12-22 13:20:28.730  INFO 11736 --- [           main] o.s.s.web.DefaultSecurityFilterChain     : Creating filter chain: org.springframework.boot.actuate.autoconfigure.ManagementWebSecurityAutoConfiguration$LazyEndpointPathRequestMatcher@490d9e56, [org.springframework.security.web.context.request.async.WebAsyncManagerIntegrationFilter@4099b8a7, org.springframework.security.web.context.SecurityContextPersistenceFilter@79b41565, org.springframework.security.web.header.HeaderWriterFilter@201d902b, org.springframework.security.web.authentication.logout.LogoutFilter@10e9ec03, org.springframework.security.web.authentication.www.BasicAuthenticationFilter@105c1b1a, org.springframework.security.web.savedrequest.RequestCacheAwareFilter@4ca33501, org.springframework.security.web.servletapi.SecurityContextHolderAwareRequestFilter@f36876, org.springframework.security.web.authentication.AnonymousAuthenticationFilter@4df7f7ec, org.springframework.security.web.session.SessionManagementFilter@79bd36f5, org.springframework.security.web.access.ExceptionTranslationFilter@7288f55f, org.springframework.security.web.access.intercept.FilterSecurityInterceptor@2fc444fc]
2018-12-22 13:20:28.757  INFO 11736 --- [           main] o.s.s.w.a.c.ChannelProcessingFilter      : Validated configuration attributes
2018-12-22 13:20:28.773  INFO 11736 --- [           main] o.s.s.web.DefaultSecurityFilterChain     : Creating filter chain: org.springframework.security.oauth2.config.annotation.web.configuration.ResourceServerConfiguration$NotOAuthRequestMatcher@3eef5ccf, [org.springframework.security.web.access.channel.ChannelProcessingFilter@358af5a6, org.springframework.security.web.context.request.async.WebAsyncManagerIntegrationFilter@288cb29d, org.springframework.security.web.context.SecurityContextPersistenceFilter@1d967f8f, org.springframework.security.web.header.HeaderWriterFilter@4436c294, org.springframework.security.web.authentication.logout.LogoutFilter@4d8e3ba6, org.springframework.security.oauth2.provider.authentication.OAuth2AuthenticationProcessingFilter@33bdfd16, org.springframework.security.web.savedrequest.RequestCacheAwareFilter@651c3570, org.springframework.security.web.servletapi.SecurityContextHolderAwareRequestFilter@174c6925, org.springframework.security.web.authentication.AnonymousAuthenticationFilter@73eaaf03, org.springframework.security.web.session.SessionManagementFilter@30dd48b2, org.springframework.security.web.access.ExceptionTranslationFilter@142d9be6, org.springframework.security.web.access.intercept.FilterSecurityInterceptor@4293505b]
2018-12-22 13:20:28.929  INFO 11736 --- [           main] s.w.s.m.m.a.RequestMappingHandlerAdapter : Looking for @ControllerAdvice: org.springframework.boot.context.embedded.AnnotationConfigEmbeddedWebApplicationContext@53ffdb3d: startup date [Sat Dec 22 13:20:26 IST 2018]; root of context hierarchy
2018-12-22 13:20:28.960  INFO 11736 --- [           main] s.w.s.m.m.a.RequestMappingHandlerMapping : Mapped "{[/service/accounts],methods=[GET],produces=[application/json]}" onto public java.util.Collection<org.zlogic.vogon.data.FinanceAccount> org.zlogic.vogon.web.controller.AccountsController.getAllAccounts(org.zlogic.vogon.web.security.VogonSecurityUser)
2018-12-22 13:20:28.960  INFO 11736 --- [           main] s.w.s.m.m.a.RequestMappingHandlerMapping : Mapped "{[/service/accounts],methods=[POST],produces=[application/json]}" onto public java.util.Collection<org.zlogic.vogon.data.FinanceAccount> org.zlogic.vogon.web.controller.AccountsController.updateAccounts(java.util.Collection<org.zlogic.vogon.data.FinanceAccount>,org.zlogic.vogon.web.security.VogonSecurityUser)
2018-12-22 13:20:28.960  INFO 11736 --- [           main] s.w.s.m.m.a.RequestMappingHandlerMapping : Mapped "{[/service/analytics/tags],methods=[GET],produces=[application/json]}" onto public java.util.Set<java.lang.String> org.zlogic.vogon.web.controller.AnalyticsController.getAllTags(org.zlogic.vogon.web.security.VogonSecurityUser)
2018-12-22 13:20:28.960  INFO 11736 --- [           main] s.w.s.m.m.a.RequestMappingHandlerMapping : Mapped "{[/service/analytics],methods=[POST],produces=[application/json]}" onto public java.util.Map<java.lang.String, org.zlogic.vogon.data.report.Report> org.zlogic.vogon.web.controller.AnalyticsController.getReport(org.zlogic.vogon.data.report.ReportFactory,org.zlogic.vogon.web.security.VogonSecurityUser)
2018-12-22 13:20:28.960  INFO 11736 --- [           main] s.w.s.m.m.a.RequestMappingHandlerMapping : Mapped "{[/service/currencies],methods=[GET],produces=[application/json]}" onto public java.util.Collection<org.zlogic.vogon.web.data.model.CurrencyDetails> org.zlogic.vogon.web.controller.CurrenciesController.getAllCurrencies()
2018-12-22 13:20:28.960  INFO 11736 --- [           main] s.w.s.m.m.a.RequestMappingHandlerMapping : Mapped "{[/service/export],methods=[GET || POST]}" onto public org.springframework.http.HttpEntity<byte[]> org.zlogic.vogon.web.controller.DataController.exportDataJSON(org.zlogic.vogon.web.security.VogonSecurityUser) throws java.lang.RuntimeException
2018-12-22 13:20:28.976  INFO 11736 --- [           main] s.w.s.m.m.a.RequestMappingHandlerMapping : Mapped "{[/service/import],methods=[POST],consumes=[multipart/form-data],produces=[application/json]}" onto public java.lang.Boolean org.zlogic.vogon.web.controller.DataController.importData(org.springframework.web.multipart.MultipartFile,org.zlogic.vogon.web.security.VogonSecurityUser) throws java.lang.RuntimeException
2018-12-22 13:20:28.976  INFO 11736 --- [           main] s.w.s.m.m.a.RequestMappingHandlerMapping : Mapped "{[/fragments/{fragment}.fragment]}" onto public org.springframework.web.servlet.ModelAndView org.zlogic.vogon.web.controller.JspController.fragmentModelAndView(java.lang.String)
2018-12-22 13:20:28.976  INFO 11736 --- [           main] s.w.s.m.m.a.RequestMappingHandlerMapping : Mapped "{[/]}" onto public org.springframework.web.servlet.ModelAndView org.zlogic.vogon.web.controller.JspController.indexModelAndView()
2018-12-22 13:20:28.976  INFO 11736 --- [           main] s.w.s.m.m.a.RequestMappingHandlerMapping : Mapped "{[/oauth/logout],methods=[POST]}" onto public void org.zlogic.vogon.web.controller.LogoutController.logout(org.springframework.security.oauth2.provider.OAuth2Authentication) throws org.zlogic.vogon.web.security.UsernameExistsException
2018-12-22 13:20:28.976  INFO 11736 --- [           main] s.w.s.m.m.a.RequestMappingHandlerMapping : Mapped "{[/register],methods=[POST],produces=[application/json]}" onto public org.zlogic.vogon.data.VogonUser org.zlogic.vogon.web.controller.RegistrationController.register(org.zlogic.vogon.data.VogonUser) throws org.zlogic.vogon.web.security.UsernameExistsException
2018-12-22 13:20:28.976  INFO 11736 --- [           main] s.w.s.m.m.a.RequestMappingHandlerMapping : Mapped "{[/service/transactions/transaction/{id}],methods=[GET],produces=[application/json]}" onto public org.zlogic.vogon.web.data.model.FinanceTransactionJson org.zlogic.vogon.web.controller.TransactionsController.getTransaction(long,org.zlogic.vogon.web.security.VogonSecurityUser)
2018-12-22 13:20:28.976  INFO 11736 --- [           main] s.w.s.m.m.a.RequestMappingHandlerMapping : Mapped "{[/service/transactions],methods=[GET],produces=[application/json]}" onto public java.util.Collection<org.zlogic.vogon.web.data.model.FinanceTransactionJson> org.zlogic.vogon.web.controller.TransactionsController.getTransactions(java.lang.Integer,org.zlogic.vogon.web.controller.TransactionsController$SortColumn,org.springframework.data.domain.Sort$Direction,java.lang.String,java.util.Date,java.util.Collection<java.lang.String>,org.zlogic.vogon.web.security.VogonSecurityUser)
2018-12-22 13:20:28.976  INFO 11736 --- [           main] s.w.s.m.m.a.RequestMappingHandlerMapping : Mapped "{[/service/transactions],methods=[POST],produces=[application/json]}" onto public org.zlogic.vogon.web.data.model.FinanceTransactionJson org.zlogic.vogon.web.controller.TransactionsController.submitTransaction(org.zlogic.vogon.web.data.model.FinanceTransactionJson,org.zlogic.vogon.web.security.VogonSecurityUser)
2018-12-22 13:20:28.976  INFO 11736 --- [           main] s.w.s.m.m.a.RequestMappingHandlerMapping : Mapped "{[/service/transactions/pages],methods=[GET],produces=[application/json]}" onto public long org.zlogic.vogon.web.controller.TransactionsController.getTransactionsCount(org.zlogic.vogon.web.security.VogonSecurityUser)
2018-12-22 13:20:28.976  INFO 11736 --- [           main] s.w.s.m.m.a.RequestMappingHandlerMapping : Mapped "{[/service/transactions/transaction/{id}],methods=[DELETE],produces=[application/json]}" onto public org.zlogic.vogon.web.data.model.FinanceTransactionJson org.zlogic.vogon.web.controller.TransactionsController.deleteTransaction(long,org.zlogic.vogon.web.security.VogonSecurityUser)
2018-12-22 13:20:28.976  INFO 11736 --- [           main] s.w.s.m.m.a.RequestMappingHandlerMapping : Mapped "{[/service/user],methods=[POST],produces=[application/json]}" onto public org.zlogic.vogon.data.VogonUser org.zlogic.vogon.web.controller.UsersController.submitUser(org.zlogic.vogon.data.VogonUser,org.zlogic.vogon.web.security.VogonSecurityUser) throws org.zlogic.vogon.web.security.UsernameExistsException
2018-12-22 13:20:28.976  INFO 11736 --- [           main] s.w.s.m.m.a.RequestMappingHandlerMapping : Mapped "{[/service/user],methods=[GET],produces=[application/json]}" onto public org.zlogic.vogon.data.VogonUser org.zlogic.vogon.web.controller.UsersController.getUserData(org.zlogic.vogon.web.security.VogonSecurityUser)
2018-12-22 13:20:28.976  INFO 11736 --- [           main] s.w.s.m.m.a.RequestMappingHandlerMapping : Mapped "{[/error]}" onto public org.springframework.http.ResponseEntity<java.util.Map<java.lang.String, java.lang.Object>> org.springframework.boot.autoconfigure.web.BasicErrorController.error(javax.servlet.http.HttpServletRequest)
2018-12-22 13:20:28.976  INFO 11736 --- [           main] s.w.s.m.m.a.RequestMappingHandlerMapping : Mapped "{[/error],produces=[text/html]}" onto public org.springframework.web.servlet.ModelAndView org.springframework.boot.autoconfigure.web.BasicErrorController.errorHtml(javax.servlet.http.HttpServletRequest,javax.servlet.http.HttpServletResponse)
2018-12-22 13:20:28.991  INFO 11736 --- [           main] o.s.w.s.handler.SimpleUrlHandlerMapping  : Root mapping to handler of type [class org.springframework.web.servlet.mvc.ParameterizableViewController]
2018-12-22 13:20:29.231  INFO 11736 --- [           main] o.s.w.s.handler.SimpleUrlHandlerMapping  : Mapped URL path [/webjars/**] onto handler of type [class org.springframework.web.servlet.resource.ResourceHttpRequestHandler]
2018-12-22 13:20:29.231  INFO 11736 --- [           main] o.s.w.s.handler.SimpleUrlHandlerMapping  : Mapped URL path [/**] onto handler of type [class org.springframework.web.servlet.resource.ResourceHttpRequestHandler]
2018-12-22 13:20:29.231  INFO 11736 --- [           main] o.s.w.s.handler.SimpleUrlHandlerMapping  : Mapped URL path [/**] onto handler of type [class org.springframework.web.servlet.resource.DefaultServletHttpRequestHandler]
2018-12-22 13:20:29.247  INFO 11736 --- [           main] o.s.w.s.handler.SimpleUrlHandlerMapping  : Mapped URL path [/**/favicon.ico] onto handler of type [class org.springframework.web.servlet.resource.ResourceHttpRequestHandler]
2018-12-22 13:20:29.434  INFO 11736 --- [           main] o.s.b.a.e.mvc.EndpointHandlerMapping     : Mapped "{[/env/{name:.*}],methods=[GET],produces=[application/vnd.spring-boot.actuator.v1+json || application/json]}" onto public java.lang.Object org.springframework.boot.actuate.endpoint.mvc.EnvironmentMvcEndpoint.value(java.lang.String)
2018-12-22 13:20:29.434  INFO 11736 --- [           main] o.s.b.a.e.mvc.EndpointHandlerMapping     : Mapped "{[/env || /env.json],methods=[GET],produces=[application/vnd.spring-boot.actuator.v1+json || application/json]}" onto public java.lang.Object org.springframework.boot.actuate.endpoint.mvc.EndpointMvcAdapter.invoke()
2018-12-22 13:20:29.434  INFO 11736 --- [           main] o.s.b.a.e.mvc.EndpointHandlerMapping     : Mapped "{[/health || /health.json],methods=[GET],produces=[application/vnd.spring-boot.actuator.v1+json || application/json]}" onto public java.lang.Object org.springframework.boot.actuate.endpoint.mvc.HealthMvcEndpoint.invoke(javax.servlet.http.HttpServletRequest,java.security.Principal)
2018-12-22 13:20:29.434  INFO 11736 --- [           main] o.s.b.a.e.mvc.EndpointHandlerMapping     : Mapped "{[/info || /info.json],methods=[GET],produces=[application/vnd.spring-boot.actuator.v1+json || application/json]}" onto public java.lang.Object org.springframework.boot.actuate.endpoint.mvc.EndpointMvcAdapter.invoke()
2018-12-22 13:20:29.434  INFO 11736 --- [           main] o.s.b.a.e.mvc.EndpointHandlerMapping     : Mapped "{[/autoconfig || /autoconfig.json],methods=[GET],produces=[application/vnd.spring-boot.actuator.v1+json || application/json]}" onto public java.lang.Object org.springframework.boot.actuate.endpoint.mvc.EndpointMvcAdapter.invoke()
2018-12-22 13:20:29.434  INFO 11736 --- [           main] o.s.b.a.e.mvc.EndpointHandlerMapping     : Mapped "{[/configprops || /configprops.json],methods=[GET],produces=[application/vnd.spring-boot.actuator.v1+json || application/json]}" onto public java.lang.Object org.springframework.boot.actuate.endpoint.mvc.EndpointMvcAdapter.invoke()
2018-12-22 13:20:29.434  INFO 11736 --- [           main] o.s.b.a.e.mvc.EndpointHandlerMapping     : Mapped "{[/metrics/{name:.*}],methods=[GET],produces=[application/vnd.spring-boot.actuator.v1+json || application/json]}" onto public java.lang.Object org.springframework.boot.actuate.endpoint.mvc.MetricsMvcEndpoint.value(java.lang.String)
2018-12-22 13:20:29.434  INFO 11736 --- [           main] o.s.b.a.e.mvc.EndpointHandlerMapping     : Mapped "{[/metrics || /metrics.json],methods=[GET],produces=[application/vnd.spring-boot.actuator.v1+json || application/json]}" onto public java.lang.Object org.springframework.boot.actuate.endpoint.mvc.EndpointMvcAdapter.invoke()
2018-12-22 13:20:29.434  INFO 11736 --- [           main] o.s.b.a.e.mvc.EndpointHandlerMapping     : Mapped "{[/beans || /beans.json],methods=[GET],produces=[application/vnd.spring-boot.actuator.v1+json || application/json]}" onto public java.lang.Object org.springframework.boot.actuate.endpoint.mvc.EndpointMvcAdapter.invoke()
2018-12-22 13:20:29.434  INFO 11736 --- [           main] o.s.b.a.e.mvc.EndpointHandlerMapping     : Mapped "{[/trace || /trace.json],methods=[GET],produces=[application/vnd.spring-boot.actuator.v1+json || application/json]}" onto public java.lang.Object org.springframework.boot.actuate.endpoint.mvc.EndpointMvcAdapter.invoke()
2018-12-22 13:20:29.434  INFO 11736 --- [           main] o.s.b.a.e.mvc.EndpointHandlerMapping     : Mapped "{[/auditevents || /auditevents.json],methods=[GET],produces=[application/vnd.spring-boot.actuator.v1+json || application/json]}" onto public org.springframework.http.ResponseEntity<?> org.springframework.boot.actuate.endpoint.mvc.AuditEventsMvcEndpoint.findByPrincipalAndAfterAndType(java.lang.String,java.util.Date,java.lang.String)
2018-12-22 13:20:29.434  INFO 11736 --- [           main] o.s.b.a.e.mvc.EndpointHandlerMapping     : Mapped "{[/mappings || /mappings.json],methods=[GET],produces=[application/vnd.spring-boot.actuator.v1+json || application/json]}" onto public java.lang.Object org.springframework.boot.actuate.endpoint.mvc.EndpointMvcAdapter.invoke()
2018-12-22 13:20:29.434  INFO 11736 --- [           main] o.s.b.a.e.mvc.EndpointHandlerMapping     : Mapped "{[/dump || /dump.json],methods=[GET],produces=[application/vnd.spring-boot.actuator.v1+json || application/json]}" onto public java.lang.Object org.springframework.boot.actuate.endpoint.mvc.EndpointMvcAdapter.invoke()
2018-12-22 13:20:29.434  INFO 11736 --- [           main] o.s.b.a.e.mvc.EndpointHandlerMapping     : Mapped "{[/heapdump || /heapdump.json],methods=[GET],produces=[application/octet-stream]}" onto public void org.springframework.boot.actuate.endpoint.mvc.HeapdumpMvcEndpoint.invoke(boolean,javax.servlet.http.HttpServletRequest,javax.servlet.http.HttpServletResponse) throws java.io.IOException,javax.servlet.ServletException
2018-12-22 13:20:29.434  INFO 11736 --- [           main] o.s.b.a.e.mvc.EndpointHandlerMapping     : Mapped "{[/loggers/{name:.*}],methods=[GET],produces=[application/vnd.spring-boot.actuator.v1+json || application/json]}" onto public java.lang.Object org.springframework.boot.actuate.endpoint.mvc.LoggersMvcEndpoint.get(java.lang.String)
2018-12-22 13:20:29.434  INFO 11736 --- [           main] o.s.b.a.e.mvc.EndpointHandlerMapping     : Mapped "{[/loggers/{name:.*}],methods=[POST],consumes=[application/vnd.spring-boot.actuator.v1+json || application/json],produces=[application/vnd.spring-boot.actuator.v1+json || application/json]}" onto public java.lang.Object org.springframework.boot.actuate.endpoint.mvc.LoggersMvcEndpoint.set(java.lang.String,java.util.Map<java.lang.String, java.lang.String>)
2018-12-22 13:20:29.434  INFO 11736 --- [           main] o.s.b.a.e.mvc.EndpointHandlerMapping     : Mapped "{[/loggers || /loggers.json],methods=[GET],produces=[application/vnd.spring-boot.actuator.v1+json || application/json]}" onto public java.lang.Object org.springframework.boot.actuate.endpoint.mvc.EndpointMvcAdapter.invoke()
2018-12-22 13:20:29.528 ERROR 11736 --- [           main] o.a.coyote.http11.Http11NioProtocol      : Failed to start end point associated with ProtocolHandler ["http-nio-8080"]

java.net.BindException: Address already in use: bind
	at sun.nio.ch.Net.bind0(Native Method) ~[na:1.8.0_191]
	at sun.nio.ch.Net.bind(Net.java:433) ~[na:1.8.0_191]
	at sun.nio.ch.Net.bind(Net.java:425) ~[na:1.8.0_191]
	at sun.nio.ch.ServerSocketChannelImpl.bind(ServerSocketChannelImpl.java:223) ~[na:1.8.0_191]
	at sun.nio.ch.ServerSocketAdaptor.bind(ServerSocketAdaptor.java:74) ~[na:1.8.0_191]
	at org.apache.tomcat.util.net.NioEndpoint.bind(NioEndpoint.java:210) ~[tomcat-embed-core-8.5.14.jar:8.5.14]
	at org.apache.tomcat.util.net.AbstractEndpoint.start(AbstractEndpoint.java:978) ~[tomcat-embed-core-8.5.14.jar:8.5.14]
	at org.apache.coyote.AbstractProtocol.start(AbstractProtocol.java:628) ~[tomcat-embed-core-8.5.14.jar:8.5.14]
	at org.apache.catalina.connector.Connector.startInternal(Connector.java:993) [tomcat-embed-core-8.5.14.jar:8.5.14]
	at org.apache.catalina.util.LifecycleBase.start(LifecycleBase.java:150) [tomcat-embed-core-8.5.14.jar:8.5.14]
	at org.apache.catalina.core.StandardService.addConnector(StandardService.java:225) [tomcat-embed-core-8.5.14.jar:8.5.14]
	at org.springframework.boot.context.embedded.tomcat.TomcatEmbeddedServletContainer.addPreviouslyRemovedConnectors(TomcatEmbeddedServletContainer.java:247) [spring-boot-1.5.3.RELEASE.jar:1.5.3.RELEASE]
	at org.springframework.boot.context.embedded.tomcat.TomcatEmbeddedServletContainer.start(TomcatEmbeddedServletContainer.java:190) [spring-boot-1.5.3.RELEASE.jar:1.5.3.RELEASE]
	at org.springframework.boot.context.embedded.EmbeddedWebApplicationContext.startEmbeddedServletContainer(EmbeddedWebApplicationContext.java:297) [spring-boot-1.5.3.RELEASE.jar:1.5.3.RELEASE]
	at org.springframework.boot.context.embedded.EmbeddedWebApplicationContext.finishRefresh(EmbeddedWebApplicationContext.java:145) [spring-boot-1.5.3.RELEASE.jar:1.5.3.RELEASE]
	at org.springframework.context.support.AbstractApplicationContext.refresh(AbstractApplicationContext.java:545) [spring-context-4.3.8.RELEASE.jar:4.3.8.RELEASE]
	at org.springframework.boot.context.embedded.EmbeddedWebApplicationContext.refresh(EmbeddedWebApplicationContext.java:122) [spring-boot-1.5.3.RELEASE.jar:1.5.3.RELEASE]
	at org.springframework.boot.SpringApplication.refresh(SpringApplication.java:737) [spring-boot-1.5.3.RELEASE.jar:1.5.3.RELEASE]
	at org.springframework.boot.SpringApplication.refreshContext(SpringApplication.java:370) [spring-boot-1.5.3.RELEASE.jar:1.5.3.RELEASE]
	at org.springframework.boot.SpringApplication.run(SpringApplication.java:314) [spring-boot-1.5.3.RELEASE.jar:1.5.3.RELEASE]
	at org.springframework.boot.test.context.SpringBootContextLoader.loadContext(SpringBootContextLoader.java:120) [spring-boot-test-1.5.3.RELEASE.jar:1.5.3.RELEASE]
	at org.springframework.test.context.cache.DefaultCacheAwareContextLoaderDelegate.loadContextInternal(DefaultCacheAwareContextLoaderDelegate.java:98) [spring-test-4.3.8.RELEASE.jar:4.3.8.RELEASE]
	at org.springframework.test.context.cache.DefaultCacheAwareContextLoaderDelegate.loadContext(DefaultCacheAwareContextLoaderDelegate.java:116) [spring-test-4.3.8.RELEASE.jar:4.3.8.RELEASE]
	at org.springframework.test.context.support.DefaultTestContext.getApplicationContext(DefaultTestContext.java:83) [spring-test-4.3.8.RELEASE.jar:4.3.8.RELEASE]
	at org.springframework.boot.test.autoconfigure.SpringBootDependencyInjectionTestExecutionListener.prepareTestInstance(SpringBootDependencyInjectionTestExecutionListener.java:47) [spring-boot-test-autoconfigure-1.5.3.RELEASE.jar:1.5.3.RELEASE]
	at org.springframework.test.context.TestContextManager.prepareTestInstance(TestContextManager.java:230) [spring-test-4.3.8.RELEASE.jar:4.3.8.RELEASE]
	at org.springframework.test.context.junit4.SpringJUnit4ClassRunner.createTest(SpringJUnit4ClassRunner.java:228) [spring-test-4.3.8.RELEASE.jar:4.3.8.RELEASE]
	at org.springframework.test.context.junit4.SpringJUnit4ClassRunner$1.runReflectiveCall(SpringJUnit4ClassRunner.java:287) [spring-test-4.3.8.RELEASE.jar:4.3.8.RELEASE]
	at org.junit.internal.runners.model.ReflectiveCallable.run(ReflectiveCallable.java:12) [junit-4.12.jar:4.12]
	at org.springframework.test.context.junit4.SpringJUnit4ClassRunner.methodBlock(SpringJUnit4ClassRunner.java:289) [spring-test-4.3.8.RELEASE.jar:4.3.8.RELEASE]
	at org.springframework.test.context.junit4.SpringJUnit4ClassRunner.runChild(SpringJUnit4ClassRunner.java:247) [spring-test-4.3.8.RELEASE.jar:4.3.8.RELEASE]
	at org.springframework.test.context.junit4.SpringJUnit4ClassRunner.runChild(SpringJUnit4ClassRunner.java:94) [spring-test-4.3.8.RELEASE.jar:4.3.8.RELEASE]
	at org.junit.runners.ParentRunner$3.run(ParentRunner.java:290) [junit-4.12.jar:4.12]
	at org.junit.runners.ParentRunner$1.schedule(ParentRunner.java:71) [junit-4.12.jar:4.12]
	at org.junit.runners.ParentRunner.runChildren(ParentRunner.java:288) [junit-4.12.jar:4.12]
	at org.junit.runners.ParentRunner.access$000(ParentRunner.java:58) [junit-4.12.jar:4.12]
	at org.junit.runners.ParentRunner$2.evaluate(ParentRunner.java:268) [junit-4.12.jar:4.12]
	at org.springframework.test.context.junit4.statements.RunBeforeTestClassCallbacks.evaluate(RunBeforeTestClassCallbacks.java:61) [spring-test-4.3.8.RELEASE.jar:4.3.8.RELEASE]
	at org.springframework.test.context.junit4.statements.RunAfterTestClassCallbacks.evaluate(RunAfterTestClassCallbacks.java:70) [spring-test-4.3.8.RELEASE.jar:4.3.8.RELEASE]
	at org.junit.runners.ParentRunner.run(ParentRunner.java:363) [junit-4.12.jar:4.12]
	at org.springframework.test.context.junit4.SpringJUnit4ClassRunner.run(SpringJUnit4ClassRunner.java:191) [spring-test-4.3.8.RELEASE.jar:4.3.8.RELEASE]
	at org.apache.maven.surefire.junit4.JUnit4Provider.execute(JUnit4Provider.java:365) [surefire-junit4-2.20.jar:2.20]
	at org.apache.maven.surefire.junit4.JUnit4Provider.executeWithRerun(JUnit4Provider.java:272) [surefire-junit4-2.20.jar:2.20]
	at org.apache.maven.surefire.junit4.JUnit4Provider.executeTestSet(JUnit4Provider.java:236) [surefire-junit4-2.20.jar:2.20]
	at org.apache.maven.surefire.junit4.JUnit4Provider.invoke(JUnit4Provider.java:159) [surefire-junit4-2.20.jar:2.20]
	at org.apache.maven.surefire.booter.ForkedBooter.invokeProviderInSameClassLoader(ForkedBooter.java:386) [surefire-booter-2.20.jar:2.20]
	at org.apache.maven.surefire.booter.ForkedBooter.runSuitesInProcess(ForkedBooter.java:323) [surefire-booter-2.20.jar:2.20]
	at org.apache.maven.surefire.booter.ForkedBooter.main(ForkedBooter.java:143) [surefire-booter-2.20.jar:2.20]

2018-12-22 13:20:29.528 ERROR 11736 --- [           main] o.apache.catalina.core.StandardService   : Failed to start connector [Connector[HTTP/1.1-8080]]

org.apache.catalina.LifecycleException: Failed to start component [Connector[HTTP/1.1-8080]]
	at org.apache.catalina.util.LifecycleBase.start(LifecycleBase.java:167) ~[tomcat-embed-core-8.5.14.jar:8.5.14]
	at org.apache.catalina.core.StandardService.addConnector(StandardService.java:225) ~[tomcat-embed-core-8.5.14.jar:8.5.14]
	at org.springframework.boot.context.embedded.tomcat.TomcatEmbeddedServletContainer.addPreviouslyRemovedConnectors(TomcatEmbeddedServletContainer.java:247) [spring-boot-1.5.3.RELEASE.jar:1.5.3.RELEASE]
	at org.springframework.boot.context.embedded.tomcat.TomcatEmbeddedServletContainer.start(TomcatEmbeddedServletContainer.java:190) [spring-boot-1.5.3.RELEASE.jar:1.5.3.RELEASE]
	at org.springframework.boot.context.embedded.EmbeddedWebApplicationContext.startEmbeddedServletContainer(EmbeddedWebApplicationContext.java:297) [spring-boot-1.5.3.RELEASE.jar:1.5.3.RELEASE]
	at org.springframework.boot.context.embedded.EmbeddedWebApplicationContext.finishRefresh(EmbeddedWebApplicationContext.java:145) [spring-boot-1.5.3.RELEASE.jar:1.5.3.RELEASE]
	at org.springframework.context.support.AbstractApplicationContext.refresh(AbstractApplicationContext.java:545) [spring-context-4.3.8.RELEASE.jar:4.3.8.RELEASE]
	at org.springframework.boot.context.embedded.EmbeddedWebApplicationContext.refresh(EmbeddedWebApplicationContext.java:122) [spring-boot-1.5.3.RELEASE.jar:1.5.3.RELEASE]
	at org.springframework.boot.SpringApplication.refresh(SpringApplication.java:737) [spring-boot-1.5.3.RELEASE.jar:1.5.3.RELEASE]
	at org.springframework.boot.SpringApplication.refreshContext(SpringApplication.java:370) [spring-boot-1.5.3.RELEASE.jar:1.5.3.RELEASE]
	at org.springframework.boot.SpringApplication.run(SpringApplication.java:314) [spring-boot-1.5.3.RELEASE.jar:1.5.3.RELEASE]
	at org.springframework.boot.test.context.SpringBootContextLoader.loadContext(SpringBootContextLoader.java:120) [spring-boot-test-1.5.3.RELEASE.jar:1.5.3.RELEASE]
	at org.springframework.test.context.cache.DefaultCacheAwareContextLoaderDelegate.loadContextInternal(DefaultCacheAwareContextLoaderDelegate.java:98) [spring-test-4.3.8.RELEASE.jar:4.3.8.RELEASE]
	at org.springframework.test.context.cache.DefaultCacheAwareContextLoaderDelegate.loadContext(DefaultCacheAwareContextLoaderDelegate.java:116) [spring-test-4.3.8.RELEASE.jar:4.3.8.RELEASE]
	at org.springframework.test.context.support.DefaultTestContext.getApplicationContext(DefaultTestContext.java:83) [spring-test-4.3.8.RELEASE.jar:4.3.8.RELEASE]
	at org.springframework.boot.test.autoconfigure.SpringBootDependencyInjectionTestExecutionListener.prepareTestInstance(SpringBootDependencyInjectionTestExecutionListener.java:47) [spring-boot-test-autoconfigure-1.5.3.RELEASE.jar:1.5.3.RELEASE]
	at org.springframework.test.context.TestContextManager.prepareTestInstance(TestContextManager.java:230) [spring-test-4.3.8.RELEASE.jar:4.3.8.RELEASE]
	at org.springframework.test.context.junit4.SpringJUnit4ClassRunner.createTest(SpringJUnit4ClassRunner.java:228) [spring-test-4.3.8.RELEASE.jar:4.3.8.RELEASE]
	at org.springframework.test.context.junit4.SpringJUnit4ClassRunner$1.runReflectiveCall(SpringJUnit4ClassRunner.java:287) [spring-test-4.3.8.RELEASE.jar:4.3.8.RELEASE]
	at org.junit.internal.runners.model.ReflectiveCallable.run(ReflectiveCallable.java:12) [junit-4.12.jar:4.12]
	at org.springframework.test.context.junit4.SpringJUnit4ClassRunner.methodBlock(SpringJUnit4ClassRunner.java:289) [spring-test-4.3.8.RELEASE.jar:4.3.8.RELEASE]
	at org.springframework.test.context.junit4.SpringJUnit4ClassRunner.runChild(SpringJUnit4ClassRunner.java:247) [spring-test-4.3.8.RELEASE.jar:4.3.8.RELEASE]
	at org.springframework.test.context.junit4.SpringJUnit4ClassRunner.runChild(SpringJUnit4ClassRunner.java:94) [spring-test-4.3.8.RELEASE.jar:4.3.8.RELEASE]
	at org.junit.runners.ParentRunner$3.run(ParentRunner.java:290) [junit-4.12.jar:4.12]
	at org.junit.runners.ParentRunner$1.schedule(ParentRunner.java:71) [junit-4.12.jar:4.12]
	at org.junit.runners.ParentRunner.runChildren(ParentRunner.java:288) [junit-4.12.jar:4.12]
	at org.junit.runners.ParentRunner.access$000(ParentRunner.java:58) [junit-4.12.jar:4.12]
	at org.junit.runners.ParentRunner$2.evaluate(ParentRunner.java:268) [junit-4.12.jar:4.12]
	at org.springframework.test.context.junit4.statements.RunBeforeTestClassCallbacks.evaluate(RunBeforeTestClassCallbacks.java:61) [spring-test-4.3.8.RELEASE.jar:4.3.8.RELEASE]
	at org.springframework.test.context.junit4.statements.RunAfterTestClassCallbacks.evaluate(RunAfterTestClassCallbacks.java:70) [spring-test-4.3.8.RELEASE.jar:4.3.8.RELEASE]
	at org.junit.runners.ParentRunner.run(ParentRunner.java:363) [junit-4.12.jar:4.12]
	at org.springframework.test.context.junit4.SpringJUnit4ClassRunner.run(SpringJUnit4ClassRunner.java:191) [spring-test-4.3.8.RELEASE.jar:4.3.8.RELEASE]
	at org.apache.maven.surefire.junit4.JUnit4Provider.execute(JUnit4Provider.java:365) [surefire-junit4-2.20.jar:2.20]
	at org.apache.maven.surefire.junit4.JUnit4Provider.executeWithRerun(JUnit4Provider.java:272) [surefire-junit4-2.20.jar:2.20]
	at org.apache.maven.surefire.junit4.JUnit4Provider.executeTestSet(JUnit4Provider.java:236) [surefire-junit4-2.20.jar:2.20]
	at org.apache.maven.surefire.junit4.JUnit4Provider.invoke(JUnit4Provider.java:159) [surefire-junit4-2.20.jar:2.20]
	at org.apache.maven.surefire.booter.ForkedBooter.invokeProviderInSameClassLoader(ForkedBooter.java:386) [surefire-booter-2.20.jar:2.20]
	at org.apache.maven.surefire.booter.ForkedBooter.runSuitesInProcess(ForkedBooter.java:323) [surefire-booter-2.20.jar:2.20]
	at org.apache.maven.surefire.booter.ForkedBooter.main(ForkedBooter.java:143) [surefire-booter-2.20.jar:2.20]
Caused by: org.apache.catalina.LifecycleException: service.getName(): "Tomcat";  Protocol handler start failed
	at org.apache.catalina.connector.Connector.startInternal(Connector.java:1000) ~[tomcat-embed-core-8.5.14.jar:8.5.14]
	at org.apache.catalina.util.LifecycleBase.start(LifecycleBase.java:150) ~[tomcat-embed-core-8.5.14.jar:8.5.14]
	... 38 common frames omitted
Caused by: java.net.BindException: Address already in use: bind
	at sun.nio.ch.Net.bind0(Native Method) ~[na:1.8.0_191]
	at sun.nio.ch.Net.bind(Net.java:433) ~[na:1.8.0_191]
	at sun.nio.ch.Net.bind(Net.java:425) ~[na:1.8.0_191]
	at sun.nio.ch.ServerSocketChannelImpl.bind(ServerSocketChannelImpl.java:223) ~[na:1.8.0_191]
	at sun.nio.ch.ServerSocketAdaptor.bind(ServerSocketAdaptor.java:74) ~[na:1.8.0_191]
	at org.apache.tomcat.util.net.NioEndpoint.bind(NioEndpoint.java:210) ~[tomcat-embed-core-8.5.14.jar:8.5.14]
	at org.apache.tomcat.util.net.AbstractEndpoint.start(AbstractEndpoint.java:978) ~[tomcat-embed-core-8.5.14.jar:8.5.14]
	at org.apache.coyote.AbstractProtocol.start(AbstractProtocol.java:628) ~[tomcat-embed-core-8.5.14.jar:8.5.14]
	at org.apache.catalina.connector.Connector.startInternal(Connector.java:993) ~[tomcat-embed-core-8.5.14.jar:8.5.14]
	... 39 common frames omitted

2018-12-22 13:20:29.684  INFO 11736 --- [           main] o.apache.catalina.core.StandardService   : Stopping service Tomcat
2018-12-22 13:20:29.705  INFO 11736 --- [           main] utoConfigurationReportLoggingInitializer : 

Error starting ApplicationContext. To display the auto-configuration report re-run your application with 'debug' enabled.
2018-12-22 13:20:29.707 ERROR 11736 --- [           main] o.s.b.d.LoggingFailureAnalysisReporter   : 

***************************
APPLICATION FAILED TO START
***************************

Description:

The Tomcat connector configured to listen on port 8080 failed to start. The port may already be in use or the connector may be misconfigured.

Action:

Verify the connector's configuration, identify and stop any process that's listening on port 8080, or configure this application to listen on another port.

2018-12-22 13:20:29.707  INFO 11736 --- [           main] ationConfigEmbeddedWebApplicationContext : Closing org.springframework.boot.context.embedded.AnnotationConfigEmbeddedWebApplicationContext@53ffdb3d: startup date [Sat Dec 22 13:20:26 IST 2018]; root of context hierarchy
2018-12-22 13:20:29.709  INFO 11736 --- [           main] o.z.vogon.web.PersistenceConfiguration   : Unloading JDBC drivers
2018-12-22 13:20:29.709  INFO 11736 --- [           main] j.LocalContainerEntityManagerFactoryBean : Closing JPA EntityManagerFactory for persistence unit 'VogonPU'
2018-12-22 13:20:29.709  INFO 11736 --- [           main] org.hibernate.orm.connections.pooling    : HHH10001008: Cleaning up connection pool [jdbc:h2:mem:test]
2018-12-22 13:20:29.710 ERROR 11736 --- [           main] o.s.test.context.TestContextManager      : Caught exception while allowing TestExecutionListener [org.springframework.boot.test.autoconfigure.SpringBootDependencyInjectionTestExecutionListener@671c93a5] to prepare test instance [org.zlogic.vogon.web.AuthenticationTest@27a3d5ce]

java.lang.IllegalStateException: Failed to load ApplicationContext
	at org.springframework.test.context.cache.DefaultCacheAwareContextLoaderDelegate.loadContext(DefaultCacheAwareContextLoaderDelegate.java:124) ~[spring-test-4.3.8.RELEASE.jar:4.3.8.RELEASE]
	at org.springframework.test.context.support.DefaultTestContext.getApplicationContext(DefaultTestContext.java:83) ~[spring-test-4.3.8.RELEASE.jar:4.3.8.RELEASE]
	at org.springframework.boot.test.autoconfigure.SpringBootDependencyInjectionTestExecutionListener.prepareTestInstance(SpringBootDependencyInjectionTestExecutionListener.java:47) ~[spring-boot-test-autoconfigure-1.5.3.RELEASE.jar:1.5.3.RELEASE]
	at org.springframework.test.context.TestContextManager.prepareTestInstance(TestContextManager.java:230) ~[spring-test-4.3.8.RELEASE.jar:4.3.8.RELEASE]
	at org.springframework.test.context.junit4.SpringJUnit4ClassRunner.createTest(SpringJUnit4ClassRunner.java:228) [spring-test-4.3.8.RELEASE.jar:4.3.8.RELEASE]
	at org.springframework.test.context.junit4.SpringJUnit4ClassRunner$1.runReflectiveCall(SpringJUnit4ClassRunner.java:287) [spring-test-4.3.8.RELEASE.jar:4.3.8.RELEASE]
	at org.junit.internal.runners.model.ReflectiveCallable.run(ReflectiveCallable.java:12) [junit-4.12.jar:4.12]
	at org.springframework.test.context.junit4.SpringJUnit4ClassRunner.methodBlock(SpringJUnit4ClassRunner.java:289) [spring-test-4.3.8.RELEASE.jar:4.3.8.RELEASE]
	at org.springframework.test.context.junit4.SpringJUnit4ClassRunner.runChild(SpringJUnit4ClassRunner.java:247) [spring-test-4.3.8.RELEASE.jar:4.3.8.RELEASE]
	at org.springframework.test.context.junit4.SpringJUnit4ClassRunner.runChild(SpringJUnit4ClassRunner.java:94) [spring-test-4.3.8.RELEASE.jar:4.3.8.RELEASE]
	at org.junit.runners.ParentRunner$3.run(ParentRunner.java:290) [junit-4.12.jar:4.12]
	at org.junit.runners.ParentRunner$1.schedule(ParentRunner.java:71) [junit-4.12.jar:4.12]
	at org.junit.runners.ParentRunner.runChildren(ParentRunner.java:288) [junit-4.12.jar:4.12]
	at org.junit.runners.ParentRunner.access$000(ParentRunner.java:58) [junit-4.12.jar:4.12]
	at org.junit.runners.ParentRunner$2.evaluate(ParentRunner.java:268) [junit-4.12.jar:4.12]
	at org.springframework.test.context.junit4.statements.RunBeforeTestClassCallbacks.evaluate(RunBeforeTestClassCallbacks.java:61) [spring-test-4.3.8.RELEASE.jar:4.3.8.RELEASE]
	at org.springframework.test.context.junit4.statements.RunAfterTestClassCallbacks.evaluate(RunAfterTestClassCallbacks.java:70) [spring-test-4.3.8.RELEASE.jar:4.3.8.RELEASE]
	at org.junit.runners.ParentRunner.run(ParentRunner.java:363) [junit-4.12.jar:4.12]
	at org.springframework.test.context.junit4.SpringJUnit4ClassRunner.run(SpringJUnit4ClassRunner.java:191) [spring-test-4.3.8.RELEASE.jar:4.3.8.RELEASE]
	at org.apache.maven.surefire.junit4.JUnit4Provider.execute(JUnit4Provider.java:365) [surefire-junit4-2.20.jar:2.20]
	at org.apache.maven.surefire.junit4.JUnit4Provider.executeWithRerun(JUnit4Provider.java:272) [surefire-junit4-2.20.jar:2.20]
	at org.apache.maven.surefire.junit4.JUnit4Provider.executeTestSet(JUnit4Provider.java:236) [surefire-junit4-2.20.jar:2.20]
	at org.apache.maven.surefire.junit4.JUnit4Provider.invoke(JUnit4Provider.java:159) [surefire-junit4-2.20.jar:2.20]
	at org.apache.maven.surefire.booter.ForkedBooter.invokeProviderInSameClassLoader(ForkedBooter.java:386) [surefire-booter-2.20.jar:2.20]
	at org.apache.maven.surefire.booter.ForkedBooter.runSuitesInProcess(ForkedBooter.java:323) [surefire-booter-2.20.jar:2.20]
	at org.apache.maven.surefire.booter.ForkedBooter.main(ForkedBooter.java:143) [surefire-booter-2.20.jar:2.20]
Caused by: org.springframework.boot.context.embedded.tomcat.ConnectorStartFailedException: Connector configured to listen on port 8080 failed to start
	at org.springframework.boot.context.embedded.tomcat.TomcatEmbeddedServletContainer.checkThatConnectorsHaveStarted(TomcatEmbeddedServletContainer.java:219) ~[spring-boot-1.5.3.RELEASE.jar:1.5.3.RELEASE]
	at org.springframework.boot.context.embedded.tomcat.TomcatEmbeddedServletContainer.start(TomcatEmbeddedServletContainer.java:195) ~[spring-boot-1.5.3.RELEASE.jar:1.5.3.RELEASE]
	at org.springframework.boot.context.embedded.EmbeddedWebApplicationContext.startEmbeddedServletContainer(EmbeddedWebApplicationContext.java:297) ~[spring-boot-1.5.3.RELEASE.jar:1.5.3.RELEASE]
	at org.springframework.boot.context.embedded.EmbeddedWebApplicationContext.finishRefresh(EmbeddedWebApplicationContext.java:145) ~[spring-boot-1.5.3.RELEASE.jar:1.5.3.RELEASE]
	at org.springframework.context.support.AbstractApplicationContext.refresh(AbstractApplicationContext.java:545) ~[spring-context-4.3.8.RELEASE.jar:4.3.8.RELEASE]
	at org.springframework.boot.context.embedded.EmbeddedWebApplicationContext.refresh(EmbeddedWebApplicationContext.java:122) ~[spring-boot-1.5.3.RELEASE.jar:1.5.3.RELEASE]
	at org.springframework.boot.SpringApplication.refresh(SpringApplication.java:737) ~[spring-boot-1.5.3.RELEASE.jar:1.5.3.RELEASE]
	at org.springframework.boot.SpringApplication.refreshContext(SpringApplication.java:370) ~[spring-boot-1.5.3.RELEASE.jar:1.5.3.RELEASE]
	at org.springframework.boot.SpringApplication.run(SpringApplication.java:314) ~[spring-boot-1.5.3.RELEASE.jar:1.5.3.RELEASE]
	at org.springframework.boot.test.context.SpringBootContextLoader.loadContext(SpringBootContextLoader.java:120) ~[spring-boot-test-1.5.3.RELEASE.jar:1.5.3.RELEASE]
	at org.springframework.test.context.cache.DefaultCacheAwareContextLoaderDelegate.loadContextInternal(DefaultCacheAwareContextLoaderDelegate.java:98) ~[spring-test-4.3.8.RELEASE.jar:4.3.8.RELEASE]
	at org.springframework.test.context.cache.DefaultCacheAwareContextLoaderDelegate.loadContext(DefaultCacheAwareContextLoaderDelegate.java:116) ~[spring-test-4.3.8.RELEASE.jar:4.3.8.RELEASE]
	... 25 common frames omitted

]]></system-out>
  </testcase>
  <testcase name="testAuthenticationLogout" classname="org.zlogic.vogon.web.AuthenticationTest" time="0">
    <error message="Failed to load ApplicationContext" type="java.lang.IllegalStateException">java.lang.IllegalStateException: Failed to load ApplicationContext
Caused by: org.springframework.boot.context.embedded.tomcat.ConnectorStartFailedException: Connector configured to listen on port 8080 failed to start
</error>
    <system-out><![CDATA[
  .   ____          _            __ _ _
 /\\ / ___'_ __ _ _(_)_ __  __ _ \ \ \ \
( ( )\___ | '_ | '_| | '_ \/ _` | \ \ \ \
 \\/  ___)| |_)| | | | | || (_| |  ) ) ) )
  '  |____| .__|_| |_|_| |_\__, | / / / /
 =========|_|==============|___/=/_/_/_/
 :: Spring Boot ::        (v1.5.3.RELEASE)

2018-12-22 13:20:29.739  INFO 11736 --- [           main] org.zlogic.vogon.web.AuthenticationTest  : Starting AuthenticationTest on GOPAL with PID 11736 (started by GOPAL$ in C:\Program Files (x86)\Jenkins\workspace\Maven_project\vogon-web)
2018-12-22 13:20:29.739  INFO 11736 --- [           main] org.zlogic.vogon.web.AuthenticationTest  : No active profile set, falling back to default profiles: default
2018-12-22 13:20:29.739  INFO 11736 --- [           main] ationConfigEmbeddedWebApplicationContext : Refreshing org.springframework.boot.context.embedded.AnnotationConfigEmbeddedWebApplicationContext@6647c370: startup date [Sat Dec 22 13:20:29 IST 2018]; root of context hierarchy
2018-12-22 13:20:29.997  INFO 11736 --- [           main] o.s.b.f.s.DefaultListableBeanFactory     : Overriding bean definition for bean 'entityManagerFactory' with a different definition: replacing [Root bean: class [null]; scope=; abstract=false; lazyInit=false; autowireMode=3; dependencyCheck=0; autowireCandidate=true; primary=false; factoryBeanName=persistenceConfiguration; factoryMethodName=entityManagerFactory; initMethodName=null; destroyMethodName=(inferred); defined in class path resource [org/zlogic/vogon/web/PersistenceConfiguration.class]] with [Root bean: class [null]; scope=; abstract=false; lazyInit=false; autowireMode=3; dependencyCheck=0; autowireCandidate=true; primary=false; factoryBeanName=databaseConfiguration; factoryMethodName=entityManagerFactory; initMethodName=null; destroyMethodName=(inferred); defined in org.zlogic.vogon.web.DatabaseConfiguration]
2018-12-22 13:20:30.145  INFO 11736 --- [           main] trationDelegate$BeanPostProcessorChecker : Bean 'org.springframework.security.config.annotation.configuration.ObjectPostProcessorConfiguration' of type [org.springframework.security.config.annotation.configuration.ObjectPostProcessorConfiguration$$EnhancerBySpringCGLIB$$be8c3acc] is not eligible for getting processed by all BeanPostProcessors (for example: not eligible for auto-proxying)
2018-12-22 13:20:30.161  INFO 11736 --- [           main] trationDelegate$BeanPostProcessorChecker : Bean 'objectPostProcessor' of type [org.springframework.security.config.annotation.configuration.AutowireBeanFactoryObjectPostProcessor] is not eligible for getting processed by all BeanPostProcessors (for example: not eligible for auto-proxying)
2018-12-22 13:20:30.161  INFO 11736 --- [           main] trationDelegate$BeanPostProcessorChecker : Bean 'org.springframework.security.access.expression.method.DefaultMethodSecurityExpressionHandler@850b78e' of type [org.springframework.security.oauth2.provider.expression.OAuth2MethodSecurityExpressionHandler] is not eligible for getting processed by all BeanPostProcessors (for example: not eligible for auto-proxying)
2018-12-22 13:20:30.161  INFO 11736 --- [           main] trationDelegate$BeanPostProcessorChecker : Bean 'org.springframework.security.config.annotation.method.configuration.GlobalMethodSecurityConfiguration' of type [org.springframework.security.config.annotation.method.configuration.GlobalMethodSecurityConfiguration$$EnhancerBySpringCGLIB$$e360dd7e] is not eligible for getting processed by all BeanPostProcessors (for example: not eligible for auto-proxying)
2018-12-22 13:20:30.161  INFO 11736 --- [           main] trationDelegate$BeanPostProcessorChecker : Bean 'methodSecurityMetadataSource' of type [org.springframework.security.access.method.DelegatingMethodSecurityMetadataSource] is not eligible for getting processed by all BeanPostProcessors (for example: not eligible for auto-proxying)
2018-12-22 13:20:30.176  INFO 11736 --- [           main] trationDelegate$BeanPostProcessorChecker : Bean 'org.springframework.transaction.annotation.ProxyTransactionManagementConfiguration' of type [org.springframework.transaction.annotation.ProxyTransactionManagementConfiguration$$EnhancerBySpringCGLIB$$25de7292] is not eligible for getting processed by all BeanPostProcessors (for example: not eligible for auto-proxying)
2018-12-22 13:20:30.176  INFO 11736 --- [           main] trationDelegate$BeanPostProcessorChecker : Bean 'security.oauth2.client-org.springframework.boot.autoconfigure.security.oauth2.OAuth2ClientProperties' of type [org.springframework.boot.autoconfigure.security.oauth2.OAuth2ClientProperties] is not eligible for getting processed by all BeanPostProcessors (for example: not eligible for auto-proxying)
2018-12-22 13:20:30.192  INFO 11736 --- [           main] trationDelegate$BeanPostProcessorChecker : Bean 'org.springframework.boot.autoconfigure.security.oauth2.OAuth2AutoConfiguration' of type [org.springframework.boot.autoconfigure.security.oauth2.OAuth2AutoConfiguration$$EnhancerBySpringCGLIB$$dd282e92] is not eligible for getting processed by all BeanPostProcessors (for example: not eligible for auto-proxying)
2018-12-22 13:20:30.192  INFO 11736 --- [           main] trationDelegate$BeanPostProcessorChecker : Bean 'resourceServerProperties' of type [org.springframework.boot.autoconfigure.security.oauth2.resource.ResourceServerProperties] is not eligible for getting processed by all BeanPostProcessors (for example: not eligible for auto-proxying)
2018-12-22 13:20:30.223  INFO 11736 --- [           main] org.zlogic.vogon.web.TomcatConfigurer    : Using keystore C:\Program Files (x86)\Jenkins\workspace\Maven_project\vogon-web\target/vogonweb.keystore with password ********
2018-12-22 13:20:30.239  INFO 11736 --- [           main] s.b.c.e.t.TomcatEmbeddedServletContainer : Tomcat initialized with port(s): 8080 (http) 8443 (https)
2018-12-22 13:20:30.239  INFO 11736 --- [           main] o.apache.catalina.core.StandardService   : Starting service Tomcat
2018-12-22 13:20:30.239  INFO 11736 --- [           main] org.apache.catalina.core.StandardEngine  : Starting Servlet Engine: Apache Tomcat/8.5.14
2018-12-22 13:20:30.270  INFO 11736 --- [ost-startStop-1] org.apache.jasper.servlet.TldScanner     : At least one JAR was scanned for TLDs yet contained no TLDs. Enable debug logging for this logger for a complete list of JARs that were scanned but no TLDs were found in them. Skipping unneeded JARs during scanning can improve startup time and JSP compilation time.
2018-12-22 13:20:30.270  INFO 11736 --- [ost-startStop-1] o.a.c.c.C.[Tomcat-56].[localhost].[/]    : Initializing Spring embedded WebApplicationContext
2018-12-22 13:20:30.270  INFO 11736 --- [ost-startStop-1] o.s.web.context.ContextLoader            : Root WebApplicationContext: initialization completed in 531 ms
2018-12-22 13:20:30.442  INFO 11736 --- [ost-startStop-1] o.s.b.w.servlet.FilterRegistrationBean   : Mapping filter: 'metricsFilter' to: [/*]
2018-12-22 13:20:30.442  INFO 11736 --- [ost-startStop-1] o.s.b.w.servlet.FilterRegistrationBean   : Mapping filter: 'characterEncodingFilter' to: [/*]
2018-12-22 13:20:30.442  INFO 11736 --- [ost-startStop-1] o.s.b.w.servlet.FilterRegistrationBean   : Mapping filter: 'hiddenHttpMethodFilter' to: [/*]
2018-12-22 13:20:30.442  INFO 11736 --- [ost-startStop-1] o.s.b.w.servlet.FilterRegistrationBean   : Mapping filter: 'httpPutFormContentFilter' to: [/*]
2018-12-22 13:20:30.442  INFO 11736 --- [ost-startStop-1] o.s.b.w.servlet.FilterRegistrationBean   : Mapping filter: 'requestContextFilter' to: [/*]
2018-12-22 13:20:30.442  INFO 11736 --- [ost-startStop-1] .s.DelegatingFilterProxyRegistrationBean : Mapping filter: 'springSecurityFilterChain' to: [/*]
2018-12-22 13:20:30.442  INFO 11736 --- [ost-startStop-1] o.s.b.w.servlet.FilterRegistrationBean   : Mapping filter: 'webRequestLoggingFilter' to: [/*]
2018-12-22 13:20:30.442  INFO 11736 --- [ost-startStop-1] o.s.b.w.servlet.FilterRegistrationBean   : Mapping filter: 'applicationContextIdFilter' to: [/*]
2018-12-22 13:20:30.442  INFO 11736 --- [ost-startStop-1] o.s.b.w.servlet.ServletRegistrationBean  : Mapping servlet: 'dispatcherServlet' to [/]
2018-12-22 13:20:30.457  INFO 11736 --- [           main] j.LocalContainerEntityManagerFactoryBean : Building JPA container EntityManagerFactory for persistence unit 'VogonPU'
2018-12-22 13:20:30.457  INFO 11736 --- [           main] o.hibernate.jpa.internal.util.LogHelper  : HHH000204: Processing PersistenceUnitInfo [
	name: VogonPU
	...]
2018-12-22 13:20:30.457  WARN 11736 --- [           main] org.hibernate.orm.connections.pooling    : HHH10001002: Using Hibernate built-in connection pool (not for production use!)
2018-12-22 13:20:30.457  INFO 11736 --- [           main] org.hibernate.orm.connections.pooling    : HHH10001005: using driver [org.h2.Driver] at URL [jdbc:h2:mem:test]
2018-12-22 13:20:30.457  INFO 11736 --- [           main] org.hibernate.orm.connections.pooling    : HHH10001001: Connection properties: {}
2018-12-22 13:20:30.457  INFO 11736 --- [           main] org.hibernate.orm.connections.pooling    : HHH10001003: Autocommit mode: false
2018-12-22 13:20:30.457  INFO 11736 --- [           main] .c.i.DriverManagerConnectionProviderImpl : HHH000115: Hibernate connection pool size: 20 (min=1)
2018-12-22 13:20:30.473  INFO 11736 --- [           main] org.hibernate.dialect.Dialect            : HHH000400: Using dialect: org.hibernate.dialect.H2Dialect
2018-12-22 13:20:30.473  INFO 11736 --- [           main] org.hibernate.orm.connections.access     : HHH10001501: Connection obtained from JdbcConnectionAccess [org.hibernate.engine.jdbc.env.internal.JdbcEnvironmentInitiator$ConnectionProviderJdbcConnectionAccess@272b7fe9] for (non-JTA) DDL execution was not in auto-commit mode; the Connection 'local transaction' will be committed and the Connection will be set into auto-commit mode.
2018-12-22 13:20:30.489  INFO 11736 --- [           main] j.LocalContainerEntityManagerFactoryBean : Initialized JPA EntityManagerFactory for persistence unit 'VogonPU'
2018-12-22 13:20:30.801  INFO 11736 --- [           main] .s.o.p.e.FrameworkEndpointHandlerMapping : Mapped "{[/oauth/authorize]}" onto public org.springframework.web.servlet.ModelAndView org.springframework.security.oauth2.provider.endpoint.AuthorizationEndpoint.authorize(java.util.Map<java.lang.String, java.lang.Object>,java.util.Map<java.lang.String, java.lang.String>,org.springframework.web.bind.support.SessionStatus,java.security.Principal)
2018-12-22 13:20:30.801  INFO 11736 --- [           main] .s.o.p.e.FrameworkEndpointHandlerMapping : Mapped "{[/oauth/authorize],methods=[POST],params=[user_oauth_approval]}" onto public org.springframework.web.servlet.View org.springframework.security.oauth2.provider.endpoint.AuthorizationEndpoint.approveOrDeny(java.util.Map<java.lang.String, java.lang.String>,java.util.Map<java.lang.String, ?>,org.springframework.web.bind.support.SessionStatus,java.security.Principal)
2018-12-22 13:20:30.801  INFO 11736 --- [           main] .s.o.p.e.FrameworkEndpointHandlerMapping : Mapped "{[/oauth/token],methods=[GET]}" onto public org.springframework.http.ResponseEntity<org.springframework.security.oauth2.common.OAuth2AccessToken> org.springframework.security.oauth2.provider.endpoint.TokenEndpoint.getAccessToken(java.security.Principal,java.util.Map<java.lang.String, java.lang.String>) throws org.springframework.web.HttpRequestMethodNotSupportedException
2018-12-22 13:20:30.801  INFO 11736 --- [           main] .s.o.p.e.FrameworkEndpointHandlerMapping : Mapped "{[/oauth/token],methods=[POST]}" onto public org.springframework.http.ResponseEntity<org.springframework.security.oauth2.common.OAuth2AccessToken> org.springframework.security.oauth2.provider.endpoint.TokenEndpoint.postAccessToken(java.security.Principal,java.util.Map<java.lang.String, java.lang.String>) throws org.springframework.web.HttpRequestMethodNotSupportedException
2018-12-22 13:20:30.801  INFO 11736 --- [           main] .s.o.p.e.FrameworkEndpointHandlerMapping : Mapped "{[/oauth/check_token]}" onto public java.util.Map<java.lang.String, ?> org.springframework.security.oauth2.provider.endpoint.CheckTokenEndpoint.checkToken(java.lang.String)
2018-12-22 13:20:30.801  INFO 11736 --- [           main] .s.o.p.e.FrameworkEndpointHandlerMapping : Mapped "{[/oauth/confirm_access]}" onto public org.springframework.web.servlet.ModelAndView org.springframework.security.oauth2.provider.endpoint.WhitelabelApprovalEndpoint.getAccessConfirmation(java.util.Map<java.lang.String, java.lang.Object>,javax.servlet.http.HttpServletRequest) throws java.lang.Exception
2018-12-22 13:20:30.801  INFO 11736 --- [           main] .s.o.p.e.FrameworkEndpointHandlerMapping : Mapped "{[/oauth/error]}" onto public org.springframework.web.servlet.ModelAndView org.springframework.security.oauth2.provider.endpoint.WhitelabelErrorEndpoint.handleError(javax.servlet.http.HttpServletRequest)
2018-12-22 13:20:31.066  INFO 11736 --- [           main] o.s.s.web.DefaultSecurityFilterChain     : Creating filter chain: OrRequestMatcher [requestMatchers=[Ant [pattern='/oauth/token'], Ant [pattern='/oauth/token_key'], Ant [pattern='/oauth/check_token']]], [org.springframework.security.web.context.request.async.WebAsyncManagerIntegrationFilter@6aa4bed9, org.springframework.security.web.context.SecurityContextPersistenceFilter@3b9c74f6, org.springframework.security.web.header.HeaderWriterFilter@13ebf4f3, org.springframework.security.web.authentication.logout.LogoutFilter@1b523963, org.springframework.security.oauth2.provider.client.ClientCredentialsTokenEndpointFilter@6ef1b47c, org.springframework.security.web.authentication.www.BasicAuthenticationFilter@127f93b9, org.springframework.security.web.savedrequest.RequestCacheAwareFilter@11a1a942, org.springframework.security.web.servletapi.SecurityContextHolderAwareRequestFilter@5da19be9, org.springframework.security.web.authentication.AnonymousAuthenticationFilter@c772882, org.springframework.security.web.session.SessionManagementFilter@46d01cb2, org.springframework.security.web.access.ExceptionTranslationFilter@727b1d8a, org.springframework.security.web.access.intercept.FilterSecurityInterceptor@1c4d017]
2018-12-22 13:20:31.066  INFO 11736 --- [           main] o.s.s.web.DefaultSecurityFilterChain     : Creating filter chain: org.springframework.boot.actuate.autoconfigure.ManagementWebSecurityAutoConfiguration$LazyEndpointPathRequestMatcher@30daa9bd, [org.springframework.security.web.context.request.async.WebAsyncManagerIntegrationFilter@145a3492, org.springframework.security.web.context.SecurityContextPersistenceFilter@eded107, org.springframework.security.web.header.HeaderWriterFilter@31b4c53e, org.springframework.security.web.authentication.logout.LogoutFilter@517e85b, org.springframework.security.web.authentication.www.BasicAuthenticationFilter@2622748b, org.springframework.security.web.savedrequest.RequestCacheAwareFilter@7c9ae50e, org.springframework.security.web.servletapi.SecurityContextHolderAwareRequestFilter@6b905296, org.springframework.security.web.authentication.AnonymousAuthenticationFilter@732e9490, org.springframework.security.web.session.SessionManagementFilter@38dad661, org.springframework.security.web.access.ExceptionTranslationFilter@12ec0b51, org.springframework.security.web.access.intercept.FilterSecurityInterceptor@349a7138]
2018-12-22 13:20:31.093  INFO 11736 --- [           main] o.s.s.w.a.c.ChannelProcessingFilter      : Validated configuration attributes
2018-12-22 13:20:31.093  INFO 11736 --- [           main] o.s.s.web.DefaultSecurityFilterChain     : Creating filter chain: org.springframework.security.oauth2.config.annotation.web.configuration.ResourceServerConfiguration$NotOAuthRequestMatcher@e0529, [org.springframework.security.web.access.channel.ChannelProcessingFilter@750c4ef8, org.springframework.security.web.context.request.async.WebAsyncManagerIntegrationFilter@35c869da, org.springframework.security.web.context.SecurityContextPersistenceFilter@7b3b95da, org.springframework.security.web.header.HeaderWriterFilter@51bfd5f4, org.springframework.security.web.authentication.logout.LogoutFilter@1c962510, org.springframework.security.oauth2.provider.authentication.OAuth2AuthenticationProcessingFilter@fbeac6b, org.springframework.security.web.savedrequest.RequestCacheAwareFilter@255c9990, org.springframework.security.web.servletapi.SecurityContextHolderAwareRequestFilter@ae3f8ba, org.springframework.security.web.authentication.AnonymousAuthenticationFilter@70cfb1bd, org.springframework.security.web.session.SessionManagementFilter@79dde7d9, org.springframework.security.web.access.ExceptionTranslationFilter@12298217, org.springframework.security.web.access.intercept.FilterSecurityInterceptor@3ae1056e]
2018-12-22 13:20:31.181  INFO 11736 --- [           main] s.w.s.m.m.a.RequestMappingHandlerAdapter : Looking for @ControllerAdvice: org.springframework.boot.context.embedded.AnnotationConfigEmbeddedWebApplicationContext@6647c370: startup date [Sat Dec 22 13:20:29 IST 2018]; root of context hierarchy
2018-12-22 13:20:31.181  INFO 11736 --- [           main] s.w.s.m.m.a.RequestMappingHandlerMapping : Mapped "{[/service/accounts],methods=[GET],produces=[application/json]}" onto public java.util.Collection<org.zlogic.vogon.data.FinanceAccount> org.zlogic.vogon.web.controller.AccountsController.getAllAccounts(org.zlogic.vogon.web.security.VogonSecurityUser)
2018-12-22 13:20:31.181  INFO 11736 --- [           main] s.w.s.m.m.a.RequestMappingHandlerMapping : Mapped "{[/service/accounts],methods=[POST],produces=[application/json]}" onto public java.util.Collection<org.zlogic.vogon.data.FinanceAccount> org.zlogic.vogon.web.controller.AccountsController.updateAccounts(java.util.Collection<org.zlogic.vogon.data.FinanceAccount>,org.zlogic.vogon.web.security.VogonSecurityUser)
2018-12-22 13:20:31.181  INFO 11736 --- [           main] s.w.s.m.m.a.RequestMappingHandlerMapping : Mapped "{[/service/analytics/tags],methods=[GET],produces=[application/json]}" onto public java.util.Set<java.lang.String> org.zlogic.vogon.web.controller.AnalyticsController.getAllTags(org.zlogic.vogon.web.security.VogonSecurityUser)
2018-12-22 13:20:31.181  INFO 11736 --- [           main] s.w.s.m.m.a.RequestMappingHandlerMapping : Mapped "{[/service/analytics],methods=[POST],produces=[application/json]}" onto public java.util.Map<java.lang.String, org.zlogic.vogon.data.report.Report> org.zlogic.vogon.web.controller.AnalyticsController.getReport(org.zlogic.vogon.data.report.ReportFactory,org.zlogic.vogon.web.security.VogonSecurityUser)
2018-12-22 13:20:31.181  INFO 11736 --- [           main] s.w.s.m.m.a.RequestMappingHandlerMapping : Mapped "{[/service/currencies],methods=[GET],produces=[application/json]}" onto public java.util.Collection<org.zlogic.vogon.web.data.model.CurrencyDetails> org.zlogic.vogon.web.controller.CurrenciesController.getAllCurrencies()
2018-12-22 13:20:31.181  INFO 11736 --- [           main] s.w.s.m.m.a.RequestMappingHandlerMapping : Mapped "{[/service/export],methods=[GET || POST]}" onto public org.springframework.http.HttpEntity<byte[]> org.zlogic.vogon.web.controller.DataController.exportDataJSON(org.zlogic.vogon.web.security.VogonSecurityUser) throws java.lang.RuntimeException
2018-12-22 13:20:31.181  INFO 11736 --- [           main] s.w.s.m.m.a.RequestMappingHandlerMapping : Mapped "{[/service/import],methods=[POST],consumes=[multipart/form-data],produces=[application/json]}" onto public java.lang.Boolean org.zlogic.vogon.web.controller.DataController.importData(org.springframework.web.multipart.MultipartFile,org.zlogic.vogon.web.security.VogonSecurityUser) throws java.lang.RuntimeException
2018-12-22 13:20:31.181  INFO 11736 --- [           main] s.w.s.m.m.a.RequestMappingHandlerMapping : Mapped "{[/fragments/{fragment}.fragment]}" onto public org.springframework.web.servlet.ModelAndView org.zlogic.vogon.web.controller.JspController.fragmentModelAndView(java.lang.String)
2018-12-22 13:20:31.181  INFO 11736 --- [           main] s.w.s.m.m.a.RequestMappingHandlerMapping : Mapped "{[/]}" onto public org.springframework.web.servlet.ModelAndView org.zlogic.vogon.web.controller.JspController.indexModelAndView()
2018-12-22 13:20:31.181  INFO 11736 --- [           main] s.w.s.m.m.a.RequestMappingHandlerMapping : Mapped "{[/oauth/logout],methods=[POST]}" onto public void org.zlogic.vogon.web.controller.LogoutController.logout(org.springframework.security.oauth2.provider.OAuth2Authentication) throws org.zlogic.vogon.web.security.UsernameExistsException
2018-12-22 13:20:31.197  INFO 11736 --- [           main] s.w.s.m.m.a.RequestMappingHandlerMapping : Mapped "{[/register],methods=[POST],produces=[application/json]}" onto public org.zlogic.vogon.data.VogonUser org.zlogic.vogon.web.controller.RegistrationController.register(org.zlogic.vogon.data.VogonUser) throws org.zlogic.vogon.web.security.UsernameExistsException
2018-12-22 13:20:31.197  INFO 11736 --- [           main] s.w.s.m.m.a.RequestMappingHandlerMapping : Mapped "{[/service/transactions/transaction/{id}],methods=[GET],produces=[application/json]}" onto public org.zlogic.vogon.web.data.model.FinanceTransactionJson org.zlogic.vogon.web.controller.TransactionsController.getTransaction(long,org.zlogic.vogon.web.security.VogonSecurityUser)
2018-12-22 13:20:31.197  INFO 11736 --- [           main] s.w.s.m.m.a.RequestMappingHandlerMapping : Mapped "{[/service/transactions],methods=[GET],produces=[application/json]}" onto public java.util.Collection<org.zlogic.vogon.web.data.model.FinanceTransactionJson> org.zlogic.vogon.web.controller.TransactionsController.getTransactions(java.lang.Integer,org.zlogic.vogon.web.controller.TransactionsController$SortColumn,org.springframework.data.domain.Sort$Direction,java.lang.String,java.util.Date,java.util.Collection<java.lang.String>,org.zlogic.vogon.web.security.VogonSecurityUser)
2018-12-22 13:20:31.197  INFO 11736 --- [           main] s.w.s.m.m.a.RequestMappingHandlerMapping : Mapped "{[/service/transactions],methods=[POST],produces=[application/json]}" onto public org.zlogic.vogon.web.data.model.FinanceTransactionJson org.zlogic.vogon.web.controller.TransactionsController.submitTransaction(org.zlogic.vogon.web.data.model.FinanceTransactionJson,org.zlogic.vogon.web.security.VogonSecurityUser)
2018-12-22 13:20:31.197  INFO 11736 --- [           main] s.w.s.m.m.a.RequestMappingHandlerMapping : Mapped "{[/service/transactions/pages],methods=[GET],produces=[application/json]}" onto public long org.zlogic.vogon.web.controller.TransactionsController.getTransactionsCount(org.zlogic.vogon.web.security.VogonSecurityUser)
2018-12-22 13:20:31.197  INFO 11736 --- [           main] s.w.s.m.m.a.RequestMappingHandlerMapping : Mapped "{[/service/transactions/transaction/{id}],methods=[DELETE],produces=[application/json]}" onto public org.zlogic.vogon.web.data.model.FinanceTransactionJson org.zlogic.vogon.web.controller.TransactionsController.deleteTransaction(long,org.zlogic.vogon.web.security.VogonSecurityUser)
2018-12-22 13:20:31.197  INFO 11736 --- [           main] s.w.s.m.m.a.RequestMappingHandlerMapping : Mapped "{[/service/user],methods=[POST],produces=[application/json]}" onto public org.zlogic.vogon.data.VogonUser org.zlogic.vogon.web.controller.UsersController.submitUser(org.zlogic.vogon.data.VogonUser,org.zlogic.vogon.web.security.VogonSecurityUser) throws org.zlogic.vogon.web.security.UsernameExistsException
2018-12-22 13:20:31.197  INFO 11736 --- [           main] s.w.s.m.m.a.RequestMappingHandlerMapping : Mapped "{[/service/user],methods=[GET],produces=[application/json]}" onto public org.zlogic.vogon.data.VogonUser org.zlogic.vogon.web.controller.UsersController.getUserData(org.zlogic.vogon.web.security.VogonSecurityUser)
2018-12-22 13:20:31.197  INFO 11736 --- [           main] s.w.s.m.m.a.RequestMappingHandlerMapping : Mapped "{[/error]}" onto public org.springframework.http.ResponseEntity<java.util.Map<java.lang.String, java.lang.Object>> org.springframework.boot.autoconfigure.web.BasicErrorController.error(javax.servlet.http.HttpServletRequest)
2018-12-22 13:20:31.197  INFO 11736 --- [           main] s.w.s.m.m.a.RequestMappingHandlerMapping : Mapped "{[/error],produces=[text/html]}" onto public org.springframework.web.servlet.ModelAndView org.springframework.boot.autoconfigure.web.BasicErrorController.errorHtml(javax.servlet.http.HttpServletRequest,javax.servlet.http.HttpServletResponse)
2018-12-22 13:20:31.212  INFO 11736 --- [           main] o.s.w.s.handler.SimpleUrlHandlerMapping  : Root mapping to handler of type [class org.springframework.web.servlet.mvc.ParameterizableViewController]
2018-12-22 13:20:31.369  INFO 11736 --- [           main] o.s.w.s.handler.SimpleUrlHandlerMapping  : Mapped URL path [/webjars/**] onto handler of type [class org.springframework.web.servlet.resource.ResourceHttpRequestHandler]
2018-12-22 13:20:31.369  INFO 11736 --- [           main] o.s.w.s.handler.SimpleUrlHandlerMapping  : Mapped URL path [/**] onto handler of type [class org.springframework.web.servlet.resource.ResourceHttpRequestHandler]
2018-12-22 13:20:31.369  INFO 11736 --- [           main] o.s.w.s.handler.SimpleUrlHandlerMapping  : Mapped URL path [/**] onto handler of type [class org.springframework.web.servlet.resource.DefaultServletHttpRequestHandler]
2018-12-22 13:20:31.384  INFO 11736 --- [           main] o.s.w.s.handler.SimpleUrlHandlerMapping  : Mapped URL path [/**/favicon.ico] onto handler of type [class org.springframework.web.servlet.resource.ResourceHttpRequestHandler]
2018-12-22 13:20:31.572  INFO 11736 --- [           main] o.s.b.a.e.mvc.EndpointHandlerMapping     : Mapped "{[/auditevents || /auditevents.json],methods=[GET],produces=[application/vnd.spring-boot.actuator.v1+json || application/json]}" onto public org.springframework.http.ResponseEntity<?> org.springframework.boot.actuate.endpoint.mvc.AuditEventsMvcEndpoint.findByPrincipalAndAfterAndType(java.lang.String,java.util.Date,java.lang.String)
2018-12-22 13:20:31.572  INFO 11736 --- [           main] o.s.b.a.e.mvc.EndpointHandlerMapping     : Mapped "{[/metrics/{name:.*}],methods=[GET],produces=[application/vnd.spring-boot.actuator.v1+json || application/json]}" onto public java.lang.Object org.springframework.boot.actuate.endpoint.mvc.MetricsMvcEndpoint.value(java.lang.String)
2018-12-22 13:20:31.572  INFO 11736 --- [           main] o.s.b.a.e.mvc.EndpointHandlerMapping     : Mapped "{[/metrics || /metrics.json],methods=[GET],produces=[application/vnd.spring-boot.actuator.v1+json || application/json]}" onto public java.lang.Object org.springframework.boot.actuate.endpoint.mvc.EndpointMvcAdapter.invoke()
2018-12-22 13:20:31.572  INFO 11736 --- [           main] o.s.b.a.e.mvc.EndpointHandlerMapping     : Mapped "{[/trace || /trace.json],methods=[GET],produces=[application/vnd.spring-boot.actuator.v1+json || application/json]}" onto public java.lang.Object org.springframework.boot.actuate.endpoint.mvc.EndpointMvcAdapter.invoke()
2018-12-22 13:20:31.572  INFO 11736 --- [           main] o.s.b.a.e.mvc.EndpointHandlerMapping     : Mapped "{[/info || /info.json],methods=[GET],produces=[application/vnd.spring-boot.actuator.v1+json || application/json]}" onto public java.lang.Object org.springframework.boot.actuate.endpoint.mvc.EndpointMvcAdapter.invoke()
2018-12-22 13:20:31.572  INFO 11736 --- [           main] o.s.b.a.e.mvc.EndpointHandlerMapping     : Mapped "{[/heapdump || /heapdump.json],methods=[GET],produces=[application/octet-stream]}" onto public void org.springframework.boot.actuate.endpoint.mvc.HeapdumpMvcEndpoint.invoke(boolean,javax.servlet.http.HttpServletRequest,javax.servlet.http.HttpServletResponse) throws java.io.IOException,javax.servlet.ServletException
2018-12-22 13:20:31.572  INFO 11736 --- [           main] o.s.b.a.e.mvc.EndpointHandlerMapping     : Mapped "{[/autoconfig || /autoconfig.json],methods=[GET],produces=[application/vnd.spring-boot.actuator.v1+json || application/json]}" onto public java.lang.Object org.springframework.boot.actuate.endpoint.mvc.EndpointMvcAdapter.invoke()
2018-12-22 13:20:31.572  INFO 11736 --- [           main] o.s.b.a.e.mvc.EndpointHandlerMapping     : Mapped "{[/health || /health.json],methods=[GET],produces=[application/vnd.spring-boot.actuator.v1+json || application/json]}" onto public java.lang.Object org.springframework.boot.actuate.endpoint.mvc.HealthMvcEndpoint.invoke(javax.servlet.http.HttpServletRequest,java.security.Principal)
2018-12-22 13:20:31.572  INFO 11736 --- [           main] o.s.b.a.e.mvc.EndpointHandlerMapping     : Mapped "{[/mappings || /mappings.json],methods=[GET],produces=[application/vnd.spring-boot.actuator.v1+json || application/json]}" onto public java.lang.Object org.springframework.boot.actuate.endpoint.mvc.EndpointMvcAdapter.invoke()
2018-12-22 13:20:31.572  INFO 11736 --- [           main] o.s.b.a.e.mvc.EndpointHandlerMapping     : Mapped "{[/loggers/{name:.*}],methods=[GET],produces=[application/vnd.spring-boot.actuator.v1+json || application/json]}" onto public java.lang.Object org.springframework.boot.actuate.endpoint.mvc.LoggersMvcEndpoint.get(java.lang.String)
2018-12-22 13:20:31.572  INFO 11736 --- [           main] o.s.b.a.e.mvc.EndpointHandlerMapping     : Mapped "{[/loggers/{name:.*}],methods=[POST],consumes=[application/vnd.spring-boot.actuator.v1+json || application/json],produces=[application/vnd.spring-boot.actuator.v1+json || application/json]}" onto public java.lang.Object org.springframework.boot.actuate.endpoint.mvc.LoggersMvcEndpoint.set(java.lang.String,java.util.Map<java.lang.String, java.lang.String>)
2018-12-22 13:20:31.572  INFO 11736 --- [           main] o.s.b.a.e.mvc.EndpointHandlerMapping     : Mapped "{[/loggers || /loggers.json],methods=[GET],produces=[application/vnd.spring-boot.actuator.v1+json || application/json]}" onto public java.lang.Object org.springframework.boot.actuate.endpoint.mvc.EndpointMvcAdapter.invoke()
2018-12-22 13:20:31.572  INFO 11736 --- [           main] o.s.b.a.e.mvc.EndpointHandlerMapping     : Mapped "{[/dump || /dump.json],methods=[GET],produces=[application/vnd.spring-boot.actuator.v1+json || application/json]}" onto public java.lang.Object org.springframework.boot.actuate.endpoint.mvc.EndpointMvcAdapter.invoke()
2018-12-22 13:20:31.572  INFO 11736 --- [           main] o.s.b.a.e.mvc.EndpointHandlerMapping     : Mapped "{[/configprops || /configprops.json],methods=[GET],produces=[application/vnd.spring-boot.actuator.v1+json || application/json]}" onto public java.lang.Object org.springframework.boot.actuate.endpoint.mvc.EndpointMvcAdapter.invoke()
2018-12-22 13:20:31.572  INFO 11736 --- [           main] o.s.b.a.e.mvc.EndpointHandlerMapping     : Mapped "{[/beans || /beans.json],methods=[GET],produces=[application/vnd.spring-boot.actuator.v1+json || application/json]}" onto public java.lang.Object org.springframework.boot.actuate.endpoint.mvc.EndpointMvcAdapter.invoke()
2018-12-22 13:20:31.572  INFO 11736 --- [           main] o.s.b.a.e.mvc.EndpointHandlerMapping     : Mapped "{[/env/{name:.*}],methods=[GET],produces=[application/vnd.spring-boot.actuator.v1+json || application/json]}" onto public java.lang.Object org.springframework.boot.actuate.endpoint.mvc.EnvironmentMvcEndpoint.value(java.lang.String)
2018-12-22 13:20:31.572  INFO 11736 --- [           main] o.s.b.a.e.mvc.EndpointHandlerMapping     : Mapped "{[/env || /env.json],methods=[GET],produces=[application/vnd.spring-boot.actuator.v1+json || application/json]}" onto public java.lang.Object org.springframework.boot.actuate.endpoint.mvc.EndpointMvcAdapter.invoke()
2018-12-22 13:20:31.665 ERROR 11736 --- [           main] o.a.coyote.http11.Http11NioProtocol      : Failed to start end point associated with ProtocolHandler ["http-nio-8080"]

java.net.BindException: Address already in use: bind
	at sun.nio.ch.Net.bind0(Native Method) ~[na:1.8.0_191]
	at sun.nio.ch.Net.bind(Net.java:433) ~[na:1.8.0_191]
	at sun.nio.ch.Net.bind(Net.java:425) ~[na:1.8.0_191]
	at sun.nio.ch.ServerSocketChannelImpl.bind(ServerSocketChannelImpl.java:223) ~[na:1.8.0_191]
	at sun.nio.ch.ServerSocketAdaptor.bind(ServerSocketAdaptor.java:74) ~[na:1.8.0_191]
	at org.apache.tomcat.util.net.NioEndpoint.bind(NioEndpoint.java:210) ~[tomcat-embed-core-8.5.14.jar:8.5.14]
	at org.apache.tomcat.util.net.AbstractEndpoint.start(AbstractEndpoint.java:978) ~[tomcat-embed-core-8.5.14.jar:8.5.14]
	at org.apache.coyote.AbstractProtocol.start(AbstractProtocol.java:628) ~[tomcat-embed-core-8.5.14.jar:8.5.14]
	at org.apache.catalina.connector.Connector.startInternal(Connector.java:993) [tomcat-embed-core-8.5.14.jar:8.5.14]
	at org.apache.catalina.util.LifecycleBase.start(LifecycleBase.java:150) [tomcat-embed-core-8.5.14.jar:8.5.14]
	at org.apache.catalina.core.StandardService.addConnector(StandardService.java:225) [tomcat-embed-core-8.5.14.jar:8.5.14]
	at org.springframework.boot.context.embedded.tomcat.TomcatEmbeddedServletContainer.addPreviouslyRemovedConnectors(TomcatEmbeddedServletContainer.java:247) [spring-boot-1.5.3.RELEASE.jar:1.5.3.RELEASE]
	at org.springframework.boot.context.embedded.tomcat.TomcatEmbeddedServletContainer.start(TomcatEmbeddedServletContainer.java:190) [spring-boot-1.5.3.RELEASE.jar:1.5.3.RELEASE]
	at org.springframework.boot.context.embedded.EmbeddedWebApplicationContext.startEmbeddedServletContainer(EmbeddedWebApplicationContext.java:297) [spring-boot-1.5.3.RELEASE.jar:1.5.3.RELEASE]
	at org.springframework.boot.context.embedded.EmbeddedWebApplicationContext.finishRefresh(EmbeddedWebApplicationContext.java:145) [spring-boot-1.5.3.RELEASE.jar:1.5.3.RELEASE]
	at org.springframework.context.support.AbstractApplicationContext.refresh(AbstractApplicationContext.java:545) [spring-context-4.3.8.RELEASE.jar:4.3.8.RELEASE]
	at org.springframework.boot.context.embedded.EmbeddedWebApplicationContext.refresh(EmbeddedWebApplicationContext.java:122) [spring-boot-1.5.3.RELEASE.jar:1.5.3.RELEASE]
	at org.springframework.boot.SpringApplication.refresh(SpringApplication.java:737) [spring-boot-1.5.3.RELEASE.jar:1.5.3.RELEASE]
	at org.springframework.boot.SpringApplication.refreshContext(SpringApplication.java:370) [spring-boot-1.5.3.RELEASE.jar:1.5.3.RELEASE]
	at org.springframework.boot.SpringApplication.run(SpringApplication.java:314) [spring-boot-1.5.3.RELEASE.jar:1.5.3.RELEASE]
	at org.springframework.boot.test.context.SpringBootContextLoader.loadContext(SpringBootContextLoader.java:120) [spring-boot-test-1.5.3.RELEASE.jar:1.5.3.RELEASE]
	at org.springframework.test.context.cache.DefaultCacheAwareContextLoaderDelegate.loadContextInternal(DefaultCacheAwareContextLoaderDelegate.java:98) [spring-test-4.3.8.RELEASE.jar:4.3.8.RELEASE]
	at org.springframework.test.context.cache.DefaultCacheAwareContextLoaderDelegate.loadContext(DefaultCacheAwareContextLoaderDelegate.java:116) [spring-test-4.3.8.RELEASE.jar:4.3.8.RELEASE]
	at org.springframework.test.context.support.DefaultTestContext.getApplicationContext(DefaultTestContext.java:83) [spring-test-4.3.8.RELEASE.jar:4.3.8.RELEASE]
	at org.springframework.test.context.support.DependencyInjectionTestExecutionListener.injectDependencies(DependencyInjectionTestExecutionListener.java:117) [spring-test-4.3.8.RELEASE.jar:4.3.8.RELEASE]
	at org.springframework.test.context.support.DependencyInjectionTestExecutionListener.prepareTestInstance(DependencyInjectionTestExecutionListener.java:83) [spring-test-4.3.8.RELEASE.jar:4.3.8.RELEASE]
	at org.springframework.boot.test.autoconfigure.SpringBootDependencyInjectionTestExecutionListener.prepareTestInstance(SpringBootDependencyInjectionTestExecutionListener.java:44) [spring-boot-test-autoconfigure-1.5.3.RELEASE.jar:1.5.3.RELEASE]
	at org.springframework.test.context.TestContextManager.prepareTestInstance(TestContextManager.java:230) [spring-test-4.3.8.RELEASE.jar:4.3.8.RELEASE]
	at org.springframework.test.context.junit4.SpringJUnit4ClassRunner.createTest(SpringJUnit4ClassRunner.java:228) [spring-test-4.3.8.RELEASE.jar:4.3.8.RELEASE]
	at org.springframework.test.context.junit4.SpringJUnit4ClassRunner$1.runReflectiveCall(SpringJUnit4ClassRunner.java:287) [spring-test-4.3.8.RELEASE.jar:4.3.8.RELEASE]
	at org.junit.internal.runners.model.ReflectiveCallable.run(ReflectiveCallable.java:12) [junit-4.12.jar:4.12]
	at org.springframework.test.context.junit4.SpringJUnit4ClassRunner.methodBlock(SpringJUnit4ClassRunner.java:289) [spring-test-4.3.8.RELEASE.jar:4.3.8.RELEASE]
	at org.springframework.test.context.junit4.SpringJUnit4ClassRunner.runChild(SpringJUnit4ClassRunner.java:247) [spring-test-4.3.8.RELEASE.jar:4.3.8.RELEASE]
	at org.springframework.test.context.junit4.SpringJUnit4ClassRunner.runChild(SpringJUnit4ClassRunner.java:94) [spring-test-4.3.8.RELEASE.jar:4.3.8.RELEASE]
	at org.junit.runners.ParentRunner$3.run(ParentRunner.java:290) [junit-4.12.jar:4.12]
	at org.junit.runners.ParentRunner$1.schedule(ParentRunner.java:71) [junit-4.12.jar:4.12]
	at org.junit.runners.ParentRunner.runChildren(ParentRunner.java:288) [junit-4.12.jar:4.12]
	at org.junit.runners.ParentRunner.access$000(ParentRunner.java:58) [junit-4.12.jar:4.12]
	at org.junit.runners.ParentRunner$2.evaluate(ParentRunner.java:268) [junit-4.12.jar:4.12]
	at org.springframework.test.context.junit4.statements.RunBeforeTestClassCallbacks.evaluate(RunBeforeTestClassCallbacks.java:61) [spring-test-4.3.8.RELEASE.jar:4.3.8.RELEASE]
	at org.springframework.test.context.junit4.statements.RunAfterTestClassCallbacks.evaluate(RunAfterTestClassCallbacks.java:70) [spring-test-4.3.8.RELEASE.jar:4.3.8.RELEASE]
	at org.junit.runners.ParentRunner.run(ParentRunner.java:363) [junit-4.12.jar:4.12]
	at org.springframework.test.context.junit4.SpringJUnit4ClassRunner.run(SpringJUnit4ClassRunner.java:191) [spring-test-4.3.8.RELEASE.jar:4.3.8.RELEASE]
	at org.apache.maven.surefire.junit4.JUnit4Provider.execute(JUnit4Provider.java:365) [surefire-junit4-2.20.jar:2.20]
	at org.apache.maven.surefire.junit4.JUnit4Provider.executeWithRerun(JUnit4Provider.java:272) [surefire-junit4-2.20.jar:2.20]
	at org.apache.maven.surefire.junit4.JUnit4Provider.executeTestSet(JUnit4Provider.java:236) [surefire-junit4-2.20.jar:2.20]
	at org.apache.maven.surefire.junit4.JUnit4Provider.invoke(JUnit4Provider.java:159) [surefire-junit4-2.20.jar:2.20]
	at org.apache.maven.surefire.booter.ForkedBooter.invokeProviderInSameClassLoader(ForkedBooter.java:386) [surefire-booter-2.20.jar:2.20]
	at org.apache.maven.surefire.booter.ForkedBooter.runSuitesInProcess(ForkedBooter.java:323) [surefire-booter-2.20.jar:2.20]
	at org.apache.maven.surefire.booter.ForkedBooter.main(ForkedBooter.java:143) [surefire-booter-2.20.jar:2.20]

2018-12-22 13:20:31.676 ERROR 11736 --- [           main] o.apache.catalina.core.StandardService   : Failed to start connector [Connector[HTTP/1.1-8080]]

org.apache.catalina.LifecycleException: Failed to start component [Connector[HTTP/1.1-8080]]
	at org.apache.catalina.util.LifecycleBase.start(LifecycleBase.java:167) ~[tomcat-embed-core-8.5.14.jar:8.5.14]
	at org.apache.catalina.core.StandardService.addConnector(StandardService.java:225) ~[tomcat-embed-core-8.5.14.jar:8.5.14]
	at org.springframework.boot.context.embedded.tomcat.TomcatEmbeddedServletContainer.addPreviouslyRemovedConnectors(TomcatEmbeddedServletContainer.java:247) [spring-boot-1.5.3.RELEASE.jar:1.5.3.RELEASE]
	at org.springframework.boot.context.embedded.tomcat.TomcatEmbeddedServletContainer.start(TomcatEmbeddedServletContainer.java:190) [spring-boot-1.5.3.RELEASE.jar:1.5.3.RELEASE]
	at org.springframework.boot.context.embedded.EmbeddedWebApplicationContext.startEmbeddedServletContainer(EmbeddedWebApplicationContext.java:297) [spring-boot-1.5.3.RELEASE.jar:1.5.3.RELEASE]
	at org.springframework.boot.context.embedded.EmbeddedWebApplicationContext.finishRefresh(EmbeddedWebApplicationContext.java:145) [spring-boot-1.5.3.RELEASE.jar:1.5.3.RELEASE]
	at org.springframework.context.support.AbstractApplicationContext.refresh(AbstractApplicationContext.java:545) [spring-context-4.3.8.RELEASE.jar:4.3.8.RELEASE]
	at org.springframework.boot.context.embedded.EmbeddedWebApplicationContext.refresh(EmbeddedWebApplicationContext.java:122) [spring-boot-1.5.3.RELEASE.jar:1.5.3.RELEASE]
	at org.springframework.boot.SpringApplication.refresh(SpringApplication.java:737) [spring-boot-1.5.3.RELEASE.jar:1.5.3.RELEASE]
	at org.springframework.boot.SpringApplication.refreshContext(SpringApplication.java:370) [spring-boot-1.5.3.RELEASE.jar:1.5.3.RELEASE]
	at org.springframework.boot.SpringApplication.run(SpringApplication.java:314) [spring-boot-1.5.3.RELEASE.jar:1.5.3.RELEASE]
	at org.springframework.boot.test.context.SpringBootContextLoader.loadContext(SpringBootContextLoader.java:120) [spring-boot-test-1.5.3.RELEASE.jar:1.5.3.RELEASE]
	at org.springframework.test.context.cache.DefaultCacheAwareContextLoaderDelegate.loadContextInternal(DefaultCacheAwareContextLoaderDelegate.java:98) [spring-test-4.3.8.RELEASE.jar:4.3.8.RELEASE]
	at org.springframework.test.context.cache.DefaultCacheAwareContextLoaderDelegate.loadContext(DefaultCacheAwareContextLoaderDelegate.java:116) [spring-test-4.3.8.RELEASE.jar:4.3.8.RELEASE]
	at org.springframework.test.context.support.DefaultTestContext.getApplicationContext(DefaultTestContext.java:83) [spring-test-4.3.8.RELEASE.jar:4.3.8.RELEASE]
	at org.springframework.test.context.support.DependencyInjectionTestExecutionListener.injectDependencies(DependencyInjectionTestExecutionListener.java:117) [spring-test-4.3.8.RELEASE.jar:4.3.8.RELEASE]
	at org.springframework.test.context.support.DependencyInjectionTestExecutionListener.prepareTestInstance(DependencyInjectionTestExecutionListener.java:83) [spring-test-4.3.8.RELEASE.jar:4.3.8.RELEASE]
	at org.springframework.boot.test.autoconfigure.SpringBootDependencyInjectionTestExecutionListener.prepareTestInstance(SpringBootDependencyInjectionTestExecutionListener.java:44) [spring-boot-test-autoconfigure-1.5.3.RELEASE.jar:1.5.3.RELEASE]
	at org.springframework.test.context.TestContextManager.prepareTestInstance(TestContextManager.java:230) [spring-test-4.3.8.RELEASE.jar:4.3.8.RELEASE]
	at org.springframework.test.context.junit4.SpringJUnit4ClassRunner.createTest(SpringJUnit4ClassRunner.java:228) [spring-test-4.3.8.RELEASE.jar:4.3.8.RELEASE]
	at org.springframework.test.context.junit4.SpringJUnit4ClassRunner$1.runReflectiveCall(SpringJUnit4ClassRunner.java:287) [spring-test-4.3.8.RELEASE.jar:4.3.8.RELEASE]
	at org.junit.internal.runners.model.ReflectiveCallable.run(ReflectiveCallable.java:12) [junit-4.12.jar:4.12]
	at org.springframework.test.context.junit4.SpringJUnit4ClassRunner.methodBlock(SpringJUnit4ClassRunner.java:289) [spring-test-4.3.8.RELEASE.jar:4.3.8.RELEASE]
	at org.springframework.test.context.junit4.SpringJUnit4ClassRunner.runChild(SpringJUnit4ClassRunner.java:247) [spring-test-4.3.8.RELEASE.jar:4.3.8.RELEASE]
	at org.springframework.test.context.junit4.SpringJUnit4ClassRunner.runChild(SpringJUnit4ClassRunner.java:94) [spring-test-4.3.8.RELEASE.jar:4.3.8.RELEASE]
	at org.junit.runners.ParentRunner$3.run(ParentRunner.java:290) [junit-4.12.jar:4.12]
	at org.junit.runners.ParentRunner$1.schedule(ParentRunner.java:71) [junit-4.12.jar:4.12]
	at org.junit.runners.ParentRunner.runChildren(ParentRunner.java:288) [junit-4.12.jar:4.12]
	at org.junit.runners.ParentRunner.access$000(ParentRunner.java:58) [junit-4.12.jar:4.12]
	at org.junit.runners.ParentRunner$2.evaluate(ParentRunner.java:268) [junit-4.12.jar:4.12]
	at org.springframework.test.context.junit4.statements.RunBeforeTestClassCallbacks.evaluate(RunBeforeTestClassCallbacks.java:61) [spring-test-4.3.8.RELEASE.jar:4.3.8.RELEASE]
	at org.springframework.test.context.junit4.statements.RunAfterTestClassCallbacks.evaluate(RunAfterTestClassCallbacks.java:70) [spring-test-4.3.8.RELEASE.jar:4.3.8.RELEASE]
	at org.junit.runners.ParentRunner.run(ParentRunner.java:363) [junit-4.12.jar:4.12]
	at org.springframework.test.context.junit4.SpringJUnit4ClassRunner.run(SpringJUnit4ClassRunner.java:191) [spring-test-4.3.8.RELEASE.jar:4.3.8.RELEASE]
	at org.apache.maven.surefire.junit4.JUnit4Provider.execute(JUnit4Provider.java:365) [surefire-junit4-2.20.jar:2.20]
	at org.apache.maven.surefire.junit4.JUnit4Provider.executeWithRerun(JUnit4Provider.java:272) [surefire-junit4-2.20.jar:2.20]
	at org.apache.maven.surefire.junit4.JUnit4Provider.executeTestSet(JUnit4Provider.java:236) [surefire-junit4-2.20.jar:2.20]
	at org.apache.maven.surefire.junit4.JUnit4Provider.invoke(JUnit4Provider.java:159) [surefire-junit4-2.20.jar:2.20]
	at org.apache.maven.surefire.booter.ForkedBooter.invokeProviderInSameClassLoader(ForkedBooter.java:386) [surefire-booter-2.20.jar:2.20]
	at org.apache.maven.surefire.booter.ForkedBooter.runSuitesInProcess(ForkedBooter.java:323) [surefire-booter-2.20.jar:2.20]
	at org.apache.maven.surefire.booter.ForkedBooter.main(ForkedBooter.java:143) [surefire-booter-2.20.jar:2.20]
Caused by: org.apache.catalina.LifecycleException: service.getName(): "Tomcat";  Protocol handler start failed
	at org.apache.catalina.connector.Connector.startInternal(Connector.java:1000) ~[tomcat-embed-core-8.5.14.jar:8.5.14]
	at org.apache.catalina.util.LifecycleBase.start(LifecycleBase.java:150) ~[tomcat-embed-core-8.5.14.jar:8.5.14]
	... 40 common frames omitted
Caused by: java.net.BindException: Address already in use: bind
	at sun.nio.ch.Net.bind0(Native Method) ~[na:1.8.0_191]
	at sun.nio.ch.Net.bind(Net.java:433) ~[na:1.8.0_191]
	at sun.nio.ch.Net.bind(Net.java:425) ~[na:1.8.0_191]
	at sun.nio.ch.ServerSocketChannelImpl.bind(ServerSocketChannelImpl.java:223) ~[na:1.8.0_191]
	at sun.nio.ch.ServerSocketAdaptor.bind(ServerSocketAdaptor.java:74) ~[na:1.8.0_191]
	at org.apache.tomcat.util.net.NioEndpoint.bind(NioEndpoint.java:210) ~[tomcat-embed-core-8.5.14.jar:8.5.14]
	at org.apache.tomcat.util.net.AbstractEndpoint.start(AbstractEndpoint.java:978) ~[tomcat-embed-core-8.5.14.jar:8.5.14]
	at org.apache.coyote.AbstractProtocol.start(AbstractProtocol.java:628) ~[tomcat-embed-core-8.5.14.jar:8.5.14]
	at org.apache.catalina.connector.Connector.startInternal(Connector.java:993) ~[tomcat-embed-core-8.5.14.jar:8.5.14]
	... 41 common frames omitted

2018-12-22 13:20:31.888  INFO 11736 --- [           main] o.apache.catalina.core.StandardService   : Stopping service Tomcat
2018-12-22 13:20:31.911  INFO 11736 --- [           main] utoConfigurationReportLoggingInitializer : 

Error starting ApplicationContext. To display the auto-configuration report re-run your application with 'debug' enabled.
2018-12-22 13:20:31.913 ERROR 11736 --- [           main] o.s.b.d.LoggingFailureAnalysisReporter   : 

***************************
APPLICATION FAILED TO START
***************************

Description:

The Tomcat connector configured to listen on port 8080 failed to start. The port may already be in use or the connector may be misconfigured.

Action:

Verify the connector's configuration, identify and stop any process that's listening on port 8080, or configure this application to listen on another port.

2018-12-22 13:20:31.913  INFO 11736 --- [           main] ationConfigEmbeddedWebApplicationContext : Closing org.springframework.boot.context.embedded.AnnotationConfigEmbeddedWebApplicationContext@6647c370: startup date [Sat Dec 22 13:20:29 IST 2018]; root of context hierarchy
2018-12-22 13:20:31.915  INFO 11736 --- [           main] o.z.vogon.web.PersistenceConfiguration   : Unloading JDBC drivers
2018-12-22 13:20:31.915  INFO 11736 --- [           main] j.LocalContainerEntityManagerFactoryBean : Closing JPA EntityManagerFactory for persistence unit 'VogonPU'
2018-12-22 13:20:31.915  INFO 11736 --- [           main] org.hibernate.orm.connections.pooling    : HHH10001008: Cleaning up connection pool [jdbc:h2:mem:test]

  .   ____          _            __ _ _
 /\\ / ___'_ __ _ _(_)_ __  __ _ \ \ \ \
( ( )\___ | '_ | '_| | '_ \/ _` | \ \ \ \
 \\/  ___)| |_)| | | | | || (_| |  ) ) ) )
  '  |____| .__|_| |_|_| |_\__, | / / / /
 =========|_|==============|___/=/_/_/_/
 :: Spring Boot ::        (v1.5.3.RELEASE)

2018-12-22 13:20:31.934  INFO 11736 --- [           main] org.zlogic.vogon.web.AuthenticationTest  : Starting AuthenticationTest on GOPAL with PID 11736 (started by GOPAL$ in C:\Program Files (x86)\Jenkins\workspace\Maven_project\vogon-web)
2018-12-22 13:20:31.934  INFO 11736 --- [           main] org.zlogic.vogon.web.AuthenticationTest  : No active profile set, falling back to default profiles: default
2018-12-22 13:20:31.934  INFO 11736 --- [           main] ationConfigEmbeddedWebApplicationContext : Refreshing org.springframework.boot.context.embedded.AnnotationConfigEmbeddedWebApplicationContext@46653199: startup date [Sat Dec 22 13:20:31 IST 2018]; root of context hierarchy
2018-12-22 13:20:32.209  INFO 11736 --- [           main] o.s.b.f.s.DefaultListableBeanFactory     : Overriding bean definition for bean 'entityManagerFactory' with a different definition: replacing [Root bean: class [null]; scope=; abstract=false; lazyInit=false; autowireMode=3; dependencyCheck=0; autowireCandidate=true; primary=false; factoryBeanName=persistenceConfiguration; factoryMethodName=entityManagerFactory; initMethodName=null; destroyMethodName=(inferred); defined in class path resource [org/zlogic/vogon/web/PersistenceConfiguration.class]] with [Root bean: class [null]; scope=; abstract=false; lazyInit=false; autowireMode=3; dependencyCheck=0; autowireCandidate=true; primary=false; factoryBeanName=databaseConfiguration; factoryMethodName=entityManagerFactory; initMethodName=null; destroyMethodName=(inferred); defined in org.zlogic.vogon.web.DatabaseConfiguration]
2018-12-22 13:20:32.375  INFO 11736 --- [           main] trationDelegate$BeanPostProcessorChecker : Bean 'org.springframework.security.config.annotation.configuration.ObjectPostProcessorConfiguration' of type [org.springframework.security.config.annotation.configuration.ObjectPostProcessorConfiguration$$EnhancerBySpringCGLIB$$be8c3acc] is not eligible for getting processed by all BeanPostProcessors (for example: not eligible for auto-proxying)
2018-12-22 13:20:32.379  INFO 11736 --- [           main] trationDelegate$BeanPostProcessorChecker : Bean 'objectPostProcessor' of type [org.springframework.security.config.annotation.configuration.AutowireBeanFactoryObjectPostProcessor] is not eligible for getting processed by all BeanPostProcessors (for example: not eligible for auto-proxying)
2018-12-22 13:20:32.380  INFO 11736 --- [           main] trationDelegate$BeanPostProcessorChecker : Bean 'org.springframework.security.access.expression.method.DefaultMethodSecurityExpressionHandler@37029bd6' of type [org.springframework.security.oauth2.provider.expression.OAuth2MethodSecurityExpressionHandler] is not eligible for getting processed by all BeanPostProcessors (for example: not eligible for auto-proxying)
2018-12-22 13:20:32.385  INFO 11736 --- [           main] trationDelegate$BeanPostProcessorChecker : Bean 'org.springframework.security.config.annotation.method.configuration.GlobalMethodSecurityConfiguration' of type [org.springframework.security.config.annotation.method.configuration.GlobalMethodSecurityConfiguration$$EnhancerBySpringCGLIB$$e360dd7e] is not eligible for getting processed by all BeanPostProcessors (for example: not eligible for auto-proxying)
2018-12-22 13:20:32.389  INFO 11736 --- [           main] trationDelegate$BeanPostProcessorChecker : Bean 'methodSecurityMetadataSource' of type [org.springframework.security.access.method.DelegatingMethodSecurityMetadataSource] is not eligible for getting processed by all BeanPostProcessors (for example: not eligible for auto-proxying)
2018-12-22 13:20:32.396  INFO 11736 --- [           main] trationDelegate$BeanPostProcessorChecker : Bean 'org.springframework.transaction.annotation.ProxyTransactionManagementConfiguration' of type [org.springframework.transaction.annotation.ProxyTransactionManagementConfiguration$$EnhancerBySpringCGLIB$$25de7292] is not eligible for getting processed by all BeanPostProcessors (for example: not eligible for auto-proxying)
2018-12-22 13:20:32.412  INFO 11736 --- [           main] trationDelegate$BeanPostProcessorChecker : Bean 'security.oauth2.client-org.springframework.boot.autoconfigure.security.oauth2.OAuth2ClientProperties' of type [org.springframework.boot.autoconfigure.security.oauth2.OAuth2ClientProperties] is not eligible for getting processed by all BeanPostProcessors (for example: not eligible for auto-proxying)
2018-12-22 13:20:32.414  INFO 11736 --- [           main] trationDelegate$BeanPostProcessorChecker : Bean 'org.springframework.boot.autoconfigure.security.oauth2.OAuth2AutoConfiguration' of type [org.springframework.boot.autoconfigure.security.oauth2.OAuth2AutoConfiguration$$EnhancerBySpringCGLIB$$dd282e92] is not eligible for getting processed by all BeanPostProcessors (for example: not eligible for auto-proxying)
2018-12-22 13:20:32.419  INFO 11736 --- [           main] trationDelegate$BeanPostProcessorChecker : Bean 'resourceServerProperties' of type [org.springframework.boot.autoconfigure.security.oauth2.resource.ResourceServerProperties] is not eligible for getting processed by all BeanPostProcessors (for example: not eligible for auto-proxying)
2018-12-22 13:20:32.460  INFO 11736 --- [           main] org.zlogic.vogon.web.TomcatConfigurer    : Using keystore C:\Program Files (x86)\Jenkins\workspace\Maven_project\vogon-web\target/vogonweb.keystore with password ********
2018-12-22 13:20:32.484  INFO 11736 --- [           main] s.b.c.e.t.TomcatEmbeddedServletContainer : Tomcat initialized with port(s): 8080 (http) 8443 (https)
2018-12-22 13:20:32.484  INFO 11736 --- [           main] o.apache.catalina.core.StandardService   : Starting service Tomcat
2018-12-22 13:20:32.485  INFO 11736 --- [           main] org.apache.catalina.core.StandardEngine  : Starting Servlet Engine: Apache Tomcat/8.5.14
2018-12-22 13:20:32.519  INFO 11736 --- [ost-startStop-1] org.apache.jasper.servlet.TldScanner     : At least one JAR was scanned for TLDs yet contained no TLDs. Enable debug logging for this logger for a complete list of JARs that were scanned but no TLDs were found in them. Skipping unneeded JARs during scanning can improve startup time and JSP compilation time.
2018-12-22 13:20:32.522  INFO 11736 --- [ost-startStop-1] o.a.c.c.C.[Tomcat-57].[localhost].[/]    : Initializing Spring embedded WebApplicationContext
2018-12-22 13:20:32.522  INFO 11736 --- [ost-startStop-1] o.s.web.context.ContextLoader            : Root WebApplicationContext: initialization completed in 588 ms
2018-12-22 13:20:32.705  INFO 11736 --- [ost-startStop-1] o.s.b.w.servlet.FilterRegistrationBean   : Mapping filter: 'metricsFilter' to: [/*]
2018-12-22 13:20:32.705  INFO 11736 --- [ost-startStop-1] o.s.b.w.servlet.FilterRegistrationBean   : Mapping filter: 'characterEncodingFilter' to: [/*]
2018-12-22 13:20:32.706  INFO 11736 --- [ost-startStop-1] o.s.b.w.servlet.FilterRegistrationBean   : Mapping filter: 'hiddenHttpMethodFilter' to: [/*]
2018-12-22 13:20:32.706  INFO 11736 --- [ost-startStop-1] o.s.b.w.servlet.FilterRegistrationBean   : Mapping filter: 'httpPutFormContentFilter' to: [/*]
2018-12-22 13:20:32.706  INFO 11736 --- [ost-startStop-1] o.s.b.w.servlet.FilterRegistrationBean   : Mapping filter: 'requestContextFilter' to: [/*]
2018-12-22 13:20:32.706  INFO 11736 --- [ost-startStop-1] .s.DelegatingFilterProxyRegistrationBean : Mapping filter: 'springSecurityFilterChain' to: [/*]
2018-12-22 13:20:32.706  INFO 11736 --- [ost-startStop-1] o.s.b.w.servlet.FilterRegistrationBean   : Mapping filter: 'webRequestLoggingFilter' to: [/*]
2018-12-22 13:20:32.706  INFO 11736 --- [ost-startStop-1] o.s.b.w.servlet.FilterRegistrationBean   : Mapping filter: 'applicationContextIdFilter' to: [/*]
2018-12-22 13:20:32.706  INFO 11736 --- [ost-startStop-1] o.s.b.w.servlet.ServletRegistrationBean  : Mapping servlet: 'dispatcherServlet' to [/]
2018-12-22 13:20:32.719  INFO 11736 --- [           main] j.LocalContainerEntityManagerFactoryBean : Building JPA container EntityManagerFactory for persistence unit 'VogonPU'
2018-12-22 13:20:32.719  INFO 11736 --- [           main] o.hibernate.jpa.internal.util.LogHelper  : HHH000204: Processing PersistenceUnitInfo [
	name: VogonPU
	...]
2018-12-22 13:20:32.726  WARN 11736 --- [           main] org.hibernate.orm.connections.pooling    : HHH10001002: Using Hibernate built-in connection pool (not for production use!)
2018-12-22 13:20:32.726  INFO 11736 --- [           main] org.hibernate.orm.connections.pooling    : HHH10001005: using driver [org.h2.Driver] at URL [jdbc:h2:mem:test]
2018-12-22 13:20:32.726  INFO 11736 --- [           main] org.hibernate.orm.connections.pooling    : HHH10001001: Connection properties: {}
2018-12-22 13:20:32.726  INFO 11736 --- [           main] org.hibernate.orm.connections.pooling    : HHH10001003: Autocommit mode: false
2018-12-22 13:20:32.726  INFO 11736 --- [           main] .c.i.DriverManagerConnectionProviderImpl : HHH000115: Hibernate connection pool size: 20 (min=1)
2018-12-22 13:20:32.727  INFO 11736 --- [           main] org.hibernate.dialect.Dialect            : HHH000400: Using dialect: org.hibernate.dialect.H2Dialect
2018-12-22 13:20:32.747  INFO 11736 --- [           main] org.hibernate.orm.connections.access     : HHH10001501: Connection obtained from JdbcConnectionAccess [org.hibernate.engine.jdbc.env.internal.JdbcEnvironmentInitiator$ConnectionProviderJdbcConnectionAccess@935f500] for (non-JTA) DDL execution was not in auto-commit mode; the Connection 'local transaction' will be committed and the Connection will be set into auto-commit mode.
2018-12-22 13:20:32.771  INFO 11736 --- [           main] j.LocalContainerEntityManagerFactoryBean : Initialized JPA EntityManagerFactory for persistence unit 'VogonPU'
2018-12-22 13:20:33.103  INFO 11736 --- [           main] .s.o.p.e.FrameworkEndpointHandlerMapping : Mapped "{[/oauth/authorize]}" onto public org.springframework.web.servlet.ModelAndView org.springframework.security.oauth2.provider.endpoint.AuthorizationEndpoint.authorize(java.util.Map<java.lang.String, java.lang.Object>,java.util.Map<java.lang.String, java.lang.String>,org.springframework.web.bind.support.SessionStatus,java.security.Principal)
2018-12-22 13:20:33.103  INFO 11736 --- [           main] .s.o.p.e.FrameworkEndpointHandlerMapping : Mapped "{[/oauth/authorize],methods=[POST],params=[user_oauth_approval]}" onto public org.springframework.web.servlet.View org.springframework.security.oauth2.provider.endpoint.AuthorizationEndpoint.approveOrDeny(java.util.Map<java.lang.String, java.lang.String>,java.util.Map<java.lang.String, ?>,org.springframework.web.bind.support.SessionStatus,java.security.Principal)
2018-12-22 13:20:33.103  INFO 11736 --- [           main] .s.o.p.e.FrameworkEndpointHandlerMapping : Mapped "{[/oauth/token],methods=[GET]}" onto public org.springframework.http.ResponseEntity<org.springframework.security.oauth2.common.OAuth2AccessToken> org.springframework.security.oauth2.provider.endpoint.TokenEndpoint.getAccessToken(java.security.Principal,java.util.Map<java.lang.String, java.lang.String>) throws org.springframework.web.HttpRequestMethodNotSupportedException
2018-12-22 13:20:33.103  INFO 11736 --- [           main] .s.o.p.e.FrameworkEndpointHandlerMapping : Mapped "{[/oauth/token],methods=[POST]}" onto public org.springframework.http.ResponseEntity<org.springframework.security.oauth2.common.OAuth2AccessToken> org.springframework.security.oauth2.provider.endpoint.TokenEndpoint.postAccessToken(java.security.Principal,java.util.Map<java.lang.String, java.lang.String>) throws org.springframework.web.HttpRequestMethodNotSupportedException
2018-12-22 13:20:33.103  INFO 11736 --- [           main] .s.o.p.e.FrameworkEndpointHandlerMapping : Mapped "{[/oauth/check_token]}" onto public java.util.Map<java.lang.String, ?> org.springframework.security.oauth2.provider.endpoint.CheckTokenEndpoint.checkToken(java.lang.String)
2018-12-22 13:20:33.103  INFO 11736 --- [           main] .s.o.p.e.FrameworkEndpointHandlerMapping : Mapped "{[/oauth/confirm_access]}" onto public org.springframework.web.servlet.ModelAndView org.springframework.security.oauth2.provider.endpoint.WhitelabelApprovalEndpoint.getAccessConfirmation(java.util.Map<java.lang.String, java.lang.Object>,javax.servlet.http.HttpServletRequest) throws java.lang.Exception
2018-12-22 13:20:33.103  INFO 11736 --- [           main] .s.o.p.e.FrameworkEndpointHandlerMapping : Mapped "{[/oauth/error]}" onto public org.springframework.web.servlet.ModelAndView org.springframework.security.oauth2.provider.endpoint.WhitelabelErrorEndpoint.handleError(javax.servlet.http.HttpServletRequest)
2018-12-22 13:20:33.329  INFO 11736 --- [           main] o.s.s.web.DefaultSecurityFilterChain     : Creating filter chain: OrRequestMatcher [requestMatchers=[Ant [pattern='/oauth/token'], Ant [pattern='/oauth/token_key'], Ant [pattern='/oauth/check_token']]], [org.springframework.security.web.context.request.async.WebAsyncManagerIntegrationFilter@45b8a6fb, org.springframework.security.web.context.SecurityContextPersistenceFilter@59e4e6cf, org.springframework.security.web.header.HeaderWriterFilter@27d5d5ba, org.springframework.security.web.authentication.logout.LogoutFilter@11561e57, org.springframework.security.oauth2.provider.client.ClientCredentialsTokenEndpointFilter@2ed4bfc7, org.springframework.security.web.authentication.www.BasicAuthenticationFilter@320dff92, org.springframework.security.web.savedrequest.RequestCacheAwareFilter@2c6b23c2, org.springframework.security.web.servletapi.SecurityContextHolderAwareRequestFilter@251a4bf0, org.springframework.security.web.authentication.AnonymousAuthenticationFilter@6ff3a9c6, org.springframework.security.web.session.SessionManagementFilter@3af1d13d, org.springframework.security.web.access.ExceptionTranslationFilter@19e9c85, org.springframework.security.web.access.intercept.FilterSecurityInterceptor@43708358]
2018-12-22 13:20:33.330  INFO 11736 --- [           main] o.s.s.web.DefaultSecurityFilterChain     : Creating filter chain: org.springframework.boot.actuate.autoconfigure.ManagementWebSecurityAutoConfiguration$LazyEndpointPathRequestMatcher@14751c5a, [org.springframework.security.web.context.request.async.WebAsyncManagerIntegrationFilter@3026ea03, org.springframework.security.web.context.SecurityContextPersistenceFilter@5fac7fb8, org.springframework.security.web.header.HeaderWriterFilter@356b31d1, org.springframework.security.web.authentication.logout.LogoutFilter@5074e610, org.springframework.security.web.authentication.www.BasicAuthenticationFilter@23e978af, org.springframework.security.web.savedrequest.RequestCacheAwareFilter@7ebe4ba7, org.springframework.security.web.servletapi.SecurityContextHolderAwareRequestFilter@12b70818, org.springframework.security.web.authentication.AnonymousAuthenticationFilter@4429e633, org.springframework.security.web.session.SessionManagementFilter@21ac75b3, org.springframework.security.web.access.ExceptionTranslationFilter@2450bc66, org.springframework.security.web.access.intercept.FilterSecurityInterceptor@5a35d9c5]
2018-12-22 13:20:33.347  INFO 11736 --- [           main] o.s.s.w.a.c.ChannelProcessingFilter      : Validated configuration attributes
2018-12-22 13:20:33.350  INFO 11736 --- [           main] o.s.s.web.DefaultSecurityFilterChain     : Creating filter chain: org.springframework.security.oauth2.config.annotation.web.configuration.ResourceServerConfiguration$NotOAuthRequestMatcher@53686335, [org.springframework.security.web.access.channel.ChannelProcessingFilter@1f4abc5e, org.springframework.security.web.context.request.async.WebAsyncManagerIntegrationFilter@4d5fd32c, org.springframework.security.web.context.SecurityContextPersistenceFilter@6cf44646, org.springframework.security.web.header.HeaderWriterFilter@55560670, org.springframework.security.web.authentication.logout.LogoutFilter@2d09121f, org.springframework.security.oauth2.provider.authentication.OAuth2AuthenticationProcessingFilter@313a468d, org.springframework.security.web.savedrequest.RequestCacheAwareFilter@5b026139, org.springframework.security.web.servletapi.SecurityContextHolderAwareRequestFilter@3e0289af, org.springframework.security.web.authentication.AnonymousAuthenticationFilter@ef8389a, org.springframework.security.web.session.SessionManagementFilter@6a3f24f4, org.springframework.security.web.access.ExceptionTranslationFilter@7a19bb0a, org.springframework.security.web.access.intercept.FilterSecurityInterceptor@6a72a83a]
2018-12-22 13:20:33.440  INFO 11736 --- [           main] s.w.s.m.m.a.RequestMappingHandlerAdapter : Looking for @ControllerAdvice: org.springframework.boot.context.embedded.AnnotationConfigEmbeddedWebApplicationContext@46653199: startup date [Sat Dec 22 13:20:31 IST 2018]; root of context hierarchy
2018-12-22 13:20:33.452  INFO 11736 --- [           main] s.w.s.m.m.a.RequestMappingHandlerMapping : Mapped "{[/service/accounts],methods=[GET],produces=[application/json]}" onto public java.util.Collection<org.zlogic.vogon.data.FinanceAccount> org.zlogic.vogon.web.controller.AccountsController.getAllAccounts(org.zlogic.vogon.web.security.VogonSecurityUser)
2018-12-22 13:20:33.452  INFO 11736 --- [           main] s.w.s.m.m.a.RequestMappingHandlerMapping : Mapped "{[/service/accounts],methods=[POST],produces=[application/json]}" onto public java.util.Collection<org.zlogic.vogon.data.FinanceAccount> org.zlogic.vogon.web.controller.AccountsController.updateAccounts(java.util.Collection<org.zlogic.vogon.data.FinanceAccount>,org.zlogic.vogon.web.security.VogonSecurityUser)
2018-12-22 13:20:33.452  INFO 11736 --- [           main] s.w.s.m.m.a.RequestMappingHandlerMapping : Mapped "{[/service/analytics/tags],methods=[GET],produces=[application/json]}" onto public java.util.Set<java.lang.String> org.zlogic.vogon.web.controller.AnalyticsController.getAllTags(org.zlogic.vogon.web.security.VogonSecurityUser)
2018-12-22 13:20:33.452  INFO 11736 --- [           main] s.w.s.m.m.a.RequestMappingHandlerMapping : Mapped "{[/service/analytics],methods=[POST],produces=[application/json]}" onto public java.util.Map<java.lang.String, org.zlogic.vogon.data.report.Report> org.zlogic.vogon.web.controller.AnalyticsController.getReport(org.zlogic.vogon.data.report.ReportFactory,org.zlogic.vogon.web.security.VogonSecurityUser)
2018-12-22 13:20:33.452  INFO 11736 --- [           main] s.w.s.m.m.a.RequestMappingHandlerMapping : Mapped "{[/service/currencies],methods=[GET],produces=[application/json]}" onto public java.util.Collection<org.zlogic.vogon.web.data.model.CurrencyDetails> org.zlogic.vogon.web.controller.CurrenciesController.getAllCurrencies()
2018-12-22 13:20:33.452  INFO 11736 --- [           main] s.w.s.m.m.a.RequestMappingHandlerMapping : Mapped "{[/service/export],methods=[GET || POST]}" onto public org.springframework.http.HttpEntity<byte[]> org.zlogic.vogon.web.controller.DataController.exportDataJSON(org.zlogic.vogon.web.security.VogonSecurityUser) throws java.lang.RuntimeException
2018-12-22 13:20:33.452  INFO 11736 --- [           main] s.w.s.m.m.a.RequestMappingHandlerMapping : Mapped "{[/service/import],methods=[POST],consumes=[multipart/form-data],produces=[application/json]}" onto public java.lang.Boolean org.zlogic.vogon.web.controller.DataController.importData(org.springframework.web.multipart.MultipartFile,org.zlogic.vogon.web.security.VogonSecurityUser) throws java.lang.RuntimeException
2018-12-22 13:20:33.452  INFO 11736 --- [           main] s.w.s.m.m.a.RequestMappingHandlerMapping : Mapped "{[/fragments/{fragment}.fragment]}" onto public org.springframework.web.servlet.ModelAndView org.zlogic.vogon.web.controller.JspController.fragmentModelAndView(java.lang.String)
2018-12-22 13:20:33.452  INFO 11736 --- [           main] s.w.s.m.m.a.RequestMappingHandlerMapping : Mapped "{[/]}" onto public org.springframework.web.servlet.ModelAndView org.zlogic.vogon.web.controller.JspController.indexModelAndView()
2018-12-22 13:20:33.452  INFO 11736 --- [           main] s.w.s.m.m.a.RequestMappingHandlerMapping : Mapped "{[/oauth/logout],methods=[POST]}" onto public void org.zlogic.vogon.web.controller.LogoutController.logout(org.springframework.security.oauth2.provider.OAuth2Authentication) throws org.zlogic.vogon.web.security.UsernameExistsException
2018-12-22 13:20:33.452  INFO 11736 --- [           main] s.w.s.m.m.a.RequestMappingHandlerMapping : Mapped "{[/register],methods=[POST],produces=[application/json]}" onto public org.zlogic.vogon.data.VogonUser org.zlogic.vogon.web.controller.RegistrationController.register(org.zlogic.vogon.data.VogonUser) throws org.zlogic.vogon.web.security.UsernameExistsException
2018-12-22 13:20:33.452  INFO 11736 --- [           main] s.w.s.m.m.a.RequestMappingHandlerMapping : Mapped "{[/service/transactions/transaction/{id}],methods=[GET],produces=[application/json]}" onto public org.zlogic.vogon.web.data.model.FinanceTransactionJson org.zlogic.vogon.web.controller.TransactionsController.getTransaction(long,org.zlogic.vogon.web.security.VogonSecurityUser)
2018-12-22 13:20:33.452  INFO 11736 --- [           main] s.w.s.m.m.a.RequestMappingHandlerMapping : Mapped "{[/service/transactions],methods=[GET],produces=[application/json]}" onto public java.util.Collection<org.zlogic.vogon.web.data.model.FinanceTransactionJson> org.zlogic.vogon.web.controller.TransactionsController.getTransactions(java.lang.Integer,org.zlogic.vogon.web.controller.TransactionsController$SortColumn,org.springframework.data.domain.Sort$Direction,java.lang.String,java.util.Date,java.util.Collection<java.lang.String>,org.zlogic.vogon.web.security.VogonSecurityUser)
2018-12-22 13:20:33.452  INFO 11736 --- [           main] s.w.s.m.m.a.RequestMappingHandlerMapping : Mapped "{[/service/transactions],methods=[POST],produces=[application/json]}" onto public org.zlogic.vogon.web.data.model.FinanceTransactionJson org.zlogic.vogon.web.controller.TransactionsController.submitTransaction(org.zlogic.vogon.web.data.model.FinanceTransactionJson,org.zlogic.vogon.web.security.VogonSecurityUser)
2018-12-22 13:20:33.452  INFO 11736 --- [           main] s.w.s.m.m.a.RequestMappingHandlerMapping : Mapped "{[/service/transactions/pages],methods=[GET],produces=[application/json]}" onto public long org.zlogic.vogon.web.controller.TransactionsController.getTransactionsCount(org.zlogic.vogon.web.security.VogonSecurityUser)
2018-12-22 13:20:33.452  INFO 11736 --- [           main] s.w.s.m.m.a.RequestMappingHandlerMapping : Mapped "{[/service/transactions/transaction/{id}],methods=[DELETE],produces=[application/json]}" onto public org.zlogic.vogon.web.data.model.FinanceTransactionJson org.zlogic.vogon.web.controller.TransactionsController.deleteTransaction(long,org.zlogic.vogon.web.security.VogonSecurityUser)
2018-12-22 13:20:33.452  INFO 11736 --- [           main] s.w.s.m.m.a.RequestMappingHandlerMapping : Mapped "{[/service/user],methods=[POST],produces=[application/json]}" onto public org.zlogic.vogon.data.VogonUser org.zlogic.vogon.web.controller.UsersController.submitUser(org.zlogic.vogon.data.VogonUser,org.zlogic.vogon.web.security.VogonSecurityUser) throws org.zlogic.vogon.web.security.UsernameExistsException
2018-12-22 13:20:33.452  INFO 11736 --- [           main] s.w.s.m.m.a.RequestMappingHandlerMapping : Mapped "{[/service/user],methods=[GET],produces=[application/json]}" onto public org.zlogic.vogon.data.VogonUser org.zlogic.vogon.web.controller.UsersController.getUserData(org.zlogic.vogon.web.security.VogonSecurityUser)
2018-12-22 13:20:33.452  INFO 11736 --- [           main] s.w.s.m.m.a.RequestMappingHandlerMapping : Mapped "{[/error]}" onto public org.springframework.http.ResponseEntity<java.util.Map<java.lang.String, java.lang.Object>> org.springframework.boot.autoconfigure.web.BasicErrorController.error(javax.servlet.http.HttpServletRequest)
2018-12-22 13:20:33.452  INFO 11736 --- [           main] s.w.s.m.m.a.RequestMappingHandlerMapping : Mapped "{[/error],produces=[text/html]}" onto public org.springframework.web.servlet.ModelAndView org.springframework.boot.autoconfigure.web.BasicErrorController.errorHtml(javax.servlet.http.HttpServletRequest,javax.servlet.http.HttpServletResponse)
2018-12-22 13:20:33.468  INFO 11736 --- [           main] o.s.w.s.handler.SimpleUrlHandlerMapping  : Root mapping to handler of type [class org.springframework.web.servlet.mvc.ParameterizableViewController]
2018-12-22 13:20:33.665  INFO 11736 --- [           main] o.s.w.s.handler.SimpleUrlHandlerMapping  : Mapped URL path [/webjars/**] onto handler of type [class org.springframework.web.servlet.resource.ResourceHttpRequestHandler]
2018-12-22 13:20:33.665  INFO 11736 --- [           main] o.s.w.s.handler.SimpleUrlHandlerMapping  : Mapped URL path [/**] onto handler of type [class org.springframework.web.servlet.resource.ResourceHttpRequestHandler]
2018-12-22 13:20:33.667  INFO 11736 --- [           main] o.s.w.s.handler.SimpleUrlHandlerMapping  : Mapped URL path [/**] onto handler of type [class org.springframework.web.servlet.resource.DefaultServletHttpRequestHandler]
2018-12-22 13:20:33.705  INFO 11736 --- [           main] o.s.w.s.handler.SimpleUrlHandlerMapping  : Mapped URL path [/**/favicon.ico] onto handler of type [class org.springframework.web.servlet.resource.ResourceHttpRequestHandler]
2018-12-22 13:20:33.932  INFO 11736 --- [           main] o.s.b.a.e.mvc.EndpointHandlerMapping     : Mapped "{[/env/{name:.*}],methods=[GET],produces=[application/vnd.spring-boot.actuator.v1+json || application/json]}" onto public java.lang.Object org.springframework.boot.actuate.endpoint.mvc.EnvironmentMvcEndpoint.value(java.lang.String)
2018-12-22 13:20:33.932  INFO 11736 --- [           main] o.s.b.a.e.mvc.EndpointHandlerMapping     : Mapped "{[/env || /env.json],methods=[GET],produces=[application/vnd.spring-boot.actuator.v1+json || application/json]}" onto public java.lang.Object org.springframework.boot.actuate.endpoint.mvc.EndpointMvcAdapter.invoke()
2018-12-22 13:20:33.932  INFO 11736 --- [           main] o.s.b.a.e.mvc.EndpointHandlerMapping     : Mapped "{[/configprops || /configprops.json],methods=[GET],produces=[application/vnd.spring-boot.actuator.v1+json || application/json]}" onto public java.lang.Object org.springframework.boot.actuate.endpoint.mvc.EndpointMvcAdapter.invoke()
2018-12-22 13:20:33.932  INFO 11736 --- [           main] o.s.b.a.e.mvc.EndpointHandlerMapping     : Mapped "{[/auditevents || /auditevents.json],methods=[GET],produces=[application/vnd.spring-boot.actuator.v1+json || application/json]}" onto public org.springframework.http.ResponseEntity<?> org.springframework.boot.actuate.endpoint.mvc.AuditEventsMvcEndpoint.findByPrincipalAndAfterAndType(java.lang.String,java.util.Date,java.lang.String)
2018-12-22 13:20:33.933  INFO 11736 --- [           main] o.s.b.a.e.mvc.EndpointHandlerMapping     : Mapped "{[/mappings || /mappings.json],methods=[GET],produces=[application/vnd.spring-boot.actuator.v1+json || application/json]}" onto public java.lang.Object org.springframework.boot.actuate.endpoint.mvc.EndpointMvcAdapter.invoke()
2018-12-22 13:20:33.933  INFO 11736 --- [           main] o.s.b.a.e.mvc.EndpointHandlerMapping     : Mapped "{[/health || /health.json],methods=[GET],produces=[application/vnd.spring-boot.actuator.v1+json || application/json]}" onto public java.lang.Object org.springframework.boot.actuate.endpoint.mvc.HealthMvcEndpoint.invoke(javax.servlet.http.HttpServletRequest,java.security.Principal)
2018-12-22 13:20:33.933  INFO 11736 --- [           main] o.s.b.a.e.mvc.EndpointHandlerMapping     : Mapped "{[/heapdump || /heapdump.json],methods=[GET],produces=[application/octet-stream]}" onto public void org.springframework.boot.actuate.endpoint.mvc.HeapdumpMvcEndpoint.invoke(boolean,javax.servlet.http.HttpServletRequest,javax.servlet.http.HttpServletResponse) throws java.io.IOException,javax.servlet.ServletException
2018-12-22 13:20:33.933  INFO 11736 --- [           main] o.s.b.a.e.mvc.EndpointHandlerMapping     : Mapped "{[/autoconfig || /autoconfig.json],methods=[GET],produces=[application/vnd.spring-boot.actuator.v1+json || application/json]}" onto public java.lang.Object org.springframework.boot.actuate.endpoint.mvc.EndpointMvcAdapter.invoke()
2018-12-22 13:20:33.933  INFO 11736 --- [           main] o.s.b.a.e.mvc.EndpointHandlerMapping     : Mapped "{[/trace || /trace.json],methods=[GET],produces=[application/vnd.spring-boot.actuator.v1+json || application/json]}" onto public java.lang.Object org.springframework.boot.actuate.endpoint.mvc.EndpointMvcAdapter.invoke()
2018-12-22 13:20:33.934  INFO 11736 --- [           main] o.s.b.a.e.mvc.EndpointHandlerMapping     : Mapped "{[/metrics/{name:.*}],methods=[GET],produces=[application/vnd.spring-boot.actuator.v1+json || application/json]}" onto public java.lang.Object org.springframework.boot.actuate.endpoint.mvc.MetricsMvcEndpoint.value(java.lang.String)
2018-12-22 13:20:33.934  INFO 11736 --- [           main] o.s.b.a.e.mvc.EndpointHandlerMapping     : Mapped "{[/metrics || /metrics.json],methods=[GET],produces=[application/vnd.spring-boot.actuator.v1+json || application/json]}" onto public java.lang.Object org.springframework.boot.actuate.endpoint.mvc.EndpointMvcAdapter.invoke()
2018-12-22 13:20:33.934  INFO 11736 --- [           main] o.s.b.a.e.mvc.EndpointHandlerMapping     : Mapped "{[/beans || /beans.json],methods=[GET],produces=[application/vnd.spring-boot.actuator.v1+json || application/json]}" onto public java.lang.Object org.springframework.boot.actuate.endpoint.mvc.EndpointMvcAdapter.invoke()
2018-12-22 13:20:33.934  INFO 11736 --- [           main] o.s.b.a.e.mvc.EndpointHandlerMapping     : Mapped "{[/loggers/{name:.*}],methods=[GET],produces=[application/vnd.spring-boot.actuator.v1+json || application/json]}" onto public java.lang.Object org.springframework.boot.actuate.endpoint.mvc.LoggersMvcEndpoint.get(java.lang.String)
2018-12-22 13:20:33.934  INFO 11736 --- [           main] o.s.b.a.e.mvc.EndpointHandlerMapping     : Mapped "{[/loggers/{name:.*}],methods=[POST],consumes=[application/vnd.spring-boot.actuator.v1+json || application/json],produces=[application/vnd.spring-boot.actuator.v1+json || application/json]}" onto public java.lang.Object org.springframework.boot.actuate.endpoint.mvc.LoggersMvcEndpoint.set(java.lang.String,java.util.Map<java.lang.String, java.lang.String>)
2018-12-22 13:20:33.934  INFO 11736 --- [           main] o.s.b.a.e.mvc.EndpointHandlerMapping     : Mapped "{[/loggers || /loggers.json],methods=[GET],produces=[application/vnd.spring-boot.actuator.v1+json || application/json]}" onto public java.lang.Object org.springframework.boot.actuate.endpoint.mvc.EndpointMvcAdapter.invoke()
2018-12-22 13:20:33.934  INFO 11736 --- [           main] o.s.b.a.e.mvc.EndpointHandlerMapping     : Mapped "{[/info || /info.json],methods=[GET],produces=[application/vnd.spring-boot.actuator.v1+json || application/json]}" onto public java.lang.Object org.springframework.boot.actuate.endpoint.mvc.EndpointMvcAdapter.invoke()
2018-12-22 13:20:33.934  INFO 11736 --- [           main] o.s.b.a.e.mvc.EndpointHandlerMapping     : Mapped "{[/dump || /dump.json],methods=[GET],produces=[application/vnd.spring-boot.actuator.v1+json || application/json]}" onto public java.lang.Object org.springframework.boot.actuate.endpoint.mvc.EndpointMvcAdapter.invoke()
2018-12-22 13:20:34.036 ERROR 11736 --- [           main] o.a.coyote.http11.Http11NioProtocol      : Failed to start end point associated with ProtocolHandler ["http-nio-8080"]

java.net.BindException: Address already in use: bind
	at sun.nio.ch.Net.bind0(Native Method) ~[na:1.8.0_191]
	at sun.nio.ch.Net.bind(Net.java:433) ~[na:1.8.0_191]
	at sun.nio.ch.Net.bind(Net.java:425) ~[na:1.8.0_191]
	at sun.nio.ch.ServerSocketChannelImpl.bind(ServerSocketChannelImpl.java:223) ~[na:1.8.0_191]
	at sun.nio.ch.ServerSocketAdaptor.bind(ServerSocketAdaptor.java:74) ~[na:1.8.0_191]
	at org.apache.tomcat.util.net.NioEndpoint.bind(NioEndpoint.java:210) ~[tomcat-embed-core-8.5.14.jar:8.5.14]
	at org.apache.tomcat.util.net.AbstractEndpoint.start(AbstractEndpoint.java:978) ~[tomcat-embed-core-8.5.14.jar:8.5.14]
	at org.apache.coyote.AbstractProtocol.start(AbstractProtocol.java:628) ~[tomcat-embed-core-8.5.14.jar:8.5.14]
	at org.apache.catalina.connector.Connector.startInternal(Connector.java:993) [tomcat-embed-core-8.5.14.jar:8.5.14]
	at org.apache.catalina.util.LifecycleBase.start(LifecycleBase.java:150) [tomcat-embed-core-8.5.14.jar:8.5.14]
	at org.apache.catalina.core.StandardService.addConnector(StandardService.java:225) [tomcat-embed-core-8.5.14.jar:8.5.14]
	at org.springframework.boot.context.embedded.tomcat.TomcatEmbeddedServletContainer.addPreviouslyRemovedConnectors(TomcatEmbeddedServletContainer.java:247) [spring-boot-1.5.3.RELEASE.jar:1.5.3.RELEASE]
	at org.springframework.boot.context.embedded.tomcat.TomcatEmbeddedServletContainer.start(TomcatEmbeddedServletContainer.java:190) [spring-boot-1.5.3.RELEASE.jar:1.5.3.RELEASE]
	at org.springframework.boot.context.embedded.EmbeddedWebApplicationContext.startEmbeddedServletContainer(EmbeddedWebApplicationContext.java:297) [spring-boot-1.5.3.RELEASE.jar:1.5.3.RELEASE]
	at org.springframework.boot.context.embedded.EmbeddedWebApplicationContext.finishRefresh(EmbeddedWebApplicationContext.java:145) [spring-boot-1.5.3.RELEASE.jar:1.5.3.RELEASE]
	at org.springframework.context.support.AbstractApplicationContext.refresh(AbstractApplicationContext.java:545) [spring-context-4.3.8.RELEASE.jar:4.3.8.RELEASE]
	at org.springframework.boot.context.embedded.EmbeddedWebApplicationContext.refresh(EmbeddedWebApplicationContext.java:122) [spring-boot-1.5.3.RELEASE.jar:1.5.3.RELEASE]
	at org.springframework.boot.SpringApplication.refresh(SpringApplication.java:737) [spring-boot-1.5.3.RELEASE.jar:1.5.3.RELEASE]
	at org.springframework.boot.SpringApplication.refreshContext(SpringApplication.java:370) [spring-boot-1.5.3.RELEASE.jar:1.5.3.RELEASE]
	at org.springframework.boot.SpringApplication.run(SpringApplication.java:314) [spring-boot-1.5.3.RELEASE.jar:1.5.3.RELEASE]
	at org.springframework.boot.test.context.SpringBootContextLoader.loadContext(SpringBootContextLoader.java:120) [spring-boot-test-1.5.3.RELEASE.jar:1.5.3.RELEASE]
	at org.springframework.test.context.cache.DefaultCacheAwareContextLoaderDelegate.loadContextInternal(DefaultCacheAwareContextLoaderDelegate.java:98) [spring-test-4.3.8.RELEASE.jar:4.3.8.RELEASE]
	at org.springframework.test.context.cache.DefaultCacheAwareContextLoaderDelegate.loadContext(DefaultCacheAwareContextLoaderDelegate.java:116) [spring-test-4.3.8.RELEASE.jar:4.3.8.RELEASE]
	at org.springframework.test.context.support.DefaultTestContext.getApplicationContext(DefaultTestContext.java:83) [spring-test-4.3.8.RELEASE.jar:4.3.8.RELEASE]
	at org.springframework.boot.test.autoconfigure.SpringBootDependencyInjectionTestExecutionListener.prepareTestInstance(SpringBootDependencyInjectionTestExecutionListener.java:47) [spring-boot-test-autoconfigure-1.5.3.RELEASE.jar:1.5.3.RELEASE]
	at org.springframework.test.context.TestContextManager.prepareTestInstance(TestContextManager.java:230) [spring-test-4.3.8.RELEASE.jar:4.3.8.RELEASE]
	at org.springframework.test.context.junit4.SpringJUnit4ClassRunner.createTest(SpringJUnit4ClassRunner.java:228) [spring-test-4.3.8.RELEASE.jar:4.3.8.RELEASE]
	at org.springframework.test.context.junit4.SpringJUnit4ClassRunner$1.runReflectiveCall(SpringJUnit4ClassRunner.java:287) [spring-test-4.3.8.RELEASE.jar:4.3.8.RELEASE]
	at org.junit.internal.runners.model.ReflectiveCallable.run(ReflectiveCallable.java:12) [junit-4.12.jar:4.12]
	at org.springframework.test.context.junit4.SpringJUnit4ClassRunner.methodBlock(SpringJUnit4ClassRunner.java:289) [spring-test-4.3.8.RELEASE.jar:4.3.8.RELEASE]
	at org.springframework.test.context.junit4.SpringJUnit4ClassRunner.runChild(SpringJUnit4ClassRunner.java:247) [spring-test-4.3.8.RELEASE.jar:4.3.8.RELEASE]
	at org.springframework.test.context.junit4.SpringJUnit4ClassRunner.runChild(SpringJUnit4ClassRunner.java:94) [spring-test-4.3.8.RELEASE.jar:4.3.8.RELEASE]
	at org.junit.runners.ParentRunner$3.run(ParentRunner.java:290) [junit-4.12.jar:4.12]
	at org.junit.runners.ParentRunner$1.schedule(ParentRunner.java:71) [junit-4.12.jar:4.12]
	at org.junit.runners.ParentRunner.runChildren(ParentRunner.java:288) [junit-4.12.jar:4.12]
	at org.junit.runners.ParentRunner.access$000(ParentRunner.java:58) [junit-4.12.jar:4.12]
	at org.junit.runners.ParentRunner$2.evaluate(ParentRunner.java:268) [junit-4.12.jar:4.12]
	at org.springframework.test.context.junit4.statements.RunBeforeTestClassCallbacks.evaluate(RunBeforeTestClassCallbacks.java:61) [spring-test-4.3.8.RELEASE.jar:4.3.8.RELEASE]
	at org.springframework.test.context.junit4.statements.RunAfterTestClassCallbacks.evaluate(RunAfterTestClassCallbacks.java:70) [spring-test-4.3.8.RELEASE.jar:4.3.8.RELEASE]
	at org.junit.runners.ParentRunner.run(ParentRunner.java:363) [junit-4.12.jar:4.12]
	at org.springframework.test.context.junit4.SpringJUnit4ClassRunner.run(SpringJUnit4ClassRunner.java:191) [spring-test-4.3.8.RELEASE.jar:4.3.8.RELEASE]
	at org.apache.maven.surefire.junit4.JUnit4Provider.execute(JUnit4Provider.java:365) [surefire-junit4-2.20.jar:2.20]
	at org.apache.maven.surefire.junit4.JUnit4Provider.executeWithRerun(JUnit4Provider.java:272) [surefire-junit4-2.20.jar:2.20]
	at org.apache.maven.surefire.junit4.JUnit4Provider.executeTestSet(JUnit4Provider.java:236) [surefire-junit4-2.20.jar:2.20]
	at org.apache.maven.surefire.junit4.JUnit4Provider.invoke(JUnit4Provider.java:159) [surefire-junit4-2.20.jar:2.20]
	at org.apache.maven.surefire.booter.ForkedBooter.invokeProviderInSameClassLoader(ForkedBooter.java:386) [surefire-booter-2.20.jar:2.20]
	at org.apache.maven.surefire.booter.ForkedBooter.runSuitesInProcess(ForkedBooter.java:323) [surefire-booter-2.20.jar:2.20]
	at org.apache.maven.surefire.booter.ForkedBooter.main(ForkedBooter.java:143) [surefire-booter-2.20.jar:2.20]

2018-12-22 13:20:34.036 ERROR 11736 --- [           main] o.apache.catalina.core.StandardService   : Failed to start connector [Connector[HTTP/1.1-8080]]

org.apache.catalina.LifecycleException: Failed to start component [Connector[HTTP/1.1-8080]]
	at org.apache.catalina.util.LifecycleBase.start(LifecycleBase.java:167) ~[tomcat-embed-core-8.5.14.jar:8.5.14]
	at org.apache.catalina.core.StandardService.addConnector(StandardService.java:225) ~[tomcat-embed-core-8.5.14.jar:8.5.14]
	at org.springframework.boot.context.embedded.tomcat.TomcatEmbeddedServletContainer.addPreviouslyRemovedConnectors(TomcatEmbeddedServletContainer.java:247) [spring-boot-1.5.3.RELEASE.jar:1.5.3.RELEASE]
	at org.springframework.boot.context.embedded.tomcat.TomcatEmbeddedServletContainer.start(TomcatEmbeddedServletContainer.java:190) [spring-boot-1.5.3.RELEASE.jar:1.5.3.RELEASE]
	at org.springframework.boot.context.embedded.EmbeddedWebApplicationContext.startEmbeddedServletContainer(EmbeddedWebApplicationContext.java:297) [spring-boot-1.5.3.RELEASE.jar:1.5.3.RELEASE]
	at org.springframework.boot.context.embedded.EmbeddedWebApplicationContext.finishRefresh(EmbeddedWebApplicationContext.java:145) [spring-boot-1.5.3.RELEASE.jar:1.5.3.RELEASE]
	at org.springframework.context.support.AbstractApplicationContext.refresh(AbstractApplicationContext.java:545) [spring-context-4.3.8.RELEASE.jar:4.3.8.RELEASE]
	at org.springframework.boot.context.embedded.EmbeddedWebApplicationContext.refresh(EmbeddedWebApplicationContext.java:122) [spring-boot-1.5.3.RELEASE.jar:1.5.3.RELEASE]
	at org.springframework.boot.SpringApplication.refresh(SpringApplication.java:737) [spring-boot-1.5.3.RELEASE.jar:1.5.3.RELEASE]
	at org.springframework.boot.SpringApplication.refreshContext(SpringApplication.java:370) [spring-boot-1.5.3.RELEASE.jar:1.5.3.RELEASE]
	at org.springframework.boot.SpringApplication.run(SpringApplication.java:314) [spring-boot-1.5.3.RELEASE.jar:1.5.3.RELEASE]
	at org.springframework.boot.test.context.SpringBootContextLoader.loadContext(SpringBootContextLoader.java:120) [spring-boot-test-1.5.3.RELEASE.jar:1.5.3.RELEASE]
	at org.springframework.test.context.cache.DefaultCacheAwareContextLoaderDelegate.loadContextInternal(DefaultCacheAwareContextLoaderDelegate.java:98) [spring-test-4.3.8.RELEASE.jar:4.3.8.RELEASE]
	at org.springframework.test.context.cache.DefaultCacheAwareContextLoaderDelegate.loadContext(DefaultCacheAwareContextLoaderDelegate.java:116) [spring-test-4.3.8.RELEASE.jar:4.3.8.RELEASE]
	at org.springframework.test.context.support.DefaultTestContext.getApplicationContext(DefaultTestContext.java:83) [spring-test-4.3.8.RELEASE.jar:4.3.8.RELEASE]
	at org.springframework.boot.test.autoconfigure.SpringBootDependencyInjectionTestExecutionListener.prepareTestInstance(SpringBootDependencyInjectionTestExecutionListener.java:47) [spring-boot-test-autoconfigure-1.5.3.RELEASE.jar:1.5.3.RELEASE]
	at org.springframework.test.context.TestContextManager.prepareTestInstance(TestContextManager.java:230) [spring-test-4.3.8.RELEASE.jar:4.3.8.RELEASE]
	at org.springframework.test.context.junit4.SpringJUnit4ClassRunner.createTest(SpringJUnit4ClassRunner.java:228) [spring-test-4.3.8.RELEASE.jar:4.3.8.RELEASE]
	at org.springframework.test.context.junit4.SpringJUnit4ClassRunner$1.runReflectiveCall(SpringJUnit4ClassRunner.java:287) [spring-test-4.3.8.RELEASE.jar:4.3.8.RELEASE]
	at org.junit.internal.runners.model.ReflectiveCallable.run(ReflectiveCallable.java:12) [junit-4.12.jar:4.12]
	at org.springframework.test.context.junit4.SpringJUnit4ClassRunner.methodBlock(SpringJUnit4ClassRunner.java:289) [spring-test-4.3.8.RELEASE.jar:4.3.8.RELEASE]
	at org.springframework.test.context.junit4.SpringJUnit4ClassRunner.runChild(SpringJUnit4ClassRunner.java:247) [spring-test-4.3.8.RELEASE.jar:4.3.8.RELEASE]
	at org.springframework.test.context.junit4.SpringJUnit4ClassRunner.runChild(SpringJUnit4ClassRunner.java:94) [spring-test-4.3.8.RELEASE.jar:4.3.8.RELEASE]
	at org.junit.runners.ParentRunner$3.run(ParentRunner.java:290) [junit-4.12.jar:4.12]
	at org.junit.runners.ParentRunner$1.schedule(ParentRunner.java:71) [junit-4.12.jar:4.12]
	at org.junit.runners.ParentRunner.runChildren(ParentRunner.java:288) [junit-4.12.jar:4.12]
	at org.junit.runners.ParentRunner.access$000(ParentRunner.java:58) [junit-4.12.jar:4.12]
	at org.junit.runners.ParentRunner$2.evaluate(ParentRunner.java:268) [junit-4.12.jar:4.12]
	at org.springframework.test.context.junit4.statements.RunBeforeTestClassCallbacks.evaluate(RunBeforeTestClassCallbacks.java:61) [spring-test-4.3.8.RELEASE.jar:4.3.8.RELEASE]
	at org.springframework.test.context.junit4.statements.RunAfterTestClassCallbacks.evaluate(RunAfterTestClassCallbacks.java:70) [spring-test-4.3.8.RELEASE.jar:4.3.8.RELEASE]
	at org.junit.runners.ParentRunner.run(ParentRunner.java:363) [junit-4.12.jar:4.12]
	at org.springframework.test.context.junit4.SpringJUnit4ClassRunner.run(SpringJUnit4ClassRunner.java:191) [spring-test-4.3.8.RELEASE.jar:4.3.8.RELEASE]
	at org.apache.maven.surefire.junit4.JUnit4Provider.execute(JUnit4Provider.java:365) [surefire-junit4-2.20.jar:2.20]
	at org.apache.maven.surefire.junit4.JUnit4Provider.executeWithRerun(JUnit4Provider.java:272) [surefire-junit4-2.20.jar:2.20]
	at org.apache.maven.surefire.junit4.JUnit4Provider.executeTestSet(JUnit4Provider.java:236) [surefire-junit4-2.20.jar:2.20]
	at org.apache.maven.surefire.junit4.JUnit4Provider.invoke(JUnit4Provider.java:159) [surefire-junit4-2.20.jar:2.20]
	at org.apache.maven.surefire.booter.ForkedBooter.invokeProviderInSameClassLoader(ForkedBooter.java:386) [surefire-booter-2.20.jar:2.20]
	at org.apache.maven.surefire.booter.ForkedBooter.runSuitesInProcess(ForkedBooter.java:323) [surefire-booter-2.20.jar:2.20]
	at org.apache.maven.surefire.booter.ForkedBooter.main(ForkedBooter.java:143) [surefire-booter-2.20.jar:2.20]
Caused by: org.apache.catalina.LifecycleException: service.getName(): "Tomcat";  Protocol handler start failed
	at org.apache.catalina.connector.Connector.startInternal(Connector.java:1000) ~[tomcat-embed-core-8.5.14.jar:8.5.14]
	at org.apache.catalina.util.LifecycleBase.start(LifecycleBase.java:150) ~[tomcat-embed-core-8.5.14.jar:8.5.14]
	... 38 common frames omitted
Caused by: java.net.BindException: Address already in use: bind
	at sun.nio.ch.Net.bind0(Native Method) ~[na:1.8.0_191]
	at sun.nio.ch.Net.bind(Net.java:433) ~[na:1.8.0_191]
	at sun.nio.ch.Net.bind(Net.java:425) ~[na:1.8.0_191]
	at sun.nio.ch.ServerSocketChannelImpl.bind(ServerSocketChannelImpl.java:223) ~[na:1.8.0_191]
	at sun.nio.ch.ServerSocketAdaptor.bind(ServerSocketAdaptor.java:74) ~[na:1.8.0_191]
	at org.apache.tomcat.util.net.NioEndpoint.bind(NioEndpoint.java:210) ~[tomcat-embed-core-8.5.14.jar:8.5.14]
	at org.apache.tomcat.util.net.AbstractEndpoint.start(AbstractEndpoint.java:978) ~[tomcat-embed-core-8.5.14.jar:8.5.14]
	at org.apache.coyote.AbstractProtocol.start(AbstractProtocol.java:628) ~[tomcat-embed-core-8.5.14.jar:8.5.14]
	at org.apache.catalina.connector.Connector.startInternal(Connector.java:993) ~[tomcat-embed-core-8.5.14.jar:8.5.14]
	... 39 common frames omitted

2018-12-22 13:20:34.249  INFO 11736 --- [           main] o.apache.catalina.core.StandardService   : Stopping service Tomcat
2018-12-22 13:20:34.257  INFO 11736 --- [           main] utoConfigurationReportLoggingInitializer : 

Error starting ApplicationContext. To display the auto-configuration report re-run your application with 'debug' enabled.
2018-12-22 13:20:34.258 ERROR 11736 --- [           main] o.s.b.d.LoggingFailureAnalysisReporter   : 

***************************
APPLICATION FAILED TO START
***************************

Description:

The Tomcat connector configured to listen on port 8080 failed to start. The port may already be in use or the connector may be misconfigured.

Action:

Verify the connector's configuration, identify and stop any process that's listening on port 8080, or configure this application to listen on another port.

2018-12-22 13:20:34.258  INFO 11736 --- [           main] ationConfigEmbeddedWebApplicationContext : Closing org.springframework.boot.context.embedded.AnnotationConfigEmbeddedWebApplicationContext@46653199: startup date [Sat Dec 22 13:20:31 IST 2018]; root of context hierarchy
2018-12-22 13:20:34.260  INFO 11736 --- [           main] o.z.vogon.web.PersistenceConfiguration   : Unloading JDBC drivers
2018-12-22 13:20:34.260  INFO 11736 --- [           main] j.LocalContainerEntityManagerFactoryBean : Closing JPA EntityManagerFactory for persistence unit 'VogonPU'
2018-12-22 13:20:34.260  INFO 11736 --- [           main] org.hibernate.orm.connections.pooling    : HHH10001008: Cleaning up connection pool [jdbc:h2:mem:test]
2018-12-22 13:20:34.261 ERROR 11736 --- [           main] o.s.test.context.TestContextManager      : Caught exception while allowing TestExecutionListener [org.springframework.boot.test.autoconfigure.SpringBootDependencyInjectionTestExecutionListener@671c93a5] to prepare test instance [org.zlogic.vogon.web.AuthenticationTest@502bcb0f]

java.lang.IllegalStateException: Failed to load ApplicationContext
	at org.springframework.test.context.cache.DefaultCacheAwareContextLoaderDelegate.loadContext(DefaultCacheAwareContextLoaderDelegate.java:124) ~[spring-test-4.3.8.RELEASE.jar:4.3.8.RELEASE]
	at org.springframework.test.context.support.DefaultTestContext.getApplicationContext(DefaultTestContext.java:83) ~[spring-test-4.3.8.RELEASE.jar:4.3.8.RELEASE]
	at org.springframework.boot.test.autoconfigure.SpringBootDependencyInjectionTestExecutionListener.prepareTestInstance(SpringBootDependencyInjectionTestExecutionListener.java:47) ~[spring-boot-test-autoconfigure-1.5.3.RELEASE.jar:1.5.3.RELEASE]
	at org.springframework.test.context.TestContextManager.prepareTestInstance(TestContextManager.java:230) ~[spring-test-4.3.8.RELEASE.jar:4.3.8.RELEASE]
	at org.springframework.test.context.junit4.SpringJUnit4ClassRunner.createTest(SpringJUnit4ClassRunner.java:228) [spring-test-4.3.8.RELEASE.jar:4.3.8.RELEASE]
	at org.springframework.test.context.junit4.SpringJUnit4ClassRunner$1.runReflectiveCall(SpringJUnit4ClassRunner.java:287) [spring-test-4.3.8.RELEASE.jar:4.3.8.RELEASE]
	at org.junit.internal.runners.model.ReflectiveCallable.run(ReflectiveCallable.java:12) [junit-4.12.jar:4.12]
	at org.springframework.test.context.junit4.SpringJUnit4ClassRunner.methodBlock(SpringJUnit4ClassRunner.java:289) [spring-test-4.3.8.RELEASE.jar:4.3.8.RELEASE]
	at org.springframework.test.context.junit4.SpringJUnit4ClassRunner.runChild(SpringJUnit4ClassRunner.java:247) [spring-test-4.3.8.RELEASE.jar:4.3.8.RELEASE]
	at org.springframework.test.context.junit4.SpringJUnit4ClassRunner.runChild(SpringJUnit4ClassRunner.java:94) [spring-test-4.3.8.RELEASE.jar:4.3.8.RELEASE]
	at org.junit.runners.ParentRunner$3.run(ParentRunner.java:290) [junit-4.12.jar:4.12]
	at org.junit.runners.ParentRunner$1.schedule(ParentRunner.java:71) [junit-4.12.jar:4.12]
	at org.junit.runners.ParentRunner.runChildren(ParentRunner.java:288) [junit-4.12.jar:4.12]
	at org.junit.runners.ParentRunner.access$000(ParentRunner.java:58) [junit-4.12.jar:4.12]
	at org.junit.runners.ParentRunner$2.evaluate(ParentRunner.java:268) [junit-4.12.jar:4.12]
	at org.springframework.test.context.junit4.statements.RunBeforeTestClassCallbacks.evaluate(RunBeforeTestClassCallbacks.java:61) [spring-test-4.3.8.RELEASE.jar:4.3.8.RELEASE]
	at org.springframework.test.context.junit4.statements.RunAfterTestClassCallbacks.evaluate(RunAfterTestClassCallbacks.java:70) [spring-test-4.3.8.RELEASE.jar:4.3.8.RELEASE]
	at org.junit.runners.ParentRunner.run(ParentRunner.java:363) [junit-4.12.jar:4.12]
	at org.springframework.test.context.junit4.SpringJUnit4ClassRunner.run(SpringJUnit4ClassRunner.java:191) [spring-test-4.3.8.RELEASE.jar:4.3.8.RELEASE]
	at org.apache.maven.surefire.junit4.JUnit4Provider.execute(JUnit4Provider.java:365) [surefire-junit4-2.20.jar:2.20]
	at org.apache.maven.surefire.junit4.JUnit4Provider.executeWithRerun(JUnit4Provider.java:272) [surefire-junit4-2.20.jar:2.20]
	at org.apache.maven.surefire.junit4.JUnit4Provider.executeTestSet(JUnit4Provider.java:236) [surefire-junit4-2.20.jar:2.20]
	at org.apache.maven.surefire.junit4.JUnit4Provider.invoke(JUnit4Provider.java:159) [surefire-junit4-2.20.jar:2.20]
	at org.apache.maven.surefire.booter.ForkedBooter.invokeProviderInSameClassLoader(ForkedBooter.java:386) [surefire-booter-2.20.jar:2.20]
	at org.apache.maven.surefire.booter.ForkedBooter.runSuitesInProcess(ForkedBooter.java:323) [surefire-booter-2.20.jar:2.20]
	at org.apache.maven.surefire.booter.ForkedBooter.main(ForkedBooter.java:143) [surefire-booter-2.20.jar:2.20]
Caused by: org.springframework.boot.context.embedded.tomcat.ConnectorStartFailedException: Connector configured to listen on port 8080 failed to start
	at org.springframework.boot.context.embedded.tomcat.TomcatEmbeddedServletContainer.checkThatConnectorsHaveStarted(TomcatEmbeddedServletContainer.java:219) ~[spring-boot-1.5.3.RELEASE.jar:1.5.3.RELEASE]
	at org.springframework.boot.context.embedded.tomcat.TomcatEmbeddedServletContainer.start(TomcatEmbeddedServletContainer.java:195) ~[spring-boot-1.5.3.RELEASE.jar:1.5.3.RELEASE]
	at org.springframework.boot.context.embedded.EmbeddedWebApplicationContext.startEmbeddedServletContainer(EmbeddedWebApplicationContext.java:297) ~[spring-boot-1.5.3.RELEASE.jar:1.5.3.RELEASE]
	at org.springframework.boot.context.embedded.EmbeddedWebApplicationContext.finishRefresh(EmbeddedWebApplicationContext.java:145) ~[spring-boot-1.5.3.RELEASE.jar:1.5.3.RELEASE]
	at org.springframework.context.support.AbstractApplicationContext.refresh(AbstractApplicationContext.java:545) ~[spring-context-4.3.8.RELEASE.jar:4.3.8.RELEASE]
	at org.springframework.boot.context.embedded.EmbeddedWebApplicationContext.refresh(EmbeddedWebApplicationContext.java:122) ~[spring-boot-1.5.3.RELEASE.jar:1.5.3.RELEASE]
	at org.springframework.boot.SpringApplication.refresh(SpringApplication.java:737) ~[spring-boot-1.5.3.RELEASE.jar:1.5.3.RELEASE]
	at org.springframework.boot.SpringApplication.refreshContext(SpringApplication.java:370) ~[spring-boot-1.5.3.RELEASE.jar:1.5.3.RELEASE]
	at org.springframework.boot.SpringApplication.run(SpringApplication.java:314) ~[spring-boot-1.5.3.RELEASE.jar:1.5.3.RELEASE]
	at org.springframework.boot.test.context.SpringBootContextLoader.loadContext(SpringBootContextLoader.java:120) ~[spring-boot-test-1.5.3.RELEASE.jar:1.5.3.RELEASE]
	at org.springframework.test.context.cache.DefaultCacheAwareContextLoaderDelegate.loadContextInternal(DefaultCacheAwareContextLoaderDelegate.java:98) ~[spring-test-4.3.8.RELEASE.jar:4.3.8.RELEASE]
	at org.springframework.test.context.cache.DefaultCacheAwareContextLoaderDelegate.loadContext(DefaultCacheAwareContextLoaderDelegate.java:116) ~[spring-test-4.3.8.RELEASE.jar:4.3.8.RELEASE]
	... 25 common frames omitted

]]></system-out>
  </testcase>
</testsuite>